<?xml version="1.0" encoding="UTF-8"?>
<!-- Generated by org.testng.reporters.JUnitReportReporter -->
<testsuite skipped="0" hostname="LAPTOP-JEI8AS0O" name="testcases.LoginTest" tests="3" failures="0" timestamp="2022-06-26T13:09:02 EDT" time="22.719" errors="0">
  <testcase name="LoginUnSuccessful_002" time="9.264" classname="testcases.LoginTest"/>
  <system-out>
    <![CDATA[<img src="data:image/png;base64,iVBORw0KGgoAAAANSUhEUgAABVYAAAJcCAYAAAASBf/6AAAAAXNSR0IArs4c6QAAIABJREFUeJzs3deTXOeZ5/nve85JW5lZ3qAK3hAAQQOQhEiKRqIokeqW1KOdi57ejZ3diJ7dvZ5/Ynrvd252YqfXdGsnutUR2y1NjCg1KVIaSQABkgDhvamCK2/SZx7z7sXJShZQBZMgSFDS78MAC6iqc/I9J8vhh+d9HmOttYiIiIiIiIiIiIj8kSgWi5/7HM4jWIeIiIiIiIiIiIjIHxUFqyIiIiIiIiIiIiIdUrAqIiIiIiIiIiIi0iEFqyIiIiIiIiIiIiIdUrAqIiIiIiIiIiIi0iEFqyIiIiIiIiIiIiIdUrAqIiIiIiIiIiIissJPf/rT+76PglURERERERERERGRluVQ9X7hqoJVEREREREREREREVaHqfcKVxWsioiIiIiIiIiIyB+9u4Wod3u9sdbaL3JBIiIiIiIiIiIiIl8lxWLxc59DFasiIiIiIiIiIiIiHVKwKiIiIiIiIiIiItIhBasiIiIiIiIiIiIiHVKwKiIiIiIiIiIiItIhBasiIiIiIiIiIiIiHfIe9wJEREREREREREREHoejR492fMy+ffsAVayKiIiIiIiIiIiIdEzBqoiIiIiIiIiIiEiHFKyKiIiIiIiIiIiIdEjBqoiIiIiIiIiIiEiHFKyKiIiIiIiIiIiIdEjBqoiIiIiIiIiIiEiHFKyKiIiIiIiIiIiIdEjBqoiIiIiIiIiIiEiHFKyKiIiIiIiIiIiIdEjBqoiIiIiIiIiIiEiHFKyKiIiIiIiIiIiIdEjBqoiIiIiIiIiIiEiHFKyKiIiIiIiIiIiIdEjBqoiIiIiIiIiIiEiHFKyKiIiIiIiIiIiIdEjBqoiIiIiIiIiIiEiHFKyKiIiIiIiIiIiIdEjBqoiIiIiIiIiIiEiHFKyKiIiIiIiIiIiIdEjBqoiIiIiIiIiIiEiHFKyKiIiIiIiIiIiIdEjBqoiIiIiIiIiIiEiHFKyKiIiIiIiIiIiIdEjBqoiIiIiIiIiIiEiHFKyKiIiIiIiIiIiIdEjBqoiIiIiIiIiIiEiHFKyKiIiIiIiIiIiIdEjBqoiIiIiIiIiIiEiHFKyKiIiIiIiIiIiIdEjBqoiIiIiIiIiIiEiHFKyKiIiIiIiIiIiIdEjBqoiIiIiIiIiIiEiHFKyKiIiIiIiIiIiIdEjBqoiIiIiIiIiIiEiHFKyKiIiIiIiIiIiIdEjBqoiIiIiIiIiIiEiHFKyKiIiIiIiIiIiIdEjBqoiIiIiIiIiIiEiHFKyKiIiIiIiIiIiIdEjBqoiIiIiIiIiIiEiHFKyKiIiIiIiIiIiIdEjBqoiIiIiIiIiIiEiHFKyKiIiIiIiIiIiIdEjBqoiIiIiIiIiIiEiHFKyKiIiIiIiIiIiIdEjBqoiIiIiIiIiIiEiHFKyKiIiIiIiIiIiIdEjBqoiIiIiIiIiIiEiHFKyKiIiIiIiIiIiIdEjBqoiIiIiIiIiIiEiHFKyKiIiIiIiIiIiIdEjBqoiIiIiIiIiIiEiHFKyKiIiIiIiIiIiIdEjBqoiIiIiIiIiIiEiHFKyKiIiIiIiIiIiIdEjBqoiIiIiIiIiIiEiHFKyKiIiIiIiIiIiIdMh73AsQERGRB2OxNIMmxWaJ+doCc/V5lppFFhtLLDSWKDaKlP0ytaBOEAVEWABc45JwE6ScJN3JAvlkjpfW7efJ/l0k3cRjvioREREREZHfTwpWRUREvsJqQZ2F+iLT1Rkmq1NMV2aYbyxS9svUwzqNoIEfBTTCJoENCKKA0IZENiKyFgOAwTUOjnGYdKbY2buDyEa4RhtXREREREREHpaCVRERka+YZtik1CxzqzrFZHmKqeo0k5UppmrTzNXmqQRVGmETa5drUmkHqO0XdvV5jYmrVwfSfXSnCriO+6Vcj4iIiIiIyB8iBasiIiJfERZLI2gwXZ3lwuIlDt76iIuLlyk2iwSRjzEGBweMwWAwxm0fiQVjDMaY5ddgiWiHrVhc49Kf6eO5oWcZy617DFcoIiIiIiLyh0PBqoiIyFeAtRY/Cvhk6hgHbh3i5Nzpdq9UAM/c/Vu2tZYIS8J49KX6CG1ELahSC+vtWDW0lkIqx0sj+1mXGyHlpb6EqxIREREREfnDpWBVRETkMbNYZurz/O7mIT6dPsZE6RpLjWJ7e78xtCtRVx4T2YgI6E11M9Y1ymB2gJpf53r5BtWgctv7eo5Lf6qXl0b2U0gVMNx+PhEREREREemMglUREZHHrNQoc27+Ah9c/w3TlSnqQR3njsFSdsX/l6tTu5PdrOsaYTg7RG+6hyAKma8tUA/jStfl6DSyEf3pPnb27mBL9yaSTvLLvDwREREREZE/SApWRUREHqMwChkvXePgzUNcWbqMh7s6VLUWWlWrDg65RJbBzADbCpt5bmgvABeXLnNm/hSXlq4Q2QjHGLDtmle292zla+ueVwsAERERERGRR0TBqoiIyGNU9iucnjvL4alPcHFXbfmPWaIoDld7M718c+xVnh/ey2Cmn+ulm/xi/H2Oz52kHtRa4etnA6tCIgqpAtt6trCzd/uXeWkiIiIiIiJ/0BSsioiIPEbn5s9zcfESzbCJ57gAGOJN/9ZaQkJSboqRzDDPDOxhT/8uxnLrqAV1fnPjAJ9Mf8r18i3qQT2ubCWuULVARERoQ/YPPcfu3p2kXFWrioiIiIiIPCoKVkVERB4Day1BFHBu4SLXSjcwxrQHSlks1locx2V91zo25jeyo2cbT/btZDDTz3jpOsdnT3J0+jjXytcJojA+fkULAWstnuPRn+zl2cGnWJ8fXdViQERERERERB6eglUREZHHILQRZb/CeOk6M7U5HONgsWDBGIdMIsVApp+Xhl9g3/CzrM+NYbFcXrzKLyd+xaezJ1hqLOEZb41BV3HbgK5ElueG9rKtewvdqcJjulIREREREZE/TApWRUREHgM/bHK9eINis0hgw1Y4agkI6U3m2dO3mz/b+ieM5UfJehlKfpnTc+f4T2d/zHRtBj/08cza38Zt6+VQZpDvbXmbgUxfuxpWREREREREHg0FqyIiIo9BM/K5Xr5J1a9ibYQ1cSC6d+Bp9g0+w+7+nWzMbyDtpbhWusGR6WP89uaHzNRnCWzQGnJ1e1i6/KcgCtnavYVvrn+Vka5hkm7iy748ERERERGRP3gKVkVERB4DP/K5VZ2kFtZxHZfBzAB7+nfx/NA+tvdsZTDTD8C14g1+d+tDDk1+wkTpGhAHqMsDqpbFA68soY3oS/fyVP9unh/eR9rTwCoREREREZEvgoJVERGRxyCIAmZqswAMZ4fYN/gMb274JmP5dWS8NEEUMFub49Dkx3x46yOuFMdJOHHlaRyi3i7uq2rwnAS7+3by7OBTDHcNfrkXJSIiIiIi8kdEwaqIiMiXzGKph3VuVibJJ/K8OPIC3938Jr3pnvb7FBtFPrx5mP9y9Rcs1BdJOIl7dkkNbYRnPIbSA3xr/evsHXxafVVFRERERES+QApWRUREvmRRFJEwCfb07mZn33a2924jn8y1336zfIuPJo/y0ys/p+JXcY172/H2jt8FUUjGS7OlsIl/uf0HbO/diufqW7yIiIiIiMgXSX/rEhER+bIZyCfzvDz6Ncby6+hOFdrh6WJ9iWMzp/jdrQ+Zqc3iOV5rUFVruz9gbfw7i8XBMJgZYGfvDp4beoY9/bvJJDKqVhUREREREfmCKVgVERH5krnGJZfM8eTALlzjAMthqeXs/HkOT37C2fnzeK2wdTlIdYzBGEPSTZB0kmS8NIVUnm3dW9k/vI8n+3aR9lLtIFZERERERES+OApWRUREHgPHGFhRVWqx1Pwa74y/x8m504AlwoK1RLa1+d84JJwUw9lhthQ2saN3G3v6djHUNUjGS6tGVURERERE5EukYFVEROQxs9YyW5vjV9d/y1RtllQiS392iJ5kDz2pPH3pHrqTBbqTebpTBfrSveQTObKJDFkvS8K992ArERERERERefQUrIqIiHwFJJwEo13r+P6Wt3CMS9bLkvEyZL00GTdJ1k2R9tKkvQxJL4Xn6Fu4iIiIiIjI46S/lYmIiHwF5BJZnunfRSKKSAQNnGYV0yhj60WioAE2AmMwbhKTSBMlMpDMYlI5TCILXhJa/VpFRERERETki6dgVURE5HOJ+6BiLRBhrcUYB5Z7qN7RS3UtBkhgcI2DLU/B7CWiqTPYyXPY8hyRX8FGAda4OMkMpqsfCiOYvg04g09gejbg5AYxySw43orHFRERERERkS+KglUREZGHZS02qGPrRWxlFluegTDAJLOY/DCkCzjJrria9F5b9yOfqHiL6OYxwuvHiGavEJWmoF7GBo04tDWAcYmaFUxlATt3FSY+AS+N6erHHdyKO/Ik7ujTmMJoHLKKiIiIiIjIF0bBqoiISEcs+HWi8gzh9Hmi+XFsaQpbW4JmNd6y7yYg1YVJdmEy3Tj5IZyeMUzPBkxXP8ZL375t37iYdDfO4A5I5DDDu3HqJUyjRFiZx1bmsOUZovIsNMpEUb11nAEcTHUeW54mmr1MOPEJztAOnJEncYd2YtKFx3KXRERERERE/tApWBUREXlQQSMOVGcvEc1cILxxjGjuKrYyD2GwYvt9qzWA42DSBUx+ELdvE87ANkzvZpzuUZxCXNFqHBccF5PpwWR6cAZ3QhS2KmFLuJVZouIk0eINosVr2OIUtraArS7EYW4UYf06+HXC4hThzZM402dx569iy7O4w7sw+SFMIqMerCIiIiIiIo+Qsdbax70IERGRrzRrwUZEi9cILv8W//TPCSfPArT6qd4lsGx/i42PB4vp2YC78Tm8ba/ijj6DSeUxXpL79WGNw9YaUXGKcPIk4cQnhNeOYKtLEPnth4lfRoDB6R7Be+INvF3fxunbHA+5UrgqIiIiIiJCsVgE4OjRox0fu2/fPkDBqoiIyH3ZZpVw6jT+kR8TXD8GjRI2ioA749CVg6ws7SFS7UpWA8bBuIm4RcDQDrw9f4q3fi8m2/8AC4mwUQihj22UsMVJwpsn8M+/TzR5FsLm7b1cjYPxkpjBrSR2v42341s4ucFHck9ERERERER+nz2KYFWtAERERO4hKt4ivH4E/8y7hJNn4+33gFkOS63FWttqd+ph0jlIdsV9VKMA/Bq2UcH6VQhDIMCGPjZsYv1aPPhq7grejjdwBrbdezHGwbgOuAmMl8Km8piuPpyeUYKJTwivf0o0exkbRfH6bIRtVrGzl/FPvYMtz5F4+vs4+RFwk1/ofRMREREREflDp2BVRETkLmx1gfD6UYLTPyecOIKNAgyfVaBaG+G4SUw6j9O3EdM1gMn2YTLd7WDVNsrY+hK2toitl+P+qJV5bHUxPn9tMa4+tREJx8PkhzGJ9P0X57iYZDb+1TWAyQ3j5IcILv2WaO4Ktl4CDDgutlkjmj5P0Khgkmm8XW/j5Idvr24VERERERGRjuhvVCIiIqtYbBQSTJ4muPhr/EsH4mrU1rb+dhcdx8PkBnFHn8R78m3c/u2YdDd4qVYvU4sNffCr2EaRqDRLOHmG6MYxosnTcSVr0CCavkhQL4NxSOx6C7pHMR2EniaRwV33JE7PGKYwjH/8p0STZ7CNavx2DEQh0cI1Gp/8GHLr8Da9gJMb4L69XUVERERERGRNClZFRETuYKOQqDiFf/wnhOOH4spOc0cAGTbxhp/C2/0W3vbXMV2DGDfRClSXq1pNPJjK8SCZw8uN4A7uwG5/jWjuMv6Vg4SXD2KXbmHLM/iH/19MuoC37VVMYbTDVRtI5fG2vo6TLuCfegf/7HvtQVbxmsDWlvA//hHGgLPz2+AmHsk9ExERERER+WOjYFVERGQlG0JtEf/4PxJNn8U2axjjxG8zJu5fmszgjOwi8cy/wF2/D6cweo9t9fF2fIMb/8lLYRIZSOVJ5keIhp4gGP+E8PpRouIk/plfYFI5nJ0DHfdBNY4LySzOyJO4fgMb1AnO/7pVlGqwFgyWaG6cYOJjTGEd3vq9D32rRERERERE/pgpWBUREVnB1ksE0+cIL/2WqDwXV56uGFRlXBdTGCGx50/xNr+MyQ+1qlQ74CZwsn2Q7cMpDMd9VVM5gvFDcVuAG8dxRp7C7dv4UNdg0j14Y8+AXyNamiSanwC/jnGcuI1BUCe6dZKwMII7uB0SmTiUfYTigV6fr82AtRZLq972c57rUYpaw8G+7DV9Fe6HbQ1rA3CcDj/u/0hZLFEUYY3FNW7cmuMLEtkIi8VgcDr9uiQiIiIiHVOwKiIisiwKiRavE174FdHSTQgDzMrwyEaYbD/epudJPPWDuKL0c4YXJtMXB7TdY9DVS3D6n7Hz44Q3j+H2bljdguBBz5vtx9v0IoQ+/kf/iWhholWxCjge4ewVSB3G3bQfd/AJSGbXPI+1liAIbgtKoyjC8zwcx7kt4Gs2m9RqNcqVCn6ziZdIkOvK0d1duG8QuPw4jUaDer1Bo9nAbzaJWo/ruS6pVIp0JkM6lSKRSDx0uBhGEVEYEUUhruvGjwG4rntbWGhtHIg1m01q9TqNRoNGo0EYhriOSyKRIJlKkkmnSaVSeJ73yALPMAxpNps0Gg1q9TrNRgM/CIiiCNdxcF239cvDcR1cx8FxXBzH4DgOjutio4gwjOKwzVoK+Xz7eXsQ1lp83//s+usNfL9JEIZgwfNckskk6db1p9NpXNd94HsQ2YhG2IjD4lbb4ogICySdBMkOK7ZXrrseNrA2aoeYoY3DcM/xSLlJLJYgCmiGfiuMjDA4OMZgjEMYhfHzT9QOkpfDdAcHz/FwjYvnuPcNMKt+jbnaPLWwxkCmn0IiT+IRt+Cw1hLYgNnaPBW/Qj6Zpz/Ti2f0o76IiIjIF0k/bYmIiCzza4STZwjOvAehvzrUtBZ35EkSe76P8dIPHXqu4ni4vZtw9v8PGMclHP+Y8MpB2P3dtfu7PiCT6cF74k3CiSNEtQWoLn4WBFuLLU0RXvgVbve6NYNVa8H3A6amp8FavEQcHJbLZQYGBsh1deF58Y8SYRhya3KSEydO8uGhQ0xNT9Hf18/XX36Zt99+i+Q9gtDlUHVqaoorV69y7vwFLl++zNLiIo1mE8dxyOdybNq0iT179rB9+zbWrVtH4iGDzHq9TrlUplarkslm8X0fxxhyuRy5XK4dPEZRRKVS4crVq5w9d45z588zNTlFvd4gmUzQ39fH2NgYzzzzDFu3bGFgoJ9E4tEEZsViies3rnPhwkVOnTrFtevXWSoWCXyfZCJBLp+nK9tFPp+ju7ubrlyOdCpNJpMm29VFPpej2WxSLpepVKs0Gw3e+s53GB4eJpW6f2AZh6oBMzOzXLl6lTNnz3Lm7FkW5uepVqpYLPlCnuHBIXbs2METTzzB9m1b6e3tI5l8sHvQDJtcWrhCM/LxWpWcRb+MxbKpsIHR3Aiu6ayS2lpLM/S5sHAZP2yQdJI4xmHJL+Eal6HsAFu6N2GtZbI8zWRlilpUpx7USDpJMm6ahJOg1CzTCJs0omYc0mJJOQk8J0EmkWEw009/qo++TA9pL3339WC5Wpzgv1z+Zy4tXebtjd/iayPPs74w1tF1PYi52jz/cO6fuFy6wksj+3lr07foS/c+8scRERERkc8oWBUREWkJ568SzV7CNiutvqgt1oINcfo24I48idu78dGFqsscF5PMktj1FiaVw1aXsEETk3Af/rFa53S3fp2oPE1w9TDGawVVxoHaEsH4R3g738TN9K0aZGUMzC/M8+Mf/5jx8XFq9TqO4xCGIf/L//w/8fRTT2GMoVgq8ctf/pJDhw5z8eJF5ubnqdfrjI6OsnXLllWVrcustczPz3P69BkOfniIi5cuMjc7S6lcol5v4Ps+YRgS2QjP9Th2/Di/+vWvGR0d5cknd/Pmt95k/foxurJrV9vezY0bNzlw8AAffPABmXQGPwjYsGE933j9dV568UXS6TSTU1OcOHGS9375Hjdu3GRubpZSuUyz0QTAdZx2teYHH3zApk2beO655/jWt96gr7f3oQLWer3OzVu3+Ojjjzl06DA3b96gUq5ggY0bN7Jt61ZSySRBEDI1PcWFC+cplUq4nkcymSSZSrWrZ5vNZrvqNYoiHMewf/8LDA8P3Xcdi4uLnDl7joMHDnDpyhWmJicplkpEUcS6daMMDA7gui71ep1Tp09z7PgxMukM/f39PPvss7zw/PPs3LmT7u7CPR+n4lc5OnOC84sXqQd1jIFmGNCf6eXtTW8yllvX8T20WEIbcuDWIa4ujceVqMZQDxtsyW/ia8PPtYPVMwvn+M2NA5T8Moa4GtXFIe2mGMgM4BiHMIqoR/V2xam1Fs9JkPZSZNw0mwubeLJvF08N7CbtpVZVr0Y2otQsca10nbn6HIenPqGQKrAuN4L7CNtvLDaWuLBwieNzJyk2i8zXFig3KwpWRURERL5gClZFREQAopBw5gLhzEWsjcCuDAMt2AhneDfO8C5IdBbkPTDj4PRuwrOWqDqPcR++WnXlOd2R3YTXP8Xc+BSiz7Y1R0Eds3iDaPEGTs8GTKZn1eGNRoMrV69y9OhR5ufnSSQSpNIparU4ZJqZmeXX//W/8s4773D23Fnm5xcwxhCGIYODg/F29Tu2ni9vMT995gzHjh3j40+OcP78BTKZDL29PWzYsAGvFUxaG1eNTk1Nc+XKFa5du8aVK1e4evUq09MzvPHGN3n26afp6Vm99rvx/Sa3bt3idwcOkEqmCMOQvXv38tKLLxKGIRcuXOR3Bw9y8OBBTp48iTEOmUya7kI3BkOlWmFpaYmFhYW4RYLjMD4xwY0bN1hYWOC7b7/Nhg3rOwpXi8Uix44f58DBgxw9epRz587R39/P9u3b2bZ1G9u3b6e3t4dUMhVX905Pc/nyZU6ePMmJkyepVMpksl1s2byZrVu20NXVRbPZJGi1DwBLNpO9Z9VwGIZcuXqVY8eOc+DAAY4fP87s3Bx9fb08seMJNm/ezIYNG+ju7sZ1HSrVKtevXWd8fJwrV6/yuwMHuHb9OpevXOGVr7/M119+mf7+/nZV851CG7LUWOJqcZzFRhHHGCIbEdqNNMLGQ/cidRyHhfoCV0vjVP0ajjGENiLrZqiG9fidjGGpUeJ6+RZz9Tk84xHakHyii82FTWzt3kLKTYKJK2sXGovM1Oa4VrrBZHWKil/BNS43K5NMVadZaCywb+hZ+jK9eCuqbMMopBbUWGoWCaKQ8dJ1Li1d4ZmBPQxmBx5J64jIRtwo3+ST6U+Zry/gRz6VoEqpWf7c5xYRERGRe1OwKiIiAhDUiOauEC1MYFZuP7Y2DjfdBO66J3EGtj76atWVjIPTvxWnf+sjO6WTH8bpHsVkeloDuVqhcRRh/Sbh7CXc4V1rBquu45LNZnEcJw7oDBTyebq6ctRqdU6cOsnf/uhHTExMYK0ll8thraVWq9HV1UVXV3ZVT8+m7zM5OcnP3nmH3/32dywVi4yNjfH666/z1J49jI6ui0PJ1rCm+fl5Tp0+w7vvvsuFCxcolYpcuHCe8xcuUC6XyaQzvPD8cw/cOzSbyZDr6sLYeLt/GIak02n6+vpZKhb54Fe/5t1332VmZpr1Y2Ns2ryZkeER8oU8UavlwcTEOBMT15iZmSEMQ5aWljhy5AjnL1ygUCjwZuZbjIwMP3Bv2ZOnTvFPP/kJ7777HuVyiZHhEb75jW/yJ3/yXfY8uYdkMrGq/+vi4iKHDh/m7/7+xxw9egTPcxkeHuaVV17h9ddeww98giDA930ajQZDraD7bmu4efMmv3z/fd577z2OHz+BMYb16+Pn5ft/+j12795NOp26bR21Wp2JiWscOHiAf/iHf2B8fJyLFy9y/do1sPDaa6/S09OzZrjqGIeUl8Q1Lq5xWlWjkHLTeObheugaDJ5x6UpkSbkp6kGjVUVqcIwHNj6nMYa0lyLrZVjAif/txFoKyQJP9+/mrc3fioPV1v1pRj4z1VmOzhznw1sfcXbhPNZGTFanmK/PM16coJAskHKTdKc+q9T1Q5+aX6cRxuuoBFWulW9wcfEyvemeR9JrtRrUuLx0laPTJ9o9iWtBjbKvYFVERETki6ZgVUREBIhK09ilW1BbWh2cGheTLmC6xzDZ38OttV4KkxuE/AiUZmkXAhoDJiK8dQa7+SXo2wR3VAm6rkt3oYDnuvE2aNejp7uHhOdx5uxZ3nnn55w6dYre3l5GRkbo7u7GDwImJiao1WqUSqvDnXKpxAcffMD7779POp3m3/zlX/Ldt9+iUCiQTCbbwd1ysLZh/Xp279rF8/v28df/51/zm9/8llK5jAE++OADhgYH2fPkbrLZu1dkrmRag55c120NK4p/1ep13vvl+7z73rtkuzL82//+3/Lc3n10d3eTSiXb5w6CgOmZGT7++BP+41//Nbdu3WoPOKpUKvztj37EwEA//f1vkEzeu59pEATMzc3zf/zHv+bIkSM0m00whh/+8If86Z/+Cbt27lwzlDTG0N3dzauvvkqhu5t/91d/xbWJaxw8eJClxUWeefpphoaGSKWS8XAoPhu+dKc4pF3iR//p7/jVr37F9evXSCQTJBJJ/uJf/QVvvfUdxkZH1xxMlU6n2L59K/0DfWzbtpV/91f/K+Pj4xw/cYKZmRlyhTzPP/ccfb1rf94Y03oOVrwu6Xgk3If8EdUAFoxxcIyD0zpzZCOSjkem1Q/VACk3SdLxiIjarQCMMUSr1mhIuglGcyP0prtZlx3m/zr9I2Zqs9jQEkYhk7Vpjk5/Sl+657ZgtR42qAY1/MhvP+6N0k0OTx3hmaGn8FzvoStzl11dmuDi4hUWmgskHA8bxVW2Vb/2uc4rIiIiIvenYFVERAQI565iG6V4krjz2bfH+M8pzMAWnK5ejPNop3l/WUwijZPO3xEatSKd0i2i6gJOGGDuqKBzHEM6lWoFahbPc8lkMly6dInTZ85DygA9AAAgAElEQVRw5swZ/uwHP+DFl15kbHSMbDZDGIZMTU3TaDTYvGnTqrWEYcji4hL79u5j165dvPWdb7fbBqwV/DmOg+u6bNmyme9973tEFn72s5/heR6VSoWzZ89y6PBhXnv11Qfafp9MJEmlUkTW4hBPt7954wY/+clPuHLlCs88/TTf+MbrPPXUU/R0d+N53qpq0dFEgle+nqRQKPC//ft/z7Vr1wjDEGMMN27c4MyZs+zYsYNtW+9eeWytZWlpiX/8p39ifHycer1OKpViaHiYl19+iU0bN951G/3yfclmMmzZtIkffP/7/OM//hNXr17l6vhV/vf/8B/4N3/5l2zbthXnPmHz9PQ0vztwkAO/+y3T01NEUURvby//6s//nFde+TrDQ8N3XYcxBtd16enuZveuXbzxxhu8//77XLlyhZnZWf7mb/6WZCLB119+edVz4xqXvlQ3xjhExM9FaEPSborE55hm7xiHjJvCa4WmLm5cdO44OM5n98K2KqIdHIyBVs0smNVR53LwmvEyjOXW8frYK7w78T6z1bn258bZxYs8ObCbbT1b8FpfQxphg1pQI7QhTuu/kl9mvDjBlYWrbO/b1g57O2WtxY98jk4f58LiJYw1rYDf0IiaVPzKQ51XRERERB6cglURERHALl2H5l2CCC+J278Zkrkvtg3AFymRxqS6bnuVAbAQVeax9RKEzVUDrCzgBwHGmHY7gKXiEr/4519gjMO+vXv54Q//Bdu2baNQKLT7qVZrNaqV6poT4hOJJBs2buSpp55i69YtjI3df0K6MYZsNsveZ/dy69YtDh06RKlUIgxDxicmOHDgQ/a/8AKe592/atXEgbHbHqplmJ6ZoXn0CFu2bOGVV77O1/bvJ5fL3XUt6VSKdevW0dvby6nTp3nv3Xe5fOUKnufRaDQ4eeokO3c+wdYtW+66niAImJya4p2f/5zFhQUAcrkcL730Ilu2bLnr46/kOA49Pb289uprHDxwkGsTE5RKJd7/4H1effUVBgYG6OnpvuvxzWaTs+fO8ZOf/JRr16/TbDbo6uriiR07ePvtt9i0cSPpdOq+6/A8j97eXr75jde5euUKExMTBEHAkSNH+GTvXtavX78qZDbG4Dleqw0AxNv1HTBmecd+52wcgqbcJAnj0coZcXCwQESrx3DrsVYOm4qsjVtfuBnurNxe5hiHQirP7t4n+O3Ng8Q5rAELM9VZFhtL+JHfDlbrQYN60ABr4y8dxhBGAXONeQ7e+oj+bB+pruFVQ68ehB/5XFq8yvnFC8zUZuJz2Hjl9aBOJahgsZ+7IlZERERE7q7zn+JERET+ANnyDLZZZ81AxfEwuSFM4uEqy74S3AR4abDxIKM2Y8CvQ7OKDZqrDrNRRKPZbIWRLr7vMzU1xdFPj9HT082//G9+yNf276e/r49Eq7LTcRxyXV0MDQ2uOVQqm82w95lneOGF59m0cWNHl9HX18umTZvYvHkzTisYnZ+f5/yF81SrNcLwzo3cqy1X9Tkr+o02GnUa9Qbf+fZ32LNnzwOHmtlslm+98QZbt25tB6iu6zAxMcHly5cJw/Cux1erVW7dusX58+epNxoA5PN5Xn7pJfK53AP3GE0mk2zauJGBgQHSmQxRGDE7O8vZc+eYnJy857Fzc3OcOHGSwx8dJggCrIX+/j72PfccGzduJJ3JPNAa4ut22bVzJxs3biSbzWKtjUPmkyc5ffpMa4jW7YKotQ2/9SOpQ1y9ald+jHZg+Z45rT7CK++gbf8vlnQSJJ0EkY2wthWsGpecl7lnFOkal+5kgaSbpP31whhCGxBGAeGK62yEDepho/2wpvW+taDGx9NHmaxM0wz9jq/TWks1qHF48mMmK1P4od9uawFxoFvyK/G1PeS9FBEREZH7U7AqIiJCq2ozXB0sGmsxxsFk++H3tA0AEG/x9xKtYHX5lfHWYRuF2GYF1urJaAxeIoFx4hAy8AOKS0X6+/rYu3cv+/bt63gtqVSKbdu20tPdveYwpXtehzH09fayY/t2PM8FLH6zSalUolKtEkZ3DzKXJZPJ23qfWmtJJJIMDw+zf/9+hoeGOlrTjh3bGR0bJZVOYa3FcVwWFhaZnpmh0WisGSgCFEslbk1O4vt+67g4qN2+bTup1P2rRJc5jiGVStLb2xsPDyMOwU+dOs31G9fveey58+c5ceIEQRC0Xze6bpRXX/k6yUSio1pHYwyFQoENG9YzNDiIjSI81+XsuXOcPnP6tsf47Jh4sNTyA1nAMwkc09nHxZ3rCGzYvg8QV6qmnCQZ97N/HEm5SZJukqjVIMMQB7Ku492zMt0xTrsidXnN2DhwdVqDuJbVgwaNsHFbuGkw+GHAjepNrpWus9RY6vga/chnrjrHB9d/y3xjsX2drRtAPWpQbJTizwflqiIiIiJfGAWrIiIigPVr2Gh18NPOfMLm7aHk7xkb1OPg1Lisrso10Chi66sDHoNpDdhpnYe4R+rLL7/Mrp27Og5GH4VkMkVfX9+KUM4QRRGNRv2eFaLLEl6C5Ip+n1EUUSgU2L5jB/l8ruNrSqdSjK4bZXRktP34vt+kUa9Trzfag63uVClXmJ6awXE+G5zkee5tg7Ie1HIom0oth7uG+fk5lpaKawa71lqazSYXL1zg0qVL7WtOp9MMDg4yNjZ2W1/ZTtYxMDDI0PBw3MPWdSmXy0xNTTE/v3DbWhziXqjLPUoxEBGRcj0SnyNYBXCdBI5xsK3N/9ZaEo5H8o5WF3FNa6vS2HGxWGphHe7ynEEcas7W5vFDP153a+1DmSH6Ur0kvc9C8YpfpRJUMZgVrQji7fkuLgcnP+LswgXCDr+2TFdn+GjqKNUgrkoFWnW+thXc+lSDKo2w2fG5RUREROTBKVgVERGBFRVqtwcqFrBRQFSdh4fYsvuVEfjxlv81A7u4apU1qj2NoRW62XZA6Lgu27dvY2TdyBe75rtIJpN0dXW1LuWz5yuK7ANV53mei7ciWLXWks/n2bp1K+lUuuNQ0/M8Bvr7GRwcbN+jMIxo+j71ev2uwWqj2aBSrbQCYpb3iXf02Cs57Z6xcdVmrVan2WwQ3eXxFxcXuXHjJnNzc7iuSxRF9PT0MLJuhN7eXsxDBKsAPT3d9Pb2xnmjMTSbTYrFEvMLC7fdC2MMSTcRh46tsk/b2o7/MD1HV/KM1w4zW2fGdVy8FUOxAhsR2LDd43W5cUB4n83zFb/KmYVz1MK4wnu5tcSe/t2M5ta1K1YtlpJfotws4xhDykuSdtN4TgKwOMZhvHiNS4uXma7MPPC11YM6V4vXODx1BD8KSLspcokukm6K5Y+fIAqoh3F/V7UCEBEREfniKFgVEREBcBKfBVy3MdgowBZvYdfaKv/7ImwSNaqrXm2I2x1g7xK/GIPjtipDiberZzIZBgYGyXV1rXXEFy6y0WdVeq1FG5aDxfsfb629I+y05HJdjI2N4XkPN9czn8/T3V247XXL4erduK5LYuXjtQYP2bs9F3exHKYGQUAUhu17sDwsaa2gOIoiZmZmmZubo16vY1ptIfr7+hgeGiaVTD5UxGutpasrRz6Xv+2xGo06peLt1bMG8Izb+siy2FYu7uB87oFL7vIgrBXPc7zN/7NK2MAGrWDVbd2sVu/de4S6Vb/KjdJNPp05TrlZxQIpL8Vo1wj7Bp9mODsY3wcsURRRbJYoNUs4xiGfyDGWG6Uv3YvF4mCo+BWuFMe5sHCx/TF9P1PVGS4sXuTi4mWiKGJ9bowNufXkE7n2ZUQ2wo986mHjgc8rIiIiIp1TsCoiIgIYL4VxvDUCHQOhTzQ/Ds3KPbcIf2VZi23WoFFe++2OCzbE2DUqVgG3VQlprcV1HfL5PLmurtv6lH6ZKuUyN2/eJGyHiBaMwXWdB6o2bTQa1GsrQ3JDJp1haHAQ1324H40SyUS7x+rKtPde68nn84yMjBCGYTvstdaSTCRxOqiatdYSWUulUqFeXx7AZshksqSSqTXPFUWW6ZkZSuVyu6LVRhH5Qp58IX/XKtsHkcmkyWTSraFQ8Xl8P6DeqN/xnua2fqTLnEdQseq0qlDjqJRWaG1wVn1+2xXNAJafr7U/jiIbMVG6zuGpI5xeOEctqBHZiMHMAN/b/BZP9G2nkMovnxY/8llqFikHFRzjMtI1wutjX2dP/+5WSwBwjOFqcYKPpz8liIL7hqDWWk7PneHU3FlsqzfsSyP7eWnkBfrSPe2KbWstQRTSCBSsioiIiHyRHq4sQ0RE5A+MyfaCt0ZQaAxEIXbpOlF1ASdoYBLp1e/3FWbDJrY6j63Mrt0KwEaQ7Ip/rWLag3GsjYcNZTJZEsnkQ/XgfBhBEFCvN1hYXOD06TP87sABfv3rXxMEYSuAM7iOQ/IB1xQEAX7wWSWp4zhEUUS9XnvoQLFWq1GrVm/r3eoa554VsF1dXQwMDOC6bvxhFkXUGw1u3rrF0NDgAwfXURRRq9ZYWFhotRaIr3HdunWtXrRrBash09PTVKvV9ts9z2NifIJ3fvYOly9eptFs4HoeyUSSZDKB58YtFJZD9sD3CcKQpt+k2WjiBz7pVIrZmVlOnz2L67nt9YVhSOCv0cN4BYPBNS4Xly7zi/FfcmzmRKstgKEeNmiETSwG13gkHA8HQ0hIYEMiG+FgSDoeKTfFiblTLDaWPvuHkrvk1K0Oqa3fx1WmURQSRCGOMUQ2ourXmK8vcGzmBCfmTnNx4RLWRiS9FHv6n+Wlkf28MLyX3IrPH4vFD33qQZ160Ij75zoe63OjpNwk5+fPc6NyC4NDNahxrXyd4zMn2dm3g3wyv+ZaQxsyW5nl3OJFrpWvk3STPNW3i+09Wyj5ZVzjLReWY7GEUUA9qCtYFREREfkCKVgVEREBnPwQoZduDX/5TFztFhFVlrALE9ihJzA96x/TKh+OrS9hK3PY6tLt7Q6Wt5wbg0nlMGsFq7dVXcYRlOe5OM7n26q9ao0WGo06lWqVUqlMpVxmYXGB+fl5pqenmZqaplgsMr+wwNzc3Gdbype3uhvzwNvHo1Zl6PJ1OY6DtZZG4+6Dpu57zjAkCEOMMfHQJmNwPY90KnXXqtV8Lsf6sTE2bNjA7OwMtVqdUqnE0aNH2fnEDroesNVCs9nk6vhVZmdnaTSa8eNZeOKJJxgdXbfmMdZa5ubnqNZqn/VldRyWikVOnT7N1fHxuHo2mSKZTJBIJOK2Bcbc1o44CEOCICAMAoIwwODQbDYoVysU8nmshUQiQSaTua2v7VqMibfwzzcWODN/jonitVb1qiFqtQowGBzjgmlV6hKHqhERxsatBRKOx2R1hnpQv28F88q2tsYaFhuLHJ05RjOqkzAe9bDJUmOJ+cYCN8u3qAV1ulPd7Ox7gvW5MXb372RLYSN96d7bHstiqQY16kGd0IYkjEfGy1BI5elO5dk7+Aw3q1PYKIoD09oc71/7Df2ZfroSXasqdi2WWlDno6mjXFkap+rX6E338Oroy4zlRrlWvkE2kWkXS1ssQRRQ9suEa1Sii4iIiMijoWBVREQEcAojmGSGVaVtxmBtBGFAOHUOZ2gHTs/Y6vf7CrPFSaLyDDZoYNzbv/UbA9Z4kOzCJLJrHt++0hXbjOM91p/vHkRRRLlSYWF+nrm5eWZmZ5mdm2VxcZFyuUK9XqNeb1ApVyiVixgMhe4C3d0F+vv7+PjjT1rtAFb0GI3uX51nbr+q9mUEQfjQwaq94+Xyec09AuhkMsnIyDCvvfYa7733LtVqjXK5zKHDh/n2t9+kp6fnvj1frbWUSiU+PHSI2blZgiAgnUoxODbE7p07GRocXPO4KIoolco0m832/YuiiL6+PtatW0d3oYDjxlXAnpfAdV08zyUK4+39xjF4rhdXeC5v+bfxln/bHnRmsZElshFbt2xlaGjovhXFFkshkWNd1wjdqbhnbRymeniOh9seMBUHksvdaK2N2jffdRzqYZN6UKcRNe//qbriSSv7FS4sXuRm5SaecakHDcp+hWpQZTAzwPaerTzRs40NufVsKKynL91L0l0dGEc2ohbUaUY+kY0wxiGf6MJzPPrTvezp38WByUMsNYqEUUjVr3Fs9iRfG3megUzfqqrVIAqYq87x8dRRpquzZBNZxrpGeWpgN92pAlO1abJetl2xCnGFa6lZIozuXSksIiIiIg9PwaqIiAhgetZjUvm4orPdI7PdeRGMQ3jzBM7gdtwNL2C81GNba6ei2UtExVvcHvu1WDDJNE46B3dpcXBbWMjycKUVvUQ7ZG285XqpWOTSpUscOnyYTz45wsWLFykWiziOoasrx/bt29m9ezcvvfgiGzduoLu7m76+PmZmZnj/gw84evRTrI3irelYGs1Gu19oxwwd9TW9yynil8tBZRjh32N4lTGGvv5+/rv/9i84e/ZMvJW/UubIkSNcuHCB/v5++vv67hpGWmtpNptcv3mTn/3sZ0xNTWEMZLJZ3njjDZ54Ygfd3d13PbZRrxMEQXtrf7PZZP/zz/Nnf/YDnnrqKaLI4iU8XDfueeo4hiiK73f8y4lD1ChqD9yKoiiuwmxt/3cch4Tn4boejuPcM1i11hLYkJ0923l787fZ0bvt9ht7RyR+54iv5TUY4P87/5/57a2DFEslDO5dh4Hd+eHiGpekk2SmNkcQNlvnM0REbOveyrc3fJPnhp+9bw9Yay1Vv4bf6pvqGIfuVIGkkyCXyLGxsJEdPds5MXuKSlQlImKpucSpudOM5daRS+Ruq4Ct+jUuLV7lUvEKJb/M5vxGnh96lv5MPwk3QcpJUUjmcIxDSIghDmMXG0sEkSpWRURERL4oClZFREQAkx/B5Acx6Ry2Vlpdjem4ROVZoqmzRNPncUeffjwL7YSNsGGT8OYJooXrsCoMak1B7+rDJPMYZ40fCywrtt3fcehDqtcbXLx4kX/8yU84cuQIU1OTlMsVxkbHeP2113jhhefZvGkz3T3dZLNZ0uk0yWQyrpp0XWZm4m3z7eDJgOd6pFIp3M/T9/Vz5Kqu6+I4brvi1XWc9iCse92qVDLJxg0b+PM//3OSySQffniIMAz5v/+fv6FWq/Hmm2/S39e35rGNRpNjx4/xd3//94xfHadcLtPb18cLz7/A//iv/zUjI8NrboVfboPgem47VDWtyuxkKkVXV45sNq5eXg5RlznO7YOdjHGwd9zz5XsQ2dZgqPY5zNpFziteZ7E4xsF1XNxWb98HtRy0GhP33H3Q1hArjx/qGuK5wb00wzqHJz9hujqDYwwGl1PzZxjLjbAxP8ZQ19A9zxXZiPnGAvUgHtjl4JD1srgmvueFZJ5vjb3OtdINyn4Fg8EzLkdnTrC1Zyvr82NkvHT7XDfLt/jVjd9QC+ok3QTr86O8OLIfz4mrZVNeinwyt7IOGz8KmKxM0wybHd0HEREREXlwClZFREQAJ9WF07Mekx8hqi6BcVdVINowIJy+gH/hVzj9WyCRwXQY/nyZrF8jnL1MNHcV6qXb+6uyvJvf4PRtxGR71ghe4/danlbfTsA+R6haLBY5d+48f/f3f8+xY8eYnJoklUqzb98+vvmNb/DsM8+wceOG9jb4tYJB3/cpl8utP8W9VeOt6t6qa1zL8jb11W94+OvKZDJks1l834/X4Ti4rkcikbhnvGeMIZ1O89LXvgYW+vr6OX78GBMTE/zkp/+Zm7duse/ZvYysGyGdzgCWwA8oloqcOHGSjz76iE+OHKHp+zz99NPs37+fl19+mQ0b1uO6a39sGmMwjkM2myWRSLSDVWMcms0mzWbznsfe73Xt3rUPdOeIq6Zv/yMP82Tcvg5z36pSsBhzez12wkkwmB1ga2EjjaDBpzPHmanP4RqHil/h05kTZLw039387Tgovcvn/3Lf1ForWDXGkE/kSLTaBqS9FDt6t7GlsIlis0SxWcQ1DvP1BS4sXGRTfj1P9u8CYKG+yOWlK1xcukwzarKtsIUn/3/23ixIsuw+7/udc7fc98za96pepnt6NgAzmCEGA5oQQVIUKZGOIPViK8KSHuwHLY6w3m0/WwpTitCDIZkhK8IOSZBlQaQAggAEzICz9zJLb9VdXUvXvuS+3OX44d7MququXmdAAOT5TdRMV9bNc892u3u+/M73L5yhkigNXNaWDDNcj4rJnvLZ71ZxlRdlR//ixJdoNBqNRqPR/KKghVWNRqPRaACEgSzNIYvT+JtXT75GGgS1Tfylt/HHn8MYeRYSOX4u81YDn6CxjXfzhwT1TVTg3u9IVYCUiOIsIpE/MTNVASpyrB7++AHC5KO6FATcvr3Ed777Xb7zne/Q6/VIJJOcPnWK3/2d3+Hll79EuVR6dA6nUvjeYW6kEALDkFiW9VhFtQzDwIgKVvXfj+IzVU+3rLDAk+/7GEboSjRNE9uyH1lACWB0dJSvfOWXyOfz2LbFD3/wQy5fvszW1hZra3cZHx8nEY8jhKDX63JQrXHt2jW2trYYqlQ4f+4cr776Zb70xS+xsDD/yGxWARQLBRKJUKwVQiClpNls0Wg0n3oengx1/Dj/kYr2T5t1e7Stk2Ih7n3l3rXpR0vMZKd4eeQLdPwO9a0Pcf0eKMVyfQUEjKVGeaZwhlzs5KgFLwiF1Y4fOqsNIUnbKczoGTSEQS6W5XzxLFutbardKgiBF3jcPLjFSGKI+dwspjS5U1vmk71r1Nw6lrA4UzjFmfwCzpE4ElOaxIzYQDwVQoQZq16Dnt87VqxNo9FoNBqNRvP5oYVVjUaj0WgijNIcfmUBee17oQCj1DGxUQgBgY86WKX7zh8S+8r/gLQTP5d5q8rrEOws4l76Fsptg7jHWdcXWgwTozSLeIBAFAqO6ui3kYP1yfvUbnd47/33+Tf/9t/i+WHu41ClwmuvvcZf/Y1ff6Sg2scwDGKxWFg4KRJ9pQyF1ccpqGXbNo4TO5al288HfVoCP8CLCmmp6Ah8KPae7Lq9F6UU+VyOUwsL7O8fcPnyFcxGHQRcuXKFDz74IMwvjdbNcRzGx8f55V/+ZV544QXOnT1LoVDAcezH6q9hGIyOjpJOpQkChWGEc9Fo1Gk06k89D0/K4d4S4eNGGElwb37qk+KrAMXhegpC4TxQ/pHXBKh+FEKUpaoCXL+LAF6oXKDtdVhvbnK7dgchw9zSu411/v3Nb5N9JkvSSgxcqH0UobC63zmg5/fCY/7SJGWnMKLnsL8nni8/y+3aHa5XF1FKYUqD5foqH+1d5SvtV0k5ST7du87lnY8xhEHeyXEqP89UZuLYPQ1hYEnrmGM7UAENt4kXeKFQrXVVjUaj0Wg0ms8dLaxqNBqNRhMh4jmMwjReZR62b6GUx31qhJAor4u6+wm99/4V1vm/ijn7Gsj7K4P/zFAKf+Nj3I//E7RrCOOk4j0KTAeRGUHkJhBO8kGNhRXXgc8asrq8ssLirVs0m01s2yYIAmZmZnn11VefyE3Xz+zsC40oRT9R83FasSwL2z5cLz8SROOx+GOLu/fS7XXpdruDDFIhZfj1mOPyfZ+3336b/+8/fps/+d73+PrXv87rr3+F06dOhU5Yz8Pz/UHxKNu2icdiOI6DbdtYlvXA4/snIaVkYmKCXD6HiFy+hiG5u77O6toavh8MMmJ/WgQoer57n4jqq+Dpi5BFeMonQA2OyoeiqY8XHDqdY0aMmOHgBR6WYQ6u6+fCGtLg+fJ5LGnyz6/8S2q9GgJBz+9xs3qL/3zneyAEzxROHVvnIPDp+V2qvSo9v4dEYgiDuBkbOFb7lBMl5rIzTKXGWaovYyABxWZriz9d+SGleJEb1UWqvRpxI87Xxr/CbHYK2zguoFvSIm7GMIQcPAR+4NPsNen4XTzlY/DzG1ui0Wg0Go1G84uKFlY1Go1Go+kjTWRhCnPuddz9Neh69yt1kSMR5RPc/QjPtCHwMOZeR8jHc0z+dFH4ax/iXf8+wfonYX/UCUeegwAZz2HOvIJMFkGc/FeC0Mmpjumo/SCAJ9W+NjY22NneQSlFEARIKUmmkuTzuScSVn3Pp9PpDI6vCynxg4Ber/dYR8iDQOEHh9cFvo8hJel0+qmPS3c6XTrdTlTEKhTHAt/HdV1s+9Eu0g8vXuKP//N3ePudd8hkMnztjTd44fnnyRfyyGjPDbJuhUD2x/6U/RVCMDQ0xOjoKNlMlnq9hpRhYbDllWX29/cpFPJPLTQ/DkopOkFv4FQFkELSUx6e+myV7P3AOyxmFf3LDXzcI8LqYE6jK5XykUIQj47UCwQpO8V8bpa/Nvtr/NHSd9hq7yAjV+2V3U8YSpRJW0kmM+ODdgMUXb9H023hBh5SSCxpYRv2QOjtY0iD2ew0F0rnWKovR7nHkmq3yk/W3yFmxtlp72IIg4yd5pniaQqxwn3rLoXEMmwMYSCFIFDhByJdv0vP632mmAuNRqPRaDQazYP56VoRNBqNRqP5BUOkyhiTLyFy42DacIIgEToSDYLmHt7KRdyr38Vf+jNUcwfluz+DXgMqQPUaBOsf4V37Ht7SO6jmHkjjuNgbOTyFNBCpMub0y8hY5qGCcF98OryiL7Q+mbJaq1VpNOqHrs5IHHwSpyWA53u0O22ECJ2XSikCpfA8/7GO87uuS6/XC8ccxQAAoXPzKYXKIPDxfZ9+XikqjBZwXfehfVJK4boeb731Fm+/8w57e7uMj41xamGBUqmIGQm1/eJclmVhmeYgx/VpkZGQvDC/wPT09MC122o1WVlZ4eq1q9F4fnooFG7gguhn3YbPlht4n4MQGAqLKtqqEoEbuHSD3uAKX/l4yjuSsRsKrcaR2AwpJLlYltdGX+Zc8SyFWB6lAqSQ7HZ2ubh9hYvbV2i5rUGf/cCj7bVpeW185SGlxDZsLGmeWEBqKFnhTOEUxVgBU5oIoOt3WWuus1i9xX73gJSV5HR+nvH0GAkrfl8bUkpMaYZ9V/0ZIByz3z3m1NVoNBqNRqPRfLZIBAEAACAASURBVH5oYVWj0Wg0miMIO4FRmMaYfBERzwyEyBM1RGmgGrt4t35C7+1/ibf6PjS2UF73z7fTykd16wTbN+le/Le41/8Utb8CJ7gNQ2deAE4KoziFMXwOZcYe0rYiCPxQbxSDl3iaKADP8/D8445B3/dw3ccXo5VS9Ho9Wq0Wx+zE9+ThPoye69LtHq6RFAI/CGi2WoNCXU+KEBKJwPf9gas03DoPLxoUBAHNZpMPPvyQ1dVVHCdGMpnEMJ7ejfq4GFJy/tw5nn/uOYzoKLxSitXVNX704zdpNJqfKXdWKYXnebTa7WPzfRQRFZkKC1YRCdL+ZxJWlVIYSMSRgmQCgas8Ov6hsNoNenR9F3nk+HyAwr0nnsCSFkPJCq+Pvcap3DxSGkAowF4/WOSt9be5dbBEx+ugUPT8HrVenV7Qw1cBhjBwDBvLsE4UVlNWkon0GOcKp0mYsch1LY6ViCvFi7w2+jJZO3NM+O0jEZjSwDLsQc6qUgov8Oh4Xdyf1Qc+Go1Go9FoNH/B0cKqRqPRaDTHEOCksM//VWRh8tFinRDgu/gb1+j+8J/R/eD/Jti6Cn+OQkbQ3MW9/qd0fvzP8a7/ANU6APGQP+J9F2P0Wcy518FOPfRaRShEqkAdE4WeJgIzFosTi8Xoy0W+71Ov19nb33/sNnq9Hlvb29y8uYjb6w2KcEkpMc3Hc3EOHKsRQgo8z6NRbzy1kNhvU4rDWer362F4nsfO7i7dbjdyr/ZYXV2l2Wr91B2jABMTEzz33AWmp6eiPku2t7d56623uHr1KvX60xey8n2f1dVVLl++wuKtW/f9XCBwhBU5SwNA4SkPW5qY8unyQPsH+73Ax1fBYd5oJLbaRzJOe76LG7iDNZNS4gUeB736iZESZ4uneK78LOOpsShSIHRx36kt86+u/T+sNe7i+qErdq9zgB/FGRhCEjMcDHFyITMhBPlYjq9NvE7Wyd7zkYXCkhaVeIVnCmfuy1btI6WBbdjETGcQN9AXZg96VVpe60mnUqPRaDQajUbzGOiMVY1Go9Fo7kWaiOwY1sLXUG4Xf/UyGCcf4w0zTMPMVdXYwbv5I1R1HWPkGYzJLyJz4wgnHR7J/zzxewTNXYKta3jL7+OvXUYdrKDcTtStE/oaVasnO4Ix/hxy+CziEcKfAMzouL2KLIWe5xEoFWavPgGjo6NUKpVBYSIpBSsrq7z7zns8f+HCI4+3d7td/suPfsR3v/td7t69O3CGBr6P33fCPoawKqVAyNBdahhy4Jz1fe+pa9H3ej3anS5CysPxGRLLenhRMykliUQCQ0qkFLiux8bGBv/uW/+eF194gfGxMZLJJE7MwTLNQXSAYZrYtoUhDRCh+9SybSzTfKJcVNu2OX/+PL//e7/Hv/w//5CtrS08z2N9fZ1v/ot/wW//9m/zhS+8xFCl8thtKqU4ODjgk08/5f/9D/+BmekZXnnl5fuu85XPQa+Gr4LQZSlC52XH7x7LQn0iInN5y+/gBl5UDCr8QRBFRvT72DdhB0phRM9xEP1z0qMeM2KcL56l6TbZam3jBmF2adfvcae2wnfvfJ83Jr5C2kpT7zXwg9C9bEqTmBEWljrx9xAgbsaZzU4zlZ5kr71Pw20iEXgqYDo3xtnCKVJO6oHvlwgsaZE046EDl8MPQmrdGi2v/XTzqdFoNBqNRqN5KFpY1Wg0Go3mHoSQYMUxpr6E2T5ANbZR9e0HH+s+Iq4GB2vQ3CPYWyKobSLL88j8BDIzArEMwoqDtB4paN6HCsB3Ub0GqrlLcLCGv3MLf+MTgs2rqPp21BXjRFFoYDE1TMyZVzDHnkMky48xF2Ig6IVHtsHzD/NEn4TR0RFmpmfI5/I0Gg2EkGxtbfHuO+/w3HMXOLWwQD6fO5a5GgSKntujVq3ywYcf8s6779KoN5ifn+PGjRv4PR/P92m12uzv75PL5bDMh//1RgVBeGQ/CEBKlArdld1u76miAPpH3l3PjRIJImFVPDo/1jAMMuk0IyMjLC4ucnBwQNP3+f73v8/ynWXGxsZIJhM4MQfbsgiC8F6WZWHbNlJKpBBYtkUikSCTyVIsFKhUymSzWSzLeqjQKqVgZHiEN954g7t37/LjN99ieXmZRqPBT/7sJ1i2RbVa5fnnn2dqcgLHcU4UwPtz0Gw2WV/f4KOPP+Ltd97hzTffYmR4mEw6c9+9A6VCwW8QbSuQQobC6lM6voUQqCCg5/cGjlERve4FoUN10GcUAX2hNSrUpgL8wDtxawshGE0N80L5Aku1O1zZ/YRatw5K0fE7vL91kVwsz2R6nIPuoWNVInEM577CVUcxpUnGyXC+eJa1xl1q1TqGMDGEZDozyen8/IkRAEf7ZgmTpJkMxXY/HLhQUOs1aEcfuGg0Go1Go9FoPl+0sKrRaDQazQOQhSnM2ddQ3QbulW8j3NbDxVVEqLF6HYLdJfzdJUSigFGaxRh7DlmcQWSGELEcwk4gDAsMMzqKLzhUcw6FWgIP5buobhPV2iOorhJsfEqw/jH+1s2waJUgEmofINz0c2JNG1mewzr/m8ihM48l7vbFpn6V8cAPcHu9MAfzCUXIcqnE+XPnePGFF/izt/8M1w2FuI8++YhvfvOb/OZv/iZnzpwml81imCYqUDRbTba3t7m5uMh//I/fZnxsnDfeeINEIs7/9o//Mbu7u3iex97+Hu+++y5KKSrlCrZjk81kTlyrTrdHt9MdjA+g13Op1WonHgF/5Bwphed7+J5HEITuyyAIQhfsI+YodKzG+eIXv8jOzg6XL1/G9TzW1tZYXl6OrumH2wJR0S/RLwAWtWHbNolEgkqlwuzMDC88/zzzC/OMj49TLBQe6py1bYux0VH+1n/7t8hkMnzvT7/P0tISrVaT733ve9xcXOTL16/ztTe+SqVcIZ1J40SiLoAfBHTabfb291ldXeW9997n/Q/eZ3t7m7nZOc6fP8/o2OhJM4cXePiBT6AUMsoV7fk9POU9Mp/2QWsRBD5u0MMLvCgYIHwyXOXS8fvrruj6PbpeFwbxvAovcGl57WMZq0cxpcl4epTfmf9rVHt1rns36fk9hBJst3d5b+MDVmtr1N06QV9YFRLLMBE8PDdXCsmL5QvcOFhkubGKH/hk7Sxz2WmmMhMPHbdAYBkmSTuJJPywQKBAKGpunbavHasajUaj0Wg0Pw20sKrRaDQazQMRyNI81jOSYH+ZYO0Kql0LxdBHvI++u6xTw1+9RHD3CkpayEwZWZhEFqYRqQoikUfE0gjDDoteCTMsOhV4qE4V1dwjqK4R7C4R7C1Bpw6eh1J+VEbdeIzA0/AIv8yP47z+32OUF0Ln7GPguS47O7uRmBrgRYWfnkb0klLy7IVn6Xkeq5Fw6HnuwB15/cYNzpw5w+nTpynk87Tbba5fv86n166yvbXNr//ar/E3/vpf58yZ02zv7DAzPUO91qDerbO9vcP//gf/lNdefZX5+XkmJif59V/7xolH4z3Po9vt4nrh0f8gCGi321RrtafKWA2CgFarPSh+5UcFtrrdHm7PJR57SHGwaF6+8Y1fJR6PY1kW77733mB+lTpS3V4plO+HVe6jMQ2yQT2PVqvFzs4On37yCX/8x3/M3Nwcv/Ebv8GvfeNXGR09Sdg8xDAMyuUSv/97v8eZM2f5d9/6Fj/4wQ/wvC7LS3e4u3aXP/qj/8TszBwzMzOMjA4Ti8WRUtJoNFhZXuby5Utsbm3huR6zc3P8zd//m/zqr/4VxsfHiTnOfff0g4BWr03PD4/UIwS+Cmh7bbp+j4AAgyeL0FBRTmu916TtdfBVgBQGbiTg9p+VQAW03TYtr4WPjyT8YKLjddnt7D9QWAWImTGms1O8Ovwlat06i9VbmNJECslSfZnlxko4vkhYDQtzqceqrVaIF5jJTnF17zp3GqucL5xlKjNJ3Hz08ypEGAcQoAhUgBFlJ+93wmiBp3lmNRqNRqPRaDQPRwurGo1Go9E8DMNC5iawv/jf4Dr/HrX8Lqq+jXiYuHqkgFG/1LnyffA9guoGQesAuXUTTAcMO8x0PVKVPTTPBSi/Fx3/b4PbRrktiHIbj2YtPlAs6QuugY8xdgHrmW9gVE4/tqiqlEJISTqdZnpmhqHhYaQQtDvd0LnqulExqscnk07z/IUL/IN/8Pd58823+OD991m8tUin02F3d5fLly5x8+ZNLMsEBOl0mnPPnOP5v/kcLzz3HNPT08TjcSrlMn/7b/93/OAHP+TixYvs7u4C0Gg06LkumXQaQz7AIagUiUSC+fl5stksvu+TyWQwDeOpMlYDpYjFHEaGh8lls0gh6bkuuXw+jBx4DBdsKpnkCy+9iGFIhJS8++67tFot4vE4qVSKVCpFPB4W/zIMI8x0bbdptVrU63WazSae5w0KZvmuy+2lJb71rW+xubHB3/27f5dsNoP5kJgEKSWZTIbnn7tAPp/jl157jcuXL3Pt2jVWVlao1xtcvXaV1dUV4okEhmEM8mlVoLAsi9df/yqnFhY4e/YsC/NzDA0N4TjOiesQM2OcLZ5mKFnBU24kcvukrBQTqfEH5ok+CiEkXxh6gZnMFIaQeISxFeVYicn0eDhWITmVnw/7r3y8SASNmzEq8TKmePhfkaWQvFh5DgWs1E8TN2MgBIaQWMLClAae8un5Lgkrzlhy9KFH+Y+2e774DLa0WW6s8VzxHOOp0ccSRONGnBcrFyjHi7S9zqCQV97JhvOpRVWNRqPRaDSazx0trGo0Go1G8xCEkOAkMceehV4DISXerbcIWvsg5CAb8iEN9H8BgPJ64HYJWgeDS1R0nRDy8Nj+vRKfEFENcqLogEdwpNiUMXoe8/QvY8x8GRG7P+vywV0XpJJJXnnlZc6ePRMW/lHQarcZGxt7qEj3IEzTpFQq8uqXv0whl2N2eprrN25wcHBAtVrF8zxMyySTyZBKphgfH+fMmTOcP3+OfD4/yE+NxWK89NJLJJMpTi0ssLe/h1KQyWQYHR1henr6gcWw8vk8zz//HOl0imQqhe/7mIZJqVjEsU+uuv6oeXrmzFlsK8zOlQi6vR4joyPYjv1Ygla1VmNldZWlpSUajQYLCwuUSyWGhobI5XKk0yni8QSOY2NIg57bo9Pp0Gq1ODiosr+/z/LyMiurK+zs7CClpNPpsHjrFkHgMzs3x1/5+tfJ53MP7Y9hGBQKBTKZDFOTU8zOzrC4eIuVlRX29vZoNps0m03a7XYYY5BMkEqmyOVzjAwPs7BwiumpSYaGhkkkHi7gx80YzxRPA6GDNEo7xRAG+ViOhz5XDyB0bZpcKJ3Dj1ybnvIQCBzDJmklw+sQTGcnKcULCCFxAxeBwBAGMdN5LBG0kijz0tBzzOdmsaUVFhETBpYMs1Fd5eMFPoaQJM3EY7UphGAkOUTSSjKbm6EcL5J4DLcqhEL1qdw846kxfOVHTlmwpEnOyWrHqkaj0Wg0Gs1PAaGeJkxMo9FoNJq/jPgu3ur79C59C3/5A3Bb4Hscqb7zc8HA9Wo5iGQR+wu/jznzKjI79lRt+b6PPOL+9IMA2c/6/Izj7na7VKtVtrd3WF1bpdvtkkymGBsbo1DIk0lniMXuP0Z+lCAI8Lywirx5wtH/k8cURO5OMXgtCIIHirGPaq//1Z+nIAiOff+wvtfqdd577z2++90/4YMPP8S2LX7rt36LL7z0ElOTkySTSUzTvK9v/XF3Oh0ODqq89/77/PjNH/Peu++xs7uLFAI/8InF4szOzvK//i//M/Nzc08siHueR7vd4aBapV6rsbW9zf7+HkIIhoaGKZdL5HO50PVrmlq802g0Go1Go9H8QlCr1QD48MMPn/i9L7zwAqAdqxqNRqPRPD7SxBx7HhnL4maGca/+Caq2dZh1+vNC4EeFquZxvvy3kENnkfH8UzUlhLhPiDMfUen+SbBtm3K5TLFY5NSphYGrTkr5SIG0j5QSy7IeW9ALx2Tc99rj3u+k9u699+O21Wg0+OF/+RHf/Ob/wdLSHc6eOcM/+kf/E7MzMySi4/b9e9xLf9yWZZFKpRgeHuLs2TPMzszyT//ZP0MJgZRhbMC1a9dYX19nbHSUdDr9ROMzTZNUKkkymUCNDLOwMB8V6Qpd1lIeiuxaVNVoNBqNRqPR/GVCC6sajUaj0TwuQoDhIPKTWM/+FiI3gX/7Lfy1y+HRfhE5Cn8W4pKK6p+rAJkfw5z8Asb8VzGGzyOc1OPFB/wM6AtxhmEMRMTP0s4vErVajSsffcw3v/lNbt9e4sKFC/z13/5t5ufmSCQSjyXO9scthMC2baYmJ3nttVe5dOkSly5fpl6vI4TAdXtsbW3TaDafWFjtt390rTQajUaj0Wg0Go0WVjUajUajeTKEQNhJRHEWK5ZBZoYRpTn8tSsE2zeh2wgdo30h8ykEv35GzyPfGaX5KBUgDBMjkUNUzmBOPI8cfQ6jcuqxC1Vp/nwJgoAbN27y7W9/m48//phMJstzzz3Hq69+mVQq9dTtJhIJpqem+dobb7C0tEStWkVEQmir3cLtuZ/XEDQajUaj0Wg0mr/0aGFVo9FoNJqnRCRLGFMvI0vzeMUZvJs/RO3dQTX3UN0GqCD8OiqRfhZnZV9IPdqUNJBODpkZQpbnMRe+hjF8FhHP/9y6VDVhtuzVa1f5Lz/6EaAYHh5icmKCSrn8mduOxRyeffbZ0JkqBP0dY8gnz4/VaDQajUaj0Wg0D0YLqxqNRqPRfAaEYSEyw9hnv4E59UX8lQ/wbr2Jf/vPUK2DQ2FVPv7x6Uc7VYNQZBUCEc9gzr+Oeeq/whh+Jjr2r8Wzn3cOqlU2NzfZ2dlBCMnoyAjFQuFzOWZvmiaFYoFYPI5hGARBAEAmk8F5RCEwjUaj0Wg0Go1G8/hoYVWj0Wg0ms8DIRGxHObkFzGKcwSnfgV/6yr+9iLBzm1U7S54PQiOHPS/L49VcVxWVUeyU6M8TWkic6MY5XmM4bPI4iwyN45IlRF2QouqvyBUq1WqtTqe56GUwonFsG3782k8ykOVMtwLUgpsO06pVCQRTzxxc77vD/ppmuaJhcX8IAgLWnG4i6WUx7JZlVIDkVcpxb0cLSDWv+5eoTno3ye69mEO3Hv7bRgnO3aVUnied+ye916rlML3/fvu2x+TUmrwnqPX9sd5tLjXg/oQBAGe5wGHhcnuH7uKCrzdP3cPKsDm+/7gmqM/P7oe/TH15/deHlVMTil1X3tHrz/a7oPa8jzvgevan9MT957vH5v/e9/3oL10Uv9d1x20ZZrmfXsgCAJU9Ot7V/He/dsvxHf0vkf3y9Gx9tfopOcCITCidvvvv3ce7p37/rycRH9f3luUUKPRaDQazdOh/0TVaDQajeZzQhgWJAqIeA6ZG0Xmx5Ej51HVu6iDNVT7gKC1D50aqlNHdRsor4MIfFQQ/U+wEOERfmkgrRjYSUQsDbEMwskgkwVEdhSZn0BkRzFSFZTpIJ7AEav52eO5Hp4b5p0KIfBcFz84WQh5UgLfp9Vq4bouvu+TSCSYm52lXCoRe0zHal9s7Ltqa1ERLNu2KeQLlEolcrksQgiazSY7OztsbG4dCjxC4NgW+VyOUqlMKpWk1+txe2mJVquN64V944iOlMmkOX3qFEop1tbuUqvXKBWLVCoVbNum1+tRq9VYWVmlXC5TOmE8fXFybe0uu3u7tFptlFIkEwlGRoYplUo4jjO4tl6vs7Ozy/bODp7nAgLbthgeGqJUKpFIJPA8j3qjwerqKvF4nHK5TDaTAaDdbrOzs8vW9jZzc7OkkklqtRrLyyv0PBcVBJG5XGCaBtlslmKxSD6XG4h27Xab/f191tc3aHc6KBWE9ymVqVTKOI6D67rs7O6ysbFBr+cOhMA+qVSScrnM8NDQfcLj2toatXqdRDzB9PTU4OeNRoOVlVUARkdHiMViHBwcsLK6OhArgyAUcRPxOMVikVKpRDx+f26z7/us3b3L9vYOQsDIyAiFfJ5YLIbruqyurnJQrQGQy2aYmpo6JgA2m02W7twBBOVyiZHh4UHbnufRqDe4dfs26XSaSqVMNpsFoNvpsrm1yf7BAbMzMyQSCQzDGMzNyuoqe3t7OI7DzPQ0tm3fNz/tdpu9/X22trZoNpsESuHYDplMhqFKhXQ6jWWZtFot7iwv02y18FyXIDiyeQXksllmpqfxg4D19XWqB1VMy2R2ZoZUKoWUklarxe3bt2l3uiQSCUrFIkNDFdbX19nb36fdbuPd81wIKTh35izxRJz9gwNWVlbIZrOMjoyQTCYHgvDtpaXQrZ7P4/k+KysrdDodpDQwDHkozKMwDYMvffGL962jRqPRaDSaJ0cLqxqNRqPRfN4ICVYidJMWZ1FeF9WtoZp7BNV1VHMb1dhGNXbD191uVPAqqvAuDTBsRCyNSBZDN2qqjExVEOkyIpZFmIeCkvao/uJh2Ra2bQ+chvV6nVazNXCyfRZc1+Xu+jqtVhvf90mn07z22i9RKBQfy6WmlKLX67G5ucW169fY2tqi67qYhokKfLLZHJMTE5w6tUA8HqfVarG8ssKly1eIJ+LhdUohpCCbznD2zGkmJibo9Xp8evUq+/sH4RxYUV8UIATlUom52Vl83+f20hLLy8uMjY2SSCTI5XIDcfHSlSs8c+YM6XTqPmHV8zy2tra4eu0ae3t7+EEYmxEEAdVqlbk5j6mpycGc31le5vbt2+ztHyDouw4FOzs7nD1zhuHhYQzDoFat8emnV8lmM8RisYGw2mq1WF1d5eNPP6VcKhKPxdjd2+PipUt4vj9wyvZd55lMhpnpKRzbHoi2W1vb3Lp9i5XVVVDg+T6WZbGe3eDcM2cZHh7G933W19f58OJFBAIr2jvRglEsFrFtm6FK5b71XFldY2VlhXK5zNTU5EB0rNcbfHr1KgDJZAIhJRubm3x48SKGYWL2HbiAFILhoSFmZnvMTE/f5yr1PI/llRU+/fQqSMH5bhfHcXAcZ7Du6xubGIbB1OQE4+PjA4Gz0+2ydvculy5fwfd9zpw+TaVcHjg9gyDgoHrAxcuXyWWznDq1QCKRwDRNut0uq6tr3F6+Q7lcxrbtwftc1+XGjRvcWV4hm8mQy2YplUqD+/Y/PNjY2OD20hJ319cjQTn8rTgWizM9Ocn8/By5XI5ms8nHn3xCtVpDCLCs4w7zkeEhxsbGaLfb3LhxkzvLyyQScVKpFI7jYJomtXqdS1eu0Gg0KZVKnFqYZ2iowsrqKrdvL9FoNnEc55gj2jAks1PTWJbFzvY2H168SC6Xx7ZtHMdBShmO9eZNYo6DaRgESnFneZlqtUoQKLrdLqZhYFoWlmVhmaYWVjUajUaj+ZzQwqpGo9FoND9lhOkgzDIkyxiV0+GLSoHfQ3ldCLzQoGTY4LYRQiJMGwwHDEsf7/8LSC6XI5vNDESgza0t9vb38SMx7rPQ6XT4+ONPqNfrqEh0+8Y3fpVMJv1Y71dKUa1WefOtt9jd26NSqXD+3HkS8Th3lpe5s7LC9s4Otm0xMzOD53n0ej16vR6nTy1QLBRwXZet7R1uLC5imCaO45BOp2k0m3iex8jwMLMz0+H4I3dePBHHsiw8z8N1XXb39qjV60xPTROPxwmUwnU9Op0OvV7vviPrSilarRbvvf8BB9UDJicmmZ6aQqmA9z/4kE+uXqXeaDA2NoppmqysrnLp8hX29vY4e/Ysw5UKoNjY3OTSlY9C56AQjI6M4Ac+7U6HWDx27Ih14Af0er3QaRjFCXR7PRqtJvlslrHxcbKZDJ7nsb9/wO2lJXq9HvFYnPn5OWq1Gp98+ik3FheZmphgZmqKQCmWV1f49No1XNflRSnJ5/P0XJd2p8PUxCQT4+PHnKOxmEM2mz1RlO/2urQ7bTrdzjGXqx/4dDrha57vo4L+WDoszM0xMjIcOYVdrl2/zs1btzioVRkbHT0mYPZdyt1ul1arBUKwubXF5OQkQTYbCe+rtNptEvE4nU73qCGTTrvN4uItDqoHdDodcrksvV5vIBr2YwB6vS63bt9GGmEmcS6XI1ABPbdHp9Ml8A/3g+d5NBoN1jdCx3Xg+9xZXiaTyQwiFoIgoFar8eGlS6yt3WVoqMKZhVNYts3q2ho3bobiqBNzSCaT+EFAvdFACMHE+BjjY2OIIwUCk8kEjm3TqNfpdLu02i38wGdne5tKuYxSoZi9t7dPz+2RSqVwe6FrvdPt0ul2iMdiPP/chej3gPDIvpSCdCaNlALX82g0m+zt7zM+Nko2kyGTyaBUKJ72Jzafy/HsuXM0m022t3e4/NFHDA8NMTExTqlYPNZvjUaj0Wg0nw0trGo0Go1G87NACDCswRH+MJtSgGlzmL9qaFH1LyjZTIbh4WGGhodZv3uXzc1N7ty5w931dSYnJp663V6vx8bmJn/8R3/Ezs4OC/MLvPHVrzIxPn6fw+5BtNtt1tc32N7d5cypBebn5qlUQgdhqVwinU5z89YiFy9fplQqhTmS0kBKg/GxMUZGRpBSMjZWY39/n1azSbVWI53JIITAiTmUSiVmZmZCITASg6QhB6JyXwD0fZ+PP/4YyzIplcuY/bxKIbjXq93Pqmw0GpimRTqdplQqhg49y2J/fx/HiaGUotFosLGxCcAXXnqRhYUFkokESimGhocBwebmJisrK5SKkdP3pEdRcEzMDMejEAjK5TIz09OUikWCIKDd7nBQPaDX69FoNFFKcfPWLarVKuNjY7z65VcisVREcQF54rEYiUQSEKGjFkGlUmF2ZgbbOVxPKeUDM2T7ruij2bGD/E/TJPB9ZP81wmtHRoaZnZnBtCyCIMwc/fTqVbrdUEC/N/8VQCKwLQvbcdjf26fZaIZCbadDEAQ4kUs7WmCAQczCytoaw5Uhmu0W7Xab1dVVJicncRzniIs77OPu7h5Xr17jxRdeOMysjTJPRbRI3W6XO8vLAJTLZWKOFeyzgwAAIABJREFUw+2lO8zOzhKPx5FSDpy0rVabmZlpXnrhBdLpNEJISqUi4+NjbG5uRUJkdJpAQTKZZKgyxNTU1LH57s9vPwfXtmwc22Zra5uZmTa+H3BwcIBhGFjKwjAkqv92BdIwSGcyzM7OHnGshlvdcRy8KP+1v943FxeJx+OcP3fumMNVCDFwybqui2XZfPTxxxQKecbGxhgeGrrv2dFoNBqNRvP0aGFVo9FoNJqfFUKGX/1vAdBZqX8ZcByHZ84+w9d/5Vf4wz/8Q7rdLhcvXWLsT8f4r3/3d0lE4s+T0O12+fjjT/jj7/xnrt+4QbFY5Ctf+SW+/iu/QiIRf+yIgTBzcg/PdalUKoyMDA/ckfF4nMpQha3tbW4s3qTRbJKIxwfilgoUge+HQmKng+u6xGKxQfEdKQ163R47OztcvXoNXylAYVsW2Sijsi+WxeMxctkc27s73F1fJx6PY9kWcDxf9N55nZqa5NbtJW7dukWjUSebyZJMhhmk/azL/f19qtUqjm0zOTFBIZ8fiLqO4zA7M83G5ia1ep1Wq4UhJQIRpRY8YB774psQCClotdtUDw4Ggm+r2aLb7RKPxcmkUyil2NjYwPd9KlFmbP/9jhNGBQgBiUSCbrc7EA03NzcPixdFXSnk84yOjp7odg6FVNjb3ePixUuhGIzgoFql2WqRiMcgElT77VVrdba2dwaC8u7uLn7gk0wmsSzrxL2pUNiOQyGfY2Nzi3a7TaPRoFathWsXFT4L1GGRvkajyfb2Nq1Wi5mXXqTT7rC+scGNmzcpl8uDPNz+OAqFcJ0Wb91iYmKcROJIwb4j4mKj2eTa9etkM2lKpRK9Xo8rH33M3t4eqWSSeDxOt9tlbe0uAqiUy1QqFaSUURGtcJzZTJZUKjlw5xqGQbvTYe3u3bDQVbQX41EG7fDQEP1pdByHfC7H/sEBrXabbrfLwf4+2WyWdruNIY2BwCxkuEa1eo1Pr11DBeFzIaXEsW3m5+cHURWmYVLMF2g2m9xdX2d4aIhUKhXty1AcN00T0zSxTBPbCWMjLMsiEY+Hc6bRaDQajeZzQwurGo1Go9FoNH/OCCGYmZnmV375l/nooytcv36DxcVF/uRP/oThoWGeffY8xUKBWCz2UEG0X7im0Whw9eo1vv+DH/CDH/6AQqHAa6+9yuuvf4VTpxaeKLfV83063S6maRKLxe5zJzq2TTweC4/s93r4tg0iPFq+srZKvdEY5GIGKqBYLJDL58P8UhFmX+7t7eH2egThIHAch5ERl5np6cG44vEEU1OT3FleYXdvj0Q8TjxylT4Ix3E4tbBAs9ViZ3uHO3eWsSybbDbDyMgwoyOjxONxGo0mrufiOA7x+HHRWUpJJipY5Hs+rusiokxRcZLTLzLPiiPCKsD+/gF3jBU2t7bo9np0Oh0cx2F8bIxSqRRFF7QBSN4jfFuWRbFYGHzf7XYH87K7u0uv1zsmrAa+Hxbzcu4vTiYjp2e9ERaAUiikkLQ7HTqdTiSMM+i7QrGxuUGz1QQFfhDQbDRIJpNMTkw+cE8qBaZpksvl2N8/oNlqsr2zw97+HoVCAYGi240iHEQ4lv39fba2tknE41TKZXzfp1qrsnb3Lo3onoK+g1kxVBnCskzurm+wdGeZsdFRAt+P+h9e0+v1qFarrG9s8IWXXmJyYoL9gwMCpdja3BoU1fI8j2azSSKZJObEIrdpwPrGBvV6nSAIkKIvtIbCszQM2s1GKAa3W6DCSIFMJo1hGJGwGs53LBajWCyyt39ArVYDBY1mk3KpxM7uLkLKgVtbhBNCq9liaWkpFFYFSCFJJRNMT09jmmF2sWmajI2OhoJts8Xi4iILCwv4foBlinvWRKH8sJicChQPeXQ0Go1Go9E8JVpY1Wg0Go1Go/kZkE6nuXDhWf7+3/t7/ON/8k/46KOPuHTpEnfvrvN3/s7f4aUXX2B4aIhYLAbc75Ts51ru7u5yY3GRf/1//WsuXbqEE4vx67/+6/zu7/wN5mZnB267x0YpVBA8NIWif2w86Cs1kQB39dr1QWEj0zQZGR5ibnaWoUqFeqMxcHwmEgkqlQpCQKAOHatH24/FYkyMTxBzYizevsWNxUXGx8bx/eDkThEKe6VSiVdfeYWtrS1WV1dZ39hkeWWF5ZUVZqan+cov/RJKHbbxINFZqbCCeigIHz1ufs81fddhX1iN/nFdl/2DKp7rUqvXsEyTV7/8ZRbm50kmk2G+aRBwrAT8kXb7GbIDd2ioMJJKpSiXS6HgHd07m8k8NJtXCIFlmuFR92jB+gW8OOIgjbRJWq1WmBPaatFsNpmemub0winm5+ce6KQOVIAhJel0mkKxQLPZotFsUqvVmBgfp9ls4rpeNOa+SLzD9vY2pVIRICrIFKNWb7C7u0s2m8WOhH0VKMqlEuVSEcMwuXb9OoHv02q1j2WGtlot9vf26XZ7OJaNZVkY0iAei7GyusrQ0BDFYpGonhgqCMLiYoTRE1evXePWrdthbmsQMD83y/PPXcCJxcIEF8Mkk8lQLpdAKfxAkUwkSKdSh+uHwnFsisUid1ZW2Nvbw/M8ut0Oc7Mz1Bv1aNqPZAEAjmNTKZWRMioaJiW2ZR17hoWUDA1VGB4Z5tbt23z0yackk0lct0c8+r3iyMIfxg0cuY9Go9FoNJrPDy2sajQajUaj0fyMiMVinD93jv/xH/5D3nzzLX785pt88skn/MEf/AET4+PMLyxw7plnyOdz2PZhMZ9er8vW1jY3bt7kypXL7O7u4jgxXv/qV/nq66/zpZe/RDGfP8y0fAIsyyIej9NzPdrtNq7rHhPtOt0uzVYbhBhUO0eAbVtcePZZyuUS8VgMx3ZIppKDCu4qigpwHIfx8TEuPPvsoM2+EAtwaKsLC/fMzMxQq9e4eXORRqOJ53snir59B+L6+jqFQoFKpcLQ0BCe57G5ucWlK1eo1mrU6zUymQyO49Dt9mg2m2QymXuq0NcG47ZtOxQ6o/zKo3Oh1KG46gcBitC5q1TAxNgkCwsLGKbB0tISlz/6iGazSafTIZ1OY9s2yWSSRqNOs9k6NpZ2u83m5ia+H4QC3uFEMTk5yZnTp445iU3TxLLtE0XiIBJRS+Uyr7z8Mn1xbX1jg2YrvG+gDsVOgGfOnmV8fJxGo8FP3n6bTrtNq9V6ZHE1ISXxWJzR4RGWV1fZ3d3Fsixy2Szdbq+v2wLQbDap1RvsV6s0mk3+9Ac/REpJs9kkCALW1tcpFouUy+WBk1YIQS6fZ8GyWF5Z5uatxdCpaVlRlIFgd3eX1dUVBHDp8mWu3bgRurqbzVB0Pdin1+3ixBzSqdSg6FbfDXr+3DnGRsfY29vj0uUrA5FbKYXneaTTaWZmppmfm4t2KRjyMB84CAJUoDBMMxTBSyXurq+HMRDxOIVCAXN5mW63d7hG0d7KZrO8+OILR5ZbRNEQDr1eL3w0or02NjxMp9NhY2ODDy9dotFskU6fXKDuUE7V2aoajUaj0XzeaGFVo9FoNBqN5meElJJkMskzZ8+SSWeYn5/jxs1F1u/eZf/ggLt377K9vR3mNgp5RDhTUWEbwdTUNC+99FIoxM7NMz8fFpt6kuP/R4nFYmHBJsNgdXWVRCLB+NgYlmVRrVZZXV3l4OCAifExksnk4Di0EIJKucTo6CiJeAJpyOMxAqEKCTAopnTU/SiEGAhY/ct9PyCZTDA2Fgpdyyur/avv67cQgm63y6dXr5JOp5menmZ8dIx4LM7+/gGgCAIfgGw2SyadYXl/mavXrmHbNplMhiAIqFarfHr1KqjQCZpKJnE9D8OQ1Bt1tra3yefzAOwf7LN/UMWQEtu0wiJQQYAALNsinU6Ry+UwDIOVtTVWVteIOTGSiQSxeJzR0RFu3eqwsbnJxsYG6XQ6PI6+vs5HH39MMpnCccK+HapjKryfZQ1eEkIQ+P4gy/YoKiqmZJomqVRyMOfVWi3MPA2C0KV8ZG2SiSTFQoFsJsuFc+f56OOPWVldJZlKcmrh5GiJflCCYRgUCgXurCzTarXIZDLkcjl2dvcIAh9FKLLv7OxQq9VIJhIDZ7UQ0G532N3bZWtri739fQqFQlTMTxCoUEQtFArMTM9wc/EmjWaDQj6PISWu67K7u0e1Vmd6aopCIY9tOwRBQKfb4dat2+zu7rGzu0elUmZ6aoobi4tsbIau5lKxSCqZJAgC6rUaSgUEKhjMc19Il0JimRZHaq8BoeO1L/AaUoZxAIUCm5tbdLpdCvl8+MwgCPwgylIlaiS00PYLjB2d48O1idzMvo9t24wMDzM1NcWnV6/ieX7UxHFX6nGXtXasajQajUbzeaOFVY1Go9FoNJqfMfF4nIWFeaanp3j5Sy+ztrbG7aUlVlZW2N7ZplFv4Ad+KF0JsEyLTDbD6MgIc7NzTM9MU8jnSSQST370/x5ijkOlXGZyYoJqrcbNmzfDfFDbZntnh/WNDUzT5MypU6RTKRqNJhCKxP3MUid2f9anECIU8nyfvb19bt26hTSMgeMz5sQYGqqgVFiFXkbCkpSSkeFhDg4O2NraxvW8vs52X/uGYaAULC+v4Lou3W4X27JZX19HKUU2kyGRSJBIJBgeGgrdjWt3ScTjZLNZgij3c3Nzk9HRUUaGh3EcB8M0KZdKbO/ssHTnTnQMH1bX1mi1WgwPDZNIhAXHhJRIaQx+HYvFKJfLzM/OcvXadZZXViiXSoxPjDMxNjbIA/306lWKhQKe77O5ucnm5hazc6lBtAKAYUh2d3e5dXsJx7FDB2iUUZvLZikUCvcd1e/Pe1+4PirY9QW8QYaoDL/63ycScU4tLHB3Y4O9vT1u377N+NgY8XuKq/ULdgkpEVKQyaRxHAfLtkmnUqRSKUzTAMJYhSAIouzZLmNjo1x49lkMQwKCVqvF6toqFy9dplqtDoqHDe4XFYs6tTDP7t4u7U4HKeTA7Vqr1xBS8MzZM5TLZWzbQamAdrtNrVqj2WyyubnJ8PAQU1NT7O7vsbu3x7Vr16gODWNZFo1mg+3dnYHgHnOcSDSWoVt8ewvTNI8Iq4JEPE6pVEQaBqZhYMjwv4V8HssyCQKbXC5HPB6PBPDQkR3ucYEQkna7zc3FxVBcJRSSpTQYHqpg2zZCyPCZieY8n88zNzPL6uoajUbjPkGWyAkro3V52g9bNBqNRqPRPBgtrGo0Go1Go9H8nNAvWlQsFrhw4VmCICAIAjzPO1a0yTCMSNj5/MUSwzQplkp8+ZWXefudd1leWWXpzjKWZdFut8lls8zPzXH27Fksy6LVaoVH5i37WNblvQghiMfjNFstlleWWV5ZPpbRWiwUeO3VL5NMJsOq5pY5EJ7S6TTDw8OMjI6wubV1ongso3zPL33xC7z5k59we+kOd5ZXME2TVrsVuvsmJ0mn00gpmZqcxHNdLl6+zMXLlzEMEwiPe5eKJZ555iwT4+NIw8A2DE4tLNDruSzducP6+gYQFvoqFYu8+MLzg3alkFi2hRGtD4Ri9bPnz7O3v8/e3j6Lt28zMjJMpVJhrtul3elw8fJl4rFYKH5KSbFU4sL585RKJdrtNtI0sCyLO8srLK+sDryHQRD24fSpU+RyufuEVdM0sG17sF/6ayGlxIqOr0tpDIRpy7KRhhx8n86kOTU/x0efdNne2WFnZ4ehI9m/h/cJ1wwgmQwjILKZNOVyKRSnDRPbsog5Tugs3dvDcRxmZ2aOxR2kUylsy+LGzUXa7TaNRgPDNAdZoyI6dj8yMsLoyAjNZiuaa8nBwQHtTodMJsPc3ByxWGwwH57nMTU5we07d9ja3kYpxdBQhYW5eTz3Ktdu3GDx1m2kDAtWIQQjQ0PMTE2Rz+ep1WrEnBj7Bwdcv3GT6zduHnGyKkZHRnj1lVcwDXMQTSClJJfLkUgkicXilEthNq5phdcYZriPzWhstVqNH7/51pHnQiENg9dfe42RkREMQ2LbFmbkao3H41QqFeZnZ7l1+zaGIU8Q1uWgfS2sajQajUbz+SPUw0qrajQajUaj0Wg0Go1Go9FoNBrNXzBqtRoAH3744RO/94UXwlz0B9sKNBqNRqPRaDQajUaj0Wg0Go1GcyJaWNVoNBqNRqPRaDQajUaj0Wg0midEC6sajUaj0Wg0Go1Go9FoNBqNRvOEaGFVo9FoNBqNRqPRaDQajUaj0WieEC2sajT/P3t3HifHfdf5/13V3XNodN+HZUm+jzg+EojMKXMkuxBiExKQebDLsSyEY1k2LIvNkcdyRSYEFljIsiQ/yCYBK+SyYhKIkxDntEJsy44vSZaswzpGI2k099HdVfX7o7uqvvWtb/VMSzMaafx65jGPme6q+ta3vlU9zrz1qW8BAAAAAAAAbSJYBQAAAAAAAIA2EawCAAAAAAAAQJsIVgEAAAAAAACgTQSrAAAAAAAAANAmglUAAAAAAAAAaBPBKgAAAAAAAAC0iWAVAAAAAAAAANpEsAoAAAAAAAAAbSJYBQAAAAAAAIA2EawCAAAAAAAAQJsIVgEAAAAAAACgTQSrAAAAAAAAANAmglUAAAAAAAAAaBPBKgAAAAAAAAC0iWAVAAAAAAAAANpEsAoAAAAAAAAAbSJYBQAAAAAAAIA2EawCAAAAAAAAQJsIVgEAAAAAAACgTQSrAAAAAAAAANAmglUAAAAAAAAAaBPBKgAAAAAAAAC0iWAVAAAAAAAAANpEsAoAAAAAAAAAbSJYBQAAAAAAAIA2EawCAAAAAAAAQJsIVgEAAAAAAACgTQSrAAAAAAAAANAmglUAAAAAAAAAaBPBKgAAAAAAAAC0iWAVAAAAAAAAANpEsAoAAAAAAAAAbSJYBQAAAAAAAIA2EawCAAAAAAAAQJsIVgEAAAAAAACgTQSrAAAAAAAAANAmglUAAAAAAAAAaBPBKgAAAAAAAAC0iWAVAAAAAAAAANpEsAoAAAAAAAAAbSJYBQAAAAAAAIA2EawCAAAAAAAAQJsIVgEAAAAAAACgTQSrAAAAAAAAANAmglUAAAAAAAAAaBPBKgAAAAAAAAC0iWAVAAAAAAAAANpEsAoAAAAAAAAAbSJYBQAAAAAAAIA2EawCAAAAAAAAQJsIVgEAAAAAAACgTQSrAAAAAAAAANAmglUAAAAAAAAAaBPBKgAAAAAAAAC0iWAVAAAAAAAAANpEsAoAAAAAAAAAbSJYBQAAAAAAAIA2EawCAAAAAAAAQJsIVgEAAAAAAACgTQSrAAAAAAAAANAmglUAAAAAAAAAaBPBKgAAAAAAAAC0iWAVAAAAAAAAANpEsAoAAAAAAAAAbSJYBQAAAAAAAIA2EawCAAAAAAAAQJsIVgEAAAAAAACgTQSrAAAAAAAAANAmglUAAAAAAAAAaBPBKgAAAAAAAAC0iWAVAAAAAAAAANpEsAoAAAAAAAAAbSJYBQAAAAAAAIA2EawCAAAAAAAAQJsIVgEAAAAAAACgTQSrAAAAAAAAANAmglUAAAAAAAAAaBPBKgAAAAAAAAC0iWAVAAAAAAAAANpEsAoAAAAAAAAAbSJYBQAAAAAAAIA2EawCAAAAAAAAQJsIVgEAAAAAAACgTQSrAAAAAAAAANAmglUAAAAAAAAAaBPBKgAAAAAAAAC0iWAVAAAAAAAAANpEsAoAAAAAAAAAbSJYBQAAAAAAAIA2EawCAAAAAAAAQJsIVgEAAAAAAACgTQSrAAAAAAAAANAmglUAAAAAAAAAaBPBKgAAAAAAAAC0iWAVAAAAAAAAANpEsAoAAAAAAAAAbSJYBQAAAAAAAIA2EawCADDDomBCYXVAwUSv6qOHVRvep+rA05o8+3VNnP6iJvq+oMmzj6l6bo9qQ8+rPvqSgvGTCqr9Cutjc919YBp6pXs86YHdjmW7Jc+T7tmZfXvnPY33XZu8ojXH0jVmLhcyjr07G9s6z9uUGzf6ubPXvfiB5jHYX/PqfBdc27Oyqwca+yoa79Ybn2c/dzuuD+P69DzJu0cyuxRfj65lstd7oM3+AABw6SvPdQcAALhchPVRhdV+hdWzCqv9Cqr9imoDCoNxRcGEFEwoCidmZmd+hzy/S16pS16pW355kfyO5fI7VqjU2fjuV5bMzL6Adu1+v7RL0n1b57onl7/eRxtjKUm7dkq926W1c9qjC3C3dPKhZv97pXvWSXfeY7yHS9buB6Q778+/v/NtjevzsUjaqkZAuq55TrVTuneXtOMx6b7NjfO97gEpui/fzrbtku6Vdv6UtJ2LAQAwfxCsAgDQFEWhovqwwupZBZNpgBpWzyqo9kvh5MXrTFhVFFYV1YckSYFrHa+chq3N737HcvmdjdDV80oXr794ZXn0fkk7GkELLsyjzarCHTuk+++XHu2dveBp7XYp2j47bed3Jt23Q9o1y8cEh61SFE1/9Z33NALSu++Wdu3KLtv+kGReMpu3SorPqXU9bZW0a3ejatU+3Wu3SXdL2vloYzsAAOYJpgIAALyi1cePa+LMVzRy5AMaeuEPNLTvjzRy6H0aP/FxTZ75ompDzyiYOCGFE5KiS+srqimcPKX68POaPPsVjZ/cpdEjf6fh/e/W4HO/o6EX/1yjL/+jJs98VcFE3+wOJF5Bdkv3S9qx7cKaiW9L9wpug3+gYFlyO3vzVmnvAeO9ncZty61uWTZusU5uud6ZvaV5t/nauoW5qG+2KW/n7pV27pK0Q7qvOZ47H7UbKe6Hecu32aedu7O3b8d3dttTAcRjYh77bN7mXnQOplpWdK3Y4xu/To7BurXdbse85T3ef3xd2WPkedLOw9M7vsLpD3Zn9585n73Za/ewY7vpnmd7KoDpnOcHT0p/PY3A81FHVWvc/92S7i6quF7bDF53Fk8XAADAZYhgFQDwilIfP6GJM1/R6JEPauC539XIgb/SxMlPqz60t3E7/yWQl87UVzhxSrWBpzR+8lMafvHPNLTvTzV2/JOqDb2gKKzO9NDilaK3mfhs3nwhjUhvu1e6+8FGZd1jO6Rd96YB2QOedP/d0slIih5rLLPnBb1fjW3N247vPyw9FEknH5S0S3p/c5vdDzQq8h6LGtvskHTv26zgVWlftEu687Dx+v50/9Pp27SHoTkNwI5tkrY2+mUHTw/cqcYt9pEUbWsch23XTumnmv2RpHvvlO4zXt85xdyWhzc3jvXBuxvHMyPzovZKD9zf6Pu2ta3PQW/zlvIHTzrOT4trZWszjD7cvCYPNzu+q/l6dzOk3ra1sY919zZuW4+aY3P/nY4geVtj+X1b037F2+hCQude6Z470+M4+aAy15V5y33019JOR4A5W+d5+0PTqyje/UDjcxef03SB5K2T9KD0UItwdvPdknZZoTEAAJc3glUAwLwVRWESpI4c/qAGn/s9jRz4S02c/LRqQy9c3Fv7LwFh9Yyq/bs1euSDGnz+9zXy0vs00feo6mPHFEXhXHcPl4vDM5iK7Lq3UZ23+b5G4LN9rZKK2KTyrRk43m9VcroqZuP31jZD393Nvm5ttn+4WbnnKrrb2twmDozjtjIB8jT7lrRpHpdDPA3AtuacCtuaoe6jcbLq2N+Dd7t21Fy+uXG7dTJNQ/x6CvH+Nze/Hz7fksJd0rq4gnKdtMuYc3U65+DedY2g875Iiqx5WZ3Xijn+cfWvJN3fCA0P75Z0t7RZzbG+W/qpeP6K5ljaQfY2Y34L+/xsd8wdatr+UKNvziky1jZC/4c2N45/3b3GMqNyeWtz3ft2ONqYw/NszsG64z6rKrU59cD2na0rdi/4+gIA4NJDsAoAmHfqo4c1duKTGty7Q8MH/rfGT35KteHnFYbjivhf439RXbXRgxo/9RkNH/wrDb7whxo5+g+a7P+GwurAXJ9CzHtmcGSEcWYgs+ve9Lbl+yVp9/nfQhzfIn7v1rQi0tZOBe6M9M0O04w+xNMBxNXBW6fo290XUj08k+LK2vjLCEdbnYO129PXydjG1ZdTXCvbmhXFO5vVvw8+2Hj/8O7G+Mah9GFHpW/cZtG/FRzepSSYvWDxrf53NipzTz5o7qjR96nO41yd596dxoOtdhQ/tG5bs1r10RkpeQYA4LJAsAoAmBfq4yc0dvJfNPjCuzR88P9q8sxjimojc347/uXyFdXHVBt4RmPHPq7BvX+koRf/UhNnvqqwPnLe5wSvVNOsnosrGM2QzbyVOb5l2hXStevR5i3pJ6eoOJyumehbPA2A7k9D2riKMa6itCtvL2dTnYP74rFs3tZu3ibf6lqJpwPY2axI3dYMae+9szG+2+PK46KLskVwOpO3rifTPjzmqGBufmZ2XYrnebdRXbsjO/VGkQuaJgQAgMsLwSoA4LIVTPRpvPcRDe59t4Zf/AtNnn5UYa1fc55SzoOvYPyYxk88rMHn36nhQ3+n6sDTisJa2+cI89CUoclaabs9V6ddnWk9XOe+k41g6e7Nys81utv9sJ22NQOy3p3u29Cnpc2+tXp4VXybeTyvaPz1YDPMe7TXvT/XHKuXjYJzkBmnrWk15+bNan2tSOkY7VJyq3wSohpzgW7brsy8u/FYFj5sSfkKzJ1TzGE65cOrlIbk7zenAmh+ZuIpDJL5aS8ByTE7QnH7+n7/vcrPv2qI58DdfL7/QgIAwKWnPNcdAACgHcHkGVUHnlZ14GmFkzzpfvaFqg/vU314n+R3qmPJLepYdrvKPVvkefz77CtSXEV5+LAKE6ntD0m6R7rTM940q922NioTvTslz6yGawZZ90WSvMZt3/GyVg/Fmcp9zQcVxf3ZsUO6//7zq0Sckb7FQbMjhIoDwJ2PStu3N4LE3eua+9vRCF4vx3C11TnYep/0mKQ710nJ5RBXdq5tfa1IaWVpPC9uPIZmaLp2u3RS0ro701B3x2PFt7XH2zx2WLqzuc2DzYeinY+126UHd0r33ts4jrt3SHff3wxatzY+M4e95vjcLT24Q9o11+GqOW/tLuOaV+MfBLbfJz0dJG/AAAAgAElEQVS4uzE37r1SI3xtUb09o1MrAABwafCiKIrmuhMAALQS1gZV7d+j6sA3FUycmOvuQJJXWaLOZberY9lrVOpaNdfdwcX2gCfdP83bgjFP9Er3rJO2n5zeE+SBjOb1owcv7B9JAACYQUNDQ5KkPXv2tL3t7bffLomKVQDAJSwKa5rsf1wTp7+osHpurrsDQ1Qb0HjfFzRx5jF1rtyqrlXfJb/cM9fdwsWybYeSBzaRsQGYSjzH7IPb5ronAADMKCpWAQCXnCiY1MSZr2nizFcU8fCky4NfUefy16lr1Xeq1LF0rnuDWdesPts6xa3UACA15p+9dytV7gCAS8pMVKwSrAIALhlhfVQTp7+qyTNfUxSMzXV3cF58dSy/Q92rt6nUtXquOwMAAAAATkwFAACYF4LqgCZOf0mTZ78u8eT5y1yoav/jqvY/ocqSm9W95i6VF2yc604BAAAAwIwjWAUAzJlgok/jfY+q2v+kpHCuu4MZFak2+Kxqg8+qvPAada+5S5VF1851pwAAAABgxhCsAgAuujAY1/iJf9bkmd2S5s+MNPXqpMJ6TWFQV1ivZ78H9WSZokheqaxSuSy/VJZfrjS/W6+b713u6sMvanj4RZUXXq2eK9+iUufKue4SAAAAAFywy/+vNQDAZSOKQlXPPaXR4/+kqD48191pWxSFqo6OaHJkSJMjg82vxs9hrTor+/T8kjoXLm5+LVHnoiXqXLhEHT2L5ZdKs7LP2VIbOaiBF96t7jV3qXv1XfJKHXPdJQAAAAA4bwSrAICLoj7eq9GXP6r66JG57sq0TAwPamKwPxugDg9c9H5EYaCJoXOaGDqXW9axYGEjZG0Grl2Ll2rB0ku8GjQKNN77OU2e/YZ6Nr5ZHUtumuseAQAAAMB5IVgFAMyqMBjX+MnPaqLvK7qU51GdGB7QaH+fRs+e0lh/n+qTE/mVPO/id6yF6vioquOj0ukTyXueX1L30hVasGyVFixbqZ7lq1WqXHqVoWF1QMMH/1aVxTeq58o3q9SxbK67BAAAAABtIVgFAMyayf4nNHrs0rztf1pBarvK3fJKXfJKnVJ5gVRaIK/cJS9+v9wtr9ItyVdUH1NYn1BUH5eCCSmYUFSfkOpjioJxqT6uqD7WdheiMNBYf5/G+vuS9zoXLtGC5au0aPUGLVy5Vn7p0vnPf23oBQ089y4tWPf96lr9nfL8ylx3CQAAAACm5dL5ywoAMG8EE2c0cvQjqo8cmOuuZEwOD2rgxBENnTyq6mg27PU0jWrUUqf8Bevk92yQ37NOpYXrVVp4hUo96+V1r5RnVLSGYaM61/f9XDNhGCqKInme13K5JEXVQWmsV8HoCQUjxxWMHFc4elzh6AlpmsFrdWRI1ZEhDRw9KM8vqWflGi1avUGLVq9XpXvBtNqYVVFVYyc+pYkzu7Xwyreqsvjaue4RAAAAAEzJi+K/3AAAuEBRMKmx3n/V+KkvSFEw192R1LhdfvD4IQ2dPKLJkaFpb+cvuUal5a9WeckWlRdukN+zXupYIvM/m0XBqLk8DlujKEq2jUPXUqmUCWPNdYq2N0NX1UYUjfeqPnJcwfAxhYP7FJzbp6g2/Qrh7qUrtXTDFi1ev0ml8qVRLdqx7Fb1XPFDTA8AAAAAYNYMDTX+PtyzZ0/b295+++2SCFYBADMkrA1p+NCDqg3vn+uuqDYxpqGTRzV48qgmBvunsYUvf+k1Kq+4VeWVr1bHylfJK3dn1rCrTItC03i5HbiGYZgJRc31XMtc7duha7zM7mMwdkrBuf0KBp5XeO55BUNHpLDWcgQ8v6RFazZoyfrNWrhyrbwWgfHF4Hes0KKr/oMqPRvntB8AAAAA5ieCVQDAJaE2/JKGXnq/ovrInPWhPjnRCFN7X9b4uTNTrO2ptPRqlVe9Rh0rXy1v6Q1SqauxxApOXYGmHZy6AtP4Zykbfsbvt6pE9TxPpVIpWW4Gr67Q1W5Hyk5BUOvfp+rJryoYfFHB6an/T0Opo1NL1l2ppRuvUteipVOuP3t89VzxRnWv2TaHfQAAAAAwHxGsAgDmVBQFGj/5OY2deETSxf/PSVCraqi3EaaaD2sqUlp6nTqvfL06N3yXvOZt/WZgGd+ab4ajmVvvpcx6dugaL4+DWVdgGi+TlL+137FOHKoWibc39xGLokhBEGTaj+rjCs7sUbV3t+p9X5dqrcPwzkVLtHT9Zi1et0mVzu6W686WjqWv0sLN2+WXL4H5YAEAAADMCwSrAIA5E0ye0/ChD6o+cuii7zuKIg2fOq6zh/ZqYuhcy3X9ng2qbHy9OjfeJb97VeF6RZWokjIVqOaXHczG28e399uBpz0na1Elqhnq2sGr2ZYZuroqVc3tXQ/MisJA1VPfUO3lR1Tv+4YU1gvHp9zZrRWbr9PSjVfLb1bTXkx+ZakWXfUTqiy6+qLvGwAAAMD8Q7AKAJgT1cG9Gn7pA4qC8Yu63ygMNXjiiM4e2qvqWHGlpde1QpUN36PKhm3yF23KVaNKaRBphpnTuf2/6GFVZtuS40FUfj5UjUL3g6rM7V2Baby9q9rV3DYIglxwGy+3K1lVH1ft5JdVO/oZBQP7Cse21NGp5Zuu07KNV6lU6Shcb3Z4WrD+Depe9/3yvLmdAxYAAADA5Y1gFQBwUUVhXaPHP63xU1+4qPsN63UNHH9J/YdfVH2yIMwtL1DH+u9Wx5Xfr/KyG5JAslQqTWtO1PjLnrt0ytC1GZh6MpZb0yJ4ckwPYKwTbxvv194+MxZGIOs6jjhwdVW6mm24KlnjeV2D0V5NHP28ai//i6IJ93y1frmspRuv1vIrr1W5s6uwv7Ohsvh6Ld7y4/Iriy/qfgEAAADMHwSrAICLJpg4raGD/0/1sWMXb5+1qvqPHtC5lw8qrFWd63iVherY8iZ1XfXD8io9mQrPotvrzSDRXM9cJ2nDqjSVmqFrJMmTfM/PVYOa3+2pA5IvRUmg6nqYVdGcqZGiXLWryQxWndsblayttlcUKYoC1U9+RbWDH1Y4etw9/r6vJes3a/mma9WxYKFzndnglRdq8TU/rQ6mBgAAAABwHghWAQAXRW3kiAZffK+ieusHHc2UKIo0cPyQTh94TmG95lzH61ymzqt+RJ2bf1BeKX9LumvOVDNkjJeXHPOFep7XCFSt0NQOK10Po7JvzTf3OdU6rodhmfszq1Dt4NUOXc1w2Jzv1QxXzTlX40A1fj9uPx7Dyd6vq3pgp4KB/bn+NTuiZRuv1sqrblSpXHGvM+N8Ldz0FnWv/raLtD8AAAAA88VMBKvlGe0RAGDeqQ7t1+CL75NCd8XoTBsf7NepF/ZocmRQkuRZy70Fa9Vx9VtUueL7VC43AlXXw53i0NQONs3ANQ5Q42rSeLlZSZo86CmKMiGsGcq65jG1H1TlYvYtDjbt7c1Q1Fzfnp4g3t73fUVeJL8UP6AqylXr2m2Z41fU58rqb1F51WtVO/usagcfVHj2mewKUaSBowc03PuyVl37Ki1ee2Vu7GdeqJEj/6gomNCCdd8zy/sCAAAAgCwqVgEAhSbOPqHhl/5eioJZ31d9ckKnDzyrod6Xncv9xZtVuepHVV777ZlQ0/WQKfMWf1NSYeq4vV9q3NYfv+96mJT5vjlnqosZkEr5h2XZbdu35rv2bc+pGi+zv+z92tMHmPsyH5JlP9DKbCOo19PtPE/B4IuqHfgHBaf3SI45YbuWLNfaG25X58KLMw9q99q7tPDKey7KvgAAAABc/pgKAAAwa8b7vqbhwx+e9f1EUaSBlw/q7KG9CoN6brnXsUQd1/+kyuvualSaNgNVs1rTfF0ul5PQ06z4NOdUNas94z7EbRRND5D0xwhMzXlTXbf9m8c41TqtxqfVf6rNalW7n2bYaj4wK4oiRWHabhAEmakB4nUk5aYIiNuOA+ha/35NPP8ehYMH8p3zPC294iqt2HLDRZkeoGvVnVq06a3y/OLzBwAAAAASwSoAYJaMnvy8Rl/eNev7GR/s16l9T6s6MpRf6JVV2fRGVa7eLq/c5QxEpew8p/E6rmpUz/dULpWT6QFcYadrztT4/fh7q2A0+7AsT2GYrSJt9C27fRjmq0zN/zS3ClbtKtW4DTNsbbVtGIYKwkBBPXD2IQxD1ZuVqq524vfDMFTt5c+pduCDUi1/LksdnVp19U1atHbjrE8P0LH0Zi3c8pN64smndfr06VndFwCgYcWKFZKknp4ebd68WYsXX5y7FQAAuBAEqwCAGRVFoUaOflLjvf86q/upVyd0+sDzGj51zLm8tOJWddz48/J71iVBZRyIuuYujZeXjGrWZJnvqeSXnPOtxuvat//bt9nbgav9MKk01J1+aBiGcdhavI0dusbrmoGta35Xc2qBolDUDF/DKMzczR8/3MquVjXHKgiCJHRVFEmeJwXjmtz/D6of/ZSc0wMsXqbV192irkVLpz1O56Oy6FotufanNXbiU6qPHXeuEx9POjaRJK9xLPZrT83309fJ22mLMt/JtR+PUfzwMUXy5JhKItlN5Gg/cwD518YG5u685v7MZhr7N3ttLLf2nxy+sULj+OL1msdhjpOsccy1n+43Ow7Taz/f/6JxiMxhz/bDfp0d8Nw4ucY91769/2T83OOStG9dH/nr0R7O/DhN1b5r6pLseTBPX5Qud1yPpc5F6lq6xdEvFXCPe1H7rmbT69T8HKbXh+cYLnc/Cj4o5nLXODnbj8yt0s9Rwe7y4+Bur+Bj42h/er+P8gNb8Psod7236mf2PJS7lqo+OawwKutcxw264ro7tX79+qIGAAC4JBCsAgBmTBQGGjr4QU32Pzmr+xkfOKuTzz2uoDaZW+Z1LlPHzb+s0so7kpDQvDXfDlXNQNWeN9V+AFVRJWu8D7sKVkrDiHZDU5dGX3xFUXEVaTvCMA1PzQdsxd9dgap9e3/RnKxBGCgK03DVrqA137fDZUmqnXtRk8//tcLB/a6B0MqrbtKyjVdf8Bi0Uupep2U3/qIm+r6o6tABd2hTFOoUhpbF4Wom9HGEq7lQSNlQ0ZXt5EPE1mGqI12x3s6lfdmXBeGt1Z3c/pJwywyrphGuZkPegpB7GuFtLnxrEa66QuaifqVL7ZA5/7nKtN8iXM2M05ThZ3Yc8sPp2H7K9h3hYOY8mMObPYDkOvZ8LVh5Y37KjWmHq+5wsyhczTdvj0vzOC8oXDV37A4j8/9YkV3f7F+uuWl8Tqf9OVHR75PWIbTzF2Dmc3Q+4Wq6w8w/xvhljVS2aOW130u4CgC4pBGsAgBmRBhMaujA36k68Nys7SOKQvUfOaD+w66wraTy5h9Wx9VvkVfqbLzluMXfDD/j90rlkkp+KRcumm24QtXsbfvpg6jyoer0AtU4OJ1J5xPCmtWsU1WqFt3eHwRBEq66liWVrgUP04rXqx//V9VedE8P0LNyjdZcf6tKlY62jq8dpc6VWnrjf1F14GlN9mf/z5IZquYW5FZUGkJMs0KsnYpVVwhjhmSu0La4n1ZvXGGiHYKYy5PmHBWrzrDy/EJVs19UrDaXz3LFquu0ZM9Dfpxc//jQsWiDKgtWFPRLBdzjnv/Hh+JmXWHhzFSs5vvl/Bw528+Hqq12VxyqOvZfEKpmVnCEqrnlbYaqBQ227Gdy/ozt/HKnTvs36MbXvl6LFi0qaggAgDlFsAoAuGBhfUznXniP6qNHZm0ftYlxnXrhSU0MncstKy2/Wd2v/q9S1+pMSGfe+m/fxh+/Vy6XM8vi7e0wtdWDqqZTjZrdd3vhqf2Qq5kyndA1NIJRe+oA8/10/XxgGkWRIjW3C6NMuJrdV5hdFm9fH1PtwIdUP/ZZKcpuU+7s0tqbXzurUwP4HUu19Pq3qT70nCYHns0sc4VGyYLcikpTA0e46go/qVjNHVDBSypWk+WXeMVqpXu5OhZvzG5otjOtMM4VblKxOu3PiYp+n7QOodsJV13DkZe/PrKfE6kellS94s265ZZbihoBAGBOzUSwWp7RHgEALitRGGhg/3tVHz08a/sY6z+t3r17FNbrjb9KY15ZnTf/kjo3fo+kRjBnV6m6AtW4SrVcKuceNGXf+m/PmZppozR1QHqhVah2qFr04KbzCVw9z88MpytozQbGXhK0FlWymqGz+RWGoYLm/3z5zbb9zHb2sSUhd+cilW7+BdU3fJ8mn9qhaDIN1+vVSR176mtaseUGLd2wuXB8LkRYPafB/e/Vspt/VWF9RLWRw83+paGqZIYIRamkHfbZWZcVUlghmV2RmKtYzWVp06xYLQhrzHDDFarO14rVVqFqep6MDdoIVZP27XEy228RqkqtQ095BaGq2V/rhNgVq63bd11nVhhoXk/Kfk5Kle4ZCFWVWfFyrVhNd2OHmvbvE9kXaItxml6oGr8uClVzy9sMVR2LHQp+nzRf18bOqTp2VkF1XONLX1/UCAAA88LM3rMIALhsRFGowYMfUG3oxdlpPwx15qUXdPLZbyiq1+VJyZe/YK16vv1/ZUJVKa00jStR7YC0VCqpUqmoUq4ky80wNa5ibb19OQlV3aFrKfmaqVA1fm3eot8qyGz15drHVO+ZfN9XpVJujkMpNz6usYvPSblUll/yk3lt4/XtaRbicxG3I0n+4qvV8bo/lb/ijsy14EWR+l96QSef+Ybq1fy8uzMhmDyjcy/8lbrX/juVulY3xykOSxpjlYyYPXae1wwPmilD83XydrxaJv5Jz3f2gWdR0n4Smnpe2nzckShdv7Ge2b7VT894bXQo/7axwDruzPJkO2t59vAay5vtxKFM2q/syOQ6FpndT8fBXCHXvnUe4v3l9maPg+cloVi8v8wAWf2yhsEY/+y4mOOUad9xHqJkO2OclL5Olkf5ccifZ2XHwfPaaN+6ziTrPJjLvfRbJPl+SZ1LNhnDkxso5/hlV4i/ZT8n8XG7Ns9fRfbn0BgH8/gK5S5kq9+e65vx+yL7fnIcmf5ZzUV2Q44DleS+cOKX2c9ZZhxcu7HGKT+w1u8ru33rOsnL/z4Jw7omB49q6NjjGjuzX7XRMyp1LjqvfzgEAOByQsUqALxCDR/+uCbPPDErbdfGR9W7d4+qo0O5P8zK679bXTf/UjKXqiRnlar5FT+cKp5L1fWwqSTAsypVXfOk2rf2T6dQ0t6fpNwfjK5A07VdO+wpBIoqQ+3jiH82K1ntcWi89pIHYUVRlJyDeNoASZllnucp9MKksikMQ3lhdvxj8fQAsVLnYpVf89uqHvm06gfeL4X1ZNn44Bkde/LLWnPDHepesrztcZpKMHZSA/vfp6XX/yeNHH5QQXXIqPQzK8zsSry44suulEvDjMb2VgUYFavZA8rtP90vFavp9XGpVqx2LNksv9RpDE9uoJzjl10h/ub+nLg2N5vNfA6oWJV5QvOfutwJtobB+n1lt9/G+ayOnVF15LSCiUFju8by2kiv+vv7ixoBAGBeoGIVAF6BRo9/RuO9X1Djj6OZ/ZoYHtCxpx9TdXRYjb+wml9+pzpv/Q11v/rt8kqdmdDNDFXtKtMkdPX8aYeqjQrLkkol9/ypZsVoGAaKrLk/XczqUruNmGv+UnPeUnP+0qJl9le8T7MStSjYdWkErsWBbvywK3M/8c++7yd9tYPukl9Kqpvs82WfI7vtjk0/oK7XvVte1yqZ10hQq+nEM/+mod6jmo1rsza0T0MHPqieTT/WCImidCzTCjNrrKhYzRx+0gwVq+7252HFaufiTSp3LrKGJzdQzvHLrhB/y35OqFiNuS6c+OWlV7FaGz2jkd5vavzMQQWTQ5nrx5u6AQAA5g0qVgHgFWb89Dc0cvSTs9P2YL9OPve4IuvBRl7PBnXd/lsqL1wvKXvrv3mruflaavxxZlaqmsvi7eP10mC2+A85M5BsBH3n9++L9ryi8c/2vKPmPu3929vb69r7M9uwA92pmNWs9lyscdWqKa5glZSb59YMhmOBApXUuPU/XicIAmMffuacS5K3aJM6t/4vVZ9/j8K+x8yj1ekDzyms17X0ii3TPsbpmjz3jPyXP62FW35cI4c+pDCoNvca794aVypWM4ef7p6KVWf786xitWPxRpW7lzoqSnMD5Ry/7ArxN/fnxLW52Wzmc0DFqswTmv/U5U6wNQzW7yu7/YLzGQY1VYdOqDrapygM8r9PjNf2SAEAMF8RrALAK8hE/zMafPEDs9L2yJle9b34zfQv0KbyFd+vjut/VqVyR/KeGZKaX3E1pCTJUyZQNdePFQWq8UOazPfMIHXqqqZ0G5s9Z6pZiRkvd4Wm9rZm6DZVBarr9v+iaQemCl3jkNX1sKtYY9z83BQA8frx+2ZFceRHitQMZEMl5zLujz0PqySp1KXyzb+qaMWrVdv3t1KUTg1w9sh+1WtVLd90XWHgfL7Ger8kr9yjnivfqtEjH1YY1tMMwU5nzFI147tnZRZpKNF4x7w+ku8yto9DL88KhZJCM2u9TGhm9ivuQPa1l1st3r/dvt3/eDtreVH/klAse3x2HJbpWPwrwuhXen2l4yd7/KLs+MkRrqbrpf2MMucrOw52v+wwKRtuG+0b45Rp396/tV3uOsldB9lxcFxomRNiVvROr33j9Mh1HuLlnjoXbVC5e3l2HJPhyQ3UFOGqOSAtzrO1uZfdOned5a+TqcJV+3q0w0frOk3Os/VrwBoHu392c0Wf06z85yR9mf09kBsHezf25zE3sNnPaa59L9v/MJjU5NAJVUf60h2Zw2WOv2RdxwAAzG8EqwDwClEdPqyBfe+VFEy5brsGTxxR/+F92T+hPE+V639GlY0/kAtD7aA0eYiS3wzqlH9okx2qpg9Iygd2rjlVzerU+Nb/NGh1B5tTVYXaFat26Goeb1HAam7fKkC0wxzXe67K1+KwtriK1WSHqmYFq12FGoZhI/AqS1GtcUzlcjkTyMbVrI11pZLvS+u/T+rZpOCbOxTVRpJ9D504rGByQiuvvVm+Xyocm/MxeuzT8isLtWDDmzT68ifSUNEehySUaIYERuWfmVVQsWr2Kzsyro6Z/aJiNb0+LpWK1Y6F61TuXmGEiVSsvhIrVsN6VRMDL6s2diZ74FG2n1SsAgBeyZhjFQBeAWpjJ3Tuhb+SWRE4U84e2qf+w/vV+COt+eWV1XHLr7UMVc0ny5dKpcbT5v1SZi7VODw1nzyfPKG+XHaGqua+fL8k3y9NGaqa82AWVYK6vuwg1fxyMatZze3tKQRcbdn7Ndsx+21vO1VgG49FY5yy65lz1Ta+p+FmfF4qlUpyfpIvz88ss5enQXr6VV56nSqveWdu3tXRs6d06vk9CoOZv3aHD31EQW1I3Rv+XfqPAvZYpSVYUlIBZrwdr5aJf8wKrvR1sqGMCjSPOVaZYzXeLj8O+fOs7Dh4XhvtW9eZZJ2HxutKzxpVelaly5PzYA5PbqCc45ddIf6W/ZwkFaeOzfNXkf05NMbBPL5CuQvZ6rfn+paEqvbpSI4j0z+ruchuyHGgktwXTvzy4s6xKgWaGDym4ZNPqTZ21j0gxo7t32OefaEBADCPEawCwDwXTA7o3LN/0agEjKIZ+4rCQKcPPNd40JCn9Kvcqcprfl+l1Vsz/YirTs0wtVwuq1RuhKpmZWr8vRGeljLbpgFd8R9sdoVqdpmfC1WLwsii5a7b/VsFmK5AtdVr+1jMNlzbRVGUuT1/uiGsa2zigNX3PecYuyqN7eXJOS43v+Lw3FlxnC7zFqxV6Y4/kNezIXNNTQyf08nnnlAwOTGj17CiUAN73ydFvrrWbItPln3yZJVimd/yFWKOSrz4dbKhjAoxs9JLylSAKQk7zPaNfklGB7Idyr+drzAzXqbLk+2s5dnDU1oBef4Vq/Y4mCvk2rfOg1kZmNmbPQ7RK6BiddrtW9eZZJ0HqbxglToWrskuT86DOTy5gXKOX3aF+Fv2cxIft2vz/FVkfw6NcTCPr1DuQrb6Hbm+JaGqfTqS48j0z2rOsxtyHKgk94UTv7x4FavVkT4NHX9ak0MnCsclMxDm9WF+DqyRAgBgviJYBYB5LArrOrf3rxXWBme03TAIdGrvNzVy+qQyCVjHEnW85p2qLLsuE6TZVaFJONqsUvXi/3nZalbXlAHlsvsBVUUVqq71iqpOXYGlaxs7nHTdhh/3u2gdV6VsUV+m895UIXE7laxFFazZsc5WoGZD7+Z7fuMrDs7NauNKpZJ7MJbnefI7l6p0++9Ki2+QeW1VR4d14rknVJ+cKDy35yWqa2Dv36jcs0mdS25KS67STiktxYqS13YhGBWryQLZI5PrWGR2n4rVZHmUH4f8eVZ2HDyvjfat60zZcaksXKvORevyy5PzYA5PbqCc45ddIf6W/ZzEx+3aPH8V2Z9DYxzM4yuUu5Ctfnuub0moap+O5Dgy/bOai+yGHAcqyX3hxC9nv2K1Ot6vkZPf1Pi5w0rubikYl8xAmNeH+TmwRgoAgPmKYBUA5rGhwx9XbeSIImnGvoJ6TSeff0Ljg2cz+/K6V6vztQ+ovHjTlLf/VyqVRqWql38wlfkgq/z7+T/S4kDVDlOLgsNWt++boaM5p2vRrfnmMlf1qlndFmVCk+z2ZrWpvb/pvjdVte1U77vYAavveyqXS8n0AKVS/lyZPyfTOHjpemala/zdHFff8+RXFqpy22/JX/W6TH/qk+M68dzjmhwdntFrOgzGNbDvfepas02lyhL7glFaiuUlr6lYjZJ2qFg12r9MK1Y7Fq1XR89q9/LkPJjDkxso5/hlV4i/ZT8n8XG7Ns9fRfbn0BgH8/gK5S5kq9+R69u8rlgNg5pGTu/T+JkDCuoT6eLcgVjHYeyYilUAwCsZwSoAzFMTZ5/S2Ml/lWYwggrrNZ3au0e1sWF5npIvf/FV6vzWd6m0YNWUoWq5XG48pMqaS7XVVyPAy4Z/RYFqzA5A7T4VVX2aD2uKH87UqjLU1V68fzuINV/bgXI/OtAAACAASURBVOpcVawWVdFOl+9nxy6Z4qFkBrLZytZ4uRm2JvuP26h0qeOWt6u8/rsz11pYm9SpvU+qOjasmby2ayOHNXLsn9Wz8W55vvFsz6Tiy66US8MMyagQMyrxqFjN7iG7/3TcqFiNt5uDilXfV9fSLaosWJm/DtPdpPsxRsYaKOf4ZVeIv2U/J/FxuzbPX0X259AYB/P4CuUuZKvfnutbEqrapyM5jkz/rOYiuyHHgUpyXzjxy9mpWK2N9Wuk9xkFE4PZ9q3rwDkgxo6pWAUAvJKVp14FAHC5CaqDGtj//2a0WCQKQ/Xtf0bV0RFl/qxccr0qt/22/HJn7tZ/s/IznnPT933Ft/2b69pzqMaKqlSnut1fKg5X48B0OtuZFWrx8jAMWwaq5nEl49cihHUtL2q36D17mdnudN5v1X5jXtp4u7Bwv2b1qV39Kyldrkhe6CmqRcl75v7iwFmS/OvepsBfJB3/VLKvsB6ob+/TWnvza1Xu6Mz15XyNHvusOpfeqO5V36axU1+KD1hpKZaXvD6vitU4nWmuP1XFahqm5NufTsWql3k7crRvrGf9ssgtz+0+rhA8/4rVeL9FFauZ9h0Vq16+9Vdmxao33faz15lX7lDnks0qlbuM9axhSS7b2atYTf4RwrG52Wzmc2BUrHqZcSjaf0FHp1GxmnyOHKcjOY5M/6zmshdQi3FyXTjxy5mvWB3rP6Ta6Gl3+7nz6fh9Y+w483ssuR6zIwUAwHxFsAoA80wUhRrY9z5FwdgMthnpzKEXNDkykClA8Va+VpWb365SqZypOpTSoM0MVUt+Om+qHbxO55b/VmFqvE7cX/v1dKox7VDTbMO13lT7zPY933ar5a363up47PbNdexK21btFx+LLykbrpZK6XkJw/z0BJIyoatZCWyGrpIUBEGznXQf5at/XNGClQoOflCKGtsG9ar69j+tNdffplKlkhuH8xNpYN/fauXtv63SwLOa6H86CaXM8CoX6ljhWBJ25EIjOwyxQyE7DHGEY5nuRtbq7pCoKFxN+ylj/1b7mdWt9h3jkG5XHDLbKVVRuOoKz1wpr/s8pP00Q7fcOCT7d4yDHRqZ45AZJqv9FucvN07m9WGPU7sh87Tab7xd7lqm7uXXqj5+VnU7PJP12jEOrtXz4WZBqGandnY/8xuk4yBXaGiPk3t7e3/5cND9jwyZz1F+t44dTvU5lXOc8v+Y4hi3zIbF4WqrELpeHdFo7zOqT47IHBf37ytj2M7rc+JJ6+wDAQBgfiFYBYB5ZuToP6k6uH9G2+w/8qLG+k/LTFX95bep8qpfaz4wKjsXqR2c2g8pspnBXiN4y1eqNtoOrG383DqN7+Yt9tm+FS03t3e1WcQVslxoG/Z7ruVh2BiLqcLmonamaj+KQoWha4zcFasuZnAaB6V22BqvFweudsjre55CSd76N8iLAtUP/n2yrDY+pr4Xn9GaG26V75em1aephLUhDez7Wy278W2qjRxVMNlvVGC5Q1XJWq58SJYLXc1Q1d7eWYnnChNdYZ6M9gvCRKvCzBWqOkMSZ1jpDlUzYZ8jVDXDmwuqWHWdh4JQNR6XZDfWOMkch4IwsVWomt1/vp+yx8kKPV0Vq/b1kWvfuj5y5yHTfuPtziWb1bFwnbsiUdnX5vXhyLQz18f0QlUpdx23rFi1PictQvfzCVVzYanVg3yYmBlexw6nDlXlGKfG8uzcwfl2pheqxv12jdPk8EmN9u1VFNZVdB7i10W/T5LlmW5QsQoAeOVijlUAmEcmB/Zq5OinG3/LzNDXwLHDGjl9MrMfb9EWVW759Uyomizzsk9/N+dUtasnzafDZx985A5hs9WuraYCiB+6lF+nKFS9lDT66J6uIF0+u3+wFo2hZ51HWzznamNdLzO9Q+Z9v9S4LowpIFzzV3rG8tIVPyj/ih/KrFMdHdaZAy8oCsIZu+arA3s1evyzWnzNTzeOP5LiuRwb4UYzDJY5J6GxXGlYbB5zZnkcunnZOTLN9uVaboxN47vS5XG60mw/szxdYLRvhEqOsTdWz7dfMA6K+y33OMQ79BzjYHYw1356oPn27fNg9TNKhz07Dsn+k2aNfsrYf/pPSq5xyrTv6Kd5/jLjFFnnN3KPQ2Z7u317uX0ejOV+qVsL196qjkXrjAOS/UPmtWePg7WdOS7mOOTbM99OR9SzxyG3unUc6YnJf04y+zd3mLkgZK5ofezS8cvsP7dZsl1+h9brpJ+yrrPs+o3lxnWcOwyrA8o2ZB1lbpykSKOn92r01POKosD4fdLq95UxbMqe/8LPib286DoAAGAeoWIVAOaJoDqoc3vfq0jFgVy7Rk6f0FDv0WwgumCDyrf+jvzm7f+SkrAz/jl+OJE5p6oZwCZPizfC1PiPuqJpANKfzz8Mne1Qdabab7Vtq31cjNDYDnVd0wVIylSqxq/Tc2xUqvqRgjCQLz/zh70d2IdhqCAI5G/5MUX1EenUo8myiaF+nT2yTyu23DBjxzl89FPqXPYqLdjw7zV6/FPFFaVGxVeyXEUVYMbyOHSbwYrVvi98Tnf83lG94Xe2633f051dHoeyyW7G9Ml3/KN++avmUW/UX/7jXXrTcqP9eK9nD+k/b/+KHsmM0m36xGdu0h3JOJzR/3nDI/ojXaG/+Ifv1JuWS09++EG9+e8k3Xmn/u0dm7Qqqcw8rb/+gc/rXVqvv/jQd+qNy8wKt8ZxP/XRj+hH3u86O+v1Zx+4Uz+0rOA8pMM0gxWr5/Q3P/JV/Ymu14c/eo1uU0H7l2jFaqVnjTqXbUmz+ezlZP6QeU3F6uVfsRqFNQ2deErBxFD+95XjPCTLM+eZilUAAIpcmqU6AIC2ndv7PoW14Rlrb3zgrM4dPZh9s9yj8m3vUKmjJxeKSso88d0OVe1KVtecrEWVkHH7MxEWFoWOU1WJXmj7M6WokvRiVuI2zmWpsCrY9z3jK507t1QqpdWnzZ9LpZLKpbL8kp+pXjXXNa+LMAylq35S3rJbMvsc6z+tgWOHZvAoI53b+151r/52dSy6Jq3wKqjUvGQqVuPlspabJYZnD+lnv9cOVSXpZf3yj35AP/uF8bR9Sae+8Kg25UJVSXpKP/yGf9B7XjAqJZtjl6u8e+wxffSFuEPZysxWFatuJ/Sr//Ex/dO5gvNglO7NdMWqXYF3OVSsdq24Tl3LrjIvv/QwksOxf/em14+rItEaxtw45Nsz305HlIpV83M68xWrYVDV0LEnFEwOuX9fGa+pWAUA4PwQrALAPDBy7HOqDuxr/J00A18TQwM689IL2Z2UulS+/Q9U6lxSOKeq/aAq3/OVvcU/e9t343XxFABTBXjtatzG7m6n1bKZaH+mgtvW+78YoWp742RPDWCHpvFX/Md5qVRSpVJJAvrkD/TmtdbYviz/pv8mb8l1mX0Nnzqm4d7jM/Y5CCbOamD/B7T4mp+SV+qWXJVydgVYq4rVTIXZ1BWrci2XjPaS1dMKs3i5rOVJ6dm4dv3ZFxsh6bd/lx7/3E/q5c//pI5+7j/q8d/aKEl65A93a9fZ5vYvPKtveefLkqTf+Iuf0JFHGl+HP/MG/UZzX3/04SPqy6Sg7sq7d739ee1xVGYWzbEaH8+vv/utOvjwW3Twn96igw//oP78dZJ0Qv/0zMRFrFhNR9Z0SVSsFrTvV3rUvfJmVbpXJNvlCgmTw8kel4zrJ1eRmBk/9zjk2zPfTkc0sscht7p1nOmJyX9OMvs3d5i5IGSuaH3s5KpYdWx2WVSshvWqho49rqA2Wvz7ynid/31lDJuy579lxaq5vOg6AABgHiFYBYDLXHXokIYOfVQzlSYFtUmdPbyv0bjnNb5KFVVu/U2VF65rOaeqGarGYWn8Zd/+3wjUGslJXN2Yttf6YVeXksZDnoKWoWm8bLZC14sx52oraRWt+5zZlatm0B4rlRpzrsbBqlm56jWvQ9/3VYq/Sp3yb/p1acG69Dr1PA2cOKSJoXOaqc/DxNk9Gjv1dS3c9CON94xKucuyYvVcrz75VUl6jXb93hatSQrhPK2+6y499J8k6WU9/M0JSdKep/dIkl7/m2/RL94go/BvlX7xz26TdJs+8T83aXWmMi1feff6OzdI+qb+z5cm1H7Fqlmp2a3XfVfjMeOf7Rttjs+4PvWHH9c1b/q4rrn7E7rmTZ/QNe88ptPNcen70td17T0P6Re+PKGnPrZL196zS9f+8C5du+OYzpiVeFG//ubND+u6Nz+s637kYV33wHGduRwrVj1PnUuuVM/qW1TuXJy5PqhYTS546/isz0lm/7nNku3yO7Rez1HFalif0NCxbyisT7T+fWW8pmIVAIDzQ7AKAJe5oUMfk6JgRtqKokj9h/cpqtfkqfEnkef5qtz831Ract0Fhap2hWLRXKpx+DgTFaSzbTq3308VqsbLzvdY4/Znqqr3QsQBqytk9X1PpVI2XG1sk36vlJuBaslXqdxoIwzDpFK1XC7LL5Xk+b4835dfWSDvpt+Q37k8vV4l9R/Zr6BWnbHjGj76KVUW36jKwi1GBdrlWbHa99ShRrXqz67RHUqzmri9O269XZL0yBd61adxvfyCJG3UD726K01v4v3ddLMOZ+ZYjeUr72576436H5I++8DjevhcexWrmdfRuL7+pcbD9L5/dY8ac7F+Wv/169ZJ+/o39DtfnkgqGSXpc3/yL3rrB411/u0JvePL483x69f/ffNX9G6zjX97Ut/+wDGdMY7DrsC71CpW/Y6F6ll9qzoWbZA8P7t/o5+yv1vHJeP6cVUkJodRMA759sy30wuJilXzczozFatBfVxDxx5XWJ+c+veV8ZqKVQAAzg8PrwKAy9hY39c1ObB3xtob6n1Zk6PDmSqc8g0/p9KKO6YVqtoPs3KHqu4Klpm+jX06geZMKOr3xXqQVKMPl1b7rSpoG+c/nUrC9ZCrIAgUKvvQq/grWT8IGvvoWKb69b+u0vO/LwXjzWV19R/ZrxVX3ZQLeM9HVBvR0OFPaNGWH1X/M38sRWFa4WVUXEZG+GFWgCXfZSy3tnNtL2M7LxO6mZV+cebiZTKMtNIvH9rEazTaSbePokhau1Cvl5rzqY7o+Ney+5MnPfngh/TDf2uO0K36xGdepdvTEUv3n/R3ld72p6/Wu97+Tf3KZ0/rh34srWjLHl9agRh394//+0f0x7mzsl5vvKVLnifd9pY36+Bb0hCz70uP6c53n9Tn+sbkeV1GiHWTPvLQdbpNkZ762C699YPS5/rGFalLZ75yQH8iST/xHdr/5mWSpKc+9rB+9O/36OP7N+jnk1knrIpGLxvq5c6jfZ5lXQeu68QaB+dy6/oolbvUsXijKt0rMyFw/jozQkEluzF/yCzIVKzG2xurp+fXDjddMWn8tn2ezfGxe2GNg2P8suNoZ51mZWZkXvDJ5yfztvU5yX2OrO/5HVpHkPuc2hmp2b5xvuzRy+840/F4/SiY1PDxPYqCanZ50e+rVtdZfIKNcclf5+7rI9s+AADzG8EqAFymwvq4hl766Iy1Nzk8qOFTxzLv+eu+V6U13z3tUNV8UNWFhKoXKxS9UFP1bzZD1an2P5dj2KjALQ5YzXA1CILk+jCrU70gvYbMcDUIAtXrdYXNdn3fl79og3T9zyt8/s8VxxGTI0MaPnVMi9dunJFjGjv5ZfWs/U51r7pT46e/WlwBZlR85SrAzEo5o1LTs7c3Q5YoDV1yFWYyK+GiTIaReZp583WWXYnXXN47YjykaqE2fJukrykTouTl4zC78i6KIunGLfqLrd/Ur7z/83rPq7+32d3pVKzaXqWPPHx9s+I2PQ+nm4Fq5ijj8EyS/sNK3dbs0W033yjpBcXh77G+3sY6H/qKrvtQdm9P900oSoJVq6LRCvPmomK1c/EGdSzaaPXOsX9HwWO6wdTXh5WJZpvJhZoFlYpW6JoJ85y9sD4nZqWm83Pi2qHZYetzmAlV85+TzOcoc55lnIf8uKUvI7O7yXb2ONmhbv4wrA4o21AkKQprGjq+R2F9PLsjK7SNx33KitXMeW6jYtX8fVJ0HQAAMI8QrALAZWro8EMKJs/NSFtBrar+owdkJhle10qVr/3p8w5Vs7f9txeqxn/kXYi5DmXnMvQ0A82oOU1EvR5ocnJSI8GoJryqJoIJnZ04p9H6WLLdWH1c482qT0nqLnVrQbk7ed1TXqAVXcvUVepqvPYXaHFlYTInqq1xfMXhahR5mdA0rlaVGnOuRooUhem2QRAkla2S5Hue4lf+8tdIV/x7hcf+OVk+fOq4OnoWq2vRkukOXQuRBg78vVa++u2a7N+jMBhzV4Bd4hWrq2/botfrqB553yk9ee8q3WFVoD0Zz6l611qtVpc23ijpa405V9+0rTEdwB3bf0JHtkuKTus9b/iM/igJr9KxylesepK69UP/5U49vPsx/fHbP5/0dKqK1V9/91v0CzfkQ8V4vSc/8jG99QPSf//jN+vgJ9OK1Xi/8bB93+oFRsWjjP23rqvLLs+uOZcVq365W13LrpVf6bZCdKXb564zY/jS1cwfMguoWLU+R9b3S6ViNQqqGjr+hMLaeOZ8UbEKAMDsI1gFgMtQbeykRo99XjNRDRJFkfqPvqgwqCV/A3mlTlVu+12VSo3/TMSVhHEFYRycxj97yj/53ZxHs1FpGDWXebn9R445Yoveb0cc2l7Iw53MYzjf/Te2z/chioILat/ch9l+EISamJjQ6cmzGoyGNVob0+mJszo3OaDesT5NBJOSpH4rWI2N1xsPLuoud2Xe7/A7tLxrmRZVeiRJXaVOretZq9euulVXL940rf6GYZQPCJviayypePZLivzmNADN7cIwTK6xKIpUam6nKJKu/FFp6EVp+EDS5rmXD2j1Na9SqdIxrf61Uhs6pPHTT6pn4xs1dOjD7gowo+LrkqxYXbZWb/p26ZGvPqG7vzfSQ5+7Ra9ptt/3hS/onv9PSuZUlXT7rbdL2qNH3vlR/Wf9iN67rTvZ/54Pf0Z/1DiLyv4uKqhYlaRlV+oP7zuqzz5wPOlpe3OsRkn7nqSo/6j+5gOSdLNed31jP8f60qrVTMWqOQ5GxaAnaf3qtZJ606kA7Eo8jcvaMNN+ppLP1U/jdXNFnW/Fqlcqq2PhenUsXJ+5DrK9c+zfUfBojkNWfJ0puf6sTDTbTC7ULPh9ZoWuVKwa/XB8brLtOE5gFCkKAw2deFJhbdw4zwXjZP++cpyHZHnmPFOxCgBAEYJVALgMDez/oGbqD5bhvuOqjY7IfBpy+cZfUal7uaR8qBo/tb1cLsvzPfleqyrV7EOKiqpWXaYTOE5V1WqGs672plMVm1aVhoXL4wpUs/3phrpTBap2H139r1YnNTA5rL3DL+rA4CH1jvXpzES/RmtjGqwOaag6rMlgUmEUym8eT/yz7/kKo1BhlD++IAoURKFKnq+KX2lsNxAqaI5pySvpO9a9Tq9ddWthf80xalSlejITwDCMkipUc9v4eovD1MBLz2N8raVthM1q1kjBVW9T+bn/KdVHG+NVr+vcyy9pxZbrp3W+pzJ08CNa/a2/r8rpr6k28nK+AuwSqFj9zO/v1Mbft3t+pf7yo9+ju5d36+5f/W598qtf1CN6Uvd835O5Y3z9b23V3Sua7d/4Kn3jN8/oW975sh5558e06Z2OQfmZ1c0HWMWKKlYbx7fqu27Q/3jguN7VWFJYQZcJPx2VoFIkb3mPbpX0WT2nt77puVzXzIrVxt7cFaurv/Ma/dqf9upPclMBrNWfvu+1euOydP18+xenYlVeSZ0LN6jcs0ae71vXhxkOKt0+d50ZoWC6mvlDZgEVq+k4RPnNld+hdQSzXLEaedLIqWcUVsem/H1CxSoAALODYBUALjNjp2bugVWTI0Ma6TuRec9f970qr7xDUhqqSnEwmk4BEIsrilzhavpee39cmaFk0XLp/ELJdqpYG38cuteL2w7DwPl+Y39pYGi3MdUxtFoehpEGq0M6NHxUz/S/oP2DL6l/4pzOTJzVwORgLiSNA1TfmHrA/tl3TEtQdvzfBN/zVVZZYRRq3YI1+rbV36JNC64wjjl/nNN5mJVZiWq20wjH02swnnO1MQ5hI5Q11vE7lym46udU2v9niqOJ6uiQhvuOa9GaDc4+tCOoD2vo0Ce0aPOP6dyzf5KvADP6PZcVq4UiSSu26H2fX6NPvuMf9ctfNRdu1F/+411603KjfUlr7tqmI9v69J7XxxWqsdv0ic/c1AxVs+FSYcVqFEnGg6xkjEPawTYqVqPl+oU/fpXe/evPNte9WR/55Ep9/U1f1Ls/cEZ73rxMVxjjUlSxGkXL9fOf+A7ph7/SeIiVJDNUNUPjzHBaYd5sVKz6XkmVRetU6VnX+Ices317/5l+UrGaO1D7c5gJVY3rI7P/3GbGOLjHLX0Zmd1NtrPHyQ5184dhdaB5XONnXlRtrD8zTmnFqGOc7N9XjvOQLM+cZypWAQAo4kVT/VUJALhkhPVxnfq3356RuVWDWk1nDj6rMKinb3auVPm1fyLfbwSnZqVq0byqyW3bxoOqsiFrPu1pFRpOFXxOFbqaiqpT29m+VQWmaz/TcT5TFMRh6nMD+/T46af0XP8+nRw9pVpYSypOiwLS2fJta79FP3HdW3X14k3OcZKyY1h0rEEQJiG++Yd9HJwGQaB6UFdQD5J14vWDIFC9VlM9CJL5WX3fl45+WNGJf8nsZ/mm69S5cCbmW/W0+jW/pfG+L2vyzONWeOUOV3OhkKzQyBGGuMM5Qy60yYYh2dDGChWNlMQMz3LtZ1a32i8Ibez0zQ5tcuFWQbjqCs9c6V6u0s8OhYzQLTcOyf4d42CHRuY4ZIbJar/F+cuNkxWuZsbJkzp61quycK08v5Ibl3z7dr2kY/+u8HGKcNU1Dq7Vpx+uusPOonA1OY6CcLUoZLa3t/en3Hl2h6uZz5EjJD2fcNU1Ti0rVh39nhw+odG+vdP+feL8nLQMuWfic+Jp+I736o1vfKN9NAAAXBKGhoYkSXv27Gl729tvv10SFasAcFkZOvSJGQlVoyjSwLGXFAaBkrKwUqf8W97RDPwafzDF4ajneblQNTaToWrav6lD1ekst8NU1zi06pvr9UzM2TrVMZj7HJ+Y0EtDR/Ro39f0jdNP6cz42cxt/a5q1NkWRqFWdq3Qa1bcmlSrthqz+PVUx25Woprbel5zyomylwSrgRGkxkqlkvzmNsGVPyp/eL/C4UPJ8oHjh7TyqptmYL7VSOf2f0irXv2rmux/Wgqr2RBD2ZAiGY+LUbHqCkFkhSRWhZkrVHWGJM6w0h2qZsO8fKhqhjdFFaueNQ7TCStbharxuCS7scYpU2lXECa2ClWz+8/3U/Y4tahYrSxYqY5FG+WV4mt1emFiq1DVuDxzWWM+xrPDRCpWL6WK1frEgEb79jl/n6TXsTtUjce91T9+tPp9km6fDq99fWQ/zwAAzG8EqwBwmaiNntTIsc9pJv5QmRw+p+rYcOa98vU/J797eS448H0/eep7JlBVfk7VOFRtNZflVIFk0XL71vupKknzt9+HMh8k5Woj3r4oHLS3NdtvZ07VoodyxW0EQaDx8XE9cfab+uSxf9Fz/fs0GUzOWZBq8z1fNyy7RjeuuE7lcinpuykfqMbjla8UjsP5eH3f95NwNV5eLpcbFaxR8/Z/Ywj9UkllY/+NaQV81a/+JfnPvkNqPqArrNc1cqZXS9ZtvOAxqA0f0vjZp7Xwih/Q8NGH0uNrhh9zMceqGYbk5oaMQ5V4edH2dvtqZid2+/ZxKn98ms7xyT6+dDvXOBa2b7dj9DNbUXqec0fa42CMU+Q8DwXn2R6nzPUhdSxcq0rPWnmlrniP2e/pjqzrwwwHlY5j7jozQkEZzedizfT6yY2jsXrSjN2+MyaN325xnnO9cJ9n5+fEGa5ONX7W22b4ndm/FcIm42jv0DqC3OfMzkjN9ltUrBobhvVJjfY+Kyls6/eJ83NS8DlNf1/F53manxPP/pwU/38BAADmC4JVALhMDB78iKM6pn1RGGqo91gmCPOX3ix/xbcqrgaUlNz6b4aqSXBqhKpxtaoZqjYqVqf/B1U7840Wreuay9N1+3/r0NM9X2qr/cbrTdV+q1vlzTZqtZqeOfu8Pnbkn/Rvp/aoFtZU8Ssq+5fGf7LjatXXrrxNm3saAeVUYxMvK1rPvFYaU6bagbWX/hw2/nKPw1ezqjoRRQoleR1LFW75GZUO/FWyaPzcafUsW6lyZ/cFjELD4MGPa+3WP9RY31cVjPfJLEWjYpWKVbufssfJCLHK3avVsXiDPK+SGQdjz5nrI2k/d3zKrE/Fqt1h63OYCVWN6yOz/9xmxji4xy19GblOW26c7FA3fxjN6yUMNHLymwqCyUxDVKwCADB35q7cBQAwbbWxXk2caX/eF5eRs70K67X0jVK3dMOvpqFqFMn3vCQsjdkBV1Go2q44UJzucjP8NfuVDSjt9/zc+kVfJnNf9n6n23+7LfsrbkOS+sfP6SOHHtY7n/pzffnEboVRqIpfadXseQujUPWwrpJXUk9lQVv7uX3lq/Sa1beqVEofNGVWppqmM4Ym30/bKLrG4nbMeX/L5XKmojqx9Fb5y27OvDXUe2zax9pKWB3QWO9uLdz4xmafm+mLzAqu9HVmuVk5Zi+P0te55U1pu0qXx1mJ4ko7Y3m6wGjfLITLnrdkuQraN/oZhzpJg8ZrexzMCjp7HMwO5tpPDzTfvvXa7meUDnt2HJL9J80a/ZSx/7TuzjVOmfYd/TTPX2acokgdC9dowerb1LV0szyvorR5M9bOdCjbvmf031g7GUdz/0Y/ZX9X9riUjKc1DtZ25riY45Bvz3w7Pa5MxamzF9ZxWuOQ+Zxk9p8dB1njnn5OlR1WqweZz1HmPEvZASk4bmPcs9dZdv3GcuM6zh1GowNjhAYA8AAAIABJREFUZ/apPjmUHQdZnyNjXMxxyn1OrPOQ/31lDJus66zoc2IvL7oOAACYRy6N8hcAQEtDhx/OVdKcj/rkhEb7+zJ/DHrLbpXnVxTFt157nrxmoBWHVb7feBK15zeqVeNgNQ6y/n/23iw6juNO9/wiMmtDoQr7TpDgToparc1aWqJsWbp2y4vcbvWdabt77ul7eu615mHe5mXOPM3bPLs959yHOeO2u+/Qbqvdlt1etdiy1LLk1kqCm0iAJABiB6oKtWVmxDxkZVZkVmatALj4/9PBIVGRsWRUFkl9+OL714quzf/PlC2S1T8a32whqyAXayuZrO2yHZmrFzcv479feAlvLLwNQxiIabG211MPp9BVb6wHB9JTmEiOYrW0jjNK3EC9vmNdI7hv8C4Mxwc96+90DwG7QJdTlCpIRFUdqpqmea5zogPsuAB7Hc7zae79K/DN/x2QdqG2ciGHQmYN8XRfR+sFgOzVn2P04f8TPNIDq7ypOOHIscpQuw+u805xIP7ROVYZRyTej0hqAkyL+eZ3R/a838qCvOPX3J+3PzlW/Qv2fQ6Vbz2fE8/8Nd2UfQjet+q3Muhtq9knu72+Y7WUuYZSZsFdlzoQOVYJgiAI4sZBwipBEMRNjpG/jvz1t7bl/0+yi3Pe/xGMjwKH/haWZXnEUjVPVUpb7NK4BgZvoSqHeo7FTqgnuu5Ge7Nr7LT/xc1L+O757+ONhbcBYNvzUx0x1ZIWemM9eHD4Pjw8cj+6tATeW/kIFzcuI1PONjXvnf3HcNfAHa54vh176BDkaHWeJyGER3Tlmi20cnCPGBD0fvD4INj4M5BzP3Vfyy7NI9qVBq9ku7aLmV9EfukP6Br/LLIz/+SqL6oDzP3VdZA1l4kIpZ9HnHT2RRGTqv0BSNXp5xNtFIdZYH//+IDrePSM779P1N4fmrk/+O+v2i9oH0PH94+jOulknX1w+4Xso0/0C9onGfg+1N4fj3Qj2jUCrWsAlQe2KjK7/Z0/oj2yNpQFeS6sPh+qOFjtTxmrjfbP97L6QwLP/D4R1t1H/4S+O6j5nAW/z/4fUvj3wTK2sLV8vu7njTJWCYIgCOLGQMIqQRDETU529l+BbRCuitlNb8EqxsGOvOiKBKoTUC1GpeIXTmudqhycMwhhj9mKc/VmoNN1t9P/en4ZL8/+Am8v/rvddxtFVSEFDGHHPgzE+/GpobvxzOhJHOqawsX8DE5d/hHeWXoPnPGGUQCGMGrcqoFzbsN77zx7jlDqF0s552DSdk9bsMCENz4AqAqyzg8GrJE/BV95Gyit2us0DeRWFpAemWh7nQ7ZK/+K4U/9b8hd/SmkVXDnJcdq7T54xETfPqgLvJ0cq5F4HyLd4+CRbnVh3n1Q3n7PAuDdF/jHr7k/b39yrPoX7PscekRV5fnwzF/TTdmH4H2rfiuD3raaffKLuv5Rc9c/9v55Au9A5FglCIIgiBsHCasEQRA3MVZpHfnrv+t4HCkEcsvzXqE0dQRIjMNxszhfjriqCqaarkHXdI/oqgqvqqgKbK+guhsibaM5dqq9WCzhN1fexG/m34IhjG0TVR1B1ZICe7sn8OT4o3hg6F7sT+1F0Srh+7M/xk+v/AobpU1EeKThvEIKaEzDIyMP4sHh+wLvs9M9AqrPkRMnoRayctpUodX5XjDhucZ53bKs6v/g8wjEnr+Adunb7nzFzVV09Q5Aj8Xr3n8jjOwMimvTSIw8ivz8K0CYA0x1kPkdZq4DDahxgCnfq3sV6KRUHGZQ+/vHr3Hi1XOs+p2gQU7DG+1YdTQ7j0pWu48B+7AjjlXOEUkMI9o9DmiRWhE4yGmpLL/GaVldkEfla8axGvw+ODfgbpzbU21gQfuoXO4OU+MYDZJJa+djlQFvNseq+qt3/5Tu6vNWe4POxng/hyHvs//5UUcprF2CMPKe58/JPK19jgI+L+rnyf95C93HNj/PzDt+cvgElB/nEgRBEMRtCQmrBEEQNzHZq7+AFEbjCxuwtbbkK1gVBw7/z5BSekRS55g/ALdN0zRwxgMFVQdHCNsJdsP12miOnWi3LIG3V/8dP1t4FeuljW0rUmUIA4YwMRDvwxf2Po1nRk9ipGsIAPDu8gf4wZUf48zaOQBoOsfVkhaO9R3Bp0fvR28sHXhNp3vkCK9OQSw/jmhqX2tHAji5qs5z6rQBgGXVurxl7z2QPXeBbX7kvpZdmkff5IG6a2uG7OzLGH7g/0B8/Isdj0UQBHG7cP3nP7/RSyAIgiCIHYWEVYIgiJsUYWwhe+1VjzuqHcxyCfn1FVS9RYDsuQvQUu73jqjqF0ydttCK63BEre3NBL1Z2Ekn6/Tmefz06q9wNTcHjXWW8wlUXaq9sR48Of4onh19CgfS+xCPx3A9v4xfz/0GP7/yKua2FmyhvEl3rJACcS2Oh/ruxYnU0dbX1cYeOa+pqI5V+5pqISshhScCwBFXVZx2a/J/gJ45C6eQlVHYQiGzjniqt+V7UyltfoLS+jQiPUcD5ycIgiAIgiAI4vaDhFWCIIiblOy1VyDNfMfj5NcW4TmzGR8GP/BXEKg6/dQj/uoxa13Xoeu6JyagNjaA1whhu5WtutMxATvlZC0WSzizdA7nNi7CklZHblVHUI1pMTwz+RS+sufzrqBaLht4c+5dvHTlJzi9dg6GMKDz1v7qt6SFh4fux5/sfQSJeOtH5tvZIyenVy1WFQZjDBrXIJioOabtjsdY5UgsoCVHIMc+A7nwC7c9v7aEWHdP3XmaITPzMobuO07CKkEQBEEQBEH8kUDCKkEQxE2IsErIXv05Oi38YJZLKOeylXw0G5m+G4LFK4KUt1gVUHWv6pHGmarVgkG7I6T62akiUzvdPle+jg8z027Gabs4hanuGbwTX9z3LO4fvBs90TQ4Z9goZfDrud/iR5f/tWWXqjp+OprCvb0nMBkf97Tt9B45WapqgTQ1b9XBjQgQgMUsz/XOM60WZBFCwBx+DvrSm2DWlr0Ww0A5t4lYqqfedjSkuPYRypnL0JJ7O3aaEwRBEARBEARx80PCKkEQxE1I7tqrEKXNjscpbqx6vpdde2Ht+Ro0xqBrGrjmPYLuiqq67uaqBuWpVh2rbFeKS203NyJT1aFQLOLd+ffw8dp0W2InUHWpHkhP4asHnsMjQ/ejJ5qGrtvv5yeZWfzLzM/wxsLbyJSzLbtUVR4evh+P7/k0olGvALzTe6hpXuFeCOkRVtUv57WgQlaqi9U0TVus1aKQ458Hu/oDd77CxiqiyXTHrtXs7E8xcNeLME2zo3EIgiAIgiAIgrj5IWGVIAjiJkMKE5mZlzsexzINFHMZ9wg0AKD7IHRdd4//1xNNnXa1aJB6nSOM3UqC6k7TjMg8X17ER5mzyJSzLbtVHUF1ODGEL+x7Gk+PPYHRriHouv3XuWmaeHf5A/zjpZfcAlXtCLeA7VadSu3FI8MPYDDa39YY7aDuobqPnDNIyTziqqZpblyAihNjoRayckRV5/py7+OILfzMda2a5RKMwhaiXd0drT+/9A568tfBYkPkWiUIgiAIgiCI2xwSVgmCIG4yimunIcobnY+zuQYowo6Mj0NO/oWdN4nqUWsArrOPcw5N1zxHqNXK647Qar8uW3asdupu3Y3+nczRqI9pWriamcP81vWWxhVSQEiBmBbDUxOPe3JUHcplA7+e+w3+8dJLWMgvti2oOvPFtTgeHrkf9w7d6Tphm+7fZgxAWCEr51l1nkW3aFXle6ddjQ5Qn9XKRR6hU4/EwMaeAa695L6W31hBtCvZ0r3WIC3k5l9Hz8EXYFlWZ2MRBEEQBEEQBHFTQ8IqQRDETcbWwlvo1OgmLAvF3Aag6lapA+C+PFUg+Fi1vy3sOr8QFva9Q5DQVu+aG9k/qDJ9s/OEkbO2cC7zCea2Fpq6HrBFTgC4c+A4vrjvWTwwdA96Y2nPNU6e6g8vvYyF/GJHua2AXbDqrr478MjIA0hHUvY6OtjnZtuDxuScwbJkwyJWAAId1v5CUmqbOfAk9Ov/ClhF+/tSAeVCAZF4ou48jchffwe9h17oaAyCIAiCIAiCIG5+SFglCIK4iRBmAfmldzoep5TdAIR0i1bJ2BDk3q9D47UuRudIteNW1bg3IsBfqKr6GvMIZqoQ1qzrs9512+EubSTg1evf7NqbvR4AVkvruJqbgyGMhuKn41IdTgzh2b1P4dk9T2EkMVQjPi4WlvHj2Z/jp1d+1Va8gB9DGBjrGsFnhh/D4eT+hpEP7bhTmxWz/dmqKkERFc7rQgrFWV2JCnCur4wlpATX45CDfwK++Cu3f3FzDZH4ROC9NItZWERp/SwiPUdrhF2CIAiCIAiCIG4fSFglCIK4icgv/h6y4p5rFykEitl1z2us+5CbmaqKUU4WpVOwKsixqkYA+F2t/gxMIbwRAapQFuZGVPuo1BujVadsvf5B89fr3+gYexhCWFjeWsFaqXHMg5ACER7B/cN348/2PYc7+4+5OaoOpmnhUmYW/3jph3hj4W0A6FhUdSIAnhh/FI9PfhqJWLyhgNzqe+LPTg261nnNeV8412BZwnWt+o/9Az6hVQAW8x7DV+MtpJRARXQ1+z+LxPLrgDAAAEYhB8soQYtEW9o7P7m532Cg7zgJqwRBEARBEARxG0PCKkEQxE3E1sJbQIcxAKVcBlKIatGqSA/Y1H8EKoKUZVkeEcoVpxhqRKqgo9VBblWVMPExzI3ov069tpETNey6ZivSt9O/2ZgD/9iGISr5quExAM6x/4nkGD43+SQ+O2EXp/JjmhY+Xj+L71w4hfdXPupYUHUIigBoxjHs4Bfa1WuaiQcIeqYccVXTuOtedZ5T5/fO86lmrlbH5a6YyjmHZVme7FOmJ2H1PQRt7U33tcLmGroHRkPvuxnyi+9g4MR/pgJWBEEQBEEQBHEbQ8IqQRDETYJV2kRx7TQ6UVallChmfY7I7sOQPOHGrTpClONWdTNXJTyilT8CoNov/Gh4K47VIJdqmJO0kQPV3z+MZiIAms1LDbofFX8maAFFLJSWkC3noLHaYlCqS/Urk1/AnX3HEIvVuiaLxRLeXf4A37/yLzizdi5wrHZwIgCeHv0THO0+2PB4vvP7MFrJ2w1zDTebq6oWsvK3hQmvlmW5Ymt58Bkk1v8NqAjb5a0sRM8AuN7+P5OkVUBh+T1EB+4j1ypBEARBEARB3KaQsEoQBHGTkFv4HaTsrIq4USpCmCbcqlVaFzD1lwCCRVN/dqq/zR8D4NDKUfuwPkECXVj/ZvM7W810bSVzNWws9X7U1zXNm/9ZtErYMvOQkOBMKa4kBQxhYCI5hi/sezrUpQoApVIZr8z/Ft+79E+Y21pAhEc8Y7WLGgHw6MRDrqDbqKhUM47jThyr/j20r0GNa9UPYwwM1efY71K1x1Jc2IlBsL67Idc+cF8r5jJI9PbXjN0K2bnfYHj4ARJWCYIgCIIgCOI2hYRVgiCIm4Tc3G86jgEob2Xg0UlTtlsVleI9nkJVlV9dgYkBnHG3zclkdXAiAID2ChXVcyi2WlVevS7ILaq2BY1bT1BtlOsatMZ67lynPVfewpaZ975eKVB118Ad+PLU5/HA0D3ojaUD79U0Tby19C5+MPsyFvKLiGmxwOtaxVnDg8P34uk9T6A3lm64H606jtU2dRy1n9+dXC8GwhFXHZwfBvgjAMAAKWTNDwac753rOecoD3wO0fWqsGrks4in+xo6ZutRWH4forwJxpMUCUAQBEEQBEEQtyEkrBIEQdwElHNzMLKzHY0hhYBRyMN1qwIQsSEIYVdI5yHCkhDCk7fquFSd173V1ZkrsLaSsWofvZZu3yCxrZqXGe5k9ePvb78msLm5iYWFBWQzGYyOjWHPnj3QNA1CBBdPClqjf45GGaqOKzGoUr0QFnLlHPJmofpa5ej/42MP48+mnsPB9L6aAlUOxWIJv577Df7h8g+xkF/ctkxVwM5VPdZ3BH+69xlMJSdhWSJQRHeO5jt7WHuPUnkPms9Ydd4PISRMs3o8X32O/f3sZ9H73quvucf/BSC4ABPV51DNZVX7yMReSD0NZmbteSwLVrkIPRZvcUcVpImtxXeQnPhMjWOWIAiCIAiCIIhbHxJWCYIgbgK2Ft5sfFEDjGLedqZWkLERiPHnAXiP9wNegcltZ95oANXRF+Taa6bAk7uWkHEcQU0VVdX+zWSmqoKeLRgDKysrOHv2LDKZDCwhMDQ0hK6urrpjOf0buVr996iu3y/KOhimieWtVWyUNu3vhYF0NIUv7H0aX9z3LEYSQ6H7aZomXrv+5o6Iqk6u6pcmn8W9fScAIPAe1D1uRJg43sixqrpH/REAan+7X7Uglfe9Z/C7UaXln5d7fthgVmIChBCw+j8NfemX7rXlwlZnwirsgnSpyadJWCUIgiAIgiCI2xASVgmCIG4wUgpszf3WI4q2Q7mQ85j8ZNcEAFtw0pS8VEdgVYUsxhh0XXfjAfyoglWzoqd9b17RK0ywC3PBNpOZ6hdlpawW5QKAfD6PfD6PZDJZVzD0r68Zx2XtcfRgJydnHJtGBpvlDIQUOJCewlcPPIfHRx8KPfoPAIViEW8svI1TMz/adlFVzVV9ePRTlT2r70RtJLrWE8frxTv4n5OwNThtQXEATn/bmSzc7/3iq9+FXR2To9TzGPTlqrBqFHKQHcYBlNbOwMxfB4sOUhwAQRAEQRAEQdxmdF7xgiAIguiI4to0zMJSR2MIy4JVLII5/zEd5tjXAFRconWEIcZZYJ6q86u34JU3OzPsC7CPxjsCl6bxGoeiZYlAp6o/KqDeV9DYmsaRSqWQTCYBALlcDplMpm4BoTDB0FljI8JEVeeeHNHakhbu6D+Gvzn8l/jc6BN1RdVSqYxfXHsN/+3CdzGTvbLtTlXOOL68//P4i4NfRl+8J3D9liVgWVbN+xREvXZbxAwWzVXRM+g5cZ41f1vYGuyxa4uycc7d98EV3qWEqNwfAOjxPrCuve7nCELCLBZq5mmVretvB/7AgiAIgiAIgiCIWxv6Vz5BEMQNprD8ASTQ0Ve5sGW7VStfIj4K6N2hblX19/4IAACBLj+/+FlP8HSEOLsIVmd/1dQTcIPWAQBdXV3o6elBJBLB1tYWstmsR1gNE3bV9nouTZV6TlVnPWWjjM1CBncNHMffHv06Hh69D7FYNHRMyxJ4f/00fr7wGlaKqzviVP3qgefwwoEvIR1JBV/XhFO10R7Wa1dp1N4I1YnqoMZdOMXYnC/1+faPI/of9HyWysWtjj+fheUPSFglCIIgCIIgiNsQigIgCIK4wRSW3+84BsAseotWyfgeAOFuVVcs1by5qwDcolVBrj+7vX7Vdqe9nuDYSLSsN4f/+H+QoBePx5FKpaDrOgqFArLZLIrFIqLRiFv8yB6/1gXZqD1oDfXaHU70H8N90btxZ9+xumKzEBKnN87h/7v0zzi7fn7bnaoRHsGX938eLxz4Enqi6TqicFUU9T8Hrexh2DH6dvZQJUwctft6C1kxzsCkN3tVCAEhJRjn0JQ5yqmHEGc/BqQJADBLRUjLAutAGC1tXIAUhmf+nWRlZQXZbBamaaJYLO74fARB7A6apu14XrNTRFHXdezbtw/RaPgPAQmCIAiCIGGVIAjihmIZOZSzsx2NIUwTllF2v5c8DnP0KzXH+51MSQCuc48zXlP0R3XWqYWAHMNnPbGrWbHMGTssh9N/HHx9fR2ZTAY9PT1Ip9Oh81uWcHMz0+kUuruTKBQKyOVyyGazSCaTnmzZMEEw7B7bzRtNxOP41Mjd7uuWJUL7X8rM4qXLP8HptbPbJqoKab95h3sO4otTz+KxkQdDnarOHgLBhaSaFVXDCnq1sof1cJ7VIHe1N15AA5d2wSpL2IKE+4w6P3hgDMJxuOoJIHUQyJxD5WIYxQKiXcmGawpDCgOljQvQ00d2XFidmZkB5xzJZLLmzwCCIG5t5ubmMD4+vuPzmKaJQqGAc+fOoa+vDxMTEzs+J0EQBEHcqpCwShAEcQMprp7peIxyccvjSpWJcUDv8oikQgi3MJUrtrBgN6F6rNovzFbbW3dxesf3518y9+i42m6aFq5du4oPP/wQGxubuOOOO3DixAnEYrEGhbA4upPd6OpKAlhBPp9HLpeDZVnVCIQ6Lkt7r1qLB2h0/2ohpbBrMkYWP7v6Ct5YeNveF9aeS1JIASEFOOOIaTGMJUdwcvxRnBx9DMPxQSUOIvweOxFVgc72MKxdvUYV/R38ImsQnvE1DbxS7EpaFqzKV6HrPiSy590+RnGrI2EVsJ3pPb3H6mb9dsrFixeRSqUQi8V2bA6CIG5/dF1HKpVCKpXC6uoqlpeXMTQ0dKOXRRAEQRA3JSSsEgRB3ECKa6dhpzC2h5QSZiEPj4QUH3PFU1UEc3AFU1kVmVSxSRWngqquA4BlBYtZ1TG8opYqKNqOzaojVD22rfZnjMEwDaxvbCCX24JhGJi7dg2DAwPYMzkJJyY8uL9EoqsLvb29mJ+fRyaTwdraGiYnJxGNRiGEgGHYRYscodW/B63co1/Qc9avtvkFP//4lmXh11d/i1fn37DfsxZFVceV6oipg4kBnOg/ikdGHsAdPUdch6q6FtWF7L9HteBUULv9bPG67WF71Mwe1ltfkGiqOrL976XjVrXM6nteXaMElPGllLBS94AtvwQI2wkujDKEZYJrWr23oC6F5ffRd/R/bLt/I65cuYLu7m7E4/Edm4MgiD8+BgYGsLq6ilKphD179tzo5RAEQRDETQcJqwRBEDeQwsqZjuJVhWVBCm/eGo/0QKCSlapkrLrHoitColvoquJmVeMAgghqUwVT9Tr/NWGvB4lt6jzRSBR7J/dibXUNMzMzWFldxeWZGfT19yGVSgcKv85XLBZDT08PEokEDMPA1tYWNjY2EI1Gsbm5icXFRZSKRUxNTWFiz57Q+290j/WyPptpd655b+1jvHb9d8iUs3VFVceN6uAIqeloCoPxfhzo2Yc7+4/jWOoQhuOD0HxioHo833F/+kVLdR/abQ/ag53aQ3+7XzhljIGh+jlQ3dymacISApZlVX8QoUVgRQahlebdMc1SEZFE+67VUuYKhJEDsP15hblcDuVyGb29vds+NkEQxMDAAObn5zE8PEyZqwRBEAThg4RVgiCIG4SdrzrT4RglTwyAiI+jPPgMuONIBKBXjv/XFKSqlCznWm3OqiqaAeEOQb9Y5i+E5XeqBvV3CBPs0uk0Dh44gFw2i5XVVSwsLGB2dgBHjx51K7yr/dX54/EY4vEYMhlgaWkJuVwO+XwehUIBABCJRNCVTGJwaAiJRKKpNYa1Ba0h7B79YyyXVvHG4r/h7PoFALXiqbu/iojaE02jP96Hye4xjHWNYjI5jqnuSaQjKc/7EPYe1BNVg95D/30G3WOz73Oj9lb2MGjMoPWrP1hwjvwH4ea09j8EXP+R+7pllBFJdAX2aQ6J4toZRAc+te1xAGtra0ilUh5nOkEQxHaSTqdx5coVHDp06EYvhSAIgiBuKkhYJQiCuEEUV093PIZVLntfiAzUHvt3M0XDRRc1VzWsPSxvVf3Vf5Q8TFQNGz9MUBseGcG+qSlsVUTR2dkZ9Pb2YGxsPHB9zhhdXUkkk90AllEoFDyCaiKRQF9fHwYG+j2O3aD5m6HRfYa1W5aFN+d/jzeuvw1DGOjSuxDXY4hrcfRE00hGutAdSWK0awi9sR4ktASG4gMYj45gMNqPaDQaKoq34vRsRfwOEl07nb+TPVTbnXH9fRizc4WDkjcc0dWBcw6z67DnH0lqgbh2KayeQXzogW0XVg3DQE9PT8PPGUEQf7yUSiWsra2hu7sbqVRw8cJ6xONx5PP5HVgZQRAEQdzakLBKEARxgyisnOkkXhWAI/Yogme031M8qK7QwlDrYoW/SFWt2NrIgaheEyaE+QU5pxBSmIsyFothz549WFlZwezsLJaWlnH58gzS6R50d3e782SzGWQyWaRSKSSTSSSTSfT29qKrqwu6rqMn3Y2+/n709Q2gr68PyWQSuq43dGmGOU3D2lvZgzVzA/FYAv9h72fRF+tFf6wXSb0LyUgX4loMvTyNbi2JaDTqEcc7OZ4f5mRtx20bdF+7vYf+tQeNxxiDxjUIZscDODEBQRECACBjY5A8ASaK9vdCQJgmuNb+P52KK6d3zFWq6/RPOoIgaslms3j99dcxP1+NNhkcHMQTTzyBwcHBpsehP2MIgiAIIhj6G5IgCOIGUVz9GJ0oq8KyACncJADJYygPfA4M8Bz9DxLjHJGpWh2+ObGnUVamSphgF9QOND6a3tfXh/3792NzcxMbGxuYm5vDwIAdCSCEwNLSEqanp7GysoJ9+/bhjjvuQHd3N/bt24fe3l4kuhJIp9KefLhWXJrNtLciFjrtg9F+PD3yJ+57FkbQHqpzBK3Bv//qGvyvdyKq7mR7M4JrkNCvFjVTr5OW91rHqcqYXezN+bIsCyJ5EHqu6iy3jHJHBazK2dkdyVktFArkViUIooZSqYQf/vCHKJVKntdXVlbwk5/8BF/96ldbcq+aprndSyQIgiCIWx4SVgmCIG4AVjmHUna2szF8blVE7CPtTR0yZrWCHGALVo7YWk/sCnMRNhMRoL7u79fIoTg2Noa1tTVsbW2hUChgZmYGuq6jUCjg4sWLyGQyAIB8Pg/TNMEYQ29vr1vUp5Wj7804NIPGqCc6B42haZrnGLo6v5QS0sgDhUWwzTkgu2a3mSWwUg4s1g2px+y43HgPZHIASA4C8X5Ai7R0j/WO99e7h50SVcOEwrDnsJFT1nGpCilq2jVNg2VZ9pzK/Eb8IPTcGfdayzSgIxG4ruaQKKyeQWxw+3NWSVglCMLPW2+9VSOqOpRKJbz55pt49tlnd3lVBEEQBHF7QcIqQRDEDaCwehqokz3ZDJZZ9uiqIjrxMO21AAAgAElEQVQAwWIet6r6e0cs4pyDs9oIgHq06jBUX2+FeuuRUiISiWBychJra2u4du0aFhcXsbZmi42GYSCRSODAgQM4dOgQ0ul03XsIGl9dQ6O9addlGdbfvcYsA8VF4PppsLlp8PWrwMZ1YGsdspgDSvbRdHAOCGE/ArE4WLwbSPYB3X2Q3UOQ/Xsh+/ZC9k+B9UyARbo6ig9o5h52QpRtpb//eL/jAPa7VzVNgxACnHNPdAakhOAcrHKt6Dro/YyZ5Y4/t8XV00gMb3/OKkEQhB/1+H8Qs7Od/YCXIAiCIAgSVgmCIG4I5czljscQpglPvmqkv+YaKSUsy4KU0uOKDLrGHwngdwb63YGqwOV3GTYrqF6/fh2XL19GJBLBxJ4JDPQPuEf1w8bo7+/H1NQUMpkMMpkMDMMAAIyOjuL4HccxMjziFnRSxcKgY+FB9xp0D2H9W9mDuntoFoCNK2BL58CvT4MtnIVcuQrkM5AyQIBjvsiAUhGymAc2lqqXMA7WlQbrHYEcnALGjgMT9wADhwA9EXp/6mv+9lb2MGx/dmoP/Wt0UMVW58v/vFuWZX9VIgCktJ3bVmzUl7MqISyroziA0ublmr3bDsixShCEn1wut+1jbvefXQRBEARxq0PCKkEQxA2gnJvrqL+wLEjF8ebkq2qOI1XJVlWdiZxzcI17nHxqe5A44xezwo6Oq22NBFbGGDY3N3H+/HnMzMwAAC5cuIDe3l6MjY1hYmICfX19gcUyGGMYHx/H8vIyMpkM0uk0Dh06hKmpKSSTycA1qn0b3YP7umWASTtPjgEA093j9Y32qOk9NPJg8++DffxT4PK7tjBqGXbyLtcALQLUK5bkyWT1ia1CAFsbkFsbwNw5YPp18PQA5MgRyAOPQO77NGR63LMHzh7Vo9k9bJVW97AR9eIBHKeqZ6wAN6ymaZDJKbDsWfd1YRodCatmYWlHClg1u+9n//nv8Ao+g29+5ZjntXf6XsA3nmy+kA1BEDc/AwMDWF1dDW3v7u7exdUQBEEQxO0JCasEQRA3ACN7raMjxcIsw6OjRHsRieiQFcFGdeVpmuaKqkF5oEFfDu2KXY0cLfl8HhcuXMDcXFVgNgwDy8vLWF5exvT0NHp7ezE5OYnJyUmk02nP+PF43D3u39PTg5GREU8RInUNQWv0uyRhFsA3r4ItnQNbuQS2fhXIrQJm2b5IjwLdA/YR+/QIZN9eoH8KMjUGqcXr3mvdPWQ6rKFjwEMD0I5/Dmz9CrD8CdjKjOtYhVHJx9MiPiG1AZzDI7ZaJuTqArAyB3bhLfDhKciDj0AeegJy4BCYXs0ObWcPOxFFg5ymjfrXizAIgzEGzjgEE248hhoTYG9bdc+EELC6DkPLeYVVRGOhczTCzK/CMrYAtC/OEgRBNMORI0fw1ltvhbYfPXp0F1dDEARBELcnJKwSBEHcAMz8ckf9/TEAVmQIpozaUo2UkPBmhTqiqiOy2pcFZ206NBJNW3UQqhiGgXw+7+aijo2NAQAWFhZQKBRqRNbh4WFMTIxjdHTMdaX29/ejr6+vRmzzOxUBBDsELQNs9SL45d+BffIW5PULgFEGhKg4RgMcoAAY52CRqJtpKgenIPfeDzl5P5AatwXQZveQ60CsB4j1QAwcBqZQdcqWs0BmAWz9CpgvHgBS2HEArTofHbHVMiHnzgNz58Hefxns8GMQd30JGD4Opkeb38MK9Z6BZkTVeuM3+xw2uy7GGBhngPD1daIBpIRQXjfjhxBVPmui46rYAmZ+ESw+sa1Halv9DAZdzxjD8mvfwanTWfuF1Am88FcnMQR4Xx//DF58/jgw/RK+9Q4wjnnMpz6DF/rewan1FMbn5zGvXgdg+qVv4RU37nEcn3nxeRyffgnfeqcPJ1KncXq+Mt+D6zj1yjyAFE688Fc4aU+O75w6jazat7XtIYg/Su666y6srq7i/PnzNW1HjhzB/ffffwNWRRAEQRC3FySsEgRB7DJmcR2Wme9ojJrCN5HeGmFKzZAMEqUauVTVfvXcge0c/U6lUjh48AC2tnJYWlpGLpfF3XffjXvvvRfzc3OYnZ3FyuoqDMNAoVDA7OwsZmdnkUgkcPjwYRw5cgSJRCJUVA1yMNYcv//gR8Anv7dzTFWRMkxAVF83ypDGGrC5AsydA/vwl2BdaeDAA5B3PAU5egIyNgzJ9aZcmp5r9CiAKBDpApIjEKP3AMe/CGYVgcIisDYDPvs+2NUPOhNanWtz68B7L4Nf+B3kiWcg7/oSZO9eVyBW195oj4NoVnRt1N6MUzWoLTDX1ZKQ8EY/qPEYqDhZLcsCtLQdA1GJhZBSQHQQeQAARn4Jsa5Je/ybimm8cRo48cKLODm0jNe+cwpvTJ/E83gJp67sxQsvnsQQ7Ndfmj6O5wEgm0XfCy/i+SFg+bV3gHng2Isv4vnl1/CdU+/gteXjODk0DRx7ES8+D6DS/+w0bHE0exrrD76IF5+fxkvfegWnzn4GL774OF77zilcOb0MnFzBS6euYO8LL+LkUEXgfWkax58naZUgmuHkyZOYmprCuXPnUC6XEY1GMTU1RW5VgiAIgtgmSFglCILYZcodxgAAtrijZgEwPRko9HDOoet6qAjkjwjwZ0wGvR7U3iqMMYyOjqFQKKJYLGFpaRnT02dxzz33YGr/fpRNAxubm25hKpVoNIpIxCv6Ob+qgnONA9cs2w7V9/8J+PiXtiDZKMO0Eepx+3wG+ODntsg6uAc4dhLy2NMQ/Qch9URD8ToM9x4jXUBkP2RqCmLfyWrBq7kPwGbeAVs8D5lZBcrFSscWhdbMKtib3wO78Abkg38OceRzQKI/1Mmsrq0Tmrn/Rk7VMMc1UHXC+q8XQrjPixML4PZVilhZMgKhJcGtjNJugfH2j/KXs3OIDz3Qdv8gWnW/Bl0v5TEcG38Fr5z6Fk6nTuCFb3wTg5BYfj0LZOdx6lunqxefnYY8BgApjAzK6h9pqT4MSgk5OIIUrgCQ9rjHJKZf+jvXtToO21kPjOPYMQkpB9GXAnDsGKQERlKwey8vIoss5k99C9XZz2JaHkM1JZYgiHpMTU1hamrqRi+DIAiCIG5LSFglCILYZczCUuOL6iClAPOJIhJVFyoAcMag67onX9V1r6L6fdhx4E4dhM2Irpxz7NmzB5lMBmfPnsXS0hIuXryIvr4+XLt6FaZp4siRI5gYH8fK6iqWlpYwMTGBgwcPusKquq66FBbBTv8Y7O0fAusLtqAaaT8nM+SGAF4Zc20B+O13wP7wz9COn4S458vA8HFATzTcQ/XXurm1egIYPAo5eBTyzueB4iLY5TfBT78Cef2iLfRaZvMCqyMSL82A/eT/gnb+DchP/yXk+L22qBu0hgp+J2uz7WFu47A9UPcizFWtCqZBqLmqTjyG4xwN++EEtC4wRViFEHZxsTYxcte2RZRuh8G+FLAe3n7sK9/EMazg9b8/hVN/dxqpEy/g8wAw7i14BQA4ezZoiFpWXsffnzoNnHgB3/wK8Prfn6q3hADG8ZlvfoWEVIIgCIIgCOKmg4RVgiCIXaacvQagfceqFAJqvqrQe1FKPwpUilVB0zz14Z1CVkKIUDHVX4jIf129HEv/ket61zg4QlgsFsOBAweQzWYxMzPjyYHbs2cPDh8+jIGBAUzu3esRw2oquofNYRWBpWmwf/se2Lnf2g3bLagG4YispQLwh38Bn34NuPNzkPd8GbL/IOAreBXmwvQT6tLUIpBdExB3fA3iwGfBFz4AO/cqcPldYGMJsIzmi1/pEVs4PP87sOVLwMNfhbjjOSAx4llr0NF79feN2tUxgo7uB+1B2HOktoWJqk6b86WOwzm3HapCwDJNGKbpWaPVdQhaedG9XggLvIN/QpWz1+pm1rZDs47VgeEUcPospuVRW6hceR3vzAOpowOQcho/+vY5HP2vX8YTX/+vGP7Rt/GulBgYSQGn38Fry0fx5OAKXv/u93F18s/x9ZHq3PYPdwDboSpdP2r19+N44IkByOXXcSULpKR0/xR0rrG72+5X9/cDw0jhNN55bRlHnxzEyuvfxfevTuLPv/4kBrdt9wji9iObzWJhYQGrq6tYXV2taR8YGMDAwADGxsaQSqVuwAoJgiAI4vaAhFWCIIhdxsjOdaKr2sKqojdJLWGLphpcJ6qmHP9Xj0RrmlYjmqrHoZ1fGwqWLbT78ben02kcPnwYhUIBi4u2eDU4MICjR45gYGDAcw9BmbD+NbjtZgHs4mtgb/09sHC+vWJPneIIrIUc8G+nwC6/C/6pr9jH7NPjje+hhXb3ungfrP0nwfZ+Gmz5LPjF3wDnfgssXgIsNCewOuveWAT7+behzV2EfOSvIfoPAiG5se2K69vV3gqMM2jQXIHVGVdIu3CVMz7nHEIIlPURRNXPnBAdfYaN7Ny2O1abjgI4+iV8bfF7+MG3v41XKy+l7vgavnRUQsqj+NJT5/B/O22pO/C1Lw1AotLn+9/GGQAYfwr/5YkByHPu5LawqqzFXY2UkIN3YDL1A7z67W/j1dQduGMcuLq4DDmi9nd7K0kplTV9bRHf+8H38W17cjz1X57AgDoHQRAuMzMz+PjjjzE/P1/3OrV9fHwcd955J8UFEARBEEQbMNlqKBdBEATRETO/+iaMXP3/4amHWS5CGGX3eyNxBFsj34Cu6/aXpnmEVabEAmi6Bl2rRgQ4qFmrYU5D57pWxa5mBEPLstz/GcxkMujt7cWdd96Jffv21eRfNrWG4jrYuV+Avf3fgeXZ5t2aO41pZ8bK4ychH/lrYPg4JNe3ZQ9DxzALdrGus7+yi3WtXrNFZt0bpxCKELbj9eBDkI/9TxBj9wB1MmOD1rhbz1FwbmjVqWpZFoSsiKlCus+eYRiwLAuWacK0LDdf1b59AV6YQffCf6uuj2uIJJLN7V8IB77wXRhie36+ffr0aRw8eHBbxiII4ublk08+wfj4eGBbqVTCL3/5y4aCaj3Gx8fxuc99DrFY8MmO+fl5nDhxoqUxf/WrX+G5555re00EQRAEsZNkMnbc13vvvddy3/vuuw8AOVYJgiB2FSksGLkFdGZZlZ7CVVLvtt2oTo6qcrTan+PJGfccvfbnr3qn2VkxTG3jnGNiYgKZTAbnzp3DxsYGzk5PQ+Mc4xMT0DSt+TVkF8A++Cewf/+RXfG+3aP/jqDofm9VczWd3zvfN+uGrRyzZ2deAVu/Bvnwn0EeeAKIDwfen/8eWxVVpZSQPAbseRhs8Aj43vvB/vBDYOY9W+RtRlzlHEAE+OT3YPkN4JFvQB48CRbrbjj/drS3swdBuM8a45CQEFwAoiq82qJr9XlU3ayW1mO/x87xdo8/sz3KuWvgyf1182BbgX5OThB/3PziF7/AwsJCR2PMz8/jl7/8ZV0hlP6sIQiCIAgvJKwSBEHsImZhBZAdCilCqEkAYFqXfcS/cszfL5K64qkWnK+qXlevyFArx/vb6Z9IJNy81dnZWaysrmJmdhbpnh709vY2J7Zl5sH+8N/B3vuRffy+WVemiiqoahEgPQDWOwJ0DwB6DDBLdlsxC2wuQubWgVIRMEpVwbWeQ9YRKhfOg/3iW+D3XYP41F8A6fHtF1WVNhnvgzj0NNjoCbCP/qUqPLciri5+Au13/w+kMCGPPQupxXf8OWk1IsF5zflVzeZVf8ggLQlLVJ2pnPPqDy0YA6SEVWkzkIRkMXBZdCaFFLLuvTainL2GRPeBtvurJBIJEjsI4o+cTkVVh3qOV12n/3UkCIIgCD/0tyNBEMQu0mnhKsARjRRBR4u7R/udo82MMTdP1Z+rqgpJYZmlKu06Uf1RA2H9VXp6enD48CEUCnlkszn09/cjkUg017+wBvbhP7cvqjqCalcamHoUmHoAcvgIzHgvBI9Ai3WDa9VK8FYxBxQ2oBl5oLgJtjkPtnQRuPYxsHINMIrhIquSvcre+xE4AHn/f3RzV5vJU21FVHXbeBTo3Qfrof8ENnIc2u//AbjyYXOOW84BcGDlKtg7pwA9BnnwSbcQVye5sO32D2pXRdWgOdR+/mu4pgGMue5VtciV5HHAKimTi4qLtT3M/NK25qyapkmiB0EQO4apFPUjCIIgCKIK/QucIAhiFzFL6x31l1J6NFUArpgkhACvuO08x/9Djvo77dvtIKwnqDbTf2BgEEePHkUhX8D4xERN1lvgGq0i2LlfgX3wcnuiqmkAkShw7HHIu5+FHD0BGRsGtAg0xqD5LpdSgkV7gfQeSEfQswxY5RxQzkLLXgf75HfAmVfsTNOwolF6xBVXEYnb4mqi33tvLe5hM8fiWTQJ7H8UMp4E+7fv2dmrQjQXZ8A5cP0i2LvfB2I9kHsfrlvwrJ172I726nK557i9K6rC+wz5s3z940utCxCbSrsAQ/vCqrGNwqqu6ygWi0gmO8t9JQiCCKNQKNAPbwiCIAgiAPrbkSAIYheRVrkzw6rwulWF3o9S+lHb8Vg5umxnqXpFLsuywCWH5NIWWn2CUD13n9MeJGg2EvFU56rfSai6C9U5dF3HxMQeAICmaZ45ahyGnIMJE+z8r8He/gdgY7E1UdVxqQ7ts/NODz8FERuCZPZfj8znvg27X1vw1myhMZqG2T0BOXgM/MSfQlv4GOzDn9q5ppZRK7A64uqbfw9YBsSDX4eM93nm80c0NNpDFf/75LbzGOT4p8CfGQd76/8Fe//l5sVVALjyIbTId8GiCbugVZ011HsOPHsY8Puge1R/Db0/oCYGQN0/KaQruGqaVi1YJSWEZXkyVjnnMLsOQ9+8Xl2HADrQVSHN8rYJq/39/VhcXEQikdiW8QiCuPX427/92x0dP5vN4siRIzs6B0EQBEHcipCwShAEsYsIY8vjlGsVf1/JI57j/44zNcip6h77R/0j2TVzhoiqQdcFtQcJXqqjVp3DwYk2CBvf6SuEAF/4CPyDHwMrV1sXVQHgyGOQn/5LiLF7PJmhQffgf73u+iJJoP8QRO8U2IHHwK7+oVo4SljeteoRwCiDffxz8L5JiDueg+S6Z+wwUbee6NtoD8EjkD17gcf+MxCJgf37PwNGufE+cg4IAJfeBRuYAO8fh4wP152/0dpC14j691h/mdXn3xFKhRCwhC2cquM6zlZLCLeIlccJq3X5V9rRZ9kycm339ZNMJhGNRpHP50lcJQhi21ldXUVfXx85VgmCIAgiAPrbkSAIYhexjK2Ox/Aetddr2nRNg6br7tFmVUByRFXVwecXZZ1xmhWzmhG6tlsQdNp55hr4ez8ELv/BzjNtBc6B/Q9APvLXEGP3QDDNLl4UMH87uPfHdcjEENihp8Em7we78CrYO98Hlme92aZ6BMisgH34Mlh6DHLvw57xgvZgO/YQAGRqDPLRvwaPaGDvVMTVZjJXTQPs3O+AwcOQJ56D5NXYhnb2MGyNYS7XhsKxr011AGu65rpWnc+BEMKTq+rMIaWEYLFtzUSVwtjW8fbs2YNLly6BMVYTn0EQBNEuq6ur6OnpweDg4I1eCkEQBEHclJCwShAEsYtIq9xZf//xaabbx5mZqLo8GxQI8udhBl3jF7T87WHr8bc71+TzeczOzmJ9fRUjIyOYmJh0nXXtCoLMKoKf+RnYudeaK77kZ/8DEI/9je1UbcKRWo9m3JiCaUB8EOzO58EnHwR7/5/APvqZnQnrrJ1zYO4M2MVXwIb3Q8aH646/XYIjAMjYEORdX4OWzdjraiYWQI8AG4tgH/4E6NkDVMTg7RSmm22vd4+qWOrpp/xWPfbvXOf0sSzLjnrwztjgDurT6Z8FQRw4cABXrlxBsVhEIpGAruvbKt4SBPHHgWmaKBQKyGaz6O3tJVGVIAiCIOpAwipBEMQuYmesdiDI1PQNFr4cBx5gH4fWNA1gzYlV9TJRGxEmdpmGgUwmg2vX5pHPF5FK9SAejzfd34+UEnzmbbCzrwClQusRAAeaF1X97f68zqB+QcK0ew2LQPTtB3vifwEfOQL29veApVm7jXNACLDL/w42cT/k0WeaPkIf1t6s+A0AsmcS4rG/AQeaF1e5BsxNg3/yKjBywBWDw9YQFAMRtK5G7WHjh/X1tFec2xaz3M+K+l46P4AQQrhOVlP6nleJjj7LVjm3I6Ln3r17sba2hlwuB8MwUCqVtn0OgiBuDJxzzM/P7+gcznH/SCSCI0eO0PF/giAIgmgA/U1JEASxi3QcBcDgcaQKHoXkcfv4v5JLqrrveIAwph6Jdq4JE6NaFbOC2uOJBFKpFHRdR1dXF7q6ujyOwEaCpv8aXloG++R14PrF1kXVwUnIu74AOXKi7vr9awgq5hVGU/EIWhzi2BfAeybA3v1H4JPfV4/gr82BzfweGL8L6B4NXZ86V6t7GNZfpPcA934FWnbRXhMi9cVVJxJg9kPwPe9BHHwSUquKkI1iIMJoNku10T363apOQTTLsmpMp/5MVmd8JwpA/ezJDjVRsQ2xIGH09/ejv79/x8YnCIIgCIIgCMKGhFWCIIhdxDJyHRW8qYH5jvpWKppDSnDNPrrsKcCjdg0ocFUdpnkXZ9A1anu5XMbS0hI2NjYAAJnMBlZXlxGLxxDRIy07YZkwwc++BnbhrdZyVYUAEt2wTnwe1oEnwBpkqtZzy/p/367oKZkGMf4psCeHoHV913aJGvYRcXb9LPjSeVgVYbXV8f00e4+MMWDkGORdnwfLLNpFwZpxrS5dBjv3OtjgIcj+g4HjBwmqne5h0PhOmz8v1d83yKnqund9fdX8WPe1Dj7Lwip55iMIgiAIgiAI4tajxUA6giAIohOkWa4cIW7/Sz2ODqZ5xFEhpVvRPHD+BmKTc41Dp6IqAGSzWVy4cAGXL19GoVDA6uo6PvzwY3z80cdYXFxEoVBw3bNhY3hYvQh88iaQWWk5V1UefBTy2NNgkWTo+oPmDxP9wkTrejEBQeOjdy/EQ9+AvOs/AJEoIAWweR1scRq8tNHU/P61NBLs6r3PgsdgHfg05LHH7fWYRt2x7AgDC7j2Idi198CsYlt7GFaQq5P3qBmcuAx1blHzWdE9nz0GdPQ53omMVYIgCIIgCIIgdhdyrBIEQewiUmyvmMK5LQY5x5ZVgVXzC21CwoIFreLyrCmE1YIQ10o75xzd3d1IJBIoFAoAgEwmgzNnzuDChQsYHBjAxMQERkZHkUql7DzYkLGZVbSzVec+bt2tOjgJeehxyJ7Jlu+hXnuQmOl/P5oZX/ZMQjz0jWq+aSEHtnoFLL8GGe9ruIawQlbNzB10nYwNQRz8DLTrl+xIgEZ5q1wDNpeAuTOQ+x9zIwyaWUeQmKruoSq8N3MfQojQglXuDxcga37QIKV0nap+YVfy7f0nkxQmhEX5pwRBEARBEARxK0OOVYIgiF3EKufQmWUVqAStAmCQLOIRgYQQ9hH/iqjquPCcNge/u9ERosIILQLUqEgQY+jv78d9992HJ554AnfffTfGx8eRSCQAAIZhYOH6dXzw4YeYnZ11C26FrZNtzoEtTAOFXOtu1X0PQux7MHD9YfcQVMyrmf5BEQvN7KFI74H16f8EefQpwCgCK5eB9WsN19jsPdSbPwg5fBTy6EmgZ9h2pNaDc0BKsOvT0BbPgEmzqTma2cNmnjOn3S+I+vODHVFV7ev8cMJxqjrPoVrISot0AdCgfv46tZ+Ta5UgCIIgCIIgbm3IsUoQBLGLSMsAgrWh5vDrU1x3BSFN01wRiVV+dYQkVVwKElX9R/FbqTxfT+xy2nRdx+DgIAYHBytxAKtYXFzE8vIyMpkMdF1HIpHwVB/2r4FJE3zhY2Bhuu7aajANYPQQ5P6HIWO9Td9Dp+3+a5rtL7tHIe57HlpuCVi7ClZYB4QByWr/ym5WcGx1De5rWhxi7E7w4UNg6wvNuVaXLgNX3gPb8ymgCadtvfZW7yGojXPuPuMeV68Sq+G6ZC3L8wMGtS8ASM7A1GV2GI8qLQOM6ZSzShAEQRAEQRC3KCSsEgRB7CLCKnVcvIpBFUVZjRNV87klVScrQ/s5nOoczbSHjZ1IJDA5OYmJiQlks1msrKxACIHh4WGPQ7Gm/9YKMPcxkFluza3KNcjJ+2CN3VkjMnd6j/Xus941jcRCOXoC8rP/K1Beg9m7H0JycF+XZgTHeu9vs/coeiaBibuhzX1sO4XrwbktZK9fAzLXIWO9oevodA/rtQe5hd0v2D9EkIpCqkYH+ItWOf2FWQYDB4P9eZOV/zrBMnJAJNHRGARBEARBEARB3DhIWCUIgthFmBbd3gGl7bBzjvzbBa2qwqZlWWCMQdf10CJTNc7QJo++B9FKdXrGGNLpNNLpdMM+AMDWZsFWZxq7JlVMw85WnbwXSPTb+aW7KKo240QMvIZHYA0eddv8d9uKOF5vfc30l3oCcmA/0DMKFC42N/7SRfDrp4GB/RA81tb8rbhx691Do2JtNeNyDk2JBthJtEg3wgM4CIIgCIIgCIK42SFhlSAIYhfhPNJ5FIBHuzSrOZDKsWbLslxnppNVqema6+Tzi6pBWZT1aKVdCIFcLodMJgMpJbq7u5FKpTzH/j23GCDOMqsIvnoJWJ+rO2/gWsbvghi/q2bsnRBVt1swbKd/vTHCxPWwa5yICNY/CfTvBa5fbC4OILMCsTYPyzLBAoTVRmxHFAVQK6o6rm0ArtvUU8DKFw2gtjMpwWBVP39q7HGbMC0CaVIMAEEQBEEQBEHcqpCwShAEsYvwSBLbqawyaQuomqaBVYoHSSkhK8KTpmnVrtJbdd0vqrqXdSgIqu2ZTAYXL17E3NwcCoUCACASiaC3twdHjx7F6OiYZ+6wOVhhA9iYA0pbIfsSgGkAkSjQvwesq8918obdw05HJPivadTejmNYvaaTe/C3mfFeyN4J6F1poNhcHIC2cRUyswCr70BT77HaVm/9zexRM/cu4S10pfZ3YxDUbFbhFONS34PO/LJICwIAACAASURBVKaMRwE0KApGEARBEARBEMRNCwmrBEEQu4gW6d7W8RiqRauklLAqDkPuE00dFytgO/U4q62UzjmHZVk1Dj+/y1V1AdZrz+VyOHfuHGZmZmAYhjumYRjI5/PI5wu4804Tk5OTnjGCXIY8uwi2OgsY5dbyVUePQIzfZR9HD1h/O/cY1t/v0m1mj5ppD5qj0T20ssZm5teiXdCSfbYbtdkohvVr0NYuQfZMQCC2q3uoCqJBIquUEsKyc1X9zzwAyMrrajuXpcb33AKMR8D1GFDOb+u4BEEQBEEQBEHsHiSsEgRB7CI8kuzIsKq66ezvvUIUYLtUOWNu7qqDI65q0CB540X4naz1xDz/NZZlYXl5GYuLizAMA4lEAul0GqZpIpPJwDAMbGxs4OrVq+jr7UW6pycw05IxBo0J8Mw8kFlscpeqyJ5xyJ7xhvfgqQyv7KOfVvZgO9qDrum0PeiaejDGwHgE6OoF4t1Abr2pfti8DrE2BzklOlpfO+0AakRV1YUqZLVYldPXed+llBCKKFuN2hC1UQodGFa5nnTnIwiCIAiCIAji1oSEVYIgiF2EaZHOKolL6TmIrKMEDWVYll0Uyyu61rr87OJWwVmbjqPV3zfwPhqIXYZhIJPJoFAoYHx8HCdOnEBfXx8AIJfL4fz585idncXm5iY2Mxl0p1KhYpswCmC5VWiNjqB7FwNwDSI1AtHVD4bWnKrNHrm/mUTVMGE6bI5G77HaX4JDRpJgepN5qVwDSgXw/BqkMEKf+J3cQ/976DnW71uQ65aVEsKyPC5WNzLDf2S/EifQNlqERFWCIAiCIAiCuMUhYZUgCGIXYVq0wwHgyQoVwoRhGBDMFpd0Xa84DGsLUakFrPzOV/91nYpdAFAqlaDrOkZGRpBOp90+6XQa+/btQzabRaFQ8Ai6QePzUhY8c721fFVhAd194OlBSK7VyF9hTtVmCyHtlMvSv76w/o3G6HT+QAeoHgMi8dA+vgHsjNtCFjCKQKy5NWznHjrXANVnWypiKKu4up3ogKC+av8Ict6c3sbae124FiVhlSAIgiAIgiBucUhYJQiC2EU0PelmfbaF35GIirOOVYRTRSxUnXuO4Gr38QpG6nHn7Ra7CoUClpaWMDg4iL6+PlfIMowSTLPsWUPY+LAMoLhl56s2C9eArh6IaAJCWJCs9czUmiHriHg7LRi26nRtdX3ONY3uE4y3lHHLcktg2UXI7tGGY+/0HnjWVRFV1RxVy7JgCQHhiwdwP0fS9/xJdPRZ5npX230JgiAIgiAIgrg5IGGVIAhiF+HRzopX+XUcKQwIywDXEnamqk8wdHJC/XmTfjEz7Oh7u2JXJBJBT08PEokE5ubmsLW1hfHxcXR3d6NcKuDqtWtYXV13XwsbHwBYeQsoZe1AS9akqCcsINYNnuyHYBwi5B6aFVXDRMfdzlzdCSerQyPRk7XiWHUwivaXMk7QXDu1B6owamenVnJUEfx58I/jRAQIIcBqild15jbVot3kWCUIgiAIgiCIWxwSVgmCIHYRpkU66w9fjioChFGn8A4AqRz7Dzv67zpZ6+R1tip2RaNRDA8PY3FxEYVCARsbG9jY2PD0j0QiGBgYQDqdDr1fIQTY5nWw3DKgtfhXViQORLsBprctSLaTR9rO+GFsh6ja6B7qOVXV8aUeg9RjaOkEfGETMr8By7Lqzr9dbtwwVGe2M4+AgLRkNU+10u78MMJxsjrj6yj6PnusI2mVRzr7IQtBEARBEARBEDceElYJgiB2EcY7zVX09o2IVaSMD1FMPOm66yxHCAPAhHBfd4r2CCncYbjiAFWzJlUxLqwIUBhOe09PD44cOQzGgKWlZRiG4V6TSCQwNTWFffv2uTEFoaJkJA5o0UpBquaPoQOAKRlMycB9amCrRaKcvfFf4+xX0B61uoeNClH58c/f6B6C+qvtQffn2SOzBGb6XZsNMMv2F7ZnD5sp1uXMZZqm14kK771apuXOYVmWHQHAGASqQqwTESCEACvOe+byu8BbhVHxKoIgCIIgCIK45SFhlSAIYhfRosmO+tvikN8zqBazCnYnOqKUI65yzsHA3EJV/iI/ap9WKs+r7ZxzjI6OIZ3uwcrKCtbW1lAqlRCLxTA4OIihoSHEYrFAQTBMbGuHVp2krbpA6+1Bp3vYaI1B82/HParH5wF4npGm4ZodA1ApOhYa9bDNe6gWovI4VSU84qrTpl4j7QZP7qrzPHJRgPpZkx1GATDeYSE7giAIgiAIgiBuOCSsEgRB7CJ6vB8dZTNKu6q5V+SquutUnGPNak4kAGhM84hy1aHDhSygfUEwlUohlUph//79LQt+AGpyOpvGKEI3smAwIFE93t3y/A2oJwjWa2/UP4x2RNF2nayeZ6TV94FzQJiAWW4pSqLRHgbhbw/KFAbs4/tCCghLeD8TzvF/y4IIGYOj5P2ZhhTo5LMcTY6QY5UgCIIgCIIgbnFIWCUIgthFounJzgeR0lvEycq7GZYOEV0HrzhUnePXqgtU45pvSFkj1qlsp8uymfZ6BbWaxihClLYghAWmdS6aBq2xHeHZf487vYediOM1gqYUrUUyGGUwy2j6Hprdg3oRCEF77HenBsUMSCkhKj+gME3Tkwsb0wU0lOBxrCrO2HaIpic97lqCIAiCIAiCIG49SFglCILYRSKJAXA9CWFstT2GFAJcEUaZlfdkV2qaBuYTmoQQrisPsJ17Qcf/3fYWBcFyuYxi0XYzxuNx6LqOYrEIwzAQjUYRjUa9hX/aONbdMsUseDkPyTVYHQrD7RRQupGi6na3CyHA8htAYTN0D5phJ0VVVSwNwhZOhcdk6jxj6tF/p5iV6tyWRg5cGspYoiPjOQBEkqM7Jqyura1ha2sLpmmiVGoxF5cgiJsWTdNqTqdsN7quQ0oJXdcxMTGBaJRiSwiCIAiiHiSsEgRB7DKx9B4UVs+2P4CUgCJS6ihAQxlgCTcLkzEGKE495zVN08A1b6ZqUHGgVgXBhYUFnDt3DolEAsePH0dXVxemp6exvr6Ow4cPY8+ePZ5j3VJKFAoFAEAkEnHvxT8+5xwsmrALWLXKxiKwsWivH80LikHX1Gu7WUTVVgpZtdquMQHNKrqFqJomEgWLxJqaw0/YHqrPaysRCgA8kRk1wn3lBxBBrmlN5DyfOSkkOlJWGUc0NY5CafsFkqtXr0LTNHR3d9s/ZOnU+U0QxE3D3NwcxsfHd3we0zRRKBRw6dIl9PT0YHR0dMfnJAiCIIhbFRJWCYIgdplIei/yHQirQgp4DvJbBQjLANcSrtgkFZGIMQZd16silqy6VCUkGLxOUneeBoKgg5QS5XIZ+Xwe+Xweq6ur0DhHqVTCxsYGrly5YrvnjBLyhQLy+SJM04RhGBgaGsLRo0eRTqfdOfyCHysXAKvc/PFzwC6cJAWwtQrk14HkSOj4zRaqaqa//5pGgqC6h/X2OGx8dY6wPNJtKdZllsCKWWitCqtGGdIo1d3DRmsI2kN/bixQPwLAaXcKt/ljAIRlwaw4VdX+zvwxueSdS4iODKuRxCC4nnALe20Xs7OzSKVSiMVi2zouQRB/XOi67uajr66uYnV1FQMDAzd6WQRBEARxU0LCKkEQxC4TTY50Vr/KEp4iOhG5grT1MfL88eo1SraqKri5TlUohXu45opVqpjUTBEm56u7O4nu7iSWl1fw0UcfIRKJwDAMGIaBa9eu4dq1a4H3kkgk3KPKoYJfJA7ocTvbE2hOYOUcMC2w/5+9Nw+S4zoPPH+ZWXd39X2hcd8gAFIkwEMkJZKSbMu0LlIjSx57JY/tHUmWduzxWHvMrGIdsatYr0PWbsxsSLIVs/ZYGo+99EHSF8bHUqRpyaZ4kwBBXELjaqDvu+vI4+0fVZn1MjurryoQ1/dTdBCV78iXr6oB9a+/932zlzHmR6Glf93Csh5riUSNRgTrc0Ql3/Vy/F/vYxZmMGevrF0EJlMoK1l3H5u1h9Fn0H9BEPySYUnRt1oEq6vnH7as0Lpc1yVVOhP6nlNeY6kAki0Da873uxLDw8O0traSyawjulsQBKEO3d3dTExMYNu2RK4KgiAIQgwiVgVBEN5h0m2bacTKKM8NRZlCTdCZphkquqPLG18SKaWCfKt+VJ/f7v83TlTpx6ijMqyrq5u+vn6mp2cCoboSyWSSZDIZmituftXSDS1dlQhUYw1RqwCzI1hzl1H9B/DjfHURp0dB6vfX90Pfh+X2wCcqnf325cbr96w3/0rjo8+wUnu9Z/CFe2isvYixMAWus/rIYc8DMwGJVOge693D1T6jHqnq30t/z/3vFc/zKkWqHCfIsRr9fvEjqw2vFPqeU55LI9/D6SYXrlpYWMC2bTo7O5s2pyAIgk93dzfDw8P09PSQSMiPj4IgCIKgI/8yCoIgvMOk2rY0OINCeV6oQBWaRIKagNJzrkZFlWVZYLAkui8uQjB09xghmEql2L17N+l0mnPnzlEoFALBms1m6evro6Ojg0wmQyaTIZ1Ok0qlArlabw0AykqhEhmMtUrVRBImh+HiUYxt92OmO+oe3a/3jHFtK+1TnBBcbrw/hx+FWU/KLkdclOZKUZz12mPXPT8Oc6NVWbpasepCMoNK5YJ76Kx1D9fzjHqkqv5LBKjJW6+O3A3ku+dgqUJ47Q1K0XTblqaK1enpafL5/LIR2YIgCI3Q1tbGpUuX2Lp167VeiiAIgiBcV4hYFQRBeIdJtQxUClA1gFIehlHLtGqoYkiq+hGptf4qFMnqR7dahhXI13rRg9F56smwTCbD7t272bVrF7Ztc+HCBc6ePUtbWxt79+6lo6NjfbLMSkJLB2RboTC/to3yXIz5MZgfx0u2he6xGmlary26T+sVgisJxbWI3XrrX2t7dI8ShsKaH4G5sdg9qYtpQSqLkUzHzq8X2/L/q+c/bUQML0ll4Q9VYHhG0Mf/nrG074FAuFb/m7ZcLKOMP4lSqhqxun5STY5YdRyHTCazooAXBOHWY25ujnPnzlEqlZifn6e1tZV8Ps+GDRvI5/OrnieTybC4uHgVVyoIgiAINyYiVgVBEN5hrHQeM9OJW5xa9xye56HHpiW9aUxVwlHJ2KI+UYllWRamtVSo6qxGCPrXo+3JZJItW7awYcMGEokEqVRq3bLMS7fhtXRjWck17xOmBedfxTr7fVT7RlwjtWz31UhVf236GutFqa70jPr1le4f194sqRondoPr5VlYT35Vz4V0K2TbY+8ft4eO46x5D+u1K6VQkeP6nls5/u/fxzRNUApHk6mu64bSB6SNCQy09AkNFq4CSLdvCe7ZDAzDkOO5giAs4cSJEzz33HOxbel0mne/+93s3bt3VXP5f8c06+8tQRAEQbhZkP8XLgiCcA1It21hsRGx6jiQqhWpMZxZPKeMkUhVpKl2rNyXqn5kqmVZNZFGRFJRq7geV0AIlo9w1PukUilSqVTd9tXKMs/K4OV6sDKtML/GPTNNWJiBKydRc6N4rYOhY/eruX9ce7TPWqXqavewmZGoK0V51nsO5kZg9AyUFlefBsC/Z7YdVRWrzd7DldoNwwBFIFf9vKpLqM7hC9VoTtasN4xeucpznTXtwdL7mSRzfZQWmhf5VSgUJFpVEIQQQ0NDgVTds2cP27ZtI5VKUS6XGRoa4uTJkzz33HOk02m2bdu2qjkdp8G//wRBEAThJkTEqiAIwjUg1dLPYgNRH55TRvcoKabJu0eZS94fyCa/eJUuk0JCUYHyNBFl1qIXo/kofa5WLsyVxC1t/ZWv8Qur3KHIui++jnHxddg3uKStWeuPStOVcqa+k3u4luP/eruFR2JqCGNiaG35VX1SLZBqafoeruYZ/T4o8JRX+bzHiWPtWvQXEUopUuWh0Pea59gNpfJI5QfXXoRtFYhYFQRB58033wTg8OHDHD58ONS2bds28vk8L7/8MidOnFi1WBUEQRAEYSlS5UAQBOEakG5vrICV8jw8N5zn0VDlINJUKRWKwNOPduviNJSLshqtutqj63EyLDo+tL6Y9lULt1wXqmMQkqmK4FsLiSTMjpO48DLJhcurer7oEf9664ubZyUhuOTZ1rCHcWtohnSN5iQ1TbMS2ewswNgZmBmpu55YPK+ShqGls5IOYJn1x61zvVLV/4ruY3S8/30StFdTAOhjK3mKFQlvNvxojr22vYjQ7MJVgiAIcVy+fBmAgwcPxrb718+dO/eOrUkQBEEQbkYkYlUQBOEakO25DRrM1Og5NqZV+2s8paYwVQnXDUuraCEr/0i0L5BM08RKWEsk1ErCr54wXKmtXp/lhJ+b6cTq3IyVbgG7vOy89TDOfJ9E/1648ydxMZc9el5vD6LrjxOScePjZN9q9qmZ0rRelKqef1d/ftd1SUwMYQy/BaVCRVCvhWQKsu2oRGZJjt+49fnt+h7GPUPcHi4pVkXtcx58hrRfMvjjXNfFdhxsx1mSKkApRdodx8TGTwXguW7DhasyXTuvynFaiVgVBCGOdDq9puuCIAiCIKwNEauCIAjXgFzPAQwjhfLWJwkBXMcmkckGry01D8RXvdcjAKNHnVc6lh2N7tP7+DSSK7NQKFAul8nlcsEPelGhqRJZvLaNWK3da8+zWnmISq7Vcy/C5rtQXbuXXWOcFI221xOCq2lv9h6u1B6NVo6uMdoG4JXn8S6+XsmvulY8F/I9ePkeXMdBmVbdFAj6+peTpquVqrrY9lStKBUQiuZWSlWO9EfWoM/byhk9vSqeU2709yG09N+J6zYmZ+NYrVh9+6lv8Mxw+Fr+wCf59MM9TV9T83ibp77xIp2f/DTX9TIFQRAEQRCEWw4Rq4IgCNcAM5Em23sbCyOvr3sO1y6jW5+EO0Wu+AozqXtRqlLxPJFIYJkmpnb0X8eyLEyrJqs8zwuK/eiFrNaar1NnOeE3MzPD2bNnmZ+fZ8eOHWzatKm+EOzaDF1bYPSH69sw08I49wpG99/AoW5UumPJPfT1rfZY+Vrbm7GHK7XHRdquJG51lFIkZi+RvPhaRWSvNVoVUF1bcLp345rpunu00h6vJ9o39IuBarNpmoGADaSr5+FWv3S5HLS5LonSOfTvMdexG/Kqhpkk13uAhcX1/0KlKQy+ny88tq/y5/Hn+M4TR3jugEhLQRAEQRAEQVgrIlYFQRCuES39d7Iw8tq6xyuvcizZ1I/6e0Vc1w0klGmaGKaJpxTKdeMFlqfArFVPh4pUXSkPJqw/ytLzPEZHRzh9+jRjY+MAdHZ20tvbSzKZjB3vtg5g9O7COvsDKMyvvZCSaYJdJnHiuxgdG7D3PopnZZaN4vT36moKwUYiURttrxvJWp7HOvdiJQ3AWvE8MAzc1n7cXM9Vl6p1P2PKCyJD9aJtQXoA7X3202WEUgc4ZZLMoX8bVH6ZsX61muu9DUUCpUrrnqMea00FEPTvPcCW/DGmxg2MXjj+5Ne1iNZB3v/Fx7mN4zz59WfwLw++/4s8fhuMPfttnjg2V7mYP8AnP3OAY99+gql7Ku3Hn/w6L3Z+ks880lvpO3UPX6w08HX/JoPvr117EQYZZjj/fr74eA/PfvsJjs0Bg4NUys4ZrPExBeGW4U/+5E+YmJhYcv1b3/rWimP1Pj09PXz84x+v23e5X8oJgiAIwq2IiFVBEIRrREv/nQ0fK3btMqaVC15b7iwqEZZR/tFnPR1AIpGoRKuaJoZp1AQrYJhLZRs0JlX1dqUUFy9e5K233mJ2tlIYKJvNkkqlQvdbcjTdyuD178Pq2QYXjq5vw0wTpkewTj2P17Mb1X/7mp/B77NW6droHq40vpntqamzJIdeWF+0qudCaydG9ybMVA71DkWq+m2VSFQX5amQUA21Ow5OJOdqNCdrW2IMy9HzqzqoBo/wt/TfdVXSADTE2DHOz+XZ0gNwHPZ9kS8+DjDGs99+grePQ8/IiwyHBOizjN3Wzz8cgwOf/CKP9Fb6/sPxR3jPljxPvH0cbuthhEHyU8cY4xHGp+bId/bA2LN8+5m50LhvP9vDZ/qBuTk6P/lFHu+tSNtjHOCTX3yE3uNP8vVh6LymGyUI1zdxUnU9jI+PN2UeQRAEQbhVELEqCIJwjcj1HsAwG8yzWi6TzNTEaos6R7d6lXnr3eHj/SqcRzMUCeq4gYCKOzYOqxOCcVGQpVKJixcvMjQ0RKlUYmBggI6ODi5cuBBI1Y6ODvbs2cPGjRtJJBLL3t/p3onRu5vEpXVEUur88CUSLT1wfzdufuOS5uWO9y93tH69QlDvo88dHR9XaKre/OttN4pTGKf/Hi68sexal6VzI27XDjwrg1lnD+OeIbSOdeyhH6ka/YWFf7TfcRxc18XT5Ljfrs/vui4t5TdDc7jrLJqm09J/51UpXAVrjCIbfoavf/2Z4GX+wCd5uEeh1D727VMcf7KWh3UQRc+BLeSfqIwZfP8X+MKnAQX7Bp/hmSe+zrH8AT756S/QgwLycH6EsbERzrOPe3ibcTXGyFyeLe/pQY1PMZffwoEehVI9HNiS59jUOKofIE9/j0KpcY6dnyO/5QA9SqH27WPwmRcBhQTLCYIgCIIgCNcTIlYFQRCuEWYiTa53X4N5VktEz8YaBqFIVT1qT49a1UWdUqpyHNoA0wjLrGhF95WEov9VLBY5c+YMp0+fplAoAAQy1WfDhg3ctv82ujq7QnK3nlBU6Q68vr3Q1gvTI2tPBwCVMZ6H8fYzJJIp1OGfxmkdrCs1mxXJWm+8/ozRPdTb34lI1QQ2yaHnMY7/HdjldUSrVtIAqM7NGJ2bQp+1te7Bcnlr4wjGe0sluP+94KcA0D/TeiS13wcgyUzoe6vRNACGmSTXdx3kV4VwjlWd8ef4zhPH4MAn+cJj8Nx3nmAKoOdhPv2Fh+Htp/jGM9/gG88M8v4vPMa+x77APsZ57jtP8MQ3jlWLYO1j8Jm3GR+H/L6H6Rl5kX947hhzbOHRHkCC4QThmrFhwwYmJiYol6+Dv4cEQRAE4SZhHT+RCoIgCM0i138XSitOvtYvz3Xx3HAEnOXOBEeco7JIRxdZuhjV2/SK61D/6LovwnQZNjs7w8jIlUCqJpPJUP7U3t4e9u7dQ093T10BFxW2pmlibLkLteldjW18Nd+qcfwZkm8+hbUwEnq+tUjRuL2oJ57jxkcjNOtFaUbFbdy9l5u/Hn6753moC69ivPGXFWm9joJVeC609+FtPICX7arbbT1Sdbk91sdihH+BEAhVbQ/MyFjHcXAcJ+iTUnOkCP8SwCmVGvpezfbsByO5tsjSNRDdp7pfld5122GQux/qRo0d5fwcoBRjz36H7zw7htr7MX7xJ/eTB5Q6zlPfeIrjqpuH/ptf5H2Dlb5KddORn+PFF+fo6FZ0798M588zl++jWylUdwf5ufMcHVMoNcbR83PkO7rxt0VV59i/Oc/c+aOMKYU6/jbDa3lG+ZKvm/SrEQ4ePMhHPvIRHnnkkYbmEQRBEAQhjESsCoIgXENaB+5i9PXfbWgOp1QgncsHr1PuCIYzj2u1oFQlz6R/xF4pFeR49GWrnotVKYUylv4AZ6hwpKuP/sNeVHQVikXKZZtkMsmmTZvYs2cPlmVx8uRJzp07h2laGIaJ4zgsLixwaXiYqakpBgYG2Lx5M8lkMn7+1gHYeBCGXqzkAF1P1GrlwaEwj/H6X5ACjHd9AifXF7pn9IdZ/Rnj2qPX6v0wvJo9rHf/6LXlxse1xwlLz/NIzZ4j/ebTlfy165Gq/v36duEOHMQ105UI1jU+Y/TaaoSCUtUUAJFrbjWPquM4QToAVVkEqLBU1eVrp3ECQ4tOde0yymvsCH/LwF1XLQ0ArDEVQL3+3fvZnP9jvvvNb/Ld/H72D8KFkTG6H/ogm3//j/jmNyvdBt/3efYq2Pu+E/zWN7/JdwHy+/nERyuCdP9meOutPP3dCkU/zL3F4N17K/fsfoifed+f8Vt/9E3eqkzG5x/qRp0IFoYCuh/6IPt//4/5o2++VStepRQNuiVBuGWZnJwEYG5u7hqvRBAEQRBuLkSsCoIgXENyvQcwrBTKXf+xPLuwSLqlLXidZJZW5w2mjfsCaepHQvoSDZZGPkalm++VDMPAtMJ948ZEsUwDyzLIZrP09fWRz+cxTZNNmzYyMzPN7OwsQ0NDDA0NceVKLbLVcRza29vp6uqKFYKOMjA23kly40E4/uz6xWplEypy9eU/JVlehGpaAH8P4u7vEyc91xJJutL11YyPW+NKuW/9Nr1PavEKqZf/EE48D6a17JbVxfMgncXt3oab61nVMzSj3fM8FCp2nC9XA6mqC+fqtbiI1oxzJpQGwC4urm9PNPIb77uqYnW17P3o59lbt7WHh37m8zwUvNb+FLoeTMbnYybreehn+HzQeS8fjXaKG7fkWnQtgiA0wvBwJXFys4pcCYIgCIJQQcSqIAjCNcRMpMl172dh5LV1z+HZNq5dxkqmgmtJNVO7h1agxzTNUFoAy7ICWaWUwnPDUX+GaWAaaxOXvqBKpTIkk2kWF2coFotaSgIDy0pQKBQ4e/ZsaGwymcQ0DRzHXlZquq0DmNvuxrp8fP3H1n1ME0oFjNf/kiSgDv1z7JYNQfPVlKr1WK9U9a8v1x4dn5w6TeqF38M48XxtP9aD50LfTrwt9+ClO6rRhe+MmNZTn3rKC4SqbduBUA2+D1wX1/Pw6ojnnHeehKpFdCmlsAuLjaRXxUy1kuvdz9zcfMPHeetxteYVBOHmoLu7G4B8Pr9Cz+WRv2sEQRAEIYyIVUEQhGtMy4Y7WRh5taE57MIiVjIdvE574yRUAWW0BlF9pmnium4gp6J5Jv0/BzkuTQPLtNYtBLPZLG1tbUxMTHD58jCGAXNz8wwPDwfRqT7ZbJaenh4GBgbo6+sjm80C9YWcY6Twtj9M6vIpEq89vcbdiiGRBNfFePkp0tPDJO79acq9B/CsE+jY2QAAIABJREFUzJqEYNyx9WZL1WYIydDx/5f+C5z6XmORv54HpoXq3QldW4N7NPqMfp+V8s4GvxhQHihC+YH1Xxy4Vanqpwfw86rqc+fVKaD22ikVUJ67/r0BWvvfhect/Ww0i2w2K7JDEIRl8cXqhg0bVuhZHz+tkCAIgiAINeRfR0EQhGtM+5aHGHmtsTyrdnGRTFtHIIiSzNPuvcGs+Z6QVPKlqfI8sGpHvv120zSxrPij4NEcmXHtutzxZeno6Cijo2OMjo6F+ieTSdra2ujr62NwcJCOjo4gXYF/n3pH2w3DgGwXaucDcOUYXDndWNQqVMSiB5z6R6z5CZJ3/yT21gdRmc66z3i9SdUodffQXiA9dozUy38EZ19a9frq4rkwsAt72/2UMz3QwDMsl94grl1H/4zEikal8CJSVcd1XZL2JT0LAHZhvpFgVQBaNhzCtu0GZ6mPUgrHcUR6CIJQl5MnT3Ly5Ml1j4/7O1MQBEEQBBGrgiAI15xs9x4ynTspTp1e9xyea+OWSyTS2eBaWo1jeEU8oxLJulwuT1+6+hLWMGvFqvw+OquN4uzo6KC9vZ3p6ena82az9Pb2BtGpuVxuiQxTSuG4DpZpkUgk6soytfEO1K4HMCbOg11ujlwlCZdPknj2t7DedYHygY+G8q7qzxdlOSEYbV+JZkWqRqVqwp4ldf77GC/+EVw+CYbZWLSqY0MyhbP9PpyBA6t+huUiaePWvxzRaFU90tWPXg2iVauvo3vjeR6t7mkSFPEjVpXnNZ5f1bDo2PGjFK+iWLUsi2KxSEtLy1W7hyAItzaFQqHuL14FQRAE4VZGxKogCMJ1QMf2H+HK5PrFKkB5cZ5ERhOr3jCtzhvMJO4GajLPMAwwDDylMGNEV/QHJ6VUpTgQxpIj2XHowiqXyzG4cZDFxUU8z6Ovr4+BgQE6OjpIJpO1+TUhWCwWuXjxIpOTkwwODjI4OBiKxNPnd5JtsPv9JEfPYJz83rr2bQmmCWYa5qcwvvefSV86hnXnxygPHoZMZ12hupIQXEvEbzOP/weS0S2SnBnCOv7XcPRvYW4CrGRjUtVnYE8tt2qdNeqsV6rWjURdoQ0qwtVxHFzXDe4R7d/OcT0LAHZxoaHcqgD5wcOYqXa88nxjEy1De3s7ExMTQQoNQRBuPbZu3cq5c+canqdeqoC5uTm2bdvW8PyCIAiCcLMhYlUQBOE6oGPb+7jy8m81NEe5sEDW68HQRJnpFYOj80uiPSPpAXypuuRou7G+CEv/Wm9PL7lsjlQqRWtra925XNdlcnKSM2fOMDIygm3blMtlWlpa6O7urivqvPbNeHsfxpo8D+MXGo9a9UkkK7lDz75MYnyIxG2P4Nz2QZyu3XhWJugWSk9QZx+ifeqhC8Ugb2ikYv1qj/+HHmVxlOSllzBe/wsYerUSparl5F03jg2tnbj73o87cDC0Bv8zFZcvNcpa9jBurB+tGodSCtdxgn2Mvg9+RKvpzJNWk+hmtbzYuAzt2P4jlMvlhudZjlwux+zsLIuLiyJXBeEW5YMf/OBVm3tiYoK2tjZJNyIIgiAIMci/joIgCNcB6fbNtAy8i4Urr61/EqWwCwukWmoVfy37Mo47g5Vuq+VX9Yv4VKWq/4OS3+Z5Hjg1AWYYBpjhCD9dmPnUi0BMJBN0dHQsK8pmZ2cZGhriwoULocJWvpyLHt3Wx3tGCmPj3Zg7T2PMjDQnJUBtAUH0Ki8+SeLC6yR2P4iz/UHszl24ZnrZiN6VoiijfeLyyXqeF8y/lghOAKM4RfLSSySOHakI1XKxeVGqngeGAVsP4Wy+B9tIYigVK1TrpZKIpn+A5QtVRffBl6rKq+2VLqI9z8N1HJw6eVX1NAE9ibcxyrUiVa5j45TCRdbWipnI0r79fSwUrl4aAJ+BgQEuXLiAYRik002Q5oIgCFSkaj6fp6OjY+XOgiAIgnALImJVEAThOqFj+4+ycLkBsQqUF2ZJt9bEaos1SY91gmnj3kBG+ceto5GDvnDVCYpJKUKRq/4csPyx7pWEY7lcZnh4mHPnzjE9PR0U+Glra2PLli1s2LCB1tbWFZ/bzvZiHPwoqfkJeOuZapX6JshDHz969fJpuPJDEqe+R2L3g5S2vhu7cxdGIrdkSKOFqFa7h3HjjeIUydGjJE7/PZz5QeXYf7OiVH2qBatKe3+EUtuWNa8xKl3rpVgIjV9BquqS1vVlavWXCLqc99t9qeo4JTLu6XDRqsW5xtMAbHoAZaTxvKuXBkBn06ZNXL58mWKxSDabJZFIrCraXBAEQcdxHAqFAnNzc7S1tdHe3i6FqwRBEAShDiJWBUEQrhPatz7MxX/8P0G5K3eug10q4to2VjIVXMu4lzGNBVSiNYhShYocjTvW50sn/4coK2FVBCsqkFNx0YP6+JWEoOd5TExOcPrU6eDYP0AymWTDhg1s376dzs7OYH1xQk7HMAzs9m1w8COkZkfgwtHmilWoRa96HoychdFzpN/8a9KbDqJ23E958DBOri92jVdLqkYjiBPzw6TOfQ/zzPdRl0/C4mxFqFpN/ufe86CtB/f2n8DbfA+mYa4oTese768+Y3QflouI9sdFUwzUk6uqGklbWXo4otXzXHqTQ6TcBYKiVUpRnJ9t1KvSseNHr3oagCgbNmxgZmaG+fl5HMd5x+8vCMLVwzRNhoeHr+o9/H93Lcti69atcvxfEARBuCW466671j1W/qUUBEG4TkjmumnbfD+z559vaJ7C7BSt3f3B6wyjtKnjTHmHgZq8ipN1fhSfaZq1iFZFLU8rjQvBhYUFzp49y9DQUOjYP0B7Wxvbtm6lt7c39h71pGogizfcjnvwx7HmxmB6pHkpAXRMEzArcnFmDGa+i3HqH8n0bUNtuh1n0yGKPfvxUu3B818tqeopD6s8S2b8LRJD/4Rx8Q3U5GVUuXh1hCpUnhtQux7E2fkIrpmuK1V1+V5XmEaecTXpEyrLqESrRmWqX6TKse1QZLWP/jmv9HfIq6OholXlhTmU66xvf6okMp20bX6AufnFhuZZD+3t7bS3t7/j9xUEQRAEQRCEWw0Rq4IgCNcRnTt+lNlzjYnV8vwsXkcPphZlkvAmcJQTCCw9DYB+jFrPwxpC1Y7/G2ZVlGnRfaFCS8sIwbGxUU6dOsXo6FgQpZrNZkkmkxQKBRYWF5mcmqKtvZ1sNhuMX1xcpFQqBX1haRSkUgqbJO72h0jbBRIv/fHVk6tQE6wAdhl18W24dJLEa39JvrUTuregNuzHHjiA17EZle4McrLWIxTlGbOHplvEKE1hzV0hMXEGLh/HGDmJmh6BUhGlvKsnVLXnVrsfpHTwo5TT3VirkKpxzwfxeXlXkqqBSNU/k1pOVz9/sFvtp0eq6kK1EpXt0W4Okzbm0aNVCzOTDacBaN/6MJ5aWjROEARBEARBEISbBxGrgiAI1xFtmx/ETGbx7Mai3Aqzk7R09QWvW7lAj/E6k1SOOESFZFDIyrKWzLWePJj1oiwtK4HnKWzbJplM0t/fz67du7BMi+PHjzM8PMzFixdpb28nl8vheR7jE+Mcf+s4s7Oz7Nu3j23btmFZ1pJn8KWum2rH2fV+rLkxjNf+vFLMqtlpAaJEJevUCEyNwOkXSSZTGJlWaOmEjgFU52ZUWz8q1wX5ftxkbkluW8uysOxFjMVJKC/A/DjG5HmM6UswM4Kan6o8l+dV/J9phtdwtfA82HE35UOfwu7ajRWJNPXfAyAUqRpX7MxnpXYdPa8qEJKmfqRqJZI1fNzfX5ur5VutpA6Abt4M3cMuzOM5jR+f79jxI3IMXxAEQRAEQRBuckSsCoIgXEdYqRbatz3C1Km/amie0tw0uY4eTE2UJr0pPMPDsqxANEGtGrtlmqAJSz36z49kNU0TFEFOTX18XA5Nv93v09nZydatW7Esi76+PjZv3kwqlcK2bXp7e5mammJhYYErV66QzWYZGxvj5MmTQcqAy5cv09nZSXd397JCz831Yx/65yTTOYxXnob5qasXuboSdhlVGofpUbh0orJGw8SoSkETSAL4eXHtiIzzPFDV9woqEam+KL7awljHsWHzQUqHfopy74El8lxntVLVp15O1lBbNcevL1V9fKmqF6Py1PJ9fHLqIhljmlC06vTEmrcmSio/SOuGQ8zOzjU8lyAIgiAIgiAI1y8iVgVBEK4zOnf8KJMnGxOrKEVxdopcZ09wKW+cxzHfYMo4FCpQ5UfvGYaB63kY1dfRwkAQI7z089Iq/nh+VKht3LiRTZs2BffwPA/TMhkcHGRmZoahoSHOnz/P5cuXsW07lDKgu7ubXC4XK1WjMs/J9eHe/gmSHiRefRIK8++siNRZTTRpVKiuZezVxvNgcC+lu3+G0oZDoUhVICTq6xWyqoeeH1UvZBUdEydV9XuHxKlSmNXPs39/P5pVn6+bN0Jz2YUFnFJpLTsTS/u2D2DbjqQBEARBEARBEISbHBGrgiAI1xmtg/eQyHbiFCYbmqcwM0GmrTMUtWq6MzieE4hS13UxTZNEIhFc00WVnnfVMAwsy6rktlThaFc/76p/TY8y9IkWMXJdN1QMK5VK0dPTw+TkJLOzs4FQ9VMG7N69m+7ubqB2vDtUTMsgyIsZFHdKtOLe/nEyXAdy9UbE88C1YcMeynd/ivLGu5ZEoPrH86GaKkJ7D+La9byr0ffQL5DmS3r96H9I3ppm6Pi/H1mti0xPqcpXVbhGJWdOXSRrhKNTK9GqjcvQzp0/SrFYFLEqCIIgCIIgCDc58tOlIAjCdYZpJel/12cankd5HsW5aTCM4KvdHKLHrETp+WIKarlTHcepiKqqrPI8ryZUIbimi1eMOkWIYqRqXLthGJRKJS5cuMDp06eZnZ0N+rW1tXH77bdz6NChQKpGCaJUiU9F4CbbsA98BHX4cWjtDKraCyvgpyDYdhflB3+e0pYHIJFbGqlaR5qG2gP3XUeqav7Rj1j1lBeSqkAtHYU+v5ZPNVi6XsRKK1jl47ouXcbRioyvfm/YpQJ2sbHcxgDtWx8i2b5jSd5cQRAEQRAEQRBuPiRiVRAE4Tqk57aPc+Xl/4hbbixHY3F6gmx7V5DPE8ByZ3CUjWlaS6JUTdMMhJAvsfTiVnrUIFArIlVHasJSqapjl20mJyc5d+4cIyMjoWP/GzZsYOu2rXR2dgayzSckZmPmDwk9A5xsL+X9HyWVyWO88hSMX7h2OVdvBPxI1Z33Urjv5yj17scyrdg0EP61ZaWqEc7Lq/eJttcTruHleaFI1Kg4VZFCVdHiay1cJmeMh+YsTI1DEyJMB+76BYrFYsPzCIIgCIIgCIJw/SMRq4IgCNchZiJD78FPNTyP5zqU5mYwtP91mOfoNSpRq9HiQr6E8oVVNFdm9Mi1fuQ/mEMtrQyvo0u5ufk5Tp8+zcWLF7Ftm2QyycBAH3fccZADBw4EUrVetGsU//5xQs/O9rKw98OUH/g5GNgFdkmiV+NwbLAsOPA+iu/+ecp9B2KlaqjYVJ33yDAMDNNYIlVXkq6+VI3Lz6pHTPtyFQiJf0/7POspLaASld1rvFIJVq3+zykWKS80Xmgqv+ndpLv24DhOw3MJgiAIgiAIgnD9IxGrgiAI1ym9B3+KsaP/b8NRq4tTY6Tb2jHNWq7VLJfB2QNWG1CTpr588o/+62LLz8fqvw6iVX3htszRf59opGlLroX29nYmJyfJZrNs2bKFjRs30tLaEjvPcikGorLOMGPyeVoZFre9D7eln+zrT8Cpf6wUjZLo1VqUaq4N9a4PUTz4OOWWgZD0XBJNaqz9PVoyPjLW9VyUp2I/P7pQ9YtR+VHX+i8FojlV9fv3JU+Q8aZD8y5OjTa2d1X67/xZCoVCU+YSBEEQBEEQBOH6R8SqIAjCdUoi0073vscYef3bDc3j2mUWJ8Zo7d0QXGuxpuhPnGScu5cc7YeqpHRdrKpI9SWVL7L8YlZ+sSI9KlAvZFUPX7Zls1m2bt1Ka2sr+Xyezq7OQJTFCbm4OWImr5uewF+j3X8Q48Ee0r07MV7/S5i6DFby1i1s5edT3XgbzqGPU9pyP26qHbPOHhuG0TSp6vfRparfP7zEpVJVb3Ndt5YjuCpW9UhVpRSWt0AHb1ZuXqW0MEdpfpZGyfUdoGXgEDMzMw3PJQiCIAiCIAjCjcEt+hOkIAjCjUHv7T+FYaUbnmdxehynFM772OKdw3QXQlF+oWPThoHjuji2HRJZevqAUBEr4o9u68fzFWqJjGtvb2f79u1093RXhC1GbJSkj9/uy129j17IKtoeLaLktA6ycMenKP/4/wi7769Eazp2w3t9w+HY4Lmw692UH/ochW0P46ba6+6hX0zKfx9Dnwel5TNdo1QNvT9G+N7B/bW8qj66VNU/w6Gcq0rhOA591iuYlGvXPY/50eGmbOPAnf9CcqsKgiAIgiAIwi2GRKwKgiBcx6Ra+uje8yHGj/9pYxMpxfz4ZTo37ajNbSzS473MsHs/AIaxtNq6aZq4WtSfYRhYlhVbMMgwDKyEtaRq+0opApYrRFVvfEjY1emjy96gcn0kPQCJHMX+w7gf2Epmy19jvPL0rRO96kepdg2i7vwwhV0/RjlTk9ur3UM9t2699AB+v3pSNZqzNVpsKipMQ/K+Gl3ty3/9FwB+X9d1SZYv05o4H1rX4vQErl1qeCuzPXtp2/oQMzOzS36xIAiCIAiCIAjCzYuIVUEQhOucvjt+mvHjT4FyG5qnPD9LcW6GTL49uNZunsNWLYypO0KRh36+Vb8wUDKRwLSsIMeqfgzbTw2gE0QnaqxWqurCrh6hCNllxK0eyVqvHQPKmW68g58gs/U+rNf+FI7+LZSLN69gdWxIpmD3e3Dv/Dil3v04RgqT+D0KpGpMioXQe1CnEFXwHhh+t/AcnucFKQCAIJ2E64SFalTme66LbduUbTv4rPr31PFcm42ZVzC0z4prl1mYuAJNEKH9d3yaUqksUlUQBEEQBEEQbjFErAqCIFznZDq20bHj/Uyf+duG55obuUi6NY+hycIWc4QZr4xntgRHpqF25N+yLDyl8JTC1OSWL5FM0ySZTFbysyqCo+L+HAFaoaK4nKk+cVGoleF1jpZTX/jVqzwfPXqOAa6ZZqF9F8aD/4r03g+QeuNpOPODSnGrm0WuOnYlSnXbXTh3PU5xwyHcZKWAmcEyUjUmEnU1haiCSNSqNPWFqR6hqn9egrFeJd+qnmoimnYiKlXjjv/7vyTosk6QtcJ5VOfGhlHaLwjWS7p9M507PsDM3ELDcwmCIAiCIAiCcGMhYlUQBOEGoP9dn2bqzN80PI/rlFmYGA0Vssqak3QZxxnn7pCc8vNcAphVYeZHqvp5WC3LCmSanzpgSaSquTQKdSVpGpJ5EWm62sr0dY//R4neI9lCsf8w5Yd3kdnzConXnobzb1T63qiC1ReIAztQB36M4vZHKLcMVK5peWdXK6b1PvXeJ52g2NUyUapBP2pH/+vl7/U8D7f6FZX4eroAz/NQ9hw9mRNEC1YVZ6dWv3/L0HfHz1B2vFAUtyAIgiAIgiAItwYiVgVBEG4AWvoO0L7tYWaGnmt4rvmJK2Q7urGSqeBazjuHKm+FdE8giHxpahgGnlJQLXClFxbS5auPPz56HQhkp0+cNF2rVF326DkrpAeoI2UxwEu3s7jtfViDh0gPv0Li2BG4eBT8ImDXu2T1c6gaJvRtxbnzMYrbH8FNtVWed7V7WGeP9OP/9d4nqEU+R6VqNGC5nhj1IvLUL7RmR4qqhdZWjVR1nBI70y+QMMuh9tkr5xvb2yqJXA9duz/E3GKhKfMJgiAIgiAIgnBjIWJVEAThBmHjfb/EzNDzFVnWCEoxe+UiXVt2BpcyiSKbzde46LwbRSZUyKoyRAU5LH0BZvrV3Ktiy/O8kETzPA8rYYWFmV9R3jRCRZKC9lXIunpSdbXpAVaTk1VvV+lOits/AJvvJzl1mvSZv8cYehE1ebmSh9Uwry/J6ovGXBtsPoja/RClwUPYmV6AUJ7RelJ1tTlV17PHUVnqz+OP1QtVRXPu+lLVcZzg+L9eZMvHdV1cx6HHOkNLYgI9WnVxchS31HjBKoDBQ/+SsmtItKogCIIgCIIg3KKIWBUEQbhByHZup+/gJxl98w8anqs0N0VpfoZ0a62QVc4cpcc6xoh3TxBtqsssqAiwRCJRjWSspQDwpaofyWpVC12htAhELyzjUJVj+v59VhOpGrCao+krCL8oK0pXK0ux+wCFzv2k9j9GduQ1jIuvY4ycRE2PVCJZfen9TslWPyrVv2euDaOjH7VhH+WdD1HuPQCJnP+AwfMF+XHrSdWrtIdrkaqxxao8D8dxlkSq+iLfb3cdh4QzTn/meHi7HJu50UssCZddB7ne/XTt+xizkltVEARBEARBEG5ZRKwKgiDcQAze+wUmTh3BLU43PNf0pSF6dhzASiaDax3mELPFTuzcviAS0HEclFJBkaoloi1SMCiRSITb3RiJVamUFIx1PRfl1SIUl5Oq600PsFIU5qraqzLYzW9koW0TateHSC5cJn35lYpkHR+ChSlUcT4sWoPFr1O46gJVJ5XByLVBe0WmTvfdQbF7P9l8V2w0r/9n/zn157vae7hWqQqVdBL+ONu2KZfLwefR/6zoY32p6nkOO1pexTJd/GhVpRRTF3/YlIJVGCZbHvp3LBZKEq0qCIIgCIIgCLcwIlYFQRBuIKxUK5ve/a8Z+u6vNTyXa5eZuniG7u17teP9HgPZEwyVBrHSbaEUAHrO1LhoQj9aVW/3xZgvwkzTDBUx0nOuGoaxpGq8fr96leeDCEtYPj3ASoWuVtuutRmGgd2ygdLOR1HbfxzLniUz80MSE2cwJs9jzI/B/FRNttrlcO7TyhsBnlvdRAusZEW+6v1ME5IZjEwrtHRCxwCqczN0bsJu20gxvwUnkQcgu8o99J9zTSkWVrlHUVaSqrpQjUaoep4XRE1HP4tRIeuzJfsS6cRcaA3zo8OU5meXLm4d9Nz2GKnOPczONmc+QRAEQRAEQRBuTESsCoIg3GD03PYxJk7+JXOXftDwXOWFWeZHh8n3bwyuZax5BlMvc8l5LwBKebE5V23bBipFrhLVQld6BXdfeIVEpGmEpFiQc1WTqoYfYahHWC4j/GqTx7f7hZIM01jx6PuKR+PrRMsahoFhGSirg2LmMMbA3ZV1O4ukiuMk54YxijNQmMEozIBdrEhXpwSJdPhNcar5PzNtqEwbJDOobDu09qAy7ZRzvZQzPcER/0B6eiq0xrXs4XLietWRrHX2aDVSNdpHF61+oSr/8xYnZCuftUrO1XbjDB2J4dCWluZnqykAGieR6WDjfV9kYeE6TAGgbCz7LAl3DNOQSNpm4CkTx+rFTW4HI7nyAEEQBEEQBOGWQsSqIAjCDciWh/4njv3hJxovZAXMjV4ik+8glWsNrrVbl3HUS1x27sI0LSwrXITKjxyESqGgihg1g9d6dKtpmktyrgKBVPUxqIjPJTKv0riiELxaUlVVhaVlWGsSigCelaGQ3Ughu7GSn5YypltE2QWSpRksp4CbyFaiVKtY9iJ4Dm4ii51ux7NSuEYaZWVDzxFaH0ufMYj+XOce6s/ZiHj21NqO/+uS1U8BYNv2kgJVft9KvtWKVE3Y42xqfQtTC5t1bZupC2eWjF0vg/d+AdfI4brXl1g13HmShZcxDAcA0arNI+FdwCpfxs4eRlmtKw8QBEEQBEEQbhlErAqCINyAZDt30HfwU4y+8V+aMt/k+VP07bkd06r9s9Bp/ZCZ+QzF3MEgn2X02LVpmiQSiUCS+blYfdnqpwfQI1n9nKt+bko/PQAGgYTTpWuQS5PaUfG49mB+wn2CNu1o/JJo2WWOzlcKdVWjP6vNvtAM5Ss1CfLG1ovGdUnjmmlItmNn+0MFvfRo0ZAQharUDD+H53nh8VrbavZQLyy2mj2M7lFce7316fjj/aP9fl+fQKr6karVnKr6eL1Qlee5eK4H7iI7Wl7CspxQ38kLp/Ds8pJ1rIdc73669z3GzOx8U+ZrJtbiKyhvsQlluYR4yiQWX8POv+daL0QQBEEQBEG4jhCxKgiCcIOy8b4vMnnyr3CaUMjKLZeYuvBDurftDa6ZJgzmhxgqDqKs3lBkYZAvFYIcmABouVVN0wxJOF+eRaMX9fQAURmnS0l/7BJhWI3UBOKFoBmOIo1rj46PSs0l4jIqFOtI0bj7632C6ytI1bpRpGvYo9XsYZBzdR17GC1UFSdVfXSpCuEiVbpUdSOFofQo18r46mcKly2510knCuhJXufHhik3Ka8qhsnWh/9nCsVybPTstcRYPI4qT4pUveqUMAsn8bJ7rvVCBEEQBEEQhOsEEauCIAg3KFaqlU0P/ApDzzReyAqgODPJ/PhlWns3BNcyyQJbzNe4ZD+Aa+aC6/rRbf+14zgYhlE59h/Jg+lHu+oizU8RYGAEki5Our4TQlDPRbrc+FgiUnS5vLH+sfngGWLWtxqp6kvLaDGw6Huznj3Uo3HXsof+M7qei/JUOCJZIypVo4WrHMepSFWtj39fXar6x/+Vp+hNnKYzNRq6T3lxntkrF5Z/79ZAz/6Pk+7ex8zMTNPmbBZq4SyeV7rWy7glUPOnQcSqIAiCIAiCUEXEqiAIwg1Mz22PMX7iL5i72HghK4DpS0OkcnlSLfngWs6aZJAXuVA6hEMG07SCaFQ/UjV0JN7/b1WyRo966/2juTVhqYgL+l0lIRha0xoiTeMiVUN5Y2MiXaPH7+s9o360vm4fs7LGlfbonZCq/jP6kapx72VcEas4qVoul3EcJ1ijf9+4QlUAbcZZNmRPEGw64DkOE2dPoLzmZBr1C1bNz89fd9GqANhTKMmq+s7gTkGDn4GpS0MYk/9AKXuI/l37m7QwQRAEQRAE4VogYlUQBOEGZ+ugMac4AAAgAElEQVRD/46jf/DxphSyQikmhk4wsPdOzETtn4hWa4S+xJtcKN2JYZha91qkqp8eQJdpvgjzBWxcHyAk3PxUApUJCIk3fw490nS1karLSdO1jK9MEhMlWifva932ZaRn3D2iOVVjxWwD94/mjY17xtWkH/Dfy+jaoxJVn9f/jDiOsyRSVR9v2zaeV5X5nqKFK2xtPYYZOQQ/df4Ubrl5EZybHvw3OGRxnOurYJWPW5jASGSv9TJuCZRbwGpwjpHX/ob3PHiF55+7LGJVEARBEAThBkfEqiAIwg1OtmsHmx/8N1z4h682ZT63XGR86Di9u24PybHu9CUMK8Vl+xCwNB2AX6jKLyrk9/Hx0wT416OiTZeu/n39yMdooavlpOFKQrCR8csdza8nLaOsNSeq//whqbpSu/acK0nbuLyyet7blfbQnz/Is0tNoPtrqxetGlxTlbyqulTVPwP+Z0pp8jfljrOt41VM00PPqzpz+RyFmYnYvV8PHdvfR+fuDzM93Xgu46tFaeY8yfxmDKNR5bdaPkbPfXeScIaYffn3WKzXbccXGejt0S4UKZ/7DSav1JlPv6TPPfCz9G3dhll4jStvPF17zTiFF76On5yh/Y5fI5utd4/GUW4Je2GY3Mpd6zJ29iSb06fhwmX296W4+PYbbNx3xypGjrDwOwdxJ79M6ku/TKaBNaxE8aleyqcfxfq5b9PCk8z+7mdh1xHaHrt7SV/7hc9QeP4I5sfGaN19FRcVx6l/z+zTX4H3HqXtvv7mzj2x/HOvu68gCIIgCDcdIlYFQRBuAgbu/Axzl15m+ofPNGW+0uwMk0Mn6dq2JyTwOsyzzJaSFLLvAvxIUw/DMAMp6qcJsG07JEt9qQrhYlYQlpW+GIxKW4gXfs2KNF0xklUrchUlLjVA3BrWKlWDsf74yPOvdf7V7KFpmaveQ12q6s8QnX85qep5HrbjBIWq9Pffb/elqr9+w1lgd9vLJEw7tBfzY5eZHT4ffXvWTSo/yLb3/2/Mzc01bc6rgWsv4k6dJpHpwEy1vxN3rH4kPDyniBvTo+Xg/0JHexZ75N8yerpyreOuX6dl66/RnaldY9evsLG/DxZf5tKrf1y9+An6HjxM232/iPW9/4tpt/p3hXJxnSL4r+khve8w7tHvVVajABTKLeI6zXtaA4VbmsEpTjY818grf8Ghvimmjl+ge3ueY6//AYN7DmLEpEAR3lnsFz5Dqevb77wgFgRBEAThhkbEqiAIwk3C9g/8r7x55XWcxeZE6y1OjmJaFp1bdgXXTBM2t51iaDbNYnKnlg+0dqRbxxdwcekB/HY/QlWXsivlsdTzlQbz15GmwTrWcLRdH7/cWpaLZo2LAl3r8fy4Z4zef7lCVlHqpQioN77eHupri0Ylx0WqxhWiUtUoVdu2sR1nSXs0UjVYg7PInpbvk0yUQ8+2MDnK1PnTNAvDTLDz0d+k6Ji4rr3ygGuI59iATdm+gmGOY6XymMkW4GrJuur3ufJQ5cLS7K6b/jva2rOw8AOuvFUILk++8CTWex4n0/+v6Xjr15nkpxno7wP7NFMvfEeb5ztc+e53tNvVxKpXLmhiFcz2D9Dd93eMXST4flNuAS/88VgXSrl49jxueR5UnD5eG8PHX2dL+jiLCw75D/5H1PFf586eH3D85e+x8573Nr7gq0H347R96fFrvYqrTi3ytnrhFnluQRAEQRAaR8SqIAjCTUIi086OH/t1Tjz1WWB5Mbla5saGMZNJOga31e5jwba2tzg7A4vJHUG0KtRyrgJLZCkx+TX1Yld6BGtc9GMokjEiJKNRlEuKRDUQqarfWyckHetEygbj1yFVl3vGJfdfzTPWOcIft0fL7WFcPtUornasPy4NALCsVK0UqPJChap8qbo7+30yqSK6ZS7OTTMxdIJmfe4BNt73BZIde677aFUATw/PdB1cuwiMYVoZjEQGM5GBpqYJ8CWjh3JKSyJW27oHMQF75ncjkaN/w+LcB8l05bEGS7j5LSQBb+5VZpxlcuIGfze4uE5Jew2QJTP4Kdyhb1fffQVeaf0Rq56N5xTx3CLKbYKdraI8j4nX/4wtbZeZXWwju+VOFl5K0TZxmsLQ7+LedT9WYg3/tzw4fv4trMnP4k4CVI/vd1fTBvAtsj//OMlQ/+pxdf8YvU+9Y+xLjrm/xPxvPlqV4F/GWtEH6/2Brtqa/JQD5i7wTh+pHumnmvIgbl0jWtujWO89HLnXSN2xgTh977fwnv9seC2n/j2F548A4D3dy+yuI7S990LkuSNzB3sd88j+nsU8syAIgiAINx9y7kgQBOEmon3z/Qze8/na8fEmfM1cOsfcyKXQfRKWx7a2t8g5Q0tyffpSTT/q7boujlacSG/3pZpexEiPdvSFayXC0cNzI5IuRijqBZTi8pH6c6xaqsZIT9TywtVf91rnD/qs0B66vwGmYWKwumJYqxHLS2SoojKmOs5/n4LpqxLcfw+XLUYVI1X1z4ofqeq6Tkiq7sz8E9l0uIBUaWGW0ZNHK+fAm/SZzw/eQ/+d/4L5+XluBDzHif1ySvPYC+OUZi5SnrmIPT+KsziFW5rHKxca+NJSAcS0J1M5YBFnKmasAshh5gq0ptsAcBb+cvn7OV7lftWI1eD1/NsUbKDlXfQPFvA/ZspZ/bO4xVmcxQnKc1cozZynNDuMvTiJW1qsu6/r4cwL3+VA7xDlqREypo1SDoVhm9LRRe7NPc+bf/fk+t780+exfn6Mtp/7FnAE9/mXgH5SBx6Fyc9SOlXpZp9+koqMvLsi/vzcpF8aI/veR+H0o8yfWvl2xacexeNRrJ8bo+1LD6KqQjKeqlTt+hbZL1XXOPlZCk+9pPU5grfhq7R9aUyTql8m5fc//SizL4xUnuGF/x53EsyPjdH2pa/CMU0Mh3LQLh3r413eXHtmf392/3LlNdW5YwRz8Slt7i8dweQI7tNPsjSWfYSFpz9bkalfGqPtY1+uPHNkHYIgCIIg3DxIxKogCMJNxsZ7P8/88MvMXnyhaXNOnj+FlcqQ66wVokkmFFta3+L8vEEpvTOQapWcqwaeV/ndnR+xqkeyWpYVikR1HGdJbk49QtV13ZAUDPWtCj+/LRr96AvIaKQlsCTv60pH//UiUcE6tdyr0Xb9/vXG68Iztl2jbs5UwwyKUMU9g1IK5a4umjNuDfq+RoW3n8rBf499KaoXHovKU1246l9+X8dxcDWBZXgFdmRepiUzjx6pWi4sMHryTZTXvISaiWw3O3/8q8zNL4TE8fWM66wmVYENdjF0xTATGGYCDAvDtCp/juabiL9j9b8enl0kuvtBrlOvSHRpXmA/i6E/V/o9yqYP/Sw5LbSvfP6nGJqppQJw7GItYlWNcOFtj5237ye7539gsRi9r6qkK1AeyvOCP4MHnota5/H+lVKVRHHKZdyh/0rn4BQFr0i6MI81e4m8UcIwIWfMkzv/bRZmf4xcvm2ZG9fur/wXOx8grRSqaxMm4E2cp6wOk9z1GDx/BO/oi6hdWygfPQKdv02yS6F4jPyvPgan/wOzv/mV0A2qhwtqr2s3RakXcU4DnY9V5lGHSb33UYrPHwnGhjj9vUqk6oEHSCiF6qre138GBfAo1q6+yp5Ofq8SERo80wNYneAe/R7lex/EPnoE+DLWLoVSfeTe+2XmqlG3amK5sbUj/eaBwyilSHQdBo7gTY6gVJ8W6+6vS39uRfpjo6QZZfH/6WV2ilBbeI+qQ6c+S+E3n6T8c79H/ld/KXhmQRAEQRBuPkSsCoIg3GQYpsWOD/4Gx/7gn2E3Kd8qwPiZY/TtvYNMW2dwLZ1y2dZ2lKEZlwVrO0qpyvH/hBVIS8fRog4JR5eaWpEiqEg4X6jq0tNvCx1r14gKVR+9UJPex5eBSyJRI3P4fYAlkbL6+HpCU79/XSm7XLv/rIqlEaSEI2Zjpau2xpWkbXQNujjV26Pvg35/XapG++k5U506OVXjpGrCnWZnyyvksrVcnQBOucToideq+UWbhcGuH/8qNllsu26t++sOb73n3mPHGRBEQlejoA2DmnA1gHItgrQ0j0Mlz7Lfp1CYpz3fitVaIHqa3vN/CeIWmJiboq+nBSvzI7jlPwf+lHNP/ikAnY/8PgN9rSh3Edfxc7rauKV5CF6XcY79KrNbj9DZtr8qZBWqNEZ5/vqR4qf+/s+5e8M5rCvnyE+NocxF5v7rV8iVXsfqBhY87ul9m7/7uye4+/H/tjk37Xqc5M7PYZ/5PsXJC7hTwHsfrBxHn3ySud/9HJXj7KMkT/9sVY6uwOSFiijt2ryqY+325MsAmF19a1v7mZ9g7mv6hQu4nEdNAZ2bWTapRexYlh+zCopP9WGfAXb+Ffmfh4Wv/cTS3MIA9JF7yBe+R3B/t485wPzYKC27YgcIgiAIgnCDI2JVEAThJiTV0suOH/sNTjz5L2lW3kmlPEZPvkn/vrtIt9aiqpIJxY6Ot/jhRIH55G2RMbXj3aZpYlkV4epHoQKYnlcVNxXRaiUSgaz0RWso1+iSddWeLxRFWZWWKwlHf1w96bma8bFSNiJ1o2/DaqVqPWlc6VR97mh6BK1dLza1ZH5NDPtz6EI0tD4tqtQf7xMIUS2vqi7TPc/DdRzsqnSNvmf+Ndd18bQCaAl3it35l8mky+iRlK5tM/r267jl5uXABBi87/NkBw4xPT3d1HmvNs2Vy6vBrn6cHLzC9JKI1dGhU/T23UW663PYi/+71vKTtHa0AudYeG4Cmz9hfuMv09pxmPbF/8S41rMmYCex7eodVBm7MA3BaxunOMeFt1+l7d67qvJMobwSTQxibojC7DTtF/6UXOYt1PgIRj6B2ng72Q/9HxjP/Wv44Z9DySDplui6/J+YHv0wHX0DTbl35uCXsc98BfupR/EjQwHs008BYH7s98h1EXOcvQ5dmytRsZMXsLl7Rbma7DpMkSN4k6PAGuTqzr8iv+Q4/iiLncBURZTWvXfs2DU8Yywv4Z4BOn+bTDXP7LLs+qUgStUXst7T/4Hir/4SmYbWIQiCIAjC9YjkWBUEQbhJad9yP4P3fZ5mJlxVrsPo269SXpjBqAayGQYkErCr9yzt7luY1WP+uoiLqw7vizTbcbBtu9JHhQsXRXOxxslDvS9o0agYoZys/hrWIlX9dS4Xqeq5K0eiLol2XUm6Vu/hH++P4kvP5cSrH+nqOu6y0bb6M8ZJVf290t8/ff9WI1XLth2bf1eXqm41klUpl5wxwm2dL5LNlEOfNc8pM3L8ZezCPM38bOc33cOGuz/H7Ozskr283vFc5x3+0o4+x7W/+YtcuTwH7T/BgQ/+s+D6psd+mdYUFE9+ivOug+f+AaeHhiB1F4OP/dva+Af+M4MD+erDOYFkRalKe/S1f79gQ67u86+Fc//f73Fg4VmYGcHY2AHb92H25kmc/hpm3oNtd0BvB5Q97t04xIkjv93gp0Fj1wOV/6M/dQR2/ityXeHmivB8ifJqolUBuBtrJzD1FPYkK4/173/0e1Wx+RILX+tj7qk6YrLrQaxO4Mz3KUIlsjbo30fy4KPAV3BPA4yy+PdfWeXYlUl2RQthxVCVuvYP/u860aoQPOPvVPKvZh47WlnXSpG2giAIgiDcsEjEqiAIwk3Mxnt/kemh51kYebNpc7quw+W3XqVv90Fynb3BddOEHT3nuDJVYsZ4FzaZaj5DMIyaRPQFaDRnavSaf3050ef/WR8bjfTURZ9lWWuSqivlRK2bPmAt0jYuZ2pVTMcFG0fFbr0++t4s7UAoPYAeRRrd6zihqu+vLsL1aNagvSpV9eP/ekRyZVxN/irl0sowu/LHsBIKPVLVLi5y5firOKVwWoBG8fOqzi8s3jB5VXXWW1CpgTtW/pM+xMZf+Cc2ai3O8Nd448//gJE/ex8jj/wxh/b+Cnf+wq9UW+eY+/77OKX/dfTdT/DKd3+N/Z/7CHf+wodCdymeuJu3ngVur2axVF7lWb3Ia2Dkz56l+3MfIQMoz7luIlbby2eZII+byYLVj+luhNIGGPPw1CDKTYCRADtLojzL1taLTbx7RYR6Z8A8WIviTN77VeyjR3CfP8jc88DOL8OZr6wqsjTz2FG83zlYPeL+Zaz3Pgp15erdtPzqX7HwtZ+g+LXPVYRnEPUZRx+5nz/K4u8cxP7aVyoyVuufvPf3cIf7sJ/uY45Hsd77ZXj+K6sauyJVCew93cdc52+TeSzyHB+rHO+vzP1lzJ1H8M7ERc/GPDNfJvmrj68qfYIgCIIgCDcehpJM6oIgCDc1dmGKY3/4U5RmLjR3YsOge/s+2vo3LmmaLPZxfuEAyswCYCUSJKpH/GvDa1GXpmlWUgWYZpAKQBd8ep+o2NPniUrBqDC0LKuaO7ImNUOP1KycqPXmXyHn6armr+Z8Xa7QVj2xGjc+ejQ/Ko31rzhpXU+qUpWucVI1eL6YSNU24yI7Ot7GMsOCszQ/y5Xjrzb92Lthpdj/iW9jtO1kcfHGyauqc+6PHwXvnU4HcGtiJFvY8vjT13oZgnDD8MILL/DhD3/4Wi9DEARBEGJpxmk1iVgVBEG4yUlmO9n3+Lc49oefwinONG9ipZj44Vso16Z947ZQU1d2FIsi5+YO4CY6q93DxYqgItd8KQrViuFaRGsgXLVCVtEoUV/w+fPUK/LkS1VfeK43knWlnKvrLmS1QqRrpRN1n1FfB7BsIaxoNK/eR9/jeveBSiSrX6gKv48WieoXqYpK13AagEqkaqXRo8M4x/bOU5hGWKoWZqYYOf5KpbJ7MzEsdv/E17A6djM/P9/cud9BEvmtlCffvtbLuCVIdyz9RZIgCIIgCIJw6yJiVRAE4RYg0/H/t3f3MXLc933HP/twT+Q98I7PR2lF8ShSD5aomIpzrONHJE4ky3VJNWlipHUbJJWASGnRQrQUtECA1JFCtoADKaiUBxSp6wRIS7KJASmG2lopKpO2qFiyZEuUeCJ5FI9Px3viHe9hd2f6x+7szc7N887u3vHeL+Aw+5vf48yuY+br7/zmNu3+8ot69+ivy0j4bedj5z5QMb+g3tt2VWWk9nRc1w79UMPTd6vYcquk6oCqaRpKpRb3CbWCo/atAqz2zhdeWfX2jFf7m+etentw1po/1vYAtj1b/V4SZZ+jqjpCJqrXHNYYXkFXZ1DVenzfugfOdXndK/ueuFY7SZUxKo/+W0HV0gBV36MVVHV7UdXi3IuP/6eMWW1uOaVt6y4t3tCymdFLuvrBO5VtJZI08IWvq2PbJ1fkvqp2nTse1uiVd5q9jFWhc8cXvbfYAAAAwKpDYBUAVonOrXu060vP671jvyGZxeAOEUyOnFVhYU6b7ri3sp+qJHV1zGtn5i2dmZzTXOuOSqZoKpVSJptdEqyzAnz27M10Oq1CoVAVtLVnuVrBQOdb6k3TXLIvq/1lSZWAa8q2J6hPJqpnlmit2wc4670yUT22D7DXOx/vd26NYM3h3CLBuj9WMNaZrWq/fucLqFKplNLl+1csFJQvB1Sd+7Jan52P/meLE7plzSlt6Foa3JwcOatrZ08tOZ+EbT/zW+oeeFATExN1Gb+Rund+UZOnjmh+9CfNXspNrW3D3eoaeKjZywAAAMAyQmAVAFaRntw+7fj539fQd56S61uPajB99ZKMYlGbd+9ROrP4Xy9tbaZ2rX9XH41e1WjqHqm876q0GNSzZ6Jaj/5bj/9bgUArgGc9bu4MtHq9RMo0zao9Pu17hZZOLO436pqJZgYHPK111hJU9X1ZVfkRfq+vLMyj+9YavIKq9oxT5xj2F1VZWwDYM36tQKr9z/kdVea36oxZdemCcr0fqr2t+iVVkjT64buaHDnneS212LznK9r8wGM3RVDVsuUzv68L33lCCxNnmr2Um1JLz23a8pnfb/YyAAAAsMwQWAWAVWbj3V9WYW5c5/7u2cTHvjF2VSNvv64td39c2da2yvl0JqXc5mvqmf2hzl2/R2bbhsrj/dLSrQGsbQHcHv/PZDKVjFV7Fqqkqsf+q4KnWgwOOl/s5JWhWXnRVRBb4NW+jqhBVddsWds1Lt6n6hd2Wf2dj/bbOQOqVeuwBYYLtrfLO/extbJUDVsmqn3uQqGgfD6/uD2AbXz7S6qKxbzSxqw2tZ7WtnWX5bzFpmnq6ul3dP3yBdfbXaveHZ/TLT/7NU1MTNxUj3S3dG5R7svf1OSpv9bYj76p/FSSb5dfvVq6b1Hfff9UPbu/rHS2vdnLAQAAwDKTMm+m/68CABDa2e9+XZfe/K91GTvb1q4td+1VW2fPkrqFfFpnxndqtnVA0mJQUZIy2ayy5S0CnI+wW8FEK5vVHli01zv3VXVjb+sMiDr72uu8OIOybo/f11Jvb+PM1LXviWoPujq3F7Bn5NrnsD+275W1axSLKtiyUe33wwqqFh0BV+faraBqtjih3Nr31Nc1s6RdYWFel9/7e81NjbuOU6vuW39Gd3zpP2vy+uySADAAIHk/+MEP9PDDDzd7GQAAuEriXQtkrALAKnXbZ55SYXZco+99O/GxC3Nz+ujN76lv+y6tu2VHVTCwtdXQro2ndP7KqEZT98gsbw3gzC61Z09KqgRTrXq3F1lZ7ez7hdrHdmZ6OoOBVrDNLUBYLBbrEjQNU+/Wxh5UdVuvPVDqFjC1Z9m6jWGvtx79t7ez7l3lZVbFYiXr2B50NYyiisW8UoUb6kldVK7vjNratMSN8au68t5bKuYXllYmoGP9Hbrji89ranqOoCoAAACARBBYBYBVKpXOaMcvPKOFmSuaOn8i+QlMU2Nn3tPsxKi23PlxZVpabHOndNuWMa2f/b4+HL9DC61blc60LL5Eyi1rshy8Kw3tvZ9qsVisBB2dj83bH3u3H531zoCkVefMZHUGPO3BYb9H8+1tnPM4H7N3bg9gBVXte5k66/32S7XGtdbnloFa2VO1UFDRJ/Ba2R7AtpVDVSasLUt1S9uQtvROLH303zB07cx7mrhQv71B23pu1Z0H/lTXZwtVAXkAAAAAqAVbAQDAKleYn9a7R76qmUtv122ObFu7Nt/1cXX09C2pK+YNfTS6QWOZjynd2mXLxCwqlUpX9joN2h6gsg1AKiXDFpC0bx/gzIq1xrDvqercHsDexlnv3JPV/sItK+hoD8o6X8jlFZR1C+y67alqD4p6BVW9XlZlBU4Nx/YC9rELhUJVcNi5r20pk9WqXxpUNQsz6iheUK7njDo7l/4u8nOzuvTjk5qfnnT93SQh275O9/zqX2nW7FY+n6/bPACApV5//XW2AgAALFtJbAVAYBUAIKMwr1PffkITH75av0lSKfXldqpv+y7XDM7Z+axOX9up+ZZtSqkUgExn0kqnq4OizmBjNputCr66BTyzmYzS5aCmVL1fqRWUdWZs2vs7g6pu2ax+QVe3oKhbvdej+35BU0lL7o8V1HUL3Fa9iMqxb6vV3gqaWtsxOLN97Y/+l+oX718pIDuvTH5Mt659X+u7Z5ZkqUrS9OglXX7vLRmF+gU723pu1d2//E3NFju0sFCfLQaWk7Hjz+mZo8NLK3IH9PQT+7T0f9bAyjSm4889o5MPPK0n9vVVypWvnu8bywiBVQDAcsYeqwCARKSzbdr9D/9IZ/737+rK239Vn0lMU2Pn3teNiVFtvecBZVur37Dd0VbUx7a+p8ujw7qYv1PFll6lUqUXWdkDjfbH9+17qTqDtVZQVFIpg9V6bN4esPTY79QekHTuwWqfyx5Qdetvb1O6Bf6P53sFVd36O++D8/F+Z+C2cv/KL6Jybjlgrb96z9TqddjHN4zF+55KLe6nauZn1Jc+q1s2fqTWFkmq/l5Mw9Doh+9q4qOhJfcgSWs3f0x37v8TTc+nla/Tvq3L0jIIqo0df07PnHyg6etYLYaOPKOj/Y/p8BMD5fKTeubIJh1+ZKDJKwMAALj5EVgFAEiS0pkWDXzh62rr6tf5732jbvPMTY5p+OTfactdP6W1fZuq6lKplLZumtWG/N/r/OUuXTfultG2QZIqgTxJSqdLAVO3QKVbhqj1yLxzT9W0rd7exhmotQKTfi+asgc37XOEeXzf3t+556k1n1cmqnN+KyBqmqbStvGtgKozYGqp2lvVJfBqnSttD1CUaZTXkElVAqrthY9067qP1N1ZWDK+JC3Mzujij09q/nr9Hv2XpHXbP62dD/+hpqbnVahjRizQfEN680ROB55eDKIOfO6Acs+8qaFHBkRoFQAAoL4IrAIAqtyy77fUsma9Pnzl39dtjuL8vC68eULtPX3atOtetXetq6pvaUlpxy0zmps/qTNXt2gmc7vMdIekcjCxHM90e9GV2wugpOqgqmEYymQyMkxTRqFQymK1PcpvH8f5gimrzhm4dXu5UyaTqQqoWmPZg6b2gK59P1Prsz2w6gzcWv3s2aqVjNxUSqZUmbdQKHi+7Mot09W+1YFVNgxDhn3v2HRKZn5GmcKYtnWe04aeG+XH/quzVAsLcxo9/RNNXTrv/Ckkrm/XL2rgwf+oicnrvKjKRdV2Afbs1qEjevIlaVAndGI4pwNPP6F9Oq7nnjmqYUnKDWpQJzRSefy8lBn5gvXeu8HHShmSQ0fK4w/rmefkyFotPbI+8tBhWcmUY8ef0zMjD1WyK13HtM5rsVyVFeu2dluqbKnvAR0YOVp+XH5Qjx1+ZDHoOHRET76w+AK/3AGPa7TfrzHbvZE0+NhhPTLgvL4hHXnyBekxe/kl9ZfXV9t3YRnQI4efqP6Sx0fksiEEAAAA6oDAKgBgic17fkWZ1rU6/bdfk1ms32PUc5PXNPz6q1p3y4DW77hTmWxLVX17m6k7+0d0dfSyLs/fpvnsVqVbuyqP+PuxAo724JoVJLQCns7Am/XyK0mVAKU9U1RSZT9W+x6lzmCnfb9VryxTe+DUPr59CwOr3u8lVJL74/32F3n5vTZJkWIAACAASURBVIjKHnB1C1Rb5WKxWHohVSVQXVA2P6G+9Fn1bxpTa2v1tgpW38mRsxo9/WMZRfcs1iRt+fg/162f/prGxyeqXj62qgwf1TNPHrWdsAURh47omaP9euzwExooBzmrHhkfPiE9dliHB6RSEPSodOBpHd7XVw4+SrkHSk3Hjj+nF0YO6OnD+9RXDiA+1/+0ntj3iJ4+MOKxFUCfdj+Q09E3h/TIwICkMZ06OazBhwYCxgyxoUDV2l2cOKqRcv3QkSf1wnP95fUN6cgLIzrw9OFSMHboiJ584bsa2veIBoaO2NZT6vet47v1xD7p+LeOqv+xw3piQOUg6xENHX6k+vqG3tRILqdhW/lE7gE93Zfsd1Fl7Liee+GEBh87TLYqAABAAyz9/4IAAJC04a4v6a5H/kypbIdMqa5/4x8N6cyJ/6XJi8MyJSmVqvylMmlt2mzqnv4PdVv2hFpunFJhbtL2Zvq8CoW8isVCVbDSysC0/uyBSfvj//l8Xvl8frGtYZQyWQ1DhXxeCwsLyufzSwJ1pj1gWSyWgpvl4KVVNz8/X+lfyOeXBDGrMkkd63MGbg3DqGojlYKz+Xxe8wsLlXHs9yBfKFSt3x44dc7vtferdY+toKppFpUpXNNm/VB3rX9D2/sn1dqWqfrOlEppdmpc515/VZdPvaVisVD339Btn/0d3fKpVR5UlUqZj4cP63DlbzEzc+jNE9Lg/eVyn/Y9NCideFOLu90O6n6r8dgpnRzO6YHd5aDmwOd0IGe1KwVEcw/sLgdOB/S5AzkNnzylsYDl9e1+QDlrzrFTOjlszRl/zCVrd5M7oM8NWJdyQLnhkzo1VprnkcOLGa5jV0aq+w0f1XfLN2jgkcNVQd4TLx0vra1vn54o3+e+Tf3SyBWNlcfqf+ghDZbLQ2+eqFxfct+FTTmLVgeeFturAgAANAYZqwAATz25fbrnl7+pd4/9pgo3woU34irOz+nST97QxIUz2rx7j9q7e6vq09m0Nm4ytcE4q/GJYV2cuVWzmW1SZo3SmXTlzfRuWZeSXB+/t2ebZjKZ0vYAhqF0Oq2ixxYCVj/XPVdte55awdBK/3J91cumygFNw9o71qW//WVbhvXyLVumqTPr1r5OK/Dr3NfVLXBrv0fVayjKKBpS8YZaiuPa1PGRNqyfVGtrRm7/jCjMz+nq6Xc0dbFBDyOn0tr18DfUdfvPaWxszPW7Xy1Kl17OPF5SO6bLI1Ju77rFe2QdTLPyM6v0HRvRsPr1YK+5OG55EtMc18iw1P9gry1Qvzi3/NbRu0t7c0f15ukD2qERDQ/u0Q7TlKkx3zHLZ9zrnGt33hdJ6t+oXqu+d6P6K9c9puPPP6tj1hP5udziWDsO6NCj0sEXnlRld4JHD+nAQK8GH39K5vPPLmYH5/brqcf3qW/HHg0Ov6z3ru2STkpbv7JO0kul8khOez/bK9O8VuN30auN/dZ3sXjFQ989quHBR3VosFer+T8HAAAAjURgFQDgq6v/ft37lf+ud//Hr2tu4lzd55ubHNO5H3xXvbcOaMPA3Uu2B0ilU1rfZ6qv95ymp87q4vQWTRk7ZbZ2LRnLHjB07pdqsfYRtfYNTafTyufzSx6rt8ZxvuTKqs9kMpJjP9WqtZQmk1nOWHV76Za1nnw5u9XrRVn58hhWYNXansBqY8/Stb+My77fbFBWZykoO69U4YbazAltWfuR1nfPKJNJSVq6FYNpGBo/P6TRD99tyGP/kpTOtmv3l/9ILZse0Pj4eEPmXLn6tKlfGr44LinEo/W9W5XTG7oyJg0sad6rrTnpDffKwHXs3pvTsbeGtEcnNLjnQAJjhjByRWMaKO+PekUjkrZK0tCrOjY8qEcPHShvl3BUB1+09Rs4oEOHSmscO/68nn3xqPYcOqAB9Wnf44e0T5I0pKMHX9RfHN+tx/cNaM/gsN4aH5e0V5/t65P2Sq+eOqUR7dVX+kr3oLbvYkxXKhdQLbe1d+lJAAAA1A1bAQAAAnX0bte9v3ZUfTt/vmFzjp8f0tBr39Hoh++qmF9Y8qh5Kp1W17qMdt1yVXd3v6a+/AllZoeVKk6rWCyUHj83l+4pat8ewPlYvn1rAOfLnqy++Xy++hH/yiPyporlR/Ptf/bH7K0MUvv4znprXLc6+1+hUKjMbX/5lN/67UHfUtsFFQp5maYh0zQq921hYVbFuXF1Fz/Q7u7Xde+297Wpb1aZbHrJ92CapiZGzunD46/oygdvNyyo2rH+Dt37a0el3j2anp5uyJwr3cCeQenEW+XHzcd0/OUT0uAe9704+3Zrb25Yb5wqZ6oPvVrJ6rSCo8NvWI/pD+nVY8PK7d0dJkyovt17lTvxol48kdNiHNB/zN6tuaq1n3ojYkb08BtavJRjGs7t1e7KYkd0Zaw07vGXF19iNXb8eR18/nhlK4K+Tf1Sbqt6NaSjBw/qaOW5/VJQuH9TacDerTmdePlljfRvUl+538gbb0i2+xPnuzj2annCsVNyu/yBA4f0eJj9aAEAAJAYMlYBAKG0dKzTnftf0KUf/jed/e7XZRTm6z6nsTCv0aGf6NrZU1q37Xb1bd+llvY1S9qt6Uxre+eUjOI7mpxM6dKNbZpWv9SyVtlsW1WWailQaVRtHSBVv0TKqrdecmXV2YOYUimDNZvNVsr2wKWVJZrNZpXJZKoyXe316XS68rIq+56nFnumqvNlWNYYzmzU0lqtoHK6agz74/2V/umUDKOgVOGGWsxJbWm/oL6+62pfY/Vb3KKgMk6hoIkLZzR29pQK83PRv9wabN7zq8p95nc0OT2rwnz9f4c3jYEDemr/83r24MFSObdfTx3w2oyzT/u+sl9vPPusDh6TNLhf+3PSG1btvsf16MWDevbgsdKJwUd1qBzU69u9V7ljx/TswYuLmaBVQ+/W3pw0LHtwM2DMfQ9q8NiLevHgCUk57d8/uLiYMAb7dfHZgypd+aAePVR+sdbAZ7U/96yOPXtQx5TT/kf3K/diOTvUuR7ltP+pA+qTdOCp/Xq+Ml55rQPW5ZWuX3vLUePerdLwiPZ+xXaxUb+Lxx/VxYMv6uCJ0voHByXHbrAaOnpQL299iuAqAABAA6VMNmECAEQ0c/WUTv3Nb2v22geNnTiVUs/W27T+9t1q6+z2bTo3W9D4TLeuzvZrIb1BylYHZNPpTCWgaSkWiyoWCqVH+7PZyp6kVuDS+ei+/fF7576r9qCpvb+93qqz+tszTK05rD97QHbpbVkcwwqcmqa55Bqt6zOMgsqbEyhtzCtrXFd39qo2do6ps9NQOuP9QEsxv6Cxcx9o7NwHMgp53+8gaZm2bt3x4B+oa/vnNDGxyl9S1XClvUgvPnhInvG/CBoZBBw6elAv6lEdSmLhACI5efKkHn744WYvAwAAV1NTUzWPQcYqACCytRt3a88/+2ud+T+/p8tv/UXjJjZNTY6c0eTIWXVt6tf6HXepo8c9MNPekdXWjhvaap7W7I33NTbdpatz/cqne2Rm1yidrg44GkZRprGYBbo4pT0gWp0F6nwBlD0T1t7fvuWAfd9USVXjWJmm1hjOoK7fHFUvmpLKL/QqzWEYhoqFgorF0hYDaXNBbZpST8tVre8aV+eagjKt1j8J3IOq+bkbGjv7vsY/GpLpeGFWI3Rte0C7v/QNFbO9Ghur74vUVqJXXnlFr7zySiJjHTp0SKV9Q1/W1qce174+lbcCyGl/r3Tw4MGgIXzGlaQhvXUip71P9cUeK/qcJfWebzl5+OGH9elPf7rZywAAALipkbEKAKjJtfe/ow9eOqjifO3/a18ca/o2acOOu9S5YUtwY9PU9PW8rs306tpCvwrpbhnpNluDtNLprNKZtNLpjC3ouRiwzJQf7bez2kiq9LMCo16P5ocJmjqzWQ2jWM6EzVTaWP1M01zyeH+pvqBCvqC0uaB2Taq37arWdUyqa21RmezSl1A5zV2f0LUP39PkpfOS2YQM0VRat+77Ld3yD57Q1PUZzc01dtuB1Wzs+PN6dnFjVQ0+mkC26tBRHXzxhHL7G/fIOhmrQPOQsQoAWM6SyFglsAoAqNn81AWd+pt/resXTjZtDdm2dnVvzamn/zbPLFY70zA1O7Og6bk2TS30aiq/QUaqXWZmjVItaytBT3uw0h5wlRYzQe17rlqBV6t/oVBQsVB6oZPV3wrMOh/ddwZNrTmswGlpjur57fullsYsSjIqj/i3a0w97RPq7pjX2q5U1dheigvzmrw4rPHhIc1PT4b8BpLX2rVVu770DXVsvl8TExNVe88CAJa/06dP61Of+lSzlwEAgCsCqwCAZcM0Cjr/ved0/nvPNSez0aZ1bZd6+rerpz+n1jVdofqYpqm5G3nNzLVqamGdZua7lFeHjFSbjFSrzOwaZTItlS0ETNOQUVx8kZW1L6vbnqal/U7TlX1bLVGCqvY2pbqiisV8JRu1JbWgtDmvzsyoulqn1Nk+r/a2olraW8Ndv2FoevSiJj46o+krI5UM22bpu+MLGvjFP9B8Mavp6emmrgUAEF0+n9f58+f1yU9+stlLAQDAFYFVAMCyM3n+B3r/2/9KC9cvNnspkqSOnvXq2bZd3Vtzyra2R+q7MDuvhQVDc4UO3Sh0aa6wRrPFtcqbiy/CMlKtMtIdlS0E7Jmuiy+JSiuTaakEVp2Zps5sWHtA1spAlUovmkqbC8poVmsyM2rP3lBHZkptLQtqa5Fa27O+L55yKizMa2b0oq5fGdH06EUZ+YVI96ceUplW3f75f6eN931F4+PjKpSzfQEAK8vY2JiKxaLuu+++Zi8FAABXBFYBAMuSUZjX8P/7hi784E9kGsskMJZKqWtTv3q2bVfXpm1KZ4L3F/VSLBrKL5jKLxiaL7RovtCuuUKb8kaHikZGhWJp7GKqTUaqLWC0amlzXq2pG2pJ31Brel4tWUNtLXm1tRTVkjXU0ipls+GDp3amaWp24pqmr17U9JURzU6OS1o+/wzou+MLGvjC76mQ7tT169fFP1EAYOU6ffq07r//fnV1hXtyBACARiOwCgBY1mauvKsPXnpS05febvZSqqTSGa3p3aA1fZu0tm+j1qzbqHQ2m+gchmHIKJoqFqVi0ZRhmKVj0ZRpSplMSulMqnRMp5TJmMpk0pEyToOYpqm5qXHdGL+qG+NXNT16ScWF+cTGT0rL2o3a+Qv/QT07fk4TExPK5/PNXhIAoAZnzpzR9u3b1d/f3+ylAADgicAqAGDZM42iLr31lzr76rMqzl9v9nLcpVJq7+otBVnLwdZsW0ezVxVLfm5W06MXdf3KBc2MXlJxGTze7y2lrXu/qtzP/hvNFdLspQoAK1g+n9f169d17do17dy5k6AqAGDZI7AKAFgx5qdGdPbVQ7r646PNXkoobV09au/qVVtnt9q6etTW2aP27t5mL6vK/Mx1LUxPan56UvPTU5qduKa5qfFmLyuUzq33a8fP/67mW2/Vj370I83OzjZ7SQCAmNatWydJ6u7u1u23387j/wCAFYHAKgBgxZm68Pca+tunNXPl3WYvJYaUWtesVVtnj9q6etTa2aP2zm61dfYo0xptL9WwjEKhHDgtBU+tzwsz12UaRl3mrKeWNRu0/bNf06b7fkmmWdoywXrhl6TKy7zsR+f5JMt+81vlqP3DjOPXL2o7t/bOY5j+SR7d1hG3fy3toqzD+btLpVKSFPqYTqdlmqbS6XRD29WyzijHJOYPO16UdlHPu40bdhy3cpjx7GVL2PHjtnObx60eAIDVjMAqAGBFMo2irvzkf+rc//1Pmp/8qNnLSVwqk1E6nVEqnVYqXf6cKX1OpTOlAE+xKNMoyjQMGUZRZrlsGIbM4jJ54VeCMq1rte0Tv6ltn/hNpVvWVr2Yyu2fImHOJVn2W48zCBe2f1L1SbX36x+3bD+GaeN1DHvOr3/cILDbPbHYg1BugTdnfZjgotfnOHMkFWxN6ui25qj961Ef9rzf57D945Sjng8K0oYdFwCA1Y7AKgBgRTMK87r4w2/p/Gt/qPyNsWYvB3WQSrdo68d/Tbd+8rfVsmZ9qAxRZ4ZVULukyrW2CzqfVL29XT0zU61xkxovzLHWTNeo1+f3uwvKUAzKqPTLAHVrH3RMerxajlHuQ1D/WtqFqQ9z3mucKP3jlBvVzi/oCgDAakZgFQBwUyjMX9eFH/ypLnz/RRUXZpq9HCQipU0f26/bPv1v1dZza1U2YJhMwTDt6lX2axfmOoLaJ1XvdYzbbzkeax0jqM7Oft4rGBWU2VjPY73a2q8hyjXFGT9s/6Tr43wOM1/Ufl7lKP38gqRRzwMAsNoRWAUA3FTys+O69MNvaeTkf9HC9OVmLwcxpLPt2nzfL2nbJ/6lOvpuX5KJ6MwUtPhlEDrLqVRqyXhRymHn82vnlSFqv54w7cPUB60v6Bh2/JvlGOZ+e/2ugo5StExKt/ZRjkHjhS1H7Rd0fWGPUfsHtY9aH+Z7ilKO28+vbInSL+55v6AsAACrEYFVAMBNySgu6OpPvq0L3/9jzVz+cbOXgxDaurep/6f/hTbv+SfKtpfeDu0XRHUT1C4oGOrsFzZ4GmZ+t89+43m191pn1P5+9V7t4/av9eg1f9RyUF3U78vOOuesD5MBGPTZ71yjj9bnMOuMs+6o1x2mPmjsKOOHWWOU/vUs+wVBg/oHtQcAACUEVgEAN72pj97Qhe//sUZPvSyZRrOXA4eu/p/Stk/8hjbc9UWl0lnfTMCw593Klqj94gZXvfqFyXwNah/UL0p9lExUe/t67ska5pjUPFHuX9DvMMxRCp9ZGHUP0SQzRaMea50/av+gdknUhznvNc5yKUc9b+fVHgAALCKwCgBYNeYmzuvC63+mS2/+pYoL081ezuqWSmvD7gd1y888qu5b9lZOe/2TIig4Gqd/I8q1tgtz3u1z2Pqg8f3ahxm3UePEHc/vs7N9mCC9n6iZg2HOu30OOoY9F/VY67hR+wW1i1sf9rzf57jtwpa9gqB+5aTPAwCAEgKrAIBVxzSKmjh3XFfePqLR914iyNowKa27/We1+d5HtOHOh5RpXSspemaqJWz7oLJ9vCTKXvNFzVQN079R9Um1b0Z/S9Q9baMEVZ31XuUwmYH2cpyMSrf+UTJAw46f9LxR2tej3mv+sPc/bP96laOe92tn8ToPAAAWEVgFAKxqxfysrp36W11++6jGP/w7ySw2e0k3nY71A9p87yPavOdX1Na12bet1z8pwp4PGzQNey5KOU6dV3DV63Oc9knUr/T2fvVBwdawv6ewwmYGepX92rm18QoyBtX7jRW1X9hxk1h31Ppa2/tdQxLtnMIGP8OOF7c9AAAoIbAKAEDZwsw1jb77N7r89lFdv/BGs5ezorWs6dPGe/6RNt/7j9XVf3+oPl4ZgLWcj9uuXuVa24U5vxz2ZI3TLolxo15/ULswvyOLW71fEMytXZxy0Pko9VH2Rg3bPql2SdTXct5r/Cj9kyjXq12YcQAAwFIEVgEAcDE7fk5X3jmmK28f0ey1oWYvZ0Xo3PIx9e78vPoGPq/uWz6uVDobeYygf1J41fsFuYLahZkjyjhen/3KtbYLmr/WfkH9kx4nyny1nI9Sdvs9OcUJRnm1cwvKupXjnk+qPso4bp+TrI+zvrDn47arZ9kreO8mqfMAAKAagVUAAALMjp3RxNnXNH72NU2cfU35mavNXtKykGntVO+OT6lv4PNav+sLau3cVNN4cTICnee92rv1t2c2+o1Xr3K99ly1X3+Y9jdLfdz7G/b3Eub3GOco1ZZ5GNTfrZ1X5mWYvU69zi/X+lrb+92vuOPFKfu1s8RpFzRflP+RAACA1YjAKgAAEc1cfV8TZ1/TxLnXNHnuuPI3xpq9pIZZu/FO9e38vPp2fl7dt/600pnWuszj9U8Lv8xBr3NeQbEwfetVDgqCBgVLvT779fdqH2c8v/XXOl/Y+jDtkyrbz3v9/sIKClIFBcvc2nl99is7j2HHDeoXtn/Uz7VcR9T5g8px+8UtB33/buVazhNMBQAgPAKrAADUaPrSO5o4+z1NnDuuyXPHVZibbPaSErN2051au+ludW27X707PqO1G3fVfc4omYJxzjvHb3bmqlvQspZ2SWR2Rp03ynhJz1evstvvJ0xQ1a19mIxBe7uwmYphyn7tomZixt3DNOm9T4MybuNcZ5R2Ye9vnHKUfm6/p7DjBZ0nuAoAQDgEVgEASJBpGpqfGtGN0Q904+oHunHtdPnz+8rfuNbs5bnKtK7Vmg13qGP9Tq3ZcIfWbCgdO/q21y0jNSyvf2LECa6GGd+tXZhzccv16Of12at/Eu2jrjOp80HXUMv37nferZ1fcCpMkCqonVswLW7Z67O9XI/zbp+jrjPOdYW53ijzNKNca7sw5wmmAgAQHYFVAAAaJD87rhuj5UCr7W9ufFhS/f+rtLVzkzrW79TajbvKxzu0ZsMdauvur/vccQRlCjrrvTJP3dpH6R8lszFMOer4buvzauc333LZ07XW9dV6f+3t/X4PQb83v/ZhgqxBQVR7fZwMxKBx6t0uzri17GXarOutV9mvXZjfiVe7oPkIrgIAEA2BVQAAloHC/LSM/KyK+dny8YaM/KyMgv3c4tE0isq0dCjd0qFMy5ry0avcoWx7d7MvsSZ+GYVuQTCvPmGDomHPNbLs9dlejhKMDDtelP5+8ye9/rjlsN+/X/skBQW1/IKvYc6HLfuddws6hu3v187rc5j+SV9n3HZJlaOer7V/1HoAAOCOwCoAAFjW4mQSOs97tY/SP854SZVrGafWTNWw7cLME6Vdrddfy/cdtb6Wo12Uer/2SZXruedovfrHbbecyrV833HPu80PAACCEVgFAAArhtc/ObyCal79/IJwYfsnMX7YcqPH8QpuuvXz+tyI6wlbjnveXu/3+6pF2KBWUNDNq51f/zDleveLMr7X57jtlkO51nZJnwcAANEQWAUAACuCVyZhUH0t553je83nNp5zz9Z6loPW41V2uz6vfknMH2W+sOW430fY349ffRJHKXwGYZj+cdvVs1zL3qm1lpt53bWOk8T3Hud3BgAAwiOwCgAAViS/f374ZSaGCZp6na8lCBtm7KTKcfvGDY4muYawZa82Ub9ft/Zh65MQNsjlF3SrpX29yo2c1+tzM8q1jBP0/YeZN8z4BFMBAEgOgVUAALCi+GUAetV79fdrH+Z83HZuZfv6wq7Xq+w2Xq3ri1uOmokbZ76w9zXs9xy2f5JHKdnMVa/zcdvVq9yseetVblS7MOeDfi8AAKB2BFYBAMCK5/VPEb/zbsEzr35hg6Bhz0UNnkYZpx7lpIOuSa2vlvNB379ffT2EDXp51YcJqvmN4zcuZf9y2Psbpl09zhNMBQCgfgisAgCAFc0rwy/unpq1nHcru83nNl49MjkbUbZfX5j6MPcjzP2Jen/Dfv/Oer/29ThK9ctcdesXphy330oqJ90uzvcT9XcQ9/sHAADJIbAKAABuGl5BMnu9X9+w44UdP0r/JNrUEryMst6o5VquJ+r9j/v9h+nfCFGDYl71Yc+HDaL69Y8773IqJ93Or1+Y+xq3fdh6AACQDAKrAADgpuKVieiXKeisjzqeV/so/eOM5zZ+vTJd46yn3tcf9/uK2j/o6CXqOEHB1KB2SWU2NrJdreVaxnG7b0n1i9q/lu8r7O8DAAAkj8AqAAC4aXn9EyUoKOYXdIs6T5jztbQLcy4oWBmlX5x1Jn0fwpwPCnpGaefXL+ngqZcoQVev+nqcDwo2hu0XZfx6jFNru3r1j9KPYCoAAI1HYBUAANyU4mY2BtXXo33c/lHGC5vJ2sjxo15/mPNB34dfvV97p1qDqW6ZiJag/mGDtXH7x8nQjDpf1PEaMb7XdYa9/ij3PenvqZagPQAAiI/AKgAAWDWCgmZxznuN53UuTBDT63yU/mHORQmqJr2+KP2jjlNLG68gZ6N4BV/DtE+iPmqw0W+cMOtYTuPVcn21nE/ifgMAgOYgsAoAAFaFoMzEOPXL5Xw92rndt0b1T+J7CfO9x23fiKObsO3j1jfyvNd64rbz61/rOqPcz3rc/7DfKwAAaDwCqwAAYNUK+ieMV71XUC5Mv3qc9wsSNrt/lPNR541aH3b+KP2TDp4GCdu/XvW1nvcLGq6kcZNqH6UfwVQAAJYfAqsAAGBVipO5WEu91x6kQePVY/yw80U9H/V6wpyv5/fl1T5u/1qCq0GZi379owZv49bXkoEZp32UDM5mrC9K+7D1QeMSXAUAYHkhsAoAAFAWlMkYpt5v7FrHizt/EuM3av31rK+1fTN4BV/92tfSLkr/KP2a0b5R6/e6j1Hmj1oPAACWBwKrAAAANvXKnAzKlExivCTPu82f9PUncd/8+kdtF3RMWtx1RMlsrDWDstYMyyTPu82TVPuk15XkfQcAAMsXgVUAAIAAQf/UiVsfN/NyuY4Xd56k6sOuw699vYOpYcUNroXtF6beb5ywQcw48zbjfJh+ca4r7n0EAAArQxKB1XQC6wAAAFiWnJll9qMlbn0qlar82c+n0+nAfstlPHu9dT6dTnv2S6VSnuuJUm+f22t9cdr79fcaL27Z7+j1vbn9+fXzau/3fYcZJ8zvwGvcoHmDfn9hxvM7WsLM4/Y7iTKf3//9cNYDAIDViYxVAACwqkTJhIxbH6cuTMZoUH2j5/OrD7OGuOOF7V/LeGF4zRc36GZv34jM1SjjRBk/aN56zhd3PWHrCaYCAHDzIGMVAAAgojAZcbVmugZl0LnVB2XUxc3w88tATbo+KEPRr12YTFW/++rW3228JI9e8wV9X/Y/r0xfr4zToMxgezuvdTjHi1vvd51xfq9B/7nxGtf+n9egerejVzDWWU9QFQAAOJGxCgAAoMZkst4s9VaQqZZxoo4Xpr/z2Che88cNxkXtF7Z9mPqkMjvrsO/dHAAABVRJREFUVV/P9UdtBwAAVjYyVgEAABIQlNFm16z6pI5eGahu9W7tvPbm9Bon6T1V/fqHGa8ee6wGrcNr/W5/cTJevdq7tfMbL2icoHU14mhxq4+SmRp1PgAAADdkrAIAAARIYo/QJPcsDbOmZqynEe3j9m8GezCvlsxVeznqvGHb11qfxB6lYded5HrJTAUAYPUiYxUAAKBBwmTQxcmIc8sE9MvUDFpPnPn86oMyXKOu329855/feqNmpob5c64/yl/YTNYw34+zv73s1d55HVEzXv3ahV231zFoD1S/7znueixB63G2BwAAiIKMVQAAgBoklWFqb2cFf+LUR513uWWmJt1/ObIH92rdgzXJzFS38RvdrhnrAwAAqxMZqwAAAE0WJXPPL+POPp5f5mvSma1xM03r1T6ov98erEllWMY9eq3H/pdUJmuUDE+3flHue9B11jqedXTb9iDo6NeeoCoAAKg3MlYBAADqoNmZoPagUhJ7xIZp38j+XuO5je88es0XtuwWtAsqx+E3X9T+Sc4Tp33UdSc5PwAAgBsyVgEAAJYpZ9AnTsZdUPswma3WuSgZhVHah92DNUr/JDIivTJD3fZAjVr2my9Khqbzet0yTKNktvr1TzKzNE57S5KZqARVAQBAs5GxCgAA0ETNzmxdLv38xklivOUk6eBg3PGS6FeP9vZ+AAAA9ULGKgAAwAoXJ7PVal+PTNRaj0nN55Zx6fXXyOsLkzHqV64lszVovrDjWX/2313cTFVLEpmobusDAABYzshYBQAAWAFqzdxsVKars7/1WVKiwbJG7qkateyWoZlkZqq9HGd8v3Gi9He7zrD9AQAAmo2MVQAAgFXCGcSKkyEYpX+tmad+e7wmkVkaZY/TMJmktZaT3HM16BhmvrgZr406AgAA3AzIWAUAALiJNTrTNcw4zXzMOyiTNCgDsxkvTKo1QzTMeHEzT3mRFAAAWKnIWAUAAICvJDNdk840rUcma1KZrvbr92tfz6Pb/Yi7t2nU+xLm6Pa7AgAAWE3IWAUAAMASYfYojTNevca/GXjdD7eM0FoyRN3mSWJcAACAlYSMVQAAANSFW0ZinMzXMJmW1l8t498MxzCZwZZaMmfd5rEQVAUAAAiPjFUAAADUjddenstlz9WVwC9zFQAAAPGQsQoAAIBlLczenKs9U9Xr6JfJCwAAgOYjYxUAAAAAAADAqkLGKgAAAAAAAAA0AYFVAAAAAAAAAIiIwCoAAAAAAAAARERgFQAAAAAAAAAiIrAKAAAAAAAAABERWAUAAAAAAACAiAisAgAAAAAAAEBEBFYBAAAAAAAAICICqwAAAAAAAAAQEYFVAAAAAAAAAIiIwCoAAAAAAAAARERgFQAAAAAAAAAiIrAKAAAAAAAAABERWAUAAAAAAACAiAisAgAAAAAAAEBEBFYBAAAAAAAAICICqwAAAAAAAAAQEYFVAAAAAAAAAIiIwCoAAAAAAAAARERgFQAAAAAAAAAiIrAKAAAAAAAAABERWAUAAAAAAACAiAisAgAAAAAAAEBEBFYBAAAAAAAAICICqwAAAAAAAAAQEYFVAAAAAAAAAIiIwCoAAAAAAAAARJRt9gIAAAAAAAAAoNm++tWvetb9+Z//+ZJzZKwCAAAAAAAAWPXcgqd+5wmsAgAAAAAAAICWBlG9gqoSgVUAAAAAAAAAqLCCqX5BVUlKmaZpNmJBAAAAAAAAALAcTE1N1TwGGasAAAAAAAAAEBGBVQAAAAAAAACIiMAqAAAAAAAAAEREYBUAAAAAAAAAIiKwCgAAAAAAAAAREVgFAAAAAAAAgIj+P8+HhUbPETdEAAAAAElFTkSuQmCC" height="600" width="800" />
Actual:true--->Expected: true
Actual:Invalid credentials--->Expected: Invalid credentials]]>
  </system-out>
  <testcase name="LoginSuccess_001" time="7.495" classname="testcases.LoginTest"/>
  <system-out>
    <![CDATA[<img src="data:image/png;base64,iVBORw0KGgoAAAANSUhEUgAABVYAAAJcCAYAAAASBf/6AAAAAXNSR0IArs4c6QAAIABJREFUeJzs3XecVdW5//HP2nufMmd6Y2aYQhk6SLWgCAj2qNGosYtiyc01NzFXkptoEsvNVdMsib/cxJgbDGrsYsFEjIIKKoo0EQakCEOdOdPLabus3x/nzMDAwECilPi8fRGZ2WuvvfaZ7R/5zrOfpbTWGiGEEEIIIYQQQgghhBAAzJgxo8cxxiFYhxBCCCGEEEIIIYQQQvxLkWBVCCGEEEIIIYQQQgghDpIEq0IIIYQQQgghhBBCCHGQJFgVQgghhBBCCCGEEEKIgyTBqhBCCCGEEEIIIYQQQhwkCVaFEEIIIYQQQgghhBDiIEmwKoQQQgghhBBCCCGEEAdJglUhhBBCCCGEEEIIIYQ4SBKsCiGEEEIIIYQQQgghxEGSYFUIIYQQQgghhBBCCCEOkgSrQgghhBBCCCGEEEIIcZAkWBVCCCGEEEIIIYQQQoiDJMGqEEIIIYQQQgghhBBCHCTrcC/g89IYa6K6dRubmjeztW0729t30BBrJObG8LQHOjVQgac1E0qO5xsjp2MoyZaFEEIIIYQQQgghhBAH56gOVhNugpV1VSzY9i4r61bTGG/EJRmiKhRKKQCUAqVVMltVYHs243qNkVBVCCGEEEIIIYQQQgjxDzlqg9WqhnU8teZZltevBA0GCmUYWJhAsirV9VxyAzl4aNrtNpRSOJ7D6IKRjCkaeZjvQAghhBBCCCGEEEIIcbQ6KoPVtQ3r+cl7/4PtJTANC6U0OlWl6mkPx3PID+ZzSunJJLwE7+5YlKxW1RoPuGrIpVjGUXnrQgghhBBCCCGEEEKII8BRly62xFv4+Uf343gJLMNEJxNVtNLYnkOWL4NLBl7IkLxBLNz+PnM3v4GHxlCKhJtgSulkBuVWHu7bEEIIIYQQQgghhBBCHMWOumD1lY2vsSNSS8gMdn7P9hwsZXFh//P4auVXaIw18uCy31HdugXLsFKVrBqf6WfasEs7e68KIYQQQgghhBBCCCHEP+KoClabYs28uul1AoYfDWitcbXL+OLjuXzwxVRklfHaZ2/wyKpHAfAZFhpQSpFw4kwbcgUFoYLDeg9CCCGEEEIIIYQQQoij31EVrK5v2khzooWg4cfWDnmBXG4Yfg0TSk8g7sb57bI/8MbW+ZjKwsBAo1EKHM+hT1YF51aedbhvQQghhBBCCCGEEEII8S/gqApWP21ch9YejnY5pXQiVw+9jMJQPnXRBn7x0a9Z07gGS/lQil29V7VGo/n2qG8S8qUd7lsQQgghhBBCCCGEEEL8CzhqglVPe3xcvxpTmXxr5Dc4rc9kDGVQ017Lzz96kHVNG/CbPrQGdPIcBUScGDcdcwND8gcezuULIYQQQgghhBBCCCH+hRw1wWrUieI3fNw5/jbGFY0CIByp585FP2Nb23b8hg9I9lPtSFejTpwLK7/KVyrPOIwrF0IIIYQQQgghhBBC/Ks5aoJVQxl8e/S/UZjafMp2bX697HdsaduW3MxKadC6c0MrQxlcNvAirhj6dUxlHubVCyGEEEIIIYQQQggh/pUcNcFqmpVGmpXskaq15i9rnmNx7RICVhoxHJRW+E0/peklHN9rDCeWHM/AnL6HedVCCCGEEEIIIYQQQoh/RUdNsLq7jc3VzK/5kBPLJtE3rYC+6SX0Si+iML2IglABShmHe4lCCCGEEEIIIYQQQoh/YUdlsFqeUcwfJ/8M5Tp47XVY0WZ0wka7teA66GAOyh863MsUQgghhBBCCCGEEEL8izpyglXtoeNtYEchkIHypcE+Kk99zVvxVr2Kt3YeTuNWYlonN60yTLTpx8wrwygbjVU5EbPkGFQg8xDfjBBCCCGEEEIIIYQQ4l+Z0lrrw7kA3R7G3rAAd8MC3LqNkIhCMAsztxyzZChm3xMxCweBFdh1TqwZr3kburUWr7Ead9sK3J1VeK1h6AhZAVAYhQPwj74Aa9g5KH/64blJIYQQQgghhBBCCCHEUWPGjBk9jjl8warnkPjkZRLvP4rXtA0MI9kbVRloz0PhoTUow8TsPQLfmK9hDTwVZQW7nU631+OG1+Gsewt7zesQbQXDQANKa8zewwlM/HfMiuMP7X0KIYQQQgghhBBCCCGOKkdssKrjLcTfehB7+UtgmMk/AJ4H2t01ThkoQGuNAsw+4whMugmzZOR+5/eatpJY+RL2h0+gXRtlWmjXAaUITr0Z/5hLwThyuiAIIYQQQgghhBBCCCGOHEdksKrtCNEXv4ez8QOU5QdUMkzVYJQOxywfh5Geh3YddPM2vPB63JpPky0CtAemj+CFv8LX/+Qer+WG1xKbezfe9tVg+kBrtGsTOOEqApO/A8r84m9YCCGEEEIIIYQQQghxVDnyglXtEf37vdhLn0f5Uj1TPQcjPZ/AqbdgVk7a+1V/18Zr3oqzbj6J5bPRjdvAtEj7+q+x+p7Y8yVjzcT+/jOcqjfAtNAAToLgmT/AP/qSz/0WhRBCCCGEEEIIIYQQR7cDCVaNQ7COTvYnL+EseW63UNVFpecnQ9LBZ3TfP9X0YeT1w3/CdaRf9Sf8J1yN9lyiL/0QHW3q8ZoqmE3wrNuxhkwFx0YByvQRn/sz3PqNn+8NCiGEEEIIIYQQQgghvhQOWbDqtewgNv83YPmT39CA9kg7/2cYhYMPaA6VXkhgyn8SuuhX6EgjiY9fPLDzfGkEz/gRqmgguC4oA5QiPu9+8JyDvpd4PE4kGsXzvP2O01oTi8Voj0SIx+MHfZ2eJBIJ2iMRYrF/fm7btolEIkQiURKJBI7j7PP+DrTI2XFdotEokUiERCLxT6/xcPC0R00kTNSJ/cNzJFyb2kgd3mHaJ04IIYQQQgghhBBCfP4O2Q5O9tKnINoMVqpa1YnhO+k6zNLRBz2XNWAKoUseIvbWQ/jHXorypfV4jgpmETzjNqKPTwc8MP04G9/D2bkKq/eoLmNrampZ9MEH5Obm4HoeEydMwLIsWlpaeH72bObOnUtLaxsPPfgglZX997rWtu3bWbBgIW+//Q6fbdpELBYlPy+PEcccw6RJEzn5pJMIBAL7XW9jUxPvv7+IjIwMmpqaOHnCSeTl5aG1ZvmKj3nttddY+cknNDU1EQqlUdm/ksmTJzPllMmkpfX8eQC0RyIsXbac+fPmsWz5ctrb20EpTMMgNzeHwsJepIdCBINBQqEQza0t1NWG+fa3v82woUO6ndO2HZavWM5bb7/NokUf0NDQgNaazMxMhg0dyqmnnspxxx1Lbk5Ot+d/2riBD3d+RIaVTn2skTG9RjG2aP+blQF8uHMpGxo3EjAD1MUbOLvPqZRnlbFk5zKWhVfiaodcfw5RN0a7HaEl0YaLQ8gKURTqxeDcgQzLH0zaHlXTbYk2vj3/+xxXNJYZ4/4DQx3c7yI0mv/75DEWbHuPBybfQ1F6r4M6XwghhBBCCCGEEEIcmQ5JsKrb60isnJPcQApAawik4x/zj/c4tSonkxbKS851oOcUD8XsMw5381IwLZRS2B+/vFew+snqVXzve99DA+PHn8CUyZPZsXMn37zpW6z6ZCWmYaIMA/8e4WhbWxuP/vkx/t9v/x8+n48RI0ZQUVFOIh5n6dKlLFmyhKeeeopJkyZx15130rukeJ9rjUaj3PajHxGJRDBNk1defolgMMjPfvELnnzySRQKy2ehPU08kWDFihW88MILnDB+PD+79x7KSkv3+1msWl3FHXfcwUcffUTffv244frrGTt2DKZh8vHKlcycOZP33nuPzMwsvv71r+M4LnXhOpqam4nHu6/eXPvpp9z/4IO8+cYbmKbF5Zdfzvjx48kIhVi/cQOzZ8/myaeeYsjQIdx5++2cdOLePXLjdown1j6Lz7DQWtM/p89+76NDbXuYWWuexJd6xk4sPo5yYHn4E57f8BJpZhoeHlcOuoTyzHISXpwNTZ8xb+s7xN0YlvLRN7OCGeO+TXnWrs+uNlJH3Ivzzrb3OL//2QzKG3hA6+mwrWU7czb9DUuZxJ2js2pXCCGEEEIIIYQQQuztkASrTk0Vur0B5UtVA7o21vCzMTL/ueo9s+SYgzvBsLAGTcXd/FHn1+7Gd9GxZlQwu3NYeigdn8+HbdsMGDCASCTKf3zrP1ixbBm5+Xk4CZt4Ik56KNR5TiQa5Rvf/HeWLFnCz+69l4knn0xObg6WaeK4LjU1tTzw4IO8/PLLzJ8/j5bmZh6b9Wf8fn+3S00PpVNYWEh1dTVZWVn4fX6+e8v3+HTtGu695x5GjBhBXm4e9Q31zJ//Fr/93/9Fa49F77/Pt79zM08+8TjBYDc9a4HVVWu49LJLaW1p5dJLL+WO239Cenp65/HBgwdx5hmn818/uJW/v/l32tva+cFd3yMQCOyzPcCSpcu49rrraGttYfDgITz0m98wcEBl5/GTT57AFZddxrPPPc+Pf/xjrrl2Og///ndMnTKlyzyu0gQMP6ZhoLXGVL79/0xT/JYfv+nHVCYKhd9Mfq6WYeE3/Gg8snwZnFd5FsHdqlLPrzyHXy75DZtbq9nY+hl3L/4VD0y6h7RUFXRjvDnZ+kDB7PWv8v3jvnPAVaue9nhszdMoFBpoSbQe0HlCCCGEEEIIIYQQ4sh3SHqsupsXo3YLozQaq/8EQB2Ky3dh5PdDd1xXGXhtdXitO7uMKcjPx/FcANLT0vnDHx9hZ20tf5o5kxdfeIHnnnuWO++8C9veVYHY2tJKS3MLr77yCl+74HwKCvKxTBMAyzQp7V3C3T/9b0455RRM0+Sjjz7i5Tmv7nOdlmWSFgyglMIyTX70k58Q8Pt45eWXuPiiixgyeDC9ehUydMgQbvr3b3L/ffehNQTT0li2bBlvznur23mj0Sjf+/73icfjFBQW8sMf/FeXULVDVlYWd//PT8nOzuYvTz7BI3/8Y/LzMwwMo+tj09DQwE3f+hbxaJS8vHwe/v3vu4SqHfx+P1dcfhlfOeccPNflmzfdxKbNm7uMybTSUUqhNXhocv1Z+/yMdhc0/KnHSaOUIsOXCr0NhVIGCoUyLGJu16rRsszefPOY69Daw6f8bGvfzsq61Z3Hd7bvTAa1hsV7Oz9gY9NnB7QegNV1a3h3xwf4jWTIWxsNH/C5QgghhBBCCCGEEOLIdmiC1R2rwdhVHKsMCyOn96G49N6UiTJ3q4LU4IU3dBnS3NKMZZoEAgFmvzSb1157jeeefYapp0ymT0UFgwcN4orLLqWoqKjznLS0IPff/ysGdBModggEAtz079/EcT0sn8Xs2bOxbbvbsZZlYfr8KKVoaGxk1erV3HvP3WRmZnY7/swzTueqq64iGo0SCPh5/vlncZy9N+b6ZNVq1lRVAYqvfvWr5OXl7XO9+fl5nDr1VPz+AL/73e/ZWVOz1xitNb956LeEw7W4nsfN3/kOfSrK9zmnUoobb7gB0zJxHYff/vZ/u2yG5WgHUKDAUAZx3f3ns6eQlZbsCqEUKIWtk8F4ppWO1h6u1gQMH35j7yLt3hnFpPsy8PAwMNjcWt15rCXeiocHWqHRPL32BTy9/03LABzP4bE1T2Mo1ZH30hhrOqB7EUIIIYQQQgghhBBHvkMSrOr2OuisWNXJitFg95sXffGL8ZLhG8kwTxkGXkPXqklNMtRDKWrDYb7/ve9TUrzvfqiQrPAcNLDn/pulpaXk5uSglMGWLVuIxePdjjNNk/RQCM/ziMfjfOc//oOMjIz9zn3JxRd3nru6ag3tkcheYxYvXpyqONWMGjVqr+N7GjxoEIZhEIvHWLps2V7Hd+zcyVNPP0UwmEZ6KMQZZ5ze45x9+/ahuLgYn8/Pa6/NpaGhsfOYaVi7HkoNQXP/m3x1iHgJfMpMtQ8wCJnJ1/1z/dk42sVQCksZdFcl7Xpu8pEgWSWbF8jtPFYbrQOdqrJWFh/WLmVj06Ye1/PRzmV80rAaS5mgkuc3JVoO6F6EEEIIIYQQQgghxJHvkASryVLCjqrEVIIVbdzX6C+WMsCx2T1g0/GuAaTP50ejcR2H0tJSjj/uuM/t8gG/n/z8fLT2cByH+H6C1bRAANd1sUyTUSNH9jh3Xn4eubm5aA8ikXba2tr2GvPZpk1YPgtQZGbs3QJgTxmZmZ0bhG3bun2v4wsWLMS2bVzX5dhjx1FYUNDznOnpVPavRGtNLB5j9epdr96nmcHkk6I1Gt0ZkPYkzQzi4aG1RqEIpHqstrsRLGViKIWnOypiu6qNhGlNJD+rgOFjbK/RAMTdBDvad2IaJsloNPnP42uewU1VxHYnakf5c9WTWMrCVMkKWaUU4UgYzYFvtiaEEEIIIYQQQgghjlyHJlhVZtevPRuv9fD0m9TRJvTur3J7HphdN0jq6I3quC7Dhw0jtNsmVf8sT2ui0UjndSyr+/3DtE72ClVKEQgGyc/f9yv7u687Py8vFf9BLLZ3aJufn4/rJgNIz+35lfampkaUoZJ9Rv1dPyfP8/hw8WJM08RxHE44YTymae5jpt3WaVnJAFhrHMemdbcA2Jd6VjR02YSqJxm+tM5NphTJyleAlkQblmGljhlYe7QCaE208fiap9FoHM/h+mHTyE1LVlO7nkNdtB6Ac/qeRdAMYCmTxTVLWNfQtX3E7t7fvpgNLZ8xMKeSCyrPxfFcFIq6aD0J98BaGwghhBBCCCGEEEKII1v3qd7nTGXk4zVtRXUGrAp384f4Bp5yKC7fhRden9qjPVVDaxjsucm7aZqgkx0D0tPTMc1/Ln/WWtPU3Mz69Rt44i9PUFsbxlAGhmng93W/671SiubWVvx+P4ahMA4gsPQ8D9uxMYzkZk2BwN6v0R87biwP//73mJbJ5i1bepxz/boNnb1LBw0a1OVYIpFg48aNGIaBaZq8OW8eLS2tNDTUk5mVTSDgIxgI4mmPWDROLB4jGo3Sq7CQj5YswTRN2tsTtLXuVlmbeidfpf7n2XUv0iutANOwaHXaMJRJ0AxiYBD1YrieTchMY0ekBqWMLuEqgJGar+MnnnATBM0ALfFW1jSs47GqJ/msdTO5gWymDbmC0/tO6VxKxI7SnGjB9Ry+0vd0/IaPp9Y/j2VY/HHVLH5+8l2patZdonaUWWuexFImXx94ASErxNPrnsdUJi2JFqJ2tLOaVgghhBBCCCGEEEIcvQ5JsGr2Goi3ZSmQDKGUaeGseR198r+hgtmHYglJro27+UNIhWHJTYU8VE7XzZaUSkavWoNh9Bxo7qmxsYlNmzexYeNGPl37KZ+uX0dDfSOJRIx+ffuRl5dHQ309Zg8Vqx1Vq4Zh0N7Na/178lLndNxDZjc9WceOHUteXh7NLc28+cabXDPtanz7WENLaytvv/MWSilKSooZMWJ4l+PtkQjhcDgZ5CpFXV2Ydxa8Qyg9nfRQiEAgQDwexzIN/H4/juPiuA4bNm6kT58+VFSUo7WmpGSP/rWpFrgGis9aN1MTC2Ng4jf9+AwL1/NIaBu0h9YeaVYaTfHmXefuNZdOVYyG+fF7/0O2L4OaaB0NsQZGFYzk1IopnFAyjtKMki6nhqN1OLj4zQAZ/nTO7nc6z6yfjWmYrGn8lI/DnzCmqGuf2jkbX2NHpIbRBcdwbNEYNjZvwkgtqsluPaCNr4QQQgghhBBCCCHEke/QBKslI7D107u+oQy81jD2p/Pxj7zgUCwBALd5G+72VbD76+DaxSge2mVcsk9n6u/egQdh27Zv55lnn+WZZ56hsbGJAQMGcPrppzPtqqspLy+jtLSUWDTKFVddTUNDPZblIxKJ4Pf3XMGo1N6bLu01BlKVtgq/308sHiObrC5j8nJzueuuu7j5uzfz0ZKPmDPnVb52wfl7zeVpzR/+8Ah19fWYhsntt9++V1DrsywSqR6xkUiEO35yOyefPKHLWg3D6BISdwS/QOffk5tp7Sa1WRQovjv6Jvrn9O3x3leFq7jt/f9mr2RVg06FqznBPECxon4VlrKwTIvLBl3I4PzuNx1rjDXhuDb5oTwMw6AgkM9p5ZN5c+s7mMrkT6sf5/6CYfhSrSQao408s/5FlIJrhl6OaZhk+jJBKRRguwlaEq3kpeV2ez0hhBBCCCGEEEIIcfQ4NMFq72PAFwTP3fWqtxUk/taDWJUTMNILD8UysD95BdwEWEGSiZuGYDbGHkGX53nJ18lVMmA8EKtWr2b6dddRU1NLRZ8+/N///ZFjx47d63X8lpYW2tvbAQgEAqg9Q8UUpVTnplEHyjRN/KkNr3w+3z7D2K+cfRaNjXfy4IMPcNuPbqOltYUzTj+d3JwctNbUhsP86U8zefTRR8nLy+NHP/4Rp06Zstc8GrBSrQws0yQSiXbbY7WjV2znfR0Qhatd/Eb3rRL2lqxK3eu7Ktmr1UOTZoX44bibeWjFw6xuWIPjOvxq2UP8fMJd3YadO9p34qHJDWYTMJM/x4sHXsDb295Do/msZTPvblvEKRUTAXhh/RyaE82cVHQCg/OSYa3f9BEyg8TcOFp7NMQa6ZtdcYD3JIQQQgghhBBCCCGOVIdk8yojuzdG3xPQ3m47shsmRFuJzb0HfQg29HGbtmB/9BSYfjo6buK5mKUjMNK77mTv7V6legDhZktLK9OnX0dDQyO9S3vzxGOPMeHEE7vtcerYDo7j4HmagN/XuVHWnrTWpGek4zjO3mvaB8MwUYDruliWSSit+023DMPg6quu5Ne//g1KGdxzzz1cdfU0rr/xRqZffwNXT7uG999/n1tmzOCVl1/m4gsv7DYQTQsGKSsrxXWTgfm27Vt7XGNP9B6vyjva2cfIrhztJv+iOuZJVcPqZJWsAcScCMUZvfjumH8ny5+s5K2J1HD/st9id/MMbm3bgYEi25+FkWrEW5rZm3P6nont2VjK4rG1zxB3E9S2h3n5s7/iM/xcNeSSzt6rShlk+rOST5yCmkjtwX0gQgghhBBCCCGEEOKIdEgqVlEmgWMvJbLurd2+qcHy465bQPzNnxM89b9SoefnTyfaiL9+D9qJo8zdKiC1i2/omZ09VzskQ0wFqAOqWH1z3pvUhmvxWT4uvuhiKsrL9jve81w8z8M0rb1fg09RSmFZPhzbxvX7yeimX+qe4ok4tmOjFJiGiWXtuz/sBx8u5q6f/pTp06/jsku+jt/vI1xfj9aagrx8cnNzCAaD+72e3+9nzJixLFu6DJRiddXazlf+/1G25yarhVMfu+MeWLAacZP3rUkGqXYqxC8I5mN7Nj7ThwKiTozi9CJ+ctz3+f67P8FSFivCK3l09V+44ZhpnVWvrueyM1KDRpMfzO8MVgHO7nsar26eC1pTG6nlbxv/zrb27cTcGGdWnEplbv/OsSFfkExfJjWRWlw0rYmee+UKIYQQQgghhBBCiCPfIalYBTBLx2CVjYY9gzLLh71sNrE3fo5ORD7362o7Suz1u3E3Ld4jVPUglIvV/+S9zumoDlUKPG//warWmgUL3yUQCIJSlJWW7nd8wk7gOC5+v59oLNql5+iea0gkEqnWCZpQqPvq0925joNt21imhUYTT/U/3VM4XMfV067GtW2+/a2bKC8vo6ioiBHDhnHM8OGUlBT3GKp2+Op556JVMmSdN+9NamvDB3TevrS70eRflEKhaHUO7JlwvAQKAwPwtEfUjQHJClhN8vM0lYlPJX+XMDh/IDcOv4a4l8Bv+Hhx46ss3Lqoc76oE6M2EkZhkO3P7HKt3pklnFl+KrZ28Zs+Zq15ije3vI2lLM7rf3aXYNln+Mjwh5I9Y7WmMd70j384QgghhBBCCCGEEOKIcciCVWX6CZzyne6DRMuPveJloi/egle3/nO7pteyg9grt2KvfgPMrr06tWPjH38Nqpvemo7rpOoWU9vT9yCRSKTGa1paW/Y71mf5aG9vRym1z2pVAMdxaG9vx7JMtIaGxp4DOa116rX8ZAeDRKL7FguzX3wR23YoKCzA5/vnipaHDhnCaVNPJR6P09bWxmOPP35Q59fV1XV5JvyGiac9FJCMRA+sz2zICqbaBiT7qSa85L3XxZrwGSZKJdsFdHwf4Jz+ZzK1bHJnuPrAst+yofEzABpijTQnWlAG5ARz9rreVyvPJmgEUp0iNAkvwZTSiVTm9OsyzlAGWf4sNBpDKWraw7gdbQuEEEIIIYQQQgghxFHrkAWrAGbpKPwnXgN2rJuDPtxNS2h//HoSHz2BbvvHe1HqeBv2Jy8R+csNOOsXdq1URYHnYORX4B910T4m0Hg6GYTFE4l9VpVC8pX9sWNGk0gkMA2Dt+e/1dkXdU/xRIIHHngAx3FwXXe/rQAcxyEWj6FU8tX2aLTnys1YLE4sFsfzNIahyMzsvn1APB7Hsiyqqtbw8pw5hOvqiEQiOI5DJBIhGo0Sj8f3eR+7MwyDO+64naysLEzT5I//9388/eyzPZ6ntebZ557ndw//oUuFZ9xJoFKv82v27rm6L42xZkwMQKM1+FSyDYKjE6loVpFwExi7XctQBjcMn0ZRWi+09nC1y92Lf0Vbop2EmyDhJVBakZPqx7q7koxippZPxvbszk3Ovj7ogi4tAzrkBrPRaBQGNdHaA25vIIQQQgghhBBCCCGOXIemx2onRWD8dbibF+NuX4WyAuyqSNRgWuDEib95P4klT+EbeR7WgCkYOWUoX9r+p/ZcvOZtOJsX4Xz8Mm7NWkClKlV3C0a1C1qTdu5PUf70bqfKzs7BcR1Mw8Sxe95Y6+yzzub+Bx7EdV0WL1nC7x7+Azdef12X1+nXrFnLXf/93wwfPpz+/fuzefMmqquraWhspHdJyV5zOq6LnbAhFTLuq/p0d6H0EIl4HK01nqf3GQhPnTqF3zz0EIlEgttuvY28/Hyys7MJ+P1owO/zEQgGCQQCFBUVMWzoUE466UT69e3b7XwlxcX88ZFH+OY3/42GhkbuuOMOtm7dxhWXXUrJHveWsG1Wr67iTzP/xIsvvsjDv3+4y/G4G8fTHpZhorRHmx3t8b4BLMPE1g5+lfy2SOXsAAAgAElEQVR5NyVaKKU3cTcVjKtksOrusQlYdjCLHxz7XWYs+BE+w0c4Gub3H/+JIbkD0VpjKnOfPWMvGnAef6+eR9y1ObbXGMqzuu+tGzADGBgopWiINRBxogSsvTc2E0IIIYQQQgghhBBHj0McrILyp5N2wS+JPHEduqU2GaZ2GaDA8qNba4kv+AOJd2di9BqAWTwMo7ASI7sErGCyV6tpoltrcBuqcXeswttZBfF2QIHRza1pjfY8gmfdillyzD7XuGPHDlzHIW7HsBOJ1EZT+94IqqSkmF/+4hfc/N3vorXm179+kHcXLuSE8Sfgs3x8vPJjli5bzoz//E8uu/QSBj03iB/88Ic01Ndzw43fYNLEiVx00UUMHFDZOWcsGqOmZmdnn9S2ttYeP9vGxkYSdgI7YdPU2EgkEiUtbe9AetjQoTxw//385qGH2LJlC+FwmJqammQbAcA0DZJZpMJQCmUYBAIBLr/8Mm7+zncIdTPn2DGjeebpZ/jFr37JG2+8yUO/+Q2z/vxnJk6aRP9+/Qilp9Pc1MTijxazcuUn9O3blz8/+mcmTeza49bTHp720JhowHa77xO7173HmlPVoirZSiCVKRsYONoloEzink1jvImsQNeeqYPyBjB96JXMrHoCv+ln4fZFfLDzI/yGHw8Pq7tnCeiVXsjpFVN4ceOrXD7wom6rVQHSrXSS22op4m6CumgDud20FxBCCCGEEEIIIYQQRw+l9/ee+xfIbd5G7OmbcJu27fGqfjc8D5Lb/wDJwA+l0B3Vh6mKRKWM1GZP3dAa7TkEJt9E4ITpwL53rl+3bj3PvzCb/IJ8XNdh+jXXEAj0XGG44uOPeezxx1m06AMa6usxTJPs7CymTjmV6ddeQ//+yf6brusy59W/8uGHH2IYBsceO45JEyeSm7ur3+vOmhpmzXqMgoJCamtrOe+8cxg+bNh+r79u/Xpmv/gSBfkFhOvquOH66eTn5XU7trWtjfsfeIAnn3ySUaNGM2jwIEqKS8jPy6OpqYma2hrWrV3HshXLcRwH0zSJRiNcccWV3HXH7fsMmh3H4eOPVzLnr3/l3YUL2b5jB47jYJkmaaEQEyacxDlfOYeTThzf7YZc29p2UtNeg8/04XgORaFe9M4o7vGz39D0GW2JNpRh4LoO/bL7khPM5rOmzTQnWjAMA9dzGZo3iKC198ZccTfB0prlhKw0fKafdCtIwnNpd9rpl9WH7MDe7QAAWuKtbGjZxKiC4fsMVmsjYba0bsNn+nA9l/7Zffc5nxBCCCGEEEIIIYQ4/GbMmNHjmMMWrAJ4TdXEXr0Td+sKsHyQ6pG5P5qukeieX3d/oWQlZmDKd/CPuwL2EYDt85pa7/N18O7G1tXVEw7XkhYK0auwkPT07lsOHC6LPviAW2/7Efl5+dx55x0MGjgAv9+/1zjbtvl0/Xp+9rOf8+GHH+Dz+YnFYrz80ksMGzqkx+u0t0dobGqkubmZtLQ0CvLzycqSQFEIIYQQQgghhBBCHNmO+GAVQMeaiS/6E/biJ5OVp3u2BjjQedgzYE3tK+86GJm9CH7lDqw+J/zzCz7KVa1Zy7nnncegQYN46i9PkJ2d3eM5LS2tXHvddaxevRrbTnDHHXcw7aqrDsFqhRBCCCGEEEIIIYQ49A4kWD240s0vgApmEzzlP0m77LeY5aPBczorTA9qnt2/0IBrg+fhH3MhoSv/KKEqEE8kuP2O27HtBDNuueWAQlWArKxMrrjicmzbxjRM6urqv+CVCiGEEEIIIYQQQghxZDvkm1fti1V+HObFI3A3vEVixWzcLSuSAasy0Ur1/Cq+1qBTPVcNA2vYGfjHXIxZOuaLX/xRYsOGjaz8eCVZWVn069f3oM6tKK/ANE0cx6FPRcUXtEIhhBBCCCGEEEIIIY4OR0ywCqB8aVhDzsYaMBV35yqczR/ibHwXL7wxWcmqkxtYKc8FI7kDfHKzKgWWH7PXIMy+x2MNmoqZX7nvjay+pBoaGkjYNv5A4IA24+pCAVpjWRYDBw3a71DP89i2fTt2IkF6ejpFRUUAxOMJwnVhXDdZkZydlUVOTg5aa2pqakkkEmit0WhM06R3SQmtbW04tk1BQQEAjU1NuI7T+XWHRCLBjh07cF2X3Nw8cnNzOo+1t0cIh8OAJi8vr7PPa0NDA47j0KtXLwCamppwUnPX1dcTaY/gaQ+FIic3h+zd+sO2t0eora3FMBRFRUUEg0Ecx6GmphbHdUAn++36A35Kios7fzEQj8cJ19XRq1cv/D4ftm1TU1tLcVERtu0QrgsnPwOtSUtLo1dhYZdfKriuS01tLVprSoqLMQyD9vZ2wnV15OXmdt6b4zhs276dkuLizv65sViMurp6evcuwTCM1HprKC4u7tyMrLW1lda2NnqXlHT5fF3Xo6amhng8RjAYpDh1T4lEgp01NWitQYOnPTIzMsjNzWVnTQ2GUp1jW1tbaWhoJD8/j0AgQE1tLZ7ronXymcnISKegoICamhoyMjLIyMgAIBwOk5aWhuu6NDQ2YlkWSikc2yYYTKO4uGi/z6MQQgghhBBCCCHEF+GIClY7WQHMsrGYZWPxH38Nuq0Wr7Ear3k7OtqUDK3sGIY/hErLRuVWYOT1wQjlgXWQgeGXiM/vwzJNEokETU3NlJWWHvC51ZuqicVijB47hsEDB+xznG3b/G3u62za9Bm5ubk0NDYycsQxnDJ5Eo2NDTz7/PPk5uaCp2lqbuYrZ51FZWV/Zr/8EpZpkpGRied5pAWDnH3WmXy84mM+WraMb1x/HRkZGSxe/BGtrS1cdOGFnddMxOO8PGcOLW1tmIZJQ2MDF55/Pn369GHnzp3MfullLNPE8vlobW3la+efT3l5Ge9/8AENjY1cfcUVACxfvpy6+gYuvuhC3nrrbbbt2EFuTjaO7RCNx/jqV86hvKKcuro6nn1hNn6fRSKewPL5uPzSSwB45vnnycnOJhgM4HkeeTm5FJ3RqzO4rK2t5bkXZnPlFZfTq7CQ5uYWnnv+Ba65+irq6up4+dVXKUoFvQ0NDYwaOZKJJ5+MYSS7dsRiMV56+RXa2tu4Yfp0cnNzefe991n+8QomnHgiE046CYB169bzwksvcc5ZZzF69CgAampqeOa55/nKWWcyfPhwWltbefaFF7jh2mvJyMxEa83f5s5l0+Zq/u2G6ztbRSQSCf76t9fYsm0rOVnZhOvrGTFsKKedeir1DQ08/exz9E6FvJ7n0b9/f44ZMZznnn8B13W54brpZGVl8dbbb1O19lPOOO1UykrLeObZ58jLyyMQ8GPbDv379SMnJ4e/vTYXn9/P5ZdegmmavDFvHkMHD8bv9/PR0qW0t7eTSNjk5uRQXFxEcfHpB/wcCyGEEEIIIYQQQnxejsxgdTfKl4bK7YOR2+dwL+WoN2zIEHJyc6ipqWXZsmWMGD7sgM6LxeM89sRjKEPxo1tv22+16/Lly6murmbaVVeRmZlJTU0NTz7zLAMHVBIMpqE9zUUXXEBGRgZvv7OAdxYupKSkGMdxOGXiRIYMGZKcSIMyFKCJxWIsWPguZ591JspQqD22Kaurr2fzlq1Mu/IKCgsL+XDxYppbWnBdl9de/zv9+/VjyimTMQyDpUuX8tIrr3DDddPxWb6ucymVuiYk7ASjRx7D5EmT0Frz0iuv8P6HH1BaVsrfXnuNIYMGMvHkk0kkErw293Xq6uspLChAex7nnH0WhYWFydvQujMU3XUZhd/n67hkZ0Wq52lCaWlccvHF+Hw+1q1bxyuv/pVRI0eSk7OrAtfn8+GzfGzfvoOsrCy2b99OwB/A83RqHo+Vq1ZRUlTEso9XMGLE8GSVJ8mWGm/Mm09lZWVn2NvRobixsZHa2jDZ2Vms/XQdxx93LADLli9nx44dXJP6me7YvoMPFy8mHo+jANMwuOjCr3V5LiKRCKaZrIqtr68nLS2NmpowgYA/2bUjtWfeV889Jxm0p3ieh9/vY9OWatauXcuwYcPwtMbzNEOHDmXw4MG8++57bN2+jUsuugij8x6EEEIIIYQQQgghDq0jPlgVn5/MzEy+/73/Ysb3buG+++/nuOOOZcjgwfs9JxqLcfudd7JkyRJ++MNbO8O27mit+XTDBsaM2hUE9u7dm/KyUtZ+uo5jRgxHGQaNjY3EYjHC4TBZmZlYlkXA52PJ8hVUb92afD2/sJDjjj0W19P0qahgw8aNVFdXk5mZSUtTS5fr5uXl0auwgGeff4E+FeUMHjSI/v3709raSn19PWedcXrn6/DDhw/nvQ8+oLY2jGF0E8ol8z4sy6KmtpbVq6twXZdwbZgTjj+O1tZWdtbWcvZZZ2FZFpZlceHXLgCgtaUV0zRZsPBdMjIzcByHvn36MnzY0M7plWGg0by9YAEBf4BINIKnNUopDENh2zZVVVUEAgE2bvyMXr0KCYVCu33G4LMsBg4YwI6dO+nVqxDTsiguLsZ1HSBZ6VpfX8fll17Kk888y86dOykrK8PTHtk5Ofh9FgvffZdjx43DMs3Ond8+XrmSYUOGUFnZn1dfe40xo0dhWRYrP1nF2DFjyMrKIhaLEUoPMXnyJCzLQmuNpz3eeHMePp+PWDzOKZMmEgwGMU2Lyv5lbNmyhWAwSCDoJy0UxPPc1P0avP3OAkKhELZtM2zoUPr27YNhmAweMIC33llAaWkpacE0HMdGKZUMg1P/tlLhtBBCCCGEEEIIIcThIMHql8yFXzufhoZ6fvHLX/K1Cy/iZ/fey6RJE8nJzu7Sy7O1rY1PVn7C/Q88wLLly7nzzjuZfs01PW4i5joOltX1sTINE9tOpL7SzPnba1iGQVZ2dmfo6XiajPQQvQoKcZzka96QbC3Qp6KckSOG88ab8ygrK8U0u1aABoNBLr7wQtatW8+n69bx4iuvMGnCBCorKwG6VIwqlax49TwXw4CAf7dwToORmtswDJqbW/hk9Wo2bdrE5IkTGTlyJLW1tZ3z7KkjZMzOyiI/Px/HdcjMSO92XCiYRnrqmE5tuqaUwnFcNm7azIaNGykpLubrF13UGQonx4DtOFSUl7Pm07Ws/GQVvUtKiMfjdCSkVWvWkJGejtaa/LxclixbRllZGQpFwOfj9FNP5bnZs8lIT8fv92MYBrZt88mqVYw//nj8fj+R9ig7d+6kvLycRDyOLxVifvrppyx87z1s2+H8884lFEpHocjPyyUQCGDbNpZporXGdV369e3LuvXrSdg2FWXlNDQ2pKpVNZ7WZGdnkZuTi23bpKUFgWQf2uOPPZZ1G9bz1jsL8DyvSwje8dEnv9/1WRBCCCGEEEIIIYQ4VCRY/ZIxTZN/+8aNHHfcccx89FF+/OOfEEoPMWTIEPLz8vDQtDQ389lnm2htaWHSKZP5n//5KYN72LAKksFgae/erK5ay9ixY/H5fLS1tVG9dStnnnYahmFgKIPzzzuX/Ly8zlAvHo/jOg4jhg9nQCoM7aC1JhqJcuL48ayqqmLFypUMGzyky5g1a9dSvWULZ5x2GiNHHsP777/PylWrGTFiBP5AgPXrN3RuULWleguO41BYWEhtuI7tO3Z0zhONx9BeMuRMJBIMGTyIk048kTfnzaNq7RpGjx5Fbm4yQNy+fTv5+florXnttbkMGjSQoqIitKc5/vjjOjeR2pP2PJQyOOGE48nKyqKxsZE1n65NhrKeR1paGl899xy2bNnCiy+/Qk1NDX367GqDoQHHdcjOycYyLT5aupQLvnoe69etx/JZ2LbN6qo1KKV45dW/4jg2W7duIxKJ4PP5iMaiFPYqZNLJJzP3738nPRTCsix27txJNBpj9Zq1VK39lEDAz7LlyykvL2fgwIGsXfcpo0aNZOTIkRQXl/CXp58ikbAJhTQoxQknnNAl5GxtbcVxXXJzk6HpipUrueC886itC6daASR/tuOPP55Q+q7w2XVdXM8DpZh08sn8ceaj2I7DgP79unwGQgghhBBCCCGEEIebBKtfUmPHjGbsmAfZsXMnmzZtZsuWLTQ1NZGWFiQYTKOiopz+/fp19go9UMeOHcv6DRt55tnn6Ne3L1Vr11KYn8+ggQOoq69Hk6wwDQaDnedonQznPlqyhJ07a5KvtGs49thxGIYiHotjmianTZ3KzFmziCcSXa5ZUlTMnFf/SiQSpXdJMUuXr2DUqJGEQiFOm3IKc/76N1rbWvFZPpYuX87ECRNIT0+nX98+vLNwIS/PmUN2VharVq3m3HO+AiSD1UQ8jlKKkydM4JGZM5k3bz5nnXUmZ55+Oi/PeZVwXR1NTc1s2LiR8eNPQKde6X/7nQXk5OTgug5pwTTGjh3TWfHpaY32PKLRGFlZWTiO0xkyep6H6zq4rkvfvn0ZecwxzH7pZa6ffi2ZmZkdHxaxaIxgIEBp796s37iB/Lw8VkQiFBQWsnnzZqLRKN+4/nr8AT+O4/Dnxx5nxccrKe3dG8dx8VyX4cOHsWzFCurr64nH4yz68ENGjx7FKZMmoZSirq6OWU88waSmJk46cTyzHn+CJ59+hsp+/aneWo1SitzcHDzPQ2uPefPmEwj4cVyX4qIievfuTTweJxgMUNSrFztrasjLz6e9rR3P80juQKeZ//bbZGVl47oOmRkZDB8+HO25qZYD6ZwyeRJ/fW1u6pwk13FxbPvgH3ohhBBCCCGEEEKIz5F555133nm4FyEOn8yMDMrLyhg+fBjjxo1l1MiRDB82jLLSUtLT936NvSfBYJCBAyqJxmKE6+vp368vp0yeTCAYxHU9LMukoqysM2jsYBomlmWRSMRxXQ/bsakoLyfg95Odk0NBQQGhUIj0UIiCggKKUhWoHdccUFlJfV099Y0NDB82jHFjxmCaJoWFhZSV9qYmXEc8EWfCieM55pgRKKVIT0+noqyM2nCYaCzG8ccdx5DBg1FK4XkexUVF5ObmYlkWZb1709DURFlpKUVFRZQUFbNt+3ZCoRBnnXE6BQUFncEqCmw7gW07GIairLR010ZRWmP5fFSUl3e+4q+Uok9FBZZlEQymUV5WhmEY9O5dguM4hEIhsnergDUMg94lJWRmZpGRkUFlZX80mvy8POKJOP379aO0tDeGYWBZFjk5yeCysLCAtLQ0SkpK8Pl89C4pIRgMUlxcREtrK+PGjCEUCmEYBqFQCKUUmRkZ5OXlMXBAJbZtUxsO06tXL6ZOnkxhYWHnJlSu9nBsm4TtEEpLo6ioF6Zp0K9vX7KyMsnJyaZvnz5orSkpLiYrK7uzwtW2E9iOg2lalJWWYpgmxSXFZKSnk5+Xj2kalJWWdlYBa63Jzs6muLi4x9YUQgghhBBCCPFlEIlEWLRoEQsXLmTOnDksWLCA6upqmpubKSws3Ov/g3/Rkvu0/JCKigp69+59SK8tDq1f/OIX3HfffTz++OMsXryYkSNH7ioOO8q9/vrrPY5RuiMZEUIIIYQQQgghhBBHjUgkwty5c5k7dy6RSASAtLQ0AKLRKAChUIgzzzyTM888s8vmyF+kP/zhDyxcuJCJEydy4403HpJrikPvrrvuYsGCBSR2e7N48ODB3HHHHZSVlR3GlX0+ZsyY0eMY2flFCCGEEEIIIYT4MgnP465p05hZ9Q8e70HVzGlM+4dOrmLmtLuYFz7Qsf/4Gv8VRCIR7rnnHmbPnk1FRQU333wzs2bN4uGHH+bhhx/m97//PTfffDMVFRXMnj2be+65pzN8/aIsWLCAW265hYULF3b5esGCBV/odcXh8c4777Bt2zbC4TBXXnkllmWxcOFCWltbD/fSDhkJVoUQQgghhBBCiC+dSqqf6S7ErGLmjEfZcDiWJA5YR6haXV3NlVdeyW233ca4ceMAqKqqYs2aNYRCIcaNG8dtt93GlVdeSXV19Rcarj7++OM88sgj1NXVdfl+XV0djzzyCC+88MIXct1O4XncNW0mVXt9bxp37fGgH1D4XzWTaXvOd0RI/lJh2p5/7prHAf1OYn/C87jrAH+5sWTJEurq6mhububYY4/l1FNP5ZRTTkFrzdKlS2lubv5nV3NUkM2rhBBCCCGEEEKIL6GJEytYsDLM1Km7bVpctYj5U6YwZf78Xd8Lz+OuLmFrJdfedwdTC1PH/hcmVjzKo/OBKbdya5erhJl31wwe3TCFW2dNZ2jn1x1TXct9d0ylkCpmTruX+QAzprH51lmcu+MuZmy+hFu5l3tTy5ly6yymD+3mZva3xm6OV157H3d0HKyaybR7d93vPq9xBHnhhReorq7mxhtvZOLEiUCyOvSJJ57oDE47WgB87Wtf62wD0BFwXnXVVZ/rejZv3txjP8oXX3yRcePG0adPn8/12p0KS6jgURZVTWdox8+vbjMbKiupXLCS8NSpJH/iVSyaD1NuPcJ/yD3o+pwm/7uaMbOEWYfo4V2wYAETJkzghz/8IXl5eQDccsst1NbWsmLFCiZMmEB2dvYhWcvhJBWrQgghhBBCCCHEl9Ex46lYsLJLlVvVovlMGT9+1zdSgWTFrbOYNWsWs2bdx7WVG3j0f3erjtvwKAv63Jc83iXUSYWoFbcya7dQdcHE1NhZs7i14lFmzKwChjJ91q1MoZJr79stMJp/L890zH3ftVTf283r/z2uMVmFu+v4rVQ8OiM5T9VMpt0Lt6bWk7zGgbYjODzC4TCvv/46Q4YM6QxVN2/ezCOPPEIkEqG8vJzy8nIikQizZ8/ufA1/4sSJDBkyhNdff51w+PO9wblz5x7QuC+2JcBQxk+B6h277q1q0XymXHIJFRs201lHG95BNVMYf3TnqnsoZOolU2D+okNaYTt16lR8Ph+2bXf+ufDCC8nPzz+Eqzi8JFgVQgghhBBCCCG+lIYyvmIBKztzqCoWzd8jcCqcyh2zdq+MK+SYiZV7zFPJxGMK2VPVzBk8yrXc13Fy1Rwe5Vpu2q1Cduj0W5ky/5l9B5mVu40vnEoyO9ojOuphjeF5zzC/8lrO7Tw+lOmzZjF9aJh5z8xnyq3TGbrbXDddC4/OOfJeAO+wdOlSAM4888zO7xUWFnLGGWdwxhlncPfdd3P33XczduxYIPnKdoeOczrm+Lzs+fr/vlRXV3+u191TQZ9KNmzuWEuYHdWV9Cn4/+zdeXgU153v/08vEloQSwshMFsTEEY4+BmEx4BpIDjYJNeeeJlfEMuMA8mMk4sJ8LMSJoxNwLE95BLjCzEmk/ySxww3iGXuxE5iPzGOYwKSDdiAJ3YMRhgjgTCbWhgE2nqp3x+9t1pStySkFnq/nkdx6DpVdapO9amqb3/rVL4mz9yj4GFTVaGTo0ZoQKDUW0/F9Th98+UiH80PBf4v6a2nHtFTb70Vmv7UW7rkH54g1vqOvRT2aH97BxA+9lLEUAHB4RCaPO7ftvGKv/zlL8vj8ejixYuqr6+Xy+VSVVWVLl++LIfD0WJw1ePxqL6hQXX19TH/GsJehpXsGAoAAAAAAIAeKn/ycO0KDAdw7ID2zJysRZIONCkZ9qi+JI2a1vKC96zVWkmjFo5X8Gn8c6elk3tU9MiWqMKjtLC55QwfrPCQ7YARo6SSc7qkwTEKx65jVcVJafgcNQ39VqnipLRn7SPaEz1pZrNb1uUqKiokKTimquR77D/88f7du3fr448/Dk4LCMzT0RmrgXW15kYHVnPGT9OoLQd0bFG+8i99qBJN0+IcSSNGac+BY1qUn69L505r1LT7fcfDsZdUtGW4Vm5drXz5ApsxH6dvttwAvfXUWp1euF5b787xZ0A/pRFhw1Cc3FKhOVu3apH/+CzavFDrt25Vjj/T+tVjd2tRvi9wu/b0Qq3ferdy/NndT70VNmRFi3w/EmjmSv+PBMf00trTWrh+q68ex17SI2tf1bG7w35EaIctW7botttu03vvvaeKigo99NBDyszMVGlpqd5//309+OCDeu211zR9+nTdcsstMZfx+eXLqq+vjzmtb9++6pWa2gE1vfEIrAIAAAAA0FPlT9Zwf8BFB/Zo5uRFUsTDxKFg5Sh/8OjSW0+pqLUnukct1PrF0uaizXprfNhYp8ExVTtSG+vo1x3GVA3XWnbohg0bghmpY8eOjTme6o0OcDbnRr04KyhnsIarROcuSflVFTo5fLLvWBs/TaNKzumSBujDEmnaYv9oqwf2aNTC9cFgY/79CzWqyB+YDVvssQPhQUspf9FWbZWkS2+p5OSo4PKUf78Wjiryj13s+2jUwvv98w3QiFHSqGn+HxtyBmt4cA2X9GHJSc2cs9r/3fA92r9lV/jYsJGa/CAwKiw7XPlatHV1aOnnTktha2urzz77TK+++qpGjhypgQMHauzYsfrss8+0bdu2YBm73a5BgwYpIyNDb7zxhiZMmKCxY8eqV69ewTIWi0WZmZnyeDxyuVwR6+jVq5fS09PbXdfOQmAVAAAAAIAeK1+TZ67VgWOTpT0zNXlR1ORjB7SnLcHQ4YOVk5OvOTO3aO3mtzR+9d3KGTxc8o91GfeyTp/TJeUHy8fMPm2ljqEs1/yo6b5AV8m5S1J+x4Z6b6QBAwY0O62ioiIYVF2wYEHEcAFSKLA5fHj7g2zh60y0/A17gZXyNXnmSR2oCowX7D+gc8Zrmjbrw0uDVXFyuCbnSL6hAqSTe4oUmUQ9yheYDf7bV27UtBj7vapCJzVcc9p9+DSXPT2z2e9Lyz8IRL4kbtSo6OE72ua9997ThAkTNHDgQJnNZt11110qLy/XuXPn5PF4lJ2drZEjRyojI0NZWVnKzMxURUWFbrnlFuXkRG5FZmam6hsaIgOrJpMyMjIigrDJjjFWAQAAAADowfInz9SetWu1Z+bk2I8Jh7/459hLKgpEa+JZ9qKVmnlyiza/dcmfzbdHa8MHczz2kh555KXmX7hzcouCw51eeku79ozSwvtj1LKFOubcPUczw5cTHPtSunvOTJ3csjlsvMnAtOR9e1UgKBk+dmpATk6OlqLZ6gMAACAASURBVC1bpmXLlgVfbBUuME90kKs94n1xVVvLJ2rAiFE6fe6Yf3zVwKc5Gjz8pCo+PKfTweM8R4OH+7OcAy8v27pVW7eGZViHlQuN3RqxMo3SaZ1r9+HiC/LPXLk1qi5tfHT/2KvacnJm8KVsq+d0TCD9008/VZ8+feT1euV2u5Wenq78/Hzdfffduueee1RQUKD+/fvLMAy53W717t1bFy5cUF1dXZNlmc1mZWZkKDXskf/0tDSlpaXJZDJ1SH07A4FVAAAAAAB6svzJmilpZqzXpOcv0sqZe7Q28BKcXSO0fuVM6WT4S69aXLgWrQwEL3N09+qVmrlnbeilOmullcHgkS/bcEtRWGBz1Expl79s0RYNXxkd9IqnjvlatH6hTq8NvMinSFuGr/SNXZm/SOsXSluKQtNKpsU7rmXXCLyUKlaAsqKiQhs3btTGjRtjZpKWlJRELKO9jh07ptLS0oTmKS0tTTjLNRE546dJFQdUoWkKf6da/uSZOl1SorBoq/Inz9TJLa8qFLt/KmagP3/yTGnPgchyT72lSznjNW3USZUEvgzHXtWWk7Ff5tZKrTV+2ijt2RV6mdWxl1p+mVbrAgFf//irwVUN1nCF1/lA0zGGY7h8+bJMJpNcLpcaGxvj/pOkmpqaJo/8S1JaWppSAoFVk0lpaWkRgdbugKEAAAAAAADoSXLu1uqtd4d9kK9FW7c2++/8RVu1NWqIgNDk6GWFjT8Z+iCsvG/Z0SMOxFrXpbckaYTuXx2rfCJ1VIxtDp+0Ws1MSko5OTm699579cYbb6ikpCQiMzV87NTTp08rPz8ULA+80Oree+/tsIzVDRs2tGm+tWvX6t///d87pA5N5AzW8D1btGfmysjjZsAI6eTp0Hiokj+w/pSKHnnE/8EoLVwfI0u0SbmZWrnVN/TE3atXquKR0HACM1dubRr8j6fad6/WyopHwl7uFlpHwvxjvW4pekRbNEoLVy7UqLX+sWdz8nX/wlEq2uKv88yFWjhKai3UffnyZVkslpgB0paYzWZdv35dbrdbKSkpTaZlZmbK1dgoa0pKt8tWlSSTYRhGV1cCAAAAAAAgnO8FVNNuwMuuur/a2lo9++yzOnPmTJOxVAOZrNGfbdu2TcOGDdMTTzyhjIyMDqnHr3/96za9CGv48OExX6qF5PXnP/9ZJ06c0IQJE2S1xp+nefToUfXr10933XWX+vXrF7PMlStXlJqamnQvrSoqKmq1DBmrAAAAAAAA3UhGRoaeeOIJPfvss9q2bZsOHz6sr3zlKxo7dmwwoFpbW6uPP/5Yr7/+uj7++OMOD6pKihkcraioiBhTMz09/Qa+rAqd5fr16zKbzfJ4PAlllZrNZtXX18vj8TRbpm/fvh1RxS5BxioAAAAAAEA3VFtbq9dff127d+8OBjMDgdPa2lpJvsDm7Nmz9fDDD3dKnQLZsQHRGbXonsrKyrRp0yY1NDSoV69eysjIUFZWljIzM5Weni6TyaSGhgbV1taqpqZG169fV319vbxer+bMmaMpU6Z0aFC/M8STsUpgFQAAAAAAoBurra3V4cOHVVFREXw0f/jw4RoxYoQmTpzYqQGt2tpa/eIXv9CRI0dUUFCgRx99tNsF1ACJwCoAAAAAAAAAJCyewKq5E+oBAAAAAAAAADcVAqsAAAAAAAAAkCACqwAAAAAAAACQIAKrAAAAAAAAAJAgAqsAAAAAAAAAkCBrV1cAAAAgUcZ1pxr2bZK7/KCM2sutlfb/13Sjq3UTMMncd7DSH/hfMueM7urKAAAAAEmNjFUAANDt1O/ZINfR11sNqhqGIV9AlaBqfAx5r3ym2pe/19UVAQAAAJIegVUAANDtuE/tj6sc4dS2MWoudHUVAAAAgKRnvX79elfXAQAAIDGNcV6/mAitthXXiAAAAEDLrL5H5AAAAIAQrhEBAACAljEUAAAAAAAAAAAkiMAqAAAAAAAAACSIwCoAAAAAAAAAJIjAKgAAAAAAAAAkiMAqAAAAAAAAACSIwCoAAAAAAAAAJIjAKgAAAAAAAAAkiMAqAAAAAAAAACSIwCoAAAAAAAAAJIjAKgAAAAAAAAAkyNrVFWhWWbEWbyiVfd7TWjEtu+WyzhKtW7VfU55eodaKdui8ncBZsk6rtpc3nWCfp6dXTJOvymUqXrxBWr5Z88cE5hmq5Zvna0yzy2x++o1XpuLFr2hYku7zTuMs0bpV2xWjdX0cy7V59oWkPj4T4ztOS2NNcizX5vlddDQWL9YG+dbvLFmnVWce7Jq6lBVr8SvDwr7XnV4BFS/eoMpm+9zWpre06GL5uqh4+5ywYyWir0sS/vNTU4529qtJvt3dWMqcN5Q2LKvphOrXVPPSMx2yjrRF+5Wi5pb3pDKK7pP+OkW1uztkdQlLmfOG0nJOqP7Fx+TqgvU3ez0T1f87S9Zp1f4pN+D4d6pk3SqdedB3rdT9dWyfnch+79JzZbfW3HWQXfNuius8AAB6piQNrDpV8kqpHA6HSrfvVtm0GxgAzJ6mFZun3aild4wYQaey4sVatU7NXwDbK/XKuhJ9K3p6WbH/xmbojasv4hNx7DV3wzcm+Y/PhMS6efDdaKwb1oaAXQcYM3+zNnf6WpPY/l+pOHdF1HHoVMk6382gvTPqUHZIpckeWIxRP2fJOq1aXNz24Gp32O7urEkQtVDpjy1X1iJ1WHAVrWhyPeM79y0uDn2ePW2FbqrT3o3WQX02+72zNL0Ocpas06pVxcrtsoQHAADQHskZWHUe1f5yhx5ccYdUukGHyuZrTNSVRlnxYgUShuwOR/gUXzbk8inav8GfDWifp6dX5Gp38FfisIuaiIxV/7zzhmr79sDvye3NQLoxxsyeJ/uqM3JKzdyAT9GUoft11Dkt4uKt7JA/YB0zbTCJRGWEOZZHBhzD299fwHdTFiszzlmidavO6EH/Z5FZM0meJRB+fMq/HculDYGND2a1BjJfo47XVvZjchij2fPsWrX/qJzTAgEl3812qJmigk1R2b7BzHZnidb9SpoydLu2l0pyLNfTw16JysKJzPAOZKw+PewV/3GxQYsrfetzFi/WK8OWa8r+Df66+I6X3N1h/U9ENlBUNkpYEMGX4TNF8yq3B7crOG9YO61afKZL+5yhU6ao8lCZIjpd51Htl0MOe6kqpdiZ/glkpZYVL9Yrw+Zp6PbtwX3liMi49+2gVYu3+z+POh66MMO5JdnTHpRj+yu64JTGZEutHQ+/0pTgPrjjbrsOvRW93dH9Vfj3u0zFiw9p2LxKbd9eLtnn6fEp+/X8mQe1XBsU6iI2a/aFsGVE7Luo/arw4zmO82Fz38Ng/WJve/LYqboX85RRdJ8yZj/jzyT1BVutaaFSxpkNurZrp+8fBS+q98wCmWJNkyTdpoyi/bL4/+WJzlC9ZbuyivyhrvojUdmjvqzWwLzRy05btF8ptrBlhQWK0xbtl/n6EZmHFcikGrn33Ku6I+HLq5GnOvE9dONla9qK5TqzeIOK7wg75v19tqK+J7G/F9Hn8VjHXnboWN+wOCyLs4W+Jfp8Mn689GHfiO/AjcuujV9cfXZAk2z70Hc6er83d74K7fvQuTJbLbVJHH1Ja/Vq7twZ2NyWjoducB2UPW6K7DoT/Hf4kzSSIs+5zthPTNjnPa0Vububn5a0F7oAAHR/SRlYdR7dr3LHgxqjMZJD2nCoTPPDLhjLihdrQ+U8Pb15mrIDF8Wya0qwRLm2vzJFT2/erGz/BfaqxXbNe3qzNmf7599dpmkxr6zKtX1/YF7fsjcU35GEN4StG3fHUP3qqFPTwm50D5U6dMdyJXdgNRig2ey76HaWaN2qdSrxXyhHtn+gfOCm7A45FBmMDx1PYTcOm1eE5u1WWQKl2nBouTZvnu/fLxu0uNTh31e+4/WVktlhwbrm92Py8m3H/ilPa/MKfyi0eLFWFef6v4dlKl61XUOXb9aKMfL9e/EqFedu1vxsSeXbffNu9odoS+Jba/a0FXpakY83OiWVb39FU8L7jlWLZZ/nX35ZsRZvCGTVhwK2m8eEtmNdSdgNTel2nQlMLyvW4g2/Usm4FZo2Zr42L1cXDwXglztOU/bvVpmvB5bk+w5pyoMatt9/k549TlPs27U/rH8pO+QbuiXe71H59v3B/eosWadVG4p1x+b5GjNthTbnhg+L4O/jhy7X5hVjFCvDLTm1fjyE7wNJ+ubtkcNBhIZtWRHqvyIyYku1/cxybd4cCNbu9/0YuXyzfF3EOq3asFilDn8ZZ4nWrXpFJbNXaFp29H4NrM9/TGZLLZ8PW/gejonju5A0npG3+j5Z+xZKki+oWvuaal70BSx9Qwh8S+kFO32BypkF8gaDpU8qo2i5MmbvDAVPbdky9kxRzRH/vF/crrTd81Tvn2yxSa71U1QvXzA07bEXpRcfk8sfVDWf2aCaXTuDy+49R7q2a6cvqJpxRPXr/YHY2duV9cXwgLBkGWYLLlvRy/MHhIMVSSpjdIdDeiX0i0SE6O9Jy+dxX6Zm5byntTkscLqu5GmtWPG0FPFkSBx9S8T5xHdch64vnDq6v1yOB1ckf58t+c85lZr39OawgOeG5q9xmztfxTpXtnpt1UJfEk+9mqtLtvxPYoX6yYh1d5PrIOfR/dK8b8V3/hwz33cNGJjXf554cFq2pJamAQCAG8VsGIaS6++4dm8vl2NingzDUN69c2UvfUX7qkLTD5VKjgccshmGDMMmxzfnyi4FlyGFT8/TRIckxwNy2HzT8yY6pMrzqgorH3tem/In2yPKdv6fJEV/VqV9v9qucsdE5YXVW9Hz5E3U0P0fhep+/JBKHROVFyzede3c/PqrtO+VUjmWzQtum2Fz6Jtzpe27j/vab96LevH7gTbybacjuP2+9i49dDy4vI/2B46n49q9XZr7zfB552mZo1Sv7Kvq0v1hGIaMiDaMva8ku+bem+ffL/mabJfsc+/17yvf8Vp+piqu/Zg87e77ztsn5/va5fhubddcfdNhC5bJm7dMDn8/ULXvFZXa5+revMD8eZr34oualxfaR5PzbWHLb/odivi+KHx6VFnF6Dvk0AOBuuVNlEOVOh+ol2NZsB6Bvknbd+t4YNnh9c6bKIfKdaaq+Xp2RfvIsCl/cqUOHQ98XqWP9su3T4P7zX+sBfuX4zpUGr3fw/+i+pyo/WrLnyy7fz822RfHd2t7uUPL5uVF7NfI80Jn/8Vuq+PFG1Rqn6x8W7zHg69s7OX6z4Vh32Gb45uaaw/1V5KC58rg/GHHmG+/RvcZgWPOJsf3X9SL80Lz+8rHdz5s6XvY+rZ34PHaATzXa2TKzJMvg3VKxLAArk9OqPk1PaPa9VEZqdX7VHckfN5smQrC1vXXUJC1/i9HZKTlyVogpcyZLkv9ETUEM1SfUe1fy2Ua9qDSJNW/NEU14dmtuz+SJ7o61R+F4qazb5NF5XIHlnfkMTWcqYlrf4TrjO+NYRiyDQ2cu6LLKep70sp53N9fBPto/3H+/cC/fRsVd98SeT6Jur6o+kj7yx2amJfofujg70BcfbZvP7344veD/W7w+jjm+U8JnK9av7aSWri2jqdezdbFd60Tug4KLG+e8pL2Oqhc21ct1uLFob9V28vDjn8j6rok1NZNlle1T7/aLs39Udg2xjONP/74448//viL+y8eyZexWnZYpfa5+lHgZ9vscZps36EDgcwo5wVVyq7J4T++Zue2OmKofWg3/rW2dKMei84wtc/Vj+a19tv2GE0c+tvgcABlh0vlmDhP0uEbVNGO4FRluVS68bGmg/s7okqW/EQ/3FHeZPKYiQ5p42GVzRujMc6jOlDu0ANj5D92ylX6w8e0I2rR9rkduxWdaWhurGM7/v3Yucq1I+b+/5G+78+ocF6olMpL9cPHmpTSXEnOynJp6ANdlyFkHxpz3U7fDm/6Xe3aHd4m2eMmq/IN/6OlzqM6oMn6ZrZ0NKqMfUelbzgS5wVV2ifr3hvQKM4LlZJ9cuQ+j6PPv+HKd8Q4Rh1a9qIv27SsvcdDrHOdspWb8IYPVcwuIkzZ9se0MVhPuybHU70Wvoc3w3ch8rH7QEDyGbnOTFfaF/cr64tqw4uvamRcCvvnkXPyziyQKUeyZGZJteciXyp1qVqGbBFLiH4JV5PgaqBc32yp/kTEdNcVp9JyEqhuMmrlPB6zv2h2UYn3LWMmOqTfXpBTY5TtrFS5Y2JSPO0ST58d5CzRT364I/TizPZ+LTvq2qpN9fJd6wx9oDtdB9k190ffj8yYLduuxzb+ViX3fj+BTNoybf/hDmnuj2LM09I0AADQ0azxRmA7h1Mlvy2VytX0hrX8DZU55irPCP/VNrJI5GdR05tEmyMj0M3Na4T/Kt/ezWsDw5DkWKZNc/NiToysk6/e4XXOmzhUG98ok2OudLjUoYlzDRknmpu/c8VqwwDHsk2KvcmGnCXPafXOckkOLdv0PeXphHYs2ahgu+VNlEMbdbhsrmznD6jc8UBYZq9dhU99L+aFZtd+F4ywDIXwj8OOT0Ufq03nif5vS/uxa0Tu/xM7lmhjaSi7yFc3SfZCPfW9WI/EGwodvjG2Icb3ufnvcOS+jpwnqmSsviPW9Ba+q8646tF1fU2IIcOWr0mVL2lf1fc07ugBadIiX6aRFOpLbfmaZN8R/J5FlGl20c3st2b7YUNqoQ9uqQ+54Zo7RsPr2ebjoblzU9g64jlfhU0I9hVh8/i+f/5t2TRN2c4SPbf6YFznw1BVmu3E4zxvtZ2p9SJxsWRmybju61mCAdV6/2P3BS+q98zQdrh23RvxKH5W0X0xxlnteKGAarlc6+9Vvf9R/xutI88VzfWvki8Ybx9iU8T5Ldb3v5XzuG/ol+b60cjjv6Xru9jnXPmuL8p/q4+qHBp0uFSOiXO7+NpBirvPdpboudU7VS7ftcH38vx9gNT6fg9flxHVlq1eWzkj5vVXKbT8BOrV8rkz9t5JvuugGP163j0qtK/WgY+q5Ajbic2fI50qeW6jSh3LtCns+smnpWkAAOBGMHd1BSI4j+pguV2FT23Spk1hf08Vyq5SHT4hKXuQhqpcZ8NfwuA8Hzk4P0LyJspRelgnThz2DQPQ1fVplU1D7FLleWcz0506erBcjmWbtGnT3Ga2x/+43uESX9mJ/lKxjp2bVmv7MTnkzX1KhfZSbXyuRIGaZg8aKpWfVXPNZPNtmJJty5K1Xm2TrXGTpINHT+joQWnSuFgpL9kaN8nu/541V6YDahLreOgGfX67j4eY/ZVT5ztsw0/ocKn/fBvzR4yWtbR93eu78KTMNsl7Zaf//9fIvSfqsftYds9Tzfopqj9TI1POdKXEta4smcIzRgsGy+zPYvVcr5EyBkcuJ8fmDx4XypqTJc9fp6hm/by4hkl1XXFKabbgi7AkfxZrUjqhw6XS0EFx1K+V83hr549Wy7bat+RpoqNcB4+W+H6sTpqLqtb7bOfRgyp3LNOmTbEDjW1fdfuurdpXr5audbrHdVC4uL4DkpwlL2lnuUPLYuywlqYBAIAbI6kCq86jB1Vun6Qm14PZ0/SAQyo9fEJSnu4ptKv0t4FAjFMlL+1UeZOlwSdPEx2l2rixNBRgTGrZmvaAQ+U7X1JJ8FrYqZLnlui50AdhF8r+X+ajlpI30SGV7tTOcruGBJ+k9B87G3cEsx6lE9qxZIl2nNBNJr792PWyNW1RoezlO7U60Ah59/iCreGNcmKHlizxtVv2tAfkKN+pPwYnt7xdvpvngzrqn+ws+W3TxwI7Ykv89XoprB7Okue0JCxo3J1kj5sk7dyonYrRJ4eVsZfubLFMuzU5Hvx9vuOBpH7Esf3HQ9P+KnDD/ECHbXh4MOSEdqyO/1za0vew+3wXCpX+2H2yVL8WNk5qePDT97KqUGbsk8oo2q+M2aH5rTlZMi7tazkIG8Yy+kV/8LRQ6VMKZPKPyeratU+etAL1mlMYWtcX7TLOvBIMpJr7Bqb5693Sina/Ine9XdbA8gpeVK+wIQSSRyi7Lr44UCvncX9/8duwY+/EjiVaEusk38a+JW+iQ+U7dybdj9Xx9NnhP3g4S54LGwKkPTrg2qrN9Qpc6/wxtG5niZ5b8pxKnN3lOkjSiT9qZ3koUG8bYpdKDwe36cQfw/rmEzu0eqdU+FSM5IKWpgEAgBsmiYYCOKE3dpbLXrgw5uOkowumSj/9rUpmFcnhKNLSyu9q9RLfo3dTCwtlLz8YGqBfinhUssnji7EesWxu3uDkLhoKIKxuLZUKr3d0nUcXTJVKpYLR/u2KeLy8KxgyVK6dq5co8uFJuwrXFMkxulBrCtdrTdh0e+EaFTlsMgzJsbBQB9eslr/5NXXpGhX+bo12HipT4Wj/peToAk1Vqd62T/K/9ML3sc1/7GxcErpqn7r0Bc0d3fxjZJ2jmcd+w49Phf1/I/Y8EcdLi/uxa47m6O+XJMnmUNHSSn33pxv13JA1KnJky1G0VJXf3ahQM03V0hfmarRhyNBoFa4p1Po1S7QkOHmpXnDYFHriMGwdowu1dOp39VP/frAXLlWh/aeqDHxfwvoHW/4k2Xdu1JJS3/rCH4cMLNf3n6hHqw1DhhGoV+jYlL1Qa4p8L+wIVS3WvPIds+U/1eolB33fg04PGkbVx5avSXZJk/wvFQsdjKH90aRMc4uO3G9N++RQuaZ9lE2OojXS+jVaEmjwqUv1QuHornvEMa4+NNHjoelybY4irdF6rQltuJa+UOj/HsRxvmryCG14nzFahUun6rsbl/h/aLCrcM1STV3zUx08WiWHo7Xlt/A9NGwtbnuXDQVg8z26H844s0E1ES+Muk1ZgTFUVSP3ntfkmXmfLKMLpSPR0+UbZzXuYQBq5L5kU1rRfqVJvuEGgmO0PqPa9VJG0XJlFS0P1i0wxEDd/unqPTM0zfPXDXKPXi7rLU9KijXO607VvZgXtrxyuc/UyJrgGKsdOhSAJJWG9+s+9sI1esGRHVxX+HEWXo/Av1o+j9v854/oY2+0DEPKn2TXzo1LVDp1qV6Ym9dy3xLdLwX4ry9U0IV9kKRE+2ybY6EKD64JXjtr6lKtKfyd1uw8pLLC0cHRfGPv98h1RZ8r81psk5b7kuwE6hX73Om/1gk2om/dDpshw5aM10HNX/+ODvb9vn0S2J9Tly7V1NLfSYahskO+z5osY+pSLVXz014ggxUAgBvGdPny5WSJrAIAuhWnStdvkRZ2RSAYPZ3lV1/t6irc9Dzf+kNXVyEJndDOpUdU8NNCsgIBAABuck8//XSrZZIoYxUA0K04j+mgJukbtqiMLgA3Ba4RYzhxWG/fVaA5XfbUDwAAAJJJUo2xCgDoHk7sXKZlPzqoSd+YmvCLjwCg+3Hq7eeXadkmaUkhuaoAAADwMTmdTn5wBwAA3UrKS/e1Xgjt4lr0WldXAQAAAOgyzz77bKtlyFgFAAAAAAAAgAQxxioAAACa4BoRAAAAaBmBVQAAADTBNSIAAADQMgKrAAAAaIJrRAAAAKBljLEKAAAAAAAAAAkiYxUAAABNcI0IAAAAtIzAKgAAAJrgGhEAAABoGUMBAAAAAAAAAECCyFgFAABAE1wjAgAAAC0zXf3f07lqBgAA3YunsatrcPOzpHZ1DQAAAIAus+bMHa2Wscpk6oSqAAAAoFvhGhEAAABokVXuhq6uAwAAAJIN14gAAABAi3h5FQAAAAAAAAAkiMAqAAAAAAAAACSIwCoAAAAAAAAAJIjAKgAAAAAAAAAkiMAqAAAAAAAAACSIwCoAAAAAAAAAJIjAKgAAAAAAAAAkiMAqAAAAAAAAACSIwCoAAAAAAAAAJIjAKgAAAAAAAAAkiMAqAAAAAAAAACSIwCoAAAAAAAAAJIjAKgAAAAAAAAAkiMAqAAAAAAAAACSIwCoAAAAAAAAAJIjAKgAAAAAAAAAkiMAqAAAAAAAAACSIwCoAAAAAAAAAJMhqGF1dBQAAAAAAAADoXqzEVQEAAAAAAAAgMVaDlFUAAAAAAAAASAgZqwAAAAAAAACQIMZYBQAAAAAAAIAEkbEKAAAAAAAAAAlijFUAAAAAAAAASBAZqwAAAAAAAACQIMZYBQAAAAAAAIAEEVgFAAAAAAAAgAQxxioAAAAAAAAAJIgxVgEAAAAAAAAgQVYvkVUAAAAAAAAASIjVy1AAAAAAAAAAAJAQXl4FAAAAAAAAAAlijFUAAAAAAAAASJDVyyCrAAAAAAAAAJAQXl4FAAAAAAAAAAliKAAAAAAAAAAASJDVy9urAAAAAAAAACAhVmufgV1dBwAAAAAAAABIHtdaL2IyDFJWAQAAAAAAACCgqKio1TLmTqgHAAAAAAAAANxUCKwCAAAAAAAAQIIIrAIAAAAAAABAggisAgAAAAAAAECCCKwCAAAAAAAAQIIIrAIAAAAAAABAggisAgAAAAAAAECCCKwCAAAAAAAAQIIIrAIAAAAAAABAggisAgAAAAAAAECCCKwCAAAAAAAAQIIIrAIAAAAAAABAggisAgAAAAAAAECCCKwCAAAAAAAAQIKsN2KhV65c0dWrV+V2u2/E4gEAAAAAAAD0cFarVX369FHfvn27Zv0dvcArV67o2rVrysrKktV6Q+K2AAAAAAAAAHo4t9uta9euSVKXBFc7PPJ59epV9e3bl6AqAAAAAAAAgBsmNTVVZrNZV65cuTkCq263WxaLRYZhdPSiAQAAAAAAACDIYrF02XCkvLwKAAAAAAAAABJEYBUAAAAAAAAAEnRDBkJlGAAAAAAAAAAANzMyVgEAAAAAAAAgQWSsAgAAAAAAAECCyFgFAAAAAAAAgAQRWAUAAAAAAACABDEUAAAAAAAAAAAkiIxVAAAAAAAAAEhQUmasntjxXf307RgTrFkakjdJ9/z9PZqYm9GudTTPqdL1a7RThVpT5FB2u8t1NX89hyzVC3PzuroyAAAAIgHgBAAAIABJREFUAAAAwE3hhgRWO0a67JMKNCSshnUXjunYiTe15ZmD+uCff6BFt/fpuuoBAAAAAAAA6LGSOLCaq0lfnStHdCpo7VHteOZnevul/095TxY1nQ4AAAAAAAAAN1hSDgVg+P/XMAw1WVR6vgr/eYaOPL9Xv9tzSlP/3u6fUKvKg7/Rb/7wocqr6+SWZM0aotu/ukBzHEMVHDigtlKlu7bpDx+cVY07VpnAOl2qLXtDO3f+QccuumVNH6jb/25hzHLOj/6vXvqPt1VRJ6UPvF1/t3COHEMjhyqorTyo3/zmdzrySY3csiprdIG+9vDDmhRRLp5tcKp0/VPaNfQb+q71D/rZ3otS1p1a+MQ/6PYM6erR/9KWbW/rkxq3rAMLtOB//p2/ngYvFQMAAAAAAAA6SBJnrLbA7tAs2179/pNyOWVXtqQLf3xe635frSF3PqwFBTal15zV23/+g47sel516Wv0Pyf2keRU6c/WaVf1aM14+BvKt0nVR97Ub3atU6X7CT35pdzQOs7+Ts//LFcFDy/Qd2xuHfv9Tu3d9bzU539p4e0pEeV+9ss+yv/aAn0nq05H3vyNdq07obPfXaPCPF+52hM79ewLb6tuyJ16+BsFsrk/0d4//Fnb1h1T+XefUGGeL2Qa3zb4Hdymn+VOUuF3vipXdbrsGdLVwz/Tmv84Jg2ZoQUL8qVP9ur3L2xR1o1vEQAAAAAAAKBH6Z6BVWXJlivp2AVVS8pWuT54u0ZZU/+nHi/Mky+cOU7jCnK15V9+qSOfXJAm9pGcx3SwQrrzO0v19+P8ixqXr/S6J7XrgxNyfik39BIqt01ffeJfdI8/1jouL101//JLHfnghBbePi5UFbdNX33iyVC5iXnKfeZZ/f53BzWryKFslesPv3xbNSMe1uqiL/mXP07jJhXod8+s05s739WXnvyScuPdhuB687Xgu4WaGEx4Ldd/7TomjZijJwIv0xo3TuNH/1pP/XtFR+58AAAAAAAAoMdLzqEAjND/ib2odGX1l4LDBWiEZq3+sWYF5gkUs96i0UOkI7W1ajQMpWRlyWaVjvx+h/KzvqrxQ/soRekq+Kf1KgjO6597yFRNGBi2/sCyLlSryjCUHSg3epbuDC+ngZowdYh+//JBHbsyVVOrD+vdOmnCrLtkC6+bhmjGrNF6s/jP+uD8DM3KjXMbAlNG5GtEeth6L5zQh3XS+Fl3RqwnPX+WZtne1e8NhgIAAAAAAAAAOko3zVi9qotnY33uUq3zgs5evKiLJ47pgw8/1CcXJalGVyVlp9yuv1swXhXb3tF//OQdyZoum328Zs2apQn5uYoYFdWaEmsFTQ20qU/UR9lDRkh6XxeqJblcqpNNQ3ObLq+PbaCkT+S8Kik4CkEr29BcPa46VS2bpjZZT5ZsA+PbFAAAAAAAAADx6aaB1WpduChpxFDZ/J84j/xSm7Z9qGrfG59k65OrERPu1Pj39+r9sDmzC/5JqwuuqvLYh3r3z2/ryCfvate/v6vfjJijf318avOBy4Slq0+6JFf8c8S7DYlJkTW9zTMDAAAAAAAAiCEphwIILkfNDAVQfkTv1kkDC0b5Hnu/+q6K/+ND1U14RD+cXyBbMGnzgt58f6/elxH5eL2yNGTsXXpo7F16SC5d2LtJa1/+vfaeuksP2eUvFz1P088NSaq+qlrDUHjssvpshaSB6p9lyKhNUbqqVXmhUcbAyGzSq9UXJQ1Rrs2QcSX+bYhZvyybbDHX49SFCkljO65dAAAAAAAAgJ7O3NUVSFjdMe361V7VWcfqKxP8z89fLNcnksbfGR6QlHT2Xb1bHfqn69jL+tHKVXq5PHyBKeqTFf0wfwI+3huxDtV9ojffPCuNLtDodEn2CbozXXr/zXdUHTHjWe198xMpa6xG2+Lfhmbl5mtCVtP11H2yV3vjmR8AAAAAAABA3JJ4KICLevf1XTobVsO6ix/qw09q5FaW7lryDRUE4qEDR2us9R29+6ufKH3O/RqbVafq9/fq1SNn5QqbP2X0eI217tXeTT/R1a/M0J1DslRz9h3tff1DWUd8XTPsbahmVrXe/Lef6OxDX9aElLPa+/pefVw3Ql+ff6d/7FW7vvKtu3Rk08v6t5+c1UNfniCb+xNfueos3bVkloYksA3NG6JZ37hL74atJ73mHb36+w9V04bNAgAAAAAAANC8pBwKwDd3nSrefUcVYZ9b0/prxIT79OX7ZynfFraerAl6ZHmt/nPrq3q7+Ofaa01T/xF36v/53rdle+dH2vjOJ6psvEv9U0bp6ysfU/+tL2vf68V63z+W6ai7HtXKh/LV3zB8ww/4a2FEDAUQ/bn/3+Pnafmo9/Tz/yzWu/VS2ogJ+sdH56ugf2gYg7RRX9fK743Qyy+/qpe3viu3rMoadZf+8dGvqCA3zbcdcW9Dc/ULrOcW/edW33qUNlDjH/xHTXjv/+hP/vIAAAAAAAAA2s9kdHC07dSpU+rTpx2P1gMAAAAAAABAnK5evaqRI0d26DKLiopaLdP9xlgFAAAAAAAAgC5GYBUAAAAAAAAAEkRgFQAAAAAAAAASlJQvrwIAAAAAAACAZEbGKgAAAAAAAAAkiMAqAAAAAAAAACSIwCoAAAAAAAAAJIjAKgAAAAAAAAAkiMAqAAAAAAAAACSIwCoAAAAAAAAAJIjAKgAAAAAAAAAkiMAqAAAAAAAAACTI2tELTEtLU01NTUcvFgAAAAAAAACaSEtL65L1dnhgtb6+XoMHDeroxQIAAAAAAABAE+fOn++S9TIUAAAAAAAAAAAkiMAqAAAAAAAAACSIwCoAAAAAAAAAJIjAKgAAAAAAAAAkiMAqAAAAAAAAACSIwCoAAAAAAAAAJIjAKgAAAAAAAAAkiMAqAAAAAAAAACSIwCoAAAAAAAAAJIjAKgAAAAAAAAAkiMAqAAAAAAAAACSIwCoAAAAAAAAAJIjAKgAAAAAAAAAkiMAqAAAAAAAAACSIwCoAAAAAAAAAJIjAKgAAAAAAAAAkyNrVFeg4x/Xrbz+vfeEfjZyvf/vBDA1IYClVe3+sfy0+pZHzn9XKGa3NGVjndBX9fIFubX3hWvtEsU61oV6dJ8FtAgAAAAAAAHqgmyOwenybHn1+X9PPTxXrX79dmVCAcMCMH+gXMzq0dgAAAAAAAABuMjdBYLVKe1/2B1WnP65fLLg19PmPn9C2U/u0ftsd/s9jZGP6g7KBDNVYGauBz3xGasGzP1DMZNZARmpLZVrVNPN2+uM/1z/4N+v4tm9r/b7wz/zlA1mwYVmxC4YVa5t/QdEZuHFtU3B7FLVvAQAAAAAAgJ6t+4+xWvWR3jkl32P/EYG/AZrxg8c1XZL2HdLxti4+IgApSae07Ykfa29VdMnj+rU/CDn98bYGVau098dRwxlI2vf8tsTrfyoUVPX985fBOse3Tfu0PhBU9VVCv27rTgQAAAAAAABuMkmXserafHdC5VO+/C1f8G/YoBhjlt6qv50u7dt3RuerpFsTDnYe1+vFpxSe0RkISr7zUZVmBIcMOKPf/HiffPHdZ4PZpYkboBk/+LlCIxEEsm7bUv9AnQPLOKUzTkkD4t2mUFZsYPoZfyUSbSMAAJBcUha/1dVVAAAAALq9pAusJpWq8zojSSOn6DZ/UDNyDFan/7+ndMqf2jlsUMe8kirwyH+bBes8QLdNGalgBePepun6W3+AeMCgYZLCM1wBAAAAAACAni1pA6txZ1JU7dVISafOnFeVbtUAf5bnO1Oe1crbPtJvWglOVp0/0+66SpJGjtTIU6e07+W9+soPZsTIno1HILt0pBY8+3P9YkHg3y3N4g+UdiKyXAAA6J546gQAAADoON1/jNUBt+mukZJOFetftx2XNEAz/mm+VPyEHg2OETpMkYmkvkfrpSp9tL+FqOWAQRom37JfD4wvenybHv32t/XotvABR6er6Ac/0MPTo8omKjhebCCb1KkzzVTvjG8DVPXR/sRySePeJgAAAAAAAADNSdqM1fgN0IyHpmvb8/ukfc/r0RgZqiPnz5bvqfZsDRsp6dQpbXvi29rW6rJv1Vfmj9S+4lPa9/y3w14qNVILZt8qRb1S6tbZ8zVyX3HrWaunivWv3y6OrqT+7Z9amO6XPXSkpFM6VfyEHo1dpEO3CQAAAAAAAEBT3T9jVZJuXaBf/PxxTW+1oC+bdWTw39NV9HjLcw2Y8QP92/yREZ9Nf9z30qcYhfXP80e2PWs1MH9oRfrF49Ml+V4s5SvyT1oQUSSe7Y5eTQLbBAAAAAAAAKAJk2EYRkcu8NSpUxo8aFCb5w+M/dVx43ge16+//bzkf8M9AABAT9Xx11kAAABA1zt3/rxGjhzZesEEFBUVtVrmJhgKoDW36h9+/vOurgQAAAAAAACAm0gPCKy2zDAM1dbWqra2Vl7DUK9eqTKbLV1drZi8Xq8aGhpkMpmUmZGhjIwMmUymrq5Wh6I9kgvtkVxoj+RCeyQX2gMAAABAZ+vRgVXDMHTl6lUZhlcDc3NktabINzKCoY4dIKH9fPdbJplMktvt1uXLn+vzK1fUt08fmc03x1C5tEdyoT2SC+2RXGiP5EJ7AAAAAOgKPTqwWldXJ8PwKCcnR4ZhyO12q4OHnO1wJpNJZrNZAwZkq6rKqbq6OmVmZnZ1tToE7ZFcaI/kQnskF9ojudAeAAAAALpCjw6sXr9+XTkDB8gwDHk8Xnm9yX0T5mPIMHw3Y/369VXVJedNcyNGeyQX2iO50B7JhfZILrQHAAAAgK7QowOrHq9XKSkpcrnc8ni8SZ/dEmAYvnHYrFarvN2kzvGgPZIL7ZFcaI/kQnskF9oDAAAAQFfo0YN5WSwWeb2+G7DuchMmKVhfwzBksSTniznagvZILrRHcqE9kgvtkVxoDwAAAABdoUdnrAbewNvdbsQkdbv6xoP2SC60R3KhPZIL7ZFcaA8AAAAAXaFHZ6wCAAAAAAAAQFv06IxVKfIxvPbyeNy6fvWKLp2r1Im/HNL77+zRxc/OqtHtkTU1TYNHjNYd076sv502U31ttg6p982mI9ujM3XHOsfjRrRH4HHdcCaTKfjXEWiP1tFftR/9VXKhvwIAAADQ2Xp8YFUy5Hszb9tuagzDkMfVqHPlJ/TfpX/S0b+8r4uXqtRQe03yemU2m2Q1S4arThXH/lvlxz/SX4+8p68WLtAX8sbKam1bE/jqezPeiCXeHg0NDWpsbFRaWppSUlKaTPd6vaqrq5OkG/bGZdqjlaUYhmR4pIZLsla/pRTnH2W9/oFMngZ5MsfI1W+GXAO+Km+GXTKntjtgQXs0Mzf9VQejv0ou9FcAAAAAOheBVUmBe7C23Ix5PR59+tH72l38C53+9KSu1LnlNkzKTEuVS4Ya6z2yWkyymCWL2SxDHv1l/x5dvHhBjzz2/2rMuC8mvM6OypJJVq21h2EYamhokMvlkmEYev/993X06FFNnTpVdru9Sfm6ujrt3r1bKSkpuu+++4Kfm0wmpaamKjW1fTfGPb094luIW+arHym18hdKvfSaTO6rwUnWus9krd4vq3OPGoZ9R57sGTIs6W1eFe3RPPqrjkd/lVzorwAAAAB0ph4fWDWM9j0++HnVBf3pv/6Pyj8pU4PHrAaPSSlWi0yS0lNT5PGYVOf2yOPxymQylGKRrGaTTh37QLte+qUW/8uT6p+d3YZ6G2pnUk5Saq09vF6vLlZV6sTpA7pUXSm3262qzzy6XO3Rex+8pmNnmg4b7HYZOnfBLZNJ+kPJz4Kfp6SkamD2cI0a9rfKsd3Srjcy99T2iG8hXplqy5VyeotSzr8qea7LaDK8s0vWqgOSR6q39pen30TJRHtEo79KLvRXyYX+CgAAAEBn6/GB1ZDE72oMr1cfvVeqo/99RCZLiq43Gmr0SJnpFlmsFhleQ71SLTKZpEaTWS6PR41uQ4bFUFqvFP3l3Xe0540/6Gtfn5vgI7a+ut7cN2KxN67KeV4HP/pPHa38L9W5qiSzIYt3sMx9c3S67rQM1+cxFmWVJWO0JEMfXTwe/NhkMiuzKleXa/5ek744R9n9c2U2t+V9bj23PeLivq6U828o5fyfpIZ6GWouAGHI7PyLrFl/lCczT0rt38YV0h4x56C/uoHor5IL/RUAAACAztHDA6tG8C+Q6ZKIxoZ6/eVAiepcXnncXl1r9CrVYlbv9BSNHjFARz+5IK/X6ytsklJTLJJhyOuVZDKUajXrj6/+TjNmzZZtwIAE1mwKG5PtZroba7k9GhsbdfzUO6pwvi5TilP9+5hlTZFMuijpor9UrJtgQ9KJmNMN46KcDX/WuYsT1K/PgDY+ltkz2yNeJleNLBfelq45WwhS+LkaZK56X6Yh1fKm9GvT+miP2OivOhr9VXKhvwIAAADQ+Xp4YFUKvOjCMLwJZ4xc/bxaFz87qwaPVOf2ymwy1LuXRaNH5OjeqXnKSEtV6aGTkiGZJLndhjyGVx6PIZPJkMew6HRFhSpPlyf4eK0h3xJvxpuw5tujurpa1+qPKq3XOeUMtCqzt1nWVJPaM0SdYUiG+7yuXPU9ptu2x2t7ZnvEy+yuk+lKhQxXfNl1pitnJde1doyRSHvEQn91I9BfJRf6KwAAAACdi8BqO1y/ekWuxgbJZFF6iklDcvvrjr8ZrYn5ucq1Zej+u2/T0MH9dOSjSlWe/1x1dS41uqUGeeT2SG6PV2aZdbKsTF/8m4KEso964mODtbW1ysyo09A0k2zZVqWlm2Uy+25J28qQZHg9ul7Z0K6XnfTE9oiXYUhGo2S44gsCGS6T5G3/OhGJ/qpz0V91T/RXAAAAABLR4wOrvkcG2/byiLTM3vJaUmU1S18YZddDX39AY4ZmyaiplNddr3RrL82YnK/JE8fokrNG5y58rovOq6qqvqYr1+p05sJVHTtVJa/Xm/BN8s36souW2sMwDPVOT1ff9Gz1s1llTemYdZqUosrzKe164UlPbI+4l2HuJaPXMOnzc/GVT7lFhiW9nYEj2iMa/VXHo79KLvRXAAAAADpbjw+sSqGbmkRvjHr37a9emVlK6XVF9/zd13Tn9C+roeqk6uqdMpvMksmiRkOypJo0dGhvjRg+WPJ65KqvlTwNOvrpRa3432/I/oVRwXrEJ5DzdHPeibXUHrdkP6qRI9d2wEq8kqtWRt0Vea5VqfHqQZnPvC1v7wEy9RkiI7W3TGarZI4na6nntkdc81sz5R5wp0wXjkuN11subDLL0+92eVP6tyNQQXvEQn91Y9BfJRf6KwAAAACdqccHVsPvhRK9MUrtlaYx4yeqf1YvTbzzDpksvSRLmsypvWWYrZLJHBw+zWUYcrk98noMeRoNpZgMebxeDRk2TMNGjmzDTdnNeRPWUnsEMrS8Xq/q6up05coVWa1W9e3bV1evXpXL5ZLJZFJ2draqq6vl9XqVlZWlzMxMVVVVye12a9CgQTIarqnxzHsyVx6UyV0vc6ZNY3L7yGQ45Tn/idyfOOVJ7SNjUIGMnLFSrz6+tmy55h2/M5JAe74fAV5rplxfuF+m6jOylP9J8jTGLmiyyJszTq4Rs+Xt1bddGWC0R1P0Vx2P/iq50F8BAAAA6Gw9PrAqeWUY3jY93ipJd0z7kv7iviKrySOT2Sxzr96ypPWVt9ESEagwZEgej+RukNfVIHm9qq5x6+F5/6B+/W1tfLT2ZrwZa749wgMVn332mQ4cOKA+ffpo0qRJev/99+V0OpWSkqJ77rlHb7/9tmpra1VQUKBbb71V7777ri5fvqx5D98n19Hf6eqxPyl7xG0y2/JkMplk6tVbJksvWfoOVarXLbfzUzUe3SVX7yEyxvwPyTZaMjf/demJ7REvQ5KROUSm/EKpsVHms4elxmthURCTlNJLXlue3Plfl9s2Vl4jMGfb0B6x0V91NPqr5EJ/BQAAAKBzEVhV+14cMdT+BTVMnKaqS5eUlT1Yll69ZcnoGyoQfNmvIcPi9t08mS1yG1ZlDBqrCY6ZCb0EJrLON+eNWEvtEbgBtdvtstvtwc9nzZoVUe5rX/taxDyzZ8+WGmvk+ctWmc//VQO+cLtkeGXyuiSTWV7npzKl95dhtspkMsmc2lupQ2+Xyg/KdeiXMv7mG9LA/GaDFT21PeJehski18DxMu74jqy9X5W58ohM1y5KXo+MjP4yBubLfetX5R78N/Ja0zuozrRHNPqrjkd/lVzorwAAAAB0JgKrfm3NGLFaU2TPv13eaxflrrsmpaTJkm6TDMlwN0omk/+uyZDX0yg11stkMsvIyNUXCm5XWkZGGzNVbu6bsFjtEcj+8ng8un79uqqqqpSamiqbzSan0ymXyyWLxaKBAweqqqpKLpdLWVlZSk1N1ZXPq2U795oyyl9Tin2mDFeNPJfPSGaLTCnpMrweqeGaL2hhGPJ+Xilz31uUMmisvMffkvuvO2VMXipl5jRX4xu/U7pQuzOq3PUyf14h0+VPZWTmyJM3SzJZJZkkr0smb4PMFz6Q9fKn8vQZKq8tT97euXE80txsjdte126A/iq50F8lF/orAAAAAJ2lxwdWQ28QbvuNWEqvdJmtg9TgqlWq2SVLWpYkQ97G66H0GcMrb73v8URTSm/JNka9++a2463OHZOZk2xaao9AoMLr9aq2tlYXL15URkaGMjMzdfnyZdXW1iotLU39+vVTdXW16urqJEkZGRmqP3tIKRX/V9b0LKm2QqaMwbL0HyKTt15qaJRkkuG6JnklmQyZUtMl13WZLL1kzsqV+fTb8gz5Wxl5/yPmC2J6YnvEtwCvLJ+XK+XTN2WtfFfmaxd8wbu0vjJ6ZUkms0yN16Taapnqr0hmq7xp/eTtP1KukTPk+sI9Mqxpbax34tVNdvRXyYX+KrnQXwEAAADobARWw27C2pPh4rWkqs7jkdntVmpaqixp/WQ2p/qyvuSV19Uow5BM1nQZmUPkzRwk32CGbQ1UeHUzZrm01h6GYchTX6de1y5raN/esjQ2yNpYr9zcXLlcLlmtVlmtVuXm5srtdis9PV1Wi1l9jf9WelqDzH2/IBkNMnlrZZjNMjxuyWuSDJOvKby+bD3JJMPTIJmsMqf1lryNMpW9Kq/9S1Jq7xj16pntEc5sNjcpY7nwoXr9dafMnnop51Z5hk6U6XqVzJ8dkbmqTCYZMkxmGX2HyZN3r4wMm0z1V2S+XK5eH+6QxXlS9bfPl5E5MLhMk8kkr9fbSr1pj5bQX3UM+qvkQn8FAAAAoLP1+MBqxzHJY07TlWtV6mcyKy2rv7xmi+RplOFulMnwymxNUYO7tzwZg2WypMk3oCESYRiGvB6PGs6U6/P3SpUyxK6U/tm6eKVGdXV1SktLU2pqqi5evKi6ujoNGDBAfSxX1bfuI1nTU2Skpcoks7yeK5LMMskqQ2Zf5pf/z/D60ocMQ5LJIsmQyWKV6eJfZXIelzF4Ypfug2TkMdXoivuUUsxZSrcOkElWmSS5B9vVmLNYNa4KVbtOqNF75f9n796jqzrPe99/51xLV64WEhZgS5ZFjGXHjpMYDG65iX12kga3TTB0H2PLMEbbFHp23IE8zjBm2xg8MDlnILrd05rt7OwNFjGjBdO0NW6TvWuBRQsYHJvYwTIJWJa4WCBxFbquyzx/zLlu0rrquiT9PmMwbK011zvf+b5rvWvOZz3vO8l1zeT2ef+JKYd34j7zr3hn/R5X5q3gUtcv6fC1kGVOIy9jEePdd2C6cjBcWVhGOxZe2r2X8Po6GO+6G5c1brgPewTTeDUUNF6lJ41XIiIiIiIyUBRYZWAywGwGnW03+eLzD5lWNpvbppeSYYDf20nX9Utc/e2v6Pb4yB1fjAn9mvtnWYFMpdGW5RK7P4JTaw0Dy3Th72jD29mBz+enu7sbj8cDgM/no7u7G6/Xi9frxdV9jgyzHZfbB7Th9xv2DXgsN+DCsEwsyw4a+THA58fy4SSCmeDtxABMXzf+5jr8hd/oXesx2B/hvHTyxa1/5lLHUXJdt5NhTrQztSwvnb4rdHpb8FhtWJYP08jktqxavr64koKyP6Dp9vH86up2rnX9BsvyYBhuMoxx5LjzyXbnY2BnlnX7b9Dhu8z03EXMmrAK08qNXesx3h/J0XjVfxqv0ovGKxERERERGVpjPrBqBe6A3Y9AhWXZl0NeC1wuA6P1HHX/6zS5M8q4bVox3e2tXG/8lCxPC+NmzOKWx0+m20eGaWCafc8CG41rssXrj5ycHFpbW/F2dkDuODKW/CEZPi8u/EyaNIns7GwyMjIwTZNJkybR3d1NTk4OWR3tmG4/hmsCGF246MYkA8twYVkmmCZ+ywCfiYmBZYDfsJxMMBeWtw0DL5ZpYLRfivk+GWv9Ec5l5OAyMunwNtPhbY5bps/qpKXzJB+0bGH+Hf+Vo+efpMPXErbPbrqsbrq6r0H3b3u93m3mYJKV8PM6lvsjURkarwaGxqv0ovFKRERERESG2pgPrIZniPQlUGEBHX6DK90mV7phRqeH4ul3kDuxg6bLDTRcrMedlcPkyeO4PW8q3bj596ZWLnkN7pxgUjQ5i9ty3LhSCFgYfV/qcASI3R+33XYbly5doqW1jbzSMgqNUJtN6VFKfn5+8P8zvC5M04s5+X6M27+D/8I/YnQ0Y/m7APCTgenczNlvmeAyMC3s6bV+A8PXimH6Md0Gvij1Gqv9EWAYBi4ji8mZM5ma/TAe/y06fM10+q7ELdnn76LbfzMiSBGdQbZrCjnuAjKMcUzKuBvTyLDzu6LUaaz3R6JXa7waSBqv0ovGKxERERERGVoKrAazW/wpByq8QLPXxdlOFxc63ZRMdJPvN3FbOeTPmM7E0ke42dUNpkFuTh4Z3Vdxt12meMpt/O2xdj5vuMjsGRNYNHMyX5s+gQlZyXVH4M7Ho3PaYOz+ME2T6dOnc+nSpWB2l8vV+47XvXTDRNMNraewip+3i8TgAAAgAElEQVSEe36IcetTjPaL4PNg4MK68hFWxzUslxOxcIIVlt8H1i3IBMtrYuVMijLld2z2R4DL8JHVfZ57u7Mocy2izdXJxewOPm1/lxvd9TFL9lsWWAZ+f/x2uy1rJmU5C5nuyyWXLKwu8BgX6HTNsDP3etZ4jPdHLBqvBoPGq/Si8UpERERERIaWAqtE3kk4WV0YfNptct6fyXW/STsWJS4Dd94dWDd8+DJy6HTfRsfFv8b0NdA9fiFZEx4hJ+9+cjOm4OIMv718g4vXbvHrpuv83n0F/N69U5mSm5FEfelTYGWkiNcfEyZMwO/3c+PGDdra2hLebRnglt8i38rG7bmI//O/oWn8CjrcJbhdd5Pp9jDZU0e21WZPu3WZ+DGwMO0MI18HuLowsgz87gx8eV+JEagYm/1hGAaZvmbGN/wlGdcOYXhvkptZwKSCP8Qz5fu8f2lbzHL9ph/LAp8nfrvdc9tSyq6cIqP5AKanBcs9me4pS7CKN9BOrMDR2OyPWDReDR6NV+lF45WIiIiIiAylMR9YDa3JlvxrvMAHXhe/wU12pot2y+Kax+JIcxvmbRP5esGDGO2d3Lr4DtO7/gfZ49po7zjKjbavczX321gTy/mPd+fRdqOAD75o4WzLTfZ82InH52fZA9OYlB2/W0bz9Vei/jBNk8mTJzNu3Dg6Ozvx+XwJL0gzyMV/swg6rmC0/hrX1Stc77wLH7lMzmpjUtY5DFrBNDEsA8Nl2DeF8Xvwmx2QDZbbxJ9VhG/yrBh1Hp2S+XxkeFpwX6zB8rXbdyzvvEJG+36Kin7Ov3X+PzFf53Wyyzydvrh1uCP7m7gbXwHvDfyYwE3cHf8L9x3/GcuYGKPOo1O6jVff+2oht+XED66O5f7QeDW0NF6JiIiIiMhQG/OBVYi84UUyPjfcfGS6yc/J4HqXxSXLhy/D4IbPYO+FNj697OcR6xJ3X6tm8kQDw2eRnXGJ8cb/5lbnh1y79Q5fz/oD7lqwhPWdXXxx+TqXW9v4h4/PM3V8Jv9hZj5ZbjPJeo8+yfRHRkYGGRmJs+Vsk2k3l+BqO02m2cbUjCYmuJrx4yLDgEwMDMMETMAALFyGD7/pwcy0MFwGltukbdpi/BkTYjb8mO0Pnx9/qwcI7482sszJeOMEITyGDyzibgOQZUzEutmOFVF+N/j94Iq9luKY7Y8eBnO8mpTt5rv3TtV4pfEqbWi8EhERERGRoaTAatgdhJMJVNw0XNT6XbhzMujE4JzfS6vhJ8MEI8ugm0yutzThufkOt2d8iv+O/4LVdRHXlX1kWRfJzLrMxOwartx6n0nj/5LF9z7EG60d+Nq6aWy5zs9OnmfGxGweLByPYcS+QYy9zttovBJLrT+S0dXVxdXue7C83yGv8xDTxt1gnLsbO5fPsP9ZvmBzGvZSepgusEwDy7TonPggHVMXYdlXxr32MZb7w/K5sDrGgeUNPebKxuPrpLsj9tRnrzO1Nt42AB5vF/6uSRi+ztCDRgaW38Qyo9drLPdHuMEer/7h5DnuzsvVeKXxKk1ovBIRERERkaGVOM1ojEjmmtgCzmByI9NNjtvFlz4/TZaXVtNPq2lxy+Unw9tKXvMpim7+M7k+L2b9v2DmPIj37v8P76QK6Mwns8vH1HHdjMvJwu92Q5YbTBO/x8svz1zmYN1lbnXHz4oZ7QYye+e3v/0Nv/zoE8bP+k+0Tf8TvriZT6cvEztIAXbPWhjOPwwLw7QwXHawwpczndZp/wlf1jT7Fs5jULz+8Lin4Jn8O/jbs/C3Z+Jvz6Z7xh/y6/P/gKfTH/tflx/Lb8XfptNP3aV/xVP4e2HlZ+GZsgiPOWHMrkuYLuPVx/UtGq/QeJVuNF6JiIiIiMhQGeMZq6G7B1uWlfDGIp2GyReGgZnhwmNYtOCn1bQvd92GhcvvZfKFL5jWXEvhxCt4Z72I0XUR89R/xT35HvzTvo1v/Deh6cfc9Bfx67av8nZ9E1hg+S0Mvx+Pp5u6i9dpbi1kXEb0uLdpmoSmOo6mC7XU+iNZTV9+yYcffsi58+f5zre/RUbe41y8uZ/iCZdwGWEBIXtWLYbhhC6MDDzuadzI+z6dOfdhJxX1rtNY7g/DMOjMnILraz/AnX0n3LxI921FdMz8D/zyk+fjrkfoy/Bj+Um4ZuFHje9w96znyGUcGdcvYE2+E9+spXSa47H8vTPAxnJ/hOsagvHK6/FpvNJ4lSY0XomIiIiIyNAb44HVgOSmcV7zwTXDIMsw6bQsrvn9tGFhmuCyIPfKZSZ9/gH3eH9FrnsiNBzFmDEXf+mfwbUPMev/DldWNl1dmTRk/h+8ee4mNzu6sbwe/N0e/F4vls/gfEsr1251cVdeTvTaDuC00/Q0sMdnGCbt7W1cPH+e/fv3M/93H6U94zuMNz9ksnkey9uJzw9+y87ucrnAzJhEZ8793JqwgM6cWWDEXh9xLPeHZVl0+8A3aRZZC77KtVufc/rcL6j78Dmu3WqImzrmzbaDIN6u+AGpi82fsqdrE2VFS7nnG3/EpJwiuro8+HzRAxxjuT/C3fBrvBoaGq/Si8YrEREREREZOgqsErqWSnRx4/VbdHv9dPl8dBsGt3wWHZaFCbg7O5nwm0+Z2XSMkqlXcN+1HDJc+L+oxczIxrr9q/jzi7Au/AMXuwqp5U6OX7yJ1d6Br7UNq6sLfBaG38BlgRHn4tCe3Tl6L8SS7Y9kTZ48GY/HQ3d3Nx6vh19++Cu+9rUHycqaSX5mE6bnBl1eg26fSXd3F77ONnKyS8i+7ZuYGeMjKxWF+gO8Xi+mB+ov/jsn6t6go+t6wnJ9Hrs8rydRpp+fppbTtN5qISczj5wZ0/B6vTG3Vn/YfH4/3ZbGq8Gm8Sq9aLwSEREREZGhNOYDq5YVyhhJdGE8xfAxy9vNyTaTlkw37V4/3X7LXvnu6nXy6j/hIf9Zpty6hPnrf4WZv4NVvAR/11WsljOY3Vdp7czkk44H+NebPm5cv4mvtQOroxO8FqbpJn9cDgvumcq0idlxsm6MsDsfD3SLDK9U+iNZd9x5J1Py8/mivp7cceNobGxk0qRJ5OTeR4f/K1y/cZ0bN27YwYyuLLo6M5g40UepdY3Cadm4XK4EdVZ/AFh+g+yM23AbOVj+xIEK+4YtUWcrR+U2x5Hlnozljx80UX/YJmMN+niVl5ut8UrjVdrQeCUiIiIiIkNtzAdWA5kiyVwUZxvwddPHRE8HH3pctHssTL+fG4aBv9uL5bPwmllYfgOz4UOspjMY0+7BXzoX8u7H+/nPqW/J5N+68jnT5sHb7ifDbzA5N5fJk9zMmJjN7OLbmHt3PnnjM2PX2ArUeWBaIL0k3x/Jmjx5MnPnzqPpyy+5desWnu5urly5wpWWFn579SpfNDRw7epVPB4Pfr+fzMwMbp96O+PGjSO/oCCJQIX6A8Dn83F73lcpnHIftzqb8ftjZ2mlymVmMj3/QaZMvCfmlNoA9YctawjGq6/fOZnfnVmg8UrjVZrQeCUiIiIiIkNLgVUglYux8QZ8FR93WD7mu+ALv8V5H9zMzuF64Vf4x1+fo8Wby++Ov0CRtwmj/gOsL3+LVTCDm2YWH934Kq3jpzL3zgJyXS4mZbqYmpPJ9ElZTMnNYMr4TLIzXPZ9SWJOrTVG+Y0uBjZYYZomDzzwIF6Pl4OHarjVeouCggKuX7/Ohx/+kq6uLnw+Pz6fF7/fT1ubnZJkukxcLlfCeqg/bF6vl3GZ03h41iraO69xofkjrLhtklx7mYaLO6d+k2/cs5LczKl4PPEDIOqPkMEer/LGZZKTqfEKNF6lD41XIiIiIiIydBRYJTRtMNkLYxPIMyDPBUUmdFsW3sws2uZ+g88n5/LLX33EsQv1zM+7zKLx55jq+RLr0lk+d3+VG+Nn8gdfK+W2227DZYLbMHCbBhkuA8NebA2sBJd3zp2PR6fU+yMZWVlZfPPhh7njzju4fLmZkrvu4mbrTZqamjh79iw+nxfLsjAMg6lTb+drDz1E6cyvYJpGwnqoP0I8Hi9TJtzPf5yzkZO//VvON3+I25XNxHHTGJ8zlezMCViWn2ut57je2ojP5yUrYzwz7yhn8vg7MAyDju6b3Gq/xM22Jrz+Lu4qfIQH715ObuYMurs9iWus/oig8WowabxKLxqvRERERERkaCmwGtS3C5sMAzIMA0yYOGkCt8/+Jl8tm8Unp+r4+bEPeOfS7fzetCvcNa6d926WUHD3XdxVOAXTNAe4/qPNwF9oZmRkMGPGHUyfPgPDMJg0eTKPL1/B5cuXuXKlGZ/Pz/jx45k2bRoTJkx0ptQaA16PkSm5/rAsC6/HIsd1Jwse/L/B7MI03biMLLq7vViW3aLZOZk0XjpBTtYk/mD+X3JX4aN0dXYDdgZXZpYLr78Lv9+D5cvG67GSuGnMWKLxKr1ovEovGq9ERERERGRojPnAavjNLvz+/l8IGYbBxAkT+J25c3jw/jJ++dGv+MWvTpHZaTHrK6Xcf+89AP3al2GYBDJzRpuB7o/Y+7HbLjs7m6KiIoqKiqJuk0wbqz968/v9eL1gGC7stumIeL6z00PBhK/j7fJx+8TZ3LjeFvF8RwdORqQby0qc9RVO/ZE8jVf9o/EqvWi8EhERERGRoTbmA6sQuhgbaBMmTGDRgt/lm1//GpZlMW7cuIQ3FknGQE87TTeD1R+DRf0R77WxX9fV1dXn1yZ6nfojdRqv+kbjVXrReCUiIiIiIkNpTAdW7TXqILRU4OBc3IwfPz5in/1nr28YXONwlBiq/hh46o/0ov7oD41XydHnI72oP0REREREZDiM6YXzfD4/breJy2VimiPnosYwDEzTwO02B3X66VBTf6QX9Ud6UX+kF/VHelF/iIiIiIjIcBjTGasu077ZR1ZWBh6PfaMKv99Puia6GAaYpklGhpusrAzAwOUaPV2o/kgv6o/0ov5IL+qP9KL+EBERERGR4TCmz+LHjx/PzZttTJyYi2VZuN0evF5f2k4hNAwDl8skOzuT3NwsWls7yM7KHu5qDRj1R3pRf6QX9Ud6UX+kF/WHiIiIiIgMhzEdWM3Ozqaru5ubNzuYMCGbnJyssAuxdLsYs9dgc7vtm8m0tnYCLnJycoa3WgNI/ZFe1B/pRf2RXtQf6UX9ISIiIiIiw2FMB1YNw2DC+PF0d3dz7Vobfr8v7ddm8/v9uEwXOTm55OTkYJqjZ5lc9Ud6UX+kF/VHelF/pBf1h4iIiIiIDIcxHVgFcLnsLBFliqQH9Ud6UX+kF/VHelF/pBf1h4iIiIiIDDWlR4iIiIiIiIiIiIikSIFVERERERERERERkRSNgsBqE/tW5JKTm0vOin00DVi5x9k24GUORdnp7/1tueTkrmBfuh580z5W5OaSs+14jKdXkJObS4yn09vxbfZnJeq/bbw/XO/NBG0+ejntPSjH3ve+HNHv8cES/tmJaJiwPszdxvspFqu2DvsO7/G9EGibnNxcVqT0hRFeZu9/K/Y1DVu7p/33n4iIiIiIpGTkB1abDrPvgPP/B/ZxWBcrkmaa9q1In6DJnGfpaG+no72dQ5sBllL9ebvz2LM8Mtz1GxTH2ZauP2Icr+WFwP+/WJtyUE6GyfGG0PspvA+lnw7Q0Bj4/yYOB7/cU1XI8r3OuPb5GzwGsPlQcOzbu7xwQGqbbtLqu0ZEREREZIwY8YHVpsP7eBt4efNm4AD7BiyyOodn29vp2Luc0XkJJn1VuHwvHe3tPDsn8bZN+1ZQ8nRfgwPDYbS974+zLXdR2ga+3q99EVjKy5uXAi9yWEGRkSHsR7ymhuPAUh5bOqw1GjVeqA18CBppOACPLR2chk1lHB8JRt53jYiIiIjI6DDCA6uBjJbNzH92AS8Db+873CMzLXyaZu+pmva0vNC/ULZHz2m0kVMLt23bFjE9MTitcJ8zpbm/06mbwsrpNV0xxjE5rwmfMtlrumPEVPB0nY7YYxpnzGm3w3Psvcrt0VfBfj++LXih+8KikTLNPfJ9H/V9nbuN98PbMuJ93oe+i9j9tsj9hD0V8Vnt+dmK2rdN7FvhBFUPPE1J8PEk6jEkjnP4RWDpcp58cjmPER5UCqvnim1sizpVOtHz4UVFjlfQ3ynJ8fq55zTs8P7o0Xc9l4CIO+6lh8c2b+ax4I94znfQ0jkE43Nq6z7azMubCWVuO5nAc+YEWrbZOdawz2s/lhCJGMeDfbYvbGxYwb7j+2KOR/G+T8KXMIi1jMG+H8Z4Pm6/xHgvjMjvGhERERGR0WFkB1YDywBsXsAjzGH+ZnotB/D+tkW8wGYOBacEvsiisIuRRS/Cy4fa6Wj/nOql8MKi6EGWpn0/pOJAaNvi4y9GrdILDcXsbW+n/o2lcOBpftqX65umfay4+2nedqYu1r+xlBcW9QgWLX2D+p7HVDif5Uvh7ad/6hxD4KL/DZ6cYx9vzqIXeeyNz52p4AeouHu4gkqxNLFvxd1UHAjrsxcXORee6XjsTez74dO8HajToc1w4Gl+uK8J5jxrvw9w3jcjODUq4n3NiyzaVkx92Pv8h8H+idV3CT6LAQfmUBnl+fe35bLoxcCyBYd4+cDTlIR9jqP3bSHL9x7iZYClb1DfvpflhUnWYyg4gaPHls+n0Hn/Rl0O4MBxiv8qMEZFed8meh5gzpNULw3/4SkU1J2fcmpyon4Oe679EC9zgIof7qOJQuYvjxwX7RkHS6l+ck6CcS+NFBczB3i7oZFgVuXyBRQHnldb91lx8VLgOI1NgUzgzcxfEHi2gOXPbiY8szs4Y2XBwIytb++DJwPjOAeoWNRgj0eH7P0uSjjmAE37+OHTB8Keg7ef/mGPtj0Ay6M8n/C7P8Z7YRR914iIiIiIjDQjOrDa86LqkQWxlgN4kUW5uWxrXM7e9t4XHXaGR6OzJlu0dSbDMmPnABQ6F3i9BepSWGz/93hD6leqPY+rcP7ysAwpZ+24vcX8NDeXnLuf5u3gK52L6cCFpxN4fmz5fAoJTTte7lzd2+2VZtOPI4LlhAKm+w7TlM7HHsiILHp2VK7h91hxERB6XwfaNfA3kKDvAuJ/FkOvtYNX9lqWPQNTzo8oThCyb32boB5DILLePd6/4YLHHWObRM8T9lzgh6fwoG6qFU/Qz488205H+5M0rsglp8cyDPZYFsjMDfz4Ydc//riXTuaH3n+BrErn82FTW/dVUbAex536FocC1gBz7JkpEccU/F4eAHOK7T4qKnbWZXXaPfC3I5kx5+2n7yZnxT6Kn22nw/lRJyT0WjuYbK8tG7dfkhpfRURERERkqI3gwGqUiyrn4if8QuORJ98IXhC9sKjHtDsnswiAFxfFmb5vZyX1usgbZIH6BgKIdoZUYCrgIo6/8XnoxhyOwuXPBi88AxlKyyPSpA5QcbdT7iI767Yvwd9BF+iP3LupOAAcaKAhLY89PMgeKn+0zcScU5xCSChq3yX4LCbjwNOUOFNg7e6zM9ucJ5Pu237XY0D0zmIMBKkjlwOIlOgHm3jPhwdpegaG+iRGP9vT3u+mYs4hJ4syvBLLqQwEJXv8+BEQfdxLL4HMyqptLxItsKe27iPnB5W3922LWt+IH1V6BhoHwGMRAfJEYow5gXaHsDErtdkRcfslxntBRERERESGx8gNrAYuqpzMs/CLkIjlAAqdjLTgNObwaXlR7hwcnNYcrgg7qWRoL2DsZQfC/j07Jyxr5VCMrMjAhec2fhiWoRQSfhf4NL5DctgdnIN3rE/XY5/zbLC8Q84FdawlJcaEaH0HCT6LSQgstxD8F54FlkLf9rceAyFwJ/mwYHEgOBN1OQCHPT06dqA77vPBDLcfUtXnqelhovZzIGD8BvUxsoAD2X1VP4z240eMcS/NBAKnb8f6wU1t3UeBJX0O8DbR38eRxzRwywCkLvaYY2cSB5ZnAFJcbiRuv8QaX0VEREREZFiM2MBqYMpcYB2zjohASejGIuE3uyhcvtcJfM2hqLDHzSsKl7PXiYr1vpjrOcW2iX3boq+xOhAip3BGuVkSOFOk4f2fhk+HtwWWRHj7ALz8bOju7j2XSujfDVUGSc+1JqPdnCStjj3yZk+PPGuv1RsItkRMlR/t4vZd/M9ifD3XT+7R5nH71vlRJKg/9Rg4dhZj7wCKXZceU/mD62TGmPqc6PmgwBR1O2jVp6npkNxn1PkRqmnftojp6UBwOvfbBw7A5meDwfGkxr10EViqgljtqLbuq+LgBzbG+zj8mAZyGYAUxB1zIm5eNodnnR9tk8mGjdsvCd4LY+q7RkREREQkjbiHuwJ9Ewgg9M7ACWYS7TtM0/LlLN/7Oay4m0W5gUDoUqo/dzI8lu+lnhWULMoNXpA+9sbnREvaKVz+V1TvO0DFolxeYCnVb2yGA/0Mrh54mpLcpyMeeuyNz9m7fDl2tReR82LPei3nr97Yx9tPO69dupmXl77IC8cbaGKOffEeWIeu50XnnGfpOAQ5i+4mx9nty4d6rv02VOxplBXhDy19g/q9UfosmJE1Z2iP/cVQ+we8fKidJyMemcOz7Ycgd1FYX27mUPvyyPosyrVvurV3ed8CLCNCYZy+I/5nMYFHnm3nELksCr5nNnMo0JZx+9YJcDnvmZcPtfNsP+oxMJxMwyhBoUA23gu1x0Pj0NI3KK7NJWdRjLomej5McHxMcmr6C2Fjo20zh9qfjdvPzx7azAuLXnSe28zLmw/wwot28M/eYyCzvEe2YWG8cS/dBI4h0I6xl15QW6cm2G4xp/iHjmkglwFISbwxp7D3c2w+REcyX7Rx+yX++Dq2vmtERERERNKHYVmWNZAF1tfXM62w76fzntfKAchYWzNQVRoczl2BXz7UnhYXoyIy2hxnW+6iOEGSRM9HEbjruAIvg09tPWje32avs6zv374ZMedZIiIiIiIp+LKpiZKSkgEts7KyMuE2I3YpgKFmT/UL3eTGXstwKSnd60JEZBgFl1Dp69R0SZraerDEzvgWEREREREZagqsJumRZ+2bULz99N3k5OZS8vSBYZxGLyKSCntt2ZKnD8DSN/grDVyDSG09aI5vIyd3ES8ALx/STZtERERERGT4aSkAERERkTFC51kiIiIiMhppKQARERERERERERGREUKBVREREREREREREZEUKbAqIiIiIiIiIiIikiIFVkVERERERERERERSpMCqiIiIiIiIiIiISIoUWBURERERERERERFJkQKrIiIiIiIiIiIiIilSYFVEREREREREREQkRQqsioiIiIiIiIiIiKRIgVURERERERERERGRFCmwKiIiIiIiIiIiIpIiBVZFREREREREREREUuQe7grE4nmtfLirICIiIiIiIiIiIhKVMlZFREREREREREREUpR2GasZa2uGuwoiIiIiIiIiIiIicSljVURERERERERERCRFCqyKiIiIiIiIiIiIpEiBVREREREREREREZEUKbAqIiIiIiIiIiIikiIFVkVERERERERERERSpMCqiIiIiIiIiIiISIoUWBURERERERERERFJkQKrIiIiIiIiIiIiIilSYFVEREREREREREQkRQqsioiIiIiIiIiIiKRIgVURERERERERERGRFCmwKiIiIiIiIiIiIpIiBVZFREREREREREREUqTAqoiIiIiIiIiIiEiKFFgVERERERERERERSZECqyIiIiIiIiIiIiIpUmBVREREREREREREJEUKrIqIiIiIiIiIiIikSIFVERERERERERERkRQpsCoiIiIiIiIiIiKSIgVWRURERERERERERFKkwKqIiIiIiIiIiIhIihRYFREREREREREREUmRAqsiIiIiIiIiIiIiKVJgVURERERERERERCRFCqyKiIiIiIiIiIiIpMg93BXov9P89AfbqY3xbMkTW1i/MH9w9vzmD6iqhQXrXufJWYOyi36I3S4965v6cZzmpz/4gNmvryT25oH9L6Dy9ZXManmPrRv2UF/yBK88t5C+90gL7/3oJ/DHz7EwH1re+xHP76kf1H4etH0E2iTwd4ptMxTHDtHeH5F9IP3R43My3NVJmlPvfn+eRWTkin2eMdjfS4Hvv8D30uCfj42wsbrn+UW4EThut7z3I/47fzyo7ykRERGRvlLG6hhUu/0HbH2vJfj3rJWv8+PXUwmqxg5kh8ziyddf58cDegHSwns/2sCbYVcK+Quf48evvz4CT7ZP89OeFz31e3j+R+/REuslwyTy/dG7D0RERMLV79kQcZ4x2FI7jxnj6vfw/Junh7sWSQsE0UVERETS1SjIWA2Il0UQCAaVsPKJO3lzjx0WtDMqCAsUhZURlmG58s49vOlEEhNmYZx+kz/dHgo7hraPlu3Q+7HIE8gSVm6JzAoMZGUkPuYY2zj1q9/zE9673y67V6ZHj2MIZTeEB1VrqfpBLQvWvc63m5zMyQULoLaWekpYueV7nNsQPbvj1Js/iNqevTNOwrPi7udUsJ/qeXPDDzjyxBb+hJ/0ztrsmamxYB0/XhmoQajNVz5xjjcDbR2xTSyn+OkP9jjHH+ibsPdWsK+iPdbD6Q/scoL7depVf5RTLQtZmB/l/eL0S+/3YLR6Bbo7XpsuJD+J93mojC3c+bPefTDygtojT/LjQthnLyIrqccPIuHv9yTHuvCxZ8G6dYN0pCIy8sQ4zzh/BYj8Hum9fZLfyeHf6yVPUDkvsgaR33V9KHPBOl6542cRWbB90uP8I3Ic7f3DZPD5aN/vgXOxnucJwWZM4rylV3aqU0btB5xeOSvyfDdqnXt8/yx4gpXn9vBmfagPE55n9KFdAmWF77t+zwb+9KhTZszzVBEREZGhN8YyVuuDQVWA+j0/YWvEyVwtVT1/xa8PBRrsPzfw01g/9Pc80XO2/9M3TwOzmL3A3seJwOuDwbWHowRVnfpueJPg5hEXJk59U81wnLWSygV22eeuRH7NONwAACAASURBVHm+5T229jiGZLMb6mtrnYueedwf6+w2lfbsi2jT32q386e92qk2dLHlbJOoHvV79oRl6gb6Jp/755UA9Rw55eyh5RRH6onfDlPuoCRiv4EM39Sn10evV4p69ctPGMJkI4kj0bjQ8t6PwsaFet78yc84F1FClCzz2u29s8nivAci9wG125PJWhcRSfbcJd53co8ZHvV7qEoqgzGFMmu389+PJnM0cUQ5/wg/xzn9Zu/ZHsFxdtbDLADqj54KtsvpD+xGW/BwlKCqU+d+ZwUnqDOn34z8/qndk/qMlT60S+32H8U+B+nHeaqIiIjIYEi7jFXPa+UpbZ+xdofzf3YGZaTemV2BX8ntE/166nmCV14P+/X7XBMtzAr71TtURiDAUfvBaZ6c1TNLoIX3fuacBPf81b72Z7z3redY+LCd0XmuqQVm5fc4aW7h1NF6iJKh+PfvfYv1C69wopaIX+Xt+uzh56cXppRdMeUOOxAYqEdUMTIhnnx9HfTMsm0KNm5Ehlx0ybZnT/ksfG4L9MgEbXkvcqvTv7BP3kPZEIFMiN7t1HNttrjtEXF8gTJrOXF6JU/eP48S6oPZOS2njtp1mHd/7OyJ/Pt5tATq6+2lGZx3Qt/WbotRr4RNGllIjwxcJ/AecQDR+yDVz6yEhMavWBKPCz93LnojMnzCL1KdH3B6fSb2/ILTC8Pfb7HeA6d77aPnj0h6D4iMPfHPv0IBwWTPXWJ9J7e89zP7O7LXd13iOiZfpn2+1p8J54Hv/l7ngD97j28/t9BermBlaPvAeag9zto/vtfWhmatnLB/eWf2LFIYx3uo38PzP9jT6+GSJ75ln78lqPOVD8JneOXHX7u1j+3i1Cj6DJ+Fz/EKPdaTD5z4xThP1ffR2JSxtma4qyAiImNY2gVWB1cJjzophIHgYjD45WQQ9jpZXPC94Ile/sLvsWDPdmqd4GuEYJbiE3w7+NQsvv1ECbV7nBPnWQ+zgFpqj56iZeH9NJ2D4EkzVzhXD9EuUOrPX4GWJjsLLcpJcsKAYCoCAb/a7fxpsssfOOIGEgPC2zMQkIzWnn0SuhD5frC++Sz83gLe3B4IaAcr4rQ7zHIC3omrHggaO1mq9YHgdKDN7Kl1nK8n/L0WXT4Ln3udwohMnlqqfnAu9vIBKdcrhUKC2bWhMiQdJDkuhI07wXHK2a7FHmjs7PmIoeMcER+JWO+BKPsIjmUDd6AiMooEg2gJz12Cr4j5nXzlvPPDTpTvugS1SKHM0PlaXwXKDP1Y6qg/T/jvlLHWDA3U8cipFhYWBgKpTgA00Tie9Nd9ZAAzfp1bnPPUsPOZsB+Fk5WoXQLH/eaGH/AmkPBH5n6cp4qIiIgMhrQNrCb/y2MgM3KQ7tTaK4M1hvxC7iRKYDZCWEbCaexArLMMQOI6xBa+jlkyAie5dxZGe40d8FsYNu0sYl2rpPcSQ7LtCaELsqRN4c6o0fGBETtYGbjIq+XE6Yexr4biLAMQJpTBEmhve0mBhQt7bxu4sEq+XlGk3KaJKUugd4ZM6uNXHyQYFxJzfvCZ0q9CAL0HREay/o9ffTv/ss9dxgI7+MkvQmuR/vj1KEskhP34/t6dtST+gRaC43iszXqupx48x0hUrlPnvkj6PMMJCs9ayY9fXxkWcA6t4R99NlaC81R9H40pylAWEZF0kLaB1bQRvJkQoaljdxaSD0ReEgSCeuHT2wJTaEu40wleBH+Z3+5kSzw8q8frY12gnLYDt/1doL/lPf4+fHpZTPaan08Gp9yF2qFfwtvTmR7Wsz2DU/UCzyctn8I7gfrANGlnupyzRIMdSO77hVz90VO0LLSnIdrTs0PB6UD2be327UDi7N3ABUQoyyJWtkwgGyW0z1TqFSylz20qwyvJcSFs3AmOU458+0MRO6Mn0cVz4EejOPsQEYkqMH7EPHdJ/ONSYIZRYOp4PqHlSfpqMMuMHhA8zU8jzr0C2aDhAj++O+uYhv1Am3AcTyR/IevXne9189L4dYbT9uAfCsae/kXMJRhinWck2keois/x44UEl5pJvEzUIJ2nioiIiKRoFAVWo6/xZa/B1J+UrPqw6UlOkQ9HO9ELTTnvNd0pbPp75BTa8OBmKOux53HYJ6OhE+7I6XRx7jwPxGqXwPSyXqLcgMt+Qc8MTLvckie28Cexdh1V7PYMnHz3nuoWo4wF63jljshnZn3rCUpq9/QuI2KJhj7qNZUxrP8ipsclzjIJLoPQ61hDr7UDar3bK5V6Jd+mqQr1QcK7EksSon1O7WBqonEhEJAPjjslJZHLmgTGnCifieR+pImyDxGRpPT13CUkuLxJjPVC+yJamSUlycxxjz1Wzwr+wNrzHHBd2NqqMc5VHcFzGHr8QNvvcRzn5qW1VNXW8+ZP3uP+5xaG/Sgcrc6zgskA8c4hEp1nxN/HlJjr5fY817bLX0DlOqhK6jxVREREZGiYw12BtFfyBCsXhP+5JfYv7rNW8uN1CyIeKnliS4/Ak32RAfRaBiB/4XO88kRJr9cH9jdr5etURhbPgnWp30V+wbrXY2c8RDkGWEDlc5HrkPVZnPbMX/jHrAwresG6dUTWxA5ex5W/kPVbniCihgvW8eMBWMag5IknwupTwsot4RmETmAckju5j1bPiAvNfBb+cfjzC6js1S+J65W4TVOVRB/IgEo0LuQvfC5sXFhA5XPf486IrWfx5Os9+z38M51cHSojPrdP9PN9JCJjRf/PXWbx5JbI78OV/TkPiVJmyRNb+JN5/Swy2vd6yRO8snKWvb91CyIfd7at/SAsa9f5kbb3D7T9H8cBZq10yqjfw39/ryVBnYFZKyO+f0qeWBdxTmEfdoLzjLj7sG+K2bPMyO+470WWl/A8VURERGRoGZZlWQNZYH19PdMKC/v8+sBaOcO+Zl9gPar+Tr2PIrCuVqJpUTKy9J7eL2NF39co7K/Q3bF73bV5EMYuERl9hm/8GkbB2TmhZVZ0bpaMwHfOIN3XQCRFaXPdKCIiaeHLpiZ7FtIAqqysTLjNKFoKYKQI3bk+/hqnMrIE1jdN5mYTIgMlsK5w77tFJ1rnV0RkzJpyh7NkSs+p+To3ExEREZHUKLA6hEJ3PIUF6/RL/6gRti5tyRN/rBsnCKc+/XRAyrn/vvsSbjNr5RZWnuuxRt2CdcqaFpE+ab11a7irMPiyv8n/taaeyh1Hwx4sYtmGP2D6rVu0DlvF0l07nT4AD+1qJ0kD2cNdAREREbQUgIhIv/WcSvubRX+dVFA0nlOfftrvMkREEuk5fnVW/NMw1UREJDXZ1b8P6LpRRERsWgpARGSUaf/g9/r0utyH/3mAayIiIiIiIiIiA80c7gqIiIiIiIiIiIiIjDQKrIqIiIiIiIiIiIikSIFVERERERERERERkRQpsCoikq6aa3ipooKXapp7PLaTuoSvS7BNn6u0iad2DkbJ8cuv29mjHRKqY2dFBU8F/yVqj2be3VRB/w8tvJw6dlZs4t1Uqi0iIiIiIiIjhm5eJSKS5s7uOkBd+WrKkn1BSwNnB6kuBeUb2T1IZcfWzMVGoDj5V9Tt3ErN4vXsXl3m/F3BK5uK2b6xnILBqaSjgCUbq+3/bf6SBqBoUPcnIiIiIiIiw0WBVRGRtFbKqlXwys66YJAwXHPNJtbtssOopauqeKm8hZ1bDwLwys65PV7TzLubKtkViLqWrnICjXXsrNhKjfNw+fpqVpc5wciDzoNOkLK5ZhPrGlawe3VZ6PnSxZRzEFZUs7qsjp0Ve2Ex1Bw8a9e/aiNLCrAzaSt3OUHfxTxf7QSL63by1NaDQCnli3u3QHPNa3adz77Guw9sZElBeH3Dygk7zouNUDo/P/hI2epqJyBst8Hh+VW8VF5g73tvMds3PmBveCxQl0A7xN7+402VNBYtpuZg7+0bV1RRtNc+1rOv1fDgxmkciNLGIiIiIiIiMnJpKQARkXT3wFJWNe7tPaW8bifrdhXxfHU1u6vXU7yrkp11ZaxevxhYzPM9I3fNLUxfW81uZ/vys4f5uBmaa/ba2Z3V1exev5iavTU0N9fwdwcXB8suP9hj/3U7eSXw/NpiGiJSZM/SULyW3dXVPL/4LLsO1AF17Kw8zPwqe//bVzXyyk7n8a0HKV9fze7qtRQ19s61LShfy6pSKF21liUFzby7aSsNq6pC5WyqIbJpCliydhXsqrSXAej1fGw1jcVsD7TD1sTLKdQw16lHqd1uPepQSimr1pZDtDZOsk4iIiIiIiKSnpSxKiODYWAaBhgGFtDV7cNvWfj9FpgGpmHidptkulxkuE26PD46u710dnvp6PbS3tXNnQWTGO+6TvfV45jucRiuXHDlYrhyMFzZGGYWhpmF39uKmT0dfF34AcjAsiwsy8JvWVh+//C2hYxBBSxZO5+XDtSxZGno0eYvG2HxCidbs4y5i+HvvmyGabGKKaMsImu1lFVAwQPzKd21lacO2pmUuzcCNDO/dBevVBy0s1WrN9r7dIqqO2Y/XgZQ8ADzS6ExbFfF0+wJ9/nFpdCAMy3+LDWVFewKbnWMurlQw2KetwviwfnO9jG10Hi2lPlr7fLtujfQApFT/AvKeam63K7rzgrWVexysm7ze5UYrnT+A3Y5ZXMpZy8XE0Q/S4vt8gqmxZ/wH72NRUREREREZCRTYFXSkmEYYJp4fBaZGW48Xj/X2rpo6+ymrbObji4vnR47aNrZ5aW920Nnl/13l8cbtcwVC+4jN7OJ9jPbk6iAC1f2NMzsQvu/42bizi0mI+t2jMzJGK5MfJ52MLLx+/34/X4syxrgVhAJU1DOH1HBzk9W9b0MZ8p9+fpqdgem7Dtlv1Rd7jxfYQc6q1ezZGM1S5xlAgIBwaXx95BAlGn7dTv7VWIyylZXs3tpDS9VHqNudf+OoM9itLFWA5CR5QxvVe7g6Lw1VD0+M+zxqxx5dQsXv1tFxMPJlPhWJTuORnmi1z6Gmn1MJ2Zv4JlH84axHpGuHnmVLfth2YZn6He1rh7h1S0nmL3hGR4l7P/jlXs13nbp2WYiIiIig0mBVUkLhmHS5fVhmC5yszO52d5F4+VrnG+5yYWWm7R2dA9thSwfvo7z+DrO44lWXzMbM+cO3JMeIjNvDpnj78Fw5eLze7AsN36/hV+ZrWNe7sP/PKDlla1ez7GKrZzFXoi0YFoR7DpG3eoyyqjj2EEoXp/g1kylq1haBtQdowZYhb1O69+wlpfKV7O7qpiXKhvs9VBfgz/fWM7q6iqKNlVGZKSWzV0MW519N3/C4bMJ7i1VMI1idvF3NUt5qbzAXqv18Hy2b5xLOVs5VreasrJmPj58NsHdnvIpKj3L4U+aWVJeQPMnhzlbOp/IPFQ7GNywylkXNXjsxeRTAEVwtsHOca07dtBpBdvZw5/QXF5OQd0xaiji+YL42ycrahuLjFRH3+FI+QAE9gJ6BlGvHuHVLTt466HUA7Wj21U+OwHz5sGJz67yqIKXIiIiIsNOgVUZFqbLhcdngWGQm5XJhSs3nSBqKxeu3MTjTe+gpOXvxNd2Bl/bGbouvgWA4Z6Ae0IZ7skPkTHp62SMuxt/1zUsMwsfOVpCYIw59emng1BqGUtXlVITmEtftprtqzaxrqICcG5eVQY0F1PKrt43ryqbS/nZrc60+FWsKj1IYwssKV/L/E2VPOWUW76+mrIC+PP5m+xtwZ5GXwbNX4b2/fziCnupgNLFlJcmrvvqqlW8VBnYz2Kery6nAFi9frGTxVlK+eJoBRUwvQjO7nJuXrVxPY0VvcuJva/AdqspAArmLoatThbu4si7ZZUWNfA3FRWcDbQDQJzt4yqYRjFn2fVaDds3Rmnj5EsSSStFRbB/9xHufeZRBiW0l/co3523nx0nz/D4TEVWg87UsJ/ZbHjoIlt21HDm0cfpV+vkPcozVY/a/391ICooIiIiMvYY1gDPX66vr2daYWGfX+95zV4TL2NtTYItZSRxuVxYGBiGgWUYXGhppeHSdS5caaXp2q0hqcOKBfcxLfMLbn78F0OyPwAzewaZ+fPJKliMmXMnvu5b+M0J9tqwMmoExq2AMTd+NdfwUuVh5ldtZEmChFkRSS89x6/Oin+Ks7W9FABr1sCOHVxYFpjy3XspAHvKupPnXrSMDTGCsGfeqmQHvaf993w8bnlXj/Dqlv1OVn1RxDT5iKUGwjJjz7xVyTvMg6NHaQyUF15O0TzmcZQLgWntZ96iMlhQUZyp+HZb7A+m+M9jTZUdAE24z7jlOq+fvoFnHr3q9IPT3mfewv4zEGjtMSU/ou5QFOi3eEsBRNQrrO0Cr1k2g/37j0aWF2UpgFjtLzIQsqt/HxiD510iIhLVl01NlJSUDGiZlZWVCbdRxqoMGpfLhWWYuFwmdY3NnG9p5UJLK9fbOoe7akPG33mBzvN/S+f5v8XImEzmlN8hs6Cc7EkP4eu+id/IwedTJquMQM56rQGlq6oUVBUZM2by+Jp5VMbKmjzzFlv2z2BN1TPMdIJtW96amnxQ7eoR3jkK89bMjFKeHawLlXeGt7bsZ8aaKp4JBBm3vMXUqsfJO/IqOy4sY0PVo+Q5QeFXp4eCfo1HYU1VVSgYuXs/LNtAVTAYCUWzsfex4wLLNlTZQcczb1EZI2P36pHd7J+xhqpnZhIINL5zpDzGPmPXvXdLneHk0SJmb8gD8ihfVsSWQEbvzIeYxw5OnnmcmTOBq59xorGI2U/lRa97wmxXuy2C9bp6hFe3OMs/2EfB/hOz2VBV5QSGt/DW1N7LNlyNaH+7LV49ovVXRUREZHRRYFUGlGmaYLrIcLs439LKB7+9yOdfXhvuaqUFy3OdrqZ36Gp6BzDJmPI7ZE39D2SMKwXXRHxWptZlHSUGahmA+++7b0DKGRRlq9ldvXq4ayEiw2Xm46yZV8mOtx6i6vHIQNmZk0dh3honcJfHo9+dx/4dJznz+MzowbyjO6jscQOromUbgoG6MyePUrRsQ/C1M8uXUbTFKe/MSY4yjzXBJx+nqgrgKkdONFI0+ykn+DnTDkae+IyrjzrT3+c9FKpPRDASmFnOsqKjnAjWqJH9NWd49PGZ9j6eid4seY8+Q1Xwr6tcbARmh20Qvs8zJzlatIwNoQNjWdGWUIA03JmTHJ33Xaqc6uXdO5ui/YE2nclD8wgtnXD1Io3zvsszefZxPx5W2auXLwAzolc+dBQ8+kzoKLh6kV6H8V0nqByxbEP4++Aqn51oZN53n3Ha33kfvGO3v0KrIiIiMloosCr9ZhgGptuNabq4crOdD8+c49OGZjTZPR4/niuH8Vw5DEBG/gJy7vg/ycgtwucz8PqGuXrSb/0Nig7OGq0iIgPHDnDu4K2HNjA9+OhVLl+AotkphM7m9ZzyP4PvBrMa7fIaj26hcn/4i4q4fBXy7J1FCdTZQc0Z302yHlcv0sgMQpvnMTUYf5zJ41VroDIsABxrWnuPJQOK4tyM76p9YGyJPDCKLl+FHkHKI+8chcajvQLQgWzY8GAzJ48y76HHQ68NW5qgKF6FIg4jbAp/UVGPewoWMT2sennTi+Bir6PjYiMc3VFJZJXncRUUWBUREZFRQ4FV6bNAdqrPgiOnzvNpYzOd3d7hrtaI5GmpxdNSi5k9nezp3ydr2mNYvm68/gxlsY5gP280+/S6bxepz0VkBMh7lKeWnWDLOzXMCz3I1BnQeLFv4bO8R59hzcVKdrw63VlH1S6vaHaMKeT2zqIE6/KYXgQnegUpY+14OkWcILS5HdANRYxn8nhVFY+DMzV+B2891HP6ux0A7bXmaKxd2gcWc/3ZULGfcaJxXtgaqs7DR14NZuDm5d3L7KL9nDzzEBydRzCueqaG/eGvdZY4iOvqEd45Grbeq7OuaszNLzZGedRu/3nf7b1EgIiIiMho0rerfhnTXC4XroxMWrv8/POJM7z29gk+PPOlgqoDwN95kfbP/5pr//4t2s9sx/Q0kuX24XIbw101ERGRXvIefYplHOVoWGxt5kPz4OhJzgDBbMvwKfAJzHx8DfMa97P7yNVgeY37a5zy7IBiZeVb9t8zH2IeRzkZepJXK1/lyNU87p1dROOJz5wb3p+hZn8jRbPvjR7EzLuX2UX2dH+7nM840dizzMC2U5nRI2sznB1UxglqxjvQh5jXuJ+aiLpX8taZyM2ufnaCxijtl3fvbIoaT/DZVQD7eI/u2MGFZeU9tr3A5asQ7IukNBI6jLCbWDnPhdrJWQ/3oV61s+vzzhECzXbmrUoqXw39LSIiIjIaKGNVkuZ2uzFcLhov3+TwrxtovtE+3FUa1bpbDtLdchAz506ybv82OXf8EV5Pt5YJEBGRNBJYQzUsYDfzcTYse5UtgbuoFi1jQ0ppi856qPsDN0XqUR5FLNsQyN6cyeMblvHqlkoCz85b49yoycl+DU61n7fGvjFVrON4Zg0Xg9P95zFvHlwAyHuUZ9ZcpHJLJYFJ+0XLNvB4r6ICbeGUMW8Na+YdZUfM7N3edQ9fW9ZmB4SDN/KK2J2dpRpY+zXv3tkUAbPvDduXs27r/i2V7KeIZWuWUbTDycyN0RLBdVOdafzz1qxh3tEdhA6jiGXTT1LppL72rnOgmB7tzzzWVGl9VRERERldDMuyBnQpzPr6eqYVFvb59Z7XygHIWFszUFWSfjJcLjo9fuqbrvPvp87R6RmZmakrFtzHtMwvuPnxXwx3VfrGzGZc6Voyp34br8+Hz6tVbNNFYNwK+M2iv+b+++7r11IApz79NL1vXiUio0LP8auz4p+GqSYiIqnJrv59QNeNIiJi+7KpiZKSkgEtszL4w35sWgpAYjJdbjKzszn5eTM/+flHvHuyfsQGVUcFfydtv93O9WPfw3/1IFlZLlwuLREwJjTX8FJFBTvr4m2yiafibRChjp0Vm3i3ue/lpbY/Z687K3ippjmp/YuIiIiIiIikOy0FIL24XC4Ml5vPzrXwrx99js+vzMh0YvnaaPvN/0v75/+N3Lv/nOyChXh84PPqhkejVfMnh2HxYhqO1UFZ2QCUWMbq6o1xtygo38juOM+3NJxNcZ/NXGwEipPbv4iIiIiIiEi6U2BVgkzTBNPNhaut/OKDs9zq7B7uKkkclvcmbb/ZSnv9fyO39D+TOekbeK1s/H4FWEeXZj4+DPPXLoXXXuPd5o0sKXCeqtvJU1sPAqWULw5sX8fOir0UrSpi1y77uVVVK2is3EoNULqqipfKW+xtqjby4CebWNdQRPnBg9QALF7P7tVlNNdsYl3DCnavhp0V9msBytdXs5qdvHIQYCs751ZRtLeSxqLF1BxsZFXVRpa0BOoVes3SL19j11ng7Gu8+8AKGivt/S8paObdTZX2c5Tar3ces8s8GNrvQMSURURERERERAaIlgIQAAyXmxudXv72vV+z/9/qFFQdQSzPNdo+28yNk3+Gy3cJt1uB1VGl+RMOF61gSUEBD86Hw58E5s/XsXPrQcrXV7O7ei1FjeEZpGfZ1TCX3dXVPL/4LLsqjzG3uprtq0o5e/gTes3APwhzq6vZXbWK0oN7I6boN9fspWbxenZXV7N7/WJq9tbQXLaa5xcDi9cHg501zGV3tR30rcPe925nnzXH6igoX8uqUihdtTYUGAbqdlayqyhQfhG7KncSWGCgxiln+6pSe78D2a4iIiIiIiIi/aTA6hhnulxkZGXx8w/OUv2vH9N8o324qyR9ZHU1ceOXT9PV8BOyc3JwufTxHg2aPzlM8Vw7elnwwHwIBEbrjlHDYuynCnhwfmnE68qd1+QXl8LiuZQBBdOKou+ktJh8gIJp9kz9MAUPzKf04FaeqqhgJ6vZvbGcgqhF5Af/v6yszM6mrahg3a54SwbYywME6krZXMpp5GJzZJkx6y0iIiIiIiIyjLQUwBhlGAaGO4PPv7zGO8d/O9zVkQHU9eU/0PXlPzLhvpfJnPQ1PF43lqV1ckemOg7sOksNFYTud1vKx83lLBmqKhSU81J1ubPsQAU1LOb56tVxXuBM7WcV26uroWYT6xqGqrIiIiIiIiIiQ0eB1THIdLnxGwZ//291XLzSOtzVkUFh0frpf8E96WuML9uE33Lh9bmGu1JjzreL+rksQ90xakpXsT0sS7S5ZhPrDtSxZPVcytnKsbrVlJU18/HhszAIiZ3NNZv4G9byUvlqdlcV81JlclHS8hXlFNDMu3HrVcD0Ith1rI7VZWVOFm4RzxfAxQE7AhEREREREZHBocDqGGIYBqY7g1MNzbx7sn64qyNDwHvjV1w/9ofk3vUnZBQsxstklLw6NE59+mm/y6g7dpDS+VURU+8LHphP6a5j1K1ezer1i50s0lLKF5fGLKc/CsrXMn9TJU/tsv8uX19NGdBcXAq7nJtXRb6CB+eXssup16pVi+HwlzRTxvQiOLvLvnlVQNnqKlZtquSpCgjcvKqMZgVWRUREREREJO0Z1gDPEa6vr2daYWGfX+95rRyAjLU1CbaUVLhcLgzDR0NLB/9w5PRwV2dYrFhwH9Myv+Dmx38x3FUZFkbmVCZ/43U8PgO/lTnc1RlVAuNWgMYvERkpeo5fnRX/NEw1ERFJTXb17wM67xIREduXTU2UlJQMaJmVlZUJt9HdbcYAw+jm+sUj1L4xn5LbJ1M8ddJwV0mGgdV9mWvHvofV+hEZZsdwV0dEREREREREZETTUgCjnGl08cVH/5Pzp/YA8Kuf/2e+/52/5i///tgw10yGS9tnm8i8/TuMK/1zuj2mlgYYBAOxDADA/ffdNyDliIiIiIiIiMjAU2B1lLIsL9k54/nlP/0ZN5tPBR+/dvF9rl38gKeWPMjudz8exhrKcOq+9C94r3/IxId24PW78VsaCgZaf4OiAxWcFREREREREZHBoWjKKOT33MDyd3BwTznQOx3xV/+yhgWr/p2HSm/n5NlLQ19BSQv+rktcf//7jL/3f9PYtAAAIABJREFURTImfh2PP2u4qzTq/Hr58j697qv79g1wTUREkjNh/PjhroKISFI8w10BERERtMbqqOP3XOf6l8d5/63lRAuqBhzb+z2WPHT30FVM0tatzzbT8cVrZLo6h7sqIiIiIiIiIiIjhgKro4hJF40f/08+O7w54bbd7Ze5+JsD/Ml3vjEENZN01335f3Pz478gK8s13FURERERERERERkRFFgdBQwDsnOyOfnzP+fiZz9L+nWf1b5EptHJwgfvGsTayUjh72jk+rHvk5XlwjCGuzYiIiIiIiIiIulNgdURzrI8+LouUfOT2dy6cjrl1x95cwkPf2UablNvBQHL18a1f/8WGcYtTDP2UhIytOp2VvBUReDfTuqcx5trNvHUzjqgjp0Vm3i3uQ+FN9fwUliZkU9tCttvBS/V9GUHPdTt5KlNNQxASSIiIiIiIiLDStG0EcwwfHTdOMOxfY/3q5yzH+zgz5Y+PEC1ktHg+vEVmN0NmIZ3uKsyxjXz7qYKXmE9u6ur7X/r4ZVegdAyVldvZElBH3bR0sDZqLuu4W92waoqZ79Vq2BXJTujRWBTUbaa3RvL6UtVRURERERERNKJe7grIH3lpfXyR3z8v9b1u6SGk/+Dwnt+n8ce+Qpvv//bAaibjAY3T65lfNkmXBO+hs+fOdzVGZuaP+Hw2cU8v7Es9FjZarZX1RGZ8lnHzoq9FFXZwdW6nRW8ctB+pnRVFS+VF9Bcs4l1DUWUHzxIDcDi9exeDTu32hu+snMuu1eH7aelgbMU8UeBCGhBOS9Vl4eqVrOJdbuckOzi9fZr63by1F4o5yA1Bd+i9Fg3f1S9mrLA9ofns31FA+v2FrN9YzkFdTt5ytl/sAyi15/mGl6q3OUEgUtZVdXHQLKIiIiIiIjIAFHG6kjk76St5eMBCaoGvL/3D/jKjDwKbxs3YGXKyHfr/2fvzuOjqu/9j7/nzEz2QIAECGoiDKBBQauouISawVp3vVbR1pImansramnJ7RLa+wMerdANWnsr3ZuY3C7Sq23VurUktbEaBS0CkrpEIOxM2LLPen5/TAJhzzIzZya8no9HHj44c873+54Y5vHIh8/5nIaFCu3/h2wBbty2gmd9nRpd+co+6nhOToFyTlBU9NQs7tXhWq78yhWHRwTUSjO6u09dtSu1ylOg0vIiSUVa0LuoKkkFpVpQVKsl3WMAjuhUbagIF0mrqlRdtUwlTUsPv97YpLy5Vaqee60KXbWq7z7evKVR7tm9O1UbVLG0Vu7yI9c4Uf6GZyulkmWqrqrS8hKp8tnBts4CAAAAADA4dKwmGDPQoY6D7+ntF+dFfO13ar6uu65+RI/+6fWIr43E1f7+cqVO+Lyco65RwEyzOs5pJSc3r9/XNG9plGqXak7t4WOu9R5Nk6SeIm1OrvL7sFZBaZWqS9XdLVqsOd2dotN2NkmNtZpfXHn45PoGlc6QpDyNy5GkHE0rdKlup0cqaFZ9bZFmlEqHB8Tu1BYV6a6C8LmzFlZJkhrqj59/0YwiNS4t05zKcIbqw82zAAAAAABYgsJqAgn5W9TV1qS3X3g4Kuvv2fRXnXn+Pbr76vP1+79viMoeSEydH/5UNhmyj5yloFKtjnP6yM6Xq3GLmqUjZpI2VBTrifxlevAElx26fb4XT80gcnSPAWioKNYTPUXaXrfuHw5Wf+RlUwulFevlyd2imqIZKu3jdsfLL5Wquqo0PFKgrFiVrpLwOIEBviUAAAAAAAaLUQAJwgy0y9exQ2ufeyCq+7z1TInGZqWq4Kyjbz7G6a7jwxUKHayXXZ1WR0kY5//hDwP6OiRnqgpdtVrS+z78hgotqS3SXccUHsOy811qrHy2uzG0QRVH38bfR56axZpzzEOypPzcnHAnbe3K7hED4QdsLao5zriInKkqVJ0eW1kr94yjirA5ucpXz6iAw2ucKH9DRfi/Oe6Fqi4v6v8bAgAAAAAgwuhYTQBm0Ct/12699exnY7Lfmj/N0fW3/1YNW5tjsh8SR/v731P6uf9PRsaFCinF6jhx7Z2NGyOwSo5mLVwmLS7TnOKeY0Va0PNAqONd4V6oBVuKtaQ4fC+9q2SZFhVInp0n2CI7Xy5VHvPwqqPX6b2WVKrlJd2do1K4e9Wdo2OqsMrRrNl5qlya133Lf28FKl1W0j1iQJKrRMvdOcrR8fOroFz1xd3nyqWSZaV0qwIAAAAALGUzTdOM5IKbNm1S7tixA77evyI8OM85dzD3rQ4dNgXk79ytN566O6b7njfru0rOuUK/evFfMd03mmbPnKLcpM1qWfdFq6MkvMzzvyulTlbQTLI6Slzo+dzqwecXgETB5xeARMXvjQCA3nbu2qXx48dHdM2ysrJTnkPHajyzmQp698e8qCpJ76z6igqLX9aMgjNV37At5vsjvrVu+IqGXfhjGc48hUw+Ro4WmW5V6bwpUyKyDgAAAAAAiDwqInHKZpMUbFX9H263LEPd/86S+956Cqs4rpa1Dynz/O/ISD1PIZNxzUcbbFE0UsVZAAAAAAAQHRRW41TIu1ev/eE2i0MEtGltpR646R795Nk11mZBXGrd8FWNvPJFdXmDVkeJS7P/fNeArlt56xMRTgIAAAAAACKNNrM45LQH9fZL86yOIUnatObHkv+APn6xy+ooiFMH3rpPSc6A1TEAAAAAAABiisJqnLGZnfpgzWPqOLjF6iiH1P/+ep1/9mgNT0+2OgriUKhzmzo++JGcRqfVUQAAAAAAAGKGwmo8CXnVsmedtm/8g9VJjvHvuiX6zMcusDoG4pTP8zf599bJbvNaHQUAAAAAACAmKKzGjaDsdmn93/7L6iDHtePdp9R1YLPuuKrA6iiIUx2NP5Qt4JHBp0rkeGq0qLhYc476WlTjGcBiDaooXqxVA7k0LtYHAAAAACC+8PCqOGHIpzVP32t1jJNa/ce7dPW9r2v82Cxt2nXA6jiIQy3/+pxGXvVXdXX5rY4yhLhUsmyhZuUMdp0ClVYtjEQgi9YHAAAAACC+UFiNA0GfR5verlRnyzaro5zS2ufm6j9u/KmWP1VvdRTEqQNv3qfhFzwmb8BudZQhrkEVxSulIqmmtlFHFGAbKjRnaa0kl9xFUo1mq7pUqiheqbxlCzVt/WLN35Ind22taiSpqFzVpeFu9IaKYi2pDe/gKlmmRe6cEx731BxeZ0vJA8qvfOkU63u0anGZKhslFRXJXdukvIgUjQEAAAAAiD1u2rWYGWxX+95/a+d7T1sdpU8O7HpTe7fVq/iaaVZHQZwKdTapfdNP5DB8VkcZIhpVWXbkKICKhsOvbcmfq+qqKi0oalTlsw2SGlSxtFbu8ipVV81VXlPj8ZetlWZUVal6WYlctSu1yiN5ahZricpVXVWl6qpy5VeuOOnx3usscmf1Yf0VqlSJlldVqXqGwkVXAAAAAAASFB2rVrLZZLcb2lCzwOok/bLuxYc1s+Sf+ohrrP7VuMvqOIhDvt3PKXXcrTKc+QqFQlbHSXAnHwWQnxt+ITvfJW2R1FCvGhVpQYEk5WhaYffxY5bNV7Yk5eQqv/tQ85ZGqXap5tT2Om29R+NOcHxa73VOub5H6+oa5SqcqxxJKpght5r69B0AAAAAACAeUVi1kMMI6I2nSqyOMSD1T9wi9z0vUljFCbVs+IqyLnlCXhpXE0rv2/97NFQc/7iHllMAAAAAwGmMwqpFDHn1fv2P1NW2w+ooA+Lr3KttDX/U566/QT9//i2r4yAOmf6D6tzySyWf9Rn5T9N5qytvfSL2mxbMkFtLVd9QqoKCcJeo8vp2aXa+S42Vz6rBXaoCNaiieKlUXqWbTnS8X8HC3bOVdevlcbuV01CvGkmJ+U9LAAAAAABQWLWEYZhq3rQqYeaqnsh7/3xEV+RfraILxqv27U1Wx0Ec6tr+f0oec50Mx5mn3UiAdzZujNBK4Rmrlb0PuUq0fGHuCc4vUGl5keYsLVaNXHIXufq8U457oRZsKdaS4trubZZpUYGkguMf9+zs3zvJcc9VSV2Z5hdXhh9e1b/LAQAAAACIKzbTNM1ILrhp0ybljh074Ov9K8K/ajvnDt17TJOTnXr58Y8qFPRaHSUi3Pev0Y///Ia8gaDVUU5q9swpyk3arJZ1X7Q6ymnF5hyhrEt/J6936BZWez63esTP55dHqxaXqa7w2Nv4LddQoTlLpQVVpSqwOgtwGovfzy8AOLnT4fdGAEDf7dy1S+PHj4/ommVlZac8h47VGLOZXn245ldDpqgqSR+88T/67A0P6MdPr7Y6CuKQ6d+vjs2/VvKZcxQInp4jAWIrfKv+oV8xXCVaHidFVU/NYs2vbDz0Z3d5FUVVAAAAAEDCorAaSzabbDZpy7rKU5+bQJrWPa6xk2/TLTMm6+n696yOgzjk3b5SKWOuk+EYd1qMBIjUGIDzpkwZwFUFKq2qUmlEEkRWjnuhqrn/HwAAAAAwRFBYjSHTv1//rl9mdYyoeOP//kNX3/uGxo3K1I69rVbHQRxqeedrGnbBTxRSqtVRYmJgRdHDIjejFQAAAAAARAOF1Vgx/fJ17FHzlr9bnSRqNqz6imbP+q5++MfXrY6COGR69yh4cI3sI65WMM7n8UbKr27oHNB19z13ehSfAQAAAABIZIbVAU4Xhnz69ytLrI4RVc1b/q6Du9fpU1efb3UUxKm2974vp4M5qwAAAAAAIPFRWI2FYLuat/5T7fsbT31uglv7l/s1OitF5+XFx8NyEGdMvzq3/kYOeuUBAAAAAECCo7AaA0lpWXrv1e9YHSNmVv/xHn18usvqGIhTnVsqZLfz0QMAAAAAABIbfWNRZjO79OHqnysU9FkdJWY6Dnyo3R/+VfdfN1O/fOFfVsdBHOpo/B8l5z+gQJAC60l5arSorFJH97q7y5cpb2WZmmZXqbTAkmQAAAAAAJz2KKxGk80mw2ZT0/pqq5PE3MbaBbpqzt91xZSz9OrGrVbHQZzx7vqLUvNLZLNlyDRNq+PEOZdKli3UrKOnayyssiQNAAAAAAAIo7AaRYa8aqj7ptUxLPNK9dVy37+GwiqOq+3d7yjj3IXyBXiYVf95tGpxd8eqKjRnpeRWrWoaJblKtHyhWzmSGiqKtaS255oiLagqVUFD3853l/d0wzaoonipaiSdsMgLAAAAAMBpiPtwo8QwDJlBr5q3vGx1FEttXlupuTdNtzoG4lDgwBoFW9fJMPgYOrlGVZYVa05x91dFw3FOaVLe3CpVV5XL3VipZxskqUGaUaXqqipVVy1TiatW9Q0nOb+hQktqi7SgqkrVy0q0ZWmFGuTRqsVLpfLudcrzVLmiRp7YvXkAAAAAAOIWHatRYvocMpwj9dGSV7V1w2/04ZrHrI5kiQ/X/FijJ16v66dP1PNrPrA6DuJM5/YnlXHO+fLJaXWUOHa8LtGjS5t5GpcjSdnKc0lNkqQCFRQc1YV6kvM9O5ukotkqkKQctxZVSVKD6hulmqXF3R2r4TzrPG66VgEAAAAApz0Kq1Fgs9kU8NpUectBTZzl1Ee/8GnlTf20tm58Qo2v/9DqeDFX//sbVXTfar3+7jbta+2yOg7iSODAW5LZJZstiVmrkdb94CuVLFN1lcKjAwa0ELf/AwAAAABwPBRWoyDodejN34YLiB+s8uuDVX6Nv8qporLZyjvvk9q28Q96v/77FqeMrYa6b2rOrG/o0T+9bnUUxJnOpseVfPaDCgRsVkeJuPueS7U4QZHucudInhrVNUr5JzkzJzdPqqxXQ2mBCjw1WlRWp8Jlc5XnalTlsw2aVVogNVRozlKFZ7XG7D0AAAAAABCfKKxGQdowhzb8ueWIY5te8WvTK37lXerQrK/erjPvm60d7/5J776yxKKUsbXrvad1xpS7dOfM8/SHf7xjdRzEEe+u55TumqdAIGh1lIh6Z+NGawPkTFWhq1JLimslV4lKiqS6nR4p9wTnF5RqeclizS8uliS5SpZpVk6OtLBcTcVLNadW6ulepagKAAAAAIBkMyN8/+2mTZuUO3bsgK/3rwhPAXTOrTnFmfHJDNq16R+mar/XftLzxl3o0McWJCs926ndHzynjS8vilFCa1197+t6uv59Ne7cH/O9Z8+cotykzWpZ98WY742TSz37PjnH3qlAIGR1lAHp+dzqkaifXwBOP3x+AUhUif57IwAgsnbu2qXx48dHdM2ysrJTnsPjuCPM9Du17qlTzxHdsTagx2e368kHW5U+7FoV3bda5xU9EoOE1vrXXz6nWy4/x+oYiDOdW38nu52PIwAAAAAAkDgYBRBJIUOtu4La29j3W5p3NwRVdXebRk0wdMO3iuS+b7U8m2u1ftVXohjUOgd3v63mpldU8rGLVfnXt62Og3gR7JB/36uyD7tcwWDijwSI1BiA86ZMicg6AAAAAAAg8iisRlDXfkPrnhzYU+/3fhhS9afalHWWoRseuVLu+9eoualO6176UoRTWm/DX7+kmZ+p0/RJuVrz/k6r4yBOdG6pVOYF0xUMDo3O1cEWRS2f0QoAAAAAAE6KwmoEZWQ79N6q1kGtcWBrSL8tblfG6E7d/J1L5b5/jfZte01rX3g4Qinjw6u/u1EfLa6hsIpDgh2bFWjZICP9QoVCiTlr9Wiv/qZwQNddcU9dhJMAAAAAAIBIGxqtYXEg2OXQuj96I7Ze256Qflfarl/dtk8h70Vy379GH7nxpxFb32oBX4u2vvMHff7Gi62Ogjji3/uK7PaIPk8PAAAAAAAgKiisRogzyaF1T3VGfN2ug9IT97frZ9fvk7/lfLnvX6OLbvqFZCR+s/H7r31HRrBVsy6M7FPbkLi8nlUy7In/sw0AAAAAAIY+CqsRYBiGdv87oPbm6HXaBbqkP3y+Q48V7VPX3ily31uv6bdWypGUEbU9Y+G1331cF7rGKi2JYhokBTsVbHtfhsFHEwAAAAAAiG9ULyIg2OnQ2icG9tCqgXjyoXY9VrRPrdsnaWbx33XJbf+rpNRRMds/0t6v/4Huv/4iq2MgTnTt+KMMY2jMWB00T40WFS/WKs/RxyrUYFmongzFmnPUV4WloQAAAAAAiC0KqxFhqGm1P+a7/ulL4QLrgc1n66p7XtSlt/9eKRm5Mc8xWFs3/Ebe1q267fJzrI6COODz1MjhSLY6Bk7JpZJlVaquCn8tL3GpZmWNPKe+EAAAAACAIYH7rwfJbrdrx78DlmZ4+ssdkjp045IzdMXdz6h9/yat/9tX1HFwk6W5+uONJ+9Q0X2rdWZ2prY1t1odB1Yyg/IfXCcjbYpCwaDVaeKap2ax5tcVavlCt3LUoIrilcpbtlDT1i/W/C2FKmmqVGWjpKJyLc9fqfnhP2hBVakK5NGqxWXh1yXJVRJep6FCc1ZKbtWqprHX8VNkyZlaKFflFjVLypHUUFGsJbU9Sy/TIndOuNO1rFLhLV0qWbZQs3IkqUEVxUtVI/XKFz6m8iqVFnS/1y2zVV0qVRSvlIqkmto8Lai6STsOvY9eax6xV8+aR+ZSUbmqSwsi8H8CAAAAAHA6omN1kIJdhj542Wt1DEnSXxZ06rGifdq1fqxm3LFSM+58ShmjzrU6Vp+te2m+7iycYnUMxAHvzj/LYbP2HyziR6Mqy3rdcn+oWHgKtXXS3CpVLyuRq3apHtNcVVeVy61a1TdI8jRr3NyejtNyuRvrtK6n3bSxSXlze45X6tk+3OLvWV+nRle+shUugi5R+aG18ytXaJVHani2UipZ1t3hKlU+2yDJo1WLl2rLoeNNWrL4VJ2vjdqSP1fVVaXKrlmhSpVoeVWVqsvzVLmiRh41qKKsToXLqg6vWdEgeWr0RG2RFvS859qVR45ZAAAAAACgH+hYHSS7066ta2I/BuBkXljYKalT1/73aF1yW7W6Wndq48v/rYO737Y62knt3Vqn/Tvf0j3uqfpNzXqr48BCvua/K6NgoRTotDpKHOjd2anuTswtfbisUNNyJClX+XIpb2p4gTyX1CRJOQVHda26VHLo4jyNy5Gk7MPnHyNc8K08Ime4s7VhS6NUu1Rzag+f7Vrv0aIZRWpcWqY5leH3VO2WpAY1NbpUODec73Dn68nHmuTnhs9v3tIoV+HccEdtQamqF4a/R1vUqJoj8tWrofQmFboqtaS4NtytWrXwVN9FAAAAAABOiMLqINhsNnUeCKm92bQ6ynG99M0OvfTNDs362ghddOMv5O3wqOEfi7V/xxtWRzuht5//vGaWvKqpZ4/W+s17rI4DC3XtfFbGqGsZBxAtDRWas7RW7vIqVReExwj0z+GCb89Igmm95gUcuv3/CKWqrioNn19WrEpXiZYvjNZc6MO3//dWsLBKs7rHDMypldzdowYAAAAAAOgvCquDEOwytPmf8dWtejyrvt2pVd/u1NXzh+nCG38sX+de/fuVJdq7tc7qaMe1+qm7dO3sP1JYPc0F296VY9RHFUrgj6kr7onu37Gc3DypsXuuaUO9aqReXad94CrRTQWSBnJt7xzuhVqwpVjzK3JVXVqg7HyXGiufVYP7yFmpM+qLVT+jSqXuharODc9yDXfFNqpuvUez3DndIwUKld3dLVu30yMVSOvqGqW8Y/fOznepsW69PO7u+bBLpQVVM5SvSj1Rc5MWuXMOz6KdKz22QnpwoVulVcuUt7jsBN24AAAAAACcWuJWLOJAoMuuptXxMV+1L/6+vFN/X96pmV/I0NRblingO6B3X/2OPJtWWR3tCJ0tW7Xzg+d1/3VF+uUL/7I6DiziP7hWaXZDgQRtWH1n48bob1IwQ24t7b61vUju/l7buFTziyulohKVuGrV1DyIKKXlchcv1RyVq7o0XGhdUhyeBeAqWaZFBZIKylVfXKw54aMqWVaqHEmzFparqbhMcyqlcKdpeKTAtEKXKivDowPcRa7j7nuoqFscvunfXV6lAkkFy0q0qOzYNR8sXHzoXBWVq5puVQAAAADAANlM04zofeybNm1S7tixA77evyJcGnDOrYlUpKhJTkrVTz++T6EELfxc+UCqpn0iWUF/i96rX67dHzxndaQjXPXpGq3d0qq6DZHpKZs9c4pykzarZd0XI7Ieom/EFc/K64v/Z+z1fG71SITPLwCQ+PwCkLgS6fdGAED07dy1S+PHj4/ommVlZac8J/4rFnHKsBna1RBI2KKqJP3zJ536yTUHtPYPSTr3yoWaOadWuZNvtTrWIa/8r1uXnnOG1TFgocCBtbLb7VbHAAAAAAAAOAajAAbI22Zoc73P6hgR8cavu/TGr7t08ZwUTf90uSbNmK/G1T/W9oY/WB1Nm/71Kz14c7Eee2aN1VFgAd++eiVnTlOifVRFagzAeVOmRGQdAAAAAAAQeYlVrYgjdsOuras7rI4RUW9Wd+nN6i5deFeyLi0pk+uSh7XprZ9p64bfWJZp05s/0WjX9brx0kn6yxvvW5YD1kjkOauDLYrGZEYrAAAAAAAYMAqrA+RMtcnzXgJWe/pg7RNerX3Cq6m3J+vy+x/WhIsf0Oa1v9KWtyssyfP6yltUdN9q1f97m/a2dFqSAdYIdW6zOsKgPPbc2gFd9+ANF0Y4CQAAAAAAiDRmrA6AYbdr21t+q2NE3fqnvPr5DS36x4+COmvK53R1yas6+6LPWZJl48sLNWfWNEv2hrWYswoAAAAAAOIRhdUBCHoNffB3r9UxYmbjs1794qZW1XzPpzMn36uPlryqCdMfimmG3R88p7bmd3XXzPNiui+s523+h2y20+fvGwAAAAAASAwUVgciZNP+ppDVKWLu3Zd8+sXNLfrbEq/GTrhHV5e+pkmXzY/Z/m8+PUe5I9M0+YyRMdsT1gt2bOaDCgAAAAAAxB3qFQPgTDV0cPvpV1jt8UGtX7+6tVUvLOzSqDPvVNG9r2vyFV+Nyd5vPXu/brpsckz2QnwIdjTJ5ki1OoZ1Gio0p7j48FdFw6kuUEXxYq3yDHpjVfTsubhGx1+u55wKHZHKU6NFfcrae6mKY9c5CU/N4u71PVq1uFj92QoAAAAAgEigsDoAZlDytZtWx7Dcpn/6VXF7q575WrtGjLlVRfe9oXMLvxHVPVs9G+RpqlPJxy6I6j6II6EumYF22Ww2q5NYoEEVS2vlLq9SdVWVqqvK5a5dqkU1g66anpKnZqW2lCxTdVWVFuRV6tkTFi5dcrlqVd/rdc/6OjVGOV/zlp4dcjRrYZVKC6K8IQAAAAAAR3FYHSDR2AxDLdtO327V49m6OqDKO9o07gKHPvb1G1R03y3a9cHzanh5YVT22/DX+Sos/ocunTxOb7y3Iyp7DGXJU59Repbkb7xZrTtOdPwTyrz8ITkdkgJr1f7al+SVlH5xrRytRTr4Xmwzh7q2y5bkkmmeZv+g4dmpLXKpMLvnQIFKq6oOv95QoTlLaw/90V1+bIGxoaJYS7pPcZUs0yJ3TrijtKyyu/jpUsmyhZqVc+R1Obl5aly5Xh53ruprizSj9MQxCwuLVLfTIxXkSPJoXZ3kLnKp5qQ5PVq1uExNeUWqqW1SyQN5h992zWLNr1R3rgZVFC/tXqs7a3NF93taqooZy5S3skxNs6t0087Fmr8lT+7a2vD5ReWqLi1QuKu1TJWNkoqK5K5tUt5x3jMAAAAAAP1Bx2o/mQGb9m4KWB0jLu14O6DHZ7fp/+a2Kj3zYyq6b7XOK1oSlb3++dvrVDg1PyprD2njfqDUrIxTHx93leyOJnnrXlDQMVFJ48LnOJPWqivGRVVJCrT+WzbjNPy4ynHrwRKpsix8S/7RnaoNmtHdyVql5SUu1dQf2VbqqVmsJSo/1O2aX7lCqzxSw7OVUnc36vISqfJ47agFpVqQV6n5xfWaUVWqkzaE5uZLdevD4wI861WnQs3o9dfzZDlrNEPVVQs1K6vn5ArNryvU8qqFmpXj0arFS6Wejt3yPFWuqJGnoFQLiiQVlR/bqVorzajucY0lAAAgAElEQVSqUvWyErlqV2qVR/LUrFClSrS8qkrVM3S44AsAAAAAwCDQsdpP3labDmwPWh0jru35d1DVn2zTqPGGrv/m1XLfv1qezX/X+r99OWJ7hAId2vrOE3rgxv/QT/7yZsTWHdo+ocz8C6VA21F/8090/EjpuRfK3Fskb7RjHkewrVGObK8kuwW7WyvHvVDVbik8z7RMcyoPd6YWFBQc2Q1adOS1zVsapdqlmnO4WVSu9R4tmlGkxqVlmlMZ7gANr99buEtU5ctU0lSmJ2pu0oNaoflbZnd3gB4le6oKtULrPG5NW18nFc5VtuoOvXyynK787F4L1WrJUpdKlpUq3EzarKZGqWZpca9iqEvrPG6NO9E3zJWvbEnKyVW4tuvRurpGuQrnhtcsmCG3mk50NQAAAAAAfUZhtZ/MgE0Ht1FY7Yu9m0L630+3adgZhm5ecqXc969R89ZXtO7FL0Zk/fdf+55yzp6lay6aoL+99WFE1hzKkqeWyKm1at87UuljRp78+I5XFMx/SMmFeVLHCzqoHygraa06LehWlaRgZ5MM22k2BuAY4TEAN9Us1vz6BpUWZIdvb+/uxFTNYs3fcuxVh27/P0KpqqtKw7fclxWr0lWi5Qvd6jmrZ77qooIcaWG5morLNF+Su/xEfas5mlYoPba+QaqTCufmSOt7XvP0KWdYkRaUS0tW1GjaoTzHH1XAs6oAAAAAAFajsNpP9iSbDtKx2i8t20P6zWfalDZKuuW7l8h9/xrt2/661j7/4KDXfvV318l9/xq9tnGr2rv8EUg7RI37gVKzJH/jl+TNeFzppzquJ9X62pOH/pR+ca3MvUXS1Gc0MitDUpO8dZ9Re4ziBzs2y7AnS4HE+rv34A0XDm6BhgrNWdp0TGGxd5ene7ZbOfJoVV2jlHfk5dn5LjVWPqsGd6kKDnWhVmlGfbHqZ1Sp1L1Q1bkVmrPyyOsOz1d1K0cFuqnEpZpKKS9bJ5QztVBasVJ1jXm66zizS0+W8wgFpVqQV6zHaqZqkTtbea5GVT7boFmlPV2v0oKqkwx8PTaZphW6VFnX/X4a6lUjqaQfKwAAAAAAcDwUVvspJdPQwe08vGogOvZKv7+vXSnD2nXL9z8i9/1rdGDnm3rrL/85qHXfffW7uvfjZfqfP78RoaRDT/KoiTKUIcNVq55eVafrGQ3v1HGPZ6rXg626Z6t2vvdVpRRK/sYfS/kPyTn1E9L6J4+zW+SZgTaZZkCSLSb7RcI7GzcOfpGCUi0v6e4q7TlWVK7q0nDlclqhS5VLi1Ujl0pKiqS6nfIo99DlOe6FWrClWEuKw7fgu0qWaVGBpIJy1RcXa074aK9b7w/vuyCvWPOLKw/vuWynFpVVaNyJ5q3mTFWhKlVZNFvhx0UdeuEEOU9cpS24qUQqW6FVUxdq1sJyNRX3jDMId68WSPLku6TK7odXneLbmOOeq5K6svD7KSrSMZMPAAAAAAAYAJsZ4cdsb9q0Sbljxw74ev+K8K+8zrnx+XgRhy1VP7t+n9UxhgRHknTbD9M1piBZB3ev07/+8nmFQr4BrXXJ7SvV7Bupp/554huEZ8+cotykzWpZF5lRBAlr8uMaOWak/I29iqcnOZ5+ca0crUU6+N5XNbzwKoUaK6X8h2Rv+7EOxKiwKkkZ531HSr9AoVD8/cNGz+dWj3j9/IKO6Ho96QO5gNMEn18AElW8/94IAIitnbt2afz48RFds6ys7JTn0LHaDzabTa27E+tW5HgW8En/N7ddUrtuf/QcXX3vq2rZ847WvvCQAr7Wfq21+qnZKrrvDeXlDFeT52B0Ap+ODnWrStJ31HXgKqW7HpLUJG8Mi6qSZNiTFLIlTscq4oenZrHmVzYe+rO7vIqiKgAAAABg0Cis9oNhGNrfFH/dckPBU/PCBdbblk/UzOJate19T2tfnCdfh+eU1/Z4+8Uv6hMff1Q/eKo+ekGHgvc+o33HewjV8Y7v+JIO9Ope9a6/Wd5oZjuJkG+/bKkWbY6EluNeqGru/wcAAAAA9ENfOlaNGOQYMkIBQ/u2BKyOMaT9aX67Hivap30f5umqTz2vyz7xhFIyz+rTtfu2vap929dozqxpUU4JK4R8zbLRsQoAAAAAAOIEhdV+CPpN7W9iFEAsPPOVDj1WtE97Np6hK+76o2bc+X9KHzHxlNete+EBjUx3aNqEMTFIiVgKeZslW0RHQgMAAAAAAAwYhdV+sMmQr53CTiw9941wgXXH2jG69Pbf6fLZf1LmqJNPR3zjyTv0sY9MiFFCxEoo0CKbScc4AAAAAACIDxRW+8EMmjJpWLXEi4s6tcK9X1vfyNb0W6t0xd3PaPiYC497blfbTu149xl99vqLYpwS0WT6D0riLyAAAAAAAIgPFFb7xZDJs6ss9ddHOrRi1n59WDdCF930C135yec0Ytxlx5z377rFSjG8mjk134KUiAbT38KMVQAAAAAAEDcorPZTKMQogHhQ+90OrXDv1/urhunC6/5HV33qRWXnzTzinFf+161LJo+TwU/5kBAKtMgmCqsAAAAAACA+UHLqhxCjAOLOyz/o0IpZB9TwfLrOd39fV33qJY0e/7FDr3+45qeae9MlFiZEpJj+A6KuCgAAAAAA4gWF1X4wJYUYBRCXXvlxh37ysQPa8OdUFcz8lq769CqNmXijNq/9pQKdu3XzjMlWR8QgmWZANiPZ6hgAAAAAAACSKKz2i002ZqzGudd+3qmfXntQb6906twr/58K59Sq6e1KTRo3Uk6H3ep4GASbDJn8BQQAAAAAAHGCwmo/mKYpM8iM1UTwRkWXfnrtQb1ZbdekS78qM+jT2BEZVsfCYNgojAMAAAAAgPjhsDpAIjEMOlZjzXBIaSMNpY20KXWETalZhlIybUoZZig506bkDJucaTYlp9uUnGHIkSLZk21yJNlkOEwZdptsdsmwhX/U7RmMBEhYNkMy+YcNAAAAAAAQHyis9odhMmO1D1KzwsXQ1JGG0rJsShluKGWYTcmZhpIzbEpKD38lZxhypkiOFJvsSeEiqt1pyDAk2SRbrwcVhUKmTNNUMBRS0AwqEAzIF/SpK9CpjmCH9vtb1eHrUEdHh9oOtKnV16pWb6sOeg/qoPegDnQd0M9u+pls9lTLvi8YLEPhSccAAAAAAADWo7DaD/Yh2rGalCGljzKUOqJXIXS4TSmZhpIybErOkJLSbErOsMuRasqZYsieJNmdkt1pk82wyWYcWQg1zXAhNBQyFQwF5Qv65Q91yRf0qjPQqX2BVrX72sNfbe2HCqEt3pZwIbTzgPZ37Vebvy0i7/HzF39eMk35TSlt4hfV8cEPI7IuYshmHPEzBgAAAAAAYCUKq/1kBq1OIDlSpLRRhtJGGErN6r49fpgO3R7f0xGalGZTcnr49nhHsiHDacrutIU7Qo3waIMephkuhobMULgrtLsj1NtdCG0JtKvN36oOf4fa9repzRfuCj26EHrQe9C6b8xJXDPhGoVCIW1rlc4ecyOF1QRks9mZBAAAAAAAAOIGhdV+sNklM9T/ys5x54QO6zUnNL13MdSQM7X3nFDJsIfHSxqGTeqphZpSyAx1d4SGFAwF5Q/6w7fHB7vUGehQc6BVbb42tbe0q83fXQjtagkXQ7sO6oA3XAwNhAKR/UbFmWvGXyMjZMpw2LXpgF95wxxKGnO9fLuftzoa+sPGKAAAAAAAABA/KKz2g+Gw6eJPp8pmk5zp4YKoM9WQM8WUIzVcCLU7bbI5JLvddsI5oaFQSIFQeE6oP+RXV6BLnYFOHQi0qtXXcmhOaJuv7Zg5ofu79qsr0GXdNyEB3TP1Hu196W8ac+ONavGGtKUlpLz8+ymsJpyeh1cxDwAAAAAAAFiPwmo/BOxejb3Sr05fp7qCXdrnb1NboEXt/na1743+nFD0X25GrkaljVTDqlUac8MNkqR1uwOacM5IGSlnKNS13eKE6DtTwUC7pAyrgwAAAAAAAFBY7Q9vsEs/Wv0jrdm5xuoo6KN5l81TyzvvKDUvT6FeYxz2dpoads7X1Pr2wxamQ38YyTky7KnS0J5cAQAAAAAAEoRhdYBEYtgM5aTnWB0D/TAlZ4o2f3+ZUs48U4Fg6NDxNTt8cg4738Jk6C8jaZRMkzEAAAAAAAAgPlBY7QebbBqdPtrqGOijudPnqnOvRz6PR8ljxsgbPPxaZ0Dq9IeUNvFL1gVEvxhJoySb0+oYAAAAAAAAkiis9kuSzakxGWOsjoE+co93a+fj1ZIk56hR6jKP/HHf2BxU8pgbrIiGATBScmXy4CoAAAAAABAnKKz2g002jUmnsJoIrplwjYygqX01NZKkpOxsdfqPPGdrS0gh2ZU05noLEqK/7CljZZrmqU8EAAAAAACIAQqr/RAyTeWkMWM1EXx66qe198WXDv3Znp6uNv+xRbktB0NKPfuzsYyGAbIlZVNYBQAAAAAAcYPCan+YprJSsqxOgVPIzcjVyJQR2vqznx06ZiQnq80XOubcdXsCsieNkJFyRiwjYgAMZxaFVQAAAAAAEDcorPZTi7eFrtU498UZX1TLOxuOPGi3q8V7/PP3dppKP6c8+sEwKDbHMAqrAAAAAAAgblBY7SdvwEthNc4VZBdo0/e+f+jPRkqKbDbbcTtWJWnNDp+cw86LVTwMhM0pm+GwOgUAAAAAAMAhFFb7KWSGlJNOYTVezZ0+V51798i/d++hY+ku10k7HTsDUlfAVOrEL8UiIgbASB6tkL/F6hgAAAAAAACHUFjtJ4fNQcdqHJs1fpZ2/vrxI46l5OUpFDx+t2qPd/YElDLmhmhGwyA4MibLtNGxCgAAAAAA4geF1X5KsadoTMYYq2PgOD4+4eOyBYPa9/LLRxxPGTdOwdDJZ3NubQ0pJLuSx9wYzYgYIEfmOTKVbHUMAAAAAACAQyis9pPT5tAZmTxBPh59auontfeFl445njxmjLqCp75+88GQUs6+LwrJMFiOYecpdIriOAAAAAAAQCxRWO0n0zQ1Jp2O1XhzRuYZykoZoa0///kxrzmzs9UZsp9yjfV7ArInjZCRelY0ImIQ7GnjFQqdfJwDAAAAAABALFFY7SfTNJXiSLE6Bo4y77J5an1nw3Ffc44YoU5/37odmztNpU/+WiSjYZBszuGSwXxVAAAAAAAQXyisDoBhszEOIM6cm32uPvzu9477mj09XW19LKyu2eGTc9iUSEbDINnTJ8oMdFkdAwAAAAAA4AgUVgcgEAzqgjEXWB0D3R685EF1NO9RYN++475uJCerzdu328i7AlJnwFTaxPmRjIhBcKS7FFKS1TEAAAAAAACOQGF1AFLsKZo+brrVMdCtKL9IuyoeP+HrNsPQgT4WViVpw56AksdeH4loiADH8PNl6tQzcgEAAAAAAGKJwuoAmMGQpo2ZZnUMSLrOdZ2MYEj7Xn75uK87hg+XbDZ1Bfq+5vbWkEKmXcljbopQSgyGYR/Gg6sAAAAAAEDcobA6QK3eVk0cOdHqGKe9T079pPY+/8IJX08fP17mAIpymw+GlHL2fYOJhgiwObNkzzxHptm3GbkAAAAAAACxQmF1gPxBvy4cc6HVMU5rZw07S1nJWdr6y1+e8JyUvDwFQ/0vyq3fE5A9KUtG6lmDiYhBcmZNVyjotToGAAAAAADAMSisDtAwR6YuHEth1UrzLpun1g3rT3pO8rhxCgzwLvLmTlPp53xtYBcjIpKyr1RIqVbHAAAAAAAAOAaF1QEyZDBn1WKTR03Wh9/93knPSR49Wr7gwNZfs8MnZ+aUgV2MiHCOuETB4AD/BwIAAAAAAEQRhdVB2NG6g+KqRR6+9GF1NnsU2L//pOcl5eSoIzSwH/OugNQZMJU2qWxA12Nw7GkTBjQfFwAAAAAAIBYorA6CYdqYs2qRq/M/qh2/+vUpz7MPG64O/8AffLRhT0DJY64f8PUYOOeI6TJNPqIAAAAAAEB8omoxCCOSR+ricRdbHeO0c73reikQ0v66ulOea09PU7tv4F2P21tDCpmGksfePOA1MDBJ2R9V0HRYHQMAAAAAAOC4KKwOghkK6YzMM5Tq4OE6sXT3+Xdr7/Mv9Olcw+lUi2/gHauStPlgSCn59w5qDfSfY9gUhRgFAAAAAAAA4hSF1UFq9bbqgjEXWB3jtJE/PF9ZKVna9stf9ul8m92ug12DK86t3xOQPSlLRmr+oNZB3zmGX6iAd6/VMQAAAAAAAE6IwuogZTgydMkZl1gd47Txhcu+oJZ1b/fp3KScHMk05YvAQ+WbO02ln/PVwS+EPknJvVGmLcPqGAAAAAAAACdEYXWwQqbOyznP6hSnjUkjJ2nTd77bp3NTzz5b5uCmAByyeptPzsyCyCyGU0rKcSsYZAwAAAAAAACIXxRWB8k0TQ1LGqaJIyZaHWXIe/jSh9XZvEeBlpY+nZ961lkKRmhGpzckdfpNpU36ckTWw4kl5bgV9LVaHQMAAAAAAOCkKKxGgFMO3V5wu9Uxhryr86/Wjl/+us/nJ48bJ38wQi2rkjZ4Akoe8/GIrYfjSxl3m4JmitUxAAAAAAAATorCagSYIVOXnXGZUh2pVkfpdrMeuf1pPX3DvMOHLluhp+9+uvtrheb1Pu/up/X07Y/o5u5T593wtFZcFvvUJ3PDxBtkCwa1/5VX+nxNck6OuoK2iGXY3hpS0DSUnHtLxNbEkWzO4bJnTFYoQp3GAAAAAAAA0UJhNUJaulp046QbrY6hcLH0s5qa1PvYPK0Yf6bUskq3/P4XWu87U7NumCdNnqHxSdu06vertC1pvGZMljT5EV2Wsl7Pv25R/BO467y71PyX5/t1jTM7W52hyBVWJWnzgaBS8u+N6Jo4LGXM9QoFAlbHAAAAAAAAOCUKqxGSbqTptnNvszhFT1G1TW2+ga0wb+JUHdj+dT0T2WCDcvbws5WVkqVtv/pVv65zZmWpwx/ZLBs8Qdmdw2WknR3ZhSFJSs69VYGQ3eoYAAAAAAAAp0RhNYLavG26/MzLLU6xTat+/zttOuLYo5r7+1XaNmyWnr77s5ratUq3PPeo9F69NvnO1Ky7Z+nMltf1dcVnt+rDlz6slnVr+32dkZqqNl/kbyn3dJhKn/zViK97urOnT5TsaTLNyM3FBQAAAAAAiBaH1QGGkjR7mm455xa9tu01ixI8o68/9Yykm/XIEcfnacXds5S15xe6pUZ65PbP6ukbpFuee7T7/O6zbnhaB7bfIrl/q6dHZyhcpJ2rR2P7Jo4xadQk/euhT/b7OpvDoVZvMOJ5Vm/36YZJ50Z83dNdUnaRgqbT6hgAAAAAAAB9QsdqBKUYyRqTPkb5w/OtjnKkyaOVJelA+zOSntGeLknDztG8I87p6Vadp+tHS+vfCs9ivcx983GXjJV5l81Th2e3gq2t/b7WZhg66I18x6ovJHX4TaVN+nLE1z6dpeZ9SsHI18EBAAAAAACigsJqpAVN3TT5JqtTHOm9PTogKSv9Zkk3a3SKJN9+fdjrlHicrSpJM/Nmascv+jdbVZJSzjhDpmkqEKWHy7/jCSh59LXRWfw0lHrWPQp626yOAQAAAAAA0GcUViMsw5Gha8ZfI4cRT1MWHtXcTduUMfqz4RmrSdu06qleRdTJvWerPqrn90hTLwqf93qNdaXWGyfdKFsgqAOvvtrva9PGj4/qrM7trSGFZFdy7q1R2+N0kpI3R34eWgUAAAAAABJIPFX/hoz9nft146Qb9ed3/2xRgmeOmJ0qSXp9rm450UOp3vu6PvVer6trPhUXnat3nTdbnmf/MqBrU848U6FgdB+CtOlAUOPzS+XdadX/56EhOfc2BQN+SRRWAQAAAABA4qBjNQoy7Rn6j3P/w+oYCW1C1gQNTx6u7RUVA7o+eexY+ULRLaxu8ARlOIfLSBsf1X2GurT8EgVD/BsPAAAAAABILBRWo8A0TSlkavq46VZHSVgPXfqQWt5+e8DXJ40erc6ALYKJjq+5w1T65K9EfZ+hKilnlkzZozq2AQAAAAAAIBoorEZJhiNDdxbcaXWMhDVx5EQ1fvs7A77eOXKkukLRL6yu3u6TM/PcqO8zVKWN/6z8QbpVAQAAAABA4qGwGiWhUEg5aTnKH55vdZSEM++yeerYs0uhtoE/Jd4xbJja/dHvgvSFpA6/qbRJdK32l3PEZTKNDLpVAQAAAABAQqKwGkWZ9gx97aqvWR0j4Xw0b6Z2/OJXg1rDSElRmy82BbsNewJKHv2xmOw1lCSPu0MBZqsCAAAAAIAERWE1ikzTVKqRomtd11odJWHcPPlmmYGADrz22qDWMZxOtXpjU1jd0RZSSHYl5/LAsr5KyimSPbNAZihkdRQAAAAAAIABobAaZWlGmh665CGrYySM2VNmq/mZvwx+IZtN+7tiV7TbdCColPzPxGy/RJc+6cvyB/j4AQAAAAAAiYvKRgzsb9unhy6luHoqE0ZM0LDkTG2vrBzUOmlnnx2hRH23wROU4RwuI21CzPdONKn59ykYtDoFAAAAAADA4FBYjYFUe6o+MuYjco1wWR0lrj10yUM6uHbtoNdJOftshSyo3DV3hJR+Dg+xOhmbPV0pZ96lAIVVAAAAAACQ4CisxojdNPTwpQ9bHSOuTRw5UR8u/fag10k980wFLRjduXq7X86Mc2K/cQJJP2eBAoHYzL4FAAAAAACIJgqrMZJmT5PdZudBVifwpRlfUseeXQp1dAx6reQxY+QLxr545wtJHX5T6ZO/GvO9E4E9s0CO4RcqyBwAAAAAAAAwBFBYjaExyaN5kNUJFOYVavvPfhGRtZzZ2eoKWfOjvX5PQEk511iyd7zLPPcbPLAKAAAAAAAMGVQ5YmxvWzMjAY5yy+RbZPr8Ovj66xFZLyk7Wx2BiCzVbzvbQgrJruRxt1sTIE4ljb5Opn24TJMxAAAAAAAAYGigsBpj6fZ0XZI7XRNG8PT4HndOuVOeZ56N2HpGRoba/dYV8D48EFRqXrFl+8cfQxnnfIVuVQAAAAAAMKRQ6bBAsi1FZZeXWR0jLkwaMUmZSZna8fjjEVvTnpKiVp91hdV3PEHZHMNkpE+0LEM8GXbB/8jn9VkdAwAAAAAAIKIorFrAZkqZjgxdP/F6q6NY7sFL56rlX29FdE3D6VRLl7W3nHs6TWVM/rKlGeJByhl3SCn5CoVCVkcBAAAAAACIKAqrFkmxpeiT53/S6hiWmzDCpQ+Xfjti6xkOhySp1WdtIe+N7X45MiZbmsFqtqRRSjv7swoE+ZgBAAAAAABDDxUPC6XaUvTodY9aHcMy82fMV8funQp1dUVszVSXKy4ekBQISe3+kNInf83qKJYZfsGP5bW4wA0AAAAAABAtFFYtZIZMZSdn6z8v/k+ro1jiqryrtP3nv4zomqn5+TJD1hdWJWnD7qCSRl9jdQxLpI3/vEL24XFR5AYAAAAAAIgGCqsWc8qhS8ddqsK8QqujxNSt59wq0+fTwddfj+i6KePGyR+Mjy7Jne0hhUxDyeM+YXWUmLKnT1RS7i0KBKxOAgAAAAAAED0UVuNAppGhz138OY3LHGd1lJi5c8od8vz5mYivmzx2rHzBiC87YI37g0rNK7Y6RkxlFCyWz2+zOgYAAAAAAEBUUViNE/aAcdrMW508arIynJnaUV0d8bWdo0apKxQ/P9Ybm4OyOTJlpJ8eD7IaNu2HCtpHSowAAAAAAAAAQ1z8VKBOcw7DoYNtB/TtWd+2OkrUzZ0+Vy1vvRWVtZ0jR6ojzm5B93SYyphcZnWMqEtzfUFKnaRQkKIqAAAAAAAY+iisxpFhScOU4UjX/Rfdb3WUqJowYoIalyyJytqOzEy1++OrsPfGDr8cGUO7YzV57PVKyvmYAkFGAAAAAAAAgNMDhdU4MzpltKaPna6ZeTOtjhIVZZeXqWP3Tpk+X1TWN5KS1eaLj4dX9QiEpHZfSOmTy62OEhX29IlKHf+QfAG71VEAAAAAAABihsJqHBrpHKHPXfw5nZF5htVRIu6qs67U9p/8LHob2A0d9MZXx6okrd8TVNLoWVbHiAJDwy/6OQ+rAgAAAAAApx0Kq3HKGXLoR9f9yOoYEXXbubcp6PPp4Jo1UVnfSEuTzWZTuy/+Cqu72kMKmoaSx91hdZSIyprxpLxdXqtjAAAAAAAAxByF1Thlk01+n08//PgPrY4SMXcU3KHmPz8TtfXTx4+XGYq/omqPD/cHlZo3x+oYEZM57UcKmKkyzfj9ngMAAAAAAEQLhdU4ZsjQ6JQcLbhqgdVRBu3cUecqw5mhHdXVUdsjJT9foVB8zVftbWNzUDZHpowh8CCrjMlflVJdCgXj9/sNAAAAAAAQTRRW45xDDk0c5tJ9F91ndZRBeWD6Azr41ptR3SN13DgF4rhjVZL2dJjKmPRfVscYlIxz/1vGiI8qGGSuKgAAAAAAOH1RWE0AGc4MffTMmZo7fa7VUQZs/IjxavzWI1HdI2nMGHmDUd1i0Fbv8MuRMcnqGAOWfs7XZRt2mQJx/n0GAAAAAACINgqrCSLFlqJLxl6issvLrI7Sb/91+X+pffcOKRCI6j7O7Gx1huxR3WOwAiGp3RdS+jmJN94hfXK5jOGXKxjiYwMAAAAAAIAKSQJJt6dpysgCfaPwG1ZH6Zcrz7pS21f8LOr7OEeMUIc/vkcBSNL6PUEl5bitjtEvaZO+InvWFRRVAQAAAAAAulElSTCZjkzlD8vXt4q+ZXWUPrn93NsV9Hap5c3ozleVJHt6utoToLC6qz2koGkoedwdVkfpk/RJX5E96yoF4rwbGAAAAAAAIJYorCag4Y5hynJmafm1y62OckqfKPiEmv/0dEz2MpKT1epNjKfUf7g/qNT8YqtjnFLGlEdkjChU0HRYHQUAAAAAACCuUFhNUKNTc5RiS9bPb/q51VFOqCC7QOnONO34zW9isp/NZuhgghRWNzYHZbNnyJ5xrtVRTjotiEQAAAcnSURBVCjz/O/LTJmsIJ2qAAAAAAAAx6CwmsCyU7LlNJ36ze2xKVz21wPTP6+DMRgBIEmOrCzJJnVF9/lYEbWnw1T6pPh8GNnwS34npU2RaaRbHQUAAAAAACAuUVhNcOmONMlv6sk7n5Rhi6//nWdnjVfjI0tislf6hAkKhRKjW7XH69v8cmRMtDrGEYzk0Rp51d8UUJaCifXtBAAAAAAAiKn4qsRhQJyGU36vT0/NfkppzjSr40iSvnz5l9W+Y5sUiE0LacpZZykUiv8HV/UWktThN5V+ztetjiJJcmRdoqzpVerq8sk0E+t7CQAAAAAAEGsUVocIw2bI1+XVz278qS7OvdjqOLrirCu07aexm/+aMm6cAsHEKwa+vduvpJwiq2Mo5YzZyjjnv9WVIDNqAQAAAAAArEZhdYhJNpP1xUvn6QuXfsGyDJ8o+ISC3i61vvVWzPZMGj1a3pAtZvtFyu52U0HTUPK4Oy3LkD6pTElnflq+oMOyDAAAAAAAAImGwuoQlKxkXTr2ElXdVqX84fkx3//2gtvl+eOfY7pnUna2OkOJ+ePcuD+olLxPx3xfmzNLWZf8RsZItwIUVQEAAAAAAPolMStROKUkW5KSzSR9s+ibumPKHTHb97yc85ThTNfO3/42ZntKkn34cHX4E28UgCQ1NAdlODJlzyyI2Z7JuTcr69In5NdIBYOJ1+kLAAAAAABgNQqrQ5hNNqWYyZqVP0vLrl2mdGd61Pf8/MWf14HVq6O+z9EcaWlq8yXufNA9HabSJ82PyV6Z539XKXmfk9cb5CFVAAAAAAAAA0Rh9TQwKmmksp2jVHFrha7Ovzqqe+Vn5avxW49EdY/jsSUlqdWbuEXC17f55UifGNU9HMOmauRVL0lpU+UP2qO6FwAAAAAAwFBHYfU0kepIlfym7jn/Hn298P+3dz+hTd5xHMc/z5MnyZM0TdvZZZY0S3VrrXQdrM6i9Q/sD7iC7CDiGAyEHtZhd1EogoqXDT0Ig+Fhcyd7knmQHQSFseF1bmB7KNtll7U6omNqbeVJnjzPbwc3hpNpq0nTpO/XMfn9vr/vc8jlwy/f52hVzhgfGtfC9RkpXP6bo5Zt665XvzdWQ0kLvlFT77Gq1E+u/1ipvpPyvLKCsH4DaAAAAAAAgJWCYHWVaXHS2tjWqwv7Lqg/01/R2kO5Ic1+caaiNRcjlslIxqiOJwFIkqYKvmLtlb1RHGl6Wc2vfq7I88Mq+fzcAQAAAAAAKoWkZRWKWTGVi77Gt45rbPNYRWru3bhXgefp3uRkReotRXLdOjXCqNCbC0aBsRXP7qtANUup3mNq7v9MYbyHF1QBAAAAAABUGMHqKuYqrh3Z7Tr19ilty217plp7Nu7RrQvfVKizpXE7OxXUYPxANfx6O5Cb++CZarjZvWrb/p2sliGVyg4vqAIAAAAAAKgCgtVVzja2ulJ5jQ6M6szuMxrMDi65Rn+mX01OUr+fO1eFDp8s3tGhUtAY4eHPfwSynZQizX1L3uukX1Hr4NeKde5X0fMUBFVoEAAAAAAAAJIIViHJGCNXcbU5rfpoYFSnh09roGNg0ftHN32o2z9erWKHjxfPZFRsoL+6F+4bNXUfXPyGSELNfSeV6jsp36RVDiLVaw4AAAAAAACSJKfWDWAFMVLKTikZb9KB1w9orjiniakJTRWmHrvtxZa8fvqkMrNan0a0vV3zYeMEq1dnfb274aUnL7RdJbtG5K7dLT+wVfJDSY1xcxcAAAAAAGClI1jFI2xjKW03K+kmNLZ5THe8O5qYmtD0relH1h7edljzs7/VoMt/Oem07vs1baGiQkkLvlFT7zEt/PLpI99b0VYl8iOKv/COgrIvr/TPLgAAAAAAACwXRgHgfzmWo9ZIizqTWR3cclAn3jyhnjU9D63Z2rlF17/8qkYdPhBJJjVfaqxgcargK9b+xkOf2fG1Sm04qtbBc3LWvKVisaxyA41AAAAAAAAAqCfcWMUTOZajtNWsZCqhI9uPaGZuRmcnz2pTxyaVPU/3Jidr2p/lOLpbbKw3Nd1cMApCKZ59T+XbPyiRH1G09TWVQ1vFopFEoAoAAAAAAFBLBKtYNMdy5MhRd0u3ju88rkQ0oTvffl/rtmTZtu4WG2gWwN9uzBt15vdLufcVhFEVfcJUAAAAAACAlYJgFUtmG0sJubJ9o7YtW7Vmx07dvHRJty5fVqlQWNZe3FxOxhiFDTIJoD1hKdcSUS4dkecH8n1bxsRq3RYAAAAAAAD+g2AVTy2UJNdVIOm5XbuUGR6WNzurwsWL+vPKlWXpIZnPy4RmWc6qlnTcUi5tK5eOqBwa2SZQySvJllTfTwYAAAAAANC4CFZRESYalS8p2tWl7MiI1h86pBvnz2t+elpz165V7Vw3l1NQh8Gq60i59IObqY4tlcqBVC7KMfX3LAAAAAAAAKvRXwLAymDBoLxMAAAAAElFTkSuQmCC" height="600" width="800" />
Actual:true--->Expected: true]]>
  </system-out>
  <testcase name="ForgotPassword_003" time="5.960" classname="testcases.LoginTest"/>
  <system-out>
    <![CDATA[<img src="data:image/png;base64,iVBORw0KGgoAAAANSUhEUgAABVYAAAJcCAYAAAASBf/6AAAAAXNSR0IArs4c6QAAIABJREFUeJzs3XecXVW99/HP2nufNn0mvZIAqYQkJAihBEGQJhKqgFevqHQLWFDwUnw9inofFZ8LItdGkd5ESgglgPTQOymk9zKTTJ9zzi7r+eOcOZnJzCRzICEGv+/XS8nM2Xvttfc588/3/NZvGWutRURERERERERERER6zdnZExARERERERERERHZ1ShYFRERERERERERESmSglURERERERERERGRIilYFRERERERERERESmSglURERERERERERGRIilYFRERERERERERESmSglURERERERERERGRIilYFRERERERERERESmSglURERERERERERGRIilYFRERERERERERESmSglURERERERERERGRIilYFRERERERERERESmSglURERERERERERGRIilYFRERERERERERESmSglURERERERERERGRIilYFRERERERERERESmSglURERERERERERGRIilYFRERERERERERESmSglURERERERERERGRIilYFRERERERERERESmSglURERERERERERGRIilYFRERERERERERESmSglURERERERERERGRIilYFRERERERERERESmSglURERERERERERGRIilYFRERERERERERESmSglURERERERERERGRIilYFRERERERERERESmSglURERERERERERGRIilYFRERERERERERESmSglURERERERERERGRIilYFRERERERERERESmSglURERERERERERGRIilYFRERERERERERESmSglURERERERERERGRIilYFRERERERERERESmSglURERERERERERGRIilYFRERERERERERESmSglURERERERERERGRIilYFRERERERERERESmSglURERERERERERGRIilYFRERERERERERESmSglURERERERERERGRIilYFRERERERERERESmSglURERERERERERGRIilYFRERERERERERESmSglURERERERERERGRIilYFRERERERERERESmSglURERERERERERGRIilYFRERERERERERESmSglURERERERERERGRIilYFRERERERERERESmSglURERERERERERGRIilYFRERERERERERESmSt7MnsL2lgzQbWutY1byauvRG1rfWUpuuoz7TQIvfQmQjLBBzYsTdGDWJamqS1Xxl3GkkvcTOnr6IiIiIiIiIiIjsAj4VweqmdD3v187ltfVvMn/jh6xr20BoQyIijDUYY3CMwQLWgsFiAcc4pMM0Rw07nIQb39m3ISIiIiIiIiIiIruIXTpYXdawgvsXPcycNa/SErTgGINjHIxx8HDBuGBzx0ZEGAxuPmA1Bqy1lMfKOGPsKRhjduq9iIiIiIiIiIiIyK5jlwxWM2GW+z98mDsW3IO1FtdxiTuxzgeZXKaaW/ofMbR0KOkww8bMRhxjAEM28jlxjy8yoLT/zrgNERERERERERER2UXtcsFqEIX892vX8tq6V/GMh3Fyy/sLjAEsQRQS2ogJNeP43LDPsmDTQl5a+zKG3PGWiFKvhBP3OG4n3YmIiIiIiIiIiIjsqna5YHXm4sd4dd0rxEyMjqv325f3h1GIbwPGV4/hq2NPJxVLcd+HD/DS2ldwjINDrlo1E2b4xvivUpYo21m3IiIiIiIiIiIiIruoXSpYXdeynhs+uCVXqZoPVa1tD1QjwihkcOlgztv764zrM4a317/LL1+7mpaghZiTv1ULgQ0YWDqQz+926M67GREREREREREREdll7VLB6v0fPkRoQzwnvylVPlzNhFlqEjV8ZcyXOGz4dCIbceP7t/Hw0keJOTE84xWOt+SC1XMnnEnSS+7EuxEREREREREREZFd1S4TrDZnW3h61fPEnFguHSXXbxXg9FEncdzux1CVrGRN01p+8epvWdK0jIQTBwqHgwU/8tm//77sO3CfT/4mRERERERERERE5FNhlwlWF2z8kJaglbgTxxLh24AxVaO4YO+z2L16BAAvr3md37xxDdkw0ylUNeT+L7KWmBPj7L2/hmOcnXYvIiIiIiIiIiIismvbZYLVuRsXAJaIXJXqV0efzow9jyXhJQC4f+FMbp57GwbwnNzSf2vAtJer2lzLgB9PuYhBZQN3yj2IiIiIiIiIiIjIp8MuE6yuallNZCMq45V8f59vMan/BAAslpmLHufP791I0k1iMLQv/jftJxtIh1kOHjSN6cMO2CnzFxERERERERERkU+PXSJYDaKADxsWs1fNeH449TsMKO1XeG3Wose5/t2/5EJVA1ibq1YlV61qAT/0GVE+nIv2OV8tAERERERERERERORj2yWCVT/0+eyggzhp9BcpiZUUfv/4kqe45t0/UeKmOlWn2vzyf4slE2bZrXwYvzzwCkriJV3GFhERERERERERESmWsbY9hvzXFdkIC7gdqk0/qJ3Hj1/4KTHHxRjD5ruwhDYishGe43HokOl8fa//oCJRvjOmLiIiIiIiIiIiIp9Cu0SwuqWWbAvfnP0dWv0WTD5sjazFcQwJN8XYqlFM7j+RAwbuy8CyAZurWUVERERERERERES2g12iFUBHkY34y/u3kLYBgyt2Y3DpYIaWDWRE+VAGlfRnQGk/apLVO3uaIiIiIiIiIiIi8im2y1WshlHIpnQ9ZfESEm4y1wYgCrFhNle96ngYx93Z0xQREREREREREZFPsV0uWMVabJgh2rgMlr5EtPRVbP0qwmwz1rg4yTJM1TDMoLG4w/fD6TcKo/6qIiIiIiIiIiIish3tvGDVWqLWOuymZUS1i8E4OP1HY8r646SqwEt0f1rrRoIPHsb/4HHCuqUQZCAMwDjguIABG2GxgMGpGkxs9KHExh+D03/sJ3qLIiIiIiIiIiIi8un0yQeroU+w6i2yr91GuPxN8NtyoSiADcGNYaqHEtv9QLyxR+L02QPTXcgahVi/Fdu0jnD9AsKVbxIsew1bvxJrba4dgHHARhCF4Hh4ow4ifvC3cPvs/onesoiIiIiIiIiIiHy6fKLBalS3iPRTvyNYMgcD4HhgTOeDrAVsLgzF4gyaQHz/r+Dtfkj3AWvHU7MtRJuWEyyYTfbtB7AtGzFuLB/cWogicFzi+3+V+H7/iYmX7ZgbFRERERERERERkU+1TyxY9Rf+k/RDl2H9dC7s7MhGuUDVRoDJLek35P4dhRBFuMMmkTjiYtxeLue3rRvxFzxF5plrId0MXjz/goXQxxk0ltRxV+HUjNietykiIiIiIiIiIiL/Bj6RYNV//VbanroGYwwYF8hfMoqwNsIkSnFqhmNKaiDIYBvXEjWtAz+Tq2h1vPxyfkPy2CuJjf9Cr68dNa0j+/z1ZN99GNOhQtZGASZRTsnJv8YdMnUH3LWIiIiIiIiIiIh8Wu3wYNVf8CRt91+MceOdlv3bMMCtGUb84LPxhu2HSVbkAlQbYYM0tmUD4cblBAufJXjv4dwGVY4LQZbE0f9FfPIpvZ+Ejci+fQ+Z2VfnMl0n39M1CiFRQsl/3oZbNWT73riIiIiIiIiIiIh8au3QYDWsXUTLjadjjNshVDXYIE1szGEkj7oMk6re5jhR/XKyb96D/9qduaX8UUjq9OvwRhxY1HyCxc/S9o9LIQoKG2bZMMCpHkrpmbdjYqlib1FERERERERERET+DTk7amDrt9L2j4tzP3SsVA0yxPY6ltQXf9WrUBXAqRpO8rAfUPKfN+MM2guLpe2hy7HpxqLm5O1+CMkvXJHv55rLk43rEdUtJTPnhqLGEhERERERERERkX9fOyxYzb79d6LaJRinw0ZVUYhTM4TkkZfClhtY9YI7YDwlp11HbNIMbP1q/HlPFD1GbMxRJA65AIIM+R2yMF4C/+W/EdYtLnq8LYVh+JHOCcKQT2gfMaIoIgiCHXI9ay1BGBLu4PsJw5AgCIiiaIdd419FJszS4rdst/GCKKDFb8XyyXzeREREREREREQ+jbwdMahtXk/22esxXgI6hjdRSPILP8fESz/y2CZeRuqoyzHGIfPin4nvfXzRIW1s6hn4cx8n2vBhrq+rMdggi//abbhHXUZ74Fq4HwtLly3DdRxSJSk2bdrEsKFDSaVyrQOCIOC119/gvr//naXLljJu7Dh+cuklJBOJbq/v+z5Lli5lzsuv8Oabb1K7YQPZIKCqooK9JkzgkOkHM27cOBLxeK/vqbaujob6BioqK2hqaqK6qorq6s0VwQ0NDbzx5ps889xzLFu6jJaWVvrUVDNm7FgOPugg9p6wF4ke5rst69dv4O133uHZ555j3rx51Dc0kIjFqa6pprKikv79+1FZVUVpSSkVlRVUV1XR2tpK3caNpNva+PIZZ1BVVbnVa2QyWZYuW8aLL73EK6++ytrVa2hta6WmTw0jhu/GtGnT2HfqVAYPHpTbJG0r3lj3NkEUUOqlqMvUE9qI6UOm4Tm9+3NIBxleWfs6FbEyHOOwPl1HdbySqQMnE9mIN9a+RVPQQkvQQrlXSplXxqZMPW1BmqaglciGlHhJYm6CYWWDGVo2mL4lfbq9VmQjfvf6H3i37n2+N/l89h00pVdz7EkYhfzqlf/H/IYF/N+D/g+DygZ+rPFERERERERERP5d7ZBgNTv3Mazflg9W88Is7uhD8Qbt/fEv4HgkPn8pPPM/uesUGawaL0F8+nm03fNdTD5MM24c//1ZxA8+D6e0X6fjLZYrr7ySV197Dc/zcByHxx6dRSqVor6hgSt/+lMeeeQRjHGIoogwCPG8ro82iiKef+FFrvvD9bzyystgLbFEHMc4BIFPGEY8+dRTXHPNtey332e4/LLLGDd2TK/uafaTT3HZ5ZdRWlJKOp3m4ot/yFnf+AZhGDJz1qNcddVVrF27FmstrusSi3mAYfbs2Vx33XVMmTKVX1z1M/bYffdeP8c1a9fy57/8hTvuvJOmxiYGDBjAcccdx7AhQwijiNdef50nnnicrO/jeR6pkhLKy8rZtGlj7jmFIalUki+fcUaP17DW8tzzL/D73/+eN996i0wmQ79+/Tj44IPp168fa9eu5bHHH+f2O24nmUxxwgkncO7ZZ7P77iN7HPPRpU/y/JqX8ByX0EaMrtydQ4Yc0Ov7DmzAH97+Cy1BC44x+FHAqXvMyAerlj++fxNrWtaSdBNkI5+4E2OvmvHE3Th+lGVxw1JqMxtxjYODg+d4HD70UL489hSqkp0D5iAKWNK4lMZsIzfOvZ1J/fcm9hGqvdu9vu4tXlr7Mq5x2dBap2BVREREREREROQj2v7BapjFf++hzi0A8uKf+Uqnfqsfh3HjJD938Uc+3xs6BadiALa1PreRlTHYbJpwxRs4Y4/qdKxjDKVlZVhr8X2f/gP6U1NdQ0trKxd869vMmTOHeDyOMYYwDBk9ejSe63Yao76hgcuvuJIHHniAfv36cfHFF3PgAQeQSqWwNsJay+wnn+J///d/iaKQ119/jRknnsgfrruOIz532DbvZ8jgQWBz1bBBEDBu7DjCMOSyK37KbbfeQv8BAzjqqKMZNmwoYRAyf8F83nrrLazj4Hkeb77xOjNOOJEH7r+fPfbYdrj63vvv8/VvfIO6ujpiXozf/vY3HHfsFygtLSkcc449i6XLlnHhRd9j7twPKCsr46qf/4x9951KY2MjmUyWlpbmfMjbVWtrK7/+7W+59dbbsNZSVlbK//vd7/jsIYdQVra56rmxsYnnX3iRH/34R9xz9908+OCD/PH66znkkOndjlsRLyXmeLjGxTER5fEKHNP7rhgJJ07/kr4sa2rLjeE4BPnXjDHUJGrY0Fab22fNRhw97HDOmnRm4fy2IM3i+qX8+b2bWdy4BGstM5c9yju17/Lzg66gb6qmcGw6SNOYbcJzPJY3r+SNdW+z/+B9ez3XjrJhlhvevxXPiWGJWNO6jons9ZHGEhERERERERH5d7fdg9Vw03Js7ZLcEvt2UYSpGIQ7cNz2vtxHZhJlOIMmEHz4LMbNh2qOgz9vNrGxR7JlO4B+ffsShiGO49C/bz+Mgf+55lqeffZZhgwZwpgxY/CDgLkffMDqVau6XO/WW2/j3nvv4UcX/4izvvkNysvLuxwzbuxYjjj8c5xzzrnU1tWBtVx88cX886knqazc+lL5WCyO57o4jsEYg+M4/PHPf+Huu+/i6t9dzecPP4KKivLCMvkgCFjw4Yd8/wc/ZMmSJSSSSTKZDOddcAEP/uP+QpuD7qxevYZTTzsdG0UYx+FnP/sZXzr1lK7P2BhGjhjBzTfdyMmnnsqK5Su46KKLuP/vf2fkyBFbvZ8gCPjRJT9h1qxHSCTiJJIpbrvlFsaPG9vl2IqKco495ihGjtyNk04+BWst3zjrLO668w6mTum6dN44Hk57wG8tJV5qm+0Dtrwvx3FxjYMBfBtSE8+9P44xVCXKiWyEYxwc42CdzmOnvCR79R3LVQdexiUv/JQVTStJOgmWN69k1uLH+Opemyt4N6UbSIdpDAYHw10L/s7UgZN73bago+dWvsTKllUk3Dh+FFGfri96DBERERERERERydnum1dFa97H2s4bCtkowB0+BeMlt/flPhanrG+nQM04LtG6udhsa5djS1IpoijCdR1KS0t59NHHuP766/n+977PzIcf4sYb/sqtN9/EQw8+yHe/850u52+qr+eSSy7hexdd2G2o2m7c2LH8+te/xvd9XM+joaGBm27+2zbvpaK8nMhawJBIJPjt1Vdz7bXX8tCDD3LKSSdRWVnR6V49z2P8uHHc+re/UVlZSRAExONxFi1axJNPPd3jday1/Pbqq/GzWYwxjBkzlhNPmLHVuVVXVfGD730fgNa2Vr71ne8QBMFWz7n9jruYNWsmqVSSTCbLddde022o2tG4sWM555xzCIIAz3M5/4Jv0dzc3OW4oSUDyEY+BghsSHVi66H1lhzjUBWrILBh/meDmw/nDYZM6OMZF2PANU6PW0SVxks5bdRJ+FHuWSTcOE+ueo62oK1wTH2mnij/9+QZlw8bFvH2uneLmi9Aq9/GLfPuxDMe2Nw8a9N1RY8jIiIiIiIiIiI52z9Y3bQcs0W1J8bg9O19785Piimp3iIENtiWTdhM1zCuvqGBRCKO4zgsXLSQS//rJ/zyF1fx/e9dSN8+fXAdB9d1GTZ0CPvuO7XL+ccecwznnXNOr+b1mX2nMmnSJHzfJ5FIcP8/HqCtLb3Vc9LZDPFYrv2CMYY33nidy/7rv7YZRvbt24crr7iCTCYDQCzmcc+99xBFUbfHr123jlmPPkoikcD3fc44/TRisW33/DzowAMpKysj5sWYP38eL815ucdjN2yo5Vf//SsSiSS+7zN9+nT233//bV4D4LRTTyWRSOC6HrW1tdx5191djklHWWImhgXiTozmsK3rQFthMKS8RGFfNte4tIaZwuvlsVJCG2EtZKOAgcm+PY41tGwwrtPeNsLQ6rfS2iHYb8g0Ya0t/EW5jsOt8+/BD/2i5jx72dNsaKvFNe0BMNS21WF7jH1FRERERERERGRrtn+w2rgWu0WwaqIQUzF0e1/q40uUQhRu/tkYbOhjW7pW8sUSCXJxlKGuto6xY8dx+mmn9fpSU6fsQyKR2PaBgOu6TNt/f6IoxDGGjRvraGpu2uo55WXlWHIVpVEUMaD/AGYcf3yvrjd9+sFUVlXmK3I9Fiz4kJaWlm6PnTd/PplMptBuYPKkyb26RmlpCcOGDSOyFsdxeXjmzB6PveXWW8lkMjiOQxhGfP3MM3Gd3n1UBw4cwD6TJxPmK3DvvueeQmjczhi3UL0bWUvS7bntQXeMMWSsX1iOH9iQPvGqwuuV8XLCfDWrga1uNhXL9yJujzc94xJz44XX6zMNm8NPAw4uCxo+ZG7d/F7Ptz5dz23z7yHePq4BjGFdW23RAa2IiIiIiIiIiORs92DVZltgyyo4Y8Dvurx+p2vd2LkXLIBxsJuWdTk0Hotj81WcQRhy7jln43nbf++vdoMHDya3sj8XALa0bP35lZVu3swpCAL2nzat0wZP2zp36j5TCcMAYwwtLc09Xm/hh4sKy95dz6Uk1bv2Do7jUFNTU2insGjRIoIg7HJca2srDz7wAPF4nCiKqK6uZuLEvXt1jfbrTJo8mTCK8DyP5cuXs2z5ik7HlHslRDbCGIiIKP8ILSpiThJLVAizS2ObN+0yxoF83XbCjdMYdK2Abre6ZS0WizEQ2pDRVaMoj5cVXl/buh5jDJZcCGwAz3j8+f2/4Ydbb6fQ7oGFj9Aa5N5Pi8XmWwE0ZOppC7ZeCS0iIiIiIiIiIt3b7sEqbowtg1ULRJuWbvdLfVxRW+OWTQswUUDkdK0wdD03H0pZEokE48eP36Fzq6ysJOpQTetso2IzHt9c5WhtxKRJk3p9LcdxGD16VD5wA2uhqZvepACtbS354DAXzmX93lc8RmHYYfMsv9tl6IsWLWbN2rW4rksYhkycOJHqqqoux23NbsN3K7SjCIKAVVtsJhZ3Y4WA0VqL1837vS1x4xXmb7Ek3c3VyA1+E/H2SlQLjuk+gLfW8sTyp3FwsNYSRCGnjz6pQzVtxMqmlRigLFZKZbySiAjXuCxpXMrLa17d5jxXNa3m74sfxjEOQ0oHUZWozgW5GNJhhpZ/xS88RERERERERER2Ads9WDWxEsyWwxqXaPV7YLvv27lTWIttXNc12nM8TNi1is9z3XwQF1FTU0NFecUOnd7ceXNxXZf2kDoW23p17KZNG4HcMnVrYeSIEUVdr6KyAms3LznvuNFVR+PGjs1vPGUJw5BkonfVnmEUUVtbmy/ANVRUVHa7vH/R4sUEYS5QtlHE8OHDNs+rF6y19OvXlzAfSltraWpq7HSMZ9zCmJZcBWixYo5bqCC1NtdntTCHfAVq+0+mw2vtIhvx0KJZzFn3Ko5xyERZzpvwdcb2HV04JhNkWNW6Bmth98qRnD/xm4Q2wpC73u3z7yUbZrf6LG6fdw+RDTEYvj3pHIaXDyn0FQ6jkFa/uP6yIiIiIiIiIiKSs93XsjsVA9iyYtU4LuG6eURtDTgl1dv7kh+J9VuIahdhtgz3bISpGNTleNf1cmGstZSVlROLF1/luC2NjU0sX7Gc+//xAHfccQfxeAKsxTFmm/1ZW9vaCmFoLBajqWnrPVm3tGH9epKJRK4HKqZTBWxHI0fuXmiBEIYhi5csYeTIbYe4zU3NrFq1CsdxyGQyTJw4sdsq3EWLFhUC11g8zlNPPsW6tetpbm4ikUxRVlpKPB4jkUxiDKTb0mSyWVpbW2ltbaGirJyly5YRT+RaN4RhSDbbc1VtzPF4ctWzrGxeScyJ4zkOdZlNRBZibpISJ45PSDbKEkQ+KSdBebyMd+re3xymdpNBt3dxsNYShD5BFGIMtPptLGlYxj8WPczLa1/DMYZUrIzv7nUehw47uNMYbUGaxmwTmFyV7b4DJjO13yRe3/A2MSfGsublPLviBY4YcVi397a4fgnPrnkRi+XwYYcwpmYUcSdeqLSNiGjxu++lKyIiIiIiIiIiW7f9g9WqoblQqeMvjcGmWwiXvogz/gvb+5IfSbRxGbapFtwOj8BarOPglPbrcrwx5Ptp5v7dfT1nL68dWTbVb2L58hWsWLGCRYsX8fbb7/D222+TTqfp268vY8aMYf78+bmw1BiicOvVvh0rTD3XpS1dXCWibf+ftRhjKC0t6fa43UeOYJ999uGNN17HGMMjs2Zx+Oe6D/Y6mvPKyzS3tJBKpXCMw1FHHtntcavWrMFx3cI9baqv57nnnyORSJBKpXA9j3jMI8w/j1gsRhiGuQpUa1mSXobjGvr26UsURaRKSigvL+/2Wrn30dCUaeTdjXNxjIODQ8xNEs+HphnrE9kQsFgbYXBwjaE525JrN9DDB8EU/mt4cPHDvLn+TTzjsbJ5NfXZeuJOnEl9J3DAoP2ZNugz9Cvp02WMxmwTQZTro1oZr8R1XE7ecwavrn8Tay0xE+P2Bfdx8NADSG7RJzayEbfMvQssxJw4p+w5A2MM1cmqwtce1loaMg09vGMiIiIiIiIiIrI12z9Y7T+60IOzE+OQfeVWvDFHYrayS/onJVj8fD4o68hiEuWY0poux7f3H80t/e6uO+i2NTc38/js2cya9Sgvv/wyra0tlJWVM3HiRA797KFccP559O/fn4EDB/LQww9z6aU/IZlMYhxDa1vve2FaclWnRckvjW8PaNNt3Qezruty5RWXc/yMGXiex2OPPcb5553Lnnvs0ePQbek011xzDbFYjLa2Vk499UvsNX5cl+OiKKKpoaEwh9bWVv77l7/k6KOPIgwj4ok4ruPiug5RFGGMwXFcIhtho4jIWqIoIgpD/CDAdRwSiQSO03UpfvstB1HAKXvM4LSxJ+fC2cJjy3Vp3fKdbl/+f+0bf+Tp1c8R67F/avtQhoSb4INN83EAx7hERBw74kjO3OvLPbZcAGjMNBHaXGjcv6QvAOP6jGFS3wm8V/cBnhNjfdt6Hl/6FMfveWync+fWzue1DW9iLRy72xEMKs9VYfdP9c3PKmd964Yery8iIiIiIiIiIj3b/sFqzQic6iFEm1ZDh6XexvUI184jmD+b2Phjtvdli2L9Vvx3HsQ4W9y+jXCrh2G8VJdzoigqpFHt1ZHFeOHFl7jk0ktZvXoVYRhxwLQDuOCC89hn8mTKysq6HN/Y2ITjOFgb4bkeyWSRO9cXmasmEolCWOm5Lmwl8Bs3diy//vWv+dGPfkwQpDnr7HO48Ya/dtvXtaGhkYsv+TGLFi4iCEMOOOBArrz8sm7bABhjiMVjRFGE67pYG1FVVdVjxWk796O0Cs4Xm0ZExJwYjnF69czc/DGO42AwW/0Y2Pz4J+55PNkgzc1zb8czhpjxeGjpLKYPmcae1T0H0qta1uQ/Z4bKeK6nr+u4fHXM6fy5gb1UAAAgAElEQVTwhctxscQcjzsW3MchQw+iKlkJ5MLiv35wC2Aoi5dwyqgTCmP2TfUpzM0xDsuaVm77pkVEREREREREpIvtv3mVl8TdYzo2v4S5EzdO+vFfEjWv396XLUqw8Fmi+lWdgl/IbZbk7n4gdFPhGEURhTSuyHLVOS+/zJlnnsmGDRtwXY8LL7yQm266gekHH9xtqApQW1uL53m5jZFcl0R86z1WOyd8pug5Dho0mHS6DWstrudRkuq+FUC7E44/nhtuuIGpU6eyds0ajp9xAr/+zW954cWXeP2NN3nxpZe49fY7OOqYY3js0UdJplJc8uMf89e//IlUqmtwDblgtW/fvrRP3nU9Vq9ZW9yN9FaHfhWhDYs+3Ww1hbWFdhEGQ4TlpFHHc/Tww0lHWYwxRFHEFXN+wbqWnv8WljQsA2MwBvokN1dRj+kzimkD9sUPfRwcGv0m/rHw4cLrr6x+jfn1H2KJ+NIeJ1Kdqiq8VhGv2NymwBhq0xuJ/pU2lRMRERERERER2UVs94pVgNjEGfiv3dHl98ZxINNCeuYVpE65dqe0BIha60g/+RvwugaVxhi8EdO6Py+KCjva5/pt9u56TU3NfPu7F+J6HjaKOPLzR3Lhd77dbcVmRxXl5fi+j+d5uK5DPNH9ZlLtKisrsVEExuA4Dn7QTbC9FdlsFmOcXLDqOCS2cT2Agw88gKbGJt555weUlpXy4EMPcc+99+ZaJVhLKpVi36n7cuhhhzL9oIMYMKD/NsecsNde3BaExPIfjXXrtn+wGtpcZW5uub4hjIoPVoMOYawBArv5eTvGKXw+DIY2vwXHGM6eeCaLG5fzYf1CYq5HU7aZ373xB35+4GV4buc/xchaVreswWBwjEN1cnM4aozhy2NOYc6617BAwolz/+KZfHH3o6lIVnDT3DtwjENNooajRx7eadyUl8J0+D6lIdtAEAXE3W2/3yIiIiIiIiIistkOCVbdmpG4u+1LuPRV2DI89eIES18l88jlJI/5KXhFLnH/OGxE+qnfQssmjLdFkBSFmJrhOP1GdXtqoWKVfCuAXpaEPvf8C2ysq6OkpIRMJsPXvvaf2wxVgUJVI5AP17a+Tr2kZHOFqe/7lPdQCduThsZG3PZNo1xnm3P0fZ+f/fwqbr3tNn74wx/y1a/8B8lEgjAMyWQyGMchmUgQjxcX2E2YMAHHdQCL53m8+tprBEGI53XfJ/WjyITZQsWpMQbfFhdCA2SiACdfTWowZIJM4bXqWBXZMEvCi9OxtjXuxrli/4s576nv0xa0EXdjvL9xLn989ybOn/TNTu+xH2apbavFYHCNS1m88/s5smoE+/afzJsb3sFzcm0T7v3wAYaVD2V16xoia/nKmFMpjZd2Oq88XpZ7b/OhcmOmiUyYVbAqIiIiIiIiIlKk7d4KAADjED/ovB77kBovjv/BE7TNuhLr935Tpo/FRqT/eTXhB0/AlqEqYEOf+NTTMT0EvVG0eaMrS+9brL711lv5Jf2WWCxGVVXVtk8CGhoa8DwX13UJo4jW1q0/p3Q6U+iL6mez9Ovfr3cTzNu4aWPhevTietf/8U/ccOMNTJkyhXPPPovysjJisRjJZJLKykoqysuLDlUB9txzT0aPGk0QBHiex7vvvsOSJUuKHmdrmoI2XJPb3ssxDs1B9xt1bY0fZXKRqc2Fsy0dxgiiINeNwUImzFAZ29wjtjJZyU/3v4TABrnPhBPjkWWP8dSyZzqN3xakqc80gIGEmyCxRfBpjOH00ScDuc9jzHg8tvxJ/vL+34g5MariFUwbvF+XeSe8BC4ukNuEKx2mafOLv38RERERERERkX93OyZYBbzBE3BHfxaCbA8HxAnmPkXb3RcQ1S/fUdMAcptVpZ/4Bf4rd4DbTZGujTAlVcTGfr7HMTpuXpWPVnt17abmxlyvTWOw1hL0col+W7oNYza/PdsKchubmgr/dl2XTfUNvbpOu0Q8ge/7AESWQrVsd5qamrnhhhtIpUoYNHBgodJ1e4jHYnzrggvIZvNziSL+euON+Srh4oVhd8v8QyJr821WDdkw080xPbNYkk4MPwqwgGdc6rL1hdcb/CZc4+aPBT/s/J6P6TOK8yZ8k0zkYwzEnTjXvvMnljesKByzMb2JdJSbV8pLdltROrpmT6b2m0RY6GecD9Yjn6+M/RLl8a5VyzHHI+Em8p9egx/5tH5SX26IiIiIiIiIiHyK7LBgFeOS/NwPwIsVdjbvwvUIV71Py81fxX//IQh7CGE/hnD9fFrv/hbZN+/vtlIVwPppEoddhElV9zhOOpPGyVc5Wtv7itWamj7YfIzl+1mWLlu2zXMam5qYM+dlnHw7ANdxiMW33o+2ubkZyBWtup5LXV1d7yaY19LcUliKbozBbKX1wOo1a/B9H9d1+HDhQtrS6aKutS1HHH44U6dOIZPJEI8nuO+++3j11deKHueDD+Yy67HHuvw+5STwIx9DLoQsdbvfTKsn1lra/EzhGflRSFmHMRqzzbmKWJMLMtenu74Xx4w8gn3770M29PPP3XL5nF/QmGkEYFXzmtymUhbKYqV4TtcvBBzjcNrokzrF/JaIyngVhw07pNu5x904JbFU4YzIWlY2ry7q/kVEREREREREZEcGq4BTOYTksVdi/TQ9Vni6Hvhp2h7+Ka13nU+w9CVs8PGDuqhhJemnr6b15q8SrXoX081mVQCEPu5uU4mNP3ar46XicfwgwDiGrO/3UAnZ1WcPOYQwX/3peTH+9/r/JZPpOUBuaGzkO9/9LosXL8LJV4KmexFcJhLxfMWpwfcDbJEbMm2s34TjeoRhiOM4lJaW9nhs/379cF0X13FZtnQp51/wLR56+BFefuVV5i9YwPLly3n33fdYuGgx69atZ82aNdRt3Eg607vK0Hg8xu+vuZZ+/fqSzWaJxWKcfe45PP3PZ7Z9Mrkq11mPPcaJJ59EGHR9Ditb1hJzY2DAc1xqM5t6NW5hfGvZlG3EM257112yYa7C1lpL3PEIbIi1ENkIS9fqX9dx+cGUb1OdrCaMQjzjsimziate/g3Z0GdjelNuEzAsZbEyXNP9n+qomj2Z3HcigQ3yQXHAjN2PIRXrPixubxNgsfn+sLC6ZftvECYiIiIiIiIi8mm3Qzav6ig27mjCNe+TfeV2TKyHcNM4GC9OuOodWu/5Lk7f3YlPOhF3t/1wKgZhegiJtmRbNxJuWEDw/iP4c5/Ahj7G9SDfU7KLKAQvTuq4n2O23GRrC14sFzrGYjH8bJYw7N2S/n0mT+LAaQcw5+U5JBJJ5s79gEt/8hN+8pNL6dunT+G4bNbnvfff4/wLvsURhx/B1VefykUXXUQymaKxqZF33nmHgw86qMfr1Dc0FCpOHcehbmPvw8IoirBRRBjmNomKorAQBnensrKCo446ivvuvZeS0lLmzJnDiy++WNhgytpcOwLjODj5FgglJSXU1NQwZZ99OPaYY9hnyj6kkj1vXDZgQH/uuO12vnn22SxduhRrI847/zzO+PJ/8I0zv8aggQOJxTq/Zy0tLcybP58//fkvPPLITEaO3J3p0w/uMnaY72/avhw+HbZhrd1qlW5H1kaE1ieyEa7j4jkuG/OtACyWZr8Fh3x1M5Z0D18UVCTKuWTqhVz8wpU4xsUzHh9sms8tH9xJY7ap8H6mvCROD8GqYxy+NvZ03njubSJjKfVKOWL4oT3O3XNcqpLV2PbOBQY2tBVX3SwiIiIiIiIiIp9AsAqGxPRvEdUtIVj8Us+VowCOlwujapeSmf2b3M81w/CGT8Gp3g2nYiAkK8FvAycGjsG21BE1rCZc8z7hqrehrTGXoTru1sNSGwGW1Gl/wKkYvM27WLlyNcZANpOhra0tt7N6L8RiMX72s59x1jnnsHTJEhKJOA/PfJiX5szhqKOOYuDAgbQ0N/PE7NnMXzCfH3zv+5x/3rlYaxkzeixz580lFotxzrnncdqXvsSAgQP5+plfI7HFxlCtLa1kfR8LBEHAunXrejU/yPUhra2rIwpDAmtpbW0j3ZamtKSk2+Mdx+HKKy4nmUjw0MMPA7lKzSiKcoFlFBEEQeEZOcbQGAQ0NDSwcOFC7rrrLiZOmsQvr7qK0aNH9Tiv3XYbzr1338U1v7+O2267jTCMuO2WW7jn7ruYuPckJk6aSFlZGZ7nsWbNGp6cPZsVK1eQTKa48MKL+MbXz6Smumt7h6ZMC9koS9JNEkQh9ekGQhvimd79OWQjnw2tdQQ2xLEu6TCDse1L6yPq2jbi2wDHxDEYljev6nGs8X3Hccaok7ltwT3EnRie4/HA4pk4xuAYhyAKcy0BtmJk9Qj27T+Zl9a+yoxRx1KzlZYWAAk3jh8FuK4DWJY3rSgqWBYRERERERERETD2o+4KVCTrp2l74EcEC5/vuXK1u/NshCksazdYA8bxcsFolAtHcy85YBysMd11c91yUAizpE78v3ijj9jmHKIo4v/87OcsW76c0tJSamvr+NUvrmLEiN16fR8NjY388Y9/4q6776a5qQnjGMIgJIxC4vEEhx56GBd+99uMGzu2cM7GTZv4n/+5ljfeeJ3IWnbbbTgzjp/BEYd/rsuGUY/MepQbb7qRwYOH0NDQwO4jd+fyy37Sq7CsLZ3me9//AZBbor6xfhO/++1vGDhgwFbPa2lp4b9//RtuueUWUqkUgwcPpv+A/lRX11BWUkJjUxP1mzaxZu1a1q9fTxAExPOBcDabJZlI8MjMmQwdOmSbc1y8eAl33Hkns598krVr15LJZHAdB+M4BIGP58XYY489OOXkkznqyCN7HNMCL69+Ddc4+DbA2oiUm2LSgL17XG7f5XkFaV5c/QrV8UpawlY841KTqGZMn1FENuKVNa8Td2K0hG14xqU8VsaEfuN7HC8bZHlyxbNUxsuxBkrcFCVektYwQ1uQpn+yD3vW7L7VOdW21vHuxrlM6TeRykTFVo9dsHEhdW0bCU0uCC/zSpncf28FqyIiIiIiIiIiRfjEglUA67fS9tClBB8+j/FidLuh1Y4WhVgsqRm/JNaLULWd7/t4nocxBj8IcB2n11WrHdXV1bF4yVLeefcd4rE4EyZMYOiQIfTt26fHYCubzWKtJZHoOZAOggAw+aX8UaFtQW9YawmCYPP9+T6u6271/l559VUuv+JKVqxYwYUXfpdjjz6Gmppqkslkp9A3CALS6TSrV6/h9jvv5I47bsfzYjjGkM6kmTbtAG664a9dguKeNDU1s37DBtatW8fcuR9gjGHUqNEMHz6MgQMGbPUZiYiIiIiIiIiIbC+faLAKQJAmM+evZF+8KbeFvdO7QG17sEEWU1pD6oRf4Q2d+old99Pm3r/fzyWX/JiSklLuu/ceRu25Z6/PnfnILH548cX5INUSBCGzHpnJyBEjdtyERUREREREREREtrPiSy4/Li9J4uBvkTrt9zg1w7BBJrc0f0eyETb08UZNp/RrtyhU/Rjeefc9Lr30UqyF6667rqhQFeALxx7DaaeeSjqdBgxRFLJ48ZIdM1kREREREREREZEd5JMPVvO83fan5Ks3kzj8+xCLQ5jNbyjVe9uMY22E9dM4ZTWkvvgzSk74DU75wI8853932WyWSy69FGsjxo4dx7T9PvORxvniF7+Yf/NyGybl2hiIiIiIiIiIiIjsOnq3DfoOYuJlJPb9CrHRn8N/9wH8t/6BbanLveh4uVYBWzu/u19am9vwykaY8r4kpn2T2NjPY1JV233+/26Wr1jBkiVLMMZh7wl79bqH65YGDhpIMpXEWou1lv79+2/nmYqIiIiIiIiIiOxYOzVYbedUDCZx0PnEp5xBsOR5/AXPEi6dA9nW/BEGjNMhaLW5f+erHgthKkAsiTd8CrEJx+HtNg2T3PoO6dJ7y5evwPd9rLVUVlZ+5HEcx8FxDL4fUlpayvDhw3p9bltbG9Za4vE4nrf54xtFEUEYYsh9LBxjOr0eBAHdtRNuP8b3feLxeOH31lp83ycWi3W7qZi1lnQ6TRRFXTbsapfJZAjDEM/zOo0dRVFhs7D2DcLaf9d+Pd/3O43lOE631wiDkHQmjeu6JJPJLa4RdvpuwlqL67pdxml/Nh2D8vYqYs/zCnPr+BzaNzrr7rl0HK/9mPYxHMfp9L5ArhK647NoH6e370n7ex/vIeiPoijfegKSyWSn6wRBQGRtly9p2ufY/hy2fDZRFBWeZXefLQvE8s8om812mnPH+2h/Xt09y4/6xYWIiIiIiIiIfDL+JYLVdiZVRWz8ccTGH0fUtJaobinh2g+IahcS1S7BttZh/Sy5YNXBeHFMSTVOzQic/qNx+4/G6bsHTsWgnX0rn0rtgZTrumzcuPEjj7Nu/XoymSxhGDLj+Bn0qanZ5jktLS08/fTTzF+4EMc4lJaWcOC0A9hrr/EYY1i0aBGzn3qaIAwJw5BEIsH4MWM48MADiMViPPDQQ2yorSOTSWMjWwhfz/rG14miiFtuu52Je0/g4IMOAmDFypU89tjjfPG44xg4cECnuTQ3N/PoY4+zfMUKAPrW9OHoo48sVN62tbXxyiuv8NY77xKGIfF4jKn77MP++++P4zgsW76C2bNnc9hhh7LnHnsAsGTJEp548im+fPpplJaWctfd99DY3EwYBGAMiXicvcaPY9r++xeC0UWLFvHPZ5+lvr4Bx3WZOGECBx90IIlEgnnz5/PPZ54lzD8P8pHz1KlTmJ6/x3aPPvY49fX1nHH6abiui7WWmY/MwlrLCTOOZ+HCRTz9zD/JZn3CMMRxHPr2qeHQz36WwYMHdxqrra2Nu++9j9Z0G4cefDDjx48H4MmnnmLh4iUMGTyI4487rnD8ihUreGjmI+yxxx4c9fkjCr+vq63j7vvuY9p+n2HKlCmF3937j/s59aST6NOnD5ALTWc+8ggrV63mjC+dSlV1daf5rFy5kn8++xzr168HA/379Wf6QQex227DiaKIh2bOZPWaNQR+Phw1uef0n1/5CplMhocfnklkI07JX9P3fe6+916am1vYe8IEDjxgGk/MfpIVK1bQlslgowgwhFHAN792JqmSFDffcgsjR4zkiMM/hzGG1tZWbr3jDo496iha29qYOWsWnuuRSqUIgoB0JkNJKsW5Z5+1zb8LEREREREREdl5/qWC1Y6c8oE45QPxRkzL/SLIYP1WbBhALAXZFoyXwMRKwItvfTDZLnbbbXihym7uvHmFqrtivfTSnEL14plnfm2bx/u+z31/v58NdXV87rOHUlZaytz583h41izAMmHCBLLZLE1NTUw/6EDKyspYvWYNL73yCmVlZUydOoVN9fXYKOLwQw/F8zxsZMFAPB6nubmZtrY2XprzMmNHj6Fvv774fkBTe7DZgbWWWY8+RmNTIyfOmEEUhcx+6mluvf0Ovn3B+cTjcR6f/STzF8xn/8/sx5DBg1i1ejX/fO55LHDgAQcQhgGNzc2dqlL9rE9zczNRGGKtpXZjHQP69WPM2LFEYUhtbR3Pv/gSZaVlTJo0kdWrV3PP3+9n3JgxHDr9ENZtWM8zzz1PNpvhmKOPJpPJ0NTcxKHTD6GysiK/P5wtBJIdNbc009DY2Knqsrm5ufBzJpuhqamZ6QcdSHl5Oel0htfffJN7/34/Z3/zG6RSqcJ5URTR0NBA1vdZvHQp48ePJ51OM3fefPwgoLm5pdO1337nXRqbGvlg7gdMP+hASkpKAAjDgNbWVp5+5lmGDx9O3759CcOApqbmfFCcU19fz7wFHxKFIe/PnctBBx5YeG3Dhg3cfuddDBo0kC8cfTShjXju+Re48557OPesb1JZWcmm+nqSiSQHHLIfjnGw5CLoklSKpsam3GcgClmxYgV9+vShoaGRtWvXYRxDW1sbAI1NjWSyWQ47ZDrxeBxrwdqIVEmKKAxpbWvj9TffZOyY0QwbNowoimhuaiaTyTCgf3+O/vznaW1t5Znnnmf4sGHsNX4cjtO1OllERERERERE/rX8ywarXXiJXJDa/nOibGfO5t/S0CFDGDV6NPPmzmX+/Pm88+67TM1XE/bWpvp6brrxRsIw5NxzzmXM6FHbPGfRokWsXL2ar375DIYNy7UNGDV6FGEY8c9nn2P8+PH5Kk7DxL33prSsjL333psVK1ayZOlSpk6dgjEOlZWVTJgwocv4HQPFx554nDNOP514PkDess+vtZaNmzZRXV1F//79KC0tpW+fPqzfUIsxhrraOubOm8fRn/88kydPAmDPPfckFovxwosvMXHvvfPhm+20/Ns4+X+3L50PI0aOGMGUyZOBXFuB9+d+QG1trgfxM889z4D+/fnicV/AcRz22HMPqio39xE2GBzjMGniRJKpzS0CutPeZqB9+bsxBi8WK4TKBoPjtI+VC1GTiQQPzJxJOp3uFKwCuI7DgH79WL58BUEQ0NTURBiGVJR3/pttaWlhwcKF7LfvZ3jnvfeYP38+++yzT+E5GGMIwpBnnn2Ok088AZOvmDYdFu7PnTePyooKBg0cyNvvvMtn9t238HyfefY5qqqrOO3UUwstBYYNHcqiRYsLXwgYC3369ClU1nYUhiHGGCorKlm4cBGTJ09m1apVJOLx3PtUmIYhkUwyceLELmM0NzdjjMF1HR574gm+/rWvFSq/gyCgqqqKqqoqMpkM/3z2OYYPH9btXERERERERETkX8+uE6zKTheLxfjFz3/OSSefDMBll1/BLX+7mb7dVEF2p65uI9+58LusWbuWzx76WS668Dvd9pbc0voNG0gmEl02uRo2dCgfLlpIU2NjPqyyrFmzloqKclavXcvG+k2MGTMaAC/fvuC22+8giCKwluqqKo7/4nGFOUyauDfvvPc+CxYsoE+fPkQ26jIXx3E44nOHce/9/+D6P/6JwYMGM3bsaCbsldvMa9nyZbiOw6BBAzudt/vIkTz7/AvU19cXlvJ36fja4VH8f/buPi6q8973/hdEnFHxgQchAsI0GCIWjYqmPmQwu9aYVrujpkkDNuk5O5Huc9K+smHvfRPp2WnOKQltD9y90+y22OzT1ApJjNHumN2oSRtnGvWuj4kGCZGdgaIpKpggBlCQOX+smWEGhoelKKif9+uVJsxa61rXutZi+vLrdf3WyPCRqv7YpdDQUHW63WpsPKvOS51KvW2qLl26pJMnT2r2HXcE1AtNS5sW0Jzb7damzZsDQsCvLlvW436NCB2h1tZWvbLpVV+JhFOnTysu1hhvo5yxW3v+/z/LMmqU3JI+qPhAUxITFRER0WOMLnV2KiEhXkeOfqCmpiadPPmJJk2apDGjrTrXfN633/Hj1ers7NRdixaqo71dBw4d0owZM4zx8QTPGbNnaf+BQ6qprdW4ceMCRq3dc8yiBQt029Sp+tdflqqurk633nqrLl68qJOffKKpKSm+oLW5uVkhISG6bepUhY0MM+rAhofrL3V12lhWrk63W52XLilxSqK+fPfdCg0Nkdvtli05SR9WfaTW1lbV1tYqPiFBZxsbjVnPMkpjtLa06Lfl5UaZCbdbY0ZbtfK++xTqqQWdnjZdHxw7pg8++EBTp041ykb73fCO9naFhISo81LPZw4AAAAAAAxPBKsw5YvT0/Tr//Nv+rvHHlNl5TE9+M2H9Owzz+iOmTMCXjTk7/z58zp4+LD++Z/+WZ/89a/61re+pfx//qde9+/OWzagRwjrCac6fEvDQ/Tv//GGL7BKnTpVczMyJBnBYGhoqCbfcotCQqROt1tjx3bNoLzU2alpt0+T1WLVW3/8oxbfZQ8IvvzdeuutWvt3/1UVFRX62FWjP/zxHR08dFgPZ2fr0qVOhYSGBASekhFWSp4XSIWESm637zPv55JfHdvQETrX3KzKqo9Uf+qUxo4ZrYfXZCs2Nlaff/65Ojs7FRraRygdYrQZExMjq9UiTy2AXsc8NDRUY8eOVajnnXChZ0L8MswQuTvdqjtRp6Zz59TS2qo70mfob+5e3ONFVJIx03PixImKi4vVR8eP6y91dbr1CzZ9+umn6mw659vn4KGDsiUnSZKSk5N08L33VF9fr/j4eElGWYFZM2cqRCF6c8dO3Z2ZqRGhI+Tt2MmTJ9Xa2qa42FiFh4crKjJSBw8d1he+8AXJ7VZnZ6fvmWlvb1f5y6/o/PnPFRoaorlz5uiuuxYpJMT4C4OEhHjJ7dalTrdi/ILnS52XlJiYqI+qq/Wf//mfOtPYoHkZGfpzY2PXBbuNZys+7hYjjJV8L9Jyy3i2bps6VbFxsdrx1tuel511Gzf/F/MBAAAAAIDrAsEqTFu4YIHe2r5DP33uOW3btk3feOABpaWl6Z577lFiQrxGhBlvQG/5/LwqP/xI27a9rsbGBs2ceYd+9KMf6a67FmlEt+CxLxMnTFDbhQs6d+6coqOjfZ83nj2rkNBQRUREqKGhQaEjQrTiq19TZOREWS1WjRk7RpIRMLo73RoXEaG7717co313Z6fxaid3p770pTt1tOIDOf70J4WO6NnHlpYWHTt2TFOnTtWiRYu0aNEi1dTU6KVNr+r0mdNKTExQe3uHPv30U8XExPiOO32mQZJbY8aMMV4o1dlpLCn3uHSpU263W5c6jX9fuNCmjNlztGjRQn3wwQd6c+dOffrZZ4qNjZXFYlHkxIlqaAx8gVhlZaUuXerUF784XZKxpP/uxZmyWPouBXCp85LCw8P1ta/e6/vs5U2vqsNTCsBbtmDVffcpPDxc5S+/otOnTqmjoyNoUOuWZLVYdVvKVDnffVdut1vz77xTjY1nfbFhY2OjGj/9TE3nmvXz0vWSJwQ9+sEHRrAaYswWDQkN1YIF83W0okJ/3PWOUSLA8+wcOnRIoSEh2rxlq0JCQnSxvV1NTU1q+uwzTZg4UVGRkTpz5ozcbrfCw8O1auV9Ot98Xtv+4/fquGRcW3t7h+LiYrU4M7PHdXR2dsrtlsaPH/4uQywAACAASURBVK/EhAQ5/vQnhYSEaPLkyb6xMcavU+HhI/U3f3N3z7FwuxUiqeNSh2akp+vQ4fe04+231dnZqe65vTE2/c/gBgAAAAAAwwPBKi5LYmKC/vePf6R/eOIJHT58WH/4wx+1ffubOn36jEJDQ+V2d8pisWrKlER9JydHdvtdsiUn9xvyBZNy6616x+HUjp079ZUlSzR69Gh9/PHHOvze+5o7Z7bCw8PV0WG89Ck6OkqRkZE92nB3dqq9wwg8vS/gkiSr1WrMagwJ0cWLxsu47vnKV/Ta1t95ZmMGziAMCwvTn3bv0ftHjmrVyvtktVjV2HhWIZ4XYcXExCgmMlLb33pLVqtVEydO1OnTp7Xz7bdlS0o2QuK2No0YEapD773n62tlVZVGhI7QaKvV17dOtxE2Tp8+XZVVVfrdv7+uv/v2I4qZNElzM+Zo+863VFFRoaQpU3SmoUH/8eZ2TZmSaASrbmOWbsOZBk2YMN53FWFhYT1qonZ6lq93dHQYL/Zyu436qr7as8a/3W63Ro0apeX33qv/s2GDtu/Yqfv+9utBZ+de6rykuLhYXWxvl9ViUUxMjNrb29XZacwufv/IEVlGjdJ9X/+6wsJGKCQkVBXHKnT4vfdlv+suoxxASIg62ttlmThRf7N4sX6/Y7tGho1U2IgROnfunKo/dulL8+Zq6tSpcrultrZWbfndv+vI0Q9kt9+l+V/6kjb/bqv27N2r9C9+UaOtVtXV1am9/aLfXXWrra1N55rO+WabhihEoyyjFOop2TAyLEwJkyer4lilkqdM0dixY3XhwgVfKQC3u1Odlzp19uxZX9kB/2fLLWPW9YgRI3TPV5ao7OVXPOUO/B9Qty/cBwAAAAAA1weCVVy2kJAQJcRPVkL8ZK1Y/jV1dHTo4sV236rmESNGaOTIkQOqo9qXiHHj9M0HvqFt//F7bdr8msLDw/X5559r+u3TtGjhQklSWNgIWUZZel1JHRERoTMNDXrl1Vd1qbNTIQpRZ2en/nbFco0fP15Wi0VhYUaQZrPZNO3221Vb95ceoWF4eLhWr7xPb/z+Tb20aZPCR4ar+Xyz5s+bp5iYGIWGhupvv/517XjrLW353e80evQYff75ecVPNsYoJDRU1tGjtWzpUv3hj++o/OVXJEkXLl7Uiq99VaNGjdKFCxdksVh9L1gKDQ3VPV/5ispffkV/2r1H9319hdLT03X2s8+08w9/0NjRY9TS1qpbbrlFy7/6VWPsPeOx7fe/N2bsSrp0qUN3zJgh+113BVyTxTKqK2D2GGWxKMQTEIaFhclisfi2x0yK0ZcXL5Zz97uqq6tTUlKS77iQkBBZPOFwZGSkIiLGKjE+XlarVSNGjNC4iAi1traq+uOPdee8uZoyJdF3rNViUcWxStXV1WnSpEmyWEb5ZqdOn56mj6qP65NP/qrQ0FC5XDWyjrYqIyNDo0eP9rUxI/2LOvbhh7rzznmaOjVFixfdpf2HDuroBxXGLOrWVqXceqsyZs/21EIdo1NnTqvs5Zd94+R2u3X/ypWyWqyyev4iID4+XqNHj9YXvmBTeHi4LBaLwkcZs3VHjx6jT89+qk2bX/M8W8Ys1q8tW6bJk2+R1WrxlUxISEhQxqxZqqis1AjP8+Ydt1EWi++eAwAAAACA4S/E7f9KdAAAAAAAAABAvwZe6BIAAAAAAAAAIIlgFQAAAAAAAABMI1gFAAAAAAAAAJMIVgEAAAAAAADAJIJVAAAAAAAAADCJYBUAAAAAAAAATCJYBQAAAAAAAACTCFYBAAAAAAAAwCSCVQAAAAAAAAAwiWAVAAAAAAAAAEwiWAUAAAAAAAAAkwhWAQAAAAAAAMAkglUAAAAAAAAAMIlgFQAAAAAAAABMCrsajTY1NencuXPq6Oi4Gs0DAAAAAAAAQL/CwsI0btw4jR8/fvDbHuwGm5qadP78eUVERCgs7KrktgAAAAAAAADQr46ODp0/f16SBj1cHfTk89y5cxo/fjyhKgAAAAAAAIAhFR4ertDQUDU1NQ3/YLWjo0MjRoyQ2+0e7KYBAAAAAAAAwJQRI0ZclZKlvLwKAAAAAAAAAEwiWAUAAAAAAAAAk65KIVTKAAAAAAAAAAC4kTFjFQAAAAAAAABMYsYqAAAAAAAAAJjEjFUAAAAAAAAAMIlgFQAAAAAAAABMohQAAAAAAAAAAJjEjFUAAAAAAAAAMGlYzlhtfLdYP3ilpo89kvXgD/K0KOqKTnN1tJzQuxsrFbv2K5oadIdzOvjzp/RipVULv/d9fXPq6GCN6PjLP9Rzu9XHPlff8Ze/q+d2B9sSpojIZKXdu1qrvpSgoendcNKod4t/oFfiv6effbPrrreceFev/Pp1HTndqg6FKSJ+hr665kEtSmDEAAAAAAAArndXJVgdHFYl3zlb8UF7GKtY67Xuz8A0HnpFrxyN1/d63WOc5nz7MVX+4Bfa/evXNef731T33LTl+Ov69e5mRSzOHbJQtUuw+9Cqk4eO6M9lxTrRmq/8u2OHqnPDVsvxl/XD53arNXKaFmcv1lQd1643d+mVHx3XiSEMywEAAAAAADA4hnGwGqs77/3m8JyVeqVGp2nVYwt17Lnd+vkraSr8LzO6Zn22HNErP9+t1uQH9f3VtqHspUcv9+Gbp/TW//qhXn/99zqy6L9oxsgh6dwwdUp/fnm3miMWK/fp1TLuYprSvvQlY8x+9abu/LH3cwAAAAAAAFyPhmUpAO/xbrdbA2mq5cSftWXL6zpU3WwsuU6Zra+vWqU7fUuuG/Vu8dPalPCIvhv2pn7hOC1FzNO3C9Zoxmjp3LHXVbZllypPdyjMmqSFjzymaUe/r1+eeEBP5S1S1ADPc/yV7+lnuyWpRs99d7e08Lt67sHgBQGsKSv07YVH9LPdv9bPUwqUtyjK6OfPf61DStIDjyxUpNstt6nr636+7p/3PQ497oPnf4Pfh0matSher29pVFOTW+4oSWrRiT9v0ZY3j6rmbKs6JIVFxGvGvdl6YJFfyYCWE3p3U5nePHJSzR2Xs0+LDv4iX79p6XZ/Dv5C+b+pVNIDP1TeonHeT419rY+q+NszNHJQnpfX9GLZblU3dyhs0mxl//0Kz/gYY6VzdappDVP8VzKV7LmHgWPm0okmt5LHCQAAAAAAANepYTxjdWBajr+iwp/tVmv8PK16ZLYiO6rleHOXyn5cqZrvFuhB/yXXfy7TL2Lv1IPfuVftZ61KHm0c/6NfGsc/8MhsjTzp0Jsv/EiHrJIizZ0nduF3lN2+SWX7IrXiO0sUP66vJfKjNfXBx5R5pESOLS/q3Wl5mlb5orbUjtS87/y9b4aoqesbqCDjcDmaG89KmiR5ZqueeqtEP952VvHzVil7dqSszSe1e9ebOrSpRK3WH+jv54yT1Kh3f/FjbTqbosxVj2hapHT20NvasunHOtFRoO8vjh3QPsnpSdKmo6ppWaQoT/9PVh+XJNVW16h9kRGiqqVS+yqlaY+kGKHqFT4v5w7+Qj/4TaUUn6ns7GlStUPbfvaiIvwHZtwcfbtwTpARa9HJmlOSdaESCFUBAAAAAACua9d5sFqjN1/YreakVXoqb7Fn5mKa0u6crdd/+GO9/co+Lf7+YvnizY5pyv7ug5ozuuv4117YrdakB1Tgnfk4J03p04zwrStYHeB5EtKUkhwh7YtVclpaLy+v8pes1bmrVPP0Fm154UeKPXVS1oXf1ao0bwdNXt9A9RgHs9p16mCZfuVolZLu1LRxRl+P7G5WxMK/V+6DUz1Za5rSZsfqxf/nBR2qPiXNGSc1VurPtdK873xPq9M8zaVNk7X1+9p05LgaF8cqaiD7TJ2hSL2p6pPSnKme8x/qUEREhJorj+ukZihZUnv1UVUqRdlTR5sfz2DPy6ZKyf95SUtTespGPf3L2n5H7dSuX+jFQ1LSA4uVfLlDDwAAAAAAgGFheJYCkCTVatPT39OmHluT9MC/5GphlKSag9rXKs1assC3bN4Qr8wlKXq7fJeO1GdqSaxnS9I0JVn9lrV7jk9fMi/geGvKl7Ukfre2eq7FPeDzdFs+P5CLjczUIw8c1DObanUyIlP/8ECKrN5jzV6f291t7Lt/3ss49MLY3tt9kBSRrkd8JQuStOSpIi3xns+7T9hkpcRLh1padNHt1siICEWGSYe2vaxpEfcqPWGcRsqq2Y8Wa7b32IHsMylF6dYO7Tvi0gMpyVLjCdW0xmtJVoq2l9foRINbSVGS69gRKWmVbo1wy+26wufl1HEdDfa8TFuiJZH7tK3H+Hu1qGbL8/qZ45TiV/6zchdGXvHvCAAAAAAAAIbWMJ6xalXSvFnd3kYvSbGaZPX8Z3u7WhWphNieb04aFzlJUrUaz0m9TulsbVWr4pUc3/34KMUnSTo5SOfpR9TtdypetdK9mYEzGa/yeQcmyH2wJmjqjBSlJ8eqZ8/a1dJ4SidPn9bp45U6cvSoqk9LUrPOSYoaOUMrstNVW7ZHv/nJHinMqsjkdC1ZskSzpsUaNVYHso+SlT4rTI6j1Tq1KlmRJ4+r1pqiVXdOU3q5Q8dPtmth1EkdPdyhyCUpxuzSKx3Pc406q0gt7HF8hCIn9T6CLUc2GaHqA+uUu/BGfBsbAAAAAADAzWcYB6uTdOeyB3U1c6j29var1/gNY+D3ofHQC3q+7KjOGm+tUuS4WCXNmqf0ww4d9tsvavajemr2OZ2oPKp9u3brUPU+bfrlPm1JekDrchcqaoD7JE9Ll/YcUXXjEk2qPCqlP6pkJens7VJZZY0UW6ujrValp1zV5FnSSIVZe9vWog93H1ZH0gN6hFAVAAAAAADghjEsSwH4VrCrn+XqYSNl1VmdOHVR7kmBswjPnT0tKV6xkUYb3iX6/svUwyLGyarDqjl5Ue5I/+PP6tRJv/1NnMfX+EBLAQRecODYmb2+s+fU4narK+M7qxMnJcV3tRtsHPrvXf9lA3Run8p/c1Stsx7Wv2TNVtdwntLbhx063OOcEYq/fYFW3r5AK9WuU47n9ezWbXK4Fmhl8sD2CUtJ1+3aoOMnXWr5sEO3L0+S223V5JRIdRw+qWPHj+isdZ5mJXn6f4XPiyIiFRn0+EadqpV0e7Bnv1UtrZLiJ3UrPwAAAAAAAIDrWehQd+CKJM/SPKt0+O09Ohuw4aQcb1dLEbcrJbKXY/2OP/r2vsDjTx2So7bnfpd9nss14PNaZbVKqq3VKb+9Wiv36XDHVehXMKdrVC0pfZ5/qCrp5D7t8+t8e+VW/c8n/4e21vgfPFLjIsaZ2keSZE1WepJ01PGGjp6NVEq8ESnHJt+usJO7tdVRq7BZ6V3lFa70PsZO06yInse3VjvkONvbQZFa+A8/1U8fSOmjYQAAAAAAAFxvhnEpgIFI1rK/W6BDz2/VMz85qZVfnqXIjmo5tjv04dkILXh8ieL7Oz5rlnb/26t65ie1WvnlWbI279Eb2yp1LqzbfgM8j9VqlXRYb7+dovZpKZoWP67naQf9+qxKmXe7wj506N+eD9OKL6dI1Q5td7RqUpLU//vqB8GkFN0etkf7/u0nsj6wXLdHtOrsYYfeOHRS7X5jOTIlXbeHOeR4/ic6tyxT8+Ij1Hxyjxzbjyos6RvKTJZGtve/jyFSKemR6nijWrVhC7TCu+I/PkUp2qMPT4dp1ookv05e6fMSryWPLNA+v+ON5+Womns9plqbnnhee5K+oX/5h4W6Gvk7AAAAAAAArr1hWQrAe7jb3f8SdMut39CT/5ikrVvf0NYN+9ShMEXcukDfWrtMs2Mtnr64fUu73d2WY1u++LD+x9oIbXhpj17dsE9hliQt+K85itzxr/qd3/4DO49kuf0efTmpVI43NujDo/fr6ScWqt9oteuCe4zdQM8bMethPdHyqja84VB5qUOWSela/sTDit2zTv8qd7/jELRbvu4NoBRAxCw9/ESLXt3whnaXl8oRZtHEpHm6/x9zFLnnf+r/21OtExcXaOLIW/WNJ/+7Jm7YKuf2cmNGbViEbl2wVk+unKaJbrfcYQPYx3PaSbd+URY51ZZ+u6Z4P7ck6fbJ0oefpGtWaljAmF7x83LrN/TkP07WqxuM42WZpPT7vqVZ+3+rP6jn/fMbxQGNOQAAAAAAAK4PIe4rLogayOVyady4K5mlORycleMn/0u/i1+r/zdr2lB3BgAAAAAAAMAVOHfunGw226C2eX3XWL1SrYdU+k//otJ93Qpknj2qw59ISUlX+23yAAAAAAAAAK5H13mN1StkTdHclFb99tXnVXp6mey3Rqj17GH94Xf79UnEAv332VTEBAAAAAAAANATpQB0VpVby/Xqvlp92tZh1PKctVwrV86T5yXzAAAAAAAAAK5jV6MUwFUJViMiIgazSQAAAAAAAAC4bM3NzdRYBQAAAAAAAIChRrAKAAAAAAAAACYRrAIAAAAAAACASQSrAAAAAAAAAGASwSoAAAAAAAAAmESwCgAAAAAAAAAmEawCAAAAAAAAgEkEqwAAAAAAAABgUthgN2ixWNTc3DzYzQIAAAAAAADAZbFYLIPe5qAHq21tbbolLm6wmwUAAAAAAACAy/LX+vpBb5NSAAAAAAAAAABgEsEqAAAAAAAAAJhEsAoAAAAAAAAAJhGsAgAAAAAAAIBJBKsAAAAAAAAAYBLBKgAAAAAAAACYRLAKAAAAAAAAACYRrAIAAAAAAACASQSrAAAAAAAAAGASwSoAAAAAAAAAmESwCgAAAAAAAAAmEawCAAAAAAAAgEkEqwAAAAAAAABgEsEqAAAAAAAAAJhEsAoAAAAAAAAAJg3DYLVKG3NytLb7P0UONfh2KdPanDJVDWU3AROqynK0tiz4E9vgKAp8vgf9fA1yFHl+j3rpA4BBwv8/AQAAAMBNYxgGqwZ7bqnWl3r/KVS2yrXuRgqFGhx6NqdIjsFM03CVGaH/xmH5GPbRt6odKnPZlVdaqvXZqde8Zzeevp+DvkL0oTecn2EAAAAAAK4vwzZYDRStzJV2yXmAWUC4LqVmX9tQs8f5bAmKumZnBwAAAAAAuPGFDXUHBkODo0jryl3GD7YsPZOfqWjvxqoyrS1x+va1ZRXqycxoz6YcFTsV9Lg+2+wmoB17ri/QqirLUbHssjudMjbblF2Yr8zoKm0sKJdLkqugSCrMV2Z0H+esKtParZJdTjld3jZ8HdWzBSe0qjRbxlkb5CgqUN3KUq1JlYwZaiXq6p73c2O/PfO7jYeM/leV5WiL7JLTKVeQ6/ff1zdee+d79jPaLnP1HJP+xivgnCtPaF2JZLc75XT2vH/GtRvjGNiW99qylFhebly7LUvPPCr9yrt/wDX1Nkb+GuQo8uxTkiN59hnocxI4Xv7jY5Pd3u1MfT0HQcdDPfo294DnfBkHfM//upy9WjLPpf9M8RvDqjKt3ZrQs989Pq/SxpytSvQ+ewFj7/dMNjj0bMFeLfA9o8bYGuPleTYT7XI6nT2ei77vqd84Bnl2eu1PH8f0+QybGGv/Z6XBUeQ5V4nWetvuo28Bgv6e9/FsBny3Bfte6H7O4M9w4Pmv8T33HpuVqLJyp984+y4k8LtEduV5v+u6PSv+YxP0u73b9QV+Z3l+PrHS07++vze7X4//+ezdf6EBAAAAADes62TGaoMcW52SPUM98q6qMq0rTzSWOZeWKi/Rv2RAlTaW1Cm70FNSINcuV/kOY9ZrVZmK67L0jN9xv/Kuy++zzW49cxT5tVOo7LoSPeu/vt9Zp0TP+fPsLpW94FCDUrWmMEs2/3Civ3O6nNLKUq0v7RbKRE/XAptT+33lNCu0x2XXXF8IUKK6rELf9TtLBl5+wOWUVpWWan0foXLwMXlBZYm5XWUc6kp8S4/7G6+e53SqLqHQ7/694Ol/gxwvlCvRWzKiMEs259aAa3OVn9Dc0lKtL82V3VWudS9Ij3n3dZVre1WQMSrMUl3QMYpWZn6u7PILWQLu2cDLVTQ4XlCZvGOwUnK6ujb2++wFG48gffNKzdb6XLuMQCpfDyyyy7W3wlfPteqAU7b503ve39QM2V17VdG1o5y2+ZruDc4Kusb+mSyprGDgNSWddQnGtfeYwdv3Pe392Qnsz/rcRF9/Ao/Jld3Z7fez756aG2tJ0Zn5yjM2dgV0ZsYq4Pe8r2ez+3dboue7RX2MR999H5p7Lkkule31bC/MksoL/L4vun2X2Jza4mhQsGelrqSs7+/2gOtrUMVeySb/n12yZ3j/4qPv782A66kqU7HT7vseSKxzCgAAAABwcxi2waqzxP/lVQVGEBXkD+VVB5yyZd3jC1xT78mSzVcyIFVr/ILIhvq6wIN94ZqxdNo3c7PPNv15/jC+0hsCGiUL/IMr2Vf6zh+VYOv1evs/pzcs7S5a0+fb5Dxg7NlQsVcubwDdUKE9LpsWTI/2Nqpsm0t7KgYYLAULsgfKF4hFKzO/a7ZX/+PV/Zx2reoaQHWNoH+7khpPyKVAXeMZpUSbugLE6DglenfyBNG+c0RnapV9YGNUdcA/7B9ouQpjDLrCzFQty+q6qoE8B8HHY4ACwqUq7Xf6PR+BO2qu3zgEBLBVB+T0ex6jM1fKLr9wvx9Bg1yjpT7uafdxM/Z9MjO6R3+Umq31pdlK7WWsA563Pl3hWEuXMVZ+19Hvs+lS2Q7fF1jXX0ZUHZDTlqVlXQ+Rsm0DuT9Dcc89V+39TojO1Cq7fN9n0Zn5fmFso+q6/ZI7t3rC5OhMPembta9evtujlGhzqa7R05bma9V8GT/7/4XUAL43/a8n6PcAAAAAAOCmMGxLAQRfjt1dg+rrJJezQGvL/T+3qb5BSo0OXEZqs/lFI6nZWp8rrS3J6bbcs782/T8z/qDv9GvD05IaB36p/V9HP0dHT58vW/kBVWWnSie8s67kCaYStcrMdNNBEJ2Zr2dUpHUFOSqT1LVseLDGyxC43Nd2ecFX4wm55FRxTrdZZvZGqc8oyLhntvlmK5caY5C4sqvt6DhvzHtlz8HAGOHZlooGZU6vV51tvpb1cpmpGXa5tlaoIXO66utsWnCPsWODceFXpWZr7/e057h59d6f3o+5Vq5orPp8NlO1pjRXyinR2m5lDhqMh0jrcgIeItkG8BANxT2XbEr0azgqwSad8PzQrdxB11d4tDLzC6Wigq7r9C757/W73fhLqLIDVVqjA3ImZmhNXKKKD1RpTcaJrr+QMvW9GeR7ICpBNt8FAAAAAABuZMM2WB2YaMUlSrb5/jX5/Pjehu6ZyeSpm+jjmdkmeerrlZRpbml2320GMGZC2lcGD4EH/qKtfq6jv9QxeroW2Mq1vypDcto1N9vbvQTZtDdIIHz1RWfma32m8d9VZTkqfsGh6fnTB2m8JDU4tMXZs86jaVEJssnuV6N2oIx75jrRXwDb44RKtEl7/G6KMZM6QVf8HAyQNzyr0l5p/qO99z41Q3bXVlVUSXs0X495J04aFy6zV96vPu9pz3Hz6r0/vR9zrVzRWPX7bKZqTWmp1kiesSrRxoxSrTEeol7q/fbzEF3rey5J8swi9TTceMI7LdUoAdNVc9VTO9l3nDFr2fiaMWqi/sox3di3l+/21OnzZdtbr6qEOtkzsqVUyb61Xg45jZ8lk9+bQb4HgsyeBwAAAADcmIZtKYCBSs3wq5sq4w/Ra3P8a//Vqd5bk3Nr18yvBkeR1hY5fEuCo+MSfW9O779NL88y/K1d7VSV5QS0O3jX0RdPP0pK5PR/+3v0dC3wX8JatUNlviWunkDAtyy6SvtNlAaMSrD5LXs3llx7VZXlaK1fXdCoBJuUGKfoQRwvg3dZr1S1o/zywgxPjdotvgKKVdqYkzOgOpypGfaAMei1DnDgCTV9vs3vXgeO3ZU9BwOUmiG7q1zF5S4lxvWVHBmzW8tKyuVKjOsK1FIzApaBNzi2di0Tj45TovyfuQMyV3Gyt3vqGTf/+rDe56xbf9Tg0LM5RXI0dD+mStvLu0oD9PUMD5q+xqo/fT2bvmv07hunRO/MT8/93R4wHjm+uqX9dHgI7nnX0n8jXFfXrHt5Q0t5vr+8nxpj0XVNRoieGBfd53e7ouOU6NqrLXvlmSUbpUTt1Z46v3vS5/dmkBHLsPuVPvGUBgAAAAAA3BSu8xmrklKz9UxWkdbl5Hg+sCm70DPDK/UeZdsKVFaQozLZlJ2bJVuJZyZSZr7yTuT4LZc1jovur81uonu0Y1deqTFTrM+5YZ5ZpmUFOarLLdUaE+cM3tx82eSSAmoZGi+rqcvpWlpuzy311XxNvSdLtoJyT9/tys7yW4Lb3/kyV8peXuJZpmxTdpZd8kwuTM0uVHZRgdZ6L0V25ZV6KhBe7nj17IBW2ctV7Fnua881XkxUZ3pKXc8xkj1X64POVk7VXLtUXJKjuqxCPZnZ7Z7ZgtcB7tl1Ywy8S7ztdrvkLf972c9BYN9WDWBfp7P/gM8IjZwBQZc8L197tiBHa3v00ahjuq7cM572LGXbui6vT/3c0x7Pji1Lz+QbZw3sj99z3v0Yv3vb1zPcz6h0ew4Cn5XUDLtUUqK1dcbS9N7Hqt8B6ePZzNSTuSe01lduQ7JlFWqN8QXWYzxsWYWeWeJ9993X/2t1zz1t2bVVa3Nc3fpq1CstK/GUO7DnKs/uVPGJxqDXKHuu1qdKSu3ju90THDudds9S/2jFJbrk0kq/e9L392bPAfP8znruhc1u9ythUaWNOVuVWJjf+/EAAAAAgOtWiNvtdg9mgy6XS7fExQ1mkxgQ/gCPgWtwFGndiZW9vKU9YEc9W3DiMkol4Lp1Le+5p9zDAr63AAAAAABX2V/r6wPfvzQIrvtSAPCoOiCnbb56Wa0K+DGWvQfOSOxlz4q9XS/1wU2Bew4AAAAAwMBc/6UA4HmTuv9yV6AXDQ49W1Aul3fZdO87ylFU4Hn5GxHbzYF7DgAAAACAGZQCAAAAAAAAAHBDrUrOywAAIABJREFUoxQAAAAAAAAAAAwDBKsAAAAAAAAAYBLBKgAAAAAAAACYRLAKAAAAAAAAACYRrAIAAAAAAACASQSrAAAAAAAAAGASwSoAAAAAAAAAmESwCgAAAAAAAAAmEawCAAAAAAAAgEkEqwAAAAAAAABgEsEqAAAAAAAAAJhEsAoAAAAAAAAAJhGsAgAAAAAAAIBJBKsAAAAAAAAAYFLYUHcAuFY+a2pS02ef6eLFi0PdFQB9CA8P1/gJEzRh/Pih7goAAAAAAL0axsFqgxxFBSpzeX+2KbswX5nRQ9mnnqrKclSsXK3PTu398waHni0ol6vH0YHXVFWWo2KnZM8t1ZqA5qq0MadEzl7GoMFRpHV75+uZ/ExFD+Dzm9FnTU26cOGCkm02jRo1aqi7A6APFy5cUH19vZqamjSecBUAAAAAMEwN02DVCBLrsgq1Pt8TCTY49GxBjvZkFerJ4ZauDkjPULSqLEfFLzg03S/4tNlsch6o0ppUv2S16oCc17SvN56mzz4jVAWuE6NGjVJcXJxqXC6CVQAAAADAsDUsa6xWlZXIac8NDFCjM/Vkrl2u8h2qGrquDarUe7Jkc+1VRYPfh4mJsjkPBFxjQ32dbHa7bNe6gzeQixcvEqoC15FRo0ZRtgMAAAAAMKwNwxmrVdrvlOy5qT03pWbIrhLtr8pWapRDzxacUKLdKaff8nnvcnqD3yzRqjKtLZHsnv0lyeY/+9V/ub7NLrucqpvftT2gXXvPpf+DJiFDC2yea0yVpAZV7JUWrEzQHmfdFTUdcA22rIASAQ2OIq0rd/XcVlWmtVslu5xyumzK/sf52vO/9yrRLjmdnv0DxqN7CQe78kqzleo9v7KUXVfu2W5XXmmG9ueUeGbkdu3bo79Xc8wBAAAAAAAAk4ZfsNpQrzrZtCAq2MYoJdqkPfUNUpQkOVWXUKj1pb4ipSquy9IzpUYoWFWWo+IdVcr0BXJ++1eVaW3JC3JMz1dmdIMcL5RLWYVanxntC2Ft8z1dchT5tWsEh886/EJZZ4nWBlurb+/7Uqt2lMtly9JjAZUNojR9vk1l3nIADRXao/l6LEraM6AB7O1kPcfmV47pxjVUlWldeaLySvN9Aei6sriuINPllHJLtT5VUoNDe+SSU7laX+qtH1uijRlGsN3geEFliblan58qb8i6xXGP31jtlQpLtT7a2FacI+WVlmqNp/yDd99+xxwAAAAAAAAYQsMvWDXFpgXT/YK21Gytz/f+0KD6OkmJ/vvbtcobzEUlyCbPDNCGCu1x2bTgUc+21HuUbXN6gswGVex1yb4y3zO7M1qZK+0q21qhhsxMT7O9vbzKn0tlBTkqC/jMrrzSni+Wip4+X7a99WpQqlSxV67ElYpW/YBGpE+ucm2vytSaVCk1u1RPevt6wClbVqFvpmjqPVmyFRxQVXaq5zO75gZcnk3Z93g+iI4LGOLozHyt9/3UqDqXpPl+O9hXeurMRisuUVJihuccRmhu3JG+x5xoFQAAAAAAAENt+AWr0XFKlEt1jVLPBM0I6hJX9hKt+S/nl022gRYlbTwhlxK1KmizxjmdJTndXiBlV+MAm5enP10vr/K+nOseBV3cHh2nRNdWVTRMl/a6ZF+ZKvURrEbHJUquEwo6ZF6p2VqfK631uw6jfIIRQLucBVpbHtjf+gYF719fqsq0tsRXb2Dg9yBA32NOsAoAAAAAAIChNvyCVaVqrl0q9i6F91d1QE7ZlWesMu+hake5XH6zR3vOGu1FVIJs2msEiT1SO2MmpX2lsdS9xzkH0n4PqVpTmKVnCwq0MS5Yu6maa3dpy44dksuuVb1cb38aT7ikxJVdQWRqttaXZkvy1FQtKdPc0mzFJUq2+b0sszeVHjfIsdXpV7vWWMJvvoRB32MOAAAAAAAADLXQoe5AMKnZubI7S/Sswy9NbHDo2RKnbL3N8vSqqzcyyAaHtgSrexpM9HQtsLm0p8Jzvqodfi9fitb0+TY5tzp82WZVWY7WFjkuJ+v0O2emHsuyyVlSFjScTc2wy+V0ymXP6H/WaGqG7HKquMyvJc/12zNSPT8WBfQ5Oi5RsiUoynuu8h2+fjQ4irQ2J3i/BsJ1wpPGBoyjGVdpzAEAAAAAAIBBMgxnrEpSqtaUFspR5L883abswlL19e4iozZoudbllEu2LOVl2VTsqVXa9/LxaGU+mqU9BZ7z2bOUbet6WVR0Zr7yTuQY7Uryr41qrhxAt7NmrpS9vETFRQl6Jj+z28UYYakyBjJlM1VrSnOlnMCXaBlL/Xu7BpuyC7ONcUnN1jNZRVqXkxOwzfxkUU8t1BJPP+y5yrM7VXzC/AL+vsYcAAAAAAAAGGohbrfbPZgNulwu3RIXN5hNDgFjCXsdS9FvGMePH1f6jBlD3Q0AJhw9ckRTp04d6m4AAAAAAG4Af62vl+3yXgbUq2FZCuDaq9LGnCL5Kg9U7VCZy6bEqCHtFAAAAAAAAIBhapiWArjWUrUsS1pXkKMyzyf23L7LDgAAAAAAAAC4eRGsekRn5mt9Zv/7AQAAAAAAAAClAAAAAAAAAADAJIJVAAAAAAAAADCJYBUAAAAAAAAATCJYBQAAAAAAAACTCFYBAAAAAAAAwCSCVQAAAAAAAAAwiWAVAAAAAAAAAEwiWAUAAAAAAAAAkwhWcVMIDw/XhQsXhrobAAbowoULCg8PH+puAAAAAADQK4JV3BTGT5ig+vp6wlXgOnDhwgXV19drwoQJQ90VAAAAAAB6FTbUHQCuhQnjx6upqUk1LpcuXrw41N0B0Ifw8HBNmDBB48ePH+quAAAAAADQK4JV3DTGjx9PUAMAAAAAAIBBQSkAAAAAAAAAADCJYBUAAAAAAAAATCJYBQAAAAAAAACTCFYBAAAAAAAAwCSCVQAAAAAAAAAwiWAVAAAAAAAAAEwiWAUAAAAAAAAAkwhWAQAAAAAAAMAkglUAAAAAAAAAMIlgFQAAAAAAAABMIlgFAAAAAAAAAJMIVgEAAAAAAADAJIJVAAAAAAAAADCJYBUAAAAAAAAATCJYBQAAAAAAAACTCFYBAAAAAAAAwKSwoe5Ad3+trx/qLgAAAAAAAAAYZm6JixvqLgQYdsHqcBsgAAAAAAAAAOiOUgAAAAAAAAAAYBLBKgAAAAAAAACYRLAKAAAAAAAAACYRrAIAAAAAAACASQSrAAAAAAAAAGASwSoAAAAAAAAAmESwCgAAAAAAAAAmEawCAAAAAAAAgEkEqwAAAAAAAABgEsEqAAAAAAAAAJhEsAoAAAAAAAAAJhGsAgAAAAAAAIBJBKsAAAAAAAAAYBLBKgAAAAAAAACYFDbUHeiu8cKn+nnlC9rXcEifXvxsqLuD69TE8AmaFz1b/23ao4oaNbHPfT///HM5nU7V1NaqpaXlGvXwxjV69GglJyXJbrdrzJgxQ90dAAAAAACAq2LYzVh97lipdnzyR0JVXJFPL36mHZ/8Uc8dK+1333d27dKxykpC1UHS0tKiY5WVemfXrqHuCgAAAAAAwFUz7ILVP585MNRdwA1kIM9TTU3NNejJzYdxBQAAAAAAN7JhF6ye7/h8qLuAG8hAnqcLFy5cg57cfBhXAAAAAABwIxt2wSoAAAAAAAAADHcEqwAAAAAAAABgEsEqAAAAAAAAAJhEsAoAAAAAAAAAJhGsAgAAAAAAAIBJBKsAAAAAAAAAYBLBKgAAAAAAAACYFDbUHbj67lfpisc1Jzz41pqaxbr/4LXtz1NzpKcPbg669SH7G8qLGRt0W/OZ53W3M/hx172Un+qdmSn66P3lyqke6s4MnuU5BZoZ7fdBW612Fm/U/iHrUU/Lcwo0U++rsPSNoe4KAAAAAADAdeMmCFYNQUPJORt0IHmXNutahatGyHtb0/N6uq/dLr6n4m1P6CX/z1J+qndmPq7NczZf4yAYl2XuGuUtTZKl4X0VFnYFlstzCrS0IEexhaUixgQAAAAAALh+3dylAA4+rG3NUnJU/lD3pH/VT2jX9dLXm95crbF7QtVus0DfKN2p2rZozcxZPkR9AwAAAAAAwGC4aWasBne/Jo+SdCHws8DSAX/Rttce9pthmq/Nq5cpWb1t7+14v89jHteBFYt6zko12feeJQ4C+9K9rEDgrN3ersP4XP4lEuZs0IFk+bXdNfP2budmz2zaOxThO9F2ZewsMv475ad6Z2akPjoTqTkxY7tm43Y7pubMe5c9EsPO3FTFWtpU6ww2J3W/NhZ3KwSwPEcFAfUCpLbanSreuF/ScuUUzJTef1+aOVPRPbZ7TrkmT0uTLEGOl6S5WpO3VF2bG/Q+M2YBAAAAAACuyM09Y3XO1zUn/LwOfuwJAZWvzauNwDDjtcXKeG2xis9EasXqDXpKkhEoLlPUma7t25qnaMXS/AEcv1k5257XwYtGwJlhNlSds0ErIqSaRqOvTy19XHMubPedJ+O17aqRX1/mbFBezFlt825//z0p5tsqTenvOop0tNvM2KeipkiK1OQUzwcpi3Rb+Hl99MlmI3SdeYcaa/z6EbFMB5b6z6ydojmWd43t257QS8rX5pl3SL7zb5di/ILZ613sGFl0Xp8NpJDq3DXKmzlWtTsLVVho/LOztk2WJLvWzO3aLXpmvE56the+3xCw3QhV1dXGzlopaamMSbHLlVOwVLGndvq1P1YzC3LEnFkAAAAAAIDLd9PMWI2IeVwHVj/e7dPzOuj/sqQ5aUq++J6K/WqxvuR8UYtXPK7F9vv1tDNFUd1egvX0zsVds1X7PX6AnQ2/Q3mrdymv28f+L9oKOK8kIxDtmoH60JhISWe7Nlc/obt9L4Xq+zqebvyLViSn6SlJTytf6RF/0cEzkbpt8v1S9WY9NDlFERertataemrpFKl5u1/d1yLdX5OmA77jPX1vLPKd6yH7om7j5D0mcoADdB1o+1ynBrLf/o3qPoF1f9Up2ZNiA5urPdQ1w/SNk2qYOVNjYiVprlJjLWqr3SnfBFX/NpfHK7qtVjv9Zrfu3+hUat5Spa6Zqzc2DqfXaAEAAAAAAFw/bppgNWAZ/JwNOpA8RTU1gW+gf2hMpBQ+JWio2SxJKtJrZxYpzxfSdlt63+/xAxTs5VW96L7c33uil5zvavXqZVqxepdWqHsZgL6vQwePqSZ5kWeGapyiLp7Va59LcyYv0kParNssY9Xc9K5e0v0qHSU1N/kNYo/jJem8Gpu6Nt9mGStdqA+8vqazatYNFKxaxii2/738GEv+uwoCtAVsPd/r9NdYjbH0vn3uhLGSJVpLCwq0tNu2tqBHAAAAAAAAYCBummA1wMGHVTzmDeUl79Jmdc0Cvc0ytt9Q8yXncs82oxapEVwawaT6Pf7+QbuEp5bu0ooIyQhFl+tp72e+PYp0/2vGLFEjfDVCVG/A2td1PK1qNV5cptsm36+HlCI1vaiXDqZodXKablO+0iPO66OPN/d+PSlxipLUOGhXe5059bnaFKsJcyUFyzuX56gg9XPtLN6o/XPXKG9pkiwy6qIWbtxvlAdYai6W7U3sGIvUVmuca1BaBAAAAAAAgHQT11h9yfmiDl6UkpO99VOlj9rOS+GRum1ALRTpfr/apulzzB5/JfKVHmGUBsjwe6HU5FHB937JudxT7/W8IsYv0kMBW3teh7RZu5rOK2L817V6vIxaqirS0eYpSl+apmSd1SfVxn6fXJAiLCmBJxwfqQjfPj191HZeGhUX2I/xkTdOjdX9G1XVYFHS7GBVTOdqTWq0dP4z7Zc0NzVWlrZa7Sws7HrZVOwYWYIcGdwpfd4mjZ0wN/jWz9suY/YsAAAAAAAA+nPTBqvSZuVUvqdmTdFiuzHz8iXnu4EvgJKMt9qv3qXNcyRjducuvWP3m6k5J03J+ouOHhzI8b0EkZcpakxXP55a+rjm+NVNfcj+hg6s7gqNpfu1eLx3CX/f1yFJL31SrebwKUoO7wpIP2o7r+SIKVLzsYB6rIpY5rk+ScrX5uTAfbp7yfmuasLv0Frf+T3H3EDeOFSrtuiZKsgJDFeX5yxVkqVB75e+0fWhf/A5d43yZkZr4Par6lSbLEmz/V5GNVdr8gqUt2au9m+sUoOiNdO/H3PXKK+gQDm8vQoAAAAAAOCy3ZylALyqn9CuL+zSipjHtXnOZt1/sEj3vyZtXr1MB1Yv8+3W9dKoIt3/fpzemen/IizjBVhGiNjf8d4XQy3TgdVpgXVNTQnSj+btKj6zSHkxnpdGOZfrtqW7fDVWvftkeOqs9n0dkqrf1UfT7tCcC10B6UufVGttzB1q9HsRlQ4+rIymn+qdmbt0INnvPDv99gnW/9ekzau7zl9z5j01xwxO4Dws7N+o4v1ztSZvqQoKZnZ93larnYVdy/L3byxWbE6BZhYUyNirTbU739eYpTMVmzo3eCmBHqcqltbkaamvDaOsgHcGbGmhlFMwM6AfDe8Xyj/bBQAAAAAAgDkhbrfbPZgNulwu3RIXd9nHL/r9vYPYG0B696tv9rm9uKTkGvXk5pOXmzvUXQAAAAAAANBf6+tls9kGtc2buBQAAAAAAAAAAFweglUAAAAAAAAAMIlgFQAAAAAAAABMIlgFAAAAAAAAAJMIVgEAAAAAAADAJIJVAAAAAAAAADCJYBUAAAAAAAAATBp2werYsDFD3QXcQAbyPI0aNeoa9OTmw7gCAAAAAIAb2bALVu+MyRjqLuAGMpDnKTk5+Rr05ObDuAIAAAAAgBtZ2FB3oLvvpeUoLGSE9jUc0qcXPxvq7uA6NTF8guZFz9Z/m/Zov/vevXixRoSGqqa2Vi0tLdegdze20aNHKzkpSXa7fai7AgAAAAAAcNWEuN1u92A26HK5dEtc3GA2CQAAAAAAAACX7a/19bLZbIPa5rArBQAAAAAAAAAAwx3BKgAAAAAAAACYRLAKAAAAAAAAACYRrAIAAAAAAACASQSrAAAAAAAAAGASwSoAAAAAAAAAmESwCgAAAAAAAAAmEawCAAAAAAAAgEkEqwAAAAAAAABgEsEqAAAAAAAAAJhEsAoAAAAAAAAAJhGsAgAAAAAAAIBJBKsAAAAAAAAAYBLBKgAAAAAAAACYRLAKAAAAAAAAACYRrAIAAAAAAACASQSrAAAAAAAAAGDSoAerISEh6rh0abCbBQAAAAAAAADTOi5dUkhIyKC3O+jB6mirVc3NzYSrAAAAAAAAAIZUx6VLamxslNVqHfS2Q9xut3swG7zk6WxbW5suEa4CAAAAAAAAGCIjRoyQxWLRhAkTFB4ePqhtD3qwCgAAAAAAAAA3Ol5eBQAAAAAAAAAmEawCAAAAAAAAgEkEqwAAAAAAAABgEsEqAAAAAAAAAJhEsAoAAAAAAAAAJhGsAgAAAAAAAIBJBKsAAAAAAAAAYBLBKgAAAAAAAACYRLAKAAAAAAAAACYRrAIAAAAAAACASQSrAAAAAAAAAGASwSoAAAAAAAAAmESwCgAAAAAAAAAmEawCAAAAAAAAgEkEqwAAAAAAAABgEsEqAAAAAAAAAJhEsAoAAAAAAAAAJhGsAgAAAAAAAIBJBKsAAAAAAAAAYBLBKgAAAAAAAACYFDbUHQAAAMBVcHqXiku264z357Rvqejh6UPZI48Kbcj/rfStIvl35/SuYpX8ZZnRx+599/Jdw2ntKi7R9jMxWpabp8WTurWz/YxiluUqz39Dd6d3qbjkoOZ0O75Hbzfka/uUwLYqNuTrt8ckqef5g5/nL1pW9LCGw+gDAABg8BCsAgAA3GgqNij/t2e0LLfIF/pVbMhXfvEy5eYtVl854PDRPbQ0AtkNFV2BbEyMdPDYaS2e5N3ptI4dND7v22nt+u12nVHfO3oD1JgpfkfuKtZvzyxTbtFiTarYoPySDYrpLTT1BcRp/XUIAAAA1yGCVQAAgBvKae3afkxp3yoKmEk5/eFcLSsu0faKxXp4ujHj86BidObMGaV9q0gPTzeCy2PeA7yzQz0zLmPSjunYMe+mrnDTO0NUilFamnRMy7rNKu15zOWZrjlp0vYzp32fxMyZozMHj+n04v/b3r3H1nnmd2L/nkOKki/y+HY0tmNLY2tmEpFxJwlnksnsGJG86YZts0AXC7jbCwUb2O4fadGiEtDSW7SzRguY2EIC0na32yJdu2SBNtNNt2lmtmyStbQ7k8TNhLnYIZVMxnGsGY9tHtvy6MLLub394z0kDylK1OuZxCPn8wFsiec953me9+gQIL78Pb/nQBkWLy1mPuMZb8xl/nrv0NnZzDdG02heVRO7/oxy7Y3JTI7OZm7gSvN8M43x0XK+sfGMZjbzC8nY9ntbD7cnJzI/e/593C8AAN/v9FgFAPgwWVrMfHM041eFmAfSaCSL8wsbjzQbE5menu4HrbNpTpzI9PR0pk9MpLE4l7MbGeZimgfLa5OjyeLc2SwlydLZzM4lEyemMz09kSxuBpULM2UwOT09nenJ0SzOnhoY7/1YyPxi0mgMpMWNRhrN+Swurd/6fDI+ev061KWzmZ1rZGLi4HWedCBHT07v0DphKc3m4BoaOdhIms0dbmzseKanT+bortWzAADcrFSsAgD8JdE42EjOb/s6yXqQeHT9woHGtnCykfHRMkwcGx/Negnn0uJ8mqMT/crYsUxMNLJ4PlkPQUcn+8Hk2EQmGqdzvpms9yFYnJ3K1PYFbtkx38zc6akt1aKNiRM5uSXrHMv46GzmFpdy9ECyOJ+MTx7Yco/bLczNpTE5nbGc3TL2jWmW9wAAABGsAgD8pbWl+nNhJlOzi4NXc3Dg740dGrM2d0kZt4enjYHKzu2tAcrDq7asbrPH6sJMpmaTiR1OiRobH83sfDNZama+2cjE9RrILsxkNpOZLjsVvA9lhaqN/QAAJIJVAIAPlwOjZY/Rq/p+LmVxvpnRiZ1SxYXMzC4OhJ0LmZnavZ5zewXstqvbDp9a9z5KPseOZ3J0KrOnzl59+NbYeEZn53P2YDPN0YmMJVm4xjAL84vJ4mKmBtLeudOnkh3XuZOyncJ8cyll6W1ZwdrYKXUGAOBDT49VAIAPlQM5OnF1T9OFmdOZy0QmbuAAqaWzc1nc/Wk5MDo+0It1IXPrJ1VlLOOjzczNLawPmFNTU5m5VuJ5A8aOT2a0OZe5q8Zo5GBjMXNzzYxe3Vh22xjTZc/X9T6y1wx/r61xsFEemJUkC/NZzE79bAEA+MtAxSoAwIfN2PFMnzibU4M9SkcnM33yWglg2R/1dH/rfmNiMhON2bKf6PUOXzpwNJMT8zl9eipzGR3osZqMHT+RiVOnN6pDGxMnctVZUNVuqr/GmSxMTwwuIqPjjczNNb6rgHNhZipzB0/k5C4p64GjJzN5fiqnp+ayXpVbTltW+R6sGNQCAHDzqhVFUXzQiwAA4Ga3lLOnTmd+fPdwEgAAPgxUrAIA8P5sP/BqdDLTQlUAAP6SULEKAAAAAFCRilUA4IO1dDanTs8NnBU/msnp49m5XWa53XzjjKTGxJZT4hdmplIWUG4/lGghM1Oz5YFM13zN+pDVt7JvHWPb+gfvb3Qy0+uNRrfd9+C81x1vu+YLeebk83ll/etjT2fmqSOV1v/n41yeO/5s8vRMBpfTfOGZnHztiXKN29e+buAezj13PM+eSY5tGyfnnsvx8sIu93suzx3/Yg6d+kIev16/2O/CwsxUZptbP1flv+/5TEwfz9jCTKbmDm69vvNAuz9vcNwq1z4UtJsAAL6/CFYBgA/OwkymZpPJ6emtQeTUqTR3OARo6exs5sdP9LeblyHL7NnRnDx6IEtnT5Xh1vTRHFiYydTpmTSmj2csSzl7ajbNifJ1CzNTOT3T6AecS2k2k9HJ6fd/sNLCTGYzmenp/hFGM1OZnVnoj7+QmdNzaUxO5+RYud5TZ0/k5NHk7Ox8xk9Ml/e4dDanTs/m7OjJHG1eb7xtzj2X48+ez5OnZvKFxvpDx3P8mSdz6guPX/fcqe8fh/PkltCzDGSf++xmkHr48OGcefFcnjqyGaCee/FMDh8+fHUo+xdt6WzmmqMZzXwWl47mwHeT940dz/SHMxEFAPhQEqwCAB+QhczMJpPTx9M4eypT/TLU0cnpnDyRnJo9m9FtlXsHjp7Myc2vytPg5xezdPRAmuebaYyPls8fG89oZjO/kIyNNXO+2cj4aDnS2PhoMjufhYxlLOW1g99NArktDNsy/lIzzYxmYmz7eo/m6MnNO8mB0Yw35jK/uJSjR68z3paJm3nhi2dy7OmZLZWYR546lSefOZkvnXs8Tx0pg9Yvnj+cV155JYefPJUvPJ688MzJPL+eSB7uh7DNF/LMyddy8NiZnDlTXhqsEm2+8ExOPv9KksM5diw5kyeuqiothzuVL3xXpaFH8tljyRffaCZH+uM89liOPf9izj11JP0Z8+KZY3nsyfN55bVqo5977ni+mGPJmTNlKHt4MIQuQ93yVo7l6Zmnslvt79LifDI+mYnM5vTcQo5WSegXZjI110yj2UyzMZETE+dzeqNidaA6uzGa0SwmE9M53n9LmhvfM+vV2WWI30wyOzVTVjlv6YG7c+XzwsxU5pqNNJvNjarpwYrpLRXc1xxvayX5xi8qttzf5/P5fDXvTmz+EmNhZipzB/vjD459raryxmhGb/zdBQD4c1f/oBcAAPwltTCf5sRExpbOZnZ+PCempzM9PZnMnc3SgaOZaMxncen6QzTPN5NGIwf6laeNxnoUU4alzeZSstRMM41sXjqYRpppLqV/rZm501OZmprK1Kmz2WXKXS01m/05kjTPp7n+9yQHGo3ysavvJOe3rP8a4215ycv5yivH8tmrkr9G7j+YnHnx3MYjr+SxnJqZyRceb+Tccyfz/MGnMzMzk5mZp3PslefzpY2nnsn5Q6cyMzOTp48lZ774QrnW5gv5h88nT56ayczME8mZzTrR5gvP5NnzT+bUzExmTj2ZPH8yz53Ld+GihkGqAAAgAElEQVRcXjyTHLx/8I7vz6HDZ7JxS+dezJljn82j73OGV84kT/TXe3jj/pt54ZmydcHMzExOPXk+z+56I0tZnE/GRw/kwNGJjC7OZ6HqYprJ+InpTG/7JcLS2dnMZaL8vphIFrd8aBYzn8lMT09ncrSZudmzWcpYjp+YSGMj8FzIzGwzEyemMz09nRMTzcyd3fnT3Uz5/be18ns60ycmkrnTmVlIcp3xFmZOZ65Rrmd6cjSLs6eyMdXG/f1sfny8kcX59XdoIfOL/V94LJ3NqY2xT2QiczldTlquZ3E0k9PTmZ48mObV3zwAAB8YFasAwAdiqdksg8TmXDI+0Q+VxnJ8vZDzYDLfTK7ZbHJhph+4lFvuz18rcNkxyBy8th5ElVV3m20C3s9Nnc3sXDJxogzJlprN8kZ2sTAzm8XRyau3gW8b70bde+hwMljJefD+jWD2yFMzmdl8ZrY+9XAee7R85pHPHkvOl482X/5KXjn2RL/dwJH87JOHc+a1JGnm5a+8ksOP/Vw5fuPxPHHs+X61afnaM88e71eADjg2+MUref7k8Tw/8MjhJ0/lC1sC43vz6GOH83y/HcC5F8/k2GefSt648fdk6/yfLZfXeDSPrd9/P6h+oj9v4/EvDLxP17C0mPmMZ7Isk8746HqVdJXFDIT+mwNncb6Z0Yn+v/vYRCYai+v/HEm2VWDP7T7L1mrv7Uto9D9f5bwbld8HjmZidC5zzasD2c3xFjK/mIxO9m96bCITjdMD34+b93eg0Ujm+tXXC/NZbIxn4kCydHY+zcZ4yls6kKMTo5mba2Yp5S9PGhOTZWXs+np2v10AgL8QglUA4ANxoNEoK0pHBxPUhcxMzWd8+nhyPjl4rX2/CzOZmm1m4sTJ/lbkskL1/E7PbRxMY+cr5Tb+6Y0VlYHOVdvut25zvubhVv3DqBqT0xu9YQ80dt8Sv3nw0bY0bofx3q/Dh+7d/GKHA6M2c86DuX+HJb/92vU7mb7y/MkcH0xGj729+dcdD6/asrrNHqvnnsvxZ5Mndmgl0Hj0sRz+yhtpJnnxzOEc+tm872B1y/ux7u3XKvdrXVqcT7PZzOmpwaivYrK6UzVyv4L5Oi/aIYzdbizHTzRz6vRUGURu216/dQlbV9CcO50tt5TmruMtzk5lanDM5lLSyNb7GxvPaObSXEoW5hfT6P9CZamcdNv7mDT7leg38LsJAIAPhGAVAPhgjI2nMTWXhaPHM3nwVKamZpOU/RnHls7mVHO9EnCrpbOncnqukcnpkwPh54E0Gsl8cyllQDuwtf5AM43MZ/PS+a2tAba7Kug6kKMnp3P0eveyEfRuC0EbB9PoV8xuVLA2xvvj9wPbxmSmt4eq1xpvyzofzWOHn8+L557KkS3VnWUV6bEnduoO2swL5Z7+zDzeKL9+5mR2a1N6VQXsNtvD09L76Adw5Kk8fex4nn3m0NWHbzUezWP5h3n5hYM5c/ixnPpen8x176Ec3vWdGLSQubnmtoPPFjIzNZezS2PX/7zs6jq/KKjiwNGcnC5XsnT21A1XY1/zMLcdxyvXO7HDYXNX90Uoq3rnFhcy3mxkfGLgBaOTO65t4eY4gQ0A+EtKj1UA4AMyluOT5UE7zaMny/6M09M53jibU6fnMz65Q3Xdwkw/VL36EJ7GwUaa84tl9dvCfBYzmvGxpAypmpnvN2xdmF9MRsczljIcmppZT3+WcnZucXMb9I3a6A+5Q7B0oJFGFlO2ldy6zXqjL+X2MOl642294zz+xLGcefaZvDBQ3XjuuZN5Pk/mZ3c7dSlJzn1p8xCr68306GM5fOaL/XnO5UsbL2rk0ccOb/Zizbk8d/x4nnnh/TfCPPLU9r6vG6vI/QdfyfPPn8nhxx7docrzu9S4Pwez2ce1+cIzOf7MC9duI7HlM7a5xsHP2vtXHnS2ONfv+bswt1ExfcOWzubU1MyWbHN7Zequ82YhM1NTOXV26TrjjWV8tJm5uYWBeacyc41ms2Pjo2nOzWYu61v/kwOj42kszm30ZV2Y2ex3XD5/rpx36WzmFnceFwDgg6BiFQD44Iwdz/SJMoiZ3XhwdFs16qaF+TJVmZ0a2HS8viX56MlMnp/qbyduDLQJOJCjJydzfqq/vbmxue3+wNGTmZyZysZwo5OZrrjvfmlxfuMArM2NzOt9W8sDhU6d7m+T3hi/7EuZzGbrrZzIZK433jZHnsrMqRfyzGCP0mNPZ+YL10pVyzD2+Wf7W/ePPZ2nj50pe6LusDt+82WP5+ee/EpOnjye53MsTz65WcHaePwLefq14zm53gvg2NP9ati3rznc9ZU9XE8++1w+O/PU1iufPZacOb/RB3ZQ2WLgicxcXTp7w/M+derJPHPyeI4nSY7l6ZnH0+hXoR7cFnSXAf3ktn+TMpicm5vLwuh3t3/9wNHJTMyfLj/Po9t7rF7rRY00MpfZqZlMTh/P5MSpnF7/gDUmcuLk7p/trd9HGfjMHrjmeGPHT2Ti1OlsXjpRVrzuFK6OjWc0i2kO/gLjwNGcnDyfqY3P/Ggmp9f7yx7P5OhU/3t+NBMTjcz3X7YwM5W5g9dozQEA8BegVhRF8UEvAgCAm0XZPuArj53KF3bohfrBOZfnnkueet/B6vexpX4V965VzAAA/EVSsQoAcBP6uZ/7uVy+fPnPfZ6ZmZn+oVJnNh/sV6UeP378z33+G1Gu8cXks099z9f08z//87nrrru+p2PeiIWZqcwObHsf/R4cYgYAwPeWilUAgJtQp9PJ//qbL+fl1r4U7VZ61/qJrtb/81rX6/XcO1LLv/fJu/OxBx+4obnfWLqQb3x7OWtrrRTXHPj6arVa7vnILRl75J6M7NlzQ6/5/W+8kr0HD6XVaiVFeUvXur3aTo/Vyit7asnI20v5+KFDNzTvuXPn8sgjj2Tv3r3lXP0fn2u12sZzBh8riuKa115//fXUarU88MCNvdcAAHz/EqwCANyEnv7Ff5537ro/h0aSdHsZ/ImuSNEPHNfjxdpA0Lj1R796vZ7loeGce+Pd/P2ffDCHDz103Xl/b+HV/M43lnP3bbV0O71+oLt1zK1z75zp1uu11IeGc+HyWo7/a0eyd+/Idec9+9LLueeHH83Q8kq6xdZxa9d6UX8JRS2pFZsPDQ3Vc6Vez63fOp/Rj3/8uvMuLCxkbKzspDr4Y/NgeLr+98E/N5ZQ27q6Wq2WVquVK1eufCCVsAAAfO9oBQAAcJP5td+azzf3359PFu0svb26kSyWOeL6/2tl8FgUSa3Wf8r2oLOWFEX2DtXzww99NP/NmZfzj568drB6ZXk5X128mMbt9bzRXN6Ysz9Mav0/B0bfOl+tllpRbKxxqF7LfR+9J7985qU8MfHpa877jVdfzW2f+MHUlldysd3OYGCcfs3sRpi7ZdLB6HU9Wa0lnU7u2X97/jRDOfDOO7n3nnt2nLfdbueOO+5IknS73S3XarVaer3eRnDa6/XKabfVLOxUwzAyMpKXXnopn/70te8ZAIDvf4JVAICbzFe+/lrufejRvNH8zkBmuEPIuP5VrdiaeG6z2ummeO9SmrXrV41+49XX85H9t+att9/ux5RbA85c9ViyvV51sH623Unefvdiltfa153366+dz8OHHs67731nM8FNUhS9FEn21GvpFUm718tQvVZWp9Yy8NyBvgFFkaIocuHKldx+1135+p9+45rB6oULF1Kv15NsBqfrgWqv18uePXvS7XbT7XYzPDzcX9PWatXtLQKSZGhoKJcuXbruPQMA8P1PsAoAcJO5srycKytrabc7W8pE17q9jQBx71B94BW1fnuArWFnsRFxFsnKWtm79DouXb6Sy8vDWWt1B8LN9SXs1He0vNbt9tLt9TI8VM9G7Nsvdb2y0s7qrvNezmqnl3Y/3Eyvl16SvbV6Prn/1jRGhrPWK/L66lrOL68OtAZYD3l3CJW7tbTa7XSuXLnmvK1Wq1+pWlwVrP7ar/1qPv3pz+TcuXN56KGH8olPfCK9Xi+dTifDw8Mb1aydTueqdgBJWQ0LAMDNTbAKAHCT6fZ6ubi8lqLdSVIGmJ1ekZ84dG/+ysMH8jvn385XXl3KUH2zdnXdekHl9kLObm0oK7tUjhZFkcsr7ay217fFbz8ianu1atLpdnPn/n353L/yYH7go3eUFaW1Wr715sV8+Te+kV5qu8+bIiuddtrd7pY1H7l7f+4e2ZOvX0nuGUkO33Zrur0i37h8JcO12pbq2FotW6LlXq2WtU43Q9c5fKsoykC12+2l1+tuvH8jIyO5666789WvfjWtVitjY2M5c+ZM9u/fn8OHD+fP/uzPcuedd2Z1dS2PPPJw/7Wb/VgBAPhwEKwCANxket1eLq2spdYPJLtFkVv2DOfvfO6Tufu2ffnRB+/Jb/3ZUr6z0iqDzI1XrleubloPKddSz9pa57rzFkWR5ZVOOq3udeLIgXX2ityydzj/7r/+aD56z+1brrXa3aytdVIUtRuYt2xX0OqU4Wan6OWekZHcPbInv/Fe8ty3k/v3JicPJR+7dV/OX1lOpyjvs1300ukVGa4lg0d6DRVFVrud3LbLjXQ73XQ6nXQ63Y3YuLXWyg/90A/lV37lV/JTP/VTefmll3L5ypW88cYbuXz5cr7+9a/n4YcfzoV3L+SRRx5Ot7PZn3V9uvUKWAAAbl6CVQCAm0zRK3JppZV6q50iSa+XrLQ6efnbF/KZQ4381qtLefPSSrr9cLHWP7yq2yvSK4oMD5VVoyk2e38O9ZK1Xbbkp0iWV9rptvpBYVFsnl51VX/XZHWtnR/9wfu2hqpFkXa3l+XVdlZanXSLWtqtrQdDXTVtUWS100mr20mRsjo3I2VEuXglWe0l59eSpVbyyVuH8tMfvSe9foy60i1y7juX8sqlKxmu15Ki7Dk7VAxlrdPNrbtExN1eN91uZ6MlQJL0ut3s27c39957b+6999780R/9UR588MGsLC/nnXfeSa/XTafTzcrqarrdTjoDr03KUFXlKgDAzU+wCgBwk+kVRS6ttVJfa2/Edd1ekf/0//5a7tu/L29cWslqp5ehWi2pbVZ83nvrSO65dSSvf2cla91u9g0P9+PQZKhXlD1br6NIsrLWSbfd2bIlf/D6YHOA1VY3d96xb+P62lonv/BPfzdLF5bT7SVrrV66RTfdzu4Vq2vtTtY63X6w2ku7W1Z89pKs9JK9teTry0mnSIr0D5wqko/dkozfc1fa3V7+5OKlDNfrSYoM1Yus7TJvknS7ZUjaGXhurd9m4OLFi1leXs7IyEheeumlrKys5NFHH82f/umruXJlOUNDw+l1e1temySdTkfFKgDAh4BgFQDgJtPtdvPG8kruTCe9oki3V2RkqJ6/9zM/kkfuvSOvNL+T/+xXvpYv/MyP5dOH7s3iGxfyu998O//+XzmSe2/bm8U338vfm/vdvPzme9k7NJRaLem0e+murF133qJILlxay956N71iMFZdj1I361W73V4uLbeyOlCN+p3Lq/nthTdzebWdvcND2bd3KK1OkdaugW4vl9ut9DplxWq71y37rSZp98pgtVZL/vG3y6B1Pdzt9JKDtyTPHk4+ecdtOXfhvXR65Zb+er2X5VZr15YGnXY77XY7nU47Gyn18HA6e/bk059/LHfed18+9kNH8uV/9uXc9/DD+dRP/ETeuXQpKXp58IEfyEq7nV630+9tW3Z5bbdbKlYBAD4EBKsAADeZIkWWLi1ntd7JvuGhdHpFbh2u51M/cHcONz6SvcP1XFxt5ZF7bs+R++7KD370zvzNH31k4/U//rED+fm/8dn8zP/0/+bCWiu1Wi0XW2u5p7tbBWeR9y6vZd9QJyN76gNVq+udW/tb5XvJnbfvzX2N23P3QMXq8PBQPv7QXVlrd7Pa6ub1pUtZbrWzt757xerltVZ6rVaGa7W0e720+mttFWWwWq8ly72kXWzGvd0iWV5OvtNJ7q7X0u6uB8JJJykD3d16rPa6abVa6XTaqdXqydBQ6s2l7Dv7z/MzrdUUv/9iUqvnP9izJ93m61n7k8X8Ow8fTnHPgbT37smlP/l6Ovc/kKJeT4oiRVFkpNVOUahYBQC42QlWAQBuNkWSbicXV1ZzeXgotXot7WIorU4Z1q22u7nU7qTd325eS/JffPlr+fXFb+b03/xcfvKR+/KJj96Z+++8La9+441+EjmUDO1WRVlLr0guLrcyMlzPnqF6+q1at7QEuLLazmM/+mD+wyfGy1LSvrs/ckv+87/9+dRqyVd+93ye+YXfzNDQcPbeWrtqpu033O52stZqp14r2x6sH2TVKpLlogxzP3dHcmAkWa+RbfeSz9yRHNyX/OE7V3JxdTXD9Xo6RZGiVk+6neyWrK63AWi12mVf2pG9uetL/1f2rFzJSuOjGb58Kft/818mRS+dw0eyp9vKnt//nRSfOJKRQw9n7/478u1ON+2HHkqt00lRFOm029EJAADg5idYBQC46RTlf0UvvVavPBCqt2cjwyyKcnt9p9+H9LV3Lubvn3kprXcv5x+/+Mf5yUfuS5IMF71kpZXsHU6GaskuVZRFihRFOf5au5tWu5t6vZ56eUJWav2IdbVV9kIdDFXX1evlY0vvrmRlrZPbbxvObrviiyLpdrrpdLspiqKsWO0Hq+0iWSnfikzel4zedvXrF995N2e/9UbWOt20a93y0K6heopud9dWAN1uN512O91+G4L0ehk+/2pGHjmcPX/jifSe/x/T3n9HsrqS+l/5fDqdXvKLM6n93m+ntXw5e4f3ZOjHP5flBx5Ivd0u19zpqFgFAPgQEKwCANxsin6J5nrZY69Ivd87NClPne+trmWl37t0rd3NcLeXVq1Iux/uJUnR65WJZNFLilp52tMNKWcqUlaPdvtf1fqXiiJ5650r+f1zb+aBj+7PgbvLtLPV7uaPX307vV6RhVeWMjxUv+Hb7XQ3D5DqdHvp9spZe0lavaRTS5rtHV+db126kjcuXsq+4eGsx5m1FCm63V1bAfS63XS6nXQ6nRS1cjHDayup//aL6X3mcxl+t5nuE5NJu5VavZ782I+ls28kxVtvpPf5x9P58i9n6FuvpfPop1LrdFKrpQxpBasAADc9wSoAwM1oPRRN0i8j3QxW14PXvvVKy/R62RJlFgPBaq+eDO0W9pU1qdeqMC36axkZGc5vvfxGfv23z+c//ls/ln97YixJ8u57y/m7/+Bf5uJKO8ND9ezdU1ar7hbnFinS6XTS6Zbhca/Xy3srK0l6+eSt9bSKZH89OfWt5EI7uWO4zIi7RfLDt9fy1z72UFqdbn7z9W9nZGgoRZJ60Q9Wd9HtdtJpd9LtV7cW9SK1okht3y3JUD212+5I/bbbk9Zaim4nw197Mb27701v7EDqvV5GDj6U3ptvpt3pZKjbTa1/L70bDrEBAPh+JVgFALgp9cPTWm0jZN3YeV9L0utmPbKsJRsBam0gFa0V648Xm3++79WUJ96XLQpq5bpqKfuSbs5YVnXWyutl44Dd+qsmKYp0ut10u50ktRRFkTcvXcl7K2v5N+65Jb/wZvL6avLaajL1ajLcH7LVSx7cl/ziaPLj992bF1//dtrdTmqp9cPnbordeqx2e+l0O2l32klqSb2eTi+pd7spavX0il663U5qRS+1Wi3dfquEpEh38eWs/fHX07nn7rLitTPYCkCwCgBws7ux/VcAAHx/WS8dXQ9Ve0X21Msf7fYO1VNLcsvwUJJkuF4rt573ii1tT2sbgep6uHoD8/YD0aIfSW7+Vz7eG3istkOP1dQ2W6/2NkbZ/VZ7vV4/5Oym1+tludXKl7/xau4YSv7Bx5PDtyTL3bJStVX02wMUydvtZLVXtpDt9brlYVTdsgK119v9nouiV/Z37R9i1e71cqHTzsXli1m9dCnfWXojnQcezMrtd2T57WY6j34qa5fey/If/F5qnxrPynA9F9udsqVAp2wp0Ov3igUA4OamYhUA4GY10KdztdPO35n9tXzklr15+8pqasP1/Ndf/v/yj/7FS7mwvJpWu5PsHco/+8NX89f/23+aXlHkpW8tJUP1fuVrLzdSPFrLUD8UrA08tvnV+hFW5fp2WnNSFLUURb9atailVt9l4qJIr9dLd2Drfi3J1779Zu677db81Uc+ll9+NDlzIXm3s7mWTpH80K3JQ3uTr771Xi6vtbJ3qJ6kll7RP7xrF71ekW63m26/v2sxPJzvPPRw2l/6pfSe/S9Tv3wpF1/5j1K0Wql12sk/+d9Tu3IpxfLlFL/+/6R450LW/pO/m+7aamr9A7e6glUAgA8FwSoAwM1ovQVAyi333U4vv/YHf1pWntZrycie/IuF1zbbBYzsSWq1vHHhUr701oXydSNDSb2+WbFa330zU6tbZK3dW9/0X4ajtaIflA42Hyiy1u6mu6WXaJFWp5dWu5uhehnA1odq6fR2/5F0/QCrrY0Fkv/z3Nfz6oX3cvTQQ/npO/entu1ArFa7kxe/+U5+9Rt/mlpRpNPrpVaU1bpDuwW6/Ym73e5mqLuynIt/9Wey8sAPpP5OM1lZTnHlStmvtVa2KajvuyW57bZkZG86hx5J98EHU6yulqFy+j1wAQC46QlWAQBuMkW/12dZsToQDo4MrT+hvDZcT2rrQWNvPQlN9g78CLgeqg7XUtSuH6yODNfz0595MBfeuWXrNv/NRHVLkepaq5MDd9268fXwUD2fOfLRrLY3+8EO7xnO7Xt3u9+kXq+l2+32X1fbuDJcq2X+22/mD958K7ftGUl9/Xp/Td2iyKW1tdTrtQzV6ul1y0YFQ7VahupD/V60O6vX66nVauXhWf3erOkW6Q7vSevHfnzzvd14KwbeiPWFdzuptVobl4uiSL1e27lNAgAANxXBKgDATebArSPJnr3p76vfvLC1OPRqg4/VBh4resm+23Jn/fJ1573zjlvz40fuyOtv1NLb1q91J612L3fu30xN6/V6PnnwrnT7r+32itx71/60lt+77ji3jYz0z7uqpdPppF4faDeQWoZr5Zb9i6urW2611r9er6WsPC265ZlfRZFbbrk1vdWV3HbHrbmW22+/Pc1mMw888ECuXL5S9qlNLUk3tVar3x+2tr6M9KcZfOiq88D27t2bFNfoPwsAwE1FsAoAcJP5qdGP5b879we52HgoubB03arL61rf/n/bHcnIvvy1/dcPOA8+eH9++1dfyoMHH8lbSxfS3qgg7Q838NxaUR4kNTw0tPHY3pE9KVJLL0k9tdyxf19uufX2DK++ft15f+jQofzmSwu594d/OO82m+m0O9vawfbD020FowOXNx+vJ7ffcktuu/POrPzWy3nkr//sNefdv39/avV6vvnN8zl06FCWl5fT6+3el/Va9uzZk5GRkXzlq1/NT/7k5973OAAAfH+oFTrnAwDcVN5777389//z/5L/4Y8u5s1b709RdAZKIwcjx8FDpq6ROA4N5ZbWlTxefyv/1d/+t/IjP/Ij15y3KIr8wUt/mBdf+lbuve+h9Ip+5er2afvT9Yoid+7fm3s+ckuKJO1WN6+/fTlFkj1DQ1lZvpLWxW/miX/zX83tt99+zXmXl5fzv/0f/yRfu7yc/Z/4RHpFtpSC1vq9TcuUt9jxVtfXWK8Ppb2yktXFl/O3fvKz+dznPpc9e/Zcc+633norv/RLv5QrV67krjs/kl45ef/92By41q9fXZ+7VsvWr+u19Lq9vPPOO/mRH/3R/PRP/3RZvQoAwE1LsAoAcBN688038xu/8RtZ+PoraXW639XW8vvvvTOf/9zncuTIkeuGjEnS6/Xy1ltv5c9eO5+1Vjv1685bxo3rP23Wko0K1yLJXR+5Ix//+OHceuu1t+Ove/fdd/Piiy/mD//4j8v7zWZ+eq3oePDxjb8XyR233pKf+Myn86lPfSr79u3bde4LFy7k1VdfzYULF3Z97rUURZE9e/bk/vvvz8GDB29oXgAAvr8JVgEAAAAAKrr+0a8AAAAAAFxFsAoAAAAAUJFgFQAAAACgIsEqAAAAAEBFglUAAAAAgIoEqwAAAAAAFQlWAQAAAAAqEqwCAAAAAFQkWAUAAAAAqEiwCgAAAABQkWAVAAAAAKAiwSoAAAAAQEWCVQAAAACAigSrAAAAAAAVCVYBAAAAACoSrAIAAAAAVCRYBQAAAACoSLAKAAAAAFCRYBUAAAAAoCLBKgAAAABARYJVAAAAAICKBKsAAAAAABUJVgEAAAAAKhKsAgAAAABUJFgFAAAAAKhIsAoAAAAAUJFgFQAAAACgIsEqAAAAAEBFglUAAAAAgIoEqwAAAAAAFQlWAQAAAAAqEqwCAAAAAFQkWAUAAAAAqEiwCgAAAABQkWAVAAAAAKAiwSoAAAAAQEWCVQAAAACAigSrAAAAAAAVCVYBAAAAACoSrAIAAAAAVCRYBQAAAACoSLAKAAAAAFCRYBUAAAAAoCLBKgAAAABARYJVAAAAAICKBKsAAAAAABUJVgEAAAAAKhKsAgAAAABUJFgFAAAAAKhIsAoAAAAAUJFgFQAAAACgIsEqAAAAAEBFglUAAAAAgIoEqwAAAAAAFQlWAQAAAAAqEqwCAAAAAFQkWAUAAAAAqEiwCgAAAABQkWAVAAAAAKAiwSoAAAAAQEWCVQAAAACAigSrAAAAAAAVCVYBAAAAACoSrAIAAAAAVCRYBQAAAACoSLAKAAAAAFCRYBUAAAAAoCLBKgAAAABARYJVAAAAAICKBKsAAAAAABUJVgEAAAAAKhKsAgAAAABUJFgFAAAAAKhIsAoAAAAAUJFgFQAAAACgIsEqAAAAAEBFglUAAAAAgIoEqwAAAAAAFQlWAQAAAAAqEqwCAAAAAFQkWAUAAAAAqEiwCgAAAABQkWAVAAAAAKAiwSoAAAAAQEWCVQAAAACAigSrAAAAAAAVCVYBAMRRSugAAAOxSURBVAAAACoSrAIAAAAAVCRYBQAAAACoSLAKAAAAAFCRYBUAAAAAoCLBKgAAAABARYJVAAAAAICKBKsAAAAAABUJVgEAAAAAKhKsAgAAAABUJFgFAAAAAKhIsAoAAAAAUJFgFQAAAACgIsEqAAAAAEBFglUAAAAAgIoEqwAAAAAAFQlWAQAAAAAqEqwCAAAAAFQkWAUAAAAAqEiwCgAAAABQkWAVAAAAAKAiwSoAAAAAQEWCVQAAAACAigSrAAAAAAAVCVYBAAAAACoSrAIAAAAAVCRYBQAAAACoSLAKAAAAAFCRYBUAAAAAoCLBKgAAAABARYJVAAAAAICKBKsAAAAAABUJVgEAAAAAKhKsAgAAAABUJFgFAAAAAKhIsAoAAAAAUJFgFQAAAACgIsEqAAAAAEBFglUAAAAAgIoEqwAAAAAAFQlWAQAAAAAqEqwCAAAAAFQkWAUAAAAAqEiwCgAAAABQkWAVAAAAAKAiwSoAAAAAQEWCVQAAAACAigSrAAAAAAAVCVYBAAAAACoSrAIAAAAAVCRYBQAAAACoSLAKAAAAAFCRYBUAAAAAoCLBKgAAAABARYJVAAAAAICKBKsAAAAAABUJVgEAAAAAKhKsAgAAAABUJFgFAAAAAKhIsAoAAAAAUJFgFQAAAACgIsEqAAAAAEBFglUAAAAAgIoEqwAAAAAAFQlWAQAAAAAqEqwCAAAAAFQkWAUAAAAAqEiwCgAAAABQkWAVAAAAAKAiwSoAAAAAQEWCVQAAAACAigSrAAAAAAAVCVYBAAAAACoSrAIAAAAAVCRYBQAAAACoSLAKAAAAAFCRYBUAAAAAoCLBKgAAAABARYJVAAAAAICKBKsAAAAAABUJVgEAAAAAKhKsAgAAAABUJFgFAAAAAKhIsAoAAAAAUJFgFQAAAACgIsEqAAAAAEBFglUAAAAAgIoEqwAAAAAAFQlWAQAAAAAqEqwCAAAAAFQkWAUAAAAAqEiwCgAAAABQkWAVAAAAAKAiwSoAAAAAQEWCVQAAAACAigSrAAAAAAAVCVYBAAAAACoSrAIAAAAAVCRYBQAAAACoSLAKAAAAAFCRYBUAAAAAoCLBKgAAAABARYJVAAAAAICKBKsAAAAAABUJVgEAAAAAKhKsAgAAAABUJFgFAAAAAKhIsAoAAAAAUJFgFQAAAACgIsEqAAAAAEBFglUAAAAAgIoEqwAAAAAAFQlWAQAAAAAqEqwCAAAAAFQkWAUAAAAAqEiwCgAAAABQ0f8P/PxNcUWv+u4AAAAASUVORK5CYII=" height="600" width="800" />
Actual:true--->Expected: true]]>
  </system-out>
</testsuite> <!-- testcases.LoginTest -->
