<?xml version="1.0" encoding="UTF-8"?>
<!-- Generated by org.testng.reporters.JUnitReportReporter -->
<testsuite skipped="0" hostname="LAPTOP-JEI8AS0O" name="testcases.MyInfoTest" tests="2" failures="0" timestamp="2022-06-26T13:09:02 EDT" time="20.858" errors="0">
  <testcase name="getMyInfoSideMenuItems_005" time="10.545" classname="testcases.MyInfoTest"/>
  <system-out>
    <![CDATA[<img src="data:image/png;base64,iVBORw0KGgoAAAANSUhEUgAABVYAAAJcCAYAAAASBf/6AAAAAXNSR0IArs4c6QAAIABJREFUeJzs3XecVdW5//HP2nufMmd6Y2aYQhk6SLWgCAj2qNGosYtiyc01NzFXkptoEsvNVdMsib/cxJgbDGrsYsFEjIIKKoo0EQakCEOdOdPLabus3x/nzMDAwECilPi8fRGZ2WuvvfaZ7R/5zrOfpbTWGiGEEEIIIYQQQgghhBAAzJgxo8cxxiFYhxBCCCGEEEIIIYQQQvxLkWBVCCGEEEIIIYQQQgghDpIEq0IIIYQQQgghhBBCCHGQJFgVQgghhBBCCCGEEEKIgyTBqhBCCCGEEEIIIYQQQhwkCVaFEEIIIYQQQgghhBDiIEmwKoQQQgghhBBCCCGEEAdJglUhhBBCCCGEEEIIIYQ4SBKsCiGEEEIIIYQQQgghxEGSYFUIIYQQQgghhBBCCCEOkgSrQgghhBBCCCGEEEIIcZAkWBVCCCGEEEIIIYQQQoiDJMGqEEIIIYQQQgghhBBCHCTrcC/g89IYa6K6dRubmjeztW0729t30BBrJObG8LQHOjVQgac1E0qO5xsjp2MoyZaFEEIIIYQQQgghhBAH56gOVhNugpV1VSzY9i4r61bTGG/EJRmiKhRKKQCUAqVVMltVYHs243qNkVBVCCGEEEIIIYQQQgjxDzlqg9WqhnU8teZZltevBA0GCmUYWJhAsirV9VxyAzl4aNrtNpRSOJ7D6IKRjCkaeZjvQAghhBBCCCGEEEIIcbQ6KoPVtQ3r+cl7/4PtJTANC6U0OlWl6mkPx3PID+ZzSunJJLwE7+5YlKxW1RoPuGrIpVjGUXnrQgghhBBCCCGEEEKII8BRly62xFv4+Uf343gJLMNEJxNVtNLYnkOWL4NLBl7IkLxBLNz+PnM3v4GHxlCKhJtgSulkBuVWHu7bEEIIIYQQQgghhBBCHMWOumD1lY2vsSNSS8gMdn7P9hwsZXFh//P4auVXaIw18uCy31HdugXLsFKVrBqf6WfasEs7e68KIYQQQgghhBBCCCHEP+KoClabYs28uul1AoYfDWitcbXL+OLjuXzwxVRklfHaZ2/wyKpHAfAZFhpQSpFw4kwbcgUFoYLDeg9CCCGEEEIIIYQQQoij31EVrK5v2khzooWg4cfWDnmBXG4Yfg0TSk8g7sb57bI/8MbW+ZjKwsBAo1EKHM+hT1YF51aedbhvQQghhBBCCCGEEEII8S/gqApWP21ch9YejnY5pXQiVw+9jMJQPnXRBn7x0a9Z07gGS/lQil29V7VGo/n2qG8S8qUd7lsQQgghhBBCCCGEEEL8CzhqglVPe3xcvxpTmXxr5Dc4rc9kDGVQ017Lzz96kHVNG/CbPrQGdPIcBUScGDcdcwND8gcezuULIYQQQgghhBBCCCH+hRw1wWrUieI3fNw5/jbGFY0CIByp585FP2Nb23b8hg9I9lPtSFejTpwLK7/KVyrPOIwrF0IIIYQQQgghhBBC/Ks5aoJVQxl8e/S/UZjafMp2bX697HdsaduW3MxKadC6c0MrQxlcNvAirhj6dUxlHubVCyGEEEIIIYQQQggh/pUcNcFqmpVGmpXskaq15i9rnmNx7RICVhoxHJRW+E0/peklHN9rDCeWHM/AnL6HedVCCCGEEEIIIYQQQoh/RUdNsLq7jc3VzK/5kBPLJtE3rYC+6SX0Si+iML2IglABShmHe4lCCCGEEEIIIYQQQoh/YUdlsFqeUcwfJ/8M5Tp47XVY0WZ0wka7teA66GAOyh863MsUQgghhBBCCCGEEEL8izpyglXtoeNtYEchkIHypcE+Kk99zVvxVr2Kt3YeTuNWYlonN60yTLTpx8wrwygbjVU5EbPkGFQg8xDfjBBCCCGEEEIIIYQQ4l+Z0lrrw7kA3R7G3rAAd8MC3LqNkIhCMAsztxyzZChm3xMxCweBFdh1TqwZr3kburUWr7Ead9sK3J1VeK1h6AhZAVAYhQPwj74Aa9g5KH/64blJIYQQQgghhBBCCCHEUWPGjBk9jjl8warnkPjkZRLvP4rXtA0MI9kbVRloz0PhoTUow8TsPQLfmK9hDTwVZQW7nU631+OG1+Gsewt7zesQbQXDQANKa8zewwlM/HfMiuMP7X0KIYQQQgghhBBCCCGOKkdssKrjLcTfehB7+UtgmMk/AJ4H2t01ThkoQGuNAsw+4whMugmzZOR+5/eatpJY+RL2h0+gXRtlWmjXAaUITr0Z/5hLwThyuiAIIYQQQgghhBBCCCGOHEdksKrtCNEXv4ez8QOU5QdUMkzVYJQOxywfh5Geh3YddPM2vPB63JpPky0CtAemj+CFv8LX/+Qer+WG1xKbezfe9tVg+kBrtGsTOOEqApO/A8r84m9YCCGEEEIIIYQQQghxVDnyglXtEf37vdhLn0f5Uj1TPQcjPZ/AqbdgVk7a+1V/18Zr3oqzbj6J5bPRjdvAtEj7+q+x+p7Y8yVjzcT+/jOcqjfAtNAAToLgmT/AP/qSz/0WhRBCCCGEEEIIIYQQR7cDCVaNQ7COTvYnL+EseW63UNVFpecnQ9LBZ3TfP9X0YeT1w3/CdaRf9Sf8J1yN9lyiL/0QHW3q8ZoqmE3wrNuxhkwFx0YByvQRn/sz3PqNn+8NCiGEEEIIIYQQQgghvhQOWbDqtewgNv83YPmT39CA9kg7/2cYhYMPaA6VXkhgyn8SuuhX6EgjiY9fPLDzfGkEz/gRqmgguC4oA5QiPu9+8JyDvpd4PE4kGsXzvP2O01oTi8Voj0SIx+MHfZ2eJBIJ2iMRYrF/fm7btolEIkQiURKJBI7j7PP+DrTI2XFdotEokUiERCLxT6/xcPC0R00kTNSJ/cNzJFyb2kgd3mHaJ04IIYQQQgghhBBCfP4O2Q5O9tKnINoMVqpa1YnhO+k6zNLRBz2XNWAKoUseIvbWQ/jHXorypfV4jgpmETzjNqKPTwc8MP04G9/D2bkKq/eoLmNrampZ9MEH5Obm4HoeEydMwLIsWlpaeH72bObOnUtLaxsPPfgglZX997rWtu3bWbBgIW+//Q6fbdpELBYlPy+PEcccw6RJEzn5pJMIBAL7XW9jUxPvv7+IjIwMmpqaOHnCSeTl5aG1ZvmKj3nttddY+cknNDU1EQqlUdm/ksmTJzPllMmkpfX8eQC0RyIsXbac+fPmsWz5ctrb20EpTMMgNzeHwsJepIdCBINBQqEQza0t1NWG+fa3v82woUO6ndO2HZavWM5bb7/NokUf0NDQgNaazMxMhg0dyqmnnspxxx1Lbk5Ot+d/2riBD3d+RIaVTn2skTG9RjG2aP+blQF8uHMpGxo3EjAD1MUbOLvPqZRnlbFk5zKWhVfiaodcfw5RN0a7HaEl0YaLQ8gKURTqxeDcgQzLH0zaHlXTbYk2vj3/+xxXNJYZ4/4DQx3c7yI0mv/75DEWbHuPBybfQ1F6r4M6XwghhBBCCCGEEEIcmQ5JsKrb60isnJPcQApAawik4x/zj/c4tSonkxbKS851oOcUD8XsMw5381IwLZRS2B+/vFew+snqVXzve99DA+PHn8CUyZPZsXMn37zpW6z6ZCWmYaIMA/8e4WhbWxuP/vkx/t9v/x8+n48RI0ZQUVFOIh5n6dKlLFmyhKeeeopJkyZx15130rukeJ9rjUaj3PajHxGJRDBNk1defolgMMjPfvELnnzySRQKy2ehPU08kWDFihW88MILnDB+PD+79x7KSkv3+1msWl3FHXfcwUcffUTffv244frrGTt2DKZh8vHKlcycOZP33nuPzMwsvv71r+M4LnXhOpqam4nHu6/eXPvpp9z/4IO8+cYbmKbF5Zdfzvjx48kIhVi/cQOzZ8/myaeeYsjQIdx5++2cdOLePXLjdown1j6Lz7DQWtM/p89+76NDbXuYWWuexJd6xk4sPo5yYHn4E57f8BJpZhoeHlcOuoTyzHISXpwNTZ8xb+s7xN0YlvLRN7OCGeO+TXnWrs+uNlJH3Ivzzrb3OL//2QzKG3hA6+mwrWU7czb9DUuZxJ2js2pXCCGEEEIIIYQQQuztkASrTk0Vur0B5UtVA7o21vCzMTL/ueo9s+SYgzvBsLAGTcXd/FHn1+7Gd9GxZlQwu3NYeigdn8+HbdsMGDCASCTKf3zrP1ixbBm5+Xk4CZt4Ik56KNR5TiQa5Rvf/HeWLFnCz+69l4knn0xObg6WaeK4LjU1tTzw4IO8/PLLzJ8/j5bmZh6b9Wf8fn+3S00PpVNYWEh1dTVZWVn4fX6+e8v3+HTtGu695x5GjBhBXm4e9Q31zJ//Fr/93/9Fa49F77/Pt79zM08+8TjBYDc9a4HVVWu49LJLaW1p5dJLL+WO239Cenp65/HBgwdx5hmn818/uJW/v/l32tva+cFd3yMQCOyzPcCSpcu49rrraGttYfDgITz0m98wcEBl5/GTT57AFZddxrPPPc+Pf/xjrrl2Og///ndMnTKlyzyu0gQMP6ZhoLXGVL79/0xT/JYfv+nHVCYKhd9Mfq6WYeE3/Gg8snwZnFd5FsHdqlLPrzyHXy75DZtbq9nY+hl3L/4VD0y6h7RUFXRjvDnZ+kDB7PWv8v3jvnPAVaue9nhszdMoFBpoSbQe0HlCCCGEEEIIIYQQ4sh3SHqsupsXo3YLozQaq/8EQB2Ky3dh5PdDd1xXGXhtdXitO7uMKcjPx/FcANLT0vnDHx9hZ20tf5o5kxdfeIHnnnuWO++8C9veVYHY2tJKS3MLr77yCl+74HwKCvKxTBMAyzQp7V3C3T/9b0455RRM0+Sjjz7i5Tmv7nOdlmWSFgyglMIyTX70k58Q8Pt45eWXuPiiixgyeDC9ehUydMgQbvr3b3L/ffehNQTT0li2bBlvznur23mj0Sjf+/73icfjFBQW8sMf/FeXULVDVlYWd//PT8nOzuYvTz7BI3/8Y/LzMwwMo+tj09DQwE3f+hbxaJS8vHwe/v3vu4SqHfx+P1dcfhlfOeccPNflmzfdxKbNm7uMybTSUUqhNXhocv1Z+/yMdhc0/KnHSaOUIsOXCr0NhVIGCoUyLGJu16rRsszefPOY69Daw6f8bGvfzsq61Z3Hd7bvTAa1hsV7Oz9gY9NnB7QegNV1a3h3xwf4jWTIWxsNH/C5QgghhBBCCCGEEOLIdmiC1R2rwdhVHKsMCyOn96G49N6UiTJ3q4LU4IU3dBnS3NKMZZoEAgFmvzSb1157jeeefYapp0ymT0UFgwcN4orLLqWoqKjznLS0IPff/ysGdBModggEAtz079/EcT0sn8Xs2bOxbbvbsZZlYfr8KKVoaGxk1erV3HvP3WRmZnY7/swzTueqq64iGo0SCPh5/vlncZy9N+b6ZNVq1lRVAYqvfvWr5OXl7XO9+fl5nDr1VPz+AL/73e/ZWVOz1xitNb956LeEw7W4nsfN3/kOfSrK9zmnUoobb7gB0zJxHYff/vZ/u2yG5WgHUKDAUAZx3f3ns6eQlZbsCqEUKIWtk8F4ppWO1h6u1gQMH35j7yLt3hnFpPsy8PAwMNjcWt15rCXeiocHWqHRPL32BTy9/03LABzP4bE1T2Mo1ZH30hhrOqB7EUIIIYQQQgghhBBHvkMSrOr2OuisWNXJitFg95sXffGL8ZLhG8kwTxkGXkPXqklNMtRDKWrDYb7/ve9TUrzvfqiQrPAcNLDn/pulpaXk5uSglMGWLVuIxePdjjNNk/RQCM/ziMfjfOc//oOMjIz9zn3JxRd3nru6ag3tkcheYxYvXpyqONWMGjVqr+N7GjxoEIZhEIvHWLps2V7Hd+zcyVNPP0UwmEZ6KMQZZ5ze45x9+/ahuLgYn8/Pa6/NpaGhsfOYaVi7HkoNQXP/m3x1iHgJfMpMtQ8wCJnJ1/1z/dk42sVQCksZdFcl7Xpu8pEgWSWbF8jtPFYbrQOdqrJWFh/WLmVj06Ye1/PRzmV80rAaS5mgkuc3JVoO6F6EEEIIIYQQQgghxJHvkASryVLCjqrEVIIVbdzX6C+WMsCx2T1g0/GuAaTP50ejcR2H0tJSjj/uuM/t8gG/n/z8fLT2cByH+H6C1bRAANd1sUyTUSNH9jh3Xn4eubm5aA8ikXba2tr2GvPZpk1YPgtQZGbs3QJgTxmZmZ0bhG3bun2v4wsWLMS2bVzX5dhjx1FYUNDznOnpVPavRGtNLB5j9epdr96nmcHkk6I1Gt0ZkPYkzQzi4aG1RqEIpHqstrsRLGViKIWnOypiu6qNhGlNJD+rgOFjbK/RAMTdBDvad2IaJsloNPnP42uewU1VxHYnakf5c9WTWMrCVMkKWaUU4UgYzYFvtiaEEEIIIYQQQgghjlyHJlhVZtevPRuv9fD0m9TRJvTur3J7HphdN0jq6I3quC7Dhw0jtNsmVf8sT2ui0UjndSyr+/3DtE72ClVKEQgGyc/f9yv7u687Py8vFf9BLLZ3aJufn4/rJgNIz+35lfampkaUoZJ9Rv1dPyfP8/hw8WJM08RxHE44YTymae5jpt3WaVnJAFhrHMemdbcA2Jd6VjR02YSqJxm+tM5NphTJyleAlkQblmGljhlYe7QCaE208fiap9FoHM/h+mHTyE1LVlO7nkNdtB6Ac/qeRdAMYCmTxTVLWNfQtX3E7t7fvpgNLZ8xMKeSCyrPxfFcFIq6aD0J98BaGwghhBBCCCGEEEKII1v3qd7nTGXk4zVtRXUGrAp384f4Bp5yKC7fhRden9qjPVVDaxjsucm7aZqgkx0D0tPTMc1/Ln/WWtPU3Mz69Rt44i9PUFsbxlAGhmng93W/671SiubWVvx+P4ahMA4gsPQ8D9uxMYzkZk2BwN6v0R87biwP//73mJbJ5i1bepxz/boNnb1LBw0a1OVYIpFg48aNGIaBaZq8OW8eLS2tNDTUk5mVTSDgIxgI4mmPWDROLB4jGo3Sq7CQj5YswTRN2tsTtLXuVlmbeidfpf7n2XUv0iutANOwaHXaMJRJ0AxiYBD1YrieTchMY0ekBqWMLuEqgJGar+MnnnATBM0ALfFW1jSs47GqJ/msdTO5gWymDbmC0/tO6VxKxI7SnGjB9Ry+0vd0/IaPp9Y/j2VY/HHVLH5+8l2patZdonaUWWuexFImXx94ASErxNPrnsdUJi2JFqJ2tLOaVgghhBBCCCGEEEIcvQ5JsGr2Goi3ZSmQDKGUaeGseR198r+hgtmHYglJro27+UNIhWHJTYU8VE7XzZaUSkavWoNh9Bxo7qmxsYlNmzexYeNGPl37KZ+uX0dDfSOJRIx+ffuRl5dHQ309Zg8Vqx1Vq4Zh0N7Na/178lLndNxDZjc9WceOHUteXh7NLc28+cabXDPtanz7WENLaytvv/MWSilKSooZMWJ4l+PtkQjhcDgZ5CpFXV2Ydxa8Qyg9nfRQiEAgQDwexzIN/H4/juPiuA4bNm6kT58+VFSUo7WmpGSP/rWpFrgGis9aN1MTC2Ng4jf9+AwL1/NIaBu0h9YeaVYaTfHmXefuNZdOVYyG+fF7/0O2L4OaaB0NsQZGFYzk1IopnFAyjtKMki6nhqN1OLj4zQAZ/nTO7nc6z6yfjWmYrGn8lI/DnzCmqGuf2jkbX2NHpIbRBcdwbNEYNjZvwkgtqsluPaCNr4QQQgghhBBCCCHEke/QBKslI7D107u+oQy81jD2p/Pxj7zgUCwBALd5G+72VbD76+DaxSge2mVcsk9n6u/egQdh27Zv55lnn+WZZ56hsbGJAQMGcPrppzPtqqspLy+jtLSUWDTKFVddTUNDPZblIxKJ4Pf3XMGo1N6bLu01BlKVtgq/308sHiObrC5j8nJzueuuu7j5uzfz0ZKPmDPnVb52wfl7zeVpzR/+8Ah19fWYhsntt9++V1DrsywSqR6xkUiEO35yOyefPKHLWg3D6BISdwS/QOffk5tp7Sa1WRQovjv6Jvrn9O3x3leFq7jt/f9mr2RVg06FqznBPECxon4VlrKwTIvLBl3I4PzuNx1rjDXhuDb5oTwMw6AgkM9p5ZN5c+s7mMrkT6sf5/6CYfhSrSQao408s/5FlIJrhl6OaZhk+jJBKRRguwlaEq3kpeV2ez0hhBBCCCGEEEIIcfQ4NMFq72PAFwTP3fWqtxUk/taDWJUTMNILD8UysD95BdwEWEGSiZuGYDbGHkGX53nJ18lVMmA8EKtWr2b6dddRU1NLRZ8+/N///ZFjx47d63X8lpYW2tvbAQgEAqg9Q8UUpVTnplEHyjRN/KkNr3w+3z7D2K+cfRaNjXfy4IMPcNuPbqOltYUzTj+d3JwctNbUhsP86U8zefTRR8nLy+NHP/4Rp06Zstc8GrBSrQws0yQSiXbbY7WjV2znfR0Qhatd/Eb3rRL2lqxK3eu7Ktmr1UOTZoX44bibeWjFw6xuWIPjOvxq2UP8fMJd3YadO9p34qHJDWYTMJM/x4sHXsDb295Do/msZTPvblvEKRUTAXhh/RyaE82cVHQCg/OSYa3f9BEyg8TcOFp7NMQa6ZtdcYD3JIQQQgghhBBCCCGOVIdk8yojuzdG3xPQ3m47shsmRFuJzb0HfQg29HGbtmB/9BSYfjo6buK5mKUjMNK77mTv7V6legDhZktLK9OnX0dDQyO9S3vzxGOPMeHEE7vtcerYDo7j4HmagN/XuVHWnrTWpGek4zjO3mvaB8MwUYDruliWSSit+023DMPg6quu5Ne//g1KGdxzzz1cdfU0rr/xRqZffwNXT7uG999/n1tmzOCVl1/m4gsv7DYQTQsGKSsrxXWTgfm27Vt7XGNP9B6vyjva2cfIrhztJv+iOuZJVcPqZJWsAcScCMUZvfjumH8ny5+s5K2J1HD/st9id/MMbm3bgYEi25+FkWrEW5rZm3P6nont2VjK4rG1zxB3E9S2h3n5s7/iM/xcNeSSzt6rShlk+rOST5yCmkjtwX0gQgghhBBCCCGEEOKIdEgqVlEmgWMvJbLurd2+qcHy465bQPzNnxM89b9SoefnTyfaiL9+D9qJo8zdKiC1i2/omZ09VzskQ0wFqAOqWH1z3pvUhmvxWT4uvuhiKsrL9jve81w8z8M0rb1fg09RSmFZPhzbxvX7yeimX+qe4ok4tmOjFJiGiWXtuz/sBx8u5q6f/pTp06/jsku+jt/vI1xfj9aagrx8cnNzCAaD+72e3+9nzJixLFu6DJRiddXazlf+/1G25yarhVMfu+MeWLAacZP3rUkGqXYqxC8I5mN7Nj7ThwKiTozi9CJ+ctz3+f67P8FSFivCK3l09V+44ZhpnVWvrueyM1KDRpMfzO8MVgHO7nsar26eC1pTG6nlbxv/zrb27cTcGGdWnEplbv/OsSFfkExfJjWRWlw0rYmee+UKIYQQQgghhBBCiCPfIalYBTBLx2CVjYY9gzLLh71sNrE3fo5ORD7362o7Suz1u3E3Ld4jVPUglIvV/+S9zumoDlUKPG//warWmgUL3yUQCIJSlJWW7nd8wk7gOC5+v59oLNql5+iea0gkEqnWCZpQqPvq0925joNt21imhUYTT/U/3VM4XMfV067GtW2+/a2bKC8vo6ioiBHDhnHM8OGUlBT3GKp2+Op556JVMmSdN+9NamvDB3TevrS70eRflEKhaHUO7JlwvAQKAwPwtEfUjQHJClhN8vM0lYlPJX+XMDh/IDcOv4a4l8Bv+Hhx46ss3Lqoc76oE6M2EkZhkO3P7HKt3pklnFl+KrZ28Zs+Zq15ije3vI2lLM7rf3aXYNln+Mjwh5I9Y7WmMd70j384QgghhBBCCCGEEOKIcciCVWX6CZzyne6DRMuPveJloi/egle3/nO7pteyg9grt2KvfgPMrr06tWPjH38Nqpvemo7rpOoWU9vT9yCRSKTGa1paW/Y71mf5aG9vRym1z2pVAMdxaG9vx7JMtIaGxp4DOa116rX8ZAeDRKL7FguzX3wR23YoKCzA5/vnipaHDhnCaVNPJR6P09bWxmOPP35Q59fV1XV5JvyGiac9FJCMRA+sz2zICqbaBiT7qSa85L3XxZrwGSZKJdsFdHwf4Jz+ZzK1bHJnuPrAst+yofEzABpijTQnWlAG5ARz9rreVyvPJmgEUp0iNAkvwZTSiVTm9OsyzlAGWf4sNBpDKWraw7gdbQuEEEIIIYQQQgghxFHrkAWrAGbpKPwnXgN2rJuDPtxNS2h//HoSHz2BbvvHe1HqeBv2Jy8R+csNOOsXdq1URYHnYORX4B910T4m0Hg6GYTFE4l9VpVC8pX9sWNGk0gkMA2Dt+e/1dkXdU/xRIIHHngAx3FwXXe/rQAcxyEWj6FU8tX2aLTnys1YLE4sFsfzNIahyMzsvn1APB7Hsiyqqtbw8pw5hOvqiEQiOI5DJBIhGo0Sj8f3eR+7MwyDO+64naysLEzT5I//9388/eyzPZ6ntebZ557ndw//oUuFZ9xJoFKv82v27rm6L42xZkwMQKM1+FSyDYKjE6loVpFwExi7XctQBjcMn0ZRWi+09nC1y92Lf0Vbop2EmyDhJVBakZPqx7q7koxippZPxvbszk3Ovj7ogi4tAzrkBrPRaBQGNdHaA25vIIQQQgghhBBCCCGOXIemx2onRWD8dbibF+NuX4WyAuyqSNRgWuDEib95P4klT+EbeR7WgCkYOWUoX9r+p/ZcvOZtOJsX4Xz8Mm7NWkClKlV3C0a1C1qTdu5PUf70bqfKzs7BcR1Mw8Sxe95Y6+yzzub+Bx7EdV0WL1nC7x7+Azdef12X1+nXrFnLXf/93wwfPpz+/fuzefMmqquraWhspHdJyV5zOq6LnbAhFTLuq/p0d6H0EIl4HK01nqf3GQhPnTqF3zz0EIlEgttuvY28/Hyys7MJ+P1owO/zEQgGCQQCFBUVMWzoUE466UT69e3b7XwlxcX88ZFH+OY3/42GhkbuuOMOtm7dxhWXXUrJHveWsG1Wr67iTzP/xIsvvsjDv3+4y/G4G8fTHpZhorRHmx3t8b4BLMPE1g5+lfy2SOXsAAAgAElEQVR5NyVaKKU3cTcVjKtksOrusQlYdjCLHxz7XWYs+BE+w0c4Gub3H/+JIbkD0VpjKnOfPWMvGnAef6+eR9y1ObbXGMqzuu+tGzADGBgopWiINRBxogSsvTc2E0IIIYQQQgghhBBHj0McrILyp5N2wS+JPHEduqU2GaZ2GaDA8qNba4kv+AOJd2di9BqAWTwMo7ASI7sErGCyV6tpoltrcBuqcXeswttZBfF2QIHRza1pjfY8gmfdillyzD7XuGPHDlzHIW7HsBOJ1EZT+94IqqSkmF/+4hfc/N3vorXm179+kHcXLuSE8Sfgs3x8vPJjli5bzoz//E8uu/QSBj03iB/88Ic01Ndzw43fYNLEiVx00UUMHFDZOWcsGqOmZmdnn9S2ttYeP9vGxkYSdgI7YdPU2EgkEiUtbe9AetjQoTxw//385qGH2LJlC+FwmJqammQbAcA0DZJZpMJQCmUYBAIBLr/8Mm7+zncIdTPn2DGjeebpZ/jFr37JG2+8yUO/+Q2z/vxnJk6aRP9+/Qilp9Pc1MTijxazcuUn9O3blz8/+mcmTeza49bTHp720JhowHa77xO7173HmlPVoirZSiCVKRsYONoloEzink1jvImsQNeeqYPyBjB96JXMrHoCv+ln4fZFfLDzI/yGHw8Pq7tnCeiVXsjpFVN4ceOrXD7wom6rVQHSrXSS22op4m6CumgDud20FxBCCCGEEEIIIYQQRw+l9/ee+xfIbd5G7OmbcJu27fGqfjc8D5Lb/wDJwA+l0B3Vh6mKRKWM1GZP3dAa7TkEJt9E4ITpwL53rl+3bj3PvzCb/IJ8XNdh+jXXEAj0XGG44uOPeezxx1m06AMa6usxTJPs7CymTjmV6ddeQ//+yf6brusy59W/8uGHH2IYBsceO45JEyeSm7ur3+vOmhpmzXqMgoJCamtrOe+8cxg+bNh+r79u/Xpmv/gSBfkFhOvquOH66eTn5XU7trWtjfsfeIAnn3ySUaNGM2jwIEqKS8jPy6OpqYma2hrWrV3HshXLcRwH0zSJRiNcccWV3HXH7fsMmh3H4eOPVzLnr3/l3YUL2b5jB47jYJkmaaEQEyacxDlfOYeTThzf7YZc29p2UtNeg8/04XgORaFe9M4o7vGz39D0GW2JNpRh4LoO/bL7khPM5rOmzTQnWjAMA9dzGZo3iKC198ZccTfB0prlhKw0fKafdCtIwnNpd9rpl9WH7MDe7QAAWuKtbGjZxKiC4fsMVmsjYba0bsNn+nA9l/7Zffc5nxBCCCGEEEIIIYQ4/GbMmNHjmMMWrAJ4TdXEXr0Td+sKsHyQ6pG5P5qukeieX3d/oWQlZmDKd/CPuwL2EYDt85pa7/N18O7G1tXVEw7XkhYK0auwkPT07lsOHC6LPviAW2/7Efl5+dx55x0MGjgAv9+/1zjbtvl0/Xp+9rOf8+GHH+Dz+YnFYrz80ksMGzqkx+u0t0dobGqkubmZtLQ0CvLzycqSQFEIIYQQQgghhBBCHNmO+GAVQMeaiS/6E/biJ5OVp3u2BjjQedgzYE3tK+86GJm9CH7lDqw+J/zzCz7KVa1Zy7nnncegQYN46i9PkJ2d3eM5LS2tXHvddaxevRrbTnDHHXcw7aqrDsFqhRBCCCGEEEIIIYQ49A4kWD240s0vgApmEzzlP0m77LeY5aPBczorTA9qnt2/0IBrg+fhH3MhoSv/KKEqEE8kuP2O27HtBDNuueWAQlWArKxMrrjicmzbxjRM6urqv+CVCiGEEEIIIYQQQghxZDvkm1fti1V+HObFI3A3vEVixWzcLSuSAasy0Ur1/Cq+1qBTPVcNA2vYGfjHXIxZOuaLX/xRYsOGjaz8eCVZWVn069f3oM6tKK/ANE0cx6FPRcUXtEIhhBBCCCGEEEIIIY4OR0ywCqB8aVhDzsYaMBV35yqczR/ibHwXL7wxWcmqkxtYKc8FI7kDfHKzKgWWH7PXIMy+x2MNmoqZX7nvjay+pBoaGkjYNv5A4IA24+pCAVpjWRYDBw3a71DP89i2fTt2IkF6ejpFRUUAxOMJwnVhXDdZkZydlUVOTg5aa2pqakkkEmit0WhM06R3SQmtbW04tk1BQQEAjU1NuI7T+XWHRCLBjh07cF2X3Nw8cnNzOo+1t0cIh8OAJi8vr7PPa0NDA47j0KtXLwCamppwUnPX1dcTaY/gaQ+FIic3h+zd+sO2t0eora3FMBRFRUUEg0Ecx6GmphbHdUAn++36A35Kios7fzEQj8cJ19XRq1cv/D4ftm1TU1tLcVERtu0QrgsnPwOtSUtLo1dhYZdfKriuS01tLVprSoqLMQyD9vZ2wnV15OXmdt6b4zhs276dkuLizv65sViMurp6evcuwTCM1HprKC4u7tyMrLW1lda2NnqXlHT5fF3Xo6amhng8RjAYpDh1T4lEgp01NWitQYOnPTIzMsjNzWVnTQ2GUp1jW1tbaWhoJD8/j0AgQE1tLZ7ronXymcnISKegoICamhoyMjLIyMgAIBwOk5aWhuu6NDQ2YlkWSikc2yYYTKO4uGi/z6MQQgghhBBCCCHEF+GIClY7WQHMsrGYZWPxH38Nuq0Wr7Ear3k7OtqUDK3sGIY/hErLRuVWYOT1wQjlgXWQgeGXiM/vwzJNEokETU3NlJWWHvC51ZuqicVijB47hsEDB+xznG3b/G3u62za9Bm5ubk0NDYycsQxnDJ5Eo2NDTz7/PPk5uaCp2lqbuYrZ51FZWV/Zr/8EpZpkpGRied5pAWDnH3WmXy84mM+WraMb1x/HRkZGSxe/BGtrS1cdOGFnddMxOO8PGcOLW1tmIZJQ2MDF55/Pn369GHnzp3MfullLNPE8vlobW3la+efT3l5Ge9/8AENjY1cfcUVACxfvpy6+gYuvuhC3nrrbbbt2EFuTjaO7RCNx/jqV86hvKKcuro6nn1hNn6fRSKewPL5uPzSSwB45vnnycnOJhgM4HkeeTm5FJ3RqzO4rK2t5bkXZnPlFZfTq7CQ5uYWnnv+Ba65+irq6up4+dVXKUoFvQ0NDYwaOZKJJ5+MYSS7dsRiMV56+RXa2tu4Yfp0cnNzefe991n+8QomnHgiE046CYB169bzwksvcc5ZZzF69CgAampqeOa55/nKWWcyfPhwWltbefaFF7jh2mvJyMxEa83f5s5l0+Zq/u2G6ztbRSQSCf76t9fYsm0rOVnZhOvrGTFsKKedeir1DQ08/exz9E6FvJ7n0b9/f44ZMZznnn8B13W54brpZGVl8dbbb1O19lPOOO1UykrLeObZ58jLyyMQ8GPbDv379SMnJ4e/vTYXn9/P5ZdegmmavDFvHkMHD8bv9/PR0qW0t7eTSNjk5uRQXFxEcfHpB/wcCyGEEEIIIYQQQnxejsxgdTfKl4bK7YOR2+dwL+WoN2zIEHJyc6ipqWXZsmWMGD7sgM6LxeM89sRjKEPxo1tv22+16/Lly6murmbaVVeRmZlJTU0NTz7zLAMHVBIMpqE9zUUXXEBGRgZvv7OAdxYupKSkGMdxOGXiRIYMGZKcSIMyFKCJxWIsWPguZ591JspQqD22Kaurr2fzlq1Mu/IKCgsL+XDxYppbWnBdl9de/zv9+/VjyimTMQyDpUuX8tIrr3DDddPxWb6ucymVuiYk7ASjRx7D5EmT0Frz0iuv8P6HH1BaVsrfXnuNIYMGMvHkk0kkErw293Xq6uspLChAex7nnH0WhYWFydvQujMU3XUZhd/n67hkZ0Wq52lCaWlccvHF+Hw+1q1bxyuv/pVRI0eSk7OrAtfn8+GzfGzfvoOsrCy2b99OwB/A83RqHo+Vq1ZRUlTEso9XMGLE8GSVJ8mWGm/Mm09lZWVn2NvRobixsZHa2jDZ2Vms/XQdxx93LADLli9nx44dXJP6me7YvoMPFy8mHo+jANMwuOjCr3V5LiKRCKaZrIqtr68nLS2NmpowgYA/2bUjtWfeV889Jxm0p3ieh9/vY9OWatauXcuwYcPwtMbzNEOHDmXw4MG8++57bN2+jUsuugij8x6EEEIIIYQQQgghDq0jPlgVn5/MzEy+/73/Ysb3buG+++/nuOOOZcjgwfs9JxqLcfudd7JkyRJ++MNbO8O27mit+XTDBsaM2hUE9u7dm/KyUtZ+uo5jRgxHGQaNjY3EYjHC4TBZmZlYlkXA52PJ8hVUb92afD2/sJDjjj0W19P0qahgw8aNVFdXk5mZSUtTS5fr5uXl0auwgGeff4E+FeUMHjSI/v3709raSn19PWedcXrn6/DDhw/nvQ8+oLY2jGF0E8ol8z4sy6KmtpbVq6twXZdwbZgTjj+O1tZWdtbWcvZZZ2FZFpZlceHXLgCgtaUV0zRZsPBdMjIzcByHvn36MnzY0M7plWGg0by9YAEBf4BINIKnNUopDENh2zZVVVUEAgE2bvyMXr0KCYVCu33G4LMsBg4YwI6dO+nVqxDTsiguLsZ1HSBZ6VpfX8fll17Kk888y86dOykrK8PTHtk5Ofh9FgvffZdjx43DMs3Ond8+XrmSYUOGUFnZn1dfe40xo0dhWRYrP1nF2DFjyMrKIhaLEUoPMXnyJCzLQmuNpz3eeHMePp+PWDzOKZMmEgwGMU2Lyv5lbNmyhWAwSCDoJy0UxPPc1P0avP3OAkKhELZtM2zoUPr27YNhmAweMIC33llAaWkpacE0HMdGKZUMg1P/tlLhtBBCCCGEEEIIIcThIMHql8yFXzufhoZ6fvHLX/K1Cy/iZ/fey6RJE8nJzu7Sy7O1rY1PVn7C/Q88wLLly7nzzjuZfs01PW4i5joOltX1sTINE9tOpL7SzPnba1iGQVZ2dmfo6XiajPQQvQoKcZzka96QbC3Qp6KckSOG88ab8ygrK8U0u1aABoNBLr7wQtatW8+n69bx4iuvMGnCBCorKwG6VIwqlax49TwXw4CAf7dwToORmtswDJqbW/hk9Wo2bdrE5IkTGTlyJLW1tZ3z7KkjZMzOyiI/Px/HdcjMSO92XCiYRnrqmE5tuqaUwnFcNm7azIaNGykpLubrF13UGQonx4DtOFSUl7Pm07Ws/GQVvUtKiMfjdCSkVWvWkJGejtaa/LxclixbRllZGQpFwOfj9FNP5bnZs8lIT8fv92MYBrZt88mqVYw//nj8fj+R9ig7d+6kvLycRDyOLxVifvrppyx87z1s2+H8884lFEpHocjPyyUQCGDbNpZporXGdV369e3LuvXrSdg2FWXlNDQ2pKpVNZ7WZGdnkZuTi23bpKUFgWQf2uOPPZZ1G9bz1jsL8DyvSwje8dEnv9/1WRBCCCGEEEIIIYQ4VCRY/ZIxTZN/+8aNHHfcccx89FF+/OOfEEoPMWTIEPLz8vDQtDQ389lnm2htaWHSKZP5n//5KYN72LAKksFgae/erK5ay9ixY/H5fLS1tVG9dStnnnYahmFgKIPzzzuX/Ly8zlAvHo/jOg4jhg9nQCoM7aC1JhqJcuL48ayqqmLFypUMGzyky5g1a9dSvWULZ5x2GiNHHsP777/PylWrGTFiBP5AgPXrN3RuULWleguO41BYWEhtuI7tO3Z0zhONx9BeMuRMJBIMGTyIk048kTfnzaNq7RpGjx5Fbm4yQNy+fTv5+florXnttbkMGjSQoqIitKc5/vjjOjeR2pP2PJQyOOGE48nKyqKxsZE1n65NhrKeR1paGl899xy2bNnCiy+/Qk1NDX367GqDoQHHdcjOycYyLT5aupQLvnoe69etx/JZ2LbN6qo1KKV45dW/4jg2W7duIxKJ4PP5iMaiFPYqZNLJJzP3738nPRTCsix27txJNBpj9Zq1VK39lEDAz7LlyykvL2fgwIGsXfcpo0aNZOTIkRQXl/CXp58ikbAJhTQoxQknnNAl5GxtbcVxXXJzk6HpipUrueC886itC6daASR/tuOPP55Q+q7w2XVdXM8DpZh08sn8ceaj2I7DgP79unwGQgghhBBCCCGEEIebBKtfUmPHjGbsmAfZsXMnmzZtZsuWLTQ1NZGWFiQYTKOiopz+/fp19go9UMeOHcv6DRt55tnn6Ne3L1Vr11KYn8+ggQOoq69Hk6wwDQaDnedonQznPlqyhJ07a5KvtGs49thxGIYiHotjmianTZ3KzFmziCcSXa5ZUlTMnFf/SiQSpXdJMUuXr2DUqJGEQiFOm3IKc/76N1rbWvFZPpYuX87ECRNIT0+nX98+vLNwIS/PmUN2VharVq3m3HO+AiSD1UQ8jlKKkydM4JGZM5k3bz5nnXUmZ55+Oi/PeZVwXR1NTc1s2LiR8eNPQKde6X/7nQXk5OTgug5pwTTGjh3TWfHpaY32PKLRGFlZWTiO0xkyep6H6zq4rkvfvn0ZecwxzH7pZa6ffi2ZmZkdHxaxaIxgIEBp796s37iB/Lw8VkQiFBQWsnnzZqLRKN+4/nr8AT+O4/Dnxx5nxccrKe3dG8dx8VyX4cOHsWzFCurr64nH4yz68ENGjx7FKZMmoZSirq6OWU88waSmJk46cTyzHn+CJ59+hsp+/aneWo1SitzcHDzPQ2uPefPmEwj4cVyX4qIievfuTTweJxgMUNSrFztrasjLz6e9rR3P80juQKeZ//bbZGVl47oOmRkZDB8+HO25qZYD6ZwyeRJ/fW1u6pwk13FxbPvgH3ohhBBCCCGEEEKIz5F555133nm4FyEOn8yMDMrLyhg+fBjjxo1l1MiRDB82jLLSUtLT936NvSfBYJCBAyqJxmKE6+vp368vp0yeTCAYxHU9LMukoqysM2jsYBomlmWRSMRxXQ/bsakoLyfg95Odk0NBQQGhUIj0UIiCggKKUhWoHdccUFlJfV099Y0NDB82jHFjxmCaJoWFhZSV9qYmXEc8EWfCieM55pgRKKVIT0+noqyM2nCYaCzG8ccdx5DBg1FK4XkexUVF5ObmYlkWZb1709DURFlpKUVFRZQUFbNt+3ZCoRBnnXE6BQUFncEqCmw7gW07GIairLR010ZRWmP5fFSUl3e+4q+Uok9FBZZlEQymUV5WhmEY9O5dguM4hEIhsnergDUMg94lJWRmZpGRkUFlZX80mvy8POKJOP379aO0tDeGYWBZFjk5yeCysLCAtLQ0SkpK8Pl89C4pIRgMUlxcREtrK+PGjCEUCmEYBqFQCKUUmRkZ5OXlMXBAJbZtUxsO06tXL6ZOnkxhYWHnJlSu9nBsm4TtEEpLo6ioF6Zp0K9vX7KyMsnJyaZvnz5orSkpLiYrK7uzwtW2E9iOg2lalJWWYpgmxSXFZKSnk5+Xj2kalJWWdlYBa63Jzs6muLi4x9YUQgghhBBCCPFlEIlEWLRoEQsXLmTOnDksWLCA6upqmpubKSws3Ov/g3/Rkvu0/JCKigp69+59SK8tDq1f/OIX3HfffTz++OMsXryYkSNH7ioOO8q9/vrrPY5RuiMZEUIIIYQQQgghhBBHjUgkwty5c5k7dy6RSASAtLQ0AKLRKAChUIgzzzyTM888s8vmyF+kP/zhDyxcuJCJEydy4403HpJrikPvrrvuYsGCBSR2e7N48ODB3HHHHZSVlR3GlX0+ZsyY0eMY2flFCCGEEEIIIYT4MgnP465p05hZ9Q8e70HVzGlM+4dOrmLmtLuYFz7Qsf/4Gv8VRCIR7rnnHmbPnk1FRQU333wzs2bN4uGHH+bhhx/m97//PTfffDMVFRXMnj2be+65pzN8/aIsWLCAW265hYULF3b5esGCBV/odcXh8c4777Bt2zbC4TBXXnkllmWxcOFCWltbD/fSDhkJVoUQQgghhBBCiC+dSqqf6S7ErGLmjEfZcDiWJA5YR6haXV3NlVdeyW233ca4ceMAqKqqYs2aNYRCIcaNG8dtt93GlVdeSXV19Rcarj7++OM88sgj1NXVdfl+XV0djzzyCC+88MIXct1O4XncNW0mVXt9bxp37fGgH1D4XzWTaXvOd0RI/lJh2p5/7prHAf1OYn/C87jrAH+5sWTJEurq6mhububYY4/l1FNP5ZRTTkFrzdKlS2lubv5nV3NUkM2rhBBCCCGEEEKIL6GJEytYsDLM1Km7bVpctYj5U6YwZf78Xd8Lz+OuLmFrJdfedwdTC1PH/hcmVjzKo/OBKbdya5erhJl31wwe3TCFW2dNZ2jn1x1TXct9d0ylkCpmTruX+QAzprH51lmcu+MuZmy+hFu5l3tTy5ly6yymD+3mZva3xm6OV157H3d0HKyaybR7d93vPq9xBHnhhReorq7mxhtvZOLEiUCyOvSJJ57oDE47WgB87Wtf62wD0BFwXnXVVZ/rejZv3txjP8oXX3yRcePG0adPn8/12p0KS6jgURZVTWdox8+vbjMbKiupXLCS8NSpJH/iVSyaD1NuPcJ/yD3o+pwm/7uaMbOEWYfo4V2wYAETJkzghz/8IXl5eQDccsst1NbWsmLFCiZMmEB2dvYhWcvhJBWrQgghhBBCCCHEl9Ex46lYsLJLlVvVovlMGT9+1zdSgWTFrbOYNWsWs2bdx7WVG3j0f3erjtvwKAv63Jc83iXUSYWoFbcya7dQdcHE1NhZs7i14lFmzKwChjJ91q1MoZJr79stMJp/L890zH3ftVTf283r/z2uMVmFu+v4rVQ8OiM5T9VMpt0Lt6bWk7zGgbYjODzC4TCvv/46Q4YM6QxVN2/ezCOPPEIkEqG8vJzy8nIikQizZ8/ufA1/4sSJDBkyhNdff51w+PO9wblz5x7QuC+2JcBQxk+B6h277q1q0XymXHIJFRs201lHG95BNVMYf3TnqnsoZOolU2D+okNaYTt16lR8Ph+2bXf+ufDCC8nPzz+Eqzi8JFgVQgghhBBCCCG+lIYyvmIBKztzqCoWzd8jcCqcyh2zdq+MK+SYiZV7zFPJxGMK2VPVzBk8yrXc13Fy1Rwe5Vpu2q1Cduj0W5ky/5l9B5mVu40vnEoyO9ojOuphjeF5zzC/8lrO7Tw+lOmzZjF9aJh5z8xnyq3TGbrbXDddC4/OOfJeAO+wdOlSAM4888zO7xUWFnLGGWdwxhlncPfdd3P33XczduxYIPnKdoeOczrm+Lzs+fr/vlRXV3+u191TQZ9KNmzuWEuYHdWV9Cn4/+zdeXgU153v/08vEloQSwshMFsTEEY4+BmEx4BpIDjYJNeeeJlfEMuMA8mMk4sJ8LMSJoxNwLE95BLjCzEmk/ySxww3iGXuxE5iPzGOYwKSDdiAJ3YMRhgjgTCbWhgE2nqp3x+9t1pStySkFnq/nkdx6DpVdapO9amqb3/rVL4mz9yj4GFTVaGTo0ZoQKDUW0/F9Th98+UiH80PBf4v6a2nHtFTb70Vmv7UW7rkH54g1vqOvRT2aH97BxA+9lLEUAHB4RCaPO7ftvGKv/zlL8vj8ejixYuqr6+Xy+VSVVWVLl++LIfD0WJw1ePxqL6hQXX19TH/GsJehpXsGAoAAAAAAIAeKn/ycO0KDAdw7ID2zJysRZIONCkZ9qi+JI2a1vKC96zVWkmjFo5X8Gn8c6elk3tU9MiWqMKjtLC55QwfrPCQ7YARo6SSc7qkwTEKx65jVcVJafgcNQ39VqnipLRn7SPaEz1pZrNb1uUqKiokKTimquR77D/88f7du3fr448/Dk4LCMzT0RmrgXW15kYHVnPGT9OoLQd0bFG+8i99qBJN0+IcSSNGac+BY1qUn69L505r1LT7fcfDsZdUtGW4Vm5drXz5ApsxH6dvttwAvfXUWp1euF5b787xZ0A/pRFhw1Cc3FKhOVu3apH/+CzavFDrt25Vjj/T+tVjd2tRvi9wu/b0Qq3ferdy/NndT70VNmRFi3w/EmjmSv+PBMf00trTWrh+q68ex17SI2tf1bG7w35EaIctW7botttu03vvvaeKigo99NBDyszMVGlpqd5//309+OCDeu211zR9+nTdcsstMZfx+eXLqq+vjzmtb9++6pWa2gE1vfEIrAIAAAAA0FPlT9Zwf8BFB/Zo5uRFUsTDxKFg5Sh/8OjSW0+pqLUnukct1PrF0uaizXprfNhYp8ExVTtSG+vo1x3GVA3XWnbohg0bghmpY8eOjTme6o0OcDbnRr04KyhnsIarROcuSflVFTo5fLLvWBs/TaNKzumSBujDEmnaYv9oqwf2aNTC9cFgY/79CzWqyB+YDVvssQPhQUspf9FWbZWkS2+p5OSo4PKUf78Wjiryj13s+2jUwvv98w3QiFHSqGn+HxtyBmt4cA2X9GHJSc2cs9r/3fA92r9lV/jYsJGa/CAwKiw7XPlatHV1aOnnTktha2urzz77TK+++qpGjhypgQMHauzYsfrss8+0bdu2YBm73a5BgwYpIyNDb7zxhiZMmKCxY8eqV69ewTIWi0WZmZnyeDxyuVwR6+jVq5fS09PbXdfOQmAVAAAAAIAeK1+TZ67VgWOTpT0zNXlR1ORjB7SnLcHQ4YOVk5OvOTO3aO3mtzR+9d3KGTxc8o91GfeyTp/TJeUHy8fMPm2ljqEs1/yo6b5AV8m5S1J+x4Z6b6QBAwY0O62ioiIYVF2wYEHEcAFSKLA5fHj7g2zh60y0/A17gZXyNXnmSR2oCowX7D+gc8Zrmjbrw0uDVXFyuCbnSL6hAqSTe4oUmUQ9yheYDf7bV27UtBj7vapCJzVcc9p9+DSXPT2z2e9Lyz8IRL4kbtSo6OE72ua9997ThAkTNHDgQJnNZt11110qLy/XuXPn5PF4lJ2drZEjRyojI0NZWVnKzMxURUWFbrnlFuXkRG5FZmam6hsaIgOrJpMyMjIigrDJjjFWAQAAAADowfInz9SetWu1Z+bk2I8Jh7/459hLKgpEa+JZ9qKVmnlyiza/dcmfzbdHa8MHczz2kh555KXmX7hzcouCw51eeku79ozSwvtj1LKFOubcPUczw5cTHPtSunvOTJ3csjlsvMnAtOR9e1UgKBk+dmpATk6OlqLZ6gMAACAASURBVC1bpmXLlgVfbBUuME90kKs94n1xVVvLJ2rAiFE6fe6Yf3zVwKc5Gjz8pCo+PKfTweM8R4OH+7OcAy8v27pVW7eGZViHlQuN3RqxMo3SaZ1r9+HiC/LPXLk1qi5tfHT/2KvacnJm8KVsq+d0TCD9008/VZ8+feT1euV2u5Wenq78/Hzdfffduueee1RQUKD+/fvLMAy53W717t1bFy5cUF1dXZNlmc1mZWZkKDXskf/0tDSlpaXJZDJ1SH07A4FVAAAAAAB6svzJmilpZqzXpOcv0sqZe7Q28BKcXSO0fuVM6WT4S69aXLgWrQwEL3N09+qVmrlnbeilOmullcHgkS/bcEtRWGBz1Expl79s0RYNXxkd9IqnjvlatH6hTq8NvMinSFuGr/SNXZm/SOsXSluKQtNKpsU7rmXXCLyUKlaAsqKiQhs3btTGjRtjZpKWlJRELKO9jh07ptLS0oTmKS0tTTjLNRE546dJFQdUoWkKf6da/uSZOl1SorBoq/Inz9TJLa8qFLt/KmagP3/yTGnPgchyT72lSznjNW3USZUEvgzHXtWWk7Ff5tZKrTV+2ijt2RV6mdWxl1p+mVbrAgFf//irwVUN1nCF1/lA0zGGY7h8+bJMJpNcLpcaGxvj/pOkmpqaJo/8S1JaWppSAoFVk0lpaWkRgdbugKEAAAAAAADoSXLu1uqtd4d9kK9FW7c2++/8RVu1NWqIgNDk6GWFjT8Z+iCsvG/Z0SMOxFrXpbckaYTuXx2rfCJ1VIxtDp+0Ws1MSko5OTm699579cYbb6ikpCQiMzV87NTTp08rPz8ULA+80Oree+/tsIzVDRs2tGm+tWvX6t///d87pA5N5AzW8D1btGfmysjjZsAI6eTp0Hiokj+w/pSKHnnE/8EoLVwfI0u0SbmZWrnVN/TE3atXquKR0HACM1dubRr8j6fad6/WyopHwl7uFlpHwvxjvW4pekRbNEoLVy7UqLX+sWdz8nX/wlEq2uKv88yFWjhKai3UffnyZVkslpgB0paYzWZdv35dbrdbKSkpTaZlZmbK1dgoa0pKt8tWlSSTYRhGV1cCAAAAAAAgnO8FVNNuwMuuur/a2lo9++yzOnPmTJOxVAOZrNGfbdu2TcOGDdMTTzyhjIyMDqnHr3/96za9CGv48OExX6qF5PXnP/9ZJ06c0IQJE2S1xp+nefToUfXr10933XWX+vXrF7PMlStXlJqamnQvrSoqKmq1DBmrAAAAAAAA3UhGRoaeeOIJPfvss9q2bZsOHz6sr3zlKxo7dmwwoFpbW6uPP/5Yr7/+uj7++OMOD6pKihkcraioiBhTMz09/Qa+rAqd5fr16zKbzfJ4PAlllZrNZtXX18vj8TRbpm/fvh1RxS5BxioAAAAAAEA3VFtbq9dff127d+8OBjMDgdPa2lpJvsDm7Nmz9fDDD3dKnQLZsQHRGbXonsrKyrRp0yY1NDSoV69eysjIUFZWljIzM5Weni6TyaSGhgbV1taqpqZG169fV319vbxer+bMmaMpU6Z0aFC/M8STsUpgFQAAAAAAoBurra3V4cOHVVFREXw0f/jw4RoxYoQmTpzYqQGt2tpa/eIXv9CRI0dUUFCgRx99tNsF1ACJwCoAAAAAAAAAJCyewKq5E+oBAAAAAAAAADcVAqsAAAAAAAAAkCACqwAAAAAAAACQIAKrAAAAAAAAAJAgAqsAAAAAAAAAkCBrV1cAAAAgUcZ1pxr2bZK7/KCM2sutlfb/13Sjq3UTMMncd7DSH/hfMueM7urKAAAAAEmNjFUAANDt1O/ZINfR11sNqhqGIV9AlaBqfAx5r3ym2pe/19UVAQAAAJIegVUAANDtuE/tj6sc4dS2MWoudHUVAAAAgKRnvX79elfXAQAAIDGNcV6/mAitthXXiAAAAEDLrL5H5AAAAIAQrhEBAACAljEUAAAAAAAAAAAkiMAqAAAAAAAAACSIwCoAAAAAAAAAJIjAKgAAAAAAAAAkiMAqAAAAAAAAACSIwCoAAAAAAAAAJIjAKgAAAAAAAAAkiMAqAAAAAAAAACSIwCoAAAAAAAAAJIjAKgAAAAAAAAAkyNrVFWhWWbEWbyiVfd7TWjEtu+WyzhKtW7VfU55eodaKdui8ncBZsk6rtpc3nWCfp6dXTJOvymUqXrxBWr5Z88cE5hmq5Zvna0yzy2x++o1XpuLFr2hYku7zTuMs0bpV2xWjdX0cy7V59oWkPj4T4ztOS2NNcizX5vlddDQWL9YG+dbvLFmnVWce7Jq6lBVr8SvDwr7XnV4BFS/eoMpm+9zWpre06GL5uqh4+5ywYyWir0sS/vNTU4529qtJvt3dWMqcN5Q2LKvphOrXVPPSMx2yjrRF+5Wi5pb3pDKK7pP+OkW1uztkdQlLmfOG0nJOqP7Fx+TqgvU3ez0T1f87S9Zp1f4pN+D4d6pk3SqdedB3rdT9dWyfnch+79JzZbfW3HWQXfNuius8AAB6piQNrDpV8kqpHA6HSrfvVtm0GxgAzJ6mFZun3aild4wYQaey4sVatU7NXwDbK/XKuhJ9K3p6WbH/xmbojasv4hNx7DV3wzcm+Y/PhMS6efDdaKwb1oaAXQcYM3+zNnf6WpPY/l+pOHdF1HHoVMk6382gvTPqUHZIpckeWIxRP2fJOq1aXNz24Gp32O7urEkQtVDpjy1X1iJ1WHAVrWhyPeM79y0uDn2ePW2FbqrT3o3WQX02+72zNL0Ocpas06pVxcrtsoQHAADQHskZWHUe1f5yhx5ccYdUukGHyuZrTNSVRlnxYgUShuwOR/gUXzbk8inav8GfDWifp6dX5Gp38FfisIuaiIxV/7zzhmr79sDvye3NQLoxxsyeJ/uqM3JKzdyAT9GUoft11Dkt4uKt7JA/YB0zbTCJRGWEOZZHBhzD299fwHdTFiszzlmidavO6EH/Z5FZM0meJRB+fMq/HculDYGND2a1BjJfo47XVvZjchij2fPsWrX/qJzTAgEl3812qJmigk1R2b7BzHZnidb9SpoydLu2l0pyLNfTw16JysKJzPAOZKw+PewV/3GxQYsrfetzFi/WK8OWa8r+Df66+I6X3N1h/U9ENlBUNkpYEMGX4TNF8yq3B7crOG9YO61afKZL+5yhU6ao8lCZIjpd51Htl0MOe6kqpdiZ/glkpZYVL9Yrw+Zp6PbtwX3liMi49+2gVYu3+z+POh66MMO5JdnTHpRj+yu64JTGZEutHQ+/0pTgPrjjbrsOvRW93dH9Vfj3u0zFiw9p2LxKbd9eLtnn6fEp+/X8mQe1XBsU6iI2a/aFsGVE7Luo/arw4zmO82Fz38Ng/WJve/LYqboX85RRdJ8yZj/jzyT1BVutaaFSxpkNurZrp+8fBS+q98wCmWJNkyTdpoyi/bL4/+WJzlC9ZbuyivyhrvojUdmjvqzWwLzRy05btF8ptrBlhQWK0xbtl/n6EZmHFcikGrn33Ku6I+HLq5GnOvE9dONla9qK5TqzeIOK7wg75v19tqK+J7G/F9Hn8VjHXnboWN+wOCyLs4W+Jfp8Mn689GHfiO/AjcuujV9cfXZAk2z70Hc6er83d74K7fvQuTJbLbVJHH1Ja/Vq7twZ2NyWjoducB2UPW6K7DoT/Hf4kzSSIs+5zthPTNjnPa0Vububn5a0F7oAAHR/SRlYdR7dr3LHgxqjMZJD2nCoTPPDLhjLihdrQ+U8Pb15mrIDF8Wya0qwRLm2vzJFT2/erGz/BfaqxXbNe3qzNmf7599dpmkxr6zKtX1/YF7fsjcU35GEN4StG3fHUP3qqFPTwm50D5U6dMdyJXdgNRig2ey76HaWaN2qdSrxXyhHtn+gfOCm7A45FBmMDx1PYTcOm1eE5u1WWQKl2nBouTZvnu/fLxu0uNTh31e+4/WVktlhwbrm92Py8m3H/ilPa/MKfyi0eLFWFef6v4dlKl61XUOXb9aKMfL9e/EqFedu1vxsSeXbffNu9odoS+Jba/a0FXpakY83OiWVb39FU8L7jlWLZZ/nX35ZsRZvCGTVhwK2m8eEtmNdSdgNTel2nQlMLyvW4g2/Usm4FZo2Zr42L1cXDwXglztOU/bvVpmvB5bk+w5pyoMatt9/k549TlPs27U/rH8pO+QbuiXe71H59v3B/eosWadVG4p1x+b5GjNthTbnhg+L4O/jhy7X5hVjFCvDLTm1fjyE7wNJ+ubtkcNBhIZtWRHqvyIyYku1/cxybd4cCNbu9/0YuXyzfF3EOq3asFilDn8ZZ4nWrXpFJbNXaFp29H4NrM9/TGZLLZ8PW/gejonju5A0npG3+j5Z+xZKki+oWvuaal70BSx9Qwh8S+kFO32BypkF8gaDpU8qo2i5MmbvDAVPbdky9kxRzRH/vF/crrTd81Tvn2yxSa71U1QvXzA07bEXpRcfk8sfVDWf2aCaXTuDy+49R7q2a6cvqJpxRPXr/YHY2duV9cXwgLBkGWYLLlvRy/MHhIMVSSpjdIdDeiX0i0SE6O9Jy+dxX6Zm5byntTkscLqu5GmtWPG0FPFkSBx9S8T5xHdch64vnDq6v1yOB1ckf58t+c85lZr39OawgOeG5q9xmztfxTpXtnpt1UJfEk+9mqtLtvxPYoX6yYh1d5PrIOfR/dK8b8V3/hwz33cNGJjXf554cFq2pJamAQCAG8VsGIaS6++4dm8vl2NingzDUN69c2UvfUX7qkLTD5VKjgccshmGDMMmxzfnyi4FlyGFT8/TRIckxwNy2HzT8yY6pMrzqgorH3tem/In2yPKdv6fJEV/VqV9v9qucsdE5YXVW9Hz5E3U0P0fhep+/JBKHROVFyzede3c/PqrtO+VUjmWzQtum2Fz6Jtzpe27j/vab96LevH7gTbybacjuP2+9i49dDy4vI/2B46n49q9XZr7zfB552mZo1Sv7Kvq0v1hGIaMiDaMva8ku+bem+ffL/mabJfsc+/17yvf8Vp+piqu/Zg87e77ztsn5/va5fhubddcfdNhC5bJm7dMDn8/ULXvFZXa5+revMD8eZr34oualxfaR5PzbWHLb/odivi+KHx6VFnF6Dvk0AOBuuVNlEOVOh+ol2NZsB6Bvknbd+t4YNnh9c6bKIfKdaaq+Xp2RfvIsCl/cqUOHQ98XqWP9su3T4P7zX+sBfuX4zpUGr3fw/+i+pyo/WrLnyy7fz822RfHd2t7uUPL5uVF7NfI80Jn/8Vuq+PFG1Rqn6x8W7zHg69s7OX6z4Vh32Gb45uaaw/1V5KC58rg/GHHmG+/RvcZgWPOJsf3X9SL80Lz+8rHdz5s6XvY+rZ34PHaATzXa2TKzJMvg3VKxLAArk9OqPk1PaPa9VEZqdX7VHckfN5smQrC1vXXUJC1/i9HZKTlyVogpcyZLkv9ETUEM1SfUe1fy2Ua9qDSJNW/NEU14dmtuz+SJ7o61R+F4qazb5NF5XIHlnfkMTWcqYlrf4TrjO+NYRiyDQ2cu6LLKep70sp53N9fBPto/3H+/cC/fRsVd98SeT6Jur6o+kj7yx2amJfofujg70BcfbZvP7344veD/W7w+jjm+U8JnK9av7aSWri2jqdezdbFd60Tug4KLG+e8pL2Oqhc21ct1uLFob9V28vDjn8j6rok1NZNlle1T7/aLs39Udg2xjONP/74448//viL+y8eyZexWnZYpfa5+lHgZ9vscZps36EDgcwo5wVVyq7J4T++Zue2OmKofWg3/rW2dKMei84wtc/Vj+a19tv2GE0c+tvgcABlh0vlmDhP0uEbVNGO4FRluVS68bGmg/s7okqW/EQ/3FHeZPKYiQ5p42GVzRujMc6jOlDu0ANj5D92ylX6w8e0I2rR9rkduxWdaWhurGM7/v3Yucq1I+b+/5G+78+ocF6olMpL9cPHmpTSXEnOynJp6ANdlyFkHxpz3U7fDm/6Xe3aHd4m2eMmq/IN/6OlzqM6oMn6ZrZ0NKqMfUelbzgS5wVV2ifr3hvQKM4LlZJ9cuQ+j6PPv+HKd8Q4Rh1a9qIv27SsvcdDrHOdspWb8IYPVcwuIkzZ9se0MVhPuybHU70Wvoc3w3ch8rH7QEDyGbnOTFfaF/cr64tqw4uvamRcCvvnkXPyziyQKUeyZGZJteciXyp1qVqGbBFLiH4JV5PgaqBc32yp/kTEdNcVp9JyEqhuMmrlPB6zv2h2UYn3LWMmOqTfXpBTY5TtrFS5Y2JSPO0ST58d5CzRT364I/TizPZ+LTvq2qpN9fJd6wx9oDtdB9k190ffj8yYLduuxzb+ViX3fj+BTNoybf/hDmnuj2LM09I0AADQ0azxRmA7h1Mlvy2VytX0hrX8DZU55irPCP/VNrJI5GdR05tEmyMj0M3Na4T/Kt/ezWsDw5DkWKZNc/NiToysk6/e4XXOmzhUG98ok2OudLjUoYlzDRknmpu/c8VqwwDHsk2KvcmGnCXPafXOckkOLdv0PeXphHYs2ahgu+VNlEMbdbhsrmznD6jc8UBYZq9dhU99L+aFZtd+F4ywDIXwj8OOT0Ufq03nif5vS/uxa0Tu/xM7lmhjaSi7yFc3SfZCPfW9WI/EGwodvjG2Icb3ufnvcOS+jpwnqmSsviPW9Ba+q8646tF1fU2IIcOWr0mVL2lf1fc07ugBadIiX6aRFOpLbfmaZN8R/J5FlGl20c3st2b7YUNqoQ9uqQ+54Zo7RsPr2ebjoblzU9g64jlfhU0I9hVh8/i+f/5t2TRN2c4SPbf6YFznw1BVmu3E4zxvtZ2p9SJxsWRmybju61mCAdV6/2P3BS+q98zQdrh23RvxKH5W0X0xxlnteKGAarlc6+9Vvf9R/xutI88VzfWvki8Ybx9iU8T5Ldb3v5XzuG/ol+b60cjjv6Xru9jnXPmuL8p/q4+qHBp0uFSOiXO7+NpBirvPdpboudU7VS7ftcH38vx9gNT6fg9flxHVlq1eWzkj5vVXKbT8BOrV8rkz9t5JvuugGP163j0qtK/WgY+q5Ajbic2fI50qeW6jSh3LtCns+smnpWkAAOBGMHd1BSI4j+pguV2FT23Spk1hf08Vyq5SHT4hKXuQhqpcZ8NfwuA8Hzk4P0LyJspRelgnThz2DQPQ1fVplU1D7FLleWcz0506erBcjmWbtGnT3Ga2x/+43uESX9mJ/lKxjp2bVmv7MTnkzX1KhfZSbXyuRIGaZg8aKpWfVXPNZPNtmJJty5K1Xm2TrXGTpINHT+joQWnSuFgpL9kaN8nu/541V6YDahLreOgGfX67j4eY/ZVT5ztsw0/ocKn/fBvzR4yWtbR93eu78KTMNsl7Zaf//9fIvSfqsftYds9Tzfopqj9TI1POdKXEta4smcIzRgsGy+zPYvVcr5EyBkcuJ8fmDx4XypqTJc9fp6hm/by4hkl1XXFKabbgi7AkfxZrUjqhw6XS0EFx1K+V83hr549Wy7bat+RpoqNcB4+W+H6sTpqLqtb7bOfRgyp3LNOmTbEDjW1fdfuurdpXr5audbrHdVC4uL4DkpwlL2lnuUPLYuywlqYBAIAbI6kCq86jB1Vun6Qm14PZ0/SAQyo9fEJSnu4ptKv0t4FAjFMlL+1UeZOlwSdPEx2l2rixNBRgTGrZmvaAQ+U7X1JJ8FrYqZLnlui50AdhF8r+X+ajlpI30SGV7tTOcruGBJ+k9B87G3cEsx6lE9qxZIl2nNBNJr792PWyNW1RoezlO7U60Ah59/iCreGNcmKHlizxtVv2tAfkKN+pPwYnt7xdvpvngzrqn+ws+W3TxwI7Ykv89XoprB7Okue0JCxo3J1kj5sk7dyonYrRJ4eVsZfubLFMuzU5Hvx9vuOBpH7Esf3HQ9P+KnDD/ECHbXh4MOSEdqyO/1za0vew+3wXCpX+2H2yVL8WNk5qePDT97KqUGbsk8oo2q+M2aH5rTlZMi7tazkIG8Yy+kV/8LRQ6VMKZPKPyeratU+etAL1mlMYWtcX7TLOvBIMpJr7Bqb5693Sina/Ine9XdbA8gpeVK+wIQSSRyi7Lr44UCvncX9/8duwY+/EjiVaEusk38a+JW+iQ+U7dybdj9Xx9NnhP3g4S54LGwKkPTrg2qrN9Qpc6/wxtG5niZ5b8pxKnN3lOkjSiT9qZ3koUG8bYpdKDwe36cQfw/rmEzu0eqdU+FSM5IKWpgEAgBsmiYYCOKE3dpbLXrgw5uOkowumSj/9rUpmFcnhKNLSyu9q9RLfo3dTCwtlLz8YGqBfinhUssnji7EesWxu3uDkLhoKIKxuLZUKr3d0nUcXTJVKpYLR/u2KeLy8KxgyVK6dq5co8uFJuwrXFMkxulBrCtdrTdh0e+EaFTlsMgzJsbBQB9eslr/5NXXpGhX+bo12HipT4Wj/peToAk1Vqd62T/K/9ML3sc1/7GxcErpqn7r0Bc0d3fxjZJ2jmcd+w49Phf1/I/Y8EcdLi/uxa47m6O+XJMnmUNHSSn33pxv13JA1KnJky1G0VJXf3ahQM03V0hfmarRhyNBoFa4p1Po1S7QkOHmpXnDYFHriMGwdowu1dOp39VP/frAXLlWh/aeqDHxfwvoHW/4k2Xdu1JJS3/rCH4cMLNf3n6hHqw1DhhGoV+jYlL1Qa4p8L+wIVS3WvPIds+U/1eolB33fg04PGkbVx5avSXZJk/wvFQsdjKH90aRMc4uO3G9N++RQuaZ9lE2OojXS+jVaEmjwqUv1QuHornvEMa4+NNHjoelybY4irdF6rQltuJa+UOj/HsRxvmryCG14nzFahUun6rsbl/h/aLCrcM1STV3zUx08WiWHo7Xlt/A9NGwtbnuXDQVg8z26H844s0E1ES+Muk1ZgTFUVSP3ntfkmXmfLKMLpSPR0+UbZzXuYQBq5L5kU1rRfqVJvuEGgmO0PqPa9VJG0XJlFS0P1i0wxEDd/unqPTM0zfPXDXKPXi7rLU9KijXO607VvZgXtrxyuc/UyJrgGKsdOhSAJJWG9+s+9sI1esGRHVxX+HEWXo/Av1o+j9v854/oY2+0DEPKn2TXzo1LVDp1qV6Ym9dy3xLdLwX4ry9U0IV9kKRE+2ybY6EKD64JXjtr6lKtKfyd1uw8pLLC0cHRfGPv98h1RZ8r81psk5b7kuwE6hX73Om/1gk2om/dDpshw5aM10HNX/+ODvb9vn0S2J9Tly7V1NLfSYahskO+z5osY+pSLVXz014ggxUAgBvGdPny5WSJrAIAuhWnStdvkRZ2RSAYPZ3lV1/t6irc9Dzf+kNXVyEJndDOpUdU8NNCsgIBAABuck8//XSrZZIoYxUA0K04j+mgJukbtqiMLgA3Ba4RYzhxWG/fVaA5XfbUDwAAAJJJUo2xCgDoHk7sXKZlPzqoSd+YmvCLjwCg+3Hq7eeXadkmaUkhuaoAAADwMTmdTn5wBwAA3UrKS/e1Xgjt4lr0WldXAQAAAOgyzz77bKtlyFgFAAAAAAAAgAQxxioAAACa4BoRAAAAaBmBVQAAADTBNSIAAADQMgKrAAAAaIJrRAAAAKBljLEKAAAAAAAAAAkiYxUAAABNcI0IAAAAtIzAKgAAAJrgGhEAAABoGUMBAAAAAAAAAECCyFgFAABAE1wjAgAAAC0zXf3f07lqBgAA3YunsatrcPOzpHZ1DQAAAIAus+bMHa2Wscpk6oSqAAAAoFvhGhEAAABokVXuhq6uAwAAAJIN14gAAABAi3h5FQAAAAAAAAAkiMAqAAAAAAAAACSIwCoAAAAAAAAAJIjAKgAAAAAAAAAkiMAqAAAAAAAAACSIwCoAAAAAAAAAJIjAKgAAAAAAAAAkiMAqAAAAAAAAACSIwCoAAAAAAAAAJIjAKgAAAAAAAAAkiMAqAAAAAAAAACSIwCoAAAAAAAAAJIjAKgAAAAAAAAAkiMAqAAAAAAAAACSIwCoAAAAAAAAAJIjAKgAAAAAAAAAkiMAqAAAAAAAAACSIwCoAAAAAAAAAJMhqGF1dBQAAAAAAAADoXqzEVQEAAAAAAAAgMVaDlFUAAAAAAAAASAgZqwAAAAAAAACQIMZYBQAAAAAAAIAEkbEKAAAAAAAAAAlijFUAAAAAAAAASBAZqwAAAAAAAACQIMZYBQAAAAAAAIAEEVgFAAAAAAAAgAQxxioAAAAAAAAAJIgxVgEAAAAAAAAgQVYvkVUAAAAAAAAASIjVy1AAAAAAAAAAAJAQXl4FAAAAAAAAAAlijFUAAAAAAAAASJDVyyCrAAAAAAAAAJAQXl4FAAAAAAAAAAliKAAAAAAAAAAASJDVy9urAAAAAAAAACAhVmufgV1dBwAAAAAAAABIHtdaL2IyDFJWAQAAAAAAACCgqKio1TLmTqgHAAAAAAAAANxUCKwCAAAAAAAAQIIIrAIAAAAAAABAggisAgAAAAAAAECCCKwCAAAAAAAAQIIIrAIAAAAAAABAggisAgAAAAAAAECCCKwCAAAAAAAAQIIIrAIAAAAAAABAggisAgAAAAAAAECCCKwCAAAAAAAAQIIIrAIAAAAAAABAggisAgAAAAAAAECCCKwCAAAAAAAAQIKsN2KhV65c0dWrV+V2u2/E4gEAAAAAAAD0cFarVX369FHfvn27Zv0dvcArV67o2rVrysrKktV6Q+K2AAAAAAAAAHo4t9uta9euSVKXBFc7PPJ59epV9e3bl6AqAAAAAAAAgBsmNTVVZrNZV65cuTkCq263WxaLRYZhdPSiAQAAAAAAACDIYrF02XCkvLwKAAAAAAAAABJEYBUAAAAAAAAAEnRDBkJlGAAAAAAAAAAANzMyVgEAAAAAAAAgQWSsAgAAAAAAAECCyFgFAAAAAAAAgAQRWAUAAAAAAACABDEUAAAAAAAAAAAkiIxVAAAAAAAAAEhQUmasntjxXf307RgTrFkakjdJ9/z9PZqYm9GudTTPqdL1a7RThVpT5FB2u8t1NX89hyzVC3PzuroyAAAAIgHgBAAAIABJREFUAAAAwE3hhgRWO0a67JMKNCSshnUXjunYiTe15ZmD+uCff6BFt/fpuuoBAAAAAAAA6LGSOLCaq0lfnStHdCpo7VHteOZnevul/095TxY1nQ4AAAAAAAAAN1hSDgVg+P/XMAw1WVR6vgr/eYaOPL9Xv9tzSlP/3u6fUKvKg7/Rb/7wocqr6+SWZM0aotu/ukBzHEMVHDigtlKlu7bpDx+cVY07VpnAOl2qLXtDO3f+QccuumVNH6jb/25hzHLOj/6vXvqPt1VRJ6UPvF1/t3COHEMjhyqorTyo3/zmdzrySY3csiprdIG+9vDDmhRRLp5tcKp0/VPaNfQb+q71D/rZ3otS1p1a+MQ/6PYM6erR/9KWbW/rkxq3rAMLtOB//p2/ngYvFQMAAAAAAAA6SBJnrLbA7tAs2179/pNyOWVXtqQLf3xe635frSF3PqwFBTal15zV23/+g47sel516Wv0Pyf2keRU6c/WaVf1aM14+BvKt0nVR97Ub3atU6X7CT35pdzQOs7+Ts//LFcFDy/Qd2xuHfv9Tu3d9bzU539p4e0pEeV+9ss+yv/aAn0nq05H3vyNdq07obPfXaPCPF+52hM79ewLb6tuyJ16+BsFsrk/0d4//Fnb1h1T+XefUGGeL2Qa3zb4Hdymn+VOUuF3vipXdbrsGdLVwz/Tmv84Jg2ZoQUL8qVP9ur3L2xR1o1vEQAAAAAAAKBH6Z6BVWXJlivp2AVVS8pWuT54u0ZZU/+nHi/Mky+cOU7jCnK15V9+qSOfXJAm9pGcx3SwQrrzO0v19+P8ixqXr/S6J7XrgxNyfik39BIqt01ffeJfdI8/1jouL101//JLHfnghBbePi5UFbdNX33iyVC5iXnKfeZZ/f53BzWryKFslesPv3xbNSMe1uqiL/mXP07jJhXod8+s05s739WXnvyScuPdhuB687Xgu4WaGEx4Ldd/7TomjZijJwIv0xo3TuNH/1pP/XtFR+58AAAAAAAAoMdLzqEAjND/ib2odGX1l4LDBWiEZq3+sWYF5gkUs96i0UOkI7W1ajQMpWRlyWaVjvx+h/KzvqrxQ/soRekq+Kf1KgjO6597yFRNGBi2/sCyLlSryjCUHSg3epbuDC+ngZowdYh+//JBHbsyVVOrD+vdOmnCrLtkC6+bhmjGrNF6s/jP+uD8DM3KjXMbAlNG5GtEeth6L5zQh3XS+Fl3RqwnPX+WZtne1e8NhgIAAAAAAAAAOko3zVi9qotnY33uUq3zgs5evKiLJ47pgw8/1CcXJalGVyVlp9yuv1swXhXb3tF//OQdyZoum328Zs2apQn5uYoYFdWaEmsFTQ20qU/UR9lDRkh6XxeqJblcqpNNQ3ObLq+PbaCkT+S8Kik4CkEr29BcPa46VS2bpjZZT5ZsA+PbFAAAAAAAAADx6aaB1WpduChpxFDZ/J84j/xSm7Z9qGrfG59k65OrERPu1Pj39+r9sDmzC/5JqwuuqvLYh3r3z2/ryCfvate/v6vfjJijf318avOBy4Slq0+6JFf8c8S7DYlJkTW9zTMDAAAAAAAAiCEphwIILkfNDAVQfkTv1kkDC0b5Hnu/+q6K/+ND1U14RD+cXyBbMGnzgt58f6/elxH5eL2yNGTsXXpo7F16SC5d2LtJa1/+vfaeuksP2eUvFz1P088NSaq+qlrDUHjssvpshaSB6p9lyKhNUbqqVXmhUcbAyGzSq9UXJQ1Rrs2QcSX+bYhZvyybbDHX49SFCkljO65dAAAAAAAAgJ7O3NUVSFjdMe361V7VWcfqKxP8z89fLNcnksbfGR6QlHT2Xb1bHfqn69jL+tHKVXq5PHyBKeqTFf0wfwI+3huxDtV9ojffPCuNLtDodEn2CbozXXr/zXdUHTHjWe198xMpa6xG2+Lfhmbl5mtCVtP11H2yV3vjmR8AAAAAAABA3JJ4KICLevf1XTobVsO6ix/qw09q5FaW7lryDRUE4qEDR2us9R29+6ufKH3O/RqbVafq9/fq1SNn5QqbP2X0eI217tXeTT/R1a/M0J1DslRz9h3tff1DWUd8XTPsbahmVrXe/Lef6OxDX9aElLPa+/pefVw3Ql+ff6d/7FW7vvKtu3Rk08v6t5+c1UNfniCb+xNfueos3bVkloYksA3NG6JZ37hL74atJ73mHb36+w9V04bNAgAAAAAAANC8pBwKwDd3nSrefUcVYZ9b0/prxIT79OX7ZynfFraerAl6ZHmt/nPrq3q7+Ofaa01T/xF36v/53rdle+dH2vjOJ6psvEv9U0bp6ysfU/+tL2vf68V63z+W6ai7HtXKh/LV3zB8ww/4a2FEDAUQ/bn/3+Pnafmo9/Tz/yzWu/VS2ogJ+sdH56ugf2gYg7RRX9fK743Qyy+/qpe3viu3rMoadZf+8dGvqCA3zbcdcW9Dc/ULrOcW/edW33qUNlDjH/xHTXjv/+hP/vIAAAAAAAAA2s9kdHC07dSpU+rTpx2P1gMAAAAAAABAnK5evaqRI0d26DKLiopaLdP9xlgFAAAAAAAAgC5GYBUAAAAAAAAAEkRgFQAAAAAAAAASlJQvrwIAAAAAAACAZEbGKgAAAAAAAAAkiMAqAAAAAAAAACSIwCoAAAAAAAAAJIjAKgAAAAAAAAAkiMAqAAAAAAAAACSIwCoAAAAAAAAAJIjAKgAAAAAAAAAkiMAqAAAAAAAAACTI2tELTEtLU01NTUcvFgAAAAAAAACaSEtL65L1dnhgtb6+XoMHDeroxQIAAAAAAABAE+fOn++S9TIUAAAAAAAAAAAkiMAqAAAAAAAAACSIwCoAAAAAAAAAJIjAKgAAAAAAAAAkiMAqAAAAAAAAACSIwCoAAAAAAAAAJIjAKgAAAAAAAAAkiMAqAAAAAAAAACSIwCoAAAAAAAAAJIjAKgAAAAAAAAAkiMAqAAAAAAAAACSIwCoAAAAAAAAAJIjAKgAAAAAAAAAkiMAqAAAAAAAAACSIwCoAAAAAAAAAJIjAKgAAAAAAAAAkyNrVFeg4x/Xrbz+vfeEfjZyvf/vBDA1IYClVe3+sfy0+pZHzn9XKGa3NGVjndBX9fIFubX3hWvtEsU61oV6dJ8FtAgAAAAAAAHqgmyOwenybHn1+X9PPTxXrX79dmVCAcMCMH+gXMzq0dgAAAAAAAABuMjdBYLVKe1/2B1WnP65fLLg19PmPn9C2U/u0ftsd/s9jZGP6g7KBDNVYGauBz3xGasGzP1DMZNZARmpLZVrVNPN2+uM/1z/4N+v4tm9r/b7wz/zlA1mwYVmxC4YVa5t/QdEZuHFtU3B7FLVvAQAAAAAAgJ6t+4+xWvWR3jkl32P/EYG/AZrxg8c1XZL2HdLxti4+IgApSae07Ykfa29VdMnj+rU/CDn98bYGVau098dRwxlI2vf8tsTrfyoUVPX985fBOse3Tfu0PhBU9VVCv27rTgQAAAAAAABuMkmXserafHdC5VO+/C1f8G/YoBhjlt6qv50u7dt3RuerpFsTDnYe1+vFpxSe0RkISr7zUZVmBIcMOKPf/HiffPHdZ4PZpYkboBk/+LlCIxEEsm7bUv9AnQPLOKUzTkkD4t2mUFZsYPoZfyUSbSMAAJBcUha/1dVVAAAAALq9pAusJpWq8zojSSOn6DZ/UDNyDFan/7+ndMqf2jlsUMe8kirwyH+bBes8QLdNGalgBePepun6W3+AeMCgYZLCM1wBAAAAAACAni1pA6txZ1JU7dVISafOnFeVbtUAf5bnO1Oe1crbPtJvWglOVp0/0+66SpJGjtTIU6e07+W9+soPZsTIno1HILt0pBY8+3P9YkHg3y3N4g+UdiKyXAAA6J546gQAAADoON1/jNUBt+mukZJOFetftx2XNEAz/mm+VPyEHg2OETpMkYmkvkfrpSp9tL+FqOWAQRom37JfD4wvenybHv32t/XotvABR6er6Ac/0MPTo8omKjhebCCb1KkzzVTvjG8DVPXR/sRySePeJgAAAAAAAADNSdqM1fgN0IyHpmvb8/ukfc/r0RgZqiPnz5bvqfZsDRsp6dQpbXvi29rW6rJv1Vfmj9S+4lPa9/y3w14qNVILZt8qRb1S6tbZ8zVyX3HrWaunivWv3y6OrqT+7Z9amO6XPXSkpFM6VfyEHo1dpEO3CQAAAAAAAEBT3T9jVZJuXaBf/PxxTW+1oC+bdWTw39NV9HjLcw2Y8QP92/yREZ9Nf9z30qcYhfXP80e2PWs1MH9oRfrF49Ml+V4s5SvyT1oQUSSe7Y5eTQLbBAAAAAAAAKAJk2EYRkcu8NSpUxo8aFCb5w+M/dVx43ge16+//bzkf8M9AABAT9Xx11kAAABA1zt3/rxGjhzZesEEFBUVtVrmJhgKoDW36h9+/vOurgQAAAAAAACAm0gPCKy2zDAM1dbWqra2Vl7DUK9eqTKbLV1drZi8Xq8aGhpkMpmUmZGhjIwMmUymrq5Wh6I9kgvtkVxoj+RCeyQX2gMAAABAZ+vRgVXDMHTl6lUZhlcDc3NktabINzKCoY4dIKH9fPdbJplMktvt1uXLn+vzK1fUt08fmc03x1C5tEdyoT2SC+2RXGiP5EJ7AAAAAOgKPTqwWldXJ8PwKCcnR4ZhyO12q4OHnO1wJpNJZrNZAwZkq6rKqbq6OmVmZnZ1tToE7ZFcaI/kQnskF9ojudAeAAAAALpCjw6sXr9+XTkDB8gwDHk8Xnm9yX0T5mPIMHw3Y/369VXVJedNcyNGeyQX2iO50B7JhfZILrQHAAAAgK7QowOrHq9XKSkpcrnc8ni8SZ/dEmAYvnHYrFarvN2kzvGgPZIL7ZFcaI/kQnskF9oDAAAAQFfo0YN5WSwWeb2+G7DuchMmKVhfwzBksSTniznagvZILrRHcqE9kgvtkVxoDwAAAABdoUdnrAbewNvdbsQkdbv6xoP2SC60R3KhPZIL7ZFcaA8AAAAAXaFHZ6wCAAAAAAAAQFv06IxVKfIxvPbyeNy6fvWKLp2r1Im/HNL77+zRxc/OqtHtkTU1TYNHjNYd076sv502U31ttg6p982mI9ujM3XHOsfjRrRH4HHdcCaTKfjXEWiP1tFftR/9VXKhvwIAAADQ2Xp8YFUy5Hszb9tuagzDkMfVqHPlJ/TfpX/S0b+8r4uXqtRQe03yemU2m2Q1S4arThXH/lvlxz/SX4+8p68WLtAX8sbKam1bE/jqezPeiCXeHg0NDWpsbFRaWppSUlKaTPd6vaqrq5OkG/bGZdqjlaUYhmR4pIZLsla/pRTnH2W9/oFMngZ5MsfI1W+GXAO+Km+GXTKntjtgQXs0Mzf9VQejv0ou9FcAAAAAOheBVUmBe7C23Ix5PR59+tH72l38C53+9KSu1LnlNkzKTEuVS4Ya6z2yWkyymCWL2SxDHv1l/x5dvHhBjzz2/2rMuC8mvM6OypJJVq21h2EYamhokMvlkmEYev/993X06FFNnTpVdru9Sfm6ujrt3r1bKSkpuu+++4Kfm0wmpaamKjW1fTfGPb094luIW+arHym18hdKvfSaTO6rwUnWus9krd4vq3OPGoZ9R57sGTIs6W1eFe3RPPqrjkd/lVzorwAAAAB0ph4fWDWM9j0++HnVBf3pv/6Pyj8pU4PHrAaPSSlWi0yS0lNT5PGYVOf2yOPxymQylGKRrGaTTh37QLte+qUW/8uT6p+d3YZ6G2pnUk5Saq09vF6vLlZV6sTpA7pUXSm3262qzzy6XO3Rex+8pmNnmg4b7HYZOnfBLZNJ+kPJz4Kfp6SkamD2cI0a9rfKsd3Srjcy99T2iG8hXplqy5VyeotSzr8qea7LaDK8s0vWqgOSR6q39pen30TJRHtEo79KLvRXyYX+CgAAAEBn6/GB1ZDE72oMr1cfvVeqo/99RCZLiq43Gmr0SJnpFlmsFhleQ71SLTKZpEaTWS6PR41uQ4bFUFqvFP3l3Xe0540/6Gtfn5vgI7a+ut7cN2KxN67KeV4HP/pPHa38L9W5qiSzIYt3sMx9c3S67rQM1+cxFmWVJWO0JEMfXTwe/NhkMiuzKleXa/5ek744R9n9c2U2t+V9bj23PeLivq6U828o5fyfpIZ6GWouAGHI7PyLrFl/lCczT0rt38YV0h4x56C/uoHor5IL/RUAAACAztHDA6tG8C+Q6ZKIxoZ6/eVAiepcXnncXl1r9CrVYlbv9BSNHjFARz+5IK/X6ytsklJTLJJhyOuVZDKUajXrj6/+TjNmzZZtwIAE1mwKG5PtZroba7k9GhsbdfzUO6pwvi5TilP9+5hlTZFMuijpor9UrJtgQ9KJmNMN46KcDX/WuYsT1K/PgDY+ltkz2yNeJleNLBfelq45WwhS+LkaZK56X6Yh1fKm9GvT+miP2OivOhr9VXKhvwIAAADQ+Xp4YFUKvOjCMLwJZ4xc/bxaFz87qwaPVOf2ymwy1LuXRaNH5OjeqXnKSEtV6aGTkiGZJLndhjyGVx6PIZPJkMew6HRFhSpPlyf4eK0h3xJvxpuw5tujurpa1+qPKq3XOeUMtCqzt1nWVJPaM0SdYUiG+7yuXPU9ptu2x2t7ZnvEy+yuk+lKhQxXfNl1pitnJde1doyRSHvEQn91I9BfJRf6KwAAAACdi8BqO1y/ekWuxgbJZFF6iklDcvvrjr8ZrYn5ucq1Zej+u2/T0MH9dOSjSlWe/1x1dS41uqUGeeT2SG6PV2aZdbKsTF/8m4KEso964mODtbW1ysyo09A0k2zZVqWlm2Uy+25J28qQZHg9ul7Z0K6XnfTE9oiXYUhGo2S44gsCGS6T5G3/OhGJ/qpz0V91T/RXAAAAABLR4wOrvkcG2/byiLTM3vJaUmU1S18YZddDX39AY4ZmyaiplNddr3RrL82YnK/JE8fokrNG5y58rovOq6qqvqYr1+p05sJVHTtVJa/Xm/BN8s36souW2sMwDPVOT1ff9Gz1s1llTemYdZqUosrzKe164UlPbI+4l2HuJaPXMOnzc/GVT7lFhiW9nYEj2iMa/VXHo79KLvRXAAAAADpbjw+sSqGbmkRvjHr37a9emVlK6XVF9/zd13Tn9C+roeqk6uqdMpvMksmiRkOypJo0dGhvjRg+WPJ65KqvlTwNOvrpRa3432/I/oVRwXrEJ5DzdHPeibXUHrdkP6qRI9d2wEq8kqtWRt0Vea5VqfHqQZnPvC1v7wEy9RkiI7W3TGarZI4na6nntkdc81sz5R5wp0wXjkuN11subDLL0+92eVP6tyNQQXvEQn91Y9BfJRf6KwAAAACdqccHVsPvhRK9MUrtlaYx4yeqf1YvTbzzDpksvSRLmsypvWWYrZLJHBw+zWUYcrk98noMeRoNpZgMebxeDRk2TMNGjmzDTdnNeRPWUnsEMrS8Xq/q6up05coVWa1W9e3bV1evXpXL5ZLJZFJ2draqq6vl9XqVlZWlzMxMVVVVye12a9CgQTIarqnxzHsyVx6UyV0vc6ZNY3L7yGQ45Tn/idyfOOVJ7SNjUIGMnLFSrz6+tmy55h2/M5JAe74fAV5rplxfuF+m6jOylP9J8jTGLmiyyJszTq4Rs+Xt1bddGWC0R1P0Vx2P/iq50F8BAAAA6Gw9PrAqeWUY3jY93ipJd0z7kv7iviKrySOT2Sxzr96ypPWVt9ESEagwZEgej+RukNfVIHm9qq5x6+F5/6B+/W1tfLT2ZrwZa749wgMVn332mQ4cOKA+ffpo0qRJev/99+V0OpWSkqJ77rlHb7/9tmpra1VQUKBbb71V7777ri5fvqx5D98n19Hf6eqxPyl7xG0y2/JkMplk6tVbJksvWfoOVarXLbfzUzUe3SVX7yEyxvwPyTZaMjf/demJ7REvQ5KROUSm/EKpsVHms4elxmthURCTlNJLXlue3Plfl9s2Vl4jMGfb0B6x0V91NPqr5EJ/BQAAAKBzEVhV+14cMdT+BTVMnKaqS5eUlT1Yll69ZcnoGyoQfNmvIcPi9t08mS1yG1ZlDBqrCY6ZCb0EJrLON+eNWEvtEbgBtdvtstvtwc9nzZoVUe5rX/taxDyzZ8+WGmvk+ctWmc//VQO+cLtkeGXyuiSTWV7npzKl95dhtspkMsmc2lupQ2+Xyg/KdeiXMv7mG9LA/GaDFT21PeJehski18DxMu74jqy9X5W58ohM1y5KXo+MjP4yBubLfetX5R78N/Ja0zuozrRHNPqrjkd/lVzorwAAAAB0JgKrfm3NGLFaU2TPv13eaxflrrsmpaTJkm6TDMlwN0omk/+uyZDX0yg11stkMsvIyNUXCm5XWkZGGzNVbu6bsFjtEcj+8ng8un79uqqqqpSamiqbzSan0ymXyyWLxaKBAweqqqpKLpdLWVlZSk1N1ZXPq2U795oyyl9Tin2mDFeNPJfPSGaLTCnpMrweqeGaL2hhGPJ+Xilz31uUMmisvMffkvuvO2VMXipl5jRX4xu/U7pQuzOq3PUyf14h0+VPZWTmyJM3SzJZJZkkr0smb4PMFz6Q9fKn8vQZKq8tT97euXE80txsjdte126A/iq50F8lF/orAAAAAJ2lxwdWQ28QbvuNWEqvdJmtg9TgqlWq2SVLWpYkQ97G66H0GcMrb73v8URTSm/JNka9++a2463OHZOZk2xaao9AoMLr9aq2tlYXL15URkaGMjMzdfnyZdXW1iotLU39+vVTdXW16urqJEkZGRmqP3tIKRX/V9b0LKm2QqaMwbL0HyKTt15qaJRkkuG6JnklmQyZUtMl13WZLL1kzsqV+fTb8gz5Wxl5/yPmC2J6YnvEtwCvLJ+XK+XTN2WtfFfmaxd8wbu0vjJ6ZUkms0yN16Taapnqr0hmq7xp/eTtP1KukTPk+sI9Mqxpbax34tVNdvRXyYX+KrnQXwEAAADobARWw27C2pPh4rWkqs7jkdntVmpaqixp/WQ2p/qyvuSV19Uow5BM1nQZmUPkzRwk32CGbQ1UeHUzZrm01h6GYchTX6de1y5raN/esjQ2yNpYr9zcXLlcLlmtVlmtVuXm5srtdis9PV1Wi1l9jf9WelqDzH2/IBkNMnlrZZjNMjxuyWuSDJOvKby+bD3JJMPTIJmsMqf1lryNMpW9Kq/9S1Jq7xj16pntEc5sNjcpY7nwoXr9dafMnnop51Z5hk6U6XqVzJ8dkbmqTCYZMkxmGX2HyZN3r4wMm0z1V2S+XK5eH+6QxXlS9bfPl5E5MLhMk8kkr9fbSr1pj5bQX3UM+qvkQn8FAAAAoLP1+MBqxzHJY07TlWtV6mcyKy2rv7xmi+RplOFulMnwymxNUYO7tzwZg2WypMk3oCESYRiGvB6PGs6U6/P3SpUyxK6U/tm6eKVGdXV1SktLU2pqqi5evKi6ujoNGDBAfSxX1bfuI1nTU2Skpcoks7yeK5LMMskqQ2Zf5pf/z/D60ocMQ5LJIsmQyWKV6eJfZXIelzF4Ypfug2TkMdXoivuUUsxZSrcOkElWmSS5B9vVmLNYNa4KVbtOqNF75f9n796jqzrPe99/51xLV64WEhZgS5ZFjGXHjpMYDG65iX12kga3TTB0H2PLMEbbFHp23IE8zjBm2xg8MDlnILrd05rt7OwNFjGjBdO0NW6TvWuBRQsYHJvYwTIJWJa4WCBxFbquyzx/zLlu0rrquiT9PmMwbK011zvf+b5rvWvOZz3vO8l1zeT2ef+JKYd34j7zr3hn/R5X5q3gUtcv6fC1kGVOIy9jEePdd2C6cjBcWVhGOxZe2r2X8Po6GO+6G5c1brgPewTTeDUUNF6lJ41XIiIiIiIyUBRYZWAywGwGnW03+eLzD5lWNpvbppeSYYDf20nX9Utc/e2v6Pb4yB1fjAn9mvtnWYFMpdGW5RK7P4JTaw0Dy3Th72jD29mBz+enu7sbj8cDgM/no7u7G6/Xi9frxdV9jgyzHZfbB7Th9xv2DXgsN+DCsEwsyw4a+THA58fy4SSCmeDtxABMXzf+5jr8hd/oXesx2B/hvHTyxa1/5lLHUXJdt5NhTrQztSwvnb4rdHpb8FhtWJYP08jktqxavr64koKyP6Dp9vH86up2rnX9BsvyYBhuMoxx5LjzyXbnY2BnlnX7b9Dhu8z03EXMmrAK08qNXesx3h/J0XjVfxqv0ovGKxERERERGVpjPrBqBe6A3Y9AhWXZl0NeC1wuA6P1HHX/6zS5M8q4bVox3e2tXG/8lCxPC+NmzOKWx0+m20eGaWCafc8CG41rssXrj5ycHFpbW/F2dkDuODKW/CEZPi8u/EyaNIns7GwyMjIwTZNJkybR3d1NTk4OWR3tmG4/hmsCGF246MYkA8twYVkmmCZ+ywCfiYmBZYDfsJxMMBeWtw0DL5ZpYLRfivk+GWv9Ec5l5OAyMunwNtPhbY5bps/qpKXzJB+0bGH+Hf+Vo+efpMPXErbPbrqsbrq6r0H3b3u93m3mYJKV8PM6lvsjURkarwaGxqv0ovFKRERERESG2pgPrIZniPQlUGEBHX6DK90mV7phRqeH4ul3kDuxg6bLDTRcrMedlcPkyeO4PW8q3bj596ZWLnkN7pxgUjQ5i9ty3LhSCFgYfV/qcASI3R+33XYbly5doqW1jbzSMgqNUJtN6VFKfn5+8P8zvC5M04s5+X6M27+D/8I/YnQ0Y/m7APCTgenczNlvmeAyMC3s6bV+A8PXimH6Md0Gvij1Gqv9EWAYBi4ji8mZM5ma/TAe/y06fM10+q7ELdnn76LbfzMiSBGdQbZrCjnuAjKMcUzKuBvTyLDzu6LUaaz3R6JXa7waSBqv0ovGKxERERERGVoKrAazW/wpByq8QLPXxdlOFxc63ZRMdJPvN3FbOeTPmM7E0ke42dUNpkFuTh4Z3Vdxt12meMpt/O2xdj5vuMjsGRNYNHMyX5s+gQlZyXVH4M7Ho3PaYOz+ME2T6dOnc+nSpWB2l8vV+47XvXTDRNMNraewip+3i8TgAAAgAElEQVSEe36IcetTjPaL4PNg4MK68hFWxzUslxOxcIIVlt8H1i3IBMtrYuVMijLld2z2R4DL8JHVfZ57u7Mocy2izdXJxewOPm1/lxvd9TFL9lsWWAZ+f/x2uy1rJmU5C5nuyyWXLKwu8BgX6HTNsDP3etZ4jPdHLBqvBoPGq/Si8UpERERERIaWAqtE3kk4WV0YfNptct6fyXW/STsWJS4Dd94dWDd8+DJy6HTfRsfFv8b0NdA9fiFZEx4hJ+9+cjOm4OIMv718g4vXbvHrpuv83n0F/N69U5mSm5FEfelTYGWkiNcfEyZMwO/3c+PGDdra2hLebRnglt8i38rG7bmI//O/oWn8CjrcJbhdd5Pp9jDZU0e21WZPu3WZ+DGwMO0MI18HuLowsgz87gx8eV+JEagYm/1hGAaZvmbGN/wlGdcOYXhvkptZwKSCP8Qz5fu8f2lbzHL9ph/LAp8nfrvdc9tSyq6cIqP5AKanBcs9me4pS7CKN9BOrMDR2OyPWDReDR6NV+lF45WIiIiIiAylMR9YDa3JlvxrvMAHXhe/wU12pot2y+Kax+JIcxvmbRP5esGDGO2d3Lr4DtO7/gfZ49po7zjKjbavczX321gTy/mPd+fRdqOAD75o4WzLTfZ82InH52fZA9OYlB2/W0bz9Vei/jBNk8mTJzNu3Dg6Ozvx+XwJL0gzyMV/swg6rmC0/hrX1Stc77wLH7lMzmpjUtY5DFrBNDEsA8Nl2DeF8Xvwmx2QDZbbxJ9VhG/yrBh1Hp2S+XxkeFpwX6zB8rXbdyzvvEJG+36Kin7Ov3X+PzFf53Wyyzydvrh1uCP7m7gbXwHvDfyYwE3cHf8L9x3/GcuYGKPOo1O6jVff+2oht+XED66O5f7QeDW0NF6JiIiIiMhQG/OBVYi84UUyPjfcfGS6yc/J4HqXxSXLhy/D4IbPYO+FNj697OcR6xJ3X6tm8kQDw2eRnXGJ8cb/5lbnh1y79Q5fz/oD7lqwhPWdXXxx+TqXW9v4h4/PM3V8Jv9hZj5ZbjPJeo8+yfRHRkYGGRmJs+Vsk2k3l+BqO02m2cbUjCYmuJrx4yLDgEwMDMMETMAALFyGD7/pwcy0MFwGltukbdpi/BkTYjb8mO0Pnx9/qwcI7482sszJeOMEITyGDyzibgOQZUzEutmOFVF+N/j94Iq9luKY7Y8eBnO8mpTt5rv3TtV4pfEqbWi8EhERERGRoaTAatgdhJMJVNw0XNT6XbhzMujE4JzfS6vhJ8MEI8ugm0yutzThufkOt2d8iv+O/4LVdRHXlX1kWRfJzLrMxOwartx6n0nj/5LF9z7EG60d+Nq6aWy5zs9OnmfGxGweLByPYcS+QYy9zttovBJLrT+S0dXVxdXue7C83yGv8xDTxt1gnLsbO5fPsP9ZvmBzGvZSepgusEwDy7TonPggHVMXYdlXxr32MZb7w/K5sDrGgeUNPebKxuPrpLsj9tRnrzO1Nt42AB5vF/6uSRi+ztCDRgaW38Qyo9drLPdHuMEer/7h5DnuzsvVeKXxKk1ovBIRERERkaGVOM1ojEjmmtgCzmByI9NNjtvFlz4/TZaXVtNPq2lxy+Unw9tKXvMpim7+M7k+L2b9v2DmPIj37v8P76QK6Mwns8vH1HHdjMvJwu92Q5YbTBO/x8svz1zmYN1lbnXHz4oZ7QYye+e3v/0Nv/zoE8bP+k+0Tf8TvriZT6cvEztIAXbPWhjOPwwLw7QwXHawwpczndZp/wlf1jT7Fs5jULz+8Lin4Jn8O/jbs/C3Z+Jvz6Z7xh/y6/P/gKfTH/tflx/Lb8XfptNP3aV/xVP4e2HlZ+GZsgiPOWHMrkuYLuPVx/UtGq/QeJVuNF6JiIiIiMhQGeMZq6G7B1uWlfDGIp2GyReGgZnhwmNYtOCn1bQvd92GhcvvZfKFL5jWXEvhxCt4Z72I0XUR89R/xT35HvzTvo1v/Deh6cfc9Bfx67av8nZ9E1hg+S0Mvx+Pp5u6i9dpbi1kXEb0uLdpmoSmOo6mC7XU+iNZTV9+yYcffsi58+f5zre/RUbe41y8uZ/iCZdwGWEBIXtWLYbhhC6MDDzuadzI+z6dOfdhJxX1rtNY7g/DMOjMnILraz/AnX0n3LxI921FdMz8D/zyk+fjrkfoy/Bj+Um4ZuFHje9w96znyGUcGdcvYE2+E9+spXSa47H8vTPAxnJ/hOsagvHK6/FpvNJ4lSY0XomIiIiIyNAb44HVgOSmcV7zwTXDIMsw6bQsrvn9tGFhmuCyIPfKZSZ9/gH3eH9FrnsiNBzFmDEXf+mfwbUPMev/DldWNl1dmTRk/h+8ee4mNzu6sbwe/N0e/F4vls/gfEsr1251cVdeTvTaDuC00/Q0sMdnGCbt7W1cPH+e/fv3M/93H6U94zuMNz9ksnkey9uJzw9+y87ucrnAzJhEZ8793JqwgM6cWWDEXh9xLPeHZVl0+8A3aRZZC77KtVufc/rcL6j78Dmu3WqImzrmzbaDIN6u+AGpi82fsqdrE2VFS7nnG3/EpJwiuro8+HzRAxxjuT/C3fBrvBoaGq/Si8YrEREREREZOgqsErqWSnRx4/VbdHv9dPl8dBsGt3wWHZaFCbg7O5nwm0+Z2XSMkqlXcN+1HDJc+L+oxczIxrr9q/jzi7Au/AMXuwqp5U6OX7yJ1d6Br7UNq6sLfBaG38BlgRHn4tCe3Tl6L8SS7Y9kTZ48GY/HQ3d3Nx6vh19++Cu+9rUHycqaSX5mE6bnBl1eg26fSXd3F77ONnKyS8i+7ZuYGeMjKxWF+gO8Xi+mB+ov/jsn6t6go+t6wnJ9Hrs8rydRpp+fppbTtN5qISczj5wZ0/B6vTG3Vn/YfH4/3ZbGq8Gm8Sq9aLwSEREREZGhNOYDq5YVyhhJdGE8xfAxy9vNyTaTlkw37V4/3X7LXvnu6nXy6j/hIf9Zpty6hPnrf4WZv4NVvAR/11WsljOY3Vdp7czkk44H+NebPm5cv4mvtQOroxO8FqbpJn9cDgvumcq0idlxsm6MsDsfD3SLDK9U+iNZd9x5J1Py8/mivp7cceNobGxk0qRJ5OTeR4f/K1y/cZ0bN27YwYyuLLo6M5g40UepdY3Cadm4XK4EdVZ/AFh+g+yM23AbOVj+xIEK+4YtUWcrR+U2x5Hlnozljx80UX/YJmMN+niVl5ut8UrjVdrQeCUiIiIiIkNtzAdWA5kiyVwUZxvwddPHRE8HH3pctHssTL+fG4aBv9uL5bPwmllYfgOz4UOspjMY0+7BXzoX8u7H+/nPqW/J5N+68jnT5sHb7ifDbzA5N5fJk9zMmJjN7OLbmHt3PnnjM2PX2ArUeWBaIL0k3x/Jmjx5MnPnzqPpyy+5desWnu5urly5wpWWFn579SpfNDRw7epVPB4Pfr+fzMwMbp96O+PGjSO/oCCJQIX6A8Dn83F73lcpnHIftzqb8ftjZ2mlymVmMj3/QaZMvCfmlNoA9YctawjGq6/fOZnfnVmg8UrjVZrQeCUiIiIiIkNLgVUglYux8QZ8FR93WD7mu+ALv8V5H9zMzuF64Vf4x1+fo8Wby++Ov0CRtwmj/gOsL3+LVTCDm2YWH934Kq3jpzL3zgJyXS4mZbqYmpPJ9ElZTMnNYMr4TLIzXPZ9SWJOrTVG+Y0uBjZYYZomDzzwIF6Pl4OHarjVeouCggKuX7/Ohx/+kq6uLnw+Pz6fF7/fT1ubnZJkukxcLlfCeqg/bF6vl3GZ03h41iraO69xofkjrLhtklx7mYaLO6d+k2/cs5LczKl4PPEDIOqPkMEer/LGZZKTqfEKNF6lD41XIiIiIiIydBRYJTRtMNkLYxPIMyDPBUUmdFsW3sws2uZ+g88n5/LLX33EsQv1zM+7zKLx55jq+RLr0lk+d3+VG+Nn8gdfK+W2227DZYLbMHCbBhkuA8NebA2sBJd3zp2PR6fU+yMZWVlZfPPhh7njzju4fLmZkrvu4mbrTZqamjh79iw+nxfLsjAMg6lTb+drDz1E6cyvYJpGwnqoP0I8Hi9TJtzPf5yzkZO//VvON3+I25XNxHHTGJ8zlezMCViWn2ut57je2ojP5yUrYzwz7yhn8vg7MAyDju6b3Gq/xM22Jrz+Lu4qfIQH715ObuYMurs9iWus/oig8WowabxKLxqvRERERERkaCmwGtS3C5sMAzIMA0yYOGkCt8/+Jl8tm8Unp+r4+bEPeOfS7fzetCvcNa6d926WUHD3XdxVOAXTNAe4/qPNwF9oZmRkMGPGHUyfPgPDMJg0eTKPL1/B5cuXuXKlGZ/Pz/jx45k2bRoTJkx0ptQaA16PkSm5/rAsC6/HIsd1Jwse/L/B7MI03biMLLq7vViW3aLZOZk0XjpBTtYk/mD+X3JX4aN0dXYDdgZXZpYLr78Lv9+D5cvG67GSuGnMWKLxKr1ovEovGq9ERERERGRojPnAavjNLvz+/l8IGYbBxAkT+J25c3jw/jJ++dGv+MWvTpHZaTHrK6Xcf+89AP3al2GYBDJzRpuB7o/Y+7HbLjs7m6KiIoqKiqJuk0wbqz968/v9eL1gGC7stumIeL6z00PBhK/j7fJx+8TZ3LjeFvF8RwdORqQby0qc9RVO/ZE8jVf9o/EqvWi8EhERERGRoTbmA6sQuhgbaBMmTGDRgt/lm1//GpZlMW7cuIQ3FknGQE87TTeD1R+DRf0R77WxX9fV1dXn1yZ6nfojdRqv+kbjVXrReCUiIiIiIkNpTAdW7TXqILRU4OBc3IwfPz5in/1nr28YXONwlBiq/hh46o/0ov7oD41XydHnI72oP0REREREZDiM6YXzfD4/breJy2VimiPnosYwDEzTwO02B3X66VBTf6QX9Ud6UX+kF/VHelF/iIiIiIjIcBjTGasu077ZR1ZWBh6PfaMKv99Puia6GAaYpklGhpusrAzAwOUaPV2o/kgv6o/0ov5IL+qP9KL+EBERERGR4TCmz+LHjx/PzZttTJyYi2VZuN0evF5f2k4hNAwDl8skOzuT3NwsWls7yM7KHu5qDRj1R3pRf6QX9Ud6UX+kF/WHiIiIiIgMhzEdWM3Ozqaru5ubNzuYMCGbnJyssAuxdLsYs9dgc7vtm8m0tnYCLnJycoa3WgNI/ZFe1B/pRf2RXtQf6UX9ISIiIiIiw2FMB1YNw2DC+PF0d3dz7Vobfr8v7ddm8/v9uEwXOTm55OTkYJqjZ5lc9Ud6UX+kF/VHelF/pBf1h4iIiIiIDIcxHVgFcLnsLBFliqQH9Ud6UX+kF/VHelF/pBf1h4iIiIiIDDWlR4iIiIiIiIiIiIikSIFVERERERERERERkRSNgsBqE/tW5JKTm0vOin00DVi5x9k24GUORdnp7/1tueTkrmBfuh580z5W5OaSs+14jKdXkJObS4yn09vxbfZnJeq/bbw/XO/NBG0+ejntPSjH3ve+HNHv8cES/tmJaJiwPszdxvspFqu2DvsO7/G9EGibnNxcVqT0hRFeZu9/K/Y1DVu7p/33n4iIiIiIpGTkB1abDrPvgPP/B/ZxWBcrkmaa9q1In6DJnGfpaG+no72dQ5sBllL9ebvz2LM8Mtz1GxTH2ZauP2Icr+WFwP+/WJtyUE6GyfGG0PspvA+lnw7Q0Bj4/yYOB7/cU1XI8r3OuPb5GzwGsPlQcOzbu7xwQGqbbtLqu0ZEREREZIwY8YHVpsP7eBt4efNm4AD7BiyyOodn29vp2Luc0XkJJn1VuHwvHe3tPDsn8bZN+1ZQ8nRfgwPDYbS974+zLXdR2ga+3q99EVjKy5uXAi9yWEGRkSHsR7ymhuPAUh5bOqw1GjVeqA18CBppOACPLR2chk1lHB8JRt53jYiIiIjI6DDCA6uBjJbNzH92AS8Db+873CMzLXyaZu+pmva0vNC/ULZHz2m0kVMLt23bFjE9MTitcJ8zpbm/06mbwsrpNV0xxjE5rwmfMtlrumPEVPB0nY7YYxpnzGm3w3Psvcrt0VfBfj++LXih+8KikTLNPfJ9H/V9nbuN98PbMuJ93oe+i9j9tsj9hD0V8Vnt+dmK2rdN7FvhBFUPPE1J8PEk6jEkjnP4RWDpcp58cjmPER5UCqvnim1sizpVOtHz4UVFjlfQ3ynJ8fq55zTs8P7o0Xc9l4CIO+6lh8c2b+ax4I94znfQ0jkE43Nq6z7azMubCWVuO5nAc+YEWrbZOdawz2s/lhCJGMeDfbYvbGxYwb7j+2KOR/G+T8KXMIi1jMG+H8Z4Pm6/xHgvjMjvGhERERGR0WFkB1YDywBsXsAjzGH+ZnotB/D+tkW8wGYOBacEvsiisIuRRS/Cy4fa6Wj/nOql8MKi6EGWpn0/pOJAaNvi4y9GrdILDcXsbW+n/o2lcOBpftqX65umfay4+2nedqYu1r+xlBcW9QgWLX2D+p7HVDif5Uvh7ad/6hxD4KL/DZ6cYx9vzqIXeeyNz52p4AeouHu4gkqxNLFvxd1UHAjrsxcXORee6XjsTez74dO8HajToc1w4Gl+uK8J5jxrvw9w3jcjODUq4n3NiyzaVkx92Pv8h8H+idV3CT6LAQfmUBnl+fe35bLoxcCyBYd4+cDTlIR9jqP3bSHL9x7iZYClb1DfvpflhUnWYyg4gaPHls+n0Hn/Rl0O4MBxiv8qMEZFed8meh5gzpNULw3/4SkU1J2fcmpyon4Oe679EC9zgIof7qOJQuYvjxwX7RkHS6l+ck6CcS+NFBczB3i7oZFgVuXyBRQHnldb91lx8VLgOI1NgUzgzcxfEHi2gOXPbiY8szs4Y2XBwIytb++DJwPjOAeoWNRgj0eH7P0uSjjmAE37+OHTB8Keg7ef/mGPtj0Ay6M8n/C7P8Z7YRR914iIiIiIjDQjOrDa86LqkQWxlgN4kUW5uWxrXM7e9t4XHXaGR6OzJlu0dSbDMmPnABQ6F3i9BepSWGz/93hD6leqPY+rcP7ysAwpZ+24vcX8NDeXnLuf5u3gK52L6cCFpxN4fmz5fAoJTTte7lzd2+2VZtOPI4LlhAKm+w7TlM7HHsiILHp2VK7h91hxERB6XwfaNfA3kKDvAuJ/FkOvtYNX9lqWPQNTzo8oThCyb32boB5DILLePd6/4YLHHWObRM8T9lzgh6fwoG6qFU/Qz488205H+5M0rsglp8cyDPZYFsjMDfz4Ydc//riXTuaH3n+BrErn82FTW/dVUbAex536FocC1gBz7JkpEccU/F4eAHOK7T4qKnbWZXXaPfC3I5kx5+2n7yZnxT6Kn22nw/lRJyT0WjuYbK8tG7dfkhpfRURERERkqI3gwGqUiyrn4if8QuORJ98IXhC9sKjHtDsnswiAFxfFmb5vZyX1usgbZIH6BgKIdoZUYCrgIo6/8XnoxhyOwuXPBi88AxlKyyPSpA5QcbdT7iI767Yvwd9BF+iP3LupOAAcaKAhLY89PMgeKn+0zcScU5xCSChq3yX4LCbjwNOUOFNg7e6zM9ucJ5Pu237XY0D0zmIMBKkjlwOIlOgHm3jPhwdpegaG+iRGP9vT3u+mYs4hJ4syvBLLqQwEJXv8+BEQfdxLL4HMyqptLxItsKe27iPnB5W3922LWt+IH1V6BhoHwGMRAfJEYow5gXaHsDErtdkRcfslxntBRERERESGx8gNrAYuqpzMs/CLkIjlAAqdjLTgNObwaXlR7hwcnNYcrgg7qWRoL2DsZQfC/j07Jyxr5VCMrMjAhec2fhiWoRQSfhf4NL5DctgdnIN3rE/XY5/zbLC8Q84FdawlJcaEaH0HCT6LSQgstxD8F54FlkLf9rceAyFwJ/mwYHEgOBN1OQCHPT06dqA77vPBDLcfUtXnqelhovZzIGD8BvUxsoAD2X1VP4z240eMcS/NBAKnb8f6wU1t3UeBJX0O8DbR38eRxzRwywCkLvaYY2cSB5ZnAFJcbiRuv8QaX0VEREREZFiM2MBqYMpcYB2zjohASejGIuE3uyhcvtcJfM2hqLDHzSsKl7PXiYr1vpjrOcW2iX3boq+xOhAip3BGuVkSOFOk4f2fhk+HtwWWRHj7ALz8bOju7j2XSujfDVUGSc+1JqPdnCStjj3yZk+PPGuv1RsItkRMlR/t4vZd/M9ifD3XT+7R5nH71vlRJKg/9Rg4dhZj7wCKXZceU/mD62TGmPqc6PmgwBR1O2jVp6npkNxn1PkRqmnftojp6UBwOvfbBw7A5meDwfGkxr10EViqgljtqLbuq+LgBzbG+zj8mAZyGYAUxB1zIm5eNodnnR9tk8mGjdsvCd4LY+q7RkREREQkjbiHuwJ9Ewgg9M7ACWYS7TtM0/LlLN/7Oay4m0W5gUDoUqo/dzI8lu+lnhWULMoNXpA+9sbnREvaKVz+V1TvO0DFolxeYCnVb2yGA/0Mrh54mpLcpyMeeuyNz9m7fDl2tReR82LPei3nr97Yx9tPO69dupmXl77IC8cbaGKOffEeWIeu50XnnGfpOAQ5i+4mx9nty4d6rv02VOxplBXhDy19g/q9UfosmJE1Z2iP/cVQ+we8fKidJyMemcOz7Ycgd1FYX27mUPvyyPosyrVvurV3ed8CLCNCYZy+I/5nMYFHnm3nELksCr5nNnMo0JZx+9YJcDnvmZcPtfNsP+oxMJxMwyhBoUA23gu1x0Pj0NI3KK7NJWdRjLomej5McHxMcmr6C2Fjo20zh9qfjdvPzx7azAuLXnSe28zLmw/wwot28M/eYyCzvEe2YWG8cS/dBI4h0I6xl15QW6cm2G4xp/iHjmkglwFISbwxp7D3c2w+REcyX7Rx+yX++Dq2vmtERERERNKHYVmWNZAF1tfXM62w76fzntfKAchYWzNQVRoczl2BXz7UnhYXoyIy2hxnW+6iOEGSRM9HEbjruAIvg09tPWje32avs6zv374ZMedZIiIiIiIp+LKpiZKSkgEts7KyMuE2I3YpgKFmT/UL3eTGXstwKSnd60JEZBgFl1Dp69R0SZraerDEzvgWEREREREZagqsJumRZ+2bULz99N3k5OZS8vSBYZxGLyKSCntt2ZKnD8DSN/grDVyDSG09aI5vIyd3ES8ALx/STZtERERERGT4aSkAERERkTFC51kiIiIiMhppKQARERERERERERGREUKBVREREREREREREZEUKbAqIiIiIiIiIiIikiIFVkVERERERERERERSpMCqiIiIiIiIiIiISIoUWBURERERERERERFJkQKrIiIiIiIiIiIiIilSYFVEREREREREREQkRQqsioiIiIiIiIiIiKRIgVURERERERERERGRFCmwKiIiIiIiIiIiIpIiBVZFREREREREREREUuQe7grE4nmtfLirICIiIiIiIiIiIhKVMlZFREREREREREREUpR2GasZa2uGuwoiIiIiIiIiIiIicSljVURERERERERERCRFCqyKiIiIiIiIiIiIpEiBVREREREREREREZEUKbAqIiIiIiIiIiIikiIFVkVERERERERERERSpMCqiIiIiIiIiIiISIoUWBURERERERERERFJkQKrIiIiIiIiIiIiIilSYFVEREREREREREQkRQqsioiIiIiIiIiIiKRIgVURERERERERERGRFCmwKiIiIiIiIiIiIpIiBVZFREREREREREREUqTAqoiIiIiIiIiIiEiKFFgVERERERERERERSZECqyIiIiIiIiIiIiIpUmBVREREREREREREJEUKrIqIiIiIiIiIiIikSIFVERERERERERERkRQpsCoiIiIiIiIiIiKSIgVWRURERERERERERFKkwKqIiIiIiIiIiIhIihRYFREREREREREREUmRAqsiIiIiIiIiIiIiKVJgVURERERERERERCRFCqyKiIiIiIiIiIiIpMg93BXov9P89AfbqY3xbMkTW1i/MH9w9vzmD6iqhQXrXufJWYOyi36I3S4965v6cZzmpz/4gNmvryT25oH9L6Dy9ZXManmPrRv2UF/yBK88t5C+90gL7/3oJ/DHz7EwH1re+xHP76kf1H4etH0E2iTwd4ptMxTHDtHeH5F9IP3R43My3NVJmlPvfn+eRWTkin2eMdjfS4Hvv8D30uCfj42wsbrn+UW4EThut7z3I/47fzyo7ykRERGRvlLG6hhUu/0HbH2vJfj3rJWv8+PXUwmqxg5kh8ziyddf58cDegHSwns/2sCbYVcK+Quf48evvz4CT7ZP89OeFz31e3j+R+/REuslwyTy/dG7D0RERMLV79kQcZ4x2FI7jxnj6vfw/Junh7sWSQsE0UVERETS1SjIWA2Il0UQCAaVsPKJO3lzjx0WtDMqCAsUhZURlmG58s49vOlEEhNmYZx+kz/dHgo7hraPlu3Q+7HIE8gSVm6JzAoMZGUkPuYY2zj1q9/zE9673y67V6ZHj2MIZTeEB1VrqfpBLQvWvc63m5zMyQULoLaWekpYueV7nNsQPbvj1Js/iNqevTNOwrPi7udUsJ/qeXPDDzjyxBb+hJ/0ztrsmamxYB0/XhmoQajNVz5xjjcDbR2xTSyn+OkP9jjHH+ibsPdWsK+iPdbD6Q/scoL7depVf5RTLQtZmB/l/eL0S+/3YLR6Bbo7XpsuJD+J93mojC3c+bPefTDygtojT/LjQthnLyIrqccPIuHv9yTHuvCxZ8G6dYN0pCIy8sQ4zzh/BYj8Hum9fZLfyeHf6yVPUDkvsgaR33V9KHPBOl6542cRWbB90uP8I3Ic7f3DZPD5aN/vgXOxnucJwWZM4rylV3aqU0btB5xeOSvyfDdqnXt8/yx4gpXn9vBmfagPE55n9KFdAmWF77t+zwb+9KhTZszzVBEREZGhN8YyVuuDQVWA+j0/YWvEyVwtVT1/xa8PBRrsPzfw01g/9Pc80XO2/9M3TwOzmL3A3seJwOuDwbWHowRVnfpueJPg5hEXJk59U81wnLWSygV22eeuRH7NONwAACAASURBVHm+5T229jiGZLMb6mtrnYueedwf6+w2lfbsi2jT32q386e92qk2dLHlbJOoHvV79oRl6gb6Jp/755UA9Rw55eyh5RRH6onfDlPuoCRiv4EM39Sn10evV4p69ctPGMJkI4kj0bjQ8t6PwsaFet78yc84F1FClCzz2u29s8nivAci9wG125PJWhcRSfbcJd53co8ZHvV7qEoqgzGFMmu389+PJnM0cUQ5/wg/xzn9Zu/ZHsFxdtbDLADqj54KtsvpD+xGW/BwlKCqU+d+ZwUnqDOn34z8/qndk/qMlT60S+32H8U+B+nHeaqIiIjIYEi7jFXPa+UpbZ+xdofzf3YGZaTemV2BX8ntE/166nmCV14P+/X7XBMtzAr71TtURiDAUfvBaZ6c1TNLoIX3fuacBPf81b72Z7z3redY+LCd0XmuqQVm5fc4aW7h1NF6iJKh+PfvfYv1C69wopaIX+Xt+uzh56cXppRdMeUOOxAYqEdUMTIhnnx9HfTMsm0KNm5Ehlx0ybZnT/ksfG4L9MgEbXkvcqvTv7BP3kPZEIFMiN7t1HNttrjtEXF8gTJrOXF6JU/eP48S6oPZOS2njtp1mHd/7OyJ/Pt5tATq6+2lGZx3Qt/WbotRr4RNGllIjwxcJ/AecQDR+yDVz6yEhMavWBKPCz93LnojMnzCL1KdH3B6fSb2/ILTC8Pfb7HeA6d77aPnj0h6D4iMPfHPv0IBwWTPXWJ9J7e89zP7O7LXd13iOiZfpn2+1p8J54Hv/l7ngD97j28/t9BermBlaPvAeag9zto/vtfWhmatnLB/eWf2LFIYx3uo38PzP9jT6+GSJ75ln78lqPOVD8JneOXHX7u1j+3i1Cj6DJ+Fz/EKPdaTD5z4xThP1ffR2JSxtma4qyAiImNY2gVWB1cJjzophIHgYjD45WQQ9jpZXPC94Ile/sLvsWDPdmqd4GuEYJbiE3w7+NQsvv1ECbV7nBPnWQ+zgFpqj56iZeH9NJ2D4EkzVzhXD9EuUOrPX4GWJjsLLcpJcsKAYCoCAb/a7fxpsssfOOIGEgPC2zMQkIzWnn0SuhD5frC++Sz83gLe3B4IaAcr4rQ7zHIC3omrHggaO1mq9YHgdKDN7Kl1nK8n/L0WXT4Ln3udwohMnlqqfnAu9vIBKdcrhUKC2bWhMiQdJDkuhI07wXHK2a7FHmjs7PmIoeMcER+JWO+BKPsIjmUDd6AiMooEg2gJz12Cr4j5nXzlvPPDTpTvugS1SKHM0PlaXwXKDP1Y6qg/T/jvlLHWDA3U8cipFhYWBgKpTgA00Tie9Nd9ZAAzfp1bnPPUsPOZsB+Fk5WoXQLH/eaGH/AmkPBH5n6cp4qIiIgMhrQNrCb/y2MgM3KQ7tTaK4M1hvxC7iRKYDZCWEbCaexArLMMQOI6xBa+jlkyAie5dxZGe40d8FsYNu0sYl2rpPcSQ7LtCaELsqRN4c6o0fGBETtYGbjIq+XE6Yexr4biLAMQJpTBEmhve0mBhQt7bxu4sEq+XlGk3KaJKUugd4ZM6uNXHyQYFxJzfvCZ0q9CAL0HREay/o9ffTv/ss9dxgI7+MkvQmuR/vj1KEskhP34/t6dtST+gRaC43iszXqupx48x0hUrlPnvkj6PMMJCs9ayY9fXxkWcA6t4R99NlaC81R9H40pylAWEZF0kLaB1bQRvJkQoaljdxaSD0ReEgSCeuHT2wJTaEu40wleBH+Z3+5kSzw8q8frY12gnLYDt/1doL/lPf4+fHpZTPaan08Gp9yF2qFfwtvTmR7Wsz2DU/UCzyctn8I7gfrANGlnupyzRIMdSO77hVz90VO0LLSnIdrTs0PB6UD2be327UDi7N3ABUQoyyJWtkwgGyW0z1TqFSylz20qwyvJcSFs3AmOU458+0MRO6Mn0cVz4EejOPsQEYkqMH7EPHdJ/ONSYIZRYOp4PqHlSfpqMMuMHhA8zU8jzr0C2aDhAj++O+uYhv1Am3AcTyR/IevXne9189L4dYbT9uAfCsae/kXMJRhinWck2keois/x44UEl5pJvEzUIJ2nioiIiKRoFAVWo6/xZa/B1J+UrPqw6UlOkQ9HO9ELTTnvNd0pbPp75BTa8OBmKOux53HYJ6OhE+7I6XRx7jwPxGqXwPSyXqLcgMt+Qc8MTLvckie28Cexdh1V7PYMnHz3nuoWo4wF63jljshnZn3rCUpq9/QuI2KJhj7qNZUxrP8ipsclzjIJLoPQ61hDr7UDar3bK5V6Jd+mqQr1QcK7EksSon1O7WBqonEhEJAPjjslJZHLmgTGnCifieR+pImyDxGRpPT13CUkuLxJjPVC+yJamSUlycxxjz1Wzwr+wNrzHHBd2NqqMc5VHcFzGHr8QNvvcRzn5qW1VNXW8+ZP3uP+5xaG/Sgcrc6zgskA8c4hEp1nxN/HlJjr5fY817bLX0DlOqhK6jxVREREZGiYw12BtFfyBCsXhP+5JfYv7rNW8uN1CyIeKnliS4/Ak32RAfRaBiB/4XO88kRJr9cH9jdr5etURhbPgnWp30V+wbrXY2c8RDkGWEDlc5HrkPVZnPbMX/jHrAwresG6dUTWxA5ex5W/kPVbniCihgvW8eMBWMag5IknwupTwsot4RmETmAckju5j1bPiAvNfBb+cfjzC6js1S+J65W4TVOVRB/IgEo0LuQvfC5sXFhA5XPf486IrWfx5Os9+z38M51cHSojPrdP9PN9JCJjRf/PXWbx5JbI78OV/TkPiVJmyRNb+JN5/Swy2vd6yRO8snKWvb91CyIfd7at/SAsa9f5kbb3D7T9H8cBZq10yqjfw39/ryVBnYFZKyO+f0qeWBdxTmEfdoLzjLj7sG+K2bPMyO+470WWl/A8VURERGRoGZZlWQNZYH19PdMKC/v8+sBaOcO+Zl9gPar+Tr2PIrCuVqJpUTKy9J7eL2NF39co7K/Q3bF73bV5EMYuERl9hm/8GkbB2TmhZVZ0bpaMwHfOIN3XQCRFaXPdKCIiaeHLpiZ7FtIAqqysTLjNKFoKYKQI3bk+/hqnMrIE1jdN5mYTIgMlsK5w77tFJ1rnV0RkzJpyh7NkSs+p+To3ExEREZHUKLA6hEJ3PIUF6/RL/6gRti5tyRN/rBsnCKc+/XRAyrn/vvsSbjNr5RZWnuuxRt2CdcqaFpE+ab11a7irMPiyv8n/taaeyh1Hwx4sYtmGP2D6rVu0DlvF0l07nT4AD+1qJ0kD2cNdAREREbQUgIhIv/WcSvubRX+dVFA0nlOfftrvMkREEuk5fnVW/NMw1UREJDXZ1b8P6LpRRERsWgpARGSUaf/g9/r0utyH/3mAayIiIiIiIiIiA80c7gqIiIiIiIiIiIiIjDQKrIqIiIiIiIiIiIikSIFVERERERERERERkRQpsCoikq6aa3ipooKXapp7PLaTuoSvS7BNn6u0iad2DkbJ8cuv29mjHRKqY2dFBU8F/yVqj2be3VRB/w8tvJw6dlZs4t1Uqi0iIiIiIiIjhm5eJSKS5s7uOkBd+WrKkn1BSwNnB6kuBeUb2T1IZcfWzMVGoDj5V9Tt3ErN4vXsXl3m/F3BK5uK2b6xnILBqaSjgCUbq+3/bf6SBqBoUPcnIiIiIiIiw0WBVRGRtFbKqlXwys66YJAwXHPNJtbtssOopauqeKm8hZ1bDwLwys65PV7TzLubKtkViLqWrnICjXXsrNhKjfNw+fpqVpc5wciDzoNOkLK5ZhPrGlawe3VZ6PnSxZRzEFZUs7qsjp0Ve2Ex1Bw8a9e/aiNLCrAzaSt3OUHfxTxf7QSL63by1NaDQCnli3u3QHPNa3adz77Guw9sZElBeH3Dygk7zouNUDo/P/hI2epqJyBst8Hh+VW8VF5g73tvMds3PmBveCxQl0A7xN7+402VNBYtpuZg7+0bV1RRtNc+1rOv1fDgxmkciNLGIiIiIiIiMnJpKQARkXT3wFJWNe7tPaW8bifrdhXxfHU1u6vXU7yrkp11ZaxevxhYzPM9I3fNLUxfW81uZ/vys4f5uBmaa/ba2Z3V1exev5iavTU0N9fwdwcXB8suP9hj/3U7eSXw/NpiGiJSZM/SULyW3dXVPL/4LLsO1AF17Kw8zPwqe//bVzXyyk7n8a0HKV9fze7qtRQ19s61LShfy6pSKF21liUFzby7aSsNq6pC5WyqIbJpCliydhXsqrSXAej1fGw1jcVsD7TD1sTLKdQw16lHqd1uPepQSimr1pZDtDZOsk4iIiIiIiKSnpSxKiODYWAaBhgGFtDV7cNvWfj9FpgGpmHidptkulxkuE26PD46u710dnvp6PbS3tXNnQWTGO+6TvfV45jucRiuXHDlYrhyMFzZGGYWhpmF39uKmT0dfF34AcjAsiwsy8JvWVh+//C2hYxBBSxZO5+XDtSxZGno0eYvG2HxCidbs4y5i+HvvmyGabGKKaMsImu1lFVAwQPzKd21lacO2pmUuzcCNDO/dBevVBy0s1WrN9r7dIqqO2Y/XgZQ8ADzS6ExbFfF0+wJ9/nFpdCAMy3+LDWVFewKbnWMurlQw2KetwviwfnO9jG10Hi2lPlr7fLtujfQApFT/AvKeam63K7rzgrWVexysm7ze5UYrnT+A3Y5ZXMpZy8XE0Q/S4vt8gqmxZ/wH72NRUREREREZCRTYFXSkmEYYJp4fBaZGW48Xj/X2rpo6+ymrbObji4vnR47aNrZ5aW920Nnl/13l8cbtcwVC+4jN7OJ9jPbk6iAC1f2NMzsQvu/42bizi0mI+t2jMzJGK5MfJ52MLLx+/34/X4syxrgVhAJU1DOH1HBzk9W9b0MZ8p9+fpqdgem7Dtlv1Rd7jxfYQc6q1ezZGM1S5xlAgIBwaXx95BAlGn7dTv7VWIyylZXs3tpDS9VHqNudf+OoM9itLFWA5CR5QxvVe7g6Lw1VD0+M+zxqxx5dQsXv1tFxMPJlPhWJTuORnmi1z6Gmn1MJ2Zv4JlH84axHpGuHnmVLfth2YZn6He1rh7h1S0nmL3hGR4l7P/jlXs13nbp2WYiIiIig0mBVUkLhmHS5fVhmC5yszO52d5F4+VrnG+5yYWWm7R2dA9thSwfvo7z+DrO44lWXzMbM+cO3JMeIjNvDpnj78Fw5eLze7AsN36/hV+ZrWNe7sP/PKDlla1ez7GKrZzFXoi0YFoR7DpG3eoyyqjj2EEoXp/g1kylq1haBtQdowZYhb1O69+wlpfKV7O7qpiXKhvs9VBfgz/fWM7q6iqKNlVGZKSWzV0MW519N3/C4bMJ7i1VMI1idvF3NUt5qbzAXqv18Hy2b5xLOVs5VreasrJmPj58NsHdnvIpKj3L4U+aWVJeQPMnhzlbOp/IPFQ7GNywylkXNXjsxeRTAEVwtsHOca07dtBpBdvZw5/QXF5OQd0xaiji+YL42ycrahuLjFRH3+FI+QAE9gJ6BlGvHuHVLTt466HUA7Wj21U+OwHz5sGJz67yqIKXIiIiIsNOgVUZFqbLhcdngWGQm5XJhSs3nSBqKxeu3MTjTe+gpOXvxNd2Bl/bGbouvgWA4Z6Ae0IZ7skPkTHp62SMuxt/1zUsMwsfOVpCYIw59emng1BqGUtXlVITmEtftprtqzaxrqICcG5eVQY0F1PKrt43ryqbS/nZrc60+FWsKj1IYwssKV/L/E2VPOWUW76+mrIC+PP5m+xtwZ5GXwbNX4b2/fziCnupgNLFlJcmrvvqqlW8VBnYz2Kery6nAFi9frGTxVlK+eJoBRUwvQjO7nJuXrVxPY0VvcuJva/AdqspAArmLoatThbu4si7ZZUWNfA3FRWcDbQDQJzt4yqYRjFn2fVaDds3Rmnj5EsSSStFRbB/9xHufeZRBiW0l/co3523nx0nz/D4TEVWg87UsJ/ZbHjoIlt21HDm0cfpV+vkPcozVY/a/391ICooIiIiMvYY1gDPX66vr2daYWGfX+95zV4TL2NtTYItZSRxuVxYGBiGgWUYXGhppeHSdS5caaXp2q0hqcOKBfcxLfMLbn78F0OyPwAzewaZ+fPJKliMmXMnvu5b+M0J9tqwMmoExq2AMTd+NdfwUuVh5ldtZEmChFkRSS89x6/Oin+Ks7W9FABr1sCOHVxYFpjy3XspAHvKupPnXrSMDTGCsGfeqmQHvaf993w8bnlXj/Dqlv1OVn1RxDT5iKUGwjJjz7xVyTvMg6NHaQyUF15O0TzmcZQLgWntZ96iMlhQUZyp+HZb7A+m+M9jTZUdAE24z7jlOq+fvoFnHr3q9IPT3mfewv4zEGjtMSU/ou5QFOi3eEsBRNQrrO0Cr1k2g/37j0aWF2UpgFjtLzIQsqt/HxiD510iIhLVl01NlJSUDGiZlZWVCbdRxqoMGpfLhWWYuFwmdY3NnG9p5UJLK9fbOoe7akPG33mBzvN/S+f5v8XImEzmlN8hs6Cc7EkP4eu+id/IwedTJquMQM56rQGlq6oUVBUZM2by+Jp5VMbKmjzzFlv2z2BN1TPMdIJtW96amnxQ7eoR3jkK89bMjFKeHawLlXeGt7bsZ8aaKp4JBBm3vMXUqsfJO/IqOy4sY0PVo+Q5QeFXp4eCfo1HYU1VVSgYuXs/LNtAVTAYCUWzsfex4wLLNlTZQcczb1EZI2P36pHd7J+xhqpnZhIINL5zpDzGPmPXvXdLneHk0SJmb8gD8ihfVsSWQEbvzIeYxw5OnnmcmTOBq59xorGI2U/lRa97wmxXuy2C9bp6hFe3OMs/2EfB/hOz2VBV5QSGt/DW1N7LNlyNaH+7LV49ovVXRUREZHRRYFUGlGmaYLrIcLs439LKB7+9yOdfXhvuaqUFy3OdrqZ36Gp6BzDJmPI7ZE39D2SMKwXXRHxWptZlHSUGahmA+++7b0DKGRRlq9ldvXq4ayEiw2Xm46yZV8mOtx6i6vHIQNmZk0dh3honcJfHo9+dx/4dJznz+MzowbyjO6jscQOromUbgoG6MyePUrRsQ/C1M8uXUbTFKe/MSY4yjzXBJx+nqgrgKkdONFI0+ykn+DnTDkae+IyrjzrT3+c9FKpPRDASmFnOsqKjnAjWqJH9NWd49PGZ9j6eid4seY8+Q1Xwr6tcbARmh20Qvs8zJzlatIwNoQNjWdGWUIA03JmTHJ33Xaqc6uXdO5ui/YE2nclD8wgtnXD1Io3zvsszefZxPx5W2auXLwAzolc+dBQ8+kzoKLh6kV6H8V0nqByxbEP4++Aqn51oZN53n3Ha33kfvGO3v0KrIiIiMloosCr9ZhgGptuNabq4crOdD8+c49OGZjTZPR4/niuH8Vw5DEBG/gJy7vg/ycgtwucz8PqGuXrSb/0Nig7OGq0iIgPHDnDu4K2HNjA9+OhVLl+AotkphM7m9ZzyP4PvBrMa7fIaj26hcn/4i4q4fBXy7J1FCdTZQc0Z302yHlcv0sgMQpvnMTUYf5zJ41VroDIsABxrWnuPJQOK4tyM76p9YGyJPDCKLl+FHkHKI+8chcajvQLQgWzY8GAzJ48y76HHQ68NW5qgKF6FIg4jbAp/UVGPewoWMT2sennTi+Bir6PjYiMc3VFJZJXncRUUWBUREZFRQ4FV6bNAdqrPgiOnzvNpYzOd3d7hrtaI5GmpxdNSi5k9nezp3ydr2mNYvm68/gxlsY5gP280+/S6bxepz0VkBMh7lKeWnWDLOzXMCz3I1BnQeLFv4bO8R59hzcVKdrw63VlH1S6vaHaMKeT2zqIE6/KYXgQnegUpY+14OkWcILS5HdANRYxn8nhVFY+DMzV+B2891HP6ux0A7bXmaKxd2gcWc/3ZULGfcaJxXtgaqs7DR14NZuDm5d3L7KL9nDzzEBydRzCueqaG/eGvdZY4iOvqEd45Grbeq7OuaszNLzZGedRu/3nf7b1EgIiIiMho0rerfhnTXC4XroxMWrv8/POJM7z29gk+PPOlgqoDwN95kfbP/5pr//4t2s9sx/Q0kuX24XIbw101ERGRXvIefYplHOVoWGxt5kPz4OhJzgDBbMvwKfAJzHx8DfMa97P7yNVgeY37a5zy7IBiZeVb9t8zH2IeRzkZepJXK1/lyNU87p1dROOJz5wb3p+hZn8jRbPvjR7EzLuX2UX2dH+7nM840dizzMC2U5nRI2sznB1UxglqxjvQh5jXuJ+aiLpX8taZyM2ufnaCxijtl3fvbIoaT/DZVQD7eI/u2MGFZeU9tr3A5asQ7IukNBI6jLCbWDnPhdrJWQ/3oV61s+vzzhECzXbmrUoqXw39LSIiIjIaKGNVkuZ2uzFcLhov3+TwrxtovtE+3FUa1bpbDtLdchAz506ybv82OXf8EV5Pt5YJEBGRNBJYQzUsYDfzcTYse5UtgbuoFi1jQ0ppi856qPsDN0XqUR5FLNsQyN6cyeMblvHqlkoCz85b49yoycl+DU61n7fGvjFVrON4Zg0Xg9P95zFvHlwAyHuUZ9ZcpHJLJYFJ+0XLNvB4r6ICbeGUMW8Na+YdZUfM7N3edQ9fW9ZmB4SDN/KK2J2dpRpY+zXv3tkUAbPvDduXs27r/i2V7KeIZWuWUbTDycyN0RLBdVOdafzz1qxh3tEdhA6jiGXTT1LppL72rnOgmB7tzzzWVGl9VRERERldDMuyBnQpzPr6eqYVFvb59Z7XygHIWFszUFWSfjJcLjo9fuqbrvPvp87R6RmZmakrFtzHtMwvuPnxXwx3VfrGzGZc6Voyp34br8+Hz6tVbNNFYNwK+M2iv+b+++7r11IApz79NL1vXiUio0LP8auz4p+GqSYiIqnJrv59QNeNIiJi+7KpiZKSkgEtszL4w35sWgpAYjJdbjKzszn5eTM/+flHvHuyfsQGVUcFfydtv93O9WPfw3/1IFlZLlwuLREwJjTX8FJFBTvr4m2yiafibRChjp0Vm3i3ue/lpbY/Z687K3ippjmp/YuIiIiIiIikOy0FIL24XC4Ml5vPzrXwrx99js+vzMh0YvnaaPvN/0v75/+N3Lv/nOyChXh84PPqhkejVfMnh2HxYhqO1UFZ2QCUWMbq6o1xtygo38juOM+3NJxNcZ/NXGwEipPbv4iIiIiIiEi6U2BVgkzTBNPNhaut/OKDs9zq7B7uKkkclvcmbb/ZSnv9fyO39D+TOekbeK1s/H4FWEeXZj4+DPPXLoXXXuPd5o0sKXCeqtvJU1sPAqWULw5sX8fOir0UrSpi1y77uVVVK2is3EoNULqqipfKW+xtqjby4CebWNdQRPnBg9QALF7P7tVlNNdsYl3DCnavhp0V9msBytdXs5qdvHIQYCs751ZRtLeSxqLF1BxsZFXVRpa0BOoVes3SL19j11ng7Gu8+8AKGivt/S8paObdTZX2c5Tar3ces8s8GNrvQMSURURERERERAaIlgIQAAyXmxudXv72vV+z/9/qFFQdQSzPNdo+28yNk3+Gy3cJt1uB1VGl+RMOF61gSUEBD86Hw58E5s/XsXPrQcrXV7O7ei1FjeEZpGfZ1TCX3dXVPL/4LLsqjzG3uprtq0o5e/gTes3APwhzq6vZXbWK0oN7I6boN9fspWbxenZXV7N7/WJq9tbQXLaa5xcDi9cHg501zGV3tR30rcPe925nnzXH6igoX8uqUihdtTYUGAbqdlayqyhQfhG7KncSWGCgxiln+6pSe78D2a4iIiIiIiIi/aTA6hhnulxkZGXx8w/OUv2vH9N8o324qyR9ZHU1ceOXT9PV8BOyc3JwufTxHg2aPzlM8Vw7elnwwHwIBEbrjlHDYuynCnhwfmnE68qd1+QXl8LiuZQBBdOKou+ktJh8gIJp9kz9MAUPzKf04FaeqqhgJ6vZvbGcgqhF5Af/v6yszM6mrahg3a54SwbYywME6krZXMpp5GJzZJkx6y0iIiIiIiIyjLQUwBhlGAaGO4PPv7zGO8d/O9zVkQHU9eU/0PXlPzLhvpfJnPQ1PF43lqV1ckemOg7sOksNFYTud1vKx83lLBmqKhSU81J1ubPsQAU1LOb56tVxXuBM7WcV26uroWYT6xqGqrIiIiIiIiIiQ0eB1THIdLnxGwZ//291XLzSOtzVkUFh0frpf8E96WuML9uE33Lh9bmGu1JjzreL+rksQ90xakpXsT0sS7S5ZhPrDtSxZPVcytnKsbrVlJU18/HhszAIiZ3NNZv4G9byUvlqdlcV81JlclHS8hXlFNDMu3HrVcD0Ith1rI7VZWVOFm4RzxfAxQE7AhEREREREZHBocDqGGIYBqY7g1MNzbx7sn64qyNDwHvjV1w/9ofk3vUnZBQsxstklLw6NE59+mm/y6g7dpDS+VURU+8LHphP6a5j1K1ezer1i50s0lLKF5fGLKc/CsrXMn9TJU/tsv8uX19NGdBcXAq7nJtXRb6CB+eXssup16pVi+HwlzRTxvQiOLvLvnlVQNnqKlZtquSpCgjcvKqMZgVWRUREREREJO0Z1gDPEa6vr2daYWGfX+95rRyAjLU1CbaUVLhcLgzDR0NLB/9w5PRwV2dYrFhwH9Myv+Dmx38x3FUZFkbmVCZ/43U8PgO/lTnc1RlVAuNWgMYvERkpeo5fnRX/NEw1ERFJTXb17wM67xIREduXTU2UlJQMaJmVlZUJt9HdbcYAw+jm+sUj1L4xn5LbJ1M8ddJwV0mGgdV9mWvHvofV+hEZZsdwV0dEREREREREZETTUgCjnGl08cVH/5Pzp/YA8Kuf/2e+/52/5i///tgw10yGS9tnm8i8/TuMK/1zuj2mlgYYBAOxDADA/ffdNyDliIiIiIiIiMjAU2B1lLIsL9k54/nlP/0ZN5tPBR+/dvF9rl38gKeWPMjudz8exhrKcOq+9C94r3/IxId24PW78VsaCgZaf4OiAxWcFREREREREZHBoWjKKOT33MDyd3BwTznQOx3xV/+yhgWr/p2HSm/n5NlLQ19BSQv+rktcf//7jL/3f9PYtAAAIABJREFURTImfh2PP2u4qzTq/Hr58j697qv79g1wTUREkjNh/PjhroKISFI8w10BERERtMbqqOP3XOf6l8d5/63lRAuqBhzb+z2WPHT30FVM0tatzzbT8cVrZLo6h7sqIiIiIiIiIiIjhgKro4hJF40f/08+O7w54bbd7Ze5+JsD/Ml3vjEENZN01335f3Pz478gK8s13FURERERERERERkRFFgdBQwDsnOyOfnzP+fiZz9L+nWf1b5EptHJwgfvGsTayUjh72jk+rHvk5XlwjCGuzYiIiIiIiIiIulNgdURzrI8+LouUfOT2dy6cjrl1x95cwkPf2UablNvBQHL18a1f/8WGcYtTDP2UhIytOp2VvBUReDfTuqcx5trNvHUzjqgjp0Vm3i3uQ+FN9fwUliZkU9tCttvBS/V9GUHPdTt5KlNNQxASSIiIiIiIiLDStG0EcwwfHTdOMOxfY/3q5yzH+zgz5Y+PEC1ktHg+vEVmN0NmIZ3uKsyxjXz7qYKXmE9u6ur7X/r4ZVegdAyVldvZElBH3bR0sDZqLuu4W92waoqZ79Vq2BXJTujRWBTUbaa3RvL6UtVRURERERERNKJe7grIH3lpfXyR3z8v9b1u6SGk/+Dwnt+n8ce+Qpvv//bAaibjAY3T65lfNkmXBO+hs+fOdzVGZuaP+Hw2cU8v7Es9FjZarZX1RGZ8lnHzoq9FFXZwdW6nRW8ctB+pnRVFS+VF9Bcs4l1DUWUHzxIDcDi9exeDTu32hu+snMuu1eH7aelgbMU8UeBCGhBOS9Vl4eqVrOJdbuckOzi9fZr63by1F4o5yA1Bd+i9Fg3f1S9mrLA9ofns31FA+v2FrN9YzkFdTt5ytl/sAyi15/mGl6q3OUEgUtZVdXHQLKIiIiIiIjIAFHG6kjk76St5eMBCaoGvL/3D/jKjDwKbxs3YGXKyHfr/2fvzuOjqu/9j7/nzEz2QIAECGoiDKBBQauouISawVp3vVbR1pImansramnJ7RLa+wMerdANWnsr3ZuY3C7Sq23VurUktbEaBS0CkrpEIOxM2LLPen5/TAJhzzIzZya8no9HHj44c873+54Y5vHIh8/5nIaFCu3/h2wBbty2gmd9nRpd+co+6nhOToFyTlBU9NQs7tXhWq78yhWHRwTUSjO6u09dtSu1ylOg0vIiSUVa0LuoKkkFpVpQVKsl3WMAjuhUbagIF0mrqlRdtUwlTUsPv97YpLy5Vaqee60KXbWq7z7evKVR7tm9O1UbVLG0Vu7yI9c4Uf6GZyulkmWqrqrS8hKp8tnBts4CAAAAADA4dKwmGDPQoY6D7+ntF+dFfO13ar6uu65+RI/+6fWIr43E1f7+cqVO+Lyco65RwEyzOs5pJSc3r9/XNG9plGqXak7t4WOu9R5Nk6SeIm1OrvL7sFZBaZWqS9XdLVqsOd2dotN2NkmNtZpfXHn45PoGlc6QpDyNy5GkHE0rdKlup0cqaFZ9bZFmlEqHB8Tu1BYV6a6C8LmzFlZJkhrqj59/0YwiNS4t05zKcIbqw82zAAAAAABYgsJqAgn5W9TV1qS3X3g4Kuvv2fRXnXn+Pbr76vP1+79viMoeSEydH/5UNhmyj5yloFKtjnP6yM6Xq3GLmqUjZpI2VBTrifxlevAElx26fb4XT80gcnSPAWioKNYTPUXaXrfuHw5Wf+RlUwulFevlyd2imqIZKu3jdsfLL5Wquqo0PFKgrFiVrpLwOIEBviUAAAAAAAaLUQAJwgy0y9exQ2ufeyCq+7z1TInGZqWq4Kyjbz7G6a7jwxUKHayXXZ1WR0kY5//hDwP6OiRnqgpdtVrS+z78hgotqS3SXccUHsOy811qrHy2uzG0QRVH38bfR56axZpzzEOypPzcnHAnbe3K7hED4QdsLao5zriInKkqVJ0eW1kr94yjirA5ucpXz6iAw2ucKH9DRfi/Oe6Fqi4v6v8bAgAAAAAgwuhYTQBm0Ct/12699exnY7Lfmj/N0fW3/1YNW5tjsh8SR/v731P6uf9PRsaFCinF6jhx7Z2NGyOwSo5mLVwmLS7TnOKeY0Va0PNAqONd4V6oBVuKtaQ4fC+9q2SZFhVInp0n2CI7Xy5VHvPwqqPX6b2WVKrlJd2do1K4e9Wdo2OqsMrRrNl5qlya133Lf28FKl1W0j1iQJKrRMvdOcrR8fOroFz1xd3nyqWSZaV0qwIAAAAALGUzTdOM5IKbNm1S7tixA77evyI8OM85dzD3rQ4dNgXk79ytN566O6b7njfru0rOuUK/evFfMd03mmbPnKLcpM1qWfdFq6MkvMzzvyulTlbQTLI6Slzo+dzqwecXgETB5xeARMXvjQCA3nbu2qXx48dHdM2ysrJTnkPHajyzmQp698e8qCpJ76z6igqLX9aMgjNV37At5vsjvrVu+IqGXfhjGc48hUw+Ro4WmW5V6bwpUyKyDgAAAAAAiDwqInHKZpMUbFX9H263LEPd/86S+956Cqs4rpa1Dynz/O/ISD1PIZNxzUcbbFE0UsVZAAAAAAAQHRRW41TIu1ev/eE2i0MEtGltpR646R795Nk11mZBXGrd8FWNvPJFdXmDVkeJS7P/fNeArlt56xMRTgIAAAAAACKNNrM45LQH9fZL86yOIUnatObHkv+APn6xy+ooiFMH3rpPSc6A1TEAAAAAAABiisJqnLGZnfpgzWPqOLjF6iiH1P/+ep1/9mgNT0+2OgriUKhzmzo++JGcRqfVUQAAAAAAAGKGwmo8CXnVsmedtm/8g9VJjvHvuiX6zMcusDoG4pTP8zf599bJbvNaHQUAAAAAACAmKKzGjaDsdmn93/7L6iDHtePdp9R1YLPuuKrA6iiIUx2NP5Qt4JHBp0rkeGq0qLhYc476WlTjGcBiDaooXqxVA7k0LtYHAAAAACC+8PCqOGHIpzVP32t1jJNa/ce7dPW9r2v82Cxt2nXA6jiIQy3/+pxGXvVXdXX5rY4yhLhUsmyhZuUMdp0ClVYtjEQgi9YHAAAAACC+UFiNA0GfR5verlRnyzaro5zS2ufm6j9u/KmWP1VvdRTEqQNv3qfhFzwmb8BudZQhrkEVxSulIqmmtlFHFGAbKjRnaa0kl9xFUo1mq7pUqiheqbxlCzVt/WLN35Ind22taiSpqFzVpeFu9IaKYi2pDe/gKlmmRe6cEx731BxeZ0vJA8qvfOkU63u0anGZKhslFRXJXdukvIgUjQEAAAAAiD1u2rWYGWxX+95/a+d7T1sdpU8O7HpTe7fVq/iaaVZHQZwKdTapfdNP5DB8VkcZIhpVWXbkKICKhsOvbcmfq+qqKi0oalTlsw2SGlSxtFbu8ipVV81VXlPj8ZetlWZUVal6WYlctSu1yiN5ahZricpVXVWl6qpy5VeuOOnx3usscmf1Yf0VqlSJlldVqXqGwkVXAAAAAAASFB2rVrLZZLcb2lCzwOok/bLuxYc1s+Sf+ohrrP7VuMvqOIhDvt3PKXXcrTKc+QqFQlbHSXAnHwWQnxt+ITvfJW2R1FCvGhVpQYEk5WhaYffxY5bNV7Yk5eQqv/tQ85ZGqXap5tT2Om29R+NOcHxa73VOub5H6+oa5SqcqxxJKpght5r69B0AAAAAACAeUVi1kMMI6I2nSqyOMSD1T9wi9z0vUljFCbVs+IqyLnlCXhpXE0rv2/97NFQc/7iHllMAAAAAwGmMwqpFDHn1fv2P1NW2w+ooA+Lr3KttDX/U566/QT9//i2r4yAOmf6D6tzySyWf9Rn5T9N5qytvfSL2mxbMkFtLVd9QqoKCcJeo8vp2aXa+S42Vz6rBXaoCNaiieKlUXqWbTnS8X8HC3bOVdevlcbuV01CvGkmJ+U9LAAAAAABQWLWEYZhq3rQqYeaqnsh7/3xEV+RfraILxqv27U1Wx0Ec6tr+f0oec50Mx5mn3UiAdzZujNBK4Rmrlb0PuUq0fGHuCc4vUGl5keYsLVaNXHIXufq8U457oRZsKdaS4trubZZpUYGkguMf9+zs3zvJcc9VSV2Z5hdXhh9e1b/LAQAAAACIKzbTNM1ILrhp0ybljh074Ov9K8K/ajvnDt17TJOTnXr58Y8qFPRaHSUi3Pev0Y///Ia8gaDVUU5q9swpyk3arJZ1X7Q6ymnF5hyhrEt/J6936BZWez63esTP55dHqxaXqa7w2Nv4LddQoTlLpQVVpSqwOgtwGovfzy8AOLnT4fdGAEDf7dy1S+PHj4/ommVlZac8h47VGLOZXn245ldDpqgqSR+88T/67A0P6MdPr7Y6CuKQ6d+vjs2/VvKZcxQInp4jAWIrfKv+oV8xXCVaHidFVU/NYs2vbDz0Z3d5FUVVAAAAAEDCorAaSzabbDZpy7rKU5+bQJrWPa6xk2/TLTMm6+n696yOgzjk3b5SKWOuk+EYd1qMBIjUGIDzpkwZwFUFKq2qUmlEEkRWjnuhqrn/HwAAAAAwRFBYjSHTv1//rl9mdYyoeOP//kNX3/uGxo3K1I69rVbHQRxqeedrGnbBTxRSqtVRYmJgRdHDIjejFQAAAAAARAOF1Vgx/fJ17FHzlr9bnSRqNqz6imbP+q5++MfXrY6COGR69yh4cI3sI65WMM7n8UbKr27oHNB19z13ehSfAQAAAABIZIbVAU4Xhnz69ytLrI4RVc1b/q6Du9fpU1efb3UUxKm2974vp4M5qwAAAAAAIPFRWI2FYLuat/5T7fsbT31uglv7l/s1OitF5+XFx8NyEGdMvzq3/kYOeuUBAAAAAECCo7AaA0lpWXrv1e9YHSNmVv/xHn18usvqGIhTnVsqZLfz0QMAAAAAABIbfWNRZjO79OHqnysU9FkdJWY6Dnyo3R/+VfdfN1O/fOFfVsdBHOpo/B8l5z+gQJAC60l5arSorFJH97q7y5cpb2WZmmZXqbTAkmQAAAAAAJz2KKxGk80mw2ZT0/pqq5PE3MbaBbpqzt91xZSz9OrGrVbHQZzx7vqLUvNLZLNlyDRNq+PEOZdKli3UrKOnayyssiQNAAAAAAAIo7AaRYa8aqj7ptUxLPNK9dVy37+GwiqOq+3d7yjj3IXyBXiYVf95tGpxd8eqKjRnpeRWrWoaJblKtHyhWzmSGiqKtaS255oiLagqVUFD3853l/d0wzaoonipaiSdsMgLAAAAAMBpiPtwo8QwDJlBr5q3vGx1FEttXlupuTdNtzoG4lDgwBoFW9fJMPgYOrlGVZYVa05x91dFw3FOaVLe3CpVV5XL3VipZxskqUGaUaXqqipVVy1TiatW9Q0nOb+hQktqi7SgqkrVy0q0ZWmFGuTRqsVLpfLudcrzVLmiRp7YvXkAAAAAAOIWHatRYvocMpwj9dGSV7V1w2/04ZrHrI5kiQ/X/FijJ16v66dP1PNrPrA6DuJM5/YnlXHO+fLJaXWUOHa8LtGjS5t5GpcjSdnKc0lNkqQCFRQc1YV6kvM9O5ukotkqkKQctxZVSVKD6hulmqXF3R2r4TzrPG66VgEAAAAApz0Kq1Fgs9kU8NpUectBTZzl1Ee/8GnlTf20tm58Qo2v/9DqeDFX//sbVXTfar3+7jbta+2yOg7iSODAW5LZJZstiVmrkdb94CuVLFN1lcKjAwa0ELf/AwAAAABwPBRWoyDodejN34YLiB+s8uuDVX6Nv8qporLZyjvvk9q28Q96v/77FqeMrYa6b2rOrG/o0T+9bnUUxJnOpseVfPaDCgRsVkeJuPueS7U4QZHucudInhrVNUr5JzkzJzdPqqxXQ2mBCjw1WlRWp8Jlc5XnalTlsw2aVVogNVRozlKFZ7XG7D0AAAAAABCfKKxGQdowhzb8ueWIY5te8WvTK37lXerQrK/erjPvm60d7/5J776yxKKUsbXrvad1xpS7dOfM8/SHf7xjdRzEEe+u55TumqdAIGh1lIh6Z+NGawPkTFWhq1JLimslV4lKiqS6nR4p9wTnF5RqeclizS8uliS5SpZpVk6OtLBcTcVLNadW6ulepagKAAAAAIBkMyN8/+2mTZuUO3bsgK/3rwhPAXTOrTnFmfHJDNq16R+mar/XftLzxl3o0McWJCs926ndHzynjS8vilFCa1197+t6uv59Ne7cH/O9Z8+cotykzWpZ98WY742TSz37PjnH3qlAIGR1lAHp+dzqkaifXwBOP3x+AUhUif57IwAgsnbu2qXx48dHdM2ysrJTnsPjuCPM9Du17qlTzxHdsTagx2e368kHW5U+7FoV3bda5xU9EoOE1vrXXz6nWy4/x+oYiDOdW38nu52PIwAAAAAAkDgYBRBJIUOtu4La29j3W5p3NwRVdXebRk0wdMO3iuS+b7U8m2u1ftVXohjUOgd3v63mpldU8rGLVfnXt62Og3gR7JB/36uyD7tcwWDijwSI1BiA86ZMicg6AAAAAAAg8iisRlDXfkPrnhzYU+/3fhhS9afalHWWoRseuVLu+9eoualO6176UoRTWm/DX7+kmZ+p0/RJuVrz/k6r4yBOdG6pVOYF0xUMDo3O1cEWRS2f0QoAAAAAAE6KwmoEZWQ79N6q1kGtcWBrSL8tblfG6E7d/J1L5b5/jfZte01rX3g4Qinjw6u/u1EfLa6hsIpDgh2bFWjZICP9QoVCiTlr9Wiv/qZwQNddcU9dhJMAAAAAAIBIGxqtYXEg2OXQuj96I7Ze256Qflfarl/dtk8h70Vy379GH7nxpxFb32oBX4u2vvMHff7Gi62Ogjji3/uK7PaIPk8PAAAAAAAgKiisRogzyaF1T3VGfN2ug9IT97frZ9fvk7/lfLnvX6OLbvqFZCR+s/H7r31HRrBVsy6M7FPbkLi8nlUy7In/sw0AAAAAAIY+CqsRYBiGdv87oPbm6HXaBbqkP3y+Q48V7VPX3ily31uv6bdWypGUEbU9Y+G1331cF7rGKi2JYhokBTsVbHtfhsFHEwAAAAAAiG9ULyIg2OnQ2icG9tCqgXjyoXY9VrRPrdsnaWbx33XJbf+rpNRRMds/0t6v/4Huv/4iq2MgTnTt+KMMY2jMWB00T40WFS/WKs/RxyrUYFmongzFmnPUV4WloQAAAAAAiC0KqxFhqGm1P+a7/ulL4QLrgc1n66p7XtSlt/9eKRm5Mc8xWFs3/Ebe1q267fJzrI6COODz1MjhSLY6Bk7JpZJlVaquCn8tL3GpZmWNPKe+EAAAAACAIYH7rwfJbrdrx78DlmZ4+ssdkjp045IzdMXdz6h9/yat/9tX1HFwk6W5+uONJ+9Q0X2rdWZ2prY1t1odB1Yyg/IfXCcjbYpCwaDVaeKap2ax5tcVavlCt3LUoIrilcpbtlDT1i/W/C2FKmmqVGWjpKJyLc9fqfnhP2hBVakK5NGqxWXh1yXJVRJep6FCc1ZKbtWqprHX8VNkyZlaKFflFjVLypHUUFGsJbU9Sy/TIndOuNO1rFLhLV0qWbZQs3IkqUEVxUtVI/XKFz6m8iqVFnS/1y2zVV0qVRSvlIqkmto8Lai6STsOvY9eax6xV8+aR+ZSUbmqSwsi8H8CAAAAAHA6omN1kIJdhj542Wt1DEnSXxZ06rGifdq1fqxm3LFSM+58ShmjzrU6Vp+te2m+7iycYnUMxAHvzj/LYbP2HyziR6Mqy3rdcn+oWHgKtXXS3CpVLyuRq3apHtNcVVeVy61a1TdI8jRr3NyejtNyuRvrtK6n3bSxSXlze45X6tk+3OLvWV+nRle+shUugi5R+aG18ytXaJVHani2UipZ1t3hKlU+2yDJo1WLl2rLoeNNWrL4VJ2vjdqSP1fVVaXKrlmhSpVoeVWVqsvzVLmiRh41qKKsToXLqg6vWdEgeWr0RG2RFvS859qVR45ZAAAAAACgH+hYHSS7066ta2I/BuBkXljYKalT1/73aF1yW7W6Wndq48v/rYO737Y62knt3Vqn/Tvf0j3uqfpNzXqr48BCvua/K6NgoRTotDpKHOjd2anuTswtfbisUNNyJClX+XIpb2p4gTyX1CRJOQVHda26VHLo4jyNy5Gk7MPnHyNc8K08Ime4s7VhS6NUu1Rzag+f7Vrv0aIZRWpcWqY5leH3VO2WpAY1NbpUODec73Dn68nHmuTnhs9v3tIoV+HccEdtQamqF4a/R1vUqJoj8tWrofQmFboqtaS4NtytWrXwVN9FAAAAAABOiMLqINhsNnUeCKm92bQ6ynG99M0OvfTNDs362ghddOMv5O3wqOEfi7V/xxtWRzuht5//vGaWvKqpZ4/W+s17rI4DC3XtfFbGqGsZBxAtDRWas7RW7vIqVReExwj0z+GCb89Igmm95gUcuv3/CKWqrioNn19WrEpXiZYvjNZc6MO3//dWsLBKs7rHDMypldzdowYAAAAAAOgvCquDEOwytPmf8dWtejyrvt2pVd/u1NXzh+nCG38sX+de/fuVJdq7tc7qaMe1+qm7dO3sP1JYPc0F296VY9RHFUrgj6kr7onu37Gc3DypsXuuaUO9aqReXad94CrRTQWSBnJt7xzuhVqwpVjzK3JVXVqg7HyXGiufVYP7yFmpM+qLVT+jSqXuharODc9yDXfFNqpuvUez3DndIwUKld3dLVu30yMVSOvqGqW8Y/fOznepsW69PO7u+bBLpQVVM5SvSj1Rc5MWuXMOz6KdKz22QnpwoVulVcuUt7jsBN24AAAAAACcWuJWLOJAoMuuptXxMV+1L/6+vFN/X96pmV/I0NRblingO6B3X/2OPJtWWR3tCJ0tW7Xzg+d1/3VF+uUL/7I6DiziP7hWaXZDgQRtWH1n48bob1IwQ24t7b61vUju/l7buFTziyulohKVuGrV1DyIKKXlchcv1RyVq7o0XGhdUhyeBeAqWaZFBZIKylVfXKw54aMqWVaqHEmzFparqbhMcyqlcKdpeKTAtEKXKivDowPcRa7j7nuoqFscvunfXV6lAkkFy0q0qOzYNR8sXHzoXBWVq5puVQAAAADAANlM04zofeybNm1S7tixA77evyJcGnDOrYlUpKhJTkrVTz++T6EELfxc+UCqpn0iWUF/i96rX67dHzxndaQjXPXpGq3d0qq6DZHpKZs9c4pykzarZd0XI7Ieom/EFc/K64v/Z+z1fG71SITPLwCQ+PwCkLgS6fdGAED07dy1S+PHj4/ommVlZac8J/4rFnHKsBna1RBI2KKqJP3zJ536yTUHtPYPSTr3yoWaOadWuZNvtTrWIa/8r1uXnnOG1TFgocCBtbLb7VbHAAAAAAAAOAajAAbI22Zoc73P6hgR8cavu/TGr7t08ZwUTf90uSbNmK/G1T/W9oY/WB1Nm/71Kz14c7Eee2aN1VFgAd++eiVnTlOifVRFagzAeVOmRGQdAAAAAAAQeYlVrYgjdsOuras7rI4RUW9Wd+nN6i5deFeyLi0pk+uSh7XprZ9p64bfWJZp05s/0WjX9brx0kn6yxvvW5YD1kjkOauDLYrGZEYrAAAAAAAYMAqrA+RMtcnzXgJWe/pg7RNerX3Cq6m3J+vy+x/WhIsf0Oa1v9KWtyssyfP6yltUdN9q1f97m/a2dFqSAdYIdW6zOsKgPPbc2gFd9+ANF0Y4CQAAAAAAiDRmrA6AYbdr21t+q2NE3fqnvPr5DS36x4+COmvK53R1yas6+6LPWZJl48sLNWfWNEv2hrWYswoAAAAAAOIRhdUBCHoNffB3r9UxYmbjs1794qZW1XzPpzMn36uPlryqCdMfimmG3R88p7bmd3XXzPNiui+s523+h2y20+fvGwAAAAAASAwUVgciZNP+ppDVKWLu3Zd8+sXNLfrbEq/GTrhHV5e+pkmXzY/Z/m8+PUe5I9M0+YyRMdsT1gt2bOaDCgAAAAAAxB3qFQPgTDV0cPvpV1jt8UGtX7+6tVUvLOzSqDPvVNG9r2vyFV+Nyd5vPXu/brpsckz2QnwIdjTJ5ki1OoZ1Gio0p7j48FdFw6kuUEXxYq3yDHpjVfTsubhGx1+u55wKHZHKU6NFfcrae6mKY9c5CU/N4u71PVq1uFj92QoAAAAAgEigsDoAZlDytZtWx7Dcpn/6VXF7q575WrtGjLlVRfe9oXMLvxHVPVs9G+RpqlPJxy6I6j6II6EumYF22Ww2q5NYoEEVS2vlLq9SdVWVqqvK5a5dqkU1g66anpKnZqW2lCxTdVWVFuRV6tkTFi5dcrlqVd/rdc/6OjVGOV/zlp4dcjRrYZVKC6K8IQAAAAAAR3FYHSDR2AxDLdtO327V49m6OqDKO9o07gKHPvb1G1R03y3a9cHzanh5YVT22/DX+Sos/ocunTxOb7y3Iyp7DGXJU59Repbkb7xZrTtOdPwTyrz8ITkdkgJr1f7al+SVlH5xrRytRTr4Xmwzh7q2y5bkkmmeZv+g4dmpLXKpMLvnQIFKq6oOv95QoTlLaw/90V1+bIGxoaJYS7pPcZUs0yJ3TrijtKyyu/jpUsmyhZqVc+R1Obl5aly5Xh53ruprizSj9MQxCwuLVLfTIxXkSPJoXZ3kLnKp5qQ5PVq1uExNeUWqqW1SyQN5h992zWLNr1R3rgZVFC/tXqs7a3NF93taqooZy5S3skxNs6t0087Fmr8lT+7a2vD5ReWqLi1QuKu1TJWNkoqK5K5tUt5x3jMAAAAAAP1Bx2o/mQGb9m4KWB0jLu14O6DHZ7fp/+a2Kj3zYyq6b7XOK1oSlb3++dvrVDg1PyprD2njfqDUrIxTHx93leyOJnnrXlDQMVFJ48LnOJPWqivGRVVJCrT+WzbjNPy4ynHrwRKpsix8S/7RnaoNmtHdyVql5SUu1dQf2VbqqVmsJSo/1O2aX7lCqzxSw7OVUnc36vISqfJ47agFpVqQV6n5xfWaUVWqkzaE5uZLdevD4wI861WnQs3o9dfzZDlrNEPVVQs1K6vn5ArNryvU8qqFmpXj0arFS6Wejt3yPFWuqJGnoFQLiiQVlR/bqVorzajucY0lAAAgAElEQVSqUvWyErlqV2qVR/LUrFClSrS8qkrVM3S44AsAAAAAwCDQsdpP3labDmwPWh0jru35d1DVn2zTqPGGrv/m1XLfv1qezX/X+r99OWJ7hAId2vrOE3rgxv/QT/7yZsTWHdo+ocz8C6VA21F/8090/EjpuRfK3Fskb7RjHkewrVGObK8kuwW7WyvHvVDVbik8z7RMcyoPd6YWFBQc2Q1adOS1zVsapdqlmnO4WVSu9R4tmlGkxqVlmlMZ7gANr99buEtU5ctU0lSmJ2pu0oNaoflbZnd3gB4le6oKtULrPG5NW18nFc5VtuoOvXyynK787F4L1WrJUpdKlpUq3EzarKZGqWZpca9iqEvrPG6NO9E3zJWvbEnKyVW4tuvRurpGuQrnhtcsmCG3mk50NQAAAAAAfUZhtZ/MgE0Ht1FY7Yu9m0L630+3adgZhm5ecqXc969R89ZXtO7FL0Zk/fdf+55yzp6lay6aoL+99WFE1hzKkqeWyKm1at87UuljRp78+I5XFMx/SMmFeVLHCzqoHygraa06LehWlaRgZ5MM22k2BuAY4TEAN9Us1vz6BpUWZIdvb+/uxFTNYs3fcuxVh27/P0KpqqtKw7fclxWr0lWi5Qvd6jmrZ77qooIcaWG5morLNF+Su/xEfas5mlYoPba+QaqTCufmSOt7XvP0KWdYkRaUS0tW1GjaoTzHH1XAs6oAAAAAAFajsNpP9iSbDtKx2i8t20P6zWfalDZKuuW7l8h9/xrt2/661j7/4KDXfvV318l9/xq9tnGr2rv8EUg7RI37gVKzJH/jl+TNeFzppzquJ9X62pOH/pR+ca3MvUXS1Gc0MitDUpO8dZ9Re4ziBzs2y7AnS4HE+rv34A0XDm6BhgrNWdp0TGGxd5ene7ZbOfJoVV2jlHfk5dn5LjVWPqsGd6kKDnWhVmlGfbHqZ1Sp1L1Q1bkVmrPyyOsOz1d1K0cFuqnEpZpKKS9bJ5QztVBasVJ1jXm66zizS0+W8wgFpVqQV6zHaqZqkTtbea5GVT7boFmlPV2v0oKqkwx8PTaZphW6VFnX/X4a6lUjqaQfKwAAAAAAcDwUVvspJdPQwe08vGogOvZKv7+vXSnD2nXL9z8i9/1rdGDnm3rrL/85qHXfffW7uvfjZfqfP78RoaRDT/KoiTKUIcNVq55eVafrGQ3v1HGPZ6rXg626Z6t2vvdVpRRK/sYfS/kPyTn1E9L6J4+zW+SZgTaZZkCSLSb7RcI7GzcOfpGCUi0v6e4q7TlWVK7q0nDlclqhS5VLi1Ujl0pKiqS6nfIo99DlOe6FWrClWEuKw7fgu0qWaVGBpIJy1RcXa074aK9b7w/vuyCvWPOLKw/vuWynFpVVaNyJ5q3mTFWhKlVZNFvhx0UdeuEEOU9cpS24qUQqW6FVUxdq1sJyNRX3jDMId68WSPLku6TK7odXneLbmOOeq5K6svD7KSrSMZMPAAAAAAAYAJsZ4cdsb9q0Sbljxw74ev+K8K+8zrnx+XgRhy1VP7t+n9UxhgRHknTbD9M1piBZB3ev07/+8nmFQr4BrXXJ7SvV7Bupp/554huEZ8+cotykzWpZF5lRBAlr8uMaOWak/I29iqcnOZ5+ca0crUU6+N5XNbzwKoUaK6X8h2Rv+7EOxKiwKkkZ531HSr9AoVD8/cNGz+dWj3j9/IKO6Ho96QO5gNMEn18AElW8/94IAIitnbt2afz48RFds6ys7JTn0LHaDzabTa27E+tW5HgW8En/N7ddUrtuf/QcXX3vq2rZ847WvvCQAr7Wfq21+qnZKrrvDeXlDFeT52B0Ap+ODnWrStJ31HXgKqW7HpLUJG8Mi6qSZNiTFLIlTscq4oenZrHmVzYe+rO7vIqiKgAAAABg0Cis9oNhGNrfFH/dckPBU/PCBdbblk/UzOJate19T2tfnCdfh+eU1/Z4+8Uv6hMff1Q/eKo+ekGHgvc+o33HewjV8Y7v+JIO9Ope9a6/Wd5oZjuJkG+/bKkWbY6EluNeqGru/wcAAAAA9ENfOlaNGOQYMkIBQ/u2BKyOMaT9aX67Hivap30f5umqTz2vyz7xhFIyz+rTtfu2vap929dozqxpUU4JK4R8zbLRsQoAAAAAAOIEhdV+CPpN7W9iFEAsPPOVDj1WtE97Np6hK+76o2bc+X9KHzHxlNete+EBjUx3aNqEMTFIiVgKeZslW0RHQgMAAAAAAAwYhdV+sMmQr53CTiw9941wgXXH2jG69Pbf6fLZf1LmqJNPR3zjyTv0sY9MiFFCxEoo0CKbScc4AAAAAACIDxRW+8EMmjJpWLXEi4s6tcK9X1vfyNb0W6t0xd3PaPiYC497blfbTu149xl99vqLYpwS0WT6D0riLyAAAAAAAIgPFFb7xZDJs6ss9ddHOrRi1n59WDdCF930C135yec0Ytxlx5z377rFSjG8mjk134KUiAbT38KMVQAAAAAAEDcorPZTKMQogHhQ+90OrXDv1/urhunC6/5HV33qRWXnzTzinFf+161LJo+TwU/5kBAKtMgmCqsAAAAAACA+UHLqhxCjAOLOyz/o0IpZB9TwfLrOd39fV33qJY0e/7FDr3+45qeae9MlFiZEpJj+A6KuCgAAAAAA4gWF1X4wJYUYBRCXXvlxh37ysQPa8OdUFcz8lq769CqNmXijNq/9pQKdu3XzjMlWR8QgmWZANiPZ6hgAAAAAAACSKKz2i002ZqzGudd+3qmfXntQb6906twr/58K59Sq6e1KTRo3Uk6H3ep4GASbDJn8BQQAAAAAAHGCwmo/mKYpM8iM1UTwRkWXfnrtQb1ZbdekS78qM+jT2BEZVsfCYNgojAMAAAAAgPjhsDpAIjEMOlZjzXBIaSMNpY20KXWETalZhlIybUoZZig506bkDJucaTYlp9uUnGHIkSLZk21yJNlkOEwZdptsdsmwhX/U7RmMBEhYNkMy+YcNAAAAAAAQHyis9odhMmO1D1KzwsXQ1JGG0rJsShluKGWYTcmZhpIzbEpKD38lZxhypkiOFJvsSeEiqt1pyDAk2SRbrwcVhUKmTNNUMBRS0AwqEAzIF/SpK9CpjmCH9vtb1eHrUEdHh9oOtKnV16pWb6sOeg/qoPegDnQd0M9u+pls9lTLvi8YLEPhSccAAAAAAADWo7DaD/Yh2rGalCGljzKUOqJXIXS4TSmZhpIybErOkJLSbErOsMuRasqZYsieJNmdkt1pk82wyWYcWQg1zXAhNBQyFQwF5Qv65Q91yRf0qjPQqX2BVrX72sNfbe2HCqEt3pZwIbTzgPZ37Vebvy0i7/HzF39eMk35TSlt4hfV8cEPI7IuYshmHPEzBgAAAAAAYCUKq/1kBq1OIDlSpLRRhtJGGErN6r49fpgO3R7f0xGalGZTcnr49nhHsiHDacrutIU7Qo3waIMephkuhobMULgrtLsj1NtdCG0JtKvN36oOf4fa9repzRfuCj26EHrQe9C6b8xJXDPhGoVCIW1rlc4ecyOF1QRks9mZBAAAAAAAAOIGhdV+sNklM9T/ys5x54QO6zUnNL13MdSQM7X3nFDJsIfHSxqGTeqphZpSyAx1d4SGFAwF5Q/6w7fHB7vUGehQc6BVbb42tbe0q83fXQjtagkXQ7sO6oA3XAwNhAKR/UbFmWvGXyMjZMpw2LXpgF95wxxKGnO9fLuftzoa+sPGKAAAAAAAABA/KKz2g+Gw6eJPp8pmk5zp4YKoM9WQM8WUIzVcCLU7bbI5JLvddsI5oaFQSIFQeE6oP+RXV6BLnYFOHQi0qtXXcmhOaJuv7Zg5ofu79qsr0GXdNyEB3TP1Hu196W8ac+ONavGGtKUlpLz8+ymsJpyeh1cxDwAAAAAAAFiPwmo/BOxejb3Sr05fp7qCXdrnb1NboEXt/na1743+nFD0X25GrkaljVTDqlUac8MNkqR1uwOacM5IGSlnKNS13eKE6DtTwUC7pAyrgwAAAAAAAFBY7Q9vsEs/Wv0jrdm5xuoo6KN5l81TyzvvKDUvT6FeYxz2dpoads7X1Pr2wxamQ38YyTky7KnS0J5cAQAAAAAAEoRhdYBEYtgM5aTnWB0D/TAlZ4o2f3+ZUs48U4Fg6NDxNTt8cg4738Jk6C8jaZRMkzEAAAAAAAAgPlBY7QebbBqdPtrqGOijudPnqnOvRz6PR8ljxsgbPPxaZ0Dq9IeUNvFL1gVEvxhJoySb0+oYAAAAAAAAkiis9kuSzakxGWOsjoE+co93a+fj1ZIk56hR6jKP/HHf2BxU8pgbrIiGATBScmXy4CoAAAAAABAnKKz2g002jUmnsJoIrplwjYygqX01NZKkpOxsdfqPPGdrS0gh2ZU05noLEqK/7CljZZrmqU8EAAAAAACIAQqr/RAyTeWkMWM1EXx66qe198WXDv3Znp6uNv+xRbktB0NKPfuzsYyGAbIlZVNYBQAAAAAAcYPCan+YprJSsqxOgVPIzcjVyJQR2vqznx06ZiQnq80XOubcdXsCsieNkJFyRiwjYgAMZxaFVQAAAAAAEDcorPZTi7eFrtU498UZX1TLOxuOPGi3q8V7/PP3dppKP6c8+sEwKDbHMAqrAAAAAAAgblBY7SdvwEthNc4VZBdo0/e+f+jPRkqKbDbbcTtWJWnNDp+cw86LVTwMhM0pm+GwOgUAAAAAAMAhFFb7KWSGlJNOYTVezZ0+V51798i/d++hY+ku10k7HTsDUlfAVOrEL8UiIgbASB6tkL/F6hgAAAAAAACHUFjtJ4fNQcdqHJs1fpZ2/vrxI46l5OUpFDx+t2qPd/YElDLmhmhGwyA4MibLtNGxCgAAAAAA4geF1X5KsadoTMYYq2PgOD4+4eOyBYPa9/LLRxxPGTdOwdDJZ3NubQ0pJLuSx9wYzYgYIEfmOTKVbHUMAAAAAACAQyis9pPT5tAZmTxBPh59auontfeFl445njxmjLqCp75+88GQUs6+LwrJMFiOYecpdIriOAAAAAAAQCxRWO0n0zQ1Jp2O1XhzRuYZykoZoa0///kxrzmzs9UZsp9yjfV7ArInjZCRelY0ImIQ7GnjFQqdfJwDAAAAAABALFFY7SfTNJXiSLE6Bo4y77J5an1nw3Ffc44YoU5/37odmztNpU/+WiSjYZBszuGSwXxVAAAAAAAQXyisDoBhszEOIM6cm32uPvzu9477mj09XW19LKyu2eGTc9iUSEbDINnTJ8oMdFkdAwAAAAAA4AgUVgcgEAzqgjEXWB0D3R685EF1NO9RYN++475uJCerzdu328i7AlJnwFTaxPmRjIhBcKS7FFKS1TEAAAAAAACOQGF1AFLsKZo+brrVMdCtKL9IuyoeP+HrNsPQgT4WViVpw56AksdeH4loiADH8PNl6tQzcgEAAAAAAGKJwuoAmMGQpo2ZZnUMSLrOdZ2MYEj7Xn75uK87hg+XbDZ1Bfq+5vbWkEKmXcljbopQSgyGYR/Gg6sAAAAAAEDcobA6QK3eVk0cOdHqGKe9T079pPY+/8IJX08fP17mAIpymw+GlHL2fYOJhgiwObNkzzxHptm3GbkAAAAAAACxQmF1gPxBvy4cc6HVMU5rZw07S1nJWdr6y1+e8JyUvDwFQ/0vyq3fE5A9KUtG6lmDiYhBcmZNVyjotToGAAAAAADAMSisDtAwR6YuHEth1UrzLpun1g3rT3pO8rhxCgzwLvLmTlPp53xtYBcjIpKyr1RIqVbHAAAAAAAAOAaF1QEyZDBn1WKTR03Wh9/93knPSR49Wr7gwNZfs8MnZ+aUgV2MiHCOuETB4AD/BwIAAAAAAEQRhdVB2NG6g+KqRR6+9GF1NnsU2L//pOcl5eSoIzSwH/OugNQZMJU2qWxA12Nw7GkTBjQfFwAAAAAAIBYorA6CYdqYs2qRq/M/qh2/+vUpz7MPG64O/8AffLRhT0DJY64f8PUYOOeI6TJNPqIAAAAAAEB8omoxCCOSR+ricRdbHeO0c73reikQ0v66ulOea09PU7tv4F2P21tDCpmGksfePOA1MDBJ2R9V0HRYHQMAAAAAAOC4KKwOghkK6YzMM5Tq4OE6sXT3+Xdr7/Mv9Olcw+lUi2/gHauStPlgSCn59w5qDfSfY9gUhRgFAAAAAAAA4hSF1UFq9bbqgjEXWB3jtJE/PF9ZKVna9stf9ul8m92ug12DK86t3xOQPSlLRmr+oNZB3zmGX6iAd6/VMQAAAAAAAE6IwuogZTgydMkZl1gd47Txhcu+oJZ1b/fp3KScHMk05YvAQ+WbO02ln/PVwS+EPknJvVGmLcPqGAAAAAAAACdEYXWwQqbOyznP6hSnjUkjJ2nTd77bp3NTzz5b5uCmAByyeptPzsyCyCyGU0rKcSsYZAwAAAAAAACIXxRWB8k0TQ1LGqaJIyZaHWXIe/jSh9XZvEeBlpY+nZ961lkKRmhGpzckdfpNpU36ckTWw4kl5bgV9LVaHQMAAAAAAOCkKKxGgFMO3V5wu9Uxhryr86/Wjl/+us/nJ48bJ38wQi2rkjZ4Akoe8/GIrYfjSxl3m4JmitUxAAAAAAAATorCagSYIVOXnXGZUh2pVkfpdrMeuf1pPX3DvMOHLluhp+9+uvtrheb1Pu/up/X07Y/o5u5T593wtFZcFvvUJ3PDxBtkCwa1/5VX+nxNck6OuoK2iGXY3hpS0DSUnHtLxNbEkWzO4bJnTFYoQp3GAAAAAAAA0UJhNUJaulp046QbrY6hcLH0s5qa1PvYPK0Yf6bUskq3/P4XWu87U7NumCdNnqHxSdu06vertC1pvGZMljT5EV2Wsl7Pv25R/BO467y71PyX5/t1jTM7W52hyBVWJWnzgaBS8u+N6Jo4LGXM9QoFAlbHAAAAAAAAOCUKqxGSbqTptnNvszhFT1G1TW2+ga0wb+JUHdj+dT0T2WCDcvbws5WVkqVtv/pVv65zZmWpwx/ZLBs8Qdmdw2WknR3ZhSFJSs69VYGQ3eoYAAAAAAAAp0RhNYLavG26/MzLLU6xTat+/zttOuLYo5r7+1XaNmyWnr77s5ratUq3PPeo9F69NvnO1Ky7Z+nMltf1dcVnt+rDlz6slnVr+32dkZqqNl/kbyn3dJhKn/zViK97urOnT5TsaTLNyM3FBQAAAAAAiBaH1QGGkjR7mm455xa9tu01ixI8o68/9Yykm/XIEcfnacXds5S15xe6pUZ65PbP6ukbpFuee7T7/O6zbnhaB7bfIrl/q6dHZyhcpJ2rR2P7Jo4xadQk/euhT/b7OpvDoVZvMOJ5Vm/36YZJ50Z83dNdUnaRgqbT6hgAAAAAAAB9QsdqBKUYyRqTPkb5w/OtjnKkyaOVJelA+zOSntGeLknDztG8I87p6Vadp+tHS+vfCs9ivcx983GXjJV5l81Th2e3gq2t/b7WZhg66I18x6ovJHX4TaVN+nLE1z6dpeZ9SsHI18EBAAAAAACigsJqpAVN3TT5JqtTHOm9PTogKSv9Zkk3a3SKJN9+fdjrlHicrSpJM/Nmascv+jdbVZJSzjhDpmkqEKWHy7/jCSh59LXRWfw0lHrWPQp626yOAQAAAAAA0GcUViMsw5Gha8ZfI4cRT1MWHtXcTduUMfqz4RmrSdu06qleRdTJvWerPqrn90hTLwqf93qNdaXWGyfdKFsgqAOvvtrva9PGj4/qrM7trSGFZFdy7q1R2+N0kpI3R34eWgUAAAAAABJIPFX/hoz9nft146Qb9ed3/2xRgmeOmJ0qSXp9rm450UOp3vu6PvVer6trPhUXnat3nTdbnmf/MqBrU848U6FgdB+CtOlAUOPzS+XdadX/56EhOfc2BQN+SRRWAQAAAABA4qBjNQoy7Rn6j3P/w+oYCW1C1gQNTx6u7RUVA7o+eexY+ULRLaxu8ARlOIfLSBsf1X2GurT8EgVD/BsPAAAAAABILBRWo8A0TSlkavq46VZHSVgPXfqQWt5+e8DXJ40erc6ALYKJjq+5w1T65K9EfZ+hKilnlkzZozq2AQAAAAAAIBoorEZJhiNDdxbcaXWMhDVx5EQ1fvs7A77eOXKkukLRL6yu3u6TM/PcqO8zVKWN/6z8QbpVAQAAAABA4qGwGiWhUEg5aTnKH55vdZSEM++yeerYs0uhtoE/Jd4xbJja/dHvgvSFpA6/qbRJdK32l3PEZTKNDLpVAQAAAABAQqKwGkWZ9gx97aqvWR0j4Xw0b6Z2/OJXg1rDSElRmy82BbsNewJKHv2xmOw1lCSPu0MBZqsCAAAAAIAERWE1ikzTVKqRomtd11odJWHcPPlmmYGADrz22qDWMZxOtXpjU1jd0RZSSHYl5/LAsr5KyimSPbNAZihkdRQAAAAAAIABobAaZWlGmh665CGrYySM2VNmq/mZvwx+IZtN+7tiV7TbdCColPzPxGy/RJc+6cvyB/j4AQAAAAAAiYvKRgzsb9unhy6luHoqE0ZM0LDkTG2vrBzUOmlnnx2hRH23wROU4RwuI21CzPdONKn59ykYtDoFAAAAAADA4FBYjYFUe6o+MuYjco1wWR0lrj10yUM6uHbtoNdJOftshSyo3DV3hJR+Dg+xOhmbPV0pZ96lAIVVAAAAAACQ4CisxojdNPTwpQ9bHSOuTRw5UR8u/fag10k980wFLRjduXq7X86Mc2K/cQJJP2eBAoHYzL4FAAAAAACIJgqrMZJmT5PdZudBVifwpRlfUseeXQp1dAx6reQxY+QLxr545wtJHX5T6ZO/GvO9E4E9s0CO4RcqyBwAAAAAAAAwBFBYjaExyaN5kNUJFOYVavvPfhGRtZzZ2eoKWfOjvX5PQEk511iyd7zLPPcbPLAKAAAAAAAMGVQ5YmxvWzMjAY5yy+RbZPr8Ovj66xFZLyk7Wx2BiCzVbzvbQgrJruRxt1sTIE4ljb5Opn24TJMxAAAAAAAAYGigsBpj6fZ0XZI7XRNG8PT4HndOuVOeZ56N2HpGRoba/dYV8D48EFRqXrFl+8cfQxnnfIVuVQAAAAAAMKRQ6bBAsi1FZZeXWR0jLkwaMUmZSZna8fjjEVvTnpKiVp91hdV3PEHZHMNkpE+0LEM8GXbB/8jn9VkdAwAAAAAAIKIorFrAZkqZjgxdP/F6q6NY7sFL56rlX29FdE3D6VRLl7W3nHs6TWVM/rKlGeJByhl3SCn5CoVCVkcBAAAAAACIKAqrFkmxpeiT53/S6hiWmzDCpQ+Xfjti6xkOhySp1WdtIe+N7X45MiZbmsFqtqRRSjv7swoE+ZgBAAAAAABDDxUPC6XaUvTodY9aHcMy82fMV8funQp1dUVszVSXKy4ekBQISe3+kNInf83qKJYZfsGP5bW4wA0AAAAAABAtFFYtZIZMZSdn6z8v/k+ro1jiqryrtP3nv4zomqn5+TJD1hdWJWnD7qCSRl9jdQxLpI3/vEL24XFR5AYAAAAAAIgGCqsWc8qhS8ddqsK8QqujxNSt59wq0+fTwddfj+i6KePGyR+Mjy7Jne0hhUxDyeM+YXWUmLKnT1RS7i0KBKxOAgAAAAAAED0UVuNAppGhz138OY3LHGd1lJi5c8od8vz5mYivmzx2rHzBiC87YI37g0rNK7Y6RkxlFCyWz2+zOgYAAAAAAEBUUViNE/aAcdrMW508arIynJnaUV0d8bWdo0apKxQ/P9Ybm4OyOTJlpJ8eD7IaNu2HCtpHSowAAAAAAAAAQ1z8VKBOcw7DoYNtB/TtWd+2OkrUzZ0+Vy1vvRWVtZ0jR6ojzm5B93SYyphcZnWMqEtzfUFKnaRQkKIqAAAAAAAY+iisxpFhScOU4UjX/Rfdb3WUqJowYoIalyyJytqOzEy1++OrsPfGDr8cGUO7YzV57PVKyvmYAkFGAAAAAAAAgNMDhdU4MzpltKaPna6ZeTOtjhIVZZeXqWP3Tpk+X1TWN5KS1eaLj4dX9QiEpHZfSOmTy62OEhX29IlKHf+QfAG71VEAAAAAAABihsJqHBrpHKHPXfw5nZF5htVRIu6qs67U9p/8LHob2A0d9MZXx6okrd8TVNLoWVbHiAJDwy/6OQ+rAgAAAAAApx0Kq3HKGXLoR9f9yOoYEXXbubcp6PPp4Jo1UVnfSEuTzWZTuy/+Cqu72kMKmoaSx91hdZSIyprxpLxdXqtjAAAAAAAAxByF1Thlk01+n08//PgPrY4SMXcU3KHmPz8TtfXTx4+XGYq/omqPD/cHlZo3x+oYEZM57UcKmKkyzfj9ngMAAAAAAEQLhdU4ZsjQ6JQcLbhqgdVRBu3cUecqw5mhHdXVUdsjJT9foVB8zVftbWNzUDZHpowh8CCrjMlflVJdCgXj9/sNAAAAAAAQTRRW45xDDk0c5tJ9F91ndZRBeWD6Azr41ptR3SN13DgF4rhjVZL2dJjKmPRfVscYlIxz/1vGiI8qGGSuKgAAAAAAOH1RWE0AGc4MffTMmZo7fa7VUQZs/IjxavzWI1HdI2nMGHmDUd1i0Fbv8MuRMcnqGAOWfs7XZRt2mQJx/n0GAAAAAACINgqrCSLFlqJLxl6issvLrI7Sb/91+X+pffcOKRCI6j7O7Gx1huxR3WOwAiGp3RdS+jmJN94hfXK5jOGXKxjiYwMAAAAAAIAKSQJJt6dpysgCfaPwG1ZH6Zcrz7pS21f8LOr7OEeMUIc/vkcBSNL6PUEl5bitjtEvaZO+InvWFRRVAQAAAAAAulElSTCZjkzlD8vXt4q+ZXWUPrn93NsV9Hap5c3ozleVJHt6utoToLC6qz2koGkoedwdVkfpk/RJX5E96yoF4rwbGAAAAAAAIJYorCag4Y5hynJmafm1y62OckqfKPiEmv/0dEz2MpKT1epNjKfUf7g/qNT8YqtjnFLGlEdkjChU0HRYHQUAAAAAACCuUFhNUKNTc5RiS9bPb/q51VFOqCC7QOnONO34zW9isp/NZuhgghRWNzYHZbNnyJ5xrtVRTjotiEQAAAcnSURBVCjz/O/LTJmsIJ2qAAAAAAAAx6CwmsCyU7LlNJ36ze2xKVz21wPTP6+DMRgBIEmOrCzJJnVF9/lYEbWnw1T6pPh8GNnwS34npU2RaaRbHQUAAAAAACAuUVhNcOmONMlv6sk7n5Rhi6//nWdnjVfjI0tislf6hAkKhRKjW7XH69v8cmRMtDrGEYzk0Rp51d8UUJaCifXtBAAAAAAAiKn4qsRhQJyGU36vT0/NfkppzjSr40iSvnz5l9W+Y5sUiE0LacpZZykUiv8HV/UWktThN5V+ztetjiJJcmRdoqzpVerq8sk0E+t7CQAAAAAAEGsUVocIw2bI1+XVz278qS7OvdjqOLrirCu07aexm/+aMm6cAsHEKwa+vduvpJwiq2Mo5YzZyjjnv9WVIDNqAQAAAAAArEZhdYhJNpP1xUvn6QuXfsGyDJ8o+ISC3i61vvVWzPZMGj1a3pAtZvtFyu52U0HTUPK4Oy3LkD6pTElnflq+oMOyDAAAAAAAAImGwuoQlKxkXTr2ElXdVqX84fkx3//2gtvl+eOfY7pnUna2OkOJ+ePcuD+olLxPx3xfmzNLWZf8RsZItwIUVQEAAAAAAPolMStROKUkW5KSzSR9s+ibumPKHTHb97yc85ThTNfO3/42ZntKkn34cHX4E28UgCQ1NAdlODJlzyyI2Z7JuTcr69In5NdIBYOJ1+kLAAAAAABgNQqrQ5hNNqWYyZqVP0vLrl2mdGd61Pf8/MWf14HVq6O+z9EcaWlq8yXufNA9HabSJ82PyV6Z539XKXmfk9cb5CFVAAAAAAAAA0Rh9TQwKmmksp2jVHFrha7Ovzqqe+Vn5avxW49EdY/jsSUlqdWbuEXC17f55UifGNU9HMOmauRVL0lpU+UP2qO6FwAAAAAAwFBHYfU0kepIlfym7jn/Hn298P+3dz+hTd5xHMc/z5MnyZM0TdvZZZY0S3VrrXQdrM6i9Q/sD7iC7CDiGAyEHtZhd1EogoqXDT0Ig+Fhcyd7knmQHQSFseF1bmB7KNtll7U6omNqbeVJnjzPbwc3hpNpq0nTpO/XMfn9vr/vc8jlwy/f52hVzhgfGtfC9RkpXP6bo5Zt665XvzdWQ0kLvlFT77Gq1E+u/1ipvpPyvLKCsH4DaAAAAAAAgJWCYHWVaXHS2tjWqwv7Lqg/01/R2kO5Ic1+caaiNRcjlslIxqiOJwFIkqYKvmLtlb1RHGl6Wc2vfq7I88Mq+fzcAQAAAAAAKoWkZRWKWTGVi77Gt45rbPNYRWru3bhXgefp3uRkReotRXLdOjXCqNCbC0aBsRXP7qtANUup3mNq7v9MYbyHF1QBAAAAAABUGMHqKuYqrh3Z7Tr19ilty217plp7Nu7RrQvfVKizpXE7OxXUYPxANfx6O5Cb++CZarjZvWrb/p2sliGVyg4vqAIAAAAAAKgCgtVVzja2ulJ5jQ6M6szuMxrMDi65Rn+mX01OUr+fO1eFDp8s3tGhUtAY4eHPfwSynZQizX1L3uukX1Hr4NeKde5X0fMUBFVoEAAAAAAAAJIIViHJGCNXcbU5rfpoYFSnh09roGNg0ftHN32o2z9erWKHjxfPZFRsoL+6F+4bNXUfXPyGSELNfSeV6jsp36RVDiLVaw4AAAAAAACSJKfWDWAFMVLKTikZb9KB1w9orjiniakJTRWmHrvtxZa8fvqkMrNan0a0vV3zYeMEq1dnfb274aUnL7RdJbtG5K7dLT+wVfJDSY1xcxcAAAAAAGClI1jFI2xjKW03K+kmNLZ5THe8O5qYmtD0relH1h7edljzs7/VoMt/Oem07vs1baGiQkkLvlFT7zEt/PLpI99b0VYl8iOKv/COgrIvr/TPLgAAAAAAACwXRgHgfzmWo9ZIizqTWR3cclAn3jyhnjU9D63Z2rlF17/8qkYdPhBJJjVfaqxgcargK9b+xkOf2fG1Sm04qtbBc3LWvKVisaxyA41AAAAAAAAAqCfcWMUTOZajtNWsZCqhI9uPaGZuRmcnz2pTxyaVPU/3Jidr2p/lOLpbbKw3Nd1cMApCKZ59T+XbPyiRH1G09TWVQ1vFopFEoAoAAAAAAFBLBKtYNMdy5MhRd0u3ju88rkQ0oTvffl/rtmTZtu4WG2gWwN9uzBt15vdLufcVhFEVfcJUAAAAAACAlYJgFUtmG0sJubJ9o7YtW7Vmx07dvHRJty5fVqlQWNZe3FxOxhiFDTIJoD1hKdcSUS4dkecH8n1bxsRq3RYAAAAAAAD+g2AVTy2UJNdVIOm5XbuUGR6WNzurwsWL+vPKlWXpIZnPy4RmWc6qlnTcUi5tK5eOqBwa2SZQySvJllTfTwYAAAAAANC4CFZRESYalS8p2tWl7MiI1h86pBvnz2t+elpz165V7Vw3l1NQh8Gq60i59IObqY4tlcqBVC7KMfX3LAAAAAAAAKvRXwLAymDBoLxMAAAAAElFTkSuQmCC" height="600" width="800" />
<img src="data:image/png;base64,iVBORw0KGgoAAAANSUhEUgAABVYAAAJcCAYAAAASBf/6AAAAAXNSR0IArs4c6QAAIABJREFUeJzs3XecVdW5//HP2nufMmd6Y2aYQhk6SLWgCAj2qNGosYtiyc01NzFXkptoEsvNVdMsib/cxJgbDGrsYsFEjIIKKoo0EQakCEOdOdPLabus3x/nzMDAwECilPi8fRGZ2WuvvfaZ7R/5zrOfpbTWGiGEEEIIIYQQQgghhBAAzJgxo8cxxiFYhxBCCCGEEEIIIYQQQvxLkWBVCCGEEEIIIYQQQgghDpIEq0IIIYQQQgghhBBCCHGQJFgVQgghhBBCCCGEEEKIgyTBqhBCCCGEEEIIIYQQQhwkCVaFEEIIIYQQQgghhBDiIEmwKoQQQgghhBBCCCGEEAdJglUhhBBCCCGEEEIIIYQ4SBKsCiGEEEIIIYQQQgghxEGSYFUIIYQQQgghhBBCCCEOkgSrQgghhBBCCCGEEEIIcZAkWBVCCCGEEEIIIYQQQoiDJMGqEEIIIYQQQgghhBBCHCTrcC/g89IYa6K6dRubmjeztW0729t30BBrJObG8LQHOjVQgac1E0qO5xsjp2MoyZaFEEIIIYQQQgghhBAH56gOVhNugpV1VSzY9i4r61bTGG/EJRmiKhRKKQCUAqVVMltVYHs243qNkVBVCCGEEEIIIYQQQgjxDzlqg9WqhnU8teZZltevBA0GCmUYWJhAsirV9VxyAzl4aNrtNpRSOJ7D6IKRjCkaeZjvQAghhBBCCCGEEEIIcbQ6KoPVtQ3r+cl7/4PtJTANC6U0OlWl6mkPx3PID+ZzSunJJLwE7+5YlKxW1RoPuGrIpVjGUXnrQgghhBBCCCGEEEKII8BRly62xFv4+Uf343gJLMNEJxNVtNLYnkOWL4NLBl7IkLxBLNz+PnM3v4GHxlCKhJtgSulkBuVWHu7bEEIIIYQQQgghhBBCHMWOumD1lY2vsSNSS8gMdn7P9hwsZXFh//P4auVXaIw18uCy31HdugXLsFKVrBqf6WfasEs7e68KIYQQQgghhBBCCCHEP+KoClabYs28uul1AoYfDWitcbXL+OLjuXzwxVRklfHaZ2/wyKpHAfAZFhpQSpFw4kwbcgUFoYLDeg9CCCGEEEIIIYQQQoij31EVrK5v2khzooWg4cfWDnmBXG4Yfg0TSk8g7sb57bI/8MbW+ZjKwsBAo1EKHM+hT1YF51aedbhvQQghhBBCCCGEEEII8S/gqApWP21ch9YejnY5pXQiVw+9jMJQPnXRBn7x0a9Z07gGS/lQil29V7VGo/n2qG8S8qUd7lsQQgghhBBCCCGEEEL8CzhqglVPe3xcvxpTmXxr5Dc4rc9kDGVQ017Lzz96kHVNG/CbPrQGdPIcBUScGDcdcwND8gcezuULIYQQQgghhBBCCCH+hRw1wWrUieI3fNw5/jbGFY0CIByp585FP2Nb23b8hg9I9lPtSFejTpwLK7/KVyrPOIwrF0IIIYQQQgghhBBC/Ks5aoJVQxl8e/S/UZjafMp2bX697HdsaduW3MxKadC6c0MrQxlcNvAirhj6dUxlHubVCyGEEEIIIYQQQggh/pUcNcFqmpVGmpXskaq15i9rnmNx7RICVhoxHJRW+E0/peklHN9rDCeWHM/AnL6HedVCCCGEEEIIIYQQQoh/RUdNsLq7jc3VzK/5kBPLJtE3rYC+6SX0Si+iML2IglABShmHe4lCCCGEEEIIIYQQQoh/YUdlsFqeUcwfJ/8M5Tp47XVY0WZ0wka7teA66GAOyh863MsUQgghhBBCCCGEEEL8izpyglXtoeNtYEchkIHypcE+Kk99zVvxVr2Kt3YeTuNWYlonN60yTLTpx8wrwygbjVU5EbPkGFQg8xDfjBBCCCGEEEIIIYQQ4l+Z0lrrw7kA3R7G3rAAd8MC3LqNkIhCMAsztxyzZChm3xMxCweBFdh1TqwZr3kburUWr7Ead9sK3J1VeK1h6AhZAVAYhQPwj74Aa9g5KH/64blJIYQQQgghhBBCCCHEUWPGjBk9jjl8warnkPjkZRLvP4rXtA0MI9kbVRloz0PhoTUow8TsPQLfmK9hDTwVZQW7nU631+OG1+Gsewt7zesQbQXDQANKa8zewwlM/HfMiuMP7X0KIYQQQgghhBBCCCGOKkdssKrjLcTfehB7+UtgmMk/AJ4H2t01ThkoQGuNAsw+4whMugmzZOR+5/eatpJY+RL2h0+gXRtlWmjXAaUITr0Z/5hLwThyuiAIIYQQQgghhBBCCCGOHEdksKrtCNEXv4ez8QOU5QdUMkzVYJQOxywfh5Geh3YddPM2vPB63JpPky0CtAemj+CFv8LX/+Qer+WG1xKbezfe9tVg+kBrtGsTOOEqApO/A8r84m9YCCGEEEIIIYQQQghxVDnyglXtEf37vdhLn0f5Uj1TPQcjPZ/AqbdgVk7a+1V/18Zr3oqzbj6J5bPRjdvAtEj7+q+x+p7Y8yVjzcT+/jOcqjfAtNAAToLgmT/AP/qSz/0WhRBCCCGEEEIIIYQQR7cDCVaNQ7COTvYnL+EseW63UNVFpecnQ9LBZ3TfP9X0YeT1w3/CdaRf9Sf8J1yN9lyiL/0QHW3q8ZoqmE3wrNuxhkwFx0YByvQRn/sz3PqNn+8NCiGEEEIIIYQQQgghvhQOWbDqtewgNv83YPmT39CA9kg7/2cYhYMPaA6VXkhgyn8SuuhX6EgjiY9fPLDzfGkEz/gRqmgguC4oA5QiPu9+8JyDvpd4PE4kGsXzvP2O01oTi8Voj0SIx+MHfZ2eJBIJ2iMRYrF/fm7btolEIkQiURKJBI7j7PP+DrTI2XFdotEokUiERCLxT6/xcPC0R00kTNSJ/cNzJFyb2kgd3mHaJ04IIYQQQgghhBBCfP4O2Q5O9tKnINoMVqpa1YnhO+k6zNLRBz2XNWAKoUseIvbWQ/jHXorypfV4jgpmETzjNqKPTwc8MP04G9/D2bkKq/eoLmNrampZ9MEH5Obm4HoeEydMwLIsWlpaeH72bObOnUtLaxsPPfgglZX997rWtu3bWbBgIW+//Q6fbdpELBYlPy+PEcccw6RJEzn5pJMIBAL7XW9jUxPvv7+IjIwMmpqaOHnCSeTl5aG1ZvmKj3nttddY+cknNDU1EQqlUdm/ksmTJzPllMmkpfX8eQC0RyIsXbac+fPmsWz5ctrb20EpTMMgNzeHwsJepIdCBINBQqEQza0t1NWG+fa3v82woUO6ndO2HZavWM5bb7/NokUf0NDQgNaazMxMhg0dyqmnnspxxx1Lbk5Ot+d/2riBD3d+RIaVTn2skTG9RjG2aP+blQF8uHMpGxo3EjAD1MUbOLvPqZRnlbFk5zKWhVfiaodcfw5RN0a7HaEl0YaLQ8gKURTqxeDcgQzLH0zaHlXTbYk2vj3/+xxXNJYZ4/4DQx3c7yI0mv/75DEWbHuPBybfQ1F6r4M6XwghhBBCCCGEEEIcmQ5JsKrb60isnJPcQApAawik4x/zj/c4tSonkxbKS851oOcUD8XsMw5381IwLZRS2B+/vFew+snqVXzve99DA+PHn8CUyZPZsXMn37zpW6z6ZCWmYaIMA/8e4WhbWxuP/vkx/t9v/x8+n48RI0ZQUVFOIh5n6dKlLFmyhKeeeopJkyZx15130rukeJ9rjUaj3PajHxGJRDBNk1defolgMMjPfvELnnzySRQKy2ehPU08kWDFihW88MILnDB+PD+79x7KSkv3+1msWl3FHXfcwUcffUTffv244frrGTt2DKZh8vHKlcycOZP33nuPzMwsvv71r+M4LnXhOpqam4nHu6/eXPvpp9z/4IO8+cYbmKbF5Zdfzvjx48kIhVi/cQOzZ8/myaeeYsjQIdx5++2cdOLePXLjdown1j6Lz7DQWtM/p89+76NDbXuYWWuexJd6xk4sPo5yYHn4E57f8BJpZhoeHlcOuoTyzHISXpwNTZ8xb+s7xN0YlvLRN7OCGeO+TXnWrs+uNlJH3Ivzzrb3OL//2QzKG3hA6+mwrWU7czb9DUuZxJ2js2pXCCGEEEIIIYQQQuztkASrTk0Vur0B5UtVA7o21vCzMTL/ueo9s+SYgzvBsLAGTcXd/FHn1+7Gd9GxZlQwu3NYeigdn8+HbdsMGDCASCTKf3zrP1ixbBm5+Xk4CZt4Ik56KNR5TiQa5Rvf/HeWLFnCz+69l4knn0xObg6WaeK4LjU1tTzw4IO8/PLLzJ8/j5bmZh6b9Wf8fn+3S00PpVNYWEh1dTVZWVn4fX6+e8v3+HTtGu695x5GjBhBXm4e9Q31zJ//Fr/93/9Fa49F77/Pt79zM08+8TjBYDc9a4HVVWu49LJLaW1p5dJLL+WO239Cenp65/HBgwdx5hmn818/uJW/v/l32tva+cFd3yMQCOyzPcCSpcu49rrraGttYfDgITz0m98wcEBl5/GTT57AFZddxrPPPc+Pf/xjrrl2Og///ndMnTKlyzyu0gQMP6ZhoLXGVL79/0xT/JYfv+nHVCYKhd9Mfq6WYeE3/Gg8snwZnFd5FsHdqlLPrzyHXy75DZtbq9nY+hl3L/4VD0y6h7RUFXRjvDnZ+kDB7PWv8v3jvnPAVaue9nhszdMoFBpoSbQe0HlCCCGEEEIIIYQQ4sh3SHqsupsXo3YLozQaq/8EQB2Ky3dh5PdDd1xXGXhtdXitO7uMKcjPx/FcANLT0vnDHx9hZ20tf5o5kxdfeIHnnnuWO++8C9veVYHY2tJKS3MLr77yCl+74HwKCvKxTBMAyzQp7V3C3T/9b0455RRM0+Sjjz7i5Tmv7nOdlmWSFgyglMIyTX70k58Q8Pt45eWXuPiiixgyeDC9ehUydMgQbvr3b3L/ffehNQTT0li2bBlvznur23mj0Sjf+/73icfjFBQW8sMf/FeXULVDVlYWd//PT8nOzuYvTz7BI3/8Y/LzMwwMo+tj09DQwE3f+hbxaJS8vHwe/v3vu4SqHfx+P1dcfhlfOeccPNflmzfdxKbNm7uMybTSUUqhNXhocv1Z+/yMdhc0/KnHSaOUIsOXCr0NhVIGCoUyLGJu16rRsszefPOY69Daw6f8bGvfzsq61Z3Hd7bvTAa1hsV7Oz9gY9NnB7QegNV1a3h3xwf4jWTIWxsNH/C5QgghhBBCCCGEEOLIdmiC1R2rwdhVHKsMCyOn96G49N6UiTJ3q4LU4IU3dBnS3NKMZZoEAgFmvzSb1157jeeefYapp0ymT0UFgwcN4orLLqWoqKjznLS0IPff/ysGdBModggEAtz079/EcT0sn8Xs2bOxbbvbsZZlYfr8KKVoaGxk1erV3HvP3WRmZnY7/swzTueqq64iGo0SCPh5/vlncZy9N+b6ZNVq1lRVAYqvfvWr5OXl7XO9+fl5nDr1VPz+AL/73e/ZWVOz1xitNb956LeEw7W4nsfN3/kOfSrK9zmnUoobb7gB0zJxHYff/vZ/u2yG5WgHUKDAUAZx3f3ns6eQlZbsCqEUKIWtk8F4ppWO1h6u1gQMH35j7yLt3hnFpPsy8PAwMNjcWt15rCXeiocHWqHRPL32BTy9/03LABzP4bE1T2Mo1ZH30hhrOqB7EUIIIYQQQgghhBBHvkMSrOr2OuisWNXJitFg95sXffGL8ZLhG8kwTxkGXkPXqklNMtRDKWrDYb7/ve9TUrzvfqiQrPAcNLDn/pulpaXk5uSglMGWLVuIxePdjjNNk/RQCM/ziMfjfOc//oOMjIz9zn3JxRd3nru6ag3tkcheYxYvXpyqONWMGjVqr+N7GjxoEIZhEIvHWLps2V7Hd+zcyVNPP0UwmEZ6KMQZZ5ze45x9+/ahuLgYn8/Pa6/NpaGhsfOYaVi7HkoNQXP/m3x1iHgJfMpMtQ8wCJnJ1/1z/dk42sVQCksZdFcl7Xpu8pEgWSWbF8jtPFYbrQOdqrJWFh/WLmVj06Ye1/PRzmV80rAaS5mgkuc3JVoO6F6EEEIIIYQQQgghxJHvkASryVLCjqrEVIIVbdzX6C+WMsCx2T1g0/GuAaTP50ejcR2H0tJSjj/uuM/t8gG/n/z8fLT2cByH+H6C1bRAANd1sUyTUSNH9jh3Xn4eubm5aA8ikXba2tr2GvPZpk1YPgtQZGbs3QJgTxmZmZ0bhG3bun2v4wsWLMS2bVzX5dhjx1FYUNDznOnpVPavRGtNLB5j9epdr96nmcHkk6I1Gt0ZkPYkzQzi4aG1RqEIpHqstrsRLGViKIWnOypiu6qNhGlNJD+rgOFjbK/RAMTdBDvad2IaJsloNPnP42uewU1VxHYnakf5c9WTWMrCVMkKWaUU4UgYzYFvtiaEEEIIIYQQQgghjlyHJlhVZtevPRuv9fD0m9TRJvTur3J7HphdN0jq6I3quC7Dhw0jtNsmVf8sT2ui0UjndSyr+/3DtE72ClVKEQgGyc/f9yv7u687Py8vFf9BLLZ3aJufn4/rJgNIz+35lfampkaUoZJ9Rv1dPyfP8/hw8WJM08RxHE44YTymae5jpt3WaVnJAFhrHMemdbcA2Jd6VjR02YSqJxm+tM5NphTJyleAlkQblmGljhlYe7QCaE208fiap9FoHM/h+mHTyE1LVlO7nkNdtB6Ac/qeRdAMYCmTxTVLWNfQtX3E7t7fvpgNLZ8xMKeSCyrPxfFcFIq6aD0J98BaGwghhBBCCCGEEEKII1v3qd7nTGXk4zVtRXUGrAp384f4Bp5yKC7fhRden9qjPVVDaxjsucm7aZqgkx0D0tPTMc1/Ln/WWtPU3Mz69Rt44i9PUFsbxlAGhmng93W/671SiubWVvx+P4ahMA4gsPQ8D9uxMYzkZk2BwN6v0R87biwP//73mJbJ5i1bepxz/boNnb1LBw0a1OVYIpFg48aNGIaBaZq8OW8eLS2tNDTUk5mVTSDgIxgI4mmPWDROLB4jGo3Sq7CQj5YswTRN2tsTtLXuVlmbeidfpf7n2XUv0iutANOwaHXaMJRJ0AxiYBD1YrieTchMY0ekBqWMLuEqgJGar+MnnnATBM0ALfFW1jSs47GqJ/msdTO5gWymDbmC0/tO6VxKxI7SnGjB9Ry+0vd0/IaPp9Y/j2VY/HHVLH5+8l2patZdonaUWWuexFImXx94ASErxNPrnsdUJi2JFqJ2tLOaVgghhBBCCCGEEEIcvQ5JsGr2Goi3ZSmQDKGUaeGseR198r+hgtmHYglJro27+UNIhWHJTYU8VE7XzZaUSkavWoNh9Bxo7qmxsYlNmzexYeNGPl37KZ+uX0dDfSOJRIx+ffuRl5dHQ309Zg8Vqx1Vq4Zh0N7Na/178lLndNxDZjc9WceOHUteXh7NLc28+cabXDPtanz7WENLaytvv/MWSilKSooZMWJ4l+PtkQjhcDgZ5CpFXV2Ydxa8Qyg9nfRQiEAgQDwexzIN/H4/juPiuA4bNm6kT58+VFSUo7WmpGSP/rWpFrgGis9aN1MTC2Ng4jf9+AwL1/NIaBu0h9YeaVYaTfHmXefuNZdOVYyG+fF7/0O2L4OaaB0NsQZGFYzk1IopnFAyjtKMki6nhqN1OLj4zQAZ/nTO7nc6z6yfjWmYrGn8lI/DnzCmqGuf2jkbX2NHpIbRBcdwbNEYNjZvwkgtqsluPaCNr4QQQgghhBBCCCHEke/QBKslI7D107u+oQy81jD2p/Pxj7zgUCwBALd5G+72VbD76+DaxSge2mVcsk9n6u/egQdh27Zv55lnn+WZZ56hsbGJAQMGcPrppzPtqqspLy+jtLSUWDTKFVddTUNDPZblIxKJ4Pf3XMGo1N6bLu01BlKVtgq/308sHiObrC5j8nJzueuuu7j5uzfz0ZKPmDPnVb52wfl7zeVpzR/+8Ah19fWYhsntt9++V1DrsywSqR6xkUiEO35yOyefPKHLWg3D6BISdwS/QOffk5tp7Sa1WRQovjv6Jvrn9O3x3leFq7jt/f9mr2RVg06FqznBPECxon4VlrKwTIvLBl3I4PzuNx1rjDXhuDb5oTwMw6AgkM9p5ZN5c+s7mMrkT6sf5/6CYfhSrSQao408s/5FlIJrhl6OaZhk+jJBKRRguwlaEq3kpeV2ez0hhBBCCCGEEEIIcfQ4NMFq72PAFwTP3fWqtxUk/taDWJUTMNILD8UysD95BdwEWEGSiZuGYDbGHkGX53nJ18lVMmA8EKtWr2b6dddRU1NLRZ8+/N///ZFjx47d63X8lpYW2tvbAQgEAqg9Q8UUpVTnplEHyjRN/KkNr3w+3z7D2K+cfRaNjXfy4IMPcNuPbqOltYUzTj+d3JwctNbUhsP86U8zefTRR8nLy+NHP/4Rp06Zstc8GrBSrQws0yQSiXbbY7WjV2znfR0Qhatd/Eb3rRL2lqxK3eu7Ktmr1UOTZoX44bibeWjFw6xuWIPjOvxq2UP8fMJd3YadO9p34qHJDWYTMJM/x4sHXsDb295Do/msZTPvblvEKRUTAXhh/RyaE82cVHQCg/OSYa3f9BEyg8TcOFp7NMQa6ZtdcYD3JIQQQgghhBBCCCGOVIdk8yojuzdG3xPQ3m47shsmRFuJzb0HfQg29HGbtmB/9BSYfjo6buK5mKUjMNK77mTv7V6legDhZktLK9OnX0dDQyO9S3vzxGOPMeHEE7vtcerYDo7j4HmagN/XuVHWnrTWpGek4zjO3mvaB8MwUYDruliWSSit+023DMPg6quu5Ne//g1KGdxzzz1cdfU0rr/xRqZffwNXT7uG999/n1tmzOCVl1/m4gsv7DYQTQsGKSsrxXWTgfm27Vt7XGNP9B6vyjva2cfIrhztJv+iOuZJVcPqZJWsAcScCMUZvfjumH8ny5+s5K2J1HD/st9id/MMbm3bgYEi25+FkWrEW5rZm3P6nont2VjK4rG1zxB3E9S2h3n5s7/iM/xcNeSSzt6rShlk+rOST5yCmkjtwX0gQgghhBBCCCGEEOKIdEgqVlEmgWMvJbLurd2+qcHy465bQPzNnxM89b9SoefnTyfaiL9+D9qJo8zdKiC1i2/omZ09VzskQ0wFqAOqWH1z3pvUhmvxWT4uvuhiKsrL9jve81w8z8M0rb1fg09RSmFZPhzbxvX7yeimX+qe4ok4tmOjFJiGiWXtuz/sBx8u5q6f/pTp06/jsku+jt/vI1xfj9aagrx8cnNzCAaD+72e3+9nzJixLFu6DJRiddXazlf+/1G25yarhVMfu+MeWLAacZP3rUkGqXYqxC8I5mN7Nj7ThwKiTozi9CJ+ctz3+f67P8FSFivCK3l09V+44ZhpnVWvrueyM1KDRpMfzO8MVgHO7nsar26eC1pTG6nlbxv/zrb27cTcGGdWnEplbv/OsSFfkExfJjWRWlw0rYmee+UKIYQQQgghhBBCiCPfIalYBTBLx2CVjYY9gzLLh71sNrE3fo5ORD7362o7Suz1u3E3Ld4jVPUglIvV/+S9zumoDlUKPG//warWmgUL3yUQCIJSlJWW7nd8wk7gOC5+v59oLNql5+iea0gkEqnWCZpQqPvq0925joNt21imhUYTT/U/3VM4XMfV067GtW2+/a2bKC8vo6ioiBHDhnHM8OGUlBT3GKp2+Op556JVMmSdN+9NamvDB3TevrS70eRflEKhaHUO7JlwvAQKAwPwtEfUjQHJClhN8vM0lYlPJX+XMDh/IDcOv4a4l8Bv+Hhx46ss3Lqoc76oE6M2EkZhkO3P7HKt3pklnFl+KrZ28Zs+Zq15ije3vI2lLM7rf3aXYNln+Mjwh5I9Y7WmMd70j384QgghhBBCCCGEEOKIcciCVWX6CZzyne6DRMuPveJloi/egle3/nO7pteyg9grt2KvfgPMrr06tWPjH38Nqpvemo7rpOoWU9vT9yCRSKTGa1paW/Y71mf5aG9vRym1z2pVAMdxaG9vx7JMtIaGxp4DOa116rX8ZAeDRKL7FguzX3wR23YoKCzA5/vnipaHDhnCaVNPJR6P09bWxmOPP35Q59fV1XV5JvyGiac9FJCMRA+sz2zICqbaBiT7qSa85L3XxZrwGSZKJdsFdHwf4Jz+ZzK1bHJnuPrAst+yofEzABpijTQnWlAG5ARz9rreVyvPJmgEUp0iNAkvwZTSiVTm9OsyzlAGWf4sNBpDKWraw7gdbQuEEEIIIYQQQgghxFHrkAWrAGbpKPwnXgN2rJuDPtxNS2h//HoSHz2BbvvHe1HqeBv2Jy8R+csNOOsXdq1URYHnYORX4B910T4m0Hg6GYTFE4l9VpVC8pX9sWNGk0gkMA2Dt+e/1dkXdU/xRIIHHngAx3FwXXe/rQAcxyEWj6FU8tX2aLTnys1YLE4sFsfzNIahyMzsvn1APB7Hsiyqqtbw8pw5hOvqiEQiOI5DJBIhGo0Sj8f3eR+7MwyDO+64naysLEzT5I//9388/eyzPZ6ntebZ557ndw//oUuFZ9xJoFKv82v27rm6L42xZkwMQKM1+FSyDYKjE6loVpFwExi7XctQBjcMn0ZRWi+09nC1y92Lf0Vbop2EmyDhJVBakZPqx7q7koxippZPxvbszk3Ovj7ogi4tAzrkBrPRaBQGNdHaA25vIIQQQgghhBBCCCGOXIemx2onRWD8dbibF+NuX4WyAuyqSNRgWuDEib95P4klT+EbeR7WgCkYOWUoX9r+p/ZcvOZtOJsX4Xz8Mm7NWkClKlV3C0a1C1qTdu5PUf70bqfKzs7BcR1Mw8Sxe95Y6+yzzub+Bx7EdV0WL1nC7x7+Azdef12X1+nXrFnLXf/93wwfPpz+/fuzefMmqquraWhspHdJyV5zOq6LnbAhFTLuq/p0d6H0EIl4HK01nqf3GQhPnTqF3zz0EIlEgttuvY28/Hyys7MJ+P1owO/zEQgGCQQCFBUVMWzoUE466UT69e3b7XwlxcX88ZFH+OY3/42GhkbuuOMOtm7dxhWXXUrJHveWsG1Wr67iTzP/xIsvvsjDv3+4y/G4G8fTHpZhorRHmx3t8b4BLMPE1g5+lfy2SOXsAAAgAElEQVR5NyVaKKU3cTcVjKtksOrusQlYdjCLHxz7XWYs+BE+w0c4Gub3H/+JIbkD0VpjKnOfPWMvGnAef6+eR9y1ObbXGMqzuu+tGzADGBgopWiINRBxogSsvTc2E0IIIYQQQgghhBBHj0McrILyp5N2wS+JPHEduqU2GaZ2GaDA8qNba4kv+AOJd2di9BqAWTwMo7ASI7sErGCyV6tpoltrcBuqcXeswttZBfF2QIHRza1pjfY8gmfdillyzD7XuGPHDlzHIW7HsBOJ1EZT+94IqqSkmF/+4hfc/N3vorXm179+kHcXLuSE8Sfgs3x8vPJjli5bzoz//E8uu/QSBj03iB/88Ic01Ndzw43fYNLEiVx00UUMHFDZOWcsGqOmZmdnn9S2ttYeP9vGxkYSdgI7YdPU2EgkEiUtbe9AetjQoTxw//385qGH2LJlC+FwmJqammQbAcA0DZJZpMJQCmUYBAIBLr/8Mm7+zncIdTPn2DGjeebpZ/jFr37JG2+8yUO/+Q2z/vxnJk6aRP9+/Qilp9Pc1MTijxazcuUn9O3blz8/+mcmTeza49bTHp720JhowHa77xO7173HmlPVoirZSiCVKRsYONoloEzink1jvImsQNeeqYPyBjB96JXMrHoCv+ln4fZFfLDzI/yGHw8Pq7tnCeiVXsjpFVN4ceOrXD7wom6rVQHSrXSS22op4m6CumgDud20FxBCCCGEEEIIIYQQRw+l9/ee+xfIbd5G7OmbcJu27fGqfjc8D5Lb/wDJwA+l0B3Vh6mKRKWM1GZP3dAa7TkEJt9E4ITpwL53rl+3bj3PvzCb/IJ8XNdh+jXXEAj0XGG44uOPeezxx1m06AMa6usxTJPs7CymTjmV6ddeQ//+yf6brusy59W/8uGHH2IYBsceO45JEyeSm7ur3+vOmhpmzXqMgoJCamtrOe+8cxg+bNh+r79u/Xpmv/gSBfkFhOvquOH66eTn5XU7trWtjfsfeIAnn3ySUaNGM2jwIEqKS8jPy6OpqYma2hrWrV3HshXLcRwH0zSJRiNcccWV3HXH7fsMmh3H4eOPVzLnr3/l3YUL2b5jB47jYJkmaaEQEyacxDlfOYeTThzf7YZc29p2UtNeg8/04XgORaFe9M4o7vGz39D0GW2JNpRh4LoO/bL7khPM5rOmzTQnWjAMA9dzGZo3iKC198ZccTfB0prlhKw0fKafdCtIwnNpd9rpl9WH7MDe7QAAWuKtbGjZxKiC4fsMVmsjYba0bsNn+nA9l/7Zffc5nxBCCCGEEEIIIYQ4/GbMmNHjmMMWrAJ4TdXEXr0Td+sKsHyQ6pG5P5qukeieX3d/oWQlZmDKd/CPuwL2EYDt85pa7/N18O7G1tXVEw7XkhYK0auwkPT07lsOHC6LPviAW2/7Efl5+dx55x0MGjgAv9+/1zjbtvl0/Xp+9rOf8+GHH+Dz+YnFYrz80ksMGzqkx+u0t0dobGqkubmZtLQ0CvLzycqSQFEIIYQQQgghhBBCHNmO+GAVQMeaiS/6E/biJ5OVp3u2BjjQedgzYE3tK+86GJm9CH7lDqw+J/zzCz7KVa1Zy7nnncegQYN46i9PkJ2d3eM5LS2tXHvddaxevRrbTnDHHXcw7aqrDsFqhRBCCCGEEEIIIYQ49A4kWD240s0vgApmEzzlP0m77LeY5aPBczorTA9qnt2/0IBrg+fhH3MhoSv/KKEqEE8kuP2O27HtBDNuueWAQlWArKxMrrjicmzbxjRM6urqv+CVCiGEEEIIIYQQQghxZDvkm1fti1V+HObFI3A3vEVixWzcLSuSAasy0Ur1/Cq+1qBTPVcNA2vYGfjHXIxZOuaLX/xRYsOGjaz8eCVZWVn069f3oM6tKK/ANE0cx6FPRcUXtEIhhBBCCCGEEEIIIY4OR0ywCqB8aVhDzsYaMBV35yqczR/ibHwXL7wxWcmqkxtYKc8FI7kDfHKzKgWWH7PXIMy+x2MNmoqZX7nvjay+pBoaGkjYNv5A4IA24+pCAVpjWRYDBw3a71DP89i2fTt2IkF6ejpFRUUAxOMJwnVhXDdZkZydlUVOTg5aa2pqakkkEmit0WhM06R3SQmtbW04tk1BQQEAjU1NuI7T+XWHRCLBjh07cF2X3Nw8cnNzOo+1t0cIh8OAJi8vr7PPa0NDA47j0KtXLwCamppwUnPX1dcTaY/gaQ+FIic3h+zd+sO2t0eora3FMBRFRUUEg0Ecx6GmphbHdUAn++36A35Kios7fzEQj8cJ19XRq1cv/D4ftm1TU1tLcVERtu0QrgsnPwOtSUtLo1dhYZdfKriuS01tLVprSoqLMQyD9vZ2wnV15OXmdt6b4zhs276dkuLizv65sViMurp6evcuwTCM1HprKC4u7tyMrLW1lda2NnqXlHT5fF3Xo6amhng8RjAYpDh1T4lEgp01NWitQYOnPTIzMsjNzWVnTQ2GUp1jW1tbaWhoJD8/j0AgQE1tLZ7ronXymcnISKegoICamhoyMjLIyMgAIBwOk5aWhuu6NDQ2YlkWSikc2yYYTKO4uGi/z6MQQgghhBBCCCHEF+GIClY7WQHMsrGYZWPxH38Nuq0Wr7Ear3k7OtqUDK3sGIY/hErLRuVWYOT1wQjlgXWQgeGXiM/vwzJNEokETU3NlJWWHvC51ZuqicVijB47hsEDB+xznG3b/G3u62za9Bm5ubk0NDYycsQxnDJ5Eo2NDTz7/PPk5uaCp2lqbuYrZ51FZWV/Zr/8EpZpkpGRied5pAWDnH3WmXy84mM+WraMb1x/HRkZGSxe/BGtrS1cdOGFnddMxOO8PGcOLW1tmIZJQ2MDF55/Pn369GHnzp3MfullLNPE8vlobW3la+efT3l5Ge9/8AENjY1cfcUVACxfvpy6+gYuvuhC3nrrbbbt2EFuTjaO7RCNx/jqV86hvKKcuro6nn1hNn6fRSKewPL5uPzSSwB45vnnycnOJhgM4HkeeTm5FJ3RqzO4rK2t5bkXZnPlFZfTq7CQ5uYWnnv+Ba65+irq6up4+dVXKUoFvQ0NDYwaOZKJJ5+MYSS7dsRiMV56+RXa2tu4Yfp0cnNzefe991n+8QomnHgiE046CYB169bzwksvcc5ZZzF69CgAampqeOa55/nKWWcyfPhwWltbefaFF7jh2mvJyMxEa83f5s5l0+Zq/u2G6ztbRSQSCf76t9fYsm0rOVnZhOvrGTFsKKedeir1DQ08/exz9E6FvJ7n0b9/f44ZMZznnn8B13W54brpZGVl8dbbb1O19lPOOO1UykrLeObZ58jLyyMQ8GPbDv379SMnJ4e/vTYXn9/P5ZdegmmavDFvHkMHD8bv9/PR0qW0t7eTSNjk5uRQXFxEcfHpB/wcCyGEEEIIIYQQQnxejsxgdTfKl4bK7YOR2+dwL+WoN2zIEHJyc6ipqWXZsmWMGD7sgM6LxeM89sRjKEPxo1tv22+16/Lly6murmbaVVeRmZlJTU0NTz7zLAMHVBIMpqE9zUUXXEBGRgZvv7OAdxYupKSkGMdxOGXiRIYMGZKcSIMyFKCJxWIsWPguZ591JspQqD22Kaurr2fzlq1Mu/IKCgsL+XDxYppbWnBdl9de/zv9+/VjyimTMQyDpUuX8tIrr3DDddPxWb6ucymVuiYk7ASjRx7D5EmT0Frz0iuv8P6HH1BaVsrfXnuNIYMGMvHkk0kkErw293Xq6uspLChAex7nnH0WhYWFydvQujMU3XUZhd/n67hkZ0Wq52lCaWlccvHF+Hw+1q1bxyuv/pVRI0eSk7OrAtfn8+GzfGzfvoOsrCy2b99OwB/A83RqHo+Vq1ZRUlTEso9XMGLE8GSVJ8mWGm/Mm09lZWVn2NvRobixsZHa2jDZ2Vms/XQdxx93LADLli9nx44dXJP6me7YvoMPFy8mHo+jANMwuOjCr3V5LiKRCKaZrIqtr68nLS2NmpowgYA/2bUjtWfeV889Jxm0p3ieh9/vY9OWatauXcuwYcPwtMbzNEOHDmXw4MG8++57bN2+jUsuugij8x6EEEIIIYQQQgghDq0jPlgVn5/MzEy+/73/Ysb3buG+++/nuOOOZcjgwfs9JxqLcfudd7JkyRJ++MNbO8O27mit+XTDBsaM2hUE9u7dm/KyUtZ+uo5jRgxHGQaNjY3EYjHC4TBZmZlYlkXA52PJ8hVUb92afD2/sJDjjj0W19P0qahgw8aNVFdXk5mZSUtTS5fr5uXl0auwgGeff4E+FeUMHjSI/v3709raSn19PWedcXrn6/DDhw/nvQ8+oLY2jGF0E8ol8z4sy6KmtpbVq6twXZdwbZgTjj+O1tZWdtbWcvZZZ2FZFpZlceHXLgCgtaUV0zRZsPBdMjIzcByHvn36MnzY0M7plWGg0by9YAEBf4BINIKnNUopDENh2zZVVVUEAgE2bvyMXr0KCYVCu33G4LMsBg4YwI6dO+nVqxDTsiguLsZ1HSBZ6VpfX8fll17Kk888y86dOykrK8PTHtk5Ofh9FgvffZdjx43DMs3Ond8+XrmSYUOGUFnZn1dfe40xo0dhWRYrP1nF2DFjyMrKIhaLEUoPMXnyJCzLQmuNpz3eeHMePp+PWDzOKZMmEgwGMU2Lyv5lbNmyhWAwSCDoJy0UxPPc1P0avP3OAkKhELZtM2zoUPr27YNhmAweMIC33llAaWkpacE0HMdGKZUMg1P/tlLhtBBCCCGEEEIIIcThIMHql8yFXzufhoZ6fvHLX/K1Cy/iZ/fey6RJE8nJzu7Sy7O1rY1PVn7C/Q88wLLly7nzzjuZfs01PW4i5joOltX1sTINE9tOpL7SzPnba1iGQVZ2dmfo6XiajPQQvQoKcZzka96QbC3Qp6KckSOG88ab8ygrK8U0u1aABoNBLr7wQtatW8+n69bx4iuvMGnCBCorKwG6VIwqlax49TwXw4CAf7dwToORmtswDJqbW/hk9Wo2bdrE5IkTGTlyJLW1tZ3z7KkjZMzOyiI/Px/HdcjMSO92XCiYRnrqmE5tuqaUwnFcNm7azIaNGykpLubrF13UGQonx4DtOFSUl7Pm07Ws/GQVvUtKiMfjdCSkVWvWkJGejtaa/LxclixbRllZGQpFwOfj9FNP5bnZs8lIT8fv92MYBrZt88mqVYw//nj8fj+R9ig7d+6kvLycRDyOLxVifvrppyx87z1s2+H8884lFEpHocjPyyUQCGDbNpZporXGdV369e3LuvXrSdg2FWXlNDQ2pKpVNZ7WZGdnkZuTi23bpKUFgWQf2uOPPZZ1G9bz1jsL8DyvSwje8dEnv9/1WRBCCCGEEEIIIYQ4VCRY/ZIxTZN/+8aNHHfcccx89FF+/OOfEEoPMWTIEPLz8vDQtDQ389lnm2htaWHSKZP5n//5KYN72LAKksFgae/erK5ay9ixY/H5fLS1tVG9dStnnnYahmFgKIPzzzuX/Ly8zlAvHo/jOg4jhg9nQCoM7aC1JhqJcuL48ayqqmLFypUMGzyky5g1a9dSvWULZ5x2GiNHHsP777/PylWrGTFiBP5AgPXrN3RuULWleguO41BYWEhtuI7tO3Z0zhONx9BeMuRMJBIMGTyIk048kTfnzaNq7RpGjx5Fbm4yQNy+fTv5+florXnttbkMGjSQoqIitKc5/vjjOjeR2pP2PJQyOOGE48nKyqKxsZE1n65NhrKeR1paGl899xy2bNnCiy+/Qk1NDX367GqDoQHHdcjOycYyLT5aupQLvnoe69etx/JZ2LbN6qo1KKV45dW/4jg2W7duIxKJ4PP5iMaiFPYqZNLJJzP3738nPRTCsix27txJNBpj9Zq1VK39lEDAz7LlyykvL2fgwIGsXfcpo0aNZOTIkRQXl/CXp58ikbAJhTQoxQknnNAl5GxtbcVxXXJzk6HpipUrueC886itC6daASR/tuOPP55Q+q7w2XVdXM8DpZh08sn8ceaj2I7DgP79unwGQgghhBBCCCGEEIebBKtfUmPHjGbsmAfZsXMnmzZtZsuWLTQ1NZGWFiQYTKOiopz+/fp19go9UMeOHcv6DRt55tnn6Ne3L1Vr11KYn8+ggQOoq69Hk6wwDQaDnedonQznPlqyhJ07a5KvtGs49thxGIYiHotjmianTZ3KzFmziCcSXa5ZUlTMnFf/SiQSpXdJMUuXr2DUqJGEQiFOm3IKc/76N1rbWvFZPpYuX87ECRNIT0+nX98+vLNwIS/PmUN2VharVq3m3HO+AiSD1UQ8jlKKkydM4JGZM5k3bz5nnXUmZ55+Oi/PeZVwXR1NTc1s2LiR8eNPQKde6X/7nQXk5OTgug5pwTTGjh3TWfHpaY32PKLRGFlZWTiO0xkyep6H6zq4rkvfvn0ZecwxzH7pZa6ffi2ZmZkdHxaxaIxgIEBp796s37iB/Lw8VkQiFBQWsnnzZqLRKN+4/nr8AT+O4/Dnxx5nxccrKe3dG8dx8VyX4cOHsWzFCurr64nH4yz68ENGjx7FKZMmoZSirq6OWU88waSmJk46cTyzHn+CJ59+hsp+/aneWo1SitzcHDzPQ2uPefPmEwj4cVyX4qIievfuTTweJxgMUNSrFztrasjLz6e9rR3P80juQKeZ//bbZGVl47oOmRkZDB8+HO25qZYD6ZwyeRJ/fW1u6pwk13FxbPvgH3ohhBBCCCGEEEKIz5F555133nm4FyEOn8yMDMrLyhg+fBjjxo1l1MiRDB82jLLSUtLT936NvSfBYJCBAyqJxmKE6+vp368vp0yeTCAYxHU9LMukoqysM2jsYBomlmWRSMRxXQ/bsakoLyfg95Odk0NBQQGhUIj0UIiCggKKUhWoHdccUFlJfV099Y0NDB82jHFjxmCaJoWFhZSV9qYmXEc8EWfCieM55pgRKKVIT0+noqyM2nCYaCzG8ccdx5DBg1FK4XkexUVF5ObmYlkWZb1709DURFlpKUVFRZQUFbNt+3ZCoRBnnXE6BQUFncEqCmw7gW07GIairLR010ZRWmP5fFSUl3e+4q+Uok9FBZZlEQymUV5WhmEY9O5dguM4hEIhsnergDUMg94lJWRmZpGRkUFlZX80mvy8POKJOP379aO0tDeGYWBZFjk5yeCysLCAtLQ0SkpK8Pl89C4pIRgMUlxcREtrK+PGjCEUCmEYBqFQCKUUmRkZ5OXlMXBAJbZtUxsO06tXL6ZOnkxhYWHnJlSu9nBsm4TtEEpLo6ioF6Zp0K9vX7KyMsnJyaZvnz5orSkpLiYrK7uzwtW2E9iOg2lalJWWYpgmxSXFZKSnk5+Xj2kalJWWdlYBa63Jzs6muLi4x9YUQgghhBBCCPFlEIlEWLRoEQsXLmTOnDksWLCA6upqmpubKSws3Ov/g3/Rkvu0/JCKigp69+59SK8tDq1f/OIX3HfffTz++OMsXryYkSNH7ioOO8q9/vrrPY5RuiMZEUIIIYQQQgghhBBHjUgkwty5c5k7dy6RSASAtLQ0AKLRKAChUIgzzzyTM888s8vmyF+kP/zhDyxcuJCJEydy4403HpJrikPvrrvuYsGCBSR2e7N48ODB3HHHHZSVlR3GlX0+ZsyY0eMY2flFCCGEEEIIIYT4MgnP465p05hZ9Q8e70HVzGlM+4dOrmLmtLuYFz7Qsf/4Gv8VRCIR7rnnHmbPnk1FRQU333wzs2bN4uGHH+bhhx/m97//PTfffDMVFRXMnj2be+65pzN8/aIsWLCAW265hYULF3b5esGCBV/odcXh8c4777Bt2zbC4TBXXnkllmWxcOFCWltbD/fSDhkJVoUQQgghhBBCiC+dSqqf6S7ErGLmjEfZcDiWJA5YR6haXV3NlVdeyW233ca4ceMAqKqqYs2aNYRCIcaNG8dtt93GlVdeSXV19Rcarj7++OM88sgj1NXVdfl+XV0djzzyCC+88MIXct1O4XncNW0mVXt9bxp37fGgH1D4XzWTaXvOd0RI/lJh2p5/7prHAf1OYn/C87jrAH+5sWTJEurq6mhububYY4/l1FNP5ZRTTkFrzdKlS2lubv5nV3NUkM2rhBBCCCGEEEKIL6GJEytYsDLM1Km7bVpctYj5U6YwZf78Xd8Lz+OuLmFrJdfedwdTC1PH/hcmVjzKo/OBKbdya5erhJl31wwe3TCFW2dNZ2jn1x1TXct9d0ylkCpmTruX+QAzprH51lmcu+MuZmy+hFu5l3tTy5ly6yymD+3mZva3xm6OV157H3d0HKyaybR7d93vPq9xBHnhhReorq7mxhtvZOLEiUCyOvSJJ57oDE47WgB87Wtf62wD0BFwXnXVVZ/rejZv3txjP8oXX3yRcePG0adPn8/12p0KS6jgURZVTWdox8+vbjMbKiupXLCS8NSpJH/iVSyaD1NuPcJ/yD3o+pwm/7uaMbOEWYfo4V2wYAETJkzghz/8IXl5eQDccsst1NbWsmLFCiZMmEB2dvYhWcvhJBWrQgghhBBCCCHEl9Ex46lYsLJLlVvVovlMGT9+1zdSgWTFrbOYNWsWs2bdx7WVG3j0f3erjtvwKAv63Jc83iXUSYWoFbcya7dQdcHE1NhZs7i14lFmzKwChjJ91q1MoZJr79stMJp/L890zH3ftVTf283r/z2uMVmFu+v4rVQ8OiM5T9VMpt0Lt6bWk7zGgbYjODzC4TCvv/46Q4YM6QxVN2/ezCOPPEIkEqG8vJzy8nIikQizZ8/ufA1/4sSJDBkyhNdff51w+PO9wblz5x7QuC+2JcBQxk+B6h277q1q0XymXHIJFRs201lHG95BNVMYf3TnqnsoZOolU2D+okNaYTt16lR8Ph+2bXf+ufDCC8nPzz+Eqzi8JFgVQgghhBBCCCG+lIYyvmIBKztzqCoWzd8jcCqcyh2zdq+MK+SYiZV7zFPJxGMK2VPVzBk8yrXc13Fy1Rwe5Vpu2q1Cduj0W5ky/5l9B5mVu40vnEoyO9ojOuphjeF5zzC/8lrO7Tw+lOmzZjF9aJh5z8xnyq3TGbrbXDddC4/OOfJeAO+wdOlSAM4888zO7xUWFnLGGWdwxhlncPfdd3P33XczduxYIPnKdoeOczrm+Lzs+fr/vlRXV3+u191TQZ9KNmzuWEuYHdWV9Cn4/+zdfXhU9Z3//9eEYEgodxkQDDcZfmRYokt/l4lfIclEi7XYXitq3ZWA7mWh3W37RQRqWn91LXJjXbpULCiya7e9ZLkKCP2ttWB/FepKIYGIhfS66rcECchEQrjLkEAwNxByfn+cMzNnJjPJDEzu4Pm4rig5t5/zmfM55+Q978/nZGvqtF0KnDa1VTo2IVPD/Ut9sCym7vTRlwvtmh8M/J/TB8ue1LIPPgjOX/aBzlnDE0TaX8Wbtq791zuAcMWbIUMFBIZDaNfd/9rGK/7yl7+sq1ev6uzZs2pubtaVK1dUW1ururo6eTyeDoOrV69eVXNLi5qamyP+tNhehtXbMRQAAAAAAAA3qeyp47TVPxxAxYfaNW2q5kr6sN2Stq76kjShsOMN71qhFZImzJmsQG/8U59Jx3ap+Mn1YQtP0Jxo2xl3m+wh2+GZE6SSUzqn2yIsHLmMtVXHpHEz1T70W6uqY9KuFU9qV/isaVGPrMdVVVVJUmBMVcns9m/v3r9jxw4dPnw4MM/Pv06iM1b9++pMVwdWR0wu1IT1H6pibrayz32sEhVq3ghJmRO068MKzc3O1rlTn2lC4YPm+VDxporXj9NzG5YoW2ZgM2J3+qjLDdcHy1boszmrtOG+EVYG9DJl2oahOLa+SjM3bNBc6/wsXjdHqzZs0Agr0/rdivs0N9sM3K74bI5WbbhPI6zs7mUf2Ias6JD5JYGmPWd9SVChN1d8pjmrNpjlqHhTT654VxX32b5EuA7r16/XHXfcoT/96U+qqqrS17/+dQ0cOFClpaX685//rEceeUS/+93vdM899ygjIyPiNurr6tTc3Bxx3pAhQ5Ryyy0JKGnXI7AKAAAAAMDNKnuqxlkBF324S9OmzpVCOhMHg5UTrODRuQ+WqbizHt0T5mjVPGld8Tp9MNk21mlgTNVEusYyWvrCmKp2nWWHrl69OpCROmnSpIjjqXZ1gDOarnpxVsCI2zROJTp1TsqurdKxcVPNc21yoSaUnNI5DdfHJVLhPGu01Q93acKcVYFgY/aDczSh2ArM2jZb8aE9aCllz92gDZJ07gOVHJsQ2J6yH9ScCcXW2MXmpAlzHrTWG67MCdKEQuvLhhG3aVxgD+f0cckxTZu5xGobZtf+9VvtY8OGaveFwARbdriyNXfDkuDWT30m2fZ2rWpqavTuu+9q/PjxuvXWWzVp0iTV1NRo48aNgWVcLpdGjRqltLQ07dy5U3feeacmTZqklJSUwDL9+vXTwIEDdfXqVV25ciVkHykpKUpNTb3usnYXAqsAAAAAANy0sjV12gp9WDFV2jVNU+eGza74ULuuJRg67jaNGJGtmdPWa8W6DzR5yX0acds4yRrrMuZtfXZK55QdWD5i9mknZQxmuWaHzTcDXSWnzknZiQ31dqXhw4dHnVdVVRUIqj7xxBMhwwVIwcDmuHHXH2Sz7zPe5bvsBVbK1tRpx/RhrX+8YOuEHjFZhVqnj8/dpqpj4zR1hGQOFSAd21Ws0CTqCWZgNvC7udyEwgj1XlulYxqnmdd9+kTLnp4Wtb10/IVA6EviJkwIH77j2vzpT3/SnXfeqVtvvVVJSUnKz8+X1+vVqVOndPXqVTmdTo0fP15paWkaNGiQBg4cqKqqKmVkZGjEiNCjGDhwoJpbWkIDqw6H0tLSQoKwvR1jrAIAAAAAcBPLnjpNu1as0K5pUyN3E7a/+KfiTRX7ozWxbHvuc5p2bL3WfXDOyubbpRX2wRwr3tSTT74Z/YU7x9YrMNzpuQ+0ddcEzXkwQik7KOOI+2Zqmn07gbEvpftmTtOx9ets40365/Xet1f5g5L2sVP9RowYoWOwZxEAACAASURBVIULF2rhwoWBF1vZ+dcJD3Jdj1hfXHWty8dreOYEfXaqwhpf1T91hG4bd0xVH5/SZ4HzfIRuG2dlOftfXrZhgzZssGVY25YLjt0asjNN0Gc6dd2nixnkn/bchrCyXGPX/Yp3tf7YtMBL2ZbMTEwg/dNPP9XgwYPV1tam1tZWpaamKjs7W/fdd5++8pWvKCcnR8OGDZNhGGptbdUXvvAFnTlzRk1NTe22lZSUpIFpabrF1uU/dcAADRgwQA6HIyHl7Q4EVgEAAAAAuJllT9U0SdMivSY9e66em7ZLK/wvwdmaqVXPTZOO2V961eHGNfc5f/ByhO5b8pym7VoRfKnOCum5QPDIzDZcX2wLbE6YJm21li1er3HPhQe9YiljtuaumqPPVvhf5FOs9eOeM8euzJ6rVXOk9cXBeSWFsY5r2TP8L6WKFKCsqqrSmjVrtGbNmoiZpCUlJSHbuF4VFRUqLS2Na53S0tK4s1zjMWJyoVT1oapUKPs71bKnTtNnJSWyRVuVPXWajq1/V8HY/bKIgf7sqdOkXR+GLrfsA50bMVmFE46pxN8YKt7V+mORX+bWSak1uXCCdm0Nvsyq4s2OX6bVOX/A1xp/NbCr2zRO9jJ/2H6M4Qjq6urkcDh05coVXb58OeYfSWpoaGjX5V+SBgwYoP7+wKrDoQEDBoQEWvsChgIAAAAAAOBmMuI+Ldlwn21CtuZu2BD19+y5G7QhbIiA4OzwbdnGnwxOsC1vbjt8xIFI+zr3gSRl6sElkZaPp4yKcMz2WUsUZVavNGLECE2fPl07d+5USUlJSGaqfezUzz77TNnZwWC5/4VW06dPT1jG6urVq69pvRUrVug//uM/ElKGdkbcpnG71mvXtOdCz5vhmdKxz4LjoUpWYH2Zip980powQXNWRcgSbbfcND23wRx64r4lz6nqyeBwAtOe29A++B9Lse9boueqnrS93C24j7hZY72uL35S6zVBc56bowkrrLFnR2TrwTkTVLzeKvO0OZozQeos1F1XV6d+/fpFDJB2JCkpSZ9//rlaW1vVv3//dvMGDhyoK5cvK7l//z6XrSpJDsMwjJ4uBAAAAAAAgJ35AqrCLnjZVd/X2Niol156SSdOnGg3lqo/kzV82saNGzV27Fg9//zzSktLS0g5fvWrX13Ti7DGjRsX8aVa6L3++Mc/qrKyUnfeeaeSk2PP0zx06JCGDh2q/Px8DR06NOIyFy5c0C233NLrXlpVXFzc6TJkrAIAAAAAAPQhaWlpev755/XSSy9p48aNOnjwoL761a9q0qRJgYBqY2OjDh8+rPfee0+HDx9OeFBVUsTgaFVVVciYmqmpqV34sip0l88//1xJSUm6evVqXFmlSUlJam5u1tWrV6MuM2TIkEQUsUeQsQoAAAAAANAHNTY26r333tOOHTsCwUx/4LSxsVGSGdh84IEH9Oijj3ZLmfzZsX7hGbXom44cOaK1a9eqpaVFKSkpSktL06BBgzRw4EClpqbK4XCopaVFjY2Namho0Oeff67m5ma1tbVp5syZysvLS2hQvzvEkrFKYBUAAAAAAKAPa2xs1MGDB1VVVRXomj9u3DhlZmYqNze3WwNajY2N+vnPf67y8nLl5OTo29/+dp8LqAESgVUAAAAAAAAAiFssgdWkbigHAAAAAAAAANxQCKwCAAAAAAAAQJwIrAIAAAAAAABAnAisAgAAAAAAAECcCKwCAAAAAAAAQJySe7oAAICuY3zuU8uetWr17pfRWNfZ0tb/HV1drG7iUNKQ25T68L8paURWTxcGAAAAAHCDIWMVAG5gzbtW68qh9zoNqhqGITOgeqMEVSXJUNuFGjX+5vs9XRAAAAAAwA2IwCoA3MBaj5fFtNyNFE4NZzSc6ekiAAAAAABuQMmff/55T5cBANBVLsd4jXfcyKFViXsdAAAAACDRks3unwAA3Li41wEAAAAAEo2hAAAAAAAAAAAgTgRWAQAAAAAAACBOBFYBAAAAAAAAIE4EVgEAAAAAAAAgTgRWAQAAAAAAACBOBFYBAAAAAAAAIE4EVgEAAAAAAAAgTgRWAQAAAAAAACBOBFYBAAAAAAAAIE4EVgEAAAAAAAAgTsk9XYCojmzSvNWlcs1+Uc8WOjte1leilYvLlPfis+ps0YSu2w18JSu1eLO3/QzXbL34bKHMIh/RpnmrpUXr9PhE/zpjtGjd45oYdZvR53e9I9o07x2N7aV13m18JVq5eLMifLomzyKte+BMrz4/42Oep6WRZnkWad3jPXQ2bpqn1TL37ytZqcUnHumZshzZpHnvjLW16+72I6UV/52STqzWpa1brmF+Bx7YrEF/K11ZNVvNcZSlnyQ1l6v59ad0Jb49di3r/tSe5zqvq7Y2EnKNx/WKei9N4LXHfi2JMDfkPt0TfCUrtbgsr8fOq1g/g64rp08lKxfrxCM99xkklnlOVUd9Tu5sfqh46r1H75V9WrTnIJdm3xDPeQAA3Jx6aWDVp5J3SuXxeFS6eYeOFHZhANBZqGfXFXbV1hMjwh9+RzbN0+KViv4A7KrWOytL9K3w+Uc2WX/YjOm68iI2IedetD/4Jvb+8zMukf54MP/QWDk2tj/+Em3i4+u0rtv32ouN+JbSHtiixh32iUVKfcoMdBrdUYYH7lC/3hhQtYsQ+PSVrNTieZuuPbh65IBKCah2nXb3UvO6O29Tz32xc9OJ4TNwFj6rG+q219XKfqlNI58Ne3bwqWSlGcBzxbgZ6r27tH8O8pWs1OLFmzSyxxIeAADA9eidgVXfIZV5PXrk2buk0tU6cORxTQx70jiyaZ78CUMuj8c+x8yGXJSnstVWNqBrtl58dqR2BL4ltj3UhGSsWuvOHqPNm/3fJ19vBlLXmPjAbLkWn5BPivIHeJ7yxpTpkK8w5OHtyAErYB0xbbAXCcsI84Rl+dg/f2sB84+yI5tkJgXZPjNfiVYuPqFHrGmhWTO9PEvAfn7KOo5F0mr/wQeyWv2Zr2Hnayf12DtM1AOzXVpcdki+Qn9AyfxjO/gxhQWbwrJ9A5ntvhKt/KWUN2azNpdK8izSi2PfCcvCCc0c82eZvTj2Heu8WK151eb+fJvm6Z2xi5RXttoqi3m+jNxhu/6EZAOFZaPYgghmhk+eZldvDhxXYF3b57R43okevea0natUUsaPJP04ODHnHvWTV1ebXeb4MTmv6wvT3Lq6a7qayq1l4shKHTC3TMmfl6ttbI6ZlSrp6v/JU+MOqf/MnRowdpAklwYUl6n//8lT444ipT61SMkDrIXP/04Nb/44ytZ7jrPwEXk2v6MzPmmiU+rsfPil8jRm82aVSrrrPpcOfGCeGIvnbQ601dDrlb19H9GmeQc0dna1Nm/2Sq7ZeiavTK+ceESLtFrBS8Q6PXDGto2QwFZYO5P9fI7hfhitHQbKF/nYew+nCp9dpBPzVmvTXf5rY0d1ok6OWZIOhBx3u2vuAds1uV0QPbTOwrcd9b5nzTswdraqN2+WN3Bfs2/PpZBHpV6j/Wdgz5xUWDuJ3C7C7+ORzj1n8HNdPc+WxRn2edvP0/D7yeTJ0sdDQtpAT2cBS9KYvDxVHziikAdl3yGVySOPq1TV9oXbZdsH23R4vUe7XwXrPnivdKqjzySGa0ln5Yp27/QfbkfnQx94DnLenieXTgR+b5f9bn8W9EXuMeGa/aKeHbkj+rxe+6ALAEDf1ysDq75DZfJ6HtFETZQ80uoDR/S47YHxyKZ5Wl09Wy+uK5TT/1Asl/ICS3i1+Z08vbhunZzWA/bieS7NfnGd1jmt9XccUWHEJyuvNpf51zW3vXrTXb3wD8LO3X7XGP3ykE+Ftj90D5R6dNci9e7AaiA4us586PaVaOXilSqxHpRDP3//8v4/yu6SR6HB+OD5ZPvDYd2zwXX7VJZAqVYfWKR16x636mW15pV6rLoyz9d3Sh6wBeui12PvZR5HWd6LWvesFQrdNE+LN4202uERbVq8WWMWrdOzE2X+Pm+xNo1cp8edkrybzXXXWSHaktj26ix8Vi8qtHujT5J38zvKs187Fs+Ta7a1/SObNG+1P6s+GLBdZwvQrCyx/UFTulkn/POPbNK81b9Uye3PqnDi41q3SD08FIDlwh5dHfGIBkiBAGn/LLd0bo+MEVbuU/keXc3LUb+sIqncHBZgQIZLxonVMXb1lxxj3TJ25amh3Aqm/u1mDdgxW81bp+vKA5s1KOu8lbFqBVUbf6eG138sWb8PmqteGVwN6vx88G4uC5xbkvTNL4YOBxEctuXZ4PUrJCO2VJtPLNK6df5gbZn5ZeSidTIvESu1ePU8lXqsZXwlWrn4HZU88KwKnda9c8wirXvWFvzfbJ2TTqnj+2EH7XBiDG2h15iouzzSO2d80kR1UicdHbO1udJqjbU+U7P+N+ku2/2ltDR4TQ7teRLstr0uENherJUy66zj+5617c0ngtf78O1ZAWG5gk9KvYf9M2h/foS3k47v42amZrAebefesy9KIT1DwttAhAzmkPuJWafB5wufDpV55Xnk2Z69Zo+8XXllO3TEfGqWZD73KO8RjS2zBVaPbNK81dWa/eI6W8BzdfRn3Gj3q0j3yk6frTq4lsRSrmhlccrqiRW8Tobsu488B/kOlUmzvxXbc+jEx81nQP+61n3ikUKnpI7mAQCArpJkGIZ6188n2rHZK0+uW4ZhyD19llyl72hPbXD+gVLJ87BH6YYhw0iX55uz5JIC25Ds893K9UjyPCxPujnfneuRqk+r1rZ85HXTlT3VFbJs9/9IUvi0Wu355WZ5Pbly28qt8HXcuRpT9tdg2T85oFJPrtyBxXvuc46+/1rteadUnoWzA8dmpHv0zVnS5h2fmJ/f7Nf1+g/8n5F5nJ7A8Zufd+mBTwLb+2uZ/3z6RDs2S7O+aV93thZ6SvXOntoerQ/DMMwu1p3UleTSrOluq16yNdUluWZNt+rKPF+9J2pjqsfe87mbbd41Ndv8XD7Zoc2apW960gPLuGcvlMe6DtTueUelrlma7vav79bs11/XbHewjqZmp9u2374NhbQX2eeHLasI1w559LC/bO5ceVSt0/5yeRYGyuG/NmnzDn3i37a93O5ceeTVidro5UxUncdni1rPOZX0gP/3IiWPkK4erQxbpkGOEfeovyTpR0pKb9DVo3GMvXp+TyDb9crRShlyypETYbkHHlHyAK+uBIKoW9RUVi4j/R6lRlo+isTWqxTps/pk02qVuqYqOz3W88FcNvJ2rXuhrQ2ne76pWa7g9UpS4F4ZWN92jqVnT5Wr3TXDf86ly/OD1/X67OD65vKx3Q87aoedH3tP/ET+zAzDUPoY/3UztjoJXDvCrj3h1wtzXfP6EKhP2+fpnj5LLm+Z/mq7rgWve27NXuiR16qzju97/n0HnwmMTw6o1H6tSvfom7NcUeug93wG4cuFt5NO7uOf7NBmr+24rc/0B/7f7XVmLbsw8Hlbz5O2Z87Q+0nY80XtX1Xm9SjXHW89JO7HPB/TlT21Wgc+8U+v1V/LZJbbfrzu2Xr99R8Ezs/A83HE+5/iuF91/mzV0bUkpnJFLYv5rBN8DvJvb7bcvfY5yKvNi+dp3rzgz+LNXtv5b4Q9lwQ/63bbq92jX26WZi23HWMs8/jhhx9++OGHn5h/YtH7MlaPHFSpa5aW+7+2dd6uqa639KE/89J3RtVyaar9y1fnyE5HDHWN6cPf1pau0VPhGaauWVo+u7Pvticqd8xvA8MBHDlYKk/ubEkHu6igieBTtVcqXfNU+8H9w7ox+kp+qhfe8rabPTHXI605qCOzJ2qi75A+9Hr08ERZ545XpS88pbfCNu2aldij6E5jRkY6t2Ovx+7l1VsR63+5fmBlVPjOVEveUr3wVLulNEuSr9orjXm45zKEXGMi7ttnVnj7ttqzFX5NrhytVMr/bQ0HkHOP+qlSLeVScl7YMmPT1U/SlZzblNRsLpNo/Yc4peZKXbVPLD+ltmnuxO8sHt63IpyjHi183cwoPHK950Oke52cGhn38NhjFPESYXNk81NaEyinS1NjKV4H7fBGaAuR62Sips9y6QX/ddWzUK93eh+2c2lMu2cXr6p90shI9ekcI1doR+6o971wvjPVkmuqQnd3A4yt3sl9PNJxR99UhGU7eZ6cmOuRfntGPk2U01ctrye3V/R2cd4+VdU7reEAfIf0oabqm07pUKSFfSX66QtvBV+ceb3NMlHPVtdULvNZZ8zDfek5yKVZy38QmjF7ZLOeWvNblUz/QRyZtEe0+YW3pFnLI6zT0TwAAJBoybFGYLuHTyW/LZW8av8Hq3enjnhmyW3Yv7UNXSR0Wtj8dtHm0Ah0tHUN+7fy13t418AwJHkWau2sCEGEdmUyy20vszt3jNbsPCLPLOlgqUe5swwZldHW716RPkM/z8K1inzIhnwlL2vJFq8kjxau/b7cqtRb89co8Lm5c+XRGh08Mkvppz+U1/OwLbPXpaJl34/4oNmzbcGwZSjYJ9vOT4Wfq+3XCf9/R/XYM0Lrv/Kt+VpTGswuMssmyVWkZd+P1CXeUPD0jXAMEdpz9DYcWteh64QtGenaEWl+B23VF1M5En+tcVzLSuV7dDXvW0rNkVqz3NK5X+qKwr6JK9+jq3mLlPSA1H9IcJneKuHnfLRz1P75XfP5EO3eZNtHLPcr24zAtcK2jtn+rGNZWyinr0QvL9kf0/0wWJSoF/EY71vdI1rblsxAsGu0eQ3qrE7SPd/XWo+kyrc0f40ZPHYVLdP3bTcVI7TC2l1b2hchSn3atlPb2X0vbP2Or3u9+zMIOc8intPR7+Pm0C/RjjH0/O/o+S7yPVfm84X3t/prrUejDpbKkzurh58dJMmQkZ6tKdVvak/t93X7oQ+lKXPN7FAp+PzrK9HLS7bIK/PZ4Ptu6xogdV7v9n0ZYZ9lp89WvpB1rSIFtx9HuTq+d0aund73HBThOuD+iopcS/ThX2vliela4lPJy2tU6lmotbbnJ1NH8wAAQFdI6ukChPAd0n6vS0XL1mrtWtvPsiK5VKqDlZKcozRGXp08b1/vdFhOBwLcufKUHlRl5UFzGICeLk+n0jXaJVWf9kWZ79Oh/V55Fq7V2rWzohyP1V3vYIm5bK61VKRz54bVWT32Du5Zy1TkKtWal0vkL6lz1BjJe1LRPqZ088DU246st5br2mxR6zmpX9aPrGEAInXxN4cD6JfxegfLXL8rF3zSgPTAS64kSTm39bKbV3vXfT5EvF75dDphN7tKHSy17rcRv8ToWEfH17faQqUOlkpjRjkVV524Z2nt2rVaVuSSd/+hGI810rOLS6PTo9TZ+ZNW9l4s971Qka6jvsSdPAlm/ww60cl9vLP7R6fLdvo86Vaux6v9h0rML6t7zUOVU7dPkfYfqtSh/dKU29vXpe/Qfnk9C7V2beRA47Xv+vqera6vXB096/SN5yC7mNqAJF/Jm9ri9WhhhArraB4AAOgavepvU9+h/fK6pqjd86CzUA97pNKDlZLc+kqRS6W/9QdifCp5c4u87bYGk1u5nlKtWVMaDDD2ak4VPuyRd8ubKgk8C/tU8vJ8vRycYHtQtr6ZD9uKO9cjlW7RFq/5R6s11Tx31ryl4GiRlXpr/ny9VakbTGz12POcKpxbJJd3i5b4PwT3V8xgq/1DqXxL8+ebn5uz8GF5vFv0h8Dsjo/L/ON5vw5Zs30lv23fLTARR2KV601bOXwlL2u+LWjcl1w5WimN/Tslq1KtUbr4XzlaKSM9p8NlrtuOd9Ta7FL/uT+yJhQpNS9HDtsYrb3R9Z8P7a9X/j+YH05Y3057MKRSby2J/V7aUTvsO20hmNkVjEF0VCfh9wsz4OmacnvMgel2zy6eh1XojHS+VOqtNaVyFX0lEEjt7L4XwrqO/rYkcOHTm1t645NSpM+gI53cx8OPW2b24/xIN/l295rQzyRqCXI98m7Z0uu+rHbePkXaskZbFOE52s8WvPeVvGwb7uJ6JODZ6prL5X/W+UNw374SvTz/ZZX4+spzkKTKP2iLNxioTx/tkkoPBo6p8g+261DlW1qyRSpaFuFLlo7mAQCALtOLhgKo1M4tXrmK5gS7L9lk5RRIr/5WJfcXy+Mp1oLqp7VkvpkhVVBUJJd3f3CAfimkq2S77ouRulhGWzcwu4e6ztnK1tFS9nKHlzkrp0AqlXKyrOOyH38Xlr3j8nq1Zcl8hea4uVS0tFierCItLVqlpbb5rqKlKvakyzAkz5wi7V+6RNbHr4IFS1W0bam2HDiioizrUTIrRwUq1V7XFOulF+bkdOvcWTM/+NResOA1zcqK3o2se0Tp9ms/P2X7txF5nZDzpcN67JmzObx9SZLSPSpeUK2nX12jl0cvVbHHKU/xAlU/vUbBj6lAC16bpSzDkKEsFS0t0qql8zU/MHuBXvOkK9jj0LaPrCItKHhar1r14CpaoCLXq6r2txfb9SE9e4pcW9Zofqm5P3t3SP92zf+Fda02DBmGv1zBc1OuIi0tNl/YESxapHVlnrPeV7Vk/n6zHSQodnZNQwFIVlf/HPU7tyd6F/9YlrluW9T0upT61CINKv47c9L536kh8DKr2CT0nI/pGhrv+dB+u+meYi3VKi2d7z/TC7TgtSKrHcRwv2rXhdZ+zchS0YICPb1mvhWgc6lo6QIVLH1V+w/VyuPpbPsdtEMjvcNj77F7aan9muIv1lK95nFa50dndRI+X7ZjDutKHdipbM8XLhVNqdYS/+fpKtLSoqzgvl9boLeeDtZZPPe9dvtWunUd9a9ToKIil8xHpd78GYSeZ7L9O3BkHd7Hw49b1rmXJcOQsqe4tGXNfJUWLNBrs9zyFC+VVi1VsIkt0Gv+zyTk87MV2Hq+UE6WeuZe6hfWRtOzNcUlaYr1IsjgAZj3N88cFe1fGnh2VsECLS3apqVbDuhIUZb830FHrvfQfYXfK90dfiYdX0uccZQr8r3TetYJfIjmvj3phoz03vgcFP35Nytw7TfrxF+fBQsWqKB0m2QYOnLAnNZuGwULtEDR571GBisAAF3GUVdX11siqwCABOv3y6914daLlPrUt6Sy6b06e1SSrn7r9z1dBAA3hEptWVCunFeLyAoEAAC4wb344oudLtOLMlYBAH1Kzj3qp0q19PKgqtSzLyoBcAOpPKi9+Tma2WO9fgAAANCbJHe+CAAAoQbMLVP/9Aa17prehcMAAEBv4dPeV5Zra1W+5q8hVxUAAAAmMlYBAHFrfjNPzT1diDhwrwNwfdKV/73VypdCxz0HAADATS2ppwsAAAAAAAAAAH0NGasAgBse9zoAAAAAQKIRWAUA3PC41wEAAAAAEo3AKgDghse9DgAAAACQaIyxCgAAAAAAAABxImMVAHDD414HAAAAAEg0AqsAgBse9zoAAAAAQKIxFAAAAAAAAAAAxImMVQDADY97HQAAAAAg0RwXf3YPf20CwI3q6uWeLkHv0O+Wni4BAAAAAKAPWXrirk6XSZbD0Q1FAQCgB3GvAwAAAAAkWLJaW3q6DAAAdC3udQAAAACABOPlVQAAAAAAAAAQJwKrAAAAAAAAABAnAqsAAAAAAAAAECcCqwAAAAAAAAAQJwKrAAAAAAAAABAnAqsAAAAAAAAAECcCqwAAAAAAAAAQJwKrAAAAAAAAABAnAqsAAAAAAAAAECcCqwAAAAAAAAAQJwKrAAAAAAAAABAnAqsAAAAAAAAAECcCqwAAAAAAAAAQJwKrAAAAAAAAABAnAqsAAAAAAAAAECcCqwAAAAAAAAAQJwKrAAAAAAAAABAnAqsAAAAAAAAAEKdkw+jpIgAAAAAAAABA35JMXBUAAAAAAAAA4pNskLIKAAAAAAAAAHEhYxUAAAAAAAAA4sQYqwAAAAAAAAAQJzJWAQAAAAAAACBOjLEKAAAAAAAAAHEiYxUAAAAAAAAA4sQYqwAAAAAAAAAQJwKrAAAAAAAAABAnxlgFAAAAAAAAgDgxxioAAAAAAAAAxCm5jcgqAAAAAAAAAMQluY2hAAAAAAAAAAAgLry8CgAAAAAAAADixBirAAAAAAAAABCn5DYGWQUAAAAAAACAuPDyKgAAAAAAAACIE0MBAAAAAAAAAECcktt4exUAAAAAAAAAxCU5efCtPV0GAAAAAAAAAOg9LnW+iMMwSFkFAAAAAAAAAL/i4uJOl0nqhnIAAAAAAAAAwA2FwCoAAAAAAAAAxInAKgAAAAAAAADEicAqAAAAAAAAAMSJwCoAAAAAAAAAxInAKgAAAAAAAADEicAqAAAAAAAAAMSJwCoAAAAAAAAAxInAKgAAAAAAAADEicAqAAAAAAAAAMSJwCoAAAAAAAAAxInAKgAAAAAAAADEicAqAAAAAAAAAMSJwCoAAAAAAAAAxCm5KzZ64cIFXbx4Ua2trV2xeaBPSk5O1uDBgzVkyJCEbpf2BgAAAAAAbjZdFWeJqwyJ3uCFCxd06dIlDRo0SMnJXRK3Bfqk1tZWXbp0SZIS1uhpbwAAAAAA4GbUFXGWeCU8EnPx4kUNGTKEIA8Q5pZbblFSUpIuXLiQsAZPewMAAAAAADejroizxCvh0ZjW1lb169dPhmEketNAn9evX7+EdtmnvQEAAAAAgJtVouMs8eLlVQAAAAAAAAAQJwKrAAAAAAAAABCnLhmYkW7JQPehvQEAAAAAAHQ/MlYBAAAAAAAAIE5krAJ9HO0NAAAAAACg+5GxCgAAAAAAAABxIrAKAAAAAAAAAHFiKACgj6O9AQAAAAAAdD8yVgEAAAAAAAAgTmSsAn3c9ba3yree1qt7I81J1qB0l27/2t/r0aljlHZde+kLfCpdtVRbRi/Qa7PcUZeKWl/JgzTaPUVf+fuvKHfkNdZWY7VKf1Whkd/+iqKXIBKr7CrS0mKPnDEeCwAAAAAAuHZdElgF0NekyjUlR6NDrghN5UWgpQAAIABJREFUOln+F+3fuErVTT/UD6eN7KnC9ULt66vpTIUqKt/X+h/v11/++Yea+8XBcW/VV75FWz4erQUJLCkAAAAAAOgavTCwamVaedvPcRUtVbHHmYB9VOqtp1+VFrym6Mlc7csR1/59pVq1dL+mLC2Wx2nfXyz7BrrbSE352iy1O71nndEfXvyxtm37//QXz1x9sX+PFK4XilJfjYf01o//XXvf/E+5f1Tcfn6XccpT/Jo83bU7AAAAAADQG4cCMGQYUsHTr6ooJPBYqS0LluplY0kCgqtW+QxzX+34SrVq2VZp5hK9+ox/X+b+n65+Wq8WxRARNQwZMmQYRrA+DEOGkaWiV1+V/ziB63W9QwEY1n+NiO3hVt3pGa1tb/t04YIhw98cfIf03xs3au/RBrUqWYOycvTQo49qyhh/F3ifSlct09Yx39DTyb/Xv+8+Kw26W3Oe/0d9UdUq3bpRv//LSTW0SsmDRuuLX3tCMz2hww00Vu/X229vU3mn+/iufjy5Qus37tXRhlYlp96qL86YE7a9RlXvf1tv//5jec83qVWR9us/fqPDOu2wvlKzVfTP96r8ld3atuu4Cv7eFZzXSZ1Vblmg1/ZKklevPr1XKvBfa2Ipu1UXmqklxR45Ix1LY2z1DgAAAAAAYtMLM1ajcev+mZladvK8JKcCgYSq4BKZM/1B10ptWfCaZAvO+kpXadn+KVbQoSM+la43g6qhAVy3ipbMVPWybSq935+JFlaGgliCrqFlq9yyQNtGz9SYrVvlH7YxJKhsBXnNXRRo5sxqbbUdRzAYY85/+tWiOMdmBDrW4Dsv6VbJyla9Uvnfeunfd+viyLv16DdylK7zKn//bW1cWSHv08+ryG0L0+3fqH8fOUVF3/2arpxPlSvNp9JVK7X1fJbuffQbyk6Xzpe/r7e3rlR16/P60ZfM4QYaK7fopdf2qmm0tY/Wo9r9+z9G3sdfNurf9g9W9qNP6LupTSp//219tPUVafC/aY6VYnvmD69o5fbzGn33o3oiJ12pDSe194+/V/nWV9SUulT/Ozf+bvtRuTy6P323th/1yieXnDHW2ciC7+qJK1u18aN0zfju/Ro9eGQCy+5T6b93Xu8AAAAAACB2fSiwaufPVHtarxabYURf6Sot27pepdnX2f3WV6H9VZmaMifCRpweFb/q72wbXgbz9wVbYsxotanaul9TlryqV53Wcby2RTmvFsmtSm3xZ856nFaQda+UOSVwzK9Vz9SSV80gq690lZatKo0heAzE4orOHNyo/9zdJGVOUfZgSTqjvVt26+IXv6Efz8kNZDrenpujL67/kX6x5SN96UdfUiBM15qtJ54uUm4gybRU+6uku7+7QH9/u3/lbKU2/Uhb/1Ip35dGyimvfv+LvWrIfFRLir9kncu36/YpOdr245V6P3wfDen6ypJifcnpL8tI9X/mNe2t8GrOF92SvPrL3gYNKvjfeqbIbcWHb9ftOSO1/v/5hcqPnpESGVjVIKWPlFRxRubXQDHW2ZjbleUaJH00Uq7bb7e+IElQ2X0VMdQ7AAAAAACIR68cCsC/jZDN+PZq/dYq5c/PMocKeGaNCmz7Sp80RZnab3W3N8yt2Lbh35Th76IfNj+4n2pVabRmpHfSVb/yD9pala/5z2RZZUhXwTdmav/ybSr98jMqCBxOeHlC920YkvJnqMDan/84ztQayjp/UHszZ+qFgnRzH+kFmpG/VWtPhtaxf5vpBc9oTYG17dgrHH3cdQ8FYEhSlbYuW6CtkRYYNFnf+EaB0g1Dhu+Q9p+VRmZL3kOHQhZrTB4snT2oytp7davTKlNmtjJTbW1p0CClJ0vl299S9qCvafKYweqvVOX80yrlWIUxvAf1UZN05/355j4Dexite+/P0vub/qi/nL5X94+05ozO0d+GtNdhGj1aUvUZ1RpZcipT9y/5ie73b9+/WHKGskZL5Y2NumwY6h8yREgHQwEELyZRrhGpGjRMCgwXEHOdhQ0zYFZgfGVX8BoXciyx1HvUIwYAAAAAAJH02ozVfWsXal/YtMyZLyg8GbRyy0KtDSyYqSndUDZJ8p09KWVOUbp9ovNWjU70PkbnhGSSpY/JlE5auyuYofyta7V84VZJmZr5wjMqIO0M1yRVmXffGfKWe6WOkfuLWZrsGqnAO6vOnzFPv93/pf/YHWk7F1XtH60jkv5f1IwnJqtq4z7910/3ScmpSndN1v333687s0ea2ZxXrqhJ6Rozsv2bsgan3yrpqHwXpUDKanKsb9S6okbfGZ08e1ZnKyv0l48/1tGzktSgix0UOX4Xdfak7dfrrTNJ1132WOodAAAAAADEpdcGVvPnr2kXRLULBFQzZ+qFNQVy+vbqleX7r3/H6WOUqf0665PcvT5I6VbRmjUqkk97X1murcsXaqvyNX8N46wiXrdqyleLYg7Md9Y+O+LM+Sctybmo6oqP9dEf96r86Efa+h8f6e3MmfqXZwq6pEu6r/wXWrvxY5033/yk9MEjlXnn3Zr85936c8L3dl5nzkrKHBPyxcu11lmiyt4T9Q4AAAAAwI2sFw4FYO8OG22Joyrfl6nHXvieCtJldWMNrGVbz/Zv6w3ZoV1eI+wjfZLuztyq/RU+5Rekh808qq2L1krzV2vmraOlqmqdN4xg8MTKTButGMoTtm8jtKAyZCj91tHS/jPyGVmBfZyvrpJ0d9hxpCv/e6uVb5WvvHKmsrKi1R1uNNfb3gLb6bDNWQalK13SYe9pGVkdv/DIfyZH7mY+SKMn5evrk/L1dV3Rmd1rteI327X7eL6+ntxfqTqv6jOXZdwamo168fxZSaM10ur6H20fIdMvfqRN//Wxmu58Ui88nqP0wCbP6P0/79afbevbhwzpTNT68pbroybp1pwJ5lAGcdSZrQDmP+Mue2fH0kG9uzo9ZAAAAAAAYJPU0wW4dlU6ed7/76PauvzXqgrMS9foTGlf+dHA/Pd/XRW+gSjSVfCNx6RfL9fP9p63TTeDlvsyH9P9WZKy7tdjmfu0dqt/H+e1979+rar8GWoXj71WWTnKr/q1/stfjvN7td02PsL5vT/Top/tVbAayrVP+cohqIquMnKy7r1VOv8//6OKJvuMJlVsek7ff26TPm6KtrJ0peI3Wv7cYv3Ga5/aX4MH2V7A5LpTd6dKf35/n86HrH1Su98/Kg2apKx42thZr45Kmny3PTAp6eRH+uh8tJWuUVOFtv5yt5qSJ+mrd1pB1OupswSVPaZ6BwAAAAAAcem1QwF0LEsz5+dr0dpF1jismXrshfnKX75WH1WcV0GBGRz9aPlaLdonSfmaPz9f+7bHuPn0An1v9UhtXbRci34dnJz52AtaHYiapqvgey9IP1uuRYusSfnztXpmIqOaWZr5wmP62XJ/OfL12GOZqjo50sxgLfiGHvtouZYHCmlm8RJXRdcZqbtn5uv9tfv0xuKTunfmg5qUfF6HP/of7T18RaMf+6omp0Zfu3/WZE1K3q3da3+qi1+9V3ePHqSGk/u0+72PlZz5mO51SZJLX/1WvsrX/kb/+tOT+vqX71R661Htfm+3Dp8fpPz598c3lvGtWZqUvE8f/fKnSp35oCYNatL5P+/Wu+UndeWar4Bn9dF7W3XStn7T2Y/18dEGtWqQ8ud/QzmBmGXsdZaamirpz3r//Sxdyc5SdoLKHlu9AwAAAACAeDiMRPUjthw/flyDB5MF1VXO712tF2se1M8eI3zaV128eFHjx49PyLYS0d6O/vp7en1fpv5h8aKYs62bTn6k3/zmXf35WINalawBwzJ192OP6+vZgUErtHf1i/p/9Q9avKgg9CVvTUf1/obfaM/RGjVY44ZOyJ+tx7+eHbJc+D4GTcjXI499VTkjUzvZR/vpTSf36tcb3tXHZ5vVmjxAwzLv1oOPfVXp+5Zrzb5sffNfn9Tk/tZ6o5/qsH2Z9dV+evKAYcrMzteXH7xf2RHqsfM6k9Tk1btvvKHdVc1qzfwHLVtUoP7xlD1wzBGOJcZ6BwAAAACgL0lknMWuuLi402UIrPZmR3+t770uPfWzx6ws1KP6tTlBxFX7rt4WWAUAAAAAAOirejKw2keHArhJZD2mp/K/p9e/F0yPyyeoCgAAAAAAAPQ4Aqu9XNZjP9PPHuvpUgAAAAAAAACwS+rpAgAAAAAAAABAX9MlGasJHrYVQAdobwAAAAAAAN2PjFUAAAAAAAAAiBOBVQAAAAAAAACIE4FVAAAAAAAAAIgTgVUAAAAAAAAAiBOBVQAAAAAAAACIE4FVAAAAAAAAAIgTgVUAAAAAAAAAiBOBVQAAAAAAAACIU3KiNzhgwAA1NDQkerPADWPAgAEJ3RbtDQAAAAAA3KwSGWeJV8IDq83NzRo/fryam5oSvWmgT7t69aoGfuELOn78eMK22dzcrNtGjUrY9gAAAAAAAPqSU6dP99i+GQoA6CYOh6OniwAAAAAAAIAEIbAKAAAAAAAAAHEisAoAAAAAAAAAcSKwCgAAAAAAAABxIrAKAAAAAAAAAHEisAoAAAAAAAAAcSKwCgAAAAAAAABxIrAKAAAAAAAAAHEisAoAAAAAAAAAcSKwCgAAAAAAAABxIrAKAAAAAAAAAHEisAoAAAAAAAAAcSKwCgAAAAAAAABxIrAKAAAAAAAAAHEisAoAAAAAAAAAcUru6QIgcQzDUF1dnZqbm9XY1KTLly+r7epVtba26vLlyzIMQ/369VO/fv10S0qKBqalaeAXvqARw4f3dNEBAAAAAACAPoXAah9mGIYuX76shoYGXbhwQZcuXVJzc7MMw5BhGO1XcDjU1tqqK1euqLm5WRcvXJAk1Z0/r7Fjxyo1NbWbjwAAAAAAAADomwis9jGGYai5pUUNDQ06e+aMGhoaQhdwOKQIQVWHwxHchrWMw+GQYRjy+Xy6dOmSxo0bJ6fTGbIsAAAAAAAAgPYIrPYRhmHo4sWLqqmpUX19fWC6PwhqGEZIUNXhcMiQ5LCtH7JOWPD08uXLqqysVF19vcaOGaMBAwZ06fEAAAAAAAAAfRmB1V6ura1N9fX1Oldbq/M+X+jMsOCow5oWGAogSuapIQWzWq1grCEz4Fp77pwaGxs1YvhwDRkyRKmpqUpK4h1nAAAAAAAAgB2B1V7s/PnzOn3mjC7U1weyTB2yZZ9aAVFZ8+wZqu3mK5jFGuBwKMmaZtiCq02NjaqqqpLD4dCQIUM0IDVVQwYP1uDBg5WczCkDAAAAAAAAECXrhRobG/XZZ5+prq4uMM2fZeoPjAaCpIZh/tiHBAhnTfPPS0pKCgmm+vnHXA2uZpjDDtTX6/SpU0obOFD9k5M1ePBgOZ1ODRgwgPFYAQAAAAAAcFMisNqLtLW1qbq6WrW1tWppaQmdGRYwbRdAjRRQ7WA/kbYTMSgrBYYLaPz8c0nShQsXdOLECaWkpGjosGFKHzZMgwcPZsgAAAAAAAAA3DQIrPYSLS0tOvzJJ2r8/PPeGaCMkJnacvmyzp45ozOnTystLU2ZmZkaMmQIWawAAAAAAAC44RFY7QXq6+v16aefqqWlRQ6HIySjtFfoKBvW4ZDD4VBjU5MqKio0ZMgQjR8/Xqmpqd1XPgAAAAAAAKCb9cLUyJvLqVOn9Omnn+rKlStyWJmqjqSkPpn1mZSUpAsXLqiiokInTpyIPrQAAAAAAAAA0MeRsdqDqqqqVFNTY2Z9WtN6ZcZqJwzr5Vn+QOrly5dVXV2ty5cvy+VyqV+/fj1cQgAAAAAAACCxyFjtIV6vVzU1NWZmqmHIMAwlJSWpzTDkcDgC2au9nWEYZlmtY/BPk8Ohs2fP6siRI7py5UoPlxIAAAAAAABIrL4RvbvBeL1enTp1KjjB6vbf1tYmh8zApNFXslYdDrOs1lirAVaguL6+nuAqAAAAAAAAbjgEVrtZdXW1Tp06ZWal+rvP2zI9+9y4pP7yRih7mxVwvXjxorxeb987NgAAAAAAACAKAqvdqLa2VmfPnpXUR4OocXIkJckhc9zY2tpanTlzpqeLBAAAAAAAACQEgdVucunSJZ2wXuh007AFjx0Oh2pqatTU1NTDhQLQLc7+Xjvf+GuEGbU6sHO7tm0P+ymplCpLtG3nQdXGuo/ag9qxvUSV4dMrS7Rt+3aVVIZNi2fbQG9nnefbSkJbQO3Bnbbzv1Il23fqQPiJH7U9BJevPbiz3bY7Ls52bQtrj5Ul27XjIK0OfVwn97PrP8ejtFP//TKkrZrT4miaAACgiyX3dAFuBm1tbTp27Jiam5oCL3q6GfhfbGW0tcnhcKilpUXHjx9XdnZ26HisAG4otTt+oLJd0tDx47Tz7z/Q+P9+Wu6wZVIy8vRA7vCwqW49FL5gR+oa1dLR7OMHVevOVfhegBtGSopS6k+rUm6rjdXK67O3CrcKZ8TTqK5XvT49WCt3u7YN9E2x3M+ufycX1SgpNdr8lhpVVOaqsDubMgAAiBmB1W5w8uRJNTY2mmOq9pWXUiWAw+GQDCM4lqykCxcu6NKlSxo0aFAPlw5AVxn+wE81Y/Rr2v6rLOX999diD2xWlmjb8TTlT8+Ud2eZmlKHqq6+SRl50zWkYrsq6q3lhk7SQ4VSyWFzQkVJpdzt/uIcqgynTwcP1kYI4NbqwM4y1fjjTykZyp+eKx3cqX2NTmU01Zjzhk5Sftpx7TN/UfaMQrllZvLt8688dJIe4q9d9BinnEN9ulArabik2ir5NFTDUvyNpVIl248rNW+67tJB7SirUYukYUOH2rZhaw9Dh2pYpN3UBte1t4V2hmbI6SvXgdrpuqtds7Nvw//linRgZ5manBlqrLHKNilPqcfLAm3Q374qS4LXgMhfzACJd833s4jn+/DQ+0dKhnm/KzeXqyk/qNrp7b8MTMnIkA6XqNIdod1Vlmjb4frAr8MmzVCh22r3GamqqamXlKKMvPFqKjusOtnbT6VKtpvTzGUitFsAANAphgLoYg0NDTp37lwwQ/MmytRsN46sdewnT57soRIB6BZnf6+dv8pS3j8eVVnE7pNSS02ZbSiACN35JdVplB6aYQaEPq0fquwZM/TQjEkaVn9cB2rdKpw0VNJQZUcJbA7JHa+0mor2266t05CcGXrIv70Wn7z+fpb1Pilnhh7Ky1BK/WEdVI65jOp1ulJSZYn2+ZzKnzFDD83IU0bTYbpkokcNSZN8VeYJXFvlk5yjImS+1epAeY2UkaeHZszQKAUDMbUHy1WjDPOcHiUryGJXqZIyn5x5ZpvJz2hSRdSTfrDuGp+qmor282vrBit3htXuJg1Vi68q0L25ziflzpih/IwU1R0uN9vgpKFS/WlVyvwyo0KTAm02raY8QrdpoAvEcD+LJPL5XqmKGikjz7p/qEYVlcN1V06GUpSijJxoPSwylZ3RpE8jDDlQqVFWu7Daz2l/22tRTaM5L3toi2rKTmuUtYxZllod2HlYmuQvY6oZ2L2WOgIA4CZHxmoXMgxDp06dUktLWGdVh0MOa/6Nzp+tmpSUFBgaoLGxUW1tbUpKIq4P3JBu/Zqm/8T854y/jbxILBlnKWlW7tzwTDlTylSxfbsqhk7SQzOmm9PbR4DCuFU46bR2HKyVe7Bt8nC33CFZqynBQFSKU67hkjRYafIpNdMsY2qK1CSp9mKT1FKvfdtrgts7XSm5yVpFzxiW6ZTKzSCl1yc5c4ZJvrCFLlTJ15Iip3U+u0cNVcVxyT90QIoz0wzouEdp2OHjoevWXlSjWlRXtl3bAhPtww+EcRcq+/ROHah1a4ht8nC3OzSLLyUtMC+w/8Gpki/NaoNpSlGjJKmusUWqP6xt2w8H1mmsqpWGk16HLhbD/SySyOe7W6OGHlZF2XZtS8lQ/vQZ5nkfQzRzeG6OnDsrVKnskOlutzs0a9WWjD5slNlCh6WlSBplttfBqdb1oU5NLVLd4e3aFmhWTfLSrAAAiBuB1S506dIl+Xzhf93IfKlT9xenR/iDx23WEAiGYailpUWNjY36whe+0JNFA9BnDNdd02fI321x2/bDZnfHWFZ1Z8u5s1wH7Dl81h+hwybN0ENWl8m40P0fvcnwTDlVLm+l5JNTucMlb8J30kH3/wjc2U7tKD+o0Ga3XRVW5rm7skTb4mx2dP9HXxLtfHcXzgh8sbdve415XmfGssXhumu8tK2kShmBadYXhMpQ/oxCazibeEpJ938AABKBlMEuRJf36BoaGnq6CAD6itqD2rHzoGrlVuGMPGWkxLPycN2V45Svpj50ckqGst2SKk93nvhq39rgVKn+uNUNOVFvhAaux3C5nJLvuE8tqYMjdyUekilnSktgyIDK0/W2dVOC3fIjtYfhg5VmvZRKMrvlh76lPFKRcpXr9Kl9s8uWO2T/sRmWlqKWwLAelSrZzlvR0fu1P98rVbK9RJXWl4XZQztaOwJ3obJVExwf3DJsfK6Gt3txXWeGKTWlJThsR2VJ1GF5AABAx8hY7SKNjY2qq6szxxW9Cbr8x6u+vl633XZbTxcDQF8wPFe5zp3at327+fvQSXrILak2TSmqifLyqtD1/6+hNaposn53j9Kww4fN7vxDM5SRUq+mWKOr7kLlX9ypff5u0UMn6SGy6NDDhmc6pZoaDRvvVuR+xeY4jjvKyrStJvTlVcNzc5RhZc9FfnmVW4V5FwPrmtmr0caCtO0xd7yG1RyWP4HOPWqoKg5b+8/IUEp9Y8xfagzPna7sxu3mcCCysldJGkcv0VLjbxtSIAs04vmeq8JJp7XNOo+VkqH8wuGS6pSmmqgvr7JzZ2fo0zL/zswvRvYd3q5th1OUkTFU8l1UrQZ3sAW/4bpr+qRALxB/uWlWAADEz2EkeKDP48ePa/z48Wpuaup84RvY4cOHVV9ff1OMo3otBg8erDvuuKOni9Gt2tralDZwYKCNJMLx48d126hRCdkWAAAAAABAX3Pq9OmExVnsiouLO12GoQC6QFtbmxob4xrk6KbjcDh6uggAAAAAAADANWMogC5w4cIFtbTEM84RAAAAAAAAgL6EjNUuUFdnjhrmcDjIzIyira2tp4sAAAAAAAAAXDMCqwnW1tamhkuXAr8zxmpkjY2N1A0AAAAAAAD6LAKrCXb16lU1Mb5qTAisAgAAAAAAoK8isJpggUxMh4PAYQcMEVgFAAAAAABA38XLqxLsc7JVY2MYamtrU79+/Xq6JDe5T/Sr77yiPRHm3PPMG/rHv+lo3Vrt/snz2pf3kp67469a8XyZ8l/6oe4dHrbU7p/oXzZJT4TP+2Sjvv2bMfrXH96rsFVwA6irq1N9fb1aW1t7uihAr5WcnKyhQ4dq2LBh17Q+7QzoHO0M6HrX284AoC8jsJpgzU1N5j+srFWRlRkRGau9S+dB1Ot1XBt3fKJ7n+jSnaCXqKuvV119vW655RalDBjQ08UBeq22trbACy/j/WO0rq5OdXV1uiUlhXYGdIB2BnS962lnANDXMRRAgl29ejXwb0cPlqPXszJWcZMYP17j97yiX33S0wVBd6ivq1NKSoqSkrjFAB1JSkrSLSkpqq+vj3vd+vp63UI7AzpFOwO63vW0MwDo68hYTTCyMGNHXfUBtbvDuvibQwco7gzXPD36uLTqlY36X288oYir1u7Wiuc36bj/93ue0c+f+BsFhxx4XGM3bTKHLRj/uP71n6T/9C8//nHbkAKhwxt0fTYuwrW2tpLZA8QoKSnpmroY086A2NHOgK53re0MAPo6vn5NoLa2Nl24cCHwuyHJ4SBvNRLDMEKye9Gz9rzyHX37O8GfFbtrE74P573/pCfG79HbEbddq92/2KSxz7yhn7/xhn7+0uMav+c3si96fFO1/tcbb+jnbzyje45v0r/8Qvpn/7LHN+m9T6zt/OQVnXj8pcB2TrzyE3XB4QAAAAAAgJscGasJ1NbW1i4Lk6zM6Kib3qN7sjqH695/elz7nv+Fdt/xQ90bPu+HbwR/9VXruKR82xLjH3/AynR1aux4aXzeHWaG6vBRGutfqPav2nf8Hj36Q+t1WMPv1aP3bNLbf63VveFv1QIAAAAAALgOBFYTqLW1NTBuqMPhIHDYCcZYvQlZgc5Vv9itO74eOuuTjd/RKn///fHjNf5atu+r1nHt0arv7Amdfo9PEoFVAAAAAAAQm+Li4k6XIbCaQJcvXyaYGgfq6ub0N088o3u+84reO3BPcGLt7v+fvfuLbevO7z7/ORQlWfIf0RKTyDE1EadJtc/Y3XVbZrsOAmqAJ0UmA2EBZ6edrhRs3da1kF4sPPJeODZ2yg7gxBdrjfdin0CuO6MCkXZmdpDcCJMJnlyMiEGMbdh90mfimWqShkol20pMW7Qt2ZJInrMX55Ai9ZeSSR1Ser8Aw+L58ztfUhJ/Ol/+ft+f3o4G1ZOt5erUdt2wloCCCuvl1eq4AgAAAAAAlAiJ1RJKpVK5r0kZro8Rq1XA36o2xfVBdir9WExRSeF1T1xLh17pC+tkf1QKdudtj2vCGVg69t6w4goWlAIoLt5Dei44rLdHX9RrnX5lF7Ka6D7vPIb7xjUSGVRs6eZAl06dCMn3SG0nFbtySR8dOaUToUdrCQCA4izt10I6HulSezFnjkQ0qOOKdLWv+jUAAKhsJFZLKD+xKkZjrosRq9WgQ9/oDurs8DmdHJYU7lZPUJp45GZfVE8wqqHs42yJgP5eO3Hb16dwtD+XaC2eX51n+jTR68QrSeE+XSapWnFCxyNavF+0E6KXRvzcRAIAqkcypiuXRqSuU4o4H+glY1d0KTJSdHIVAABUNxKr5WAYi4nV/K9RgMRqJejQKwMDax7h7zyjywUrTWUf2AtOdTrbXhvoXHrqKucvPdeJpGdAl3vyNuTiWnrs0sdLn4P9+JU1nxUqi0+hF0IaGfxY413t3IgCAKrC+C9HNBk6nkuqSpIv9C11fXRJ78ee3/TsifauiCKlChIsJ1oLAAAgAElEQVQAAJQVidUyMJRXCoDk4aooBQBgVeMjigwuTqwMdDnT+5MxXbn0kY6cOiH7ftWegqmCEbAAAJTbuD6OSaHjSzsfn0InIgrlbUnGrujSyKT9oIjSN4ulAHx2iZvWkBSLyW6hsNTA+EhE2e4yFAopFpOz354Nkr2sQpQWAACgHEislgGp1OLMzc+7HQKAipBU7P2YFDru3CiOa2RwSl2nInbydHxEkcFfajzEtEoAQIVIJjSlgI6sNyh1fESXRlp1PHIil+zcaOmbyZh0PBLJnT84ctg+f3xEg7FQQSJVTko3GfupRlqPK3KiXdmSOyPjfAgJAECpkViFa+bn5twOAYBLYoORwgWsAl06lbvba1dX5ERuVzIxJal1C6MDAKA0xj/O/+CwsPRNsQJdz+fO9+d1hyu3nXdi7H3Fnj+hkM8eRQsAAEqPxCpck0wmlclkVFNT43YoALZYaM2p+4XTFwOBwFaFBQBAcXx+tWpSU0lp9Xn9SSWmpMC6w1o3Y+22faETOqUrunQpohFJUkBduTI6AACgVEiswjXpdFozMzNqampyOxQAlWT8lxqZzKshNz6iyOB6JwEAsJXadTgkDX48rq72wk8KF2uktsvfKk2unX3dJN+6bftCJxQJ5cX005ieXqe+KwAA2BiP2wFsSyxYtT7DkCTduHFDmUzG5WAAVJ4pJZJSrv5qljNC6KNPk/bj8Y8LSwoAALBF2p/vUiA2qCux5OLG8RENxgLqet5OtrYfDkmxjzUuabGm+OGS1Axfse1cGBFFRsZzj32tAanVT1IVAIASY8RqCVkkVItnWZJhKJlM6v79+/L5+DMPgKP9eXUFLmnkUkQjCqjreJcCgx8pkZTafe16viugSyOXFBmRFOpSV0CacjtmAMDO4wvpRMSvkYjTJ0mSQs5CVY72Lp3quqJLEafGaUFN8UfU3qXjoYgGIzFJAXV1haTJ7K5T6rpySZFcadWQjkdYuQoAgFIzrBJnA+PxuILBoOYePixls1VhcnJSExMTkmHIEInW9RiGIcuy9NWvflVPPPGE2+GUnWmaaty9O/c7UgrxeFwHWlnUB5Xlk08+0e49e9wOA6gaszMzeuaZZzZ0Dr9nwMbsiN+z8RFF3m/VKab7wyWb+T0DgFK4OTVVsjxLvhs3bqx7DKUAysGyREq1eCSgAQAAgI1Jxq7kTfd3SgEw3R8AgC1FKYASMpy6oZKoswoAAACgbHyhFxSKDCqSLa1ayjIDAACgKCRWS6ggsYo1ZcsASJLXy48hAAAAsDHt6opE1OV2GAAA7GCUAiihbGKVBOvG1NXVuR0CAAAAAAAAsCEkVkuIhGrx8uuq1tbWuhgJgFLzer3UTgaKZJrmpmZueL1emaZZhoiA7YffM6D8Nvt7BgDVjsRqmZBkXYdhSIYhw+MhsQpsMz6fTwvz89yMAuswTVML8/Pat2/fhs9tamri9wwoAr9nQPk9yu8ZAFQ7PlIqoWwy1ZJkLG5kIasVGLJHrT7++ON8sglsM/v375dlWbp7967S6bTb4QAVy+v1yufzqbm5ecPnZs/h9wxYG79nQPk9yu8ZAFQ7MlollEsQWpYsyU6qYkXZacJNTU0uRwKgHJqbm/njGigzfs+A8uP3DAAArIXEagktXYQpOyoTy2VH9+7Zs8flSAAAAAAAAICNo8ZqCdXV1S3WVmW06posy5LP51uWjAYAAAAAAACqAYnVEqqtrVVNTY39IFsOAKvy+Xws8gUAAAAAAICqRGK1hDweT2HNUMsicbgKwzDU5PO5HQYAAAAAAACwKSRWS6yxsTGXTDU8vLz5cq+LYWjfvn3aVV/vckQAAAAAAADA5pD5K7HHHn9c9bt2yVNTY5cDYPEqO6HqJFU9TrK5tbWV0bwAAAAAAACoWiRWS6y+rk4tLS2yTNPtUCqKIXvBKsuy1NDQoP3797sdEgAAAAAAALBpJFbLIBAIaNeuXSxetYRhGLIsS+3t7YxWBQAAAAAAQFUjsVoGHsPQ7/7u76q+ro4EopNMlewRq36/v3CBLwAAAAAAAKAKkVgtk8bGRvkfe2zH11g1tDhStbGxUV/5ylfcDgkAAAAAAAB4ZCRWy+jJAwe0a9cut8NwleX8k6S2tjbV19e7GQ4AAAAAAABQEiRWy8jr9erJJ58s2GYYhrRTygMYhmRZkmWpuaVFzc3NbkcEAAAAAAAAlASJ1TLz+Xza1dBQsC07PX7bc8ogNO7erfannnI5GAAAAAAAAKB0SKyWWX19vZr375e0WGvU0g5JrDpan3iCEgAAAAAAAADYVkisboGDBw9q3759sixLHo9HsixZlrUjkqv79u3TY4895nYYAAAAAAAAQEl53Q5gJ/B6vfqd3/kd/eZf/1Xzc3M7IqGatW/fPjuZjIp0c2rK7RAAAAAAAMAOd6C11e0QNoXE6hbZtWuX2p96SvF4XAsLC26HsyUMw5Df73c7DKyhWt+4AAAAAAAA3MZQwi20f/9+NTgLWWXrrW5nDQ0NuecLAAAAAAAAbCckVrfYU089JcuyZJqm26GUhWEYuVIHu/fscTkaAAAAAAAAoDxIrG6xhoYG7dlOCce8erG52rHO/y3NzW5EBAAAAAAAAJQdidUtZhiGmny+3NfVLv8ZWNl/lqX6+nrt3bvXpagAAAAAAACA8iKx6oL9TmJ1O1RYtSxrcfq/87UsS3v37pXXy9poAAAAAAAA2J5IrLqgsbHR/mKbLF6VexZOUlWSnnjiCdfiAQAAAAAAAMqNxKoLampq1NzS4nYYpeMkU2s8HlmWpcbduykDAAAAAAAAgG2NxKpL9u/f73YIJWVZlkzTlCQ98fjj26J+LAAAAAAAALAaEqsu2btnT+5rj2fx25CrV1ol8mO1nJGrzc3NboUDAAAAAAAAbAkSqy6pq6uza5LKSUgahmQY1bmgVV5y1e/3288NAAAAAAAA2MZIrLqkpqYmt8CTJcmQ7FqlzqjPahq1mr8Il9/vdzEQAAAAAAAAYGuQWHVRs1Nn1dDiNPpqszTu3bt3uxQJAAAAAAAAsHVIrLpo3759ampqsh9kR6gahizLqspEa119vbxer9thAAAAAAAAAGVHYtVFHo9Hjz/+uJ1ErcJE6lJPPP54wUJcAAAAAAAAwHZFFsxl+/btU2NjY+6xoeqqr5ofa21trYuRAAAAAAAAAFuHxKrL6urqFssBVKH8cbYkVgEAAAAAALBTUBCzAvh8Pt2cmpKytVWraMSqsvFaFmUAAORMT08rmUwqnU67HQpQsbxer3w+n/Y7i1kCqCz0ZcD66MsA7HQkVitAY2OjajweZUxTsiwZUm4Rq6pQLXFiBWN6q7df0ZV2Bbv1+plO+Ut2qSGd7JdOD/Soo1RtliWWhEYvnNMHR8/rtc6SPfsdZXp6WtPT06qrr1f9rl1uhwNULNM0NT09LUnckJaE/f49FM8+Dqrn/Bmt+lZetn5pvX7E7nvVN6BXXO8QsRr6MqA49GUAdjoSqxXA6/WqoaFBs7OzslQ4vb6aVFNtWBQKc3OHEkomk6qrr2cUO7AOj8ejuvp6JZNJbkYfmZ2snOg+r8tnnGRmYlRvnOvVB93ZBCcJTRSPvgwoDn0ZgJ2OvxQqgMfjUU1NzWJi0rKqZxRoXjK1akbYAiirdDrNjShQJI/HwzTjEhgb6lc03Fc4QtTfqdf6wooPv6cx90JDlaIvA4pHXwZgJ2PEaoWo8XpziclsgrXaEpVzc3Nuh4BycKZK9nRPaGjYnl8Z7hvQs7FeXXRqCGRHvI4N9eqiutUzMexMxQyvOsUyMXpBZ532FssO2NMnJ44tjiZKjF7Q2cljutzT4YSzeF2F+3LbV2+zCIlRvXFuWHFJCoYVLvrFAQC4b0wfRqVw3wq9TUdIYfXrw7EXNfWOU/qmv9ceteocMjV6QRedviPYnT99v7BczuLsDqevagsrGo0u64tWDnFIJ/uznSb9DAAAwHZBYrVCWKZZdYlUSQUjax88fOhiIHgU0f7eZXVWC8sDRPWBzuvygN9OXjo3pZd7nETnO6P6xplO59BhTfQN6HI20XohsDzBOTaks8NtOj1wRh3ODerZoVZd7unQoaNBDcXG9EpHh6SErl2NK3zMDiQxekEXJ7r1+sBiEvaNUecmuKBN+9rZNteW0OiVYan7vC477Zzsl4JHH/FFBQBsjcSUJhTUcy0r7WxRW1D6YEp65UyfJvJLAYxJ+f2b/f5/RaOHzqjTn9DoBae0QKff+QDugkbzarZGJwJ6fWCgiA/wxvRWfzTXryZGL+isRHIVAABgG2B+S4UwTbNgpGq1JFnz66ombt1SJpNxMRpsVrhvQJcHCv8V1p8L62XnTtLf2iYprGed/S2BYGFjwW59w9nX8WK3gvGrupYoPGQsFpXCIWckq1+dx8JSNKYxSf5DRxV0vlbimj6IZ6+VTbJmk7T2efGr15Rw2gx2v5gbHdvxYvdiO2tJXNMH8aCeO+TPnqie4NqnAAC2i8X+TS0B5d7+nf4nt8/fqZfDcX2Q16EFjx4qblbEWEzRvH7T33mMpCoAAMA2wYjVCpBOp2WapixVZxkAwzBkScpkMrp7966am5vdDgluamtdvNH0t6pt2QEJTU1IwaMrDi2S/If0XHBYH471qEOTiucSsLc1EV9pdG1Yt50249FzOjmcvy+oqYTUsdad7+1JxdWmlxeDVuvyoAEAlcrfqjbFNXFbWp7ptPuOtmN+SbeLb/P2pOKK6mLvkvkc4duSVum/VpGwO728s+xRtBMbagUAAACViMRqBbhx86bu378vSbIMwy6UXyWlAZbGePPmTfl8Por972QTU0qow763TUxpQlqSXLUTl/HJFe+AJflz5QCeVVThUI+z3b4RDR9bZTXnNil49HzhwiXFaAkoqKt5CVg7SavAxprBRiQVu3JJI5P2o0DXKZ0I+VY8ZuqFiLraC/eMj0T0fuviOcnYFV3KNpZn5XYBbD8dejYsXcyVkcnjjBY9vV5VmKVaAgoqrJdXrBOeWOGE1fntTk+LvZ6d7AUAAED1I/vlooWFBX3++ee6cf26JMnweGRIMjOZqkiq5jMMQ4Zh6N69e/riiy/cDgduypv6P/besOLBozq0JNfZEVqc+i8lNPpOfmmAbDmAfl2MBtWWG+JjJ1yj74zmbmnHhnp18oL9uCNUuPJzYvSCTvYOrV8KwH9IzwXjGnrPOTJxTR9ww1tW4yOXNKIunYpEFIkcV+vIJY2M5x9RmHgtPDeiwVjhNl/ohCKRyOK/4yFJIb1AUhXYMTp6+hSO9uuN0bykZ2JUb/QXlokpmv+QngtG9XauvTG91dtb2H7RwYUUVl5bY7Fldc0BAABQnRix6oKFhQXduHFDd+7c0fz8vDwejyzZC1jl1yytBgWlCwxDMgyNj4/L4/HoiSeecDk6FGulxauksE6vOFJnHeE2TZzr1clcG53Lx6V29Oj17gs629trPw526/X8Rab8h/RcUIqrMCnr7zyj05O9Otubne+f1/7SNhVUz/li4ver01nQ5GTUbjMcZopm+Yzr41hAXadCstOe7eqKRBZ3J2O6cmlEk6GQQpOxgvNGIoOKBUIKBWKaWqP9kcGYQscjal/1GADbT4deGTiv0Qv5JWGC6jk/oMWJDM7I1v5eTXSf12uta7WX7Rvy2gv32QtZbXDEqtShV853641zTlvBsMLU8gYAANgWDKvEQyPj8biCwaDmWCF+mUwmo9t37uj65KTm5uYWk5KSajyeXJ1VVdFoVcPjkZzFtvKTwpZl6YknntCBAwfU0NDgYoSVwzRNNe7enfsdKYV4PK4DrWveGW6psaFeXVSfLvdsOB27YltvBzYxtR+u++STT7R7z56Vd46PKDIoHY90rZz4TI5rXO1q99mJVB3PlgIY1/h4u9rb7dGsHx1ZeZp/MnZFlz46olMnsolboPLNzszomWeecTsMAHnW7MsALENfBsBNN6emSpZnyXfjxo11j2HE6hZJJpP694kJzc7MSHIWfHISqPlfV1NSVbJH2UqSx+ORaVnKplYNj0dffPGFksmknnzyST3xxBNVNxoXbhrTh9GgnjtPUnVbCrRKsSuKOHP9C2qh+tpXGWnarvZ1h6CO65cjkwodP0FSFQAAAABQdtRY3QJffPGFPvvsM83Ozua25adPLdmjGautrmo+y7JyI1ezX3s8Hs3Pzysej+vTTz9VKpVyO0xUg7Ehnezt10T3CTFYdZuaHNH7+pZdD/VUl7SsxuomjX+smEI6TA0AAAAAAMAWYMRqmU1NTSket1fC8dTUyMxk7B35SdQqTqhmLU0KW5YlS85IVtNUIpFQKpXS008/rbq6OneCRNl19Azo8qM3ossDPaUIBxUrb2EpX0gvhEY0+PG4utYfkrqmZGJKCr1AbVUAAAAAwJZgxGqZWJalf5+YyCVVDcPITZvfKQxJpjNy1TAM3b17V+Pj48pkk8sAdh5fqwIrbA60Purk/aQ+/WiyBO0AAAAAAFAcEqtlYJqm/u2zz3R9clKGYcjj8ciSCmqq7gTZkgCmacowDBkej27fvq3PPvusqsseAHgEvqd1JBDT+7Gk/TgZ0/uxgI48/eiJ1anJUrQDAAAAAEBxKAVQYul0Wr/95BPdTSbtUapSwUjVgoWqtrlsAtkwDJmmKRmGDMNQIpGQt7ZWwUec9gugGvkUOnFKunJJkRF7S+h4RKFHzqsmNCWp9VHDAwAAAACgSCRWS2hmZkb/9tlnejA7a49StSwZkuQkU7OJ1p3GcBKq1uIGTd28KW9Njdra2twMDYArfAqdiCi05jHt6opEij/XF9KJyNotAgAAAABQSiRWSyCdTmtqakpffvmlFhYWJNm1RQ0pl1DNyXu83UeuZp9fxjRlyK65Kud/yzA0OTkpr9erAwcOuBUiAAAAAAAAsCkkVh+BaZq6c+eOvvjiC927d69wp2XlRmhmE4wF/++QOquSCl4LSbnnbng8unnzpgzDUGsrE3gBAAAAAABQPUisbkImk9H09PTKCdVibfPRqmvKjtq1LKVSKd24cUOSSK4CAAAAAACgapBY3YC5uTklEgndSiQ09/ChPB7PjlqMqpTyR+8uLCwoPj6u+fl5tbW1yePxuBwdAAAAAAAAsDYSq+tIpVJKJpP68ssvc6NTc4sxOclBkqub4IxYzdWftSzdvHlTDx480FNPPaWGhobC2rQAqobX65VpmnxIAhTBNE15vfw5BlQa+jKgePRlAHYy3v2WME1T8/Pzuj8zo8StW7p7925uXzaBmp9EJfm3OYYkS3mLezmv4927d/Uv//Ivampq0oEDB7Rnzx7V1ta6GiuAjWlqalIymVRdfT03pMAaTNPUwvy8mpqa3A4FwBL0ZUBx6MsA7HQkVmWPSn3w4IFmZmaUTCYL6qYuTZwahrG4ENOSJCuKl02oZl+97Kucfb3v3ruXS2ofOHBAzc3NamhoIMkKVIHm5mZJ9gcl6XTa5WiAyuX1euXz+XK/MwAqB30ZUBz6MgA73Y5MrGYyGT148ECzs7OanZ3VrVu3lo1CtaTFxKlh5EZYFsibxo7NySZUs4lW0zQX9zmv782bN3Xz5k0ZhqEDBw6oqalJ+/btY/QAUMGam5v5AxsAUNXoywAAwHq2fWLVsixlMhk9fPhQ92dmNPfwoR4+fFgwKnWlc5ZsWJ5UxSPLvc5OAnXp616w30ly37hxQzdu3JDP51NTU5OamprU2NhISQYAAAAAAABsqW2XWM2uMn///n3Nzc3Z0/vv3pWVNxISFWa9Eb9L9xuGksmkksmkDMNQS0uLdu/ZI39Li+rq6soXJwAAAAAAAOCo+sSqZVman59XMpnUnTt3NDc3p/n5+cKDDCM3opGaqNuAU54hO4o1kUgokUjo3z//XA0NDQoEAmpubmYUKwAAAAAAAMqm6hKrmUxGc3Nzevjwoe7cuaOZmRnNz8/bdVGdpKnH41l5Wnl29XmSq9UrP1nq1L7Nbbcszc3N6be//a3q6+vV0tKixx9/XPWs5goAAAAAAIASq+jEqmVZSqfTmpub0/379zUzM6M709OF0/qd0aiWJMPjkSxLpmkWLECVOzTb7hY+B5SJ83218h87yXXD41EqlcrVY927d68ee+wx7d27Vw0NDYxkBQAAAAAAwCOruMSqZVl68OCB7t27p/v37+v27duFB+RP67dPsP93Ri9aee3kkq7ZJBwjVavfCvVWcwnzbHLVNHM/E7Is3b9/X/fv35cktbS0aP/+/WpqaqIeKwAAAAAAADatYhKr8/PzSiQSun//vqanpwt35k/5dlh5+5SXOM1Puy09x3BKAbCQVfXLJczzE+t5o5ez+5bW1r19+7Zu376thoYG7d+/X/v27VNTUxOlAgAAAAAAALAhFZFYvXv3rsY//1wPZmcXN+bXQl2SMF3RCsesWGcV28Ky76Xz/V9a/iFXWzfL+bl6+PChHj58qBs3bqipqUm7du2S3+/Xvn37tiJ8AAAAAAAAVDnXE6uWZen69et6MDtbWBc1b+X3El+wtO2hsqz0/c3ftsL+u3fv6t69e/ry1i01NjbqK21t8vl8ZQwSAAAAAAAA1c71+c937tzR3bt3F0cVrpMEA0rN4/EsjmR98ECfffaZfvvb3+rhw4duhwYAAAAAAIAK5fqI1Zs3b8rweOyp3NlEajlGqgKrME1ThmHI4/Eok8loYWFByWRSt2/f1pNPPqnHH39cDQ0NbocJAAAAAACACuLqiNWHDx9qdnbWXsV9hZGqhrF0+SmgPCxJmUzG/tqylMlkZHg8unHjhn7zm99oamqKGr0AAAAAAADIcTWxevv27YJkVXZV9ywSWdgKhjNCuuDnzzBkmaY8Ho8WFhYUj8f16aefKp1OuxssAAAAAAAAKoJriVXLsnTv3r2C5GluVXc5dS+BLZBNqGZ//gzDkOH8bzolKgzDUCKR0G9+8xs9ePDA5YgBAAAAAADgNtdqrCaTSXvRqnx5SVbTNLc4IuxUS3/Wlo2TzhtFPTMzo/HxcQWDQequAmuYnp5WMplklDewBq/XK5/Pp/3797sdCoAV0JehWhXbv/zqv/6qYHmT3/tvfy+3b+xfx5RKLay471f/9VcF7eTvA4CdxrXE6gNWXEcVyC9N4fF4ZJqm7t69q8nJSX31q19VTU2Ni9GVwpje6u1XdOnmYLdeP9Mp/6qnDelkv3R6oEcdpYpkqFcX1afLPcW3uNY5m2lvyyVG9ca5Yan7vF7rzH+1x/RW7ztqO39Gnat+EzZ8MY1eOKcPji69VulNT09renpadfX1qt+1q6zXAqqZaZqanp6WJJKrj8Tuy9Q3oFeWveVv3Xvfo0iMXtDZ4fiK+8IrPq8ilai/Hhvq1cXlfyyop6T9VGWhL0M1K7Z/sSxTR/7gD2VI+v/++Z+XtfG1Q4dUV1e3bJ9lmfqDP/xDaYXzAGCncSWxapqm7t+7Zz/I/4gMqDDL6vw6P6+JREK1tbVqb293J7ASK7xps29Cz17Q2snVMggGWrbwapUjPvyexjpLl6R2WzKZVF19PSVdgHV4PB7V1dcrmUySWMX6H2q6LVz4YWVi9ILOnrsgFZNcTYzqjXNX9VwVJWLpy1DN1utf/vPHP5Ak+TO/r9TCgiQpkzFz2yVpf+prSqVSMgxj2T5/5ve1sMJ5f3z4L8v2nACgUrnyl8LCwoKmk0lJkrHOsYDbsqNWLcsqWOTq5s2bun//vsvRlYNfnWf6FI4P6+djqxzS0aPLJRytKkktgaDaWkt3t9XRM1DZo1VzggoGo7o4tNqLXX3S6TQ3okCRPB4P04zLyq/OMwMVPVq1rMrQX2f5O8/odDiuofe2T/+Vj74M1W6t/sVMWwocPFhQEs00TT35ZGvun5GpVW1trSzLWrZv6XmBgwdlphksBWBncmXE6tzcXG6U6rIRgUAlcZKoknKLWOW7deuW9u7d60ZkZdaitqD0wVRC6vBrbKhXbyssRaOKB7v1+rFJne2XTp8P6O0lI1AKp+AXlhpYHBlrj4qdaAsrGo06o2DO6JXs5ceGdLI/e9bmphouLQVQMM2yYFTQKjE6o2vawlI0Gs/uXEzWrhWjM8U/XmT8zx3rlvr79VZohemey0b55E95zU5x7Vbb8LD9HILdev2E9PfZ6y8bAXVNb/XmHZu3r2CqZ95zXfb9r+QRVQBQYGkpgNX6pTX6CWc6fTgcVTSa3b1YWqDgvXPJe+Tqfc/G2NcIL07pHxvSyf4J9Zw/o9b3enVR3eqZGNZQXJKWHueUAhgb0sl3pLCiisaDeuG/j+vfns4rkTA2pJPvBDYUY0sgKF2dUkId8i99LXL935jecvqkeN4I11K9NgA2Lp22lLZSMs2M/jkWy22fn0/lvja1sOq+TCZdsC9tpZQmsQpgh3IlsXpvW47yw7ZkWTLzk/+GIUP2J7OGYeiLL7/Uk08+qV3brvaWX61tUnzytuTc5sSj0umBgdyNmn3YIT0XHNYH1xLqdG5YP4xK4b4O2Tez/ZroPq/L9h2U3jh3QaN5ScboRECvDwwsuZEa01v9E+o5P2AfNzakk1dGdehRbrjGhnR2uE2nB86oQ/aN39mhVl3uaVk9RvtZK6o+XR7ocPZlk59rxWjfQLb1Dei1DmffuSG1rjViqKVTf919VWffGdU3NvE848OTenlgQK84CYOzV7rt19VJ8P58rDOXOIgPX9Vz5wd02e+UfBhq1eWeDiVGL+jiRLdeH+iU30lEvDG6eMNd8P0HgKq0Rr90e7V+IvuuF9VE4LwuD/idZOUVjR6yz1t877TP+/vRQ/Z756p9zyrvpPFhne0dLtzmJBw7egZ0Wr26OBTS5R7prf6own12HzQmSdFhTfQN6HKHk9y8sEqCNB6VnOPsROo1JTqd2GNRBY+e31Af5Lf/WNBtSf6x5a/FxffG1NnToVfOd2si/0PCjb42AEoqk3Nj1cMAACAASURBVDIly1L970wt2bM4iMQbvLX6vqe/KNxlGXabALADbXli1TRNffHFF+sfCFQQwzBkWZYs07TrrGZHrlqWHj58uA0TqysIh1ZIqvl16GhQQ1edG7PElCaC3frrDkmJa/ogHtbLZ5xbNH+nXg4P6+1rCXXaWUsFjx5a5QbOnlrY2dNhT2M882ihj8XsUbHZ+Dt6BnRZkhKjq8d4SJKC6nnROcvfqrZiYhyLKRrs1uu5i72onuA5fTjWo4417hf9nSfUc/Wcc0O+secX7H7ReW72SOPc67osZknhY05i26/OY2EN9cc01tOiqatxhY+dcb4fzj7nhts+b6XvPwBUkcQ1fRAP6rkTi+/5rw3Y73Fj70UV7D6/2E+82K3guZjGejqcbWG9nP1UsCWgoCYW240vfoDV0TOg15zNY7H12lxinVGbHT19Cvf262RU9qyCjsJzv9GRf52rupbo1PLuJKxncwGFFI6/Yx/nH9OH0aCeO/8IY0YL+uuEpiak5Z2QbcOvDYCSyqQsfXrthtthAMC2sOWJ1VQqpXRqcRoBi1ehGuSXrMh+nd2S2pa18ewbouDR9ReT8nceU3jYvjE7dO2qdPSEfVN4e1JxRXWxd8kywuHbktZqt0OvDPRJ2ZtHadmCGRuzxnNZK8ZDa7W5eoyJqQkpHl026ijolFVYXTbReUWjh44V8bw2p2CBsJaAgpqUdFsTcSna36vCVyKs22WLBAC22O1JxdWml5e9Fdv9RDx6TicL3rqDmkpo7URfR48u90kn894/w06pljXb3FT+skPf6A4qOtym00v7xLbWxYTsSh+qrdLes+G482HilCaCR/WNDcaVsDtYu1dfUgYnGFz1rDK8NgA24mnfc3r8iceVyWRK0l5NTY2+/OLLkrQFANVmyxOr2dUDswlVQ4sJKqAazc/NuR1C6SWu6YO41HasmLub7I3ZmHRViyOBWgIKKqyXV5wCn1i3zVcGBuyaqwVT8Df4PCStVNYgZ60YE0unRhUZY2ubFDy6uVpxHT06He7VxfdiCm/03M24PencANsjXcPHVn6Ny7YsSTKmK5em9EKkS+0F20Y0mX0cOq5IV3ZvUrErlzQyudK+goYVu3JJHx05pRMhn71pfESRwVjeMQF1nTqh7G4AO0BLQEFdXSF5Z/cTwaPnV17kar1PmJwFoiSnbmj/kJ4d6Fm7zc1IjOrvh+UseBgq/MBxYrHOqRJTWmOwaGHoobDi71zTmPI+GC0+IF27GpfajtlT/98bVnxJfe6LK563zuuNipSMXdGlj47o1ImQlnWd4yOKDErH8/tzVDhLPp/9nbQsS5ZlyePxyJJkOSXP5MzYkyRPdvaeZclwFnWznHv57BoUXzIrFcAOteVLXT548EDSYoUWFq9Ctcr+ETE7O+tyJKWW0OiVYcXzphWupyMUVny4X0NtxxYXafIf0nPBqN4ezSZRx/RWb6/eGF0nqZoY1Ru9F5Q7zN+qNgXVtv7g2TXjUzSWSxAmRi/o5IVRJcoRY0dI4fiwfj6Wf2yv3ioyO9nR06dwNLo4ctTfqjbF9cE152JjsSWjSjcmPvye8zokNPpO1Jnib5d0iL4zmkt5jw312q/RI1xrTUsTqJKkcY1cGlHr8YgikYgikeMKxQZ1JZa0945c0kjr8RX3FTb908Xka3ZbYspOxEaybZNUBXYc/yE9F8x7P3Xe898ay/Zj7xX2E71D636wlOtPspdobZOCAdndwebaXOVKGr0yLHWf0Gtn+hSO9hf2K/GrynUT7w0rHjyqQ0V9Nmr3WReH42pr3WBadfSKhuJ5JXMkJ8ErKTGqt9forEr72gDYKMuSGhsb1djYqLr6etXW1qqhsVG7du1SbW2t6nftsvfV1amutlaNjY2qd/Y1NDSooaFBtbW1qquvz7XDbT2AnWrLR6xOT09LYpQqto/p6Wn7E1vDWP/gCrVsCvhGp953hBRWVArln+NX55k+TfTmTfUL99kLhqyVrvN36rW+SZ081ytniSwFu8/rldXu96J50/Hto+1Vkgvi69Hr3Rd0trc3G4hOO4trrBrjWhnFNWO0F+l441yvTubvK/rlzE71LHx8dtiJMdytnqDyq/ttSLA7oA97nVFEwW697nyf/Z1ndHqyN6+EweJrVOpyAMnYFV0amVQoFNJk/iBStasrEil4fDgkxaaSknxq74oossq+ReP65YgUCCy55tSkAq1kUoHtbFlfFuzW62fy67os75eC3efthQa1tJ8Iquf8GosOZltc9t5pn2d3Bxtsc6XFqyQFu/83PXf1/9CQuvV6p1+SX6/0hXWy/4Lasv1duE0TuX5n8f17fR16NixFo3m1V1ezrL8N63TejA+7TqrzHILdOt0d1MWrzkhaZ7HLoXO9mugb0CsbfW0AlJiVux/PZDJKpVKqq6uTaZpKpVIyPB7VeDxKp9OyLEu1dXXKZDJaSKXkra2VLEvpVEo1NTXyer25NgFgJzKsEg8ZjcfjCgaDmnv4cNm+TCajf/qnf8otBER9VVQtwygYdf0Hf/AHqq+vX/MU0zTVuHt37nekFOLxuA60tq5/ILCFPvnkE+3es2fV/cnxcam9Xb4ipg6Oj0Q0qJWm/I9rxD5Z+bvGRyL6+PAptb6fXwrALg0w9ULhsUClmJ2Z0TPPPON2GKhS9pT7zdciT4xe0NnJY49Qy3x7WqsvGx+J6P3WJeVm3m/VqW9JPy0ocbPY/xz+eOPnLO+zsqVuutQ6MqKYJAW6nDacWSCBLme6/kaOXUl++Z2AQiEpNrVYCmB8JKJshZ1QKKRYjFIAlWi1/uVfPvpIR37/9yVJc/PzSqfTamhokJnJaH5hQXW1darx1mhhfl6WZWlXQ4NSqZRSqZS9aK9laX5hQTU1Nbl7oH/5L/9F/92RI1v6/AAg6+bUVMnyLPlu3Fh/ob8tLQWQq6/qqN7xfdjxnBpDWcnk8unIAFbma29f5SZuiWRM78ek0OHC27TxkYgikUHFAl16vn3J8VNLttk7NDUpxQYjuVIAK5UQAICdx66TGg6RVN2I9sMhTX70qbI9yfjHMQWOPC2f72kdCcT08bizI/mpPpoM6XD75s5ZzeTIlA5ny+JMjujST6VvRSKKnOpSYHJEvxzf3LH5krGfakRdOhWJKBJ5QYrl1dgZH9FgLKTjkYgikVNqnYqt3AgqlmXZgz5M01Q6lVImndHC/LxSqZTMTEap1IIWnIRrJmPvyx6XWljQwkJKmXRa6XRaZiYjyzQp8Qdgx9rSxOpDZxRrdrSqJdmjVoEqlS0BkEiUrRIlsEPZ9VYnQ8eXjdhp77KTo8dbR3TpSsy5SU0q9tOPdORbK4y8SSY0JSmUrd16qksauaSRVW4mAWBHSIzqjd5zGmrr2+TikDtY+2GFJj/Sp0lJGtfHsYCOPO2T5NPTRwKKOVnS5KcfaTJ02B7FuZlzVhHoet7Z71NrQHaCVpJ8fi2dx7SRYxcl9elHk4vHql3Pdy3W2Bn/OCblYvQp9EJovVcMFcayrFxi1bQsWZZZsN1eqGrpY/s4y7JkyXmcbYPEKoAdbEtrrH6Rv1Kg88ZrZBOsQBXJ1lPNJlbv3bunmZkZ7Vlj+jOAYtnT/GOhlUoALGp/vkuBSx/p02RIoeQvNdL6giIrDYX1hXQiEip4/EJoRIMfj6urnUmLAKpbR8+ALm/mRH+nXhvoLHU4O0S7Docm9f6nSYWeTmgqcETPO/2P7+kjCox8rPGudmlqMm/WxcbPydYkt4V0PPJ8WZ7N8usc1tSk1PrCYqfq82fTsEklpqTAkbwO19eqgKbKEhvKZXH2ncfwyDJM1dTUSLLvczwej7zeGmUyaUmS1+vNDY6qqamRZVnKGEbBPREA7FRblli1LEvpdHr59q0KACih3B8PhiHTNHOjVkmsAo/KTqpOdZ1SJLROwYDklCbVqhd80vgvY1Ispkj+bMTJS4pMrZ6cZTErAMBmtR8OafL9TzWuj6Qj31qcLeF7WkcCI/p4/LAUC+lw1+bP8YVOKFIwGDS55tqam7XidQLSR4mk1G5HmUxMSWqV5JO/VZrMXzwyOaVJoZpkR6JKUjqdUiZjamFhQaZpKpPJSLJLBaTTaVmS5ufnlclk7JIBTnm/dDrtJGC9zvHc2QPYmbasFMDCwoJmZmftB/nT//l0C1XKyFvASpKmp6eVSqVciweofknFrtgjVU+skFQdH4kokpu/n1Ts/cWpiNnyABGn3ltXQAp0nbKTquMjikRGNL7YkAZzUzABANiE9sMKTY5ocGRSrf78/sSZ2j84qFigtbA8zWbOcYUdz+TIL52+0y4NkNV+OCTF3le2XPn4x9RYrTb5NVYzmYxMM6N0JmMnTzOmMqZpPzZNmbnt9nGZvOMWzzfdfkoA4JotG7E6MzOzmETNLwNAYhXVKH/ai/NzPDc3p9u3b6u1dfWKVQDWkPxUH01KmhwsHHnqrFrc3nVKXVcuKRLJ275GqYCc9i5Fjo8okjvRrre63oBYAABW167DISkWW77QlO/pIwpoUsrVKH2Uc9zhC53Q8amIBp0OORQKKTfbv71Lp7qu6NKliEYkBUIhBVZtCZUof8Sqx+ORaVmq8XhkSjKMjDyGoRqPRxnnnic3/T+TkcdTI8mSYRSWR+O+HsBOZVglfgeMx+MKBoOacxaqym0fH9fUzZvOVQ3JqU3JGzCq0dJ6Qtmf5ZaWFj3zzDO5/flM01Tj7t2535FSiMfjOkAiFxXmk08+0W7KYgBFm52Z0TPPPON2GADyFNOXJWNXdGnqhRVKzoxrJPK+Wk+dWPYh3mbOATZrtf4l9mFM/+E//DeSnGn+pqn6+nqZpqlUKiWv16uamhqlFhZkSaqvq1M6nVY6k1FdXZ1kSQupBdXU1NiPJf3rb/5VoWdZyAyAO25OTZUsz5Lvxo0b6x6zJaUALMvSzP37uWSTIUarorrZq2E67I9rJUl37tyxR2cDAABgG7Onx4eWDj2VpPGPFQsc0fKKM5s5Byg9yzJlWpZMy8qVAEilUkqnUjIzGaXTaaVSqdy0/1QqlTsunUoplU7lSgSYmYwsp6wAAOxEW1IKwDRNzczMyOPx5KZOUw4AVS/7Myw70Wp4PLJMU3fv3tXevXvdjQ0AAADlkYzpyqURTYaOK7IkRzo+EtFgLKCuU12FU/o3cw5QJpYlWfmJUMuy72ny7s0NOQtN592/Z+/lDcuy23C2cTcPYCfbksTqvXv3JCn3KVb+mzhJVVS77M9w9v/p6Wm1trbmVsgEAADANuIL6URk5SnP7V0RRbpKdA5QRqZz7+IxPLIMy66dapoyPB55PB55PDXyGBlZhmEPkPJ45DFNeTweyZI8now9SEpiQWoAO9qWZH6mp6e34jJARZiZmVEqnSaxCgAAAKDiWJalutpaSVKt1yvLsuzkqaQ6s9Yu4WcY8tba9zMew5DlHGd47GqCtXW1uRJ/2TYBYCcqe+bHsizNzs6W+zJARXn44IEadu1yOwzAFV6vV2Z2RAOANZmmyQdxQAWiL0O1W69/+dWvPt7CaABg+yr7X/Jzc3OaffCg3JcBKsqDBw/U3NzsdhiAK5qampRMJlVXX88NKbAG0zS1MD+vpqYmt0MBsAR9GarZev3LH/0Pf7TFEQHA9lX2xOq9e/cKC2MDO8Dsgwf2VBlnagywk2Q/VLh7967S6bTL0QCVy+v1yufz8UEcUIHoy1DN6F8AYOuUPbFKGQDsRHfu3FEmk2F6J3as5uZm/pgHAFQ1+jIAALCess5rMU1Tc3Nz5bwEUJksS/Pz825HAQAAAAAAgDIpa2I1nU7r3r175bwEULEWFhbcDgEAAAAAAABlUtbE6vz8vCzLKuclgIrFiFUAAAAAAIDtq6yJ1QcPHkgSC/hgZ3F+3qkvDAAAAAAAsH2VNbGara/KqFXsKM7P+61bt/jZBwAAAAAA2KbKllg1WbwHO5xlWcpkMm6HAQAAAAAAgDIoW2I1lUrpzp075WoeqGjZ8hepVMrlSAAAAAAAAFAOZUusLuQtXEWNVexU6XTa7RAAAAAAAABQBmVLrObKAJBUxQ42MzPjdggAAAAAAAAog7IlVnMJJcsSy/dgRzGM3M/8vfv3XQ0FAAAAAAAA5VG2xOrU1NTiA1ZGxw41y4hVAAAAAACAbalsiVXLsqitip3JsnIfJszn1RoGAAAAAADA9lG2xCqwoxlG7oMFFrACAAAAAADYfsqeWGXUKnakvFGqc3NzLgYCAAAAAACAcvCWs3EmQAN2YnXv3r1uhwFsqenpaSWTSUZsA2vwer3y+Xzav3+/26EAWAF9GbA++jIAO11ZE6uGRH1J7DzOKO3sT37lj1hNaPTCOQ3FF7eE+wb0Skf+MWN6q7df0dzjoHrOn1Gn39k71KuL0bBOD/Qo/7TE6AWdnTymyz0FjW36nE0bG9LJfi27Fspjenpa09PTqquvV/2uXW6HA1Qs0zQ1PT0tSdyQPrL1+jK7H5OzjX4L66EvA4pDXwZgpytrKQDLsnJJJmDHyC5e5XyokEqlXA5oLc6NaFufLg8MOP/6pP5evTWWPca+GZ3oPr94zPmj+uDcBY0m8tuK6u3CDUXYzDmodMlkUnX19fJ4KOMNrMXj8aiuvl7JZNLtUKpcMX3ZSui3sDr6MqA49GUAdjr+UgDKwMhbvGp+ft7laNZyWxNxKRzKHw/ToW90BxWNOXejiSlNKKjnDvkXD/F36uVwXB9cy7u5DAal4Sva0P3mZs5BxUun09yIAkXyeDxMM35kRfRlK6Hfwhroy4Di0ZcB2MnK9tcCi1YBtrt378o0TbfDWEWL2oJaduPp7zyzOKXR36o2LUmiSuroGdBrnXnJ1rZjejkc19CVURV9v7neOWNDOtk7pFx0iVG90euMlM1+PTqkk729OtnbqzdGE0qMXih4nG8qb1/hKKYxveVsL9yX0OiFXr015FxjaM2hTwAAVxTRl62EfgsAAACPiI9hgTKzLKuCP8H1q/NEt4LR/lVv6qQOvdIXVnz43Co3d3lH9vQpHB/WzzdwH7eZcxbFNTQZsqd9OjH+vU7o8sCAXu8OKj783uLNraIamjyWOzbany1lkNDohbxSB+e7NdFfWOYgOhHQ6wMDpa2fBwAokWL6spXRbwEAAOBRlC2xalmWPR26XBcAKlh20bbsyO3KTaxK8nfqNacmnX1Td2558rSjJ1e37nRYivb36mTv0hqrUjYJG+3PG62zrs2ckxVUz4vOTWNLQMG8kgX+1rbVj+14UT1BZxRu4po+iIf1cnb07QplDoJHD8kvAEDFKqYvWxH9FgAAADbPW87GLYnEKnYuwyhYwGpXFawo6+88o8udzgrH/UN6doXViDt6BnS5x1kd+cqoDp3pXHLAi+oJntPFoZBeDxR54c2cs2Ftas3dZfqVu3+9Pam4orrYGy08PHxbUku5ggEAlEkxfVkB+i0AAABsUlkTq7IsWdRaxU5kGLJMMzdidW5uTnv37nU5qBWMDenkOwG9fqazYGRL/qiZxOgFnZ08tmw6YUsgKE2s1Kg9JfODc+/o5+FiA9nMOY8ioakJSQE5I4bCennFG29WJwGAildEX7Y2+i0AAABsTslLAbBoFeAwjFxJgLm5ubzNFfQ70hFSOD6sswWLWyQ0+k5UCofUIcl/6KiC0f4l9erG9PPh+OpTDf2d+utuKRqNFx/LSue0BBRUVB864SWuXdUGWlwiqrezz2HsPQ3FnemX/kN6Lpi3z1kQpNj6fAAAlxXRl62LfgsAAACbUPIRq42Njcs35k2JBnaiRCIhv9+vxt27V/4dcU2HXhk4r7YL53Syd3FrsPu8LufVbnttoFVv9Z7TyeHFY8J9A3ptjbtVf+cxhYf7FV39kPXP8Xfq5fCwLvb3Kiop2N2tsK5uoMV8YT2nKzrZG8/Fbz9FvzrP9Gki//mF+5znz00qAFS+IvqyItBvAQAAYKMMyyptxjOTyejOnTt6+PChMplMKZsGqlpNTY0aGhrU1NSkurq6krQZj8d1oLW1JG0BpfLJJ59o9549bocBVI3ZmRk988wzbocBIA99GbAx9GUA3HRzakrBYLDk7d64cWPdY0o+YrWmpkaPPfZYqZsFAAAAAAAAgIpR8hqrAAAAAAAAALDdkVgFAAAAAAAAgA0isQoAAAAAAAAAG0RiFQAAAAAAAAA2iMQqAAAAAAAAAGwQiVUAAAAAAAAA2CASqwAAAAAAAACwQSRWAQAAAAAAAGCDSKwCAAAAAAAAwAaRWAUAAAAAAACADSKxCgAoKa/XK9M03Q4DqAqmacrr9bodBoAl6MuA4tGXAdjJSKwCAEqqqalJC/Pz3JAC6zBNUwvz89q3b5/boQBYgr4MKA59GYCdjo+VAAAl1dzcLEm6e/eu0um0y9EAlcvr9crn8+V+ZwBUDvoyoDj0ZQB2OhKrAICSa25u5g9sAEBVoy8DAADroRQAAAAAAAAAAGwQiVUAAAAAAAAA2CASqwAAAAAAAACwQSRWAQAAAAAAAGCDSr54lTmT0Hz0/1Lm8/9X1oPpUjePbcqyVti27Bhrnf3FnWsVbF8/nmLOLdy+8vGe3c2qD/6R9v/H/1U1e/0rXxgAAAAAAABVoeSJ1flf/J9Kj71f6maBqmfO3tGDX70rZdLy/0+vux0OAAAAAAAAHkHJSwGk41dL3SSwrTz8tw/cDgEAAAAAAACPqPQ1VhdmS94ksJ1Y8/yOAAAAAAAAVDsWrwIAAAAAAACADSKxCgAAAAAAAAAbRGIVAAAAAAAAADbIu5UXu5uq0f/z7z5du9ege6marbw0sCX2eDPq2PNA/+OB29rrzbgdDgAAAAAAAMpkSxOr//fn+/Xhnd1beUlgS82ka/TPyb3KWIb+l6984XY4AAAAAAAAKJMtLQVwLblrKy8HuGbsfoPbIQAAAAAAAKCMtjSx+sBk+j92hof8rAMAAAAAAGxrLF4FAAAAAAAAABu0pTVWAVSWm1NTbocAAAAAAAB2uAOtrW6HsCkkVoEdrFrfuAAAAAAAANxGKQAAAAAAAAAA2KAKGrH6qr7/404dXLp59tca/Mvv6WduhLRBf9P/I31do/rTvjeX7Nna57YYx7j+9gd/rvbxf9RffO/dEl8FAAAAAAAA2LkqbsTq9V/8mf7029l//6hr+pqO97/qdlglseJz+8F39c0izv3md/9BPynyWAAAAAAAAADlVXGJ1ULv6u8+vC4dfFp/43YoJfeu/u4vR3V999f0xyXOG/+nvj9bYdQsAAAAAAAAgFKpoFIARXrpu/rh8a9ptyRpVtcG/0p/9252e5OS1w/q4EF7dOh3dFE/+Xp2An7eseu285SS16WDB+29up4/vf8l/e0P/lyHdmcDuq5ffPu0/tOmnsy4krOdan/sJUl2YH/T/yPlQs5e99WLOn5ot+SMcNVffk8/WyOO/FIABV5d4/UAAAAAAAAAULQKH7H6kv722YPS9U+dxOWr+v7xrymZnVL/i6QOHb+YN5r1oHzJf9SffvvP9J03X9X3v+7TtcG8Y/8kO5W+sJ3Ba1rSzm4dVMw+b/DXmj3Yqe87o0q/+d1v6VBydHE6/+xBPfvdlzb5/N7VraS029futP0P+rrv1xrMtu3r1A+/+5L05mkNXpstqMm68TjWej0AAAAAAAAAbETFjVg9+PUf6Sdfz9sw+2sNZkeLvvq0Ds7+WoPZwaNvvq9rz/65nnlV0rgkzWr8w/whmLt16I9fld59U3rztP40e96rT+ugrusXzuOffS+mP/5xZ0E71/6zs/PdW0oeX2zxZ9/7q7zFptrl260SeUnPtu/W9Q+zi1m9q7/78AX95Nln9U0tH1a6uThWeT0AAAAAAAAAbEjFJVav/+LP9J1VEn7ffMwn7T6o4z/+kfJynZp97CUnIZrvTX3n29L3f9ypn/y402ncnlr/zcd80uzny08pxpLp9LOzm2kk6yU95pNmx8eVTY4uSyxLatcKT2/Dcaz+egAAAAAAAADYmIpLrK7lZ7eSOj77eW46fIGXnl3hjDf1nW87icOXvqsfHu/U9199U9+5ldTxQ01q33AEdmmC2Wv/qL/43rvK1lvdeDuLMbfvlpK37LaSs53Shysnlgun7G82jlVeD3KrAAAAAAAAwIZUeI3VJd78VNd3f01/7NQ71Uvf1Q9//KNc/dMCL31XP/zxP+hvs2VH372lpGaVHHfa0UF76r+kb343pIO6rk+KTDBma6Lq1RfyFo/aqJf0t3/yNe2e/bXsqgPv6sPxWR18drHu6d/0/0g/+cHqdVA3FMdarwcAAAAAAACADamqEavSm/rO4GP64fHF6fKz1/7RHnG5dN2md7+nv2i/qJ8c/5F+cjzv2HdXamdW1wZPOwtkrcWpe/p1Zzr99VH94vpBfd1X3JjVZdP8l0zF/9n3/krt/T/KK3VwXb/4tjM698PP9SeHvqbjP76o9m+f3ngca74eAAAAAAAAADbCsCzLKmWD9y8eXXXfX/3TU6W8FFDR+n/v37T0lyv72/aV//3DklwjHo/rQGtrSdoCAAAAAACoNjenphQMBkve7o0bN9Y9prpKAQAAAAAAAABABSCxCgAAAAAAAAAbRGIVAAAAAAAAADaIxCoAAAAAAAAAbBCJVQAAAAAAAADYIO9WXqzRk9EDs2YrLwm4osGTcTsEAAB2iDG91duvqMI6PdCjjoJdQzrZH5WC3Xr9TKf8G215qFcX1afLPR3rH5yVGNUb567qufNn1LnSBbMxZW0yNpTfzMyMZmZmZJqm26EAFcvj8WjPnj3as2eP26EAgCu2NLF6yDenD+/s3spLAq7o2PvQ7RAAANhBggoGo/pwrEcdeTnQsVh09VM2aFNJ1uWN6GT/hHrOD+SSronRCzp7Qbnk6kauU5KYsKKZmRnNzM6qtrZWMgy3wwEql2VpZnZWkkiuAtiRtrQUwP/81LSOtsxoTT6OlAAAIABJREFUXy2j+bA97fFm9Ie++zr2ZMLtUAAA2FHa2oKKxsbytiQ0NRFUOBzcdJsdPQMlTVompiak4FEdyhue6u88pnD8qq7xp0NFmZmZUa3XS1IVWI9hqNbr1czMjNuRAIArtnTEalNtRid+5/ZWXhJVwrJW2LbsGGud/cWdaxVsXz+eYs4t3L5KoxUtodEL5zQUX9wS7D6v11acw/iIxoZ0sl/Lp2sCAPAI2kJHFeyPaaynw+5fEtf0gY7q5cBVRSfyDlwyFT/X3yVG9ca5SbWFo4pGpXDfgJ6N2SNCXw+8o4tRSerXyewI0cSo3jg3rFzXGV5/5Ki/tU2KX9W1RGdemYAOvTJwRpI9erXY6yw7NhQr7F+XlCQYG+p1jhflB4pgmiZJVfz/7d1fTNRZvu/9d/2Dkj8tCu2gA9NUP2WYaZln3Gw4+6EzKWLsI5NITDvZR4P2RfczbrnwxsiNo07CRXePNxhuvMDtfqYvGon9TKYnhk62Pm0MZJ8mObA5zmntGSLHogOjtPKvG1Gk/vyei9+viqqigEIRCvi8EhJrrfVba/2qaX/Wt9b6LkmVzaaUGSKyYenwKpENr49P68/SWnyKSy0t1s8piq+c5Xhr3+KXi4iIpIP8Xbzt6aTbenSN3O2Cql3kxzXq41NrK/6llhYunfLhv3Kd2addJ4NFH3GppYX3YmKkBdWnafAREzwdoePyFYpPWf18dARP5+d0LLbqtPQoDT4/rWfrOV5fz/H6VmKftEsZZ27bBfS10jR4hI+t53xD8RX+ddHJioiIiMhiVnTFqoikn77WC3R6jvBx3IeyUt475aMzduWPyAsIBAJ89913zAQCBAMBnC4XGRkZFP7oRzid6+cRtFHuUyS9FbCrysNXwyNQCne7/BQfLIDh2Dazq0PB2ppPcUy9h7d3pbKOs4Dq0y2zL0eH8ANvp3ClmV4AIoduNdUvdLjWi48zh/8K/95XzXul5hx++yJ9iIiIiEgcfdoT2dD66O4E36kkH+ZKj3KpJb6teeqyyXcqsprHTCPwVbEPOjutrYrxJzPHbj/0+Xzx48RtcfRwNHKKcpItme8pwrumfP/DD3z33Xds27aNzMxMMjMzef78Oc+fP+d/379PYWEhm197LcmVy3TC92Incy+TF77PxO29UTH/H7xqK/QeiayUgsJi/J/fZWQXfOX38etSEgKr8alvPJ4Xz78av7Xew9J7KuW9lhbes/7O+9eOXUlT8Lz8OJjP9FNw/EJ9kue4iIiIiLwoBVZFNrKRYQbx8Hb+og3pOH+BwSMfcSmah+48HTHBGH8nNLS0UGp9aG1qrTC3Jva10tQZCZCZdRAJrvbx6Vlzi+NvSzGDZmdbKYwG0yJbMhXxWWu+/+EHxsbG8Hq9hEIhnj9/zg8//IDT6SQ7O5udO3cyMDAAME9w9dWf8L0cYu8zViTA+tprry16nysWRBXZCEor8Pk/59+vg993EHMzfYy+67T6Y760sfJ+L9lIB3/qTPwysGuxi+g4f5bBg4kBzXyKPTCY9JIXGWcepUe51HLU6vY8Zy60Uql858vkEd1tN+nHy966SrbFVXXTdrMf8is5sM9L9ksP1U3bTeaOk+Ic2VtH5dIuFBERkQUox6qIxOlrjeR9M38+7cM8AMTv49eR6E9BNb/2+fkq5ghjz5Ea68NZAYUxuyr7ejrBVxGtqz7oi62k03OEX0U+1ZXWcDQmP17qWzIlnUS2xb/xxhs8ffoUv9/P0NAQw8PDDA0N4ff7efr0KSUlJXz33XcEAoGk/byKE76XU+x9LmSx+xSR5VRKpc9PZ6cfX8V8IcNBhkcARuj4/GW+rPEzaJ3J2nc92erzRGaqgs4L5+NzsfZdp9W/0PMuxXHyi/AQn2M20nak4zzHz3dEg8wFhcXgKWLR71VlCfLJz+/n20fxpY++7V+d6YiIiMiK0IpVkY2soJDiyAc26/NcYu43wMrp1mnmgYvlG4UFP5aNMDwInqqYNvlFeBgya4cHwd/JmforcVd5hkcW7lbSWmRbfCgU4sGDB3NOiQ2Hwzx48ACPx8O2bdt4PDLCju3b5/Tz0id8zzFfOouXu89ULHSfC1owVUYXbx8ppvWKeUeeIx/xL1zmzBV/9HX0fVil90hkNZRW+KATKpP97pbWcNRzltaz9bTi4eipI3gudGGlZV283wsXOD5opiL5te8KTdbWet+pU/g6L5jP0wWeXwXVp7lU2Mrxs/W0Rkt9NLScjo6f8jgFC7f1HDmCj67ouA1D9THPWw9HPzq6cDoVWbItW/Lp//YRldFnwxQ/jOfj9UL/+DINsq2Surpl6ktkHl9//TU/LS3FlZERVx6YmaGvr4+yn/98lWYmIpJ+FFgV2dBKqfRB0+cd/GqhfJX5RXjw8eukWwYXOlXYXL3qH4qJ3FoHb0BkxUxV8lyZOqx4zZqZmYnmGU0MqkaEw2GeP39ORkYG42NjyTvK38XbnivRdADmCd/HyCd2G+zsCd/VBVgBxOv0VSf+ri6ezuJF7zMV89+n3wrwzJoNZi6WKsNP69BBc2tvXyvHL5zlX4+YqTNGOs5z5krkfVi990hkZcQfSJWYI7yg+jSXqqOvqD7dQnXM1dUtkVfV/LYltsb6sjGu36Oz/Ua/iLS0RAad209Cp3H9LFY//zgptK2ujmmaUCfLbssbb5J/81seVW4zt+lPPeQ+b7J7y/34wGokPYAlv/IA+7zZMNXPjWvjbPH2098P3r11vPFtG7fxQn8/o/mVHNg9zrWYVABT/Te41j0a6Sg+3UDsOF4v8UlrRJL7+uuvuXPnDn8fGmLv3r3R4GpgZoabN28yPjGBAfxcwVUREUCpAEQ2vNKjp/D5r3CmNX7Ldcf52VVrFOzibU8nf4ruXezj0/p6ft+xePTTXDn0eXTbY1yOzNIKfP4r/Htk6JEOfh9JPyBrVjAYJDMzc9Gt74FAALfbvUA7c9vs4PAIMGKe8F2YGOEzAyqRwJ95wncSKaSzWKrIfaZi/vv0cPSjFi61zP5EV4imkCrjaI1VmV+EJyZ1RkFsPo5VfI9ERDaU7O28GZMOYOrhfXhze0Je1Ud03xyn8kAddXV11O31Mtr9DbMZBPoZ33KAurrZXKij/bC7ro66xBytj7q51r2FvXVmX3u3dHOt+1HMOP1495p1B7aMo6QEkoqflpaSl5fH+MQEN2/eJDAzExdUzcvL46el2s4iIhKhFasiG555KnFlaz3H62OKPUf4uCWykrSA6tOnGKw/y/HILkLfKXNV22JLS0uP8vGR85yxVuV5fL6YE41Lee+jI/z+bD3Ho8N+ZAaWFMtZs5xOJ8+fP8flci3YzuVyMT09vWC7ZTvhe8F0Fi+2HDNyn6kEVxe7z2SWL1XG6r1HIiIbSzbb38zn/g9TsA0e3h9ly+5s+CG2zTYq6/ZFX039MA5sianP583tCUdced9IelDVo2/7ya88EK3b9lYl+desFbOPvjUP07Iqs7278XbffOk7lPXPlZHBO3v38qUVSL150/y9iQRV34lZxSoiIgqsiohl8S2CZgD2vTnlc7dVxm2dJHEbJnA0rjL5lsn5yiXtud1unj9/TnZ2Nna7PWk6ALvdTmZmJpOTk2Qs9I/z5Trhe8F0Fi8mcp+pBlYXvM8kli1Vxiq+RyIiG032a1sYvf2Qqe1wf9TL7m0kBFan6L9xjeju/fwXTSo/xQ/jMNp/jbbu2PJ8fpiC7B/GIf/NmBWu2WzJh+VK9SrrW2JwFVBQVURkHkoFICIiy2rbtm08+u47HA4HO3bswG6Pf9TY7XZ27NiBw+Fg5PFjfvSjHy3Q2zKd8P0S6SzmE7nPVCx+n0ksa6qM1XmPREQ2nG1v4B29zzff3Gc02UrTR9/QPeqNbt/ft3tLsl5SkM1rW8z8rHVWX+bPPrzZZoCX0XGmou2nGB990ZuSjSgSXM3Ly1NQVURkAVqxKiIiy8rpdPKjwkIGBgYoKSnB4/Hw/PlzAoEALpeLzMxMHA4Hfr+fwu3bcToXfhQtzwnfC6WzWJ77nE+q9znXMqXKWMX3SERk49nGG95RbvaDd2+yDfwA4/wwBduyp+i/3Q8veKzUtje8jN78hkfe2IOstpgHW217Ay83ud3/lnkw1qNvefGRZKOKBFcjfxYRkblshmEYy9nhZFPVS/ZwjqyG/TiirwcINNUx/ZK9rgTXoRu4i3PnlIfuVPH0+jIPVtNGbhnmexP752UeZqUk+y1MLEr8VZ1bn9q1Rlz54vNJ5dr48uTtY6/5ye+6WQ5+v5/thYXL0pfIcvv+hx949N13vL5tGxkZGbjdbqanp5menmbk8WMKt2/ntdy5f2euNRvlPkVENpIHDx6Q6Xan2PoR3W232XLAXC3Ko27abmIGOLECnvff5MA+L9lxqQDyqdz7Jvdv3ufNA/vw0s+Na9afrT38j7rbuMle6iInWSXrO5JXgHwqY65lqp8b17oxh/LipR92zx6KJbKcnk9Ps2PHjtWehohsUA+Hh+c/S+IlPHjwYNE26RVYLb9Izp5yGGzmyWdXgUiwcvTlg4blF8nZs5PQrX08633xbtwfdOHiCyb/8OGcOtehG7hfv8f0xRNEz36uaSO3rCTF4KoZVCaVtgqsKrCKAquS/gKBAI8fP45bsZqRmcmPtm17gRWc6Wuj3KeIyEaxtMCqiCiwKiKraTUDq2n1ac/9i3JsY18waQVVAQKf/RvOEydxHjoMMeVrxvU6pjffwO29iOt6TMB1GfqdXO5VsCIiy8zlcm2If2RvlPsUERERERGRWWkUWD2HfSuE7iSuBL3Ks4vxAdW4LffTvdEVouZq0gFCW0usVAKTBG/t41nvObL2lGMDnHtusAlz1ar7gy5cWyO9RtpaL63Vs7aYuqD3htV+P7kfkHTVajKB70dxF2/FAWZgNUnfz3oPs+mElQKhrIssrFWr1orXCCOymnfeVaqH2XTiJM7IF+xjyVfXioiIiIiIiIiIyIuzL95khZRvx84kxuNF2tW0WakBqphsaiZIOe4Pzs3Wb83HuFXFZFMVgbFcnFUXcfEhT2/1YsQGT2vacGX1Mt0U0/YXkX7MQGz4jlk3eWcU5542HJ/tIzDG0oOVj8cwyMdWPn/fbq7y7OIXhIjNyXqOrLJ8grcibQewFb/LQpuSXId+g/PpF2b7pmaCWfvJqkl9qiIiIiIiIiIiIrK4NFqxmhr3jhIY+8JapXmVZ/3vklu2azbYONYZXXUamprElTVPR3Fb6Q9jywKeWi9rduFggMD1uW1fOtNSzS4c071MR/v+M0HvSew1wJyt/R/ytGn2lWtzPjCa2GiurT42lcOz3rmrfUVEREREREREROTlpU9gtfch4T3l2F5fqJEZADUe33v58RK24xsx++ldm/Nh+h6hlx/F9PpWbIxi9ILrUD64S3A3dMUFaY3Nh5NcGL+t35ieXHSowGf74NAN3Hu6yN0Dc1IciIiIiIjIgux2u3nqqM222lMRSX+GYf4/IyKyAaVPYJUPCY/tx7XjHBC/zd7MnWpuvzeensSWvfOlR4selGVt6TfHMM3JifqyY+0ogeleQpG+X78XzQsb71z8y5p3cboHZvOoWnlVFxP4bF+0b/cHXbiqLuLqXcaDs0RERERE1rGcnByeTE3hcjoVXBVZiGEQCATIzs5e7ZmIiKyKNAqswvRfenHu2U/OoXvmAU1g5kLdOknwlhkAnX4wgMva+j/NYTZ5Z1MDLHmbftZ2XECg/CLOrcCYVX79LqGy/bPb88svkrNnJ6Fb+zCWOkZNG66tELpjBTatvl01mKkGrJWz4Whe1URWbtZe614ZWHC42CA0WOkQeKigqoiIiIhIinJycjCAqSdPCIfDqz0dkbRlt9vJzskhNydntaciIrIq0iqwSu8JnvSeI6vhJLkNJ63CAQJN+4ju1L9ex/TmG7gbrBWm071Mp3KQVG8noapynHu6yHq9iqd/6cW5p9zckj/dS2BwEtfrVqCVD3l6azs5e7qiK0RDd6rM7fSvD+Aq20/uie3JV526yxO2+U8SvFUVsxV/bt/GYLMVVLVW7ZZ1kbO5mSefmflXnXu6yN0zSfBOL0bZTusQrOSm/9CM7cRJchv2x7x/SzhoS0REREREyFWwSERERBZhMwxjyYswFzLZVLWc3ckGkey3MLEo8Vd1bn1q1xpx5YvPJ5Vr48uTt4+95ie/604+8BL5/X62FxYuS18iIiIiIiIiImvNw+FhPB7Psvf74MGDRdsow7SIiIiIiIiIiIjIEimwKiIiIiIiIiIiIrJECqyKiIiIiIiIiIiILJECqyIiIiIiIiIiIiJLpMCqiIiIiIiIiIiIyBIpsCoiIiIiIiIiIiKyRCsbWLUpjisbg83uWO0piIiIiIiIiIjIK7SykU5XlgJOsu45HE4yNmWv9jREREREREREROQVcq7oaMFnhDNzwZkJNgVYZWG2RV6no3A4RHBmmpknE6s9FREREREREREReYVWNrAaDmF7poCTzGUYScrmtDEWqU/tWiOufPH5pHJtfPk8nYqIiIiIiIiIyLqhpKciIiIiIiIiIiIiS6TAqoiIiIiIiIiIiMgSKbAqIiIiIiIiIiIiskQrm2NVRERERERkDRgfH2diYoJgMLjaUxFZEqfTSV5eHlu2bFmw3df/62tsttmzI37+f/48Wtf3tz4CgZmkdV//r6/j+omtExHZaBRYFdnQ+vi0/gKdvlNcOloaUz5Cx/mzDB5s4b3SeS9Owrzuq6qP+G11wTLP1dLXyvEL0NBylNLYP7+a0eQFPXnyhCdPnhAOh1d7KiJpy263k5OTQ05OzmpPZY2znmWJxZ4jfHy6mlf0NErR7Nw8R+KfjSMd5zlzxZ/Q3sPRj05jNlvCM3Wkg9+f7eLt6LXyssbHxxkfHycjM5NMt3u1pyOyJOFwmPHxcYAFg6uGEWZ3+T9iA3r/8z/n9PHWrl1kZGTMqTOMMOX/+I+Q5DoRkY1GgVURgc7P6ah5sQ9jIx3nOdNVteofXtNlHmIFVaemcLlcYLOt9nRE0pdh8GRqCkDB1WXgOxX7ZaAZlDxznpSeC6/qGTLS8TmdCwV4E+pGOs5z5mwrhSl8Yajn3qs1MTFBRmYmdrsyp8naY7fbycjMZGJiImlg9f+78/8AUBD6BwIzMwCEQuFoOcCWwFsEAgFsNtucuoLQPzCT5Lr/WvZ/v7J7EhFJV/qXgojg8UDr5Q5GXrqnAqpPt7y61aqJSo9ySatV086TJ09wOZ0KqoosxmbD5XTy5MmT1Z7JOlRA9elT+PxX+Pe+VZ5KcWHKgc+CXVV4GGR4BFb8mSpxgsGggqqyptnt9nnTWISDBkU//nHczqJwOMyOHYXRH1vIhcvlwjCMOXWJ1xX9+MeEg8YrvycRkXSkFasiQvHBgxRfuMC/duya9wNcX2s9TdF9ltZWxdFWaxuj31oVtIu7cdsW47dnzq4msrY3FvugsxNzI6Qvbkt/0vESpxZJBXAKmmLncXCIM58Xxazi6ePT+s8p1hbJFREOhxVUFUmVzaaUGa9MPsUe+Gp4BEqtp0FKzzLz2RHXdk7KnFjJn3WzW/0vcLzTl1LampG7Xfg9VfxLYiqAXXf5/dkhin2ddHaC77/56Px/Y+Z8zOrgbivHr3SmMGcR2ciCQYOgESAcDvGfPT3R8ufPA9E/h5mZty4UCsbVBY0AQQVWRWSDUmBVRIBS3jvl4/iF6/RVJ/ng19dK0+ARPm6J+bB5vY/qo0f5+MhgzFbE2DWvI3Scv8DgkY+4VF1gBUHPxwU3/Z3Q0NJCqfXhsam1wvwQOO9483xALE2cRx8+/+fcHak2x+rrodNTxccKqoqIbCAFFBaDf2gUKFjCs8wMis62NZ9Rv+9Ilut0gWdd9Wk+ZpHt+v4rnKm/ElPgo6Flvq39nQwWfcSlFrP2V66YOY90AH5ahw5yqeWolXP1Ap9WLDVXuohsBKFAGAyDzP9jOKFm9otxp+fx/HXe7+KrDJvZp4jIBqTAqoiYSo/S4Ku3gpv5c+ounY68GGF4EChepL+Ru3zl9/D2MevjYWkNRz1n+eruCNXVZpHnSI0VxDU//L7UePETptLn5093R6iuLqCvpxNP1UfKQScispGl/GwZ4W6XH9/B09Zzo4Dqgz5aP7/LSHVC0HPBZ10KT53E/Kt9rRyvP598lwYe3t61UJ8ejtZYUdSCwqU9NkVkQwkFDPrvPljtaYiIrAsKrIpIVGnNETxnL/BpxUfxH8hGOvj92SvWln0PHk8KnY0O4aeYX79INPNFxktQWuHD//ldRqp3MTzo4e0ahVVFRDYWM3jqqbK+LEz52TLKoB86L9RHt/ebfFhrX2OavsSzLpkkX0KKiCw3b97bbPvRNkKh0LL053A4ePTdo2XpS0RkrVFgVURmFVTzL0e6OPP5dXwxxX3Xr+CPydXW11pP02J95RfhoYuY1HYpe6HxEpVWmOkA+uArIvnqJJ1N9d/gWjdUHtiHN3tFBuTGtfu8uVLjicjKGrnLV34oPmjlV0352WLmZvUdTGEb/Us862SdmOjhcvMw7zTWUjJbSM/lZtqHzFdFtSc5VpE3p3xWEbUnj1GRBxM9l2mOa1DB+3F9J50EPZebGX6nkdqYhrF9zc7hRe5ngPbGT+iJaZZyf5KmDPLyzP9+hmFgGAZ2ux0DMMJhbDYb2GwYhpk31W792TAMbNahboZhYAOzLfDou++SDSQisu6lUWD1HFkN+3Ekq5ruZfriCQLJ6jYI9wdduLbOvg7dqeLp9dWbj6xfBdXHONp1llY/ccFVBocZoZSCkQ7+1ElCZbKOdvG258rsdsi+67T6PRw9VgBxuVjnsdTx5jDTATRd8IPvlNIApL0pHt4HrxfuP5zCq0iniLyUETouX8HvOcK/xAZHU3q2FLCrykPr5x38KvYgq8Ejc3OlLvisewFLfVbK6pro4XJzO0NUxBUPtDfTTi0nGyvIiwRTCxqpLcmj4lhjXOuB9kY+4R0iMcqJ4aElBi1ng7Vxs5jo4Y/tUHuykQp6uNz8R3q8x1iw23nuh4kRhlMK8MpaYRiQlZUFQCAYJBwKkZGZSTgcJhgI4HA6cTgcBAIBMAwyMjIIhkKEgkFcGRnmdYEAdrsdl9MZ7VNEZCNKo8CqSQHDRIfZdOIkTnqZbrKCy+UXydnTRRYv/165P+jCxRdM/uHDF+7DdegG7tfvbfjg9/ph5ZK7MLsB0kwRYB2w4TlCwxEPTV3Wh9NdVXiuXOFM/RANLTXx/Zw+xWD9WY5b53L4TrUkyRk314LjzTfruHmYB3CVVvigsxNfhU7uSHuPvqGbNznwxjjXbn7DI28l2171mNle9tV5X/UossF8/fXX/LS0NPrBMyIwM0NfXx9lP//5Ks1s/ZuzdT9mdSos5Vl2lNLq0zQM1cccLDXfoVIv/qwDkhxelfr1cXP+qCjFAWW5RFaDVlRUMBS7lJMB7vRAxfsVmDHMPCreqaDxzgC1JQlhyYF2Pump4P3GSPkEI8NQWJZiUDUSCK2ooCJ+Ekz032aoaDf/nAdQwTsV7XzZP0HFPJHV+e8HmBhmqKgQrU9dTwwicdBQKEQgECAjI4NwOEwgEMBmt+Ow2wkGgxiGgSsjg1AoxEwggNPlAsMwA7AOB06nM9qniMhGZDOM5f1uabKp6gWvNFesosBqvJo2cssg0FTHdEzxcgUz0yWwmuy3MLEo8Vd1bn1q1xpx5YvPJ5Vr48uTt4+95ie/604+8BL5/X62FxYuS1/r0kgHvz87xK+tQKusjAcPHpDpdi/pmkfdbdzecoB93im6227C3joqt0UrabsJlZXjdHePAuDdW8cb37Zxs5/o60h7M6WA2Y78Sg7s85Id6ec2eOmnfzSfynfe5P6XsakAHtHddhOry7g+H3XPjgX5s+kKrLl5vf3090eGPMA+rbjdkL7++mvu3LnDlrw89u7dO7uqZ2aGmzdvMj4xQVlZGT9PCK4+n55mx44dqzFlEZnHvXv3yM7Jmbd+YmAASkrIG2in8RNiVnOa2+Z5P2Zb/kA7jV8WcvJYRUxw0lxpent37OrUAdobv6Tw5CIrS2cnwQAllOTNHdNcCfs+jVZB4uvU78cKug6/M++1kr6mnjxh586dc8r/cvs2u//hHwCYfv6cYDDIpk2bCIdCPJ+ZIcOVgcPpYOb5cwzDwL1pE4FAgEAggNvtBsPg+cwMDoeDzMxMs8//+T/5xe7dK3p/IiIRD4eH8bzI4SyLePBg8YP+0m7F6oKsIGNwMB9ncS5grnAN75jdJh+74tV16AZuq11cOoGaNnK9EKIEh3uS4K19POMiOXvKsQFMDxCiBPvjZp58dhVI2Io/NhuINAOTA4S2llhpDKz+eq225TH9RupebyPXOxYTiDxHVoMPI/Y6i3tHCYx9ERdUBQh8ti8+iJlsnN5I+U7CY+DYmhs3f9ehG9Y97Sf3A8x7qmkjt2z2H03G4Ox7kJiuIXSniqe0We9xOe4TF+HiCQJxfSS8HyIraORuF37fQQVV094jvu3P580D2UA2b1Xmc+3bR1Rui12z2s99DlBXl20GTm+2wd466iqtoOftft7a5yX7UTfXurewt24f2zDrrnW/Rl0kQjrab163DZjq5360/yn6b9xkvPIAdd5sK//qDfoP7MM71c3N8UoO1JkB2kfdbdz85hHeaOS3n/Et5tzMQOt/p3+78rZuRD8tLWVoaIjxiQlu3rzJ3r17AaJB1by8PH5aqr+RRNaDvMTVp7M1FBZB+5c9/PKYlQrgyx4YqmACZgOrA/9B+1AF7x+LiaBOjDDMED3NjbRbRRXvx+dNTZjEglvziwpn+84rLILhF7kfMz0BPZ/QGFnJWlSbECSWtcYwIBwOAxAMBAiFwtEgajgUIsAMoZC5YhVg5vlzQqEQoWCIwMwMhgGhyGpWpxNbTD5WEZGNxr4He7C/AAAcDUlEQVTaE0jkKOsityH+Jyt2dzElOPg3JpuqmB6cxFHWhf1BFZNNVQTGwOG9iAugpg138SiBJqvuaTnuD87NduMugf4qJpv28az3MJuqymGwmcmmKib7wRGz2Mp16AaurF6mm6qYbGommLWfnEOHZxtszce4FZlDLs4qaw6cI2tPOeE7Zt3knVGce9pwX79LyL0TZ7l1fc0uHNP3CM4JPh7GlgXG1L1F3rX4caYHMceJ1ufioNOcw61ejK37yaqxgrNjxASKz5FVlk/wVmS+A9iK37X6OcymE/uxR96jW73Yy26w6XEd04OTMYHrxD5GY94PkZUyQsf5es5cKabhqIIYae/Rt/R7d0cDkdnb3yS//1viz5b1sttqkP3aFsDLG1ZcM3tLfkxX/eRXvhVNI7DtrcqEvmavizP1kPuj+by5PTIJL/vqrODotkrqIqtemeKH8cSLZ+dG9hbyE6tlw3BlZPDO3r3k5eVFg6uxQdV3Ylaxish6lUfFsfepGGqnubGRxsY/wu6KOa0G7vRARVl8YHRimCGKqD3ZSGNjI43vV9DzyWV6JlZs8kmY6QmoeN+cU+NJammnuX1gNSclL8kwDMLhsPljGBhGOK7cPKgq8bXZzjAMDKzXkT6sNiIiG1HarVhdPMfqAEFrBWXg+1HcxaOErfahqUlcZg5u3DtKMAaboys9p//Si3PPLtxglQ1Er6Pch8M9SajfWpl5/c8EvSetlZmHcb6eS6g/srr0Ks/63yXX68OF1X6sM7oiM3YO1OzCwQCByDjX65i0/uwe68LpPQy9V825Pv7zi2/pTxgn8Fknrob92GuAxwCTBP9ibfXvfUh4z3wdfcjTmONxXZvzAWs7beJ71HuCJ9Y9u+akKMzF+Ytz0Pth3D2LrJwCqk+3UL3a05AUTNF/ux9G+2nrj6+53f/WErfUm0HP0f5rtMVl28jnhykWztk6Nc4oW9idbLipfm5c67b+NswnX5FTWUAkuPqlFVAFFFQV2XBKqG1spNZ6NdFzGYp2x6UBGBmGincSVomW1NLYGPv6l9QWNXO7fwIvf6S5fciqSO0gqaHh2TWyE8ND0fKB9kY+SXn1aeKBW2bO2PZP7jBQu/CKWUlnRjQQarfZMWxhHA7z06/NZsNut+N0OgiFzBWrTqfTbG+z4XA4MAyDkM2GzWbul1RQVUQ2srQLrC4Pc6WnbetJchtOxpRPYitP0vz1rdgYxUi6XX0nNre1krYsvsaRrHkM1+Z8mL5HKEnd9IMBKzgLtqxJQn+5mqTVVYynJ7Flz82Lk+o4S2MdlGUtdTWmJ2erFnyPYpnB2ayG/eQ27DeLxl4uh6uIrGNTD7k/6mVvXfxhVVP9N7h2/yFT3shK0VRk89oWyH9znhynUwtduoV87psB2IRLH33Tzah3bzSdwKPuNm6mPCfZiGKDq4CCqiIb3MTwEBS+Mxu8nOjn9lARu1PcS19YkEdeyTEa5y58nVeyrf+R1AAltY001ia5aCl0mNWaFlmJChAMWqkAZmYIh8OEQuanynA4bB5eBTyPSQUwMzNjXRe0ArBOq72CqyKyMaVdKoDlcRXjqZkfdNJKBWD+zJPr8/EYBvnJg67cw5g2V9LG91U3J+9posD3o+DemjwAG0kHUOPDQbI0AKbpBwOwdRdzjoGpaSO3wdzuv+A4S1HzLk73QDR9wpP+0dm6Bd+jRB/yNPI+xaQeEBFJNPXwPqPeN+asJs3e/ib5o/d5uFAwNIltb3gZ7f4muvV/qv8GbW3dCWkFksjezpv5o9yPDviI7rY2uiMXjv9gxmWn+rndn7wLkViR4KqCqiIbz0B7I5cj+/cH2vmkp4jaX8as7ZwYZqhoN96EyOREz2UaL/cwEX39R9qHKih7gWWhed7dFPV8aaYRmOjhy54idicOmNrd0N7YyOzO/wHaP+mhaLdXgdU1LJJjNRJIDYdDBEMhM3gaChMKh83X4TDhaLnZLhTTbvb68GrfkojIqlmngVUzIDmbH9TMkxoJRM7R20loOheH18qbWvNudNUmXCX4eHI2dyvmgVW5J1LIG3r9rnkIViSoWH6RnIYbbCoH+JDwWC7OsnJsTx/Onwbg+p8JTpfgihvvHFllJRiDfzaDuwnjuA75cMSmOliSSPD0MJu8Mf+KS3yPOEfWnPy3ifeImXqASYzHLzIXEVnvvukexZss6akV6Oz+ZtGQaLxtlRyoHOdmWxttbW1c64bKA5ULpwEwB8S7by9buq/R1tZGW5t5kFXlNitP62g319raaPvvsLsyfzbQKrIAV0aGgqoiG1BJ7fsUtjebOUk/6aHi/WNUxJ1RlfwUqbyKY5zcfdvKzdpIczvUnlx8y/88nfHPtdDe3EhjczvU/nPcHJZwN9Q2vg+fWHlfGz+hp+J9jr1YZ5ImYnOs2u12c4u/3Y7dbsdmA7v12mZt93c4HGY7wG53RNvFpgJQOgAR2ahsxjL/DTjZVPWCV8afOB9vgEBTHdM1beSWYf4ZrBPsZ1+7Dt3A/fo96xAl63VxbmRms6fTJ/YDZkBwTzk2gLFeglnlOB4388TK5+r+oAvX1oT5RMqZ3eqeOIe4fknIIVvTRm5ZSQp5ZRPHT5KLNm6cmHstv0jOnp2EIq+t95nI9dYczMOnOnFGUwFMErxzD0fZ3Gsj/42MQev9iY4d+99p9p+A0XYLSPZbmFiU+Ks6tz61a4248sXnk8q18eXJ28de85PfdbMc/H4/2wsLl6UvkeXy4MEDMt1Jv8YSkSSeT0+zY8eO1Z6GiMS4d+8e2Tk5qz0NkZcy9eQJO3fOTSvX093Dz372U8Da5h8Ok5mZSTgcJhAI4HQ6cTgcBGZmMIDMjAyCwSDBUIiMjAwwYCYwg8PhMF8Df/vr36ioXEK+ChGRZfRweBiPx7Ps/T548GDRNmkUWE0nZq5RW//iAc+XUn6RnD1bCaaQVmC9U2D1xSiwKulIgVWRpVFgVST9KLAq68F8gdXu//E/+OnPfgbAs2fPCIfDuFwuDGtrv91aoRqycqy6nE5CVp3L6cQAQsEgdoeDzIwMbDYbf/3r3/gv//RfVvYGRUQsqxlYXbepAJbmHFmx29dr3sXpfvXb113endjG7m74oKqIiIiIiIisDMMAIxzGiORGNQxz56PNFl0kYsNaJGIYYLNBZLu/zWbWGbMpAMJKAyAiG5hztSeQHj4kMHgD954ucveYJaE7VckPuloW5opY86CoD1/VICIiIiIiIiJzRIKhdpsdw2ZgtzsgHMZm5Vq12x3YbSEMmw273Y5ht2OP5GQ1wG4PYbPZZoOvIiIblAKrlsBn++Y/QGrZXeXZxYVzjoqIiIiIiIgsN8MwyHCZRyO7nE4MwzCDp0BG2GUeSmWz4XSZ4QK7zYZhtbNZh1i5MlzYiD/ASkRkI1JgVURElpW5ksHaNiYiC7M+zIpIenE6nbMnpousQeFwGKdz/o/7X399ZwVnIyKyfimwKiIiyyonJ4cnU1O4nE4FV0UWYhgEAgGys7NXeyYikmDz5s1MTEyQkZmp4KqsOeFwmJnnz9m8eXPS+n/6v/5phWckIrJ+KbAqIiLLKicnBwPzJNpw5FAEEZnDbreTnZNDrk4eF0k7W7duBeD7778nGAyu8mxElsbpdJKXlxf9PRYRkVdnZQOrNjsY+pAt65/N7sAIh1Z7GiKrJlfBIhERWeO2bt2qwJSIiIgsaGX3tbiysNkdKzqkyEpzOJxkbNK2ThERERERERGR9WxlV6wGnxHOzAVnJtgUYJWFJWZmXAuZGsPhEMGZaWaeTKz2VERERERERERE5BVa2cBqOITtmQJOMpdhJCmb08ZYpD61a4248sXnk8q18eXzdCoiIiIiIiIiIuuGjrgUERERERERERERWSIFVkVERERERERERESWSIFVERERERERERERkSVSYFVERERERERERERkiRRYFREREREREREREVkiBVZFRERERERERERElkiBVREREREREREREZElUmBVREREREREREREZIkUWBURERERERERERFZIgVWRURERERERERERJZIgVURERERERERERGRJVJgVURERERERERERGSJnKs9gVnnyGrYjyOxeLqX6YsnCKzGlObhOnQD9+v30m5eIiIiIiIiIiIisjLSKLBqCt2p4un1yKvDbDpxEveJi7DugphmIJm4+xVZWQ+Hh1d7CiIiIiIiIiKywW0vLFztKbyQtAusxrvKs4s7yWrYj6sGAgpAiiyrtfoXl4iIiIiIiIjIakvzwCrAPYxpcGw+DFwFrK34xblmdUyqAPcHXbjoJZhVjtMNMECgqY7pSFflF8nZU44NgEmCt/bxrDdSvpPwGDi2Wv2OfcHkHz60LjRXzpp9ThIai5/hfPOhpo3cMgiNleDYalYbg808+Qw2nbDSHpR1kUUVTx/Hzi1x5a6IiIiIiIiIiIikkzVweNVVjKdgy95pvqxpw108SqCpismmKgJPy3F/cG62+dZybP1W3VgJrhMXcQFwjqw95YTvmHWTd0Zx7mnDHb0wFwedZt2tXoyt+8mqMWtch36Dk16mm6qYbOqESPA1lflQgn2q2RpzAFvxb9hUfpVnF78gRCSAephNVTFzu9WLvSx2biIiIiIiIiIiIpJO1kBgNZ57RwnG4J+jq1Cn/9KLsXXXbBByujeaMmD6L70Y7p04y4GaXThi6rj+Z4LTJdhrIhdOEvyLtUK19yHh6IiHcb6ei/G408rx+iGBwcnU58MAwc/MlbY8HsNY4N4cXisI3HuCJ7ErbUVERERERERERCStrIFUAIexZYHx+F70z7atJ8ltOBnTZhJbOWbQ8unD2UOueh8S3mOudHVtzgd3Ce6GrriVoMbmw/B4ofF3YnND+Pur0ZLA96O4X5+d23zzSd1Vnl3EPKgrMr/YlAIiIiIiIiIiIiKSVtI/sFruwxET2DSensR43MyTz67Oaer+BZC1HReYAcny7diBEJFg6L3kwcpy3wITSJLjdXM+MIaZpmD++VAzt2h+V3l2MdLHObIa9pN56DCBZP2KiIiIiIiIiIjIqkrzVABm7lFb7Pb+BwPYit+Nrjp1HbpBbkNMPtLI1n/A/YtybNP3CPYC1+8ScpfjigQ7yy+S09AVzaM6v6sEH0/GjGmmBohYdD4pOUdW3FzMYG7sKlkRERERERERERFJH2m3YtVR1kVuWUzB2BdM/uHD2dfX65jefAN3Q5d1KNUkwVtmPlI3wNgotj1d5O4BGCDQdCKaG/Xpre3k7Jnt3xhs5ul1YJFt+4HP9uH4oAuXNWZobACyFp/Pwj4kPLYfV1kXOZubeXKrN25ujH3B5PUFOxAREREREREREZFVYjMMY6HzlJZssqlqObtbEvcHXbhICMTKmpDstzCxKPFXdW59atcaceWLzyeVa+PLk7ePveYnv+tOPvAS+f1+thcWLktfIiIiIiIiIiJrzcPhYTwez7L3++DBg0XbpHkqABEREREREREREZH0o8CqiIiIiIiIiIiIyBKlXY7VlzH9h6oUcpuKiIiIiIiIiIiIvBytWBURERERERERERFZIgVWRURERERERERERJZIgVURERERERERERGRJVrZwKpNcVzZGGx2x2pPQUREREREREREXqGVjXS6shRwknXP4XCSsSl7tachIiIiIiIiIiKvkHNFRws+I5yZC85MsCnAKguzLfI6HYXDIYIz08w8mVjtqYisqvHxcSYmJggGg6s9FZG05XQ6ycvLY8uWLas9FREREREReQErG1gNh7A9U8BJ5jKMJGVz2hiL1Kd2rRFXvvh8Urk2vnyeTtNSH5/WX6DTd4pLR0tjykfoOH+WwYMtvFcKfa31NJHYJrGrVo5fgIaWoyzQKuUxZe0aHx9nfHycjMxMMt3u1Z6OSNoKh8OMj48DKLj60sxnSKt/tsR36hU8T1J+1omIiIjIRqCkpyICnZ/TMbIBxpQVMTExQUZmJna7HjEiC7Hb7WRkZjIxoS+dX44VVC0+xaWWFuvnFFyo59O+1Z6biIiIiKxnK7tiVUTSkscDrZc72HW6moIk9aVHW7i0wmPK2hUMBrVSVSRFdrtdKTNe2iiDfvAdjF1DWsqvjng409PHe6VaWypLZxgGQ3//O8+ePiUUCs3bzuFwsCkri6If/xibbS0krhIREZHlpMCqiFB88CDFFy7wrx27+G313DBnYiqAvtZ6mjqtyjlb+iG6eogjfDxP4HSxMedu6/RFt16a8znC0cErVr2PhpYKuusv0JnQNrX5iojI2pVPsQdaE4KoBdWnZ78UtLbwHz0ySOsV88HiO9VCZc/s8yE2dcBIx3nOWO3wzPcsm/usm+9509daz5/wQWcn/nn7k3Qy9Pe/Y7fb8e7cuWjbhw8fMvT3v1NcVLQCMxMREZF0on2aIgKU8t4pH/4r11ls1+RIx3maBo/wcUsLl1o+4ujgBX4ft6ff/KD5VdVHXFrwg+PCY450XI7Z1vkRRz2d/Cl2nM4uODZb11TfQ6W1/dPHbNvF5ysiImtbAdXHjuDpvMDx+nqO19fP8/d8J19xjEstLXx8xEPnhXq6K8zUAQ0+6Py8gxGAvlbOXCmmIfLc4ApnWhOfVHOfdYs9b/yd8OuWlkWejZIunk5NsX379pTabt++nadTU694RiIiIpKOFFgVEVPpURp8nTTN+fAYa4S7XX48VbusD4UFVJ9uiVlxOsifrA+ayVehpj5mQfXpmJWl5jbPOL6DmEMUUFgM+CqsFarmyqXY+foOVs/O96APf9ddFFoVEVlHCqr5rZVf9eMjHvxXznK8PjHHqo9fW8+mAvPBQaX1mMkvij446OvpjHmmmM8NOntivgRM9qxL4XkT7VPWgoW2/y9HexEREVkflApARKJKa47gOXuBTys+ojhpCzPAWXxwvqCpH/CYq1CrUzsxed4x+1o5fiGyn9KDx5Pk4kWZ8+28UE9nXLmPUdCKIRGRdaig+jSXqq3t/BdaqWxJ7XlkGmF4EDxV+Qu0SfasW/h5IyIiIiLrkwKrIjKroJp/OdLFmc+v40vawFwN+tXwCJQmC0v6+PXpo9BaT1NrRWq5TJOOOULH5514jkRWA1lbLpd8Q+Z8fQdn8+bJ2jXQ3sgnvE9jbckSrpqg53Izt3ef5FhF3iubm4isor5Wjn9eNCdvqbkqdanMXRD+oYW+fkv2rFv4ebNYmh0RERERWZuUCkBE4hRUH+MonXQmbr03a9lV5Ynb2tjXWs/xhK38pUdP4eu8kLAFc+ljmh9sgb7rMYdYLYU532jevMh8z3coFYCIyHpRWoHPn5gH1fyC7kW235dWxG79n7+f+GednjciIiIiG5FWrIpIAjMvXOuFzuS11adpGKrnTP0Vs8BzhI9Pl0JfT0yrUn51xLOELZiJY0ZeX+B4J+A7ZeZiXXAF0Tw9J84XHw0tOjhERGT9KOW9lo8oPn+W4/WzpZ4jH3EplXzfc7o7ysdHznOmvj7SER8n3YGR8Kxb4HmjdAAiIiIi65PNMAxjOTucbKpazu5kg0j2W5hYlPirOrc+tWuNuPLF55PKtfHlydvHXvOT33UnH3iJ/H4/2wsLl6UvkeVy7949snNy5m8w0cPl5naGAIoqqKCH4Zit+gPtjXwSidNXzG79j0sFYPVB7UmOefu53Hyb3SePYXYxQHvjJ/B+I7UlSgUg6W/qyRN27ty52tMQkRjffPMNP/3Zz1Ju/7e//pW33nrrFc5IRERE5vNweBjPix3MsqAHDx4s2kYrVkVEZAVN0PNHMyDaWJEHA+00fgJFu63anst8MlzLycYK8qwA6eXChKDoRI8VSG00A6kTq3IjIiIiIiIissEpx6qIiKyciX5uDxWx22sFSkt+SW1RtJL+20MU7fZi1pbwy9oihm73z8ZOh79MWJ0qIiKy/BwOxyttLyIiIutDGgVWD7PpRBc5hw6v8THA/UEXuR+ce6VjiIisSRPDDFFIQdKg6ATDQ1CYvNI0BBQN0f4fA69ogiIiIpCVnc3Dhw9Tavvw4UOysrNf8YxEREQkHSkVwLI4R1bDfrhTxdPrqz0XEZE0lldIEbcZmYCSOfHTPAqL4HbySlPFOxyrhfbGT2gva8RKvyoiIrKsin78Y4b+/nf6790jFArN287hcLApK4uiH/94BWcnIiIi6WKDBVav8uzi1Vc+yvQfqph+5aOIiKxBeV52F7Vzu3+Cioo8GPgP2ociOVbz8O4uov12PxMVZo7V/2gfoqj2n4lPpVpC7fsVNH7STlljLSV5BRQyFNPnHXqAilW6RRERWftsNhvFRUWLNxQREZENLW0Dq+4PunDRSzCrHKcbYIBA013sDfsxMxgNEGiqY3pJbQ+z6cRJHI+befLZVbBem9dMEhoDR9Y9pi+ewPFBF04GYGsJtulepi+eIFDTRm7Z7PIoY7CZJ5/BphPWOGVdZFFFeEcXLr5g8g8fAuA6dAN3ca55UaQvgJo2cssgNFaCY2tsn68++CsisjryqPjnWm43N9PYDlTUUlsEtyO1Fcd4f7iR5sZ2s6DiffOQq0Qlv6S2qJlP2storDVzsTa3x/c5vEJ3JCIiIiIiIhtT2gZWAdi6E25VMdlrBkBdDRBoquKptfXeeegwRIKQKbWN79516Dc46WW66QSByHb+mKWmtq1mH2bRObLK8gnequJZL1ZQ9F3c1PHs4s64VADuD2IGqWnDXTxKoGlfNLDr/uAcASvoCiXYp5qZ/MNVq8/fsKn8qjmGiMh6lFfBscbIetIJei7H51UtqW2ksXbuZSW1jTTOdkLFscboqtS8imM0xi1RrUjaTkRERERERGS5pNHhVUmMdVoBxqsYT4Gxu1aQ8x5G4l77pbQF4DDO13MxHneaq0f5kMDgZEKfd2PirB/ytGlfNODp2pyf0i24d5TE9HOVZ/0DsHUX7miLAYKR4PDjMYyUehURWasGaG+8TE9kX//Af9A+VEThAudViYiIiIiIiKSj9F6x+krtxOaG8PepbruPTRsAxvTkws2ta2xZYDy+96KTFBFZZ0r4ZS00Nzdibfan4v1Gku32FxEREREREUlnGziwaq5kdWw+DKQQXK15F6d7Nq9rJD/qwq5iPD2JLXvnS89WRGS9mLttX0RERERERGTtSe9UAK/UVYKPJ7G97sMFwDlckQOm5pWPrRzgMJu8JYu0NU0/iN36b10Xl2JARERERERERERE1poNHFiFwGf/RpBy3A1d5DbswkjMsRrr+p8JTufi3NNFbsNvoL8XIxpo/ZDwGDjKusg5dDjhujqmB/NxNXSR23DSPCwrenCViMj643Q6CYfDqz0NkTUhHA7jdG7gDUQiIiIiImuYzTCMZT0vabKpajm7W1GuQzdwZ3cyqcDnikv2W5hYlPirOrc+tWuNuPLF55PKtfHlydvHXvOT33UnH3iJ/H4/2wsLl6UvkeUyNjbGxMQEGZmZ2O0b+vs7kQWFw2Fmnj9n8+bN5OendiimiIiIiIjEezg8jMfjWfZ+Hzx4sGibDb1Ewv1BF86pZp58dpVIKgBjUAdNiYi8jK1btwLw/fffEwwGV3k2IunL6XSSl5cX/X9GRERERETWlv8fvs9nzLVtOuUAAAAASUVORK5CYII=" height="600" width="800" />
Actual:[Personal Details, Contact Details, Emergency Contacts, Dependents, Immigration, Job, Salary, Tax Exemptions, Report-to, Qualifications, Memberships]-->Expected:[Personal Details, Contact Details, Emergency Contacts, Dependents, Immigration, Job, Salary, Tax Exemptions, Report-to, Qualifications, Memberships]]]>
  </system-out>
  <testcase name="getMyInfoSideMenuItemsCount_007" time="10.313" classname="testcases.MyInfoTest"/>
  <system-out>
    <![CDATA[<img src="data:image/png;base64,iVBORw0KGgoAAAANSUhEUgAABVYAAAJcCAYAAAASBf/6AAAAAXNSR0IArs4c6QAAIABJREFUeJzs3XecVdW5//HP2nufMmd6Y2aYQhk6SLWgCAj2qNGosYtiyc01NzFXkptoEsvNVdMsib/cxJgbDGrsYsFEjIIKKoo0EQakCEOdOdPLabus3x/nzMDAwECilPi8fRGZ2WuvvfaZ7R/5zrOfpbTWGiGEEEIIIYQQQgghhBAAzJgxo8cxxiFYhxBCCCGEEEIIIYQQQvxLkWBVCCGEEEIIIYQQQgghDpIEq0IIIYQQQgghhBBCCHGQJFgVQgghhBBCCCGEEEKIgyTBqhBCCCGEEEIIIYQQQhwkCVaFEEIIIYQQQgghhBDiIEmwKoQQQgghhBBCCCGEEAdJglUhhBBCCCGEEEIIIYQ4SBKsCiGEEEIIIYQQQgghxEGSYFUIIYQQQgghhBBCCCEOkgSrQgghhBBCCCGEEEIIcZAkWBVCCCGEEEIIIYQQQoiDJMGqEEIIIYQQQgghhBBCHCTrcC/g89IYa6K6dRubmjeztW0729t30BBrJObG8LQHOjVQgac1E0qO5xsjp2MoyZaFEEIIIYQQQgghhBAH56gOVhNugpV1VSzY9i4r61bTGG/EJRmiKhRKKQCUAqVVMltVYHs243qNkVBVCCGEEEIIIYQQQgjxDzlqg9WqhnU8teZZltevBA0GCmUYWJhAsirV9VxyAzl4aNrtNpRSOJ7D6IKRjCkaeZjvQAghhBBCCCGEEEIIcbQ6KoPVtQ3r+cl7/4PtJTANC6U0OlWl6mkPx3PID+ZzSunJJLwE7+5YlKxW1RoPuGrIpVjGUXnrQgghhBBCCCGEEEKII8BRly62xFv4+Uf343gJLMNEJxNVtNLYnkOWL4NLBl7IkLxBLNz+PnM3v4GHxlCKhJtgSulkBuVWHu7bEEIIIYQQQgghhBBCHMWOumD1lY2vsSNSS8gMdn7P9hwsZXFh//P4auVXaIw18uCy31HdugXLsFKVrBqf6WfasEs7e68KIYQQQgghhBBCCCHEP+KoClabYs28uul1AoYfDWitcbXL+OLjuXzwxVRklfHaZ2/wyKpHAfAZFhpQSpFw4kwbcgUFoYLDeg9CCCGEEEIIIYQQQoij31EVrK5v2khzooWg4cfWDnmBXG4Yfg0TSk8g7sb57bI/8MbW+ZjKwsBAo1EKHM+hT1YF51aedbhvQQghhBBCCCGEEEII8S/gqApWP21ch9YejnY5pXQiVw+9jMJQPnXRBn7x0a9Z07gGS/lQil29V7VGo/n2qG8S8qUd7lsQQgghhBBCCCGEEEL8CzhqglVPe3xcvxpTmXxr5Dc4rc9kDGVQ017Lzz96kHVNG/CbPrQGdPIcBUScGDcdcwND8gcezuULIYQQQgghhBBCCCH+hRw1wWrUieI3fNw5/jbGFY0CIByp585FP2Nb23b8hg9I9lPtSFejTpwLK7/KVyrPOIwrF0IIIYQQQgghhBBC/Ks5aoJVQxl8e/S/UZjafMp2bX697HdsaduW3MxKadC6c0MrQxlcNvAirhj6dUxlHubVCyGEEEIIIYQQQggh/pUcNcFqmpVGmpXskaq15i9rnmNx7RICVhoxHJRW+E0/peklHN9rDCeWHM/AnL6HedVCCCGEEEIIIYQQQoh/RUdNsLq7jc3VzK/5kBPLJtE3rYC+6SX0Si+iML2IglABShmHe4lCCCGEEEIIIYQQQoh/YUdlsFqeUcwfJ/8M5Tp47XVY0WZ0wka7teA66GAOyh863MsUQgghhBBCCCGEEEL8izpyglXtoeNtYEchkIHypcE+Kk99zVvxVr2Kt3YeTuNWYlonN60yTLTpx8wrwygbjVU5EbPkGFQg8xDfjBBCCCGEEEIIIYQQ4l+Z0lrrw7kA3R7G3rAAd8MC3LqNkIhCMAsztxyzZChm3xMxCweBFdh1TqwZr3kburUWr7Ead9sK3J1VeK1h6AhZAVAYhQPwj74Aa9g5KH/64blJIYQQQgghhBBCCCHEUWPGjBk9jjl8warnkPjkZRLvP4rXtA0MI9kbVRloz0PhoTUow8TsPQLfmK9hDTwVZQW7nU631+OG1+Gsewt7zesQbQXDQANKa8zewwlM/HfMiuMP7X0KIYQQQgghhBBCCCGOKkdssKrjLcTfehB7+UtgmMk/AJ4H2t01ThkoQGuNAsw+4whMugmzZOR+5/eatpJY+RL2h0+gXRtlWmjXAaUITr0Z/5hLwThyuiAIIYQQQgghhBBCCCGOHEdksKrtCNEXv4ez8QOU5QdUMkzVYJQOxywfh5Geh3YddPM2vPB63JpPky0CtAemj+CFv8LX/+Qer+WG1xKbezfe9tVg+kBrtGsTOOEqApO/A8r84m9YCCGEEEIIIYQQQghxVDnyglXtEf37vdhLn0f5Uj1TPQcjPZ/AqbdgVk7a+1V/18Zr3oqzbj6J5bPRjdvAtEj7+q+x+p7Y8yVjzcT+/jOcqjfAtNAAToLgmT/AP/qSz/0WhRBCCCGEEEIIIYQQR7cDCVaNQ7COTvYnL+EseW63UNVFpecnQ9LBZ3TfP9X0YeT1w3/CdaRf9Sf8J1yN9lyiL/0QHW3q8ZoqmE3wrNuxhkwFx0YByvQRn/sz3PqNn+8NCiGEEEIIIYQQQgghvhQOWbDqtewgNv83YPmT39CA9kg7/2cYhYMPaA6VXkhgyn8SuuhX6EgjiY9fPLDzfGkEz/gRqmgguC4oA5QiPu9+8JyDvpd4PE4kGsXzvP2O01oTi8Voj0SIx+MHfZ2eJBIJ2iMRYrF/fm7btolEIkQiURKJBI7j7PP+DrTI2XFdotEokUiERCLxT6/xcPC0R00kTNSJ/cNzJFyb2kgd3mHaJ04IIYQQQgghhBBCfP4O2Q5O9tKnINoMVqpa1YnhO+k6zNLRBz2XNWAKoUseIvbWQ/jHXorypfV4jgpmETzjNqKPTwc8MP04G9/D2bkKq/eoLmNrampZ9MEH5Obm4HoeEydMwLIsWlpaeH72bObOnUtLaxsPPfgglZX997rWtu3bWbBgIW+//Q6fbdpELBYlPy+PEcccw6RJEzn5pJMIBAL7XW9jUxPvv7+IjIwMmpqaOHnCSeTl5aG1ZvmKj3nttddY+cknNDU1EQqlUdm/ksmTJzPllMmkpfX8eQC0RyIsXbac+fPmsWz5ctrb20EpTMMgNzeHwsJepIdCBINBQqEQza0t1NWG+fa3v82woUO6ndO2HZavWM5bb7/NokUf0NDQgNaazMxMhg0dyqmnnspxxx1Lbk5Ot+d/2riBD3d+RIaVTn2skTG9RjG2aP+blQF8uHMpGxo3EjAD1MUbOLvPqZRnlbFk5zKWhVfiaodcfw5RN0a7HaEl0YaLQ8gKURTqxeDcgQzLH0zaHlXTbYk2vj3/+xxXNJYZ4/4DQx3c7yI0mv/75DEWbHuPBybfQ1F6r4M6XwghhBBCCCGEEEIcmQ5JsKrb60isnJPcQApAawik4x/zj/c4tSonkxbKS851oOcUD8XsMw5381IwLZRS2B+/vFew+snqVXzve99DA+PHn8CUyZPZsXMn37zpW6z6ZCWmYaIMA/8e4WhbWxuP/vkx/t9v/x8+n48RI0ZQUVFOIh5n6dKlLFmyhKeeeopJkyZx15130rukeJ9rjUaj3PajHxGJRDBNk1defolgMMjPfvELnnzySRQKy2ehPU08kWDFihW88MILnDB+PD+79x7KSkv3+1msWl3FHXfcwUcffUTffv244frrGTt2DKZh8vHKlcycOZP33nuPzMwsvv71r+M4LnXhOpqam4nHu6/eXPvpp9z/4IO8+cYbmKbF5Zdfzvjx48kIhVi/cQOzZ8/myaeeYsjQIdx5++2cdOLePXLjdown1j6Lz7DQWtM/p89+76NDbXuYWWuexJd6xk4sPo5yYHn4E57f8BJpZhoeHlcOuoTyzHISXpwNTZ8xb+s7xN0YlvLRN7OCGeO+TXnWrs+uNlJH3Ivzzrb3OL//2QzKG3hA6+mwrWU7czb9DUuZxJ2js2pXCCGEEEIIIYQQQuztkASrTk0Vur0B5UtVA7o21vCzMTL/ueo9s+SYgzvBsLAGTcXd/FHn1+7Gd9GxZlQwu3NYeigdn8+HbdsMGDCASCTKf3zrP1ixbBm5+Xk4CZt4Ik56KNR5TiQa5Rvf/HeWLFnCz+69l4knn0xObg6WaeK4LjU1tTzw4IO8/PLLzJ8/j5bmZh6b9Wf8fn+3S00PpVNYWEh1dTVZWVn4fX6+e8v3+HTtGu695x5GjBhBXm4e9Q31zJ//Fr/93/9Fa49F77/Pt79zM08+8TjBYDc9a4HVVWu49LJLaW1p5dJLL+WO239Cenp65/HBgwdx5hmn818/uJW/v/l32tva+cFd3yMQCOyzPcCSpcu49rrraGttYfDgITz0m98wcEBl5/GTT57AFZddxrPPPc+Pf/xjrrl2Og///ndMnTKlyzyu0gQMP6ZhoLXGVL79/0xT/JYfv+nHVCYKhd9Mfq6WYeE3/Gg8snwZnFd5FsHdqlLPrzyHXy75DZtbq9nY+hl3L/4VD0y6h7RUFXRjvDnZ+kDB7PWv8v3jvnPAVaue9nhszdMoFBpoSbQe0HlCCCGEEEIIIYQQ4sh3SHqsupsXo3YLozQaq/8EQB2Ky3dh5PdDd1xXGXhtdXitO7uMKcjPx/FcANLT0vnDHx9hZ20tf5o5kxdfeIHnnnuWO++8C9veVYHY2tJKS3MLr77yCl+74HwKCvKxTBMAyzQp7V3C3T/9b0455RRM0+Sjjz7i5Tmv7nOdlmWSFgyglMIyTX70k58Q8Pt45eWXuPiiixgyeDC9ehUydMgQbvr3b3L/ffehNQTT0li2bBlvznur23mj0Sjf+/73icfjFBQW8sMf/FeXULVDVlYWd//PT8nOzuYvTz7BI3/8Y/LzMwwMo+tj09DQwE3f+hbxaJS8vHwe/v3vu4SqHfx+P1dcfhlfOeccPNflmzfdxKbNm7uMybTSUUqhNXhocv1Z+/yMdhc0/KnHSaOUIsOXCr0NhVIGCoUyLGJu16rRsszefPOY69Daw6f8bGvfzsq61Z3Hd7bvTAa1hsV7Oz9gY9NnB7QegNV1a3h3xwf4jWTIWxsNH/C5QgghhBBCCCGEEOLIdmiC1R2rwdhVHKsMCyOn96G49N6UiTJ3q4LU4IU3dBnS3NKMZZoEAgFmvzSb1157jeeefYapp0ymT0UFgwcN4orLLqWoqKjznLS0IPff/ysGdBModggEAtz079/EcT0sn8Xs2bOxbbvbsZZlYfr8KKVoaGxk1erV3HvP3WRmZnY7/swzTueqq64iGo0SCPh5/vlncZy9N+b6ZNVq1lRVAYqvfvWr5OXl7XO9+fl5nDr1VPz+AL/73e/ZWVOz1xitNb956LeEw7W4nsfN3/kOfSrK9zmnUoobb7gB0zJxHYff/vZ/u2yG5WgHUKDAUAZx3f3ns6eQlZbsCqEUKIWtk8F4ppWO1h6u1gQMH35j7yLt3hnFpPsy8PAwMNjcWt15rCXeiocHWqHRPL32BTy9/03LABzP4bE1T2Mo1ZH30hhrOqB7EUIIIYQQQgghhBBHvkMSrOr2OuisWNXJitFg95sXffGL8ZLhG8kwTxkGXkPXqklNMtRDKWrDYb7/ve9TUrzvfqiQrPAcNLDn/pulpaXk5uSglMGWLVuIxePdjjNNk/RQCM/ziMfjfOc//oOMjIz9zn3JxRd3nru6ag3tkcheYxYvXpyqONWMGjVqr+N7GjxoEIZhEIvHWLps2V7Hd+zcyVNPP0UwmEZ6KMQZZ5ze45x9+/ahuLgYn8/Pa6/NpaGhsfOYaVi7HkoNQXP/m3x1iHgJfMpMtQ8wCJnJ1/1z/dk42sVQCksZdFcl7Xpu8pEgWSWbF8jtPFYbrQOdqrJWFh/WLmVj06Ye1/PRzmV80rAaS5mgkuc3JVoO6F6EEEIIIYQQQgghxJHvkASryVLCjqrEVIIVbdzX6C+WMsCx2T1g0/GuAaTP50ejcR2H0tJSjj/uuM/t8gG/n/z8fLT2cByH+H6C1bRAANd1sUyTUSNH9jh3Xn4eubm5aA8ikXba2tr2GvPZpk1YPgtQZGbs3QJgTxmZmZ0bhG3bun2v4wsWLMS2bVzX5dhjx1FYUNDznOnpVPavRGtNLB5j9epdr96nmcHkk6I1Gt0ZkPYkzQzi4aG1RqEIpHqstrsRLGViKIWnOypiu6qNhGlNJD+rgOFjbK/RAMTdBDvad2IaJsloNPnP42uewU1VxHYnakf5c9WTWMrCVMkKWaUU4UgYzYFvtiaEEEIIIYQQQgghjlyHJlhVZtevPRuv9fD0m9TRJvTur3J7HphdN0jq6I3quC7Dhw0jtNsmVf8sT2ui0UjndSyr+/3DtE72ClVKEQgGyc/f9yv7u687Py8vFf9BLLZ3aJufn4/rJgNIz+35lfampkaUoZJ9Rv1dPyfP8/hw8WJM08RxHE44YTymae5jpt3WaVnJAFhrHMemdbcA2Jd6VjR02YSqJxm+tM5NphTJyleAlkQblmGljhlYe7QCaE208fiap9FoHM/h+mHTyE1LVlO7nkNdtB6Ac/qeRdAMYCmTxTVLWNfQtX3E7t7fvpgNLZ8xMKeSCyrPxfFcFIq6aD0J98BaGwghhBBCCCGEEEKII1v3qd7nTGXk4zVtRXUGrAp384f4Bp5yKC7fhRden9qjPVVDaxjsucm7aZqgkx0D0tPTMc1/Ln/WWtPU3Mz69Rt44i9PUFsbxlAGhmng93W/671SiubWVvx+P4ahMA4gsPQ8D9uxMYzkZk2BwN6v0R87biwP//73mJbJ5i1bepxz/boNnb1LBw0a1OVYIpFg48aNGIaBaZq8OW8eLS2tNDTUk5mVTSDgIxgI4mmPWDROLB4jGo3Sq7CQj5YswTRN2tsTtLXuVlmbeidfpf7n2XUv0iutANOwaHXaMJRJ0AxiYBD1YrieTchMY0ekBqWMLuEqgJGar+MnnnATBM0ALfFW1jSs47GqJ/msdTO5gWymDbmC0/tO6VxKxI7SnGjB9Ry+0vd0/IaPp9Y/j2VY/HHVLH5+8l2patZdonaUWWuexFImXx94ASErxNPrnsdUJi2JFqJ2tLOaVgghhBBCCCGEEEIcvQ5JsGr2Goi3ZSmQDKGUaeGseR198r+hgtmHYglJro27+UNIhWHJTYU8VE7XzZaUSkavWoNh9Bxo7qmxsYlNmzexYeNGPl37KZ+uX0dDfSOJRIx+ffuRl5dHQ309Zg8Vqx1Vq4Zh0N7Na/178lLndNxDZjc9WceOHUteXh7NLc28+cabXDPtanz7WENLaytvv/MWSilKSooZMWJ4l+PtkQjhcDgZ5CpFXV2Ydxa8Qyg9nfRQiEAgQDwexzIN/H4/juPiuA4bNm6kT58+VFSUo7WmpGSP/rWpFrgGis9aN1MTC2Ng4jf9+AwL1/NIaBu0h9YeaVYaTfHmXefuNZdOVYyG+fF7/0O2L4OaaB0NsQZGFYzk1IopnFAyjtKMki6nhqN1OLj4zQAZ/nTO7nc6z6yfjWmYrGn8lI/DnzCmqGuf2jkbX2NHpIbRBcdwbNEYNjZvwkgtqsluPaCNr4QQQgghhBBCCCHEke/QBKslI7D107u+oQy81jD2p/Pxj7zgUCwBALd5G+72VbD76+DaxSge2mVcsk9n6u/egQdh27Zv55lnn+WZZ56hsbGJAQMGcPrppzPtqqspLy+jtLSUWDTKFVddTUNDPZblIxKJ4Pf3XMGo1N6bLu01BlKVtgq/308sHiObrC5j8nJzueuuu7j5uzfz0ZKPmDPnVb52wfl7zeVpzR/+8Ah19fWYhsntt9++V1DrsywSqR6xkUiEO35yOyefPKHLWg3D6BISdwS/QOffk5tp7Sa1WRQovjv6Jvrn9O3x3leFq7jt/f9mr2RVg06FqznBPECxon4VlrKwTIvLBl3I4PzuNx1rjDXhuDb5oTwMw6AgkM9p5ZN5c+s7mMrkT6sf5/6CYfhSrSQao408s/5FlIJrhl6OaZhk+jJBKRRguwlaEq3kpeV2ez0hhBBCCCGEEEIIcfQ4NMFq72PAFwTP3fWqtxUk/taDWJUTMNILD8UysD95BdwEWEGSiZuGYDbGHkGX53nJ18lVMmA8EKtWr2b6dddRU1NLRZ8+/N///ZFjx47d63X8lpYW2tvbAQgEAqg9Q8UUpVTnplEHyjRN/KkNr3w+3z7D2K+cfRaNjXfy4IMPcNuPbqOltYUzTj+d3JwctNbUhsP86U8zefTRR8nLy+NHP/4Rp06Zstc8GrBSrQws0yQSiXbbY7WjV2znfR0Qhatd/Eb3rRL2lqxK3eu7Ktmr1UOTZoX44bibeWjFw6xuWIPjOvxq2UP8fMJd3YadO9p34qHJDWYTMJM/x4sHXsDb295Do/msZTPvblvEKRUTAXhh/RyaE82cVHQCg/OSYa3f9BEyg8TcOFp7NMQa6ZtdcYD3JIQQQgghhBBCCCGOVIdk8yojuzdG3xPQ3m47shsmRFuJzb0HfQg29HGbtmB/9BSYfjo6buK5mKUjMNK77mTv7V6legDhZktLK9OnX0dDQyO9S3vzxGOPMeHEE7vtcerYDo7j4HmagN/XuVHWnrTWpGek4zjO3mvaB8MwUYDruliWSSit+023DMPg6quu5Ne//g1KGdxzzz1cdfU0rr/xRqZffwNXT7uG999/n1tmzOCVl1/m4gsv7DYQTQsGKSsrxXWTgfm27Vt7XGNP9B6vyjva2cfIrhztJv+iOuZJVcPqZJWsAcScCMUZvfjumH8ny5+s5K2J1HD/st9id/MMbm3bgYEi25+FkWrEW5rZm3P6nont2VjK4rG1zxB3E9S2h3n5s7/iM/xcNeSSzt6rShlk+rOST5yCmkjtwX0gQgghhBBCCCGEEOKIdEgqVlEmgWMvJbLurd2+qcHy465bQPzNnxM89b9SoefnTyfaiL9+D9qJo8zdKiC1i2/omZ09VzskQ0wFqAOqWH1z3pvUhmvxWT4uvuhiKsrL9jve81w8z8M0rb1fg09RSmFZPhzbxvX7yeimX+qe4ok4tmOjFJiGiWXtuz/sBx8u5q6f/pTp06/jsku+jt/vI1xfj9aagrx8cnNzCAaD+72e3+9nzJixLFu6DJRiddXazlf+/1G25yarhVMfu+MeWLAacZP3rUkGqXYqxC8I5mN7Nj7ThwKiTozi9CJ+ctz3+f67P8FSFivCK3l09V+44ZhpnVWvrueyM1KDRpMfzO8MVgHO7nsar26eC1pTG6nlbxv/zrb27cTcGGdWnEplbv/OsSFfkExfJjWRWlw0rYmee+UKIYQQQgghhBBCiCPfIalYBTBLx2CVjYY9gzLLh71sNrE3fo5ORD7362o7Suz1u3E3Ld4jVPUglIvV/+S9zumoDlUKPG//warWmgUL3yUQCIJSlJWW7nd8wk7gOC5+v59oLNql5+iea0gkEqnWCZpQqPvq0925joNt21imhUYTT/U/3VM4XMfV067GtW2+/a2bKC8vo6ioiBHDhnHM8OGUlBT3GKp2+Op556JVMmSdN+9NamvDB3TevrS70eRflEKhaHUO7JlwvAQKAwPwtEfUjQHJClhN8vM0lYlPJX+XMDh/IDcOv4a4l8Bv+Hhx46ss3Lqoc76oE6M2EkZhkO3P7HKt3pklnFl+KrZ28Zs+Zq15ije3vI2lLM7rf3aXYNln+Mjwh5I9Y7WmMd70j384QgghhBBCCCGEEOKIcciCVWX6CZzyne6DRMuPveJloi/egle3/nO7pteyg9grt2KvfgPMrr06tWPjH38Nqpvemo7rpOoWU9vT9yCRSKTGa1paW/Y71mf5aG9vRym1z2pVAMdxaG9vx7JMtIaGxp4DOa116rX8ZAeDRKL7FguzX3wR23YoKCzA5/vnipaHDhnCaVNPJR6P09bWxmOPP35Q59fV1XV5JvyGiac9FJCMRA+sz2zICqbaBiT7qSa85L3XxZrwGSZKJdsFdHwf4Jz+ZzK1bHJnuPrAst+yofEzABpijTQnWlAG5ARz9rreVyvPJmgEUp0iNAkvwZTSiVTm9OsyzlAGWf4sNBpDKWraw7gdbQuEEEIIIYQQQgghxFHrkAWrAGbpKPwnXgN2rJuDPtxNS2h//HoSHz2BbvvHe1HqeBv2Jy8R+csNOOsXdq1URYHnYORX4B910T4m0Hg6GYTFE4l9VpVC8pX9sWNGk0gkMA2Dt+e/1dkXdU/xRIIHHngAx3FwXXe/rQAcxyEWj6FU8tX2aLTnys1YLE4sFsfzNIahyMzsvn1APB7Hsiyqqtbw8pw5hOvqiEQiOI5DJBIhGo0Sj8f3eR+7MwyDO+64naysLEzT5I//9388/eyzPZ6ntebZ557ndw//oUuFZ9xJoFKv82v27rm6L42xZkwMQKM1+FSyDYKjE6loVpFwExi7XctQBjcMn0ZRWi+09nC1y92Lf0Vbop2EmyDhJVBakZPqx7q7koxippZPxvbszk3Ovj7ogi4tAzrkBrPRaBQGNdHaA25vIIQQQgghhBBCCCGOXIemx2onRWD8dbibF+NuX4WyAuyqSNRgWuDEib95P4klT+EbeR7WgCkYOWUoX9r+p/ZcvOZtOJsX4Xz8Mm7NWkClKlV3C0a1C1qTdu5PUf70bqfKzs7BcR1Mw8Sxe95Y6+yzzub+Bx7EdV0WL1nC7x7+Azdef12X1+nXrFnLXf/93wwfPpz+/fuzefMmqquraWhspHdJyV5zOq6LnbAhFTLuq/p0d6H0EIl4HK01nqf3GQhPnTqF3zz0EIlEgttuvY28/Hyys7MJ+P1owO/zEQgGCQQCFBUVMWzoUE466UT69e3b7XwlxcX88ZFH+OY3/42GhkbuuOMOtm7dxhWXXUrJHveWsG1Wr67iTzP/xIsvvsjDv3+4y/G4G8fTHpZhorRHmx3t8b4BLMPE1g5+lfy2SOXsAAAgAElEQVR5NyVaKKU3cTcVjKtksOrusQlYdjCLHxz7XWYs+BE+w0c4Gub3H/+JIbkD0VpjKnOfPWMvGnAef6+eR9y1ObbXGMqzuu+tGzADGBgopWiINRBxogSsvTc2E0IIIYQQQgghhBBHj0McrILyp5N2wS+JPHEduqU2GaZ2GaDA8qNba4kv+AOJd2di9BqAWTwMo7ASI7sErGCyV6tpoltrcBuqcXeswttZBfF2QIHRza1pjfY8gmfdillyzD7XuGPHDlzHIW7HsBOJ1EZT+94IqqSkmF/+4hfc/N3vorXm179+kHcXLuSE8Sfgs3x8vPJjli5bzoz//E8uu/QSBj03iB/88Ic01Ndzw43fYNLEiVx00UUMHFDZOWcsGqOmZmdnn9S2ttYeP9vGxkYSdgI7YdPU2EgkEiUtbe9AetjQoTxw//385qGH2LJlC+FwmJqammQbAcA0DZJZpMJQCmUYBAIBLr/8Mm7+zncIdTPn2DGjeebpZ/jFr37JG2+8yUO/+Q2z/vxnJk6aRP9+/Qilp9Pc1MTijxazcuUn9O3blz8/+mcmTeza49bTHp720JhowHa77xO7173HmlPVoirZSiCVKRsYONoloEzink1jvImsQNeeqYPyBjB96JXMrHoCv+ln4fZFfLDzI/yGHw8Pq7tnCeiVXsjpFVN4ceOrXD7wom6rVQHSrXSS22op4m6CumgDud20FxBCCCGEEEIIIYQQRw+l9/ee+xfIbd5G7OmbcJu27fGqfjc8D5Lb/wDJwA+l0B3Vh6mKRKWM1GZP3dAa7TkEJt9E4ITpwL53rl+3bj3PvzCb/IJ8XNdh+jXXEAj0XGG44uOPeezxx1m06AMa6usxTJPs7CymTjmV6ddeQ//+yf6brusy59W/8uGHH2IYBsceO45JEyeSm7ur3+vOmhpmzXqMgoJCamtrOe+8cxg+bNh+r79u/Xpmv/gSBfkFhOvquOH66eTn5XU7trWtjfsfeIAnn3ySUaNGM2jwIEqKS8jPy6OpqYma2hrWrV3HshXLcRwH0zSJRiNcccWV3HXH7fsMmh3H4eOPVzLnr3/l3YUL2b5jB47jYJkmaaEQEyacxDlfOYeTThzf7YZc29p2UtNeg8/04XgORaFe9M4o7vGz39D0GW2JNpRh4LoO/bL7khPM5rOmzTQnWjAMA9dzGZo3iKC198ZccTfB0prlhKw0fKafdCtIwnNpd9rpl9WH7MDe7QAAWuKtbGjZxKiC4fsMVmsjYba0bsNn+nA9l/7Zffc5nxBCCCGEEEIIIYQ4/GbMmNHjmMMWrAJ4TdXEXr0Td+sKsHyQ6pG5P5qukeieX3d/oWQlZmDKd/CPuwL2EYDt85pa7/N18O7G1tXVEw7XkhYK0auwkPT07lsOHC6LPviAW2/7Efl5+dx55x0MGjgAv9+/1zjbtvl0/Xp+9rOf8+GHH+Dz+YnFYrz80ksMGzqkx+u0t0dobGqkubmZtLQ0CvLzycqSQFEIIYQQQgghhBBCHNmO+GAVQMeaiS/6E/biJ5OVp3u2BjjQedgzYE3tK+86GJm9CH7lDqw+J/zzCz7KVa1Zy7nnncegQYN46i9PkJ2d3eM5LS2tXHvddaxevRrbTnDHHXcw7aqrDsFqhRBCCCGEEEIIIYQ49A4kWD240s0vgApmEzzlP0m77LeY5aPBczorTA9qnt2/0IBrg+fhH3MhoSv/KKEqEE8kuP2O27HtBDNuueWAQlWArKxMrrjicmzbxjRM6urqv+CVCiGEEEIIIYQQQghxZDvkm1fti1V+HObFI3A3vEVixWzcLSuSAasy0Ur1/Cq+1qBTPVcNA2vYGfjHXIxZOuaLX/xRYsOGjaz8eCVZWVn069f3oM6tKK/ANE0cx6FPRcUXtEIhhBBCCCGEEEIIIY4OR0ywCqB8aVhDzsYaMBV35yqczR/ibHwXL7wxWcmqkxtYKc8FI7kDfHKzKgWWH7PXIMy+x2MNmoqZX7nvjay+pBoaGkjYNv5A4IA24+pCAVpjWRYDBw3a71DP89i2fTt2IkF6ejpFRUUAxOMJwnVhXDdZkZydlUVOTg5aa2pqakkkEmit0WhM06R3SQmtbW04tk1BQQEAjU1NuI7T+XWHRCLBjh07cF2X3Nw8cnNzOo+1t0cIh8OAJi8vr7PPa0NDA47j0KtXLwCamppwUnPX1dcTaY/gaQ+FIic3h+zd+sO2t0eora3FMBRFRUUEg0Ecx6GmphbHdUAn++36A35Kios7fzEQj8cJ19XRq1cv/D4ftm1TU1tLcVERtu0QrgsnPwOtSUtLo1dhYZdfKriuS01tLVprSoqLMQyD9vZ2wnV15OXmdt6b4zhs276dkuLizv65sViMurp6evcuwTCM1HprKC4u7tyMrLW1lda2NnqXlHT5fF3Xo6amhng8RjAYpDh1T4lEgp01NWitQYOnPTIzMsjNzWVnTQ2GUp1jW1tbaWhoJD8/j0AgQE1tLZ7ronXymcnISKegoICamhoyMjLIyMgAIBwOk5aWhuu6NDQ2YlkWSikc2yYYTKO4uGi/z6MQQgghhBBCCCHEF+GIClY7WQHMsrGYZWPxH38Nuq0Wr7Ear3k7OtqUDK3sGIY/hErLRuVWYOT1wQjlgXWQgeGXiM/vwzJNEokETU3NlJWWHvC51ZuqicVijB47hsEDB+xznG3b/G3u62za9Bm5ubk0NDYycsQxnDJ5Eo2NDTz7/PPk5uaCp2lqbuYrZ51FZWV/Zr/8EpZpkpGRied5pAWDnH3WmXy84mM+WraMb1x/HRkZGSxe/BGtrS1cdOGFnddMxOO8PGcOLW1tmIZJQ2MDF55/Pn369GHnzp3MfullLNPE8vlobW3la+efT3l5Ge9/8AENjY1cfcUVACxfvpy6+gYuvuhC3nrrbbbt2EFuTjaO7RCNx/jqV86hvKKcuro6nn1hNn6fRSKewPL5uPzSSwB45vnnycnOJhgM4HkeeTm5FJ3RqzO4rK2t5bkXZnPlFZfTq7CQ5uYWnnv+Ba65+irq6up4+dVXKUoFvQ0NDYwaOZKJJ5+MYSS7dsRiMV56+RXa2tu4Yfp0cnNzefe991n+8QomnHgiE046CYB169bzwksvcc5ZZzF69CgAampqeOa55/nKWWcyfPhwWltbefaFF7jh2mvJyMxEa83f5s5l0+Zq/u2G6ztbRSQSCf76t9fYsm0rOVnZhOvrGTFsKKedeir1DQ08/exz9E6FvJ7n0b9/f44ZMZznnn8B13W54brpZGVl8dbbb1O19lPOOO1UykrLeObZ58jLyyMQ8GPbDv379SMnJ4e/vTYXn9/P5ZdegmmavDFvHkMHD8bv9/PR0qW0t7eTSNjk5uRQXFxEcfHpB/wcCyGEEEIIIYQQQnxejsxgdTfKl4bK7YOR2+dwL+WoN2zIEHJyc6ipqWXZsmWMGD7sgM6LxeM89sRjKEPxo1tv22+16/Lly6murmbaVVeRmZlJTU0NTz7zLAMHVBIMpqE9zUUXXEBGRgZvv7OAdxYupKSkGMdxOGXiRIYMGZKcSIMyFKCJxWIsWPguZ591JspQqD22Kaurr2fzlq1Mu/IKCgsL+XDxYppbWnBdl9de/zv9+/VjyimTMQyDpUuX8tIrr3DDddPxWb6ucymVuiYk7ASjRx7D5EmT0Frz0iuv8P6HH1BaVsrfXnuNIYMGMvHkk0kkErw293Xq6uspLChAex7nnH0WhYWFydvQujMU3XUZhd/n67hkZ0Wq52lCaWlccvHF+Hw+1q1bxyuv/pVRI0eSk7OrAtfn8+GzfGzfvoOsrCy2b99OwB/A83RqHo+Vq1ZRUlTEso9XMGLE8GSVJ8mWGm/Mm09lZWVn2NvRobixsZHa2jDZ2Vms/XQdxx93LADLli9nx44dXJP6me7YvoMPFy8mHo+jANMwuOjCr3V5LiKRCKaZrIqtr68nLS2NmpowgYA/2bUjtWfeV889Jxm0p3ieh9/vY9OWatauXcuwYcPwtMbzNEOHDmXw4MG8++57bN2+jUsuugij8x6EEEIIIYQQQgghDq0jPlgVn5/MzEy+/73/Ysb3buG+++/nuOOOZcjgwfs9JxqLcfudd7JkyRJ++MNbO8O27mit+XTDBsaM2hUE9u7dm/KyUtZ+uo5jRgxHGQaNjY3EYjHC4TBZmZlYlkXA52PJ8hVUb92afD2/sJDjjj0W19P0qahgw8aNVFdXk5mZSUtTS5fr5uXl0auwgGeff4E+FeUMHjSI/v3709raSn19PWedcXrn6/DDhw/nvQ8+oLY2jGF0E8ol8z4sy6KmtpbVq6twXZdwbZgTjj+O1tZWdtbWcvZZZ2FZFpZlceHXLgCgtaUV0zRZsPBdMjIzcByHvn36MnzY0M7plWGg0by9YAEBf4BINIKnNUopDENh2zZVVVUEAgE2bvyMXr0KCYVCu33G4LMsBg4YwI6dO+nVqxDTsiguLsZ1HSBZ6VpfX8fll17Kk888y86dOykrK8PTHtk5Ofh9FgvffZdjx43DMs3Ond8+XrmSYUOGUFnZn1dfe40xo0dhWRYrP1nF2DFjyMrKIhaLEUoPMXnyJCzLQmuNpz3eeHMePp+PWDzOKZMmEgwGMU2Lyv5lbNmyhWAwSCDoJy0UxPPc1P0avP3OAkKhELZtM2zoUPr27YNhmAweMIC33llAaWkpacE0HMdGKZUMg1P/tlLhtBBCCCGEEEIIIcThIMHql8yFXzufhoZ6fvHLX/K1Cy/iZ/fey6RJE8nJzu7Sy7O1rY1PVn7C/Q88wLLly7nzzjuZfs01PW4i5joOltX1sTINE9tOpL7SzPnba1iGQVZ2dmfo6XiajPQQvQoKcZzka96QbC3Qp6KckSOG88ab8ygrK8U0u1aABoNBLr7wQtatW8+n69bx4iuvMGnCBCorKwG6VIwqlax49TwXw4CAf7dwToORmtswDJqbW/hk9Wo2bdrE5IkTGTlyJLW1tZ3z7KkjZMzOyiI/Px/HdcjMSO92XCiYRnrqmE5tuqaUwnFcNm7azIaNGykpLubrF13UGQonx4DtOFSUl7Pm07Ws/GQVvUtKiMfjdCSkVWvWkJGejtaa/LxclixbRllZGQpFwOfj9FNP5bnZs8lIT8fv92MYBrZt88mqVYw//nj8fj+R9ig7d+6kvLycRDyOLxVifvrppyx87z1s2+H8884lFEpHocjPyyUQCGDbNpZporXGdV369e3LuvXrSdg2FWXlNDQ2pKpVNZ7WZGdnkZuTi23bpKUFgWQf2uOPPZZ1G9bz1jsL8DyvSwje8dEnv9/1WRBCCCGEEEIIIYQ4VCRY/ZIxTZN/+8aNHHfcccx89FF+/OOfEEoPMWTIEPLz8vDQtDQ389lnm2htaWHSKZP5n//5KYN72LAKksFgae/erK5ay9ixY/H5fLS1tVG9dStnnnYahmFgKIPzzzuX/Ly8zlAvHo/jOg4jhg9nQCoM7aC1JhqJcuL48ayqqmLFypUMGzyky5g1a9dSvWULZ5x2GiNHHsP777/PylWrGTFiBP5AgPXrN3RuULWleguO41BYWEhtuI7tO3Z0zhONx9BeMuRMJBIMGTyIk048kTfnzaNq7RpGjx5Fbm4yQNy+fTv5+florXnttbkMGjSQoqIitKc5/vjjOjeR2pP2PJQyOOGE48nKyqKxsZE1n65NhrKeR1paGl899xy2bNnCiy+/Qk1NDX367GqDoQHHdcjOycYyLT5aupQLvnoe69etx/JZ2LbN6qo1KKV45dW/4jg2W7duIxKJ4PP5iMaiFPYqZNLJJzP3738nPRTCsix27txJNBpj9Zq1VK39lEDAz7LlyykvL2fgwIGsXfcpo0aNZOTIkRQXl/CXp58ikbAJhTQoxQknnNAl5GxtbcVxXXJzk6HpipUrueC886itC6daASR/tuOPP55Q+q7w2XVdXM8DpZh08sn8ceaj2I7DgP79unwGQgghhBBCCCGEEIebBKtfUmPHjGbsmAfZsXMnmzZtZsuWLTQ1NZGWFiQYTKOiopz+/fp19go9UMeOHcv6DRt55tnn6Ne3L1Vr11KYn8+ggQOoq69Hk6wwDQaDnedonQznPlqyhJ07a5KvtGs49thxGIYiHotjmianTZ3KzFmziCcSXa5ZUlTMnFf/SiQSpXdJMUuXr2DUqJGEQiFOm3IKc/76N1rbWvFZPpYuX87ECRNIT0+nX98+vLNwIS/PmUN2VharVq3m3HO+AiSD1UQ8jlKKkydM4JGZM5k3bz5nnXUmZ55+Oi/PeZVwXR1NTc1s2LiR8eNPQKde6X/7nQXk5OTgug5pwTTGjh3TWfHpaY32PKLRGFlZWTiO0xkyep6H6zq4rkvfvn0ZecwxzH7pZa6ffi2ZmZkdHxaxaIxgIEBp796s37iB/Lw8VkQiFBQWsnnzZqLRKN+4/nr8AT+O4/Dnxx5nxccrKe3dG8dx8VyX4cOHsWzFCurr64nH4yz68ENGjx7FKZMmoZSirq6OWU88waSmJk46cTyzHn+CJ59+hsp+/aneWo1SitzcHDzPQ2uPefPmEwj4cVyX4qIievfuTTweJxgMUNSrFztrasjLz6e9rR3P80juQKeZ//bbZGVl47oOmRkZDB8+HO25qZYD6ZwyeRJ/fW1u6pwk13FxbPvgH3ohhBBCCCGEEEKIz5F555133nm4FyEOn8yMDMrLyhg+fBjjxo1l1MiRDB82jLLSUtLT936NvSfBYJCBAyqJxmKE6+vp368vp0yeTCAYxHU9LMukoqysM2jsYBomlmWRSMRxXQ/bsakoLyfg95Odk0NBQQGhUIj0UIiCggKKUhWoHdccUFlJfV099Y0NDB82jHFjxmCaJoWFhZSV9qYmXEc8EWfCieM55pgRKKVIT0+noqyM2nCYaCzG8ccdx5DBg1FK4XkexUVF5ObmYlkWZb1709DURFlpKUVFRZQUFbNt+3ZCoRBnnXE6BQUFncEqCmw7gW07GIairLR010ZRWmP5fFSUl3e+4q+Uok9FBZZlEQymUV5WhmEY9O5dguM4hEIhsnergDUMg94lJWRmZpGRkUFlZX80mvy8POKJOP379aO0tDeGYWBZFjk5yeCysLCAtLQ0SkpK8Pl89C4pIRgMUlxcREtrK+PGjCEUCmEYBqFQCKUUmRkZ5OXlMXBAJbZtUxsO06tXL6ZOnkxhYWHnJlSu9nBsm4TtEEpLo6ioF6Zp0K9vX7KyMsnJyaZvnz5orSkpLiYrK7uzwtW2E9iOg2lalJWWYpgmxSXFZKSnk5+Xj2kalJWWdlYBa63Jzs6muLi4x9YUQgghhBBCCPFlEIlEWLRoEQsXLmTOnDksWLCA6upqmpubKSws3Ov/g3/Rkvu0/JCKigp69+59SK8tDq1f/OIX3HfffTz++OMsXryYkSNH7ioOO8q9/vrrPY5RuiMZEUIIIYQQQgghhBBHjUgkwty5c5k7dy6RSASAtLQ0AKLRKAChUIgzzzyTM888s8vmyF+kP/zhDyxcuJCJEydy4403HpJrikPvrrvuYsGCBSR2e7N48ODB3HHHHZSVlR3GlX0+ZsyY0eMY2flFCCGEEEIIIYT4MgnP465p05hZ9Q8e70HVzGlM+4dOrmLmtLuYFz7Qsf/4Gv8VRCIR7rnnHmbPnk1FRQU333wzs2bN4uGHH+bhhx/m97//PTfffDMVFRXMnj2be+65pzN8/aIsWLCAW265hYULF3b5esGCBV/odcXh8c4777Bt2zbC4TBXXnkllmWxcOFCWltbD/fSDhkJVoUQQgghhBBCiC+dSqqf6S7ErGLmjEfZcDiWJA5YR6haXV3NlVdeyW233ca4ceMAqKqqYs2aNYRCIcaNG8dtt93GlVdeSXV19Rcarj7++OM88sgj1NXVdfl+XV0djzzyCC+88MIXct1O4XncNW0mVXt9bxp37fGgH1D4XzWTaXvOd0RI/lJh2p5/7prHAf1OYn/C87jrAH+5sWTJEurq6mhububYY4/l1FNP5ZRTTkFrzdKlS2lubv5nV3NUkM2rhBBCCCGEEEKIL6GJEytYsDLM1Km7bVpctYj5U6YwZf78Xd8Lz+OuLmFrJdfedwdTC1PH/hcmVjzKo/OBKbdya5erhJl31wwe3TCFW2dNZ2jn1x1TXct9d0ylkCpmTruX+QAzprH51lmcu+MuZmy+hFu5l3tTy5ly6yymD+3mZva3xm6OV157H3d0HKyaybR7d93vPq9xBHnhhReorq7mxhtvZOLEiUCyOvSJJ57oDE47WgB87Wtf62wD0BFwXnXVVZ/rejZv3txjP8oXX3yRcePG0adPn8/12p0KS6jgURZVTWdox8+vbjMbKiupXLCS8NSpJH/iVSyaD1NuPcJ/yD3o+pwm/7uaMbOEWYfo4V2wYAETJkzghz/8IXl5eQDccsst1NbWsmLFCiZMmEB2dvYhWcvhJBWrQgghhBBCCCHEl9Ex46lYsLJLlVvVovlMGT9+1zdSgWTFrbOYNWsWs2bdx7WVG3j0f3erjtvwKAv63Jc83iXUSYWoFbcya7dQdcHE1NhZs7i14lFmzKwChjJ91q1MoZJr79stMJp/L890zH3ftVTf283r/z2uMVmFu+v4rVQ8OiM5T9VMpt0Lt6bWk7zGgbYjODzC4TCvv/46Q4YM6QxVN2/ezCOPPEIkEqG8vJzy8nIikQizZ8/ufA1/4sSJDBkyhNdff51w+PO9wblz5x7QuC+2JcBQxk+B6h277q1q0XymXHIJFRs201lHG95BNVMYf3TnqnsoZOolU2D+okNaYTt16lR8Ph+2bXf+ufDCC8nPzz+Eqzi8JFgVQgghhBBCCCG+lIYyvmIBKztzqCoWzd8jcCqcyh2zdq+MK+SYiZV7zFPJxGMK2VPVzBk8yrXc13Fy1Rwe5Vpu2q1Cduj0W5ky/5l9B5mVu40vnEoyO9ojOuphjeF5zzC/8lrO7Tw+lOmzZjF9aJh5z8xnyq3TGbrbXDddC4/OOfJeAO+wdOlSAM4888zO7xUWFnLGGWdwxhlncPfdd3P33XczduxYIPnKdoeOczrm+Lzs+fr/vlRXV3+u191TQZ9KNmzuWEuYHdWV9Cn4/+zdeXgU153v/08vEloQSwshMFsTEEY4+BmEx4BpIDjYJNeeeJlfEMuMA8mMk4sJ8LMSJoxNwLE95BLjCzEmk/ySxww3iGXuxE5iPzGOYwKSDdiAJ3YMRhgjgTCbWhgE2nqp3x+9t1pStySkFnq/nkdx6DpVdapO9amqb3/rVL4mz9yj4GFTVaGTo0ZoQKDUW0/F9Th98+UiH80PBf4v6a2nHtFTb70Vmv7UW7rkH54g1vqOvRT2aH97BxA+9lLEUAHB4RCaPO7ftvGKv/zlL8vj8ejixYuqr6+Xy+VSVVWVLl++LIfD0WJw1ePxqL6hQXX19TH/GsJehpXsGAoAAAAAAIAeKn/ycO0KDAdw7ID2zJysRZIONCkZ9qi+JI2a1vKC96zVWkmjFo5X8Gn8c6elk3tU9MiWqMKjtLC55QwfrPCQ7YARo6SSc7qkwTEKx65jVcVJafgcNQ39VqnipLRn7SPaEz1pZrNb1uUqKiokKTimquR77D/88f7du3fr448/Dk4LCMzT0RmrgXW15kYHVnPGT9OoLQd0bFG+8i99qBJN0+IcSSNGac+BY1qUn69L505r1LT7fcfDsZdUtGW4Vm5drXz5ApsxH6dvttwAvfXUWp1euF5b787xZ0A/pRFhw1Cc3FKhOVu3apH/+CzavFDrt25Vjj/T+tVjd2tRvi9wu/b0Qq3ferdy/NndT70VNmRFi3w/EmjmSv+PBMf00trTWrh+q68ex17SI2tf1bG7w35EaIctW7botttu03vvvaeKigo99NBDyszMVGlpqd5//309+OCDeu211zR9+nTdcsstMZfx+eXLqq+vjzmtb9++6pWa2gE1vfEIrAIAAAAA0FPlT9Zwf8BFB/Zo5uRFUsTDxKFg5Sh/8OjSW0+pqLUnukct1PrF0uaizXprfNhYp8ExVTtSG+vo1x3GVA3XWnbohg0bghmpY8eOjTme6o0OcDbnRr04KyhnsIarROcuSflVFTo5fLLvWBs/TaNKzumSBujDEmnaYv9oqwf2aNTC9cFgY/79CzWqyB+YDVvssQPhQUspf9FWbZWkS2+p5OSo4PKUf78Wjiryj13s+2jUwvv98w3QiFHSqGn+HxtyBmt4cA2X9GHJSc2cs9r/3fA92r9lV/jYsJGa/CAwKiw7XPlatHV1aOnnTktha2urzz77TK+++qpGjhypgQMHauzYsfrss8+0bdu2YBm73a5BgwYpIyNDb7zxhiZMmKCxY8eqV69ewTIWi0WZmZnyeDxyuVwR6+jVq5fS09PbXdfOQmAVAAAAAIAeK1+TZ67VgWOTpT0zNXlR1ORjB7SnLcHQ4YOVk5OvOTO3aO3mtzR+9d3KGTxc8o91GfeyTp/TJeUHy8fMPm2ljqEs1/yo6b5AV8m5S1J+x4Z6b6QBAwY0O62ioiIYVF2wYEHEcAFSKLA5fHj7g2zh60y0/A17gZXyNXnmSR2oCowX7D+gc8Zrmjbrw0uDVXFyuCbnSL6hAqSTe4oUmUQ9yheYDf7bV27UtBj7vapCJzVcc9p9+DSXPT2z2e9Lyz8IRL4kbtSo6OE72ua9997ThAkTNHDgQJnNZt11110qLy/XuXPn5PF4lJ2drZEjRyojI0NZWVnKzMxURUWFbrnlFuXkRG5FZmam6hsaIgOrJpMyMjIigrDJjjFWAQAAAADowfInz9SetWu1Z+bk2I8Jh7/459hLKgpEa+JZ9qKVmnlyiza/dcmfzbdHa8MHczz2kh555KXmX7hzcouCw51eeku79ozSwvtj1LKFOubcPUczw5cTHPtSunvOTJ3csjlsvMnAtOR9e1UgKBk+dmpATk6OlqLZ6gMAACAASURBVC1bpmXLlgVfbBUuME90kKs94n1xVVvLJ2rAiFE6fe6Yf3zVwKc5Gjz8pCo+PKfTweM8R4OH+7OcAy8v27pVW7eGZViHlQuN3RqxMo3SaZ1r9+HiC/LPXLk1qi5tfHT/2KvacnJm8KVsq+d0TCD9008/VZ8+feT1euV2u5Wenq78/Hzdfffduueee1RQUKD+/fvLMAy53W717t1bFy5cUF1dXZNlmc1mZWZkKDXskf/0tDSlpaXJZDJ1SH07A4FVAAAAAAB6svzJmilpZqzXpOcv0sqZe7Q28BKcXSO0fuVM6WT4S69aXLgWrQwEL3N09+qVmrlnbeilOmullcHgkS/bcEtRWGBz1Expl79s0RYNXxkd9IqnjvlatH6hTq8NvMinSFuGr/SNXZm/SOsXSluKQtNKpsU7rmXXCLyUKlaAsqKiQhs3btTGjRtjZpKWlJRELKO9jh07ptLS0oTmKS0tTTjLNRE546dJFQdUoWkKf6da/uSZOl1SorBoq/Inz9TJLa8qFLt/KmagP3/yTGnPgchyT72lSznjNW3USZUEvgzHXtWWk7Ff5tZKrTV+2ijt2RV6mdWxl1p+mVbrAgFf//irwVUN1nCF1/lA0zGGY7h8+bJMJpNcLpcaGxvj/pOkmpqaJo/8S1JaWppSAoFVk0lpaWkRgdbugKEAAAAAAADoSXLu1uqtd4d9kK9FW7c2++/8RVu1NWqIgNDk6GWFjT8Z+iCsvG/Z0SMOxFrXpbckaYTuXx2rfCJ1VIxtDp+0Ws1MSko5OTm699579cYbb6ikpCQiMzV87NTTp08rPz8ULA+80Oree+/tsIzVDRs2tGm+tWvX6t///d87pA5N5AzW8D1btGfmysjjZsAI6eTp0Hiokj+w/pSKHnnE/8EoLVwfI0u0SbmZWrnVN/TE3atXquKR0HACM1dubRr8j6fad6/WyopHwl7uFlpHwvxjvW4pekRbNEoLVy7UqLX+sWdz8nX/wlEq2uKv88yFWjhKai3UffnyZVkslpgB0paYzWZdv35dbrdbKSkpTaZlZmbK1dgoa0pKt8tWlSSTYRhGV1cCAAAAAAAgnO8FVNNuwMuuur/a2lo9++yzOnPmTJOxVAOZrNGfbdu2TcOGDdMTTzyhjIyMDqnHr3/96za9CGv48OExX6qF5PXnP/9ZJ06c0IQJE2S1xp+nefToUfXr10933XWX+vXrF7PMlStXlJqamnQvrSoqKmq1DBmrAAAAAAAA3UhGRoaeeOIJPfvss9q2bZsOHz6sr3zlKxo7dmwwoFpbW6uPP/5Yr7/+uj7++OMOD6pKihkcraioiBhTMz09/Qa+rAqd5fr16zKbzfJ4PAlllZrNZtXX18vj8TRbpm/fvh1RxS5BxioAAAAAAEA3VFtbq9dff127d+8OBjMDgdPa2lpJvsDm7Nmz9fDDD3dKnQLZsQHRGbXonsrKyrRp0yY1NDSoV69eysjIUFZWljIzM5Weni6TyaSGhgbV1taqpqZG169fV319vbxer+bMmaMpU6Z0aFC/M8STsUpgFQAAAAAAoBurra3V4cOHVVFREXw0f/jw4RoxYoQmTpzYqQGt2tpa/eIXv9CRI0dUUFCgRx99tNsF1ACJwCoAAAAAAAAAJCyewKq5E+oBAAAAAAAAADcVAqsAAAAAAAAAkCACqwAAAAAAAACQIAKrAAAAAAAAAJAgAqsAAAAAAAAAkCBrV1cAAAAgUcZ1pxr2bZK7/KCM2sutlfb/13Sjq3UTMMncd7DSH/hfMueM7urKAAAAAEmNjFUAANDt1O/ZINfR11sNqhqGIV9AlaBqfAx5r3ym2pe/19UVAQAAAJIegVUAANDtuE/tj6sc4dS2MWoudHUVAAAAgKRnvX79elfXAQAAIDGNcV6/mAitthXXiAAAAEDLrL5H5AAAAIAQrhEBAACAljEUAAAAAAAAAAAkiMAqAAAAAAAAACSIwCoAAAAAAAAAJIjAKgAAAAAAAAAkiMAqAAAAAAAAACSIwCoAAAAAAAAAJIjAKgAAAAAAAAAkiMAqAAAAAAAAACSIwCoAAAAAAAAAJIjAKgAAAAAAAAAkyNrVFWhWWbEWbyiVfd7TWjEtu+WyzhKtW7VfU55eodaKdui8ncBZsk6rtpc3nWCfp6dXTJOvymUqXrxBWr5Z88cE5hmq5Zvna0yzy2x++o1XpuLFr2hYku7zTuMs0bpV2xWjdX0cy7V59oWkPj4T4ztOS2NNcizX5vlddDQWL9YG+dbvLFmnVWce7Jq6lBVr8SvDwr7XnV4BFS/eoMpm+9zWpre06GL5uqh4+5ywYyWir0sS/vNTU4529qtJvt3dWMqcN5Q2LKvphOrXVPPSMx2yjrRF+5Wi5pb3pDKK7pP+OkW1uztkdQlLmfOG0nJOqP7Fx+TqgvU3ez0T1f87S9Zp1f4pN+D4d6pk3SqdedB3rdT9dWyfnch+79JzZbfW3HWQXfNuius8AAB6piQNrDpV8kqpHA6HSrfvVtm0GxgAzJ6mFZun3aild4wYQaey4sVatU7NXwDbK/XKuhJ9K3p6WbH/xmbojasv4hNx7DV3wzcm+Y/PhMS6efDdaKwb1oaAXQcYM3+zNnf6WpPY/l+pOHdF1HHoVMk6382gvTPqUHZIpckeWIxRP2fJOq1aXNz24Gp32O7urEkQtVDpjy1X1iJ1WHAVrWhyPeM79y0uDn2ePW2FbqrT3o3WQX02+72zNL0Ocpas06pVxcrtsoQHAADQHskZWHUe1f5yhx5ccYdUukGHyuZrTNSVRlnxYgUShuwOR/gUXzbk8inav8GfDWifp6dX5Gp38FfisIuaiIxV/7zzhmr79sDvye3NQLoxxsyeJ/uqM3JKzdyAT9GUoft11Dkt4uKt7JA/YB0zbTCJRGWEOZZHBhzD299fwHdTFiszzlmidavO6EH/Z5FZM0meJRB+fMq/HculDYGND2a1BjJfo47XVvZjchij2fPsWrX/qJzTAgEl3812qJmigk1R2b7BzHZnidb9SpoydLu2l0pyLNfTw16JysKJzPAOZKw+PewV/3GxQYsrfetzFi/WK8OWa8r+Df66+I6X3N1h/U9ENlBUNkpYEMGX4TNF8yq3B7crOG9YO61afKZL+5yhU6ao8lCZIjpd51Htl0MOe6kqpdiZ/glkpZYVL9Yrw+Zp6PbtwX3liMi49+2gVYu3+z+POh66MMO5JdnTHpRj+yu64JTGZEutHQ+/0pTgPrjjbrsOvRW93dH9Vfj3u0zFiw9p2LxKbd9eLtnn6fEp+/X8mQe1XBsU6iI2a/aFsGVE7Luo/arw4zmO82Fz38Ng/WJve/LYqboX85RRdJ8yZj/jzyT1BVutaaFSxpkNurZrp+8fBS+q98wCmWJNkyTdpoyi/bL4/+WJzlC9ZbuyivyhrvojUdmjvqzWwLzRy05btF8ptrBlhQWK0xbtl/n6EZmHFcikGrn33Ku6I+HLq5GnOvE9dONla9qK5TqzeIOK7wg75v19tqK+J7G/F9Hn8VjHXnboWN+wOCyLs4W+Jfp8Mn689GHfiO/AjcuujV9cfXZAk2z70Hc6er83d74K7fvQuTJbLbVJHH1Ja/Vq7twZ2NyWjoducB2UPW6K7DoT/Hf4kzSSIs+5zthPTNjnPa0Vububn5a0F7oAAHR/SRlYdR7dr3LHgxqjMZJD2nCoTPPDLhjLihdrQ+U8Pb15mrIDF8Wya0qwRLm2vzJFT2/erGz/BfaqxXbNe3qzNmf7599dpmkxr6zKtX1/YF7fsjcU35GEN4StG3fHUP3qqFPTwm50D5U6dMdyJXdgNRig2ey76HaWaN2qdSrxXyhHtn+gfOCm7A45FBmMDx1PYTcOm1eE5u1WWQKl2nBouTZvnu/fLxu0uNTh31e+4/WVktlhwbrm92Py8m3H/ilPa/MKfyi0eLFWFef6v4dlKl61XUOXb9aKMfL9e/EqFedu1vxsSeXbffNu9odoS+Jba/a0FXpakY83OiWVb39FU8L7jlWLZZ/nX35ZsRZvCGTVhwK2m8eEtmNdSdgNTel2nQlMLyvW4g2/Usm4FZo2Zr42L1cXDwXglztOU/bvVpmvB5bk+w5pyoMatt9/k549TlPs27U/rH8pO+QbuiXe71H59v3B/eosWadVG4p1x+b5GjNthTbnhg+L4O/jhy7X5hVjFCvDLTm1fjyE7wNJ+ubtkcNBhIZtWRHqvyIyYku1/cxybd4cCNbu9/0YuXyzfF3EOq3asFilDn8ZZ4nWrXpFJbNXaFp29H4NrM9/TGZLLZ8PW/gejonju5A0npG3+j5Z+xZKki+oWvuaal70BSx9Qwh8S+kFO32BypkF8gaDpU8qo2i5MmbvDAVPbdky9kxRzRH/vF/crrTd81Tvn2yxSa71U1QvXzA07bEXpRcfk8sfVDWf2aCaXTuDy+49R7q2a6cvqJpxRPXr/YHY2duV9cXwgLBkGWYLLlvRy/MHhIMVSSpjdIdDeiX0i0SE6O9Jy+dxX6Zm5byntTkscLqu5GmtWPG0FPFkSBx9S8T5xHdch64vnDq6v1yOB1ckf58t+c85lZr39OawgOeG5q9xmztfxTpXtnpt1UJfEk+9mqtLtvxPYoX6yYh1d5PrIOfR/dK8b8V3/hwz33cNGJjXf554cFq2pJamAQCAG8VsGIaS6++4dm8vl2NingzDUN69c2UvfUX7qkLTD5VKjgccshmGDMMmxzfnyi4FlyGFT8/TRIckxwNy2HzT8yY6pMrzqgorH3tem/In2yPKdv6fJEV/VqV9v9qucsdE5YXVW9Hz5E3U0P0fhep+/JBKHROVFyzede3c/PqrtO+VUjmWzQtum2Fz6Jtzpe27j/vab96LevH7gTbybacjuP2+9i49dDy4vI/2B46n49q9XZr7zfB552mZo1Sv7Kvq0v1hGIaMiDaMva8ku+bem+ffL/mabJfsc+/17yvf8Vp+piqu/Zg87e77ztsn5/va5fhubddcfdNhC5bJm7dMDn8/ULXvFZXa5+revMD8eZr34oualxfaR5PzbWHLb/odivi+KHx6VFnF6Dvk0AOBuuVNlEOVOh+ol2NZsB6Bvknbd+t4YNnh9c6bKIfKdaaq+Xp2RfvIsCl/cqUOHQ98XqWP9su3T4P7zX+sBfuX4zpUGr3fw/+i+pyo/WrLnyy7fz822RfHd2t7uUPL5uVF7NfI80Jn/8Vuq+PFG1Rqn6x8W7zHg69s7OX6z4Vh32Gb45uaaw/1V5KC58rg/GHHmG+/RvcZgWPOJsf3X9SL80Lz+8rHdz5s6XvY+rZ34PHaATzXa2TKzJMvg3VKxLAArk9OqPk1PaPa9VEZqdX7VHckfN5smQrC1vXXUJC1/i9HZKTlyVogpcyZLkv9ETUEM1SfUe1fy2Ua9qDSJNW/NEU14dmtuz+SJ7o61R+F4qazb5NF5XIHlnfkMTWcqYlrf4TrjO+NYRiyDQ2cu6LLKep70sp53N9fBPto/3H+/cC/fRsVd98SeT6Jur6o+kj7yx2amJfofujg70BcfbZvP7344veD/W7w+jjm+U8JnK9av7aSWri2jqdezdbFd60Tug4KLG+e8pL2Oqhc21ct1uLFob9V28vDjn8j6rok1NZNlle1T7/aLs39Udg2xjONP/74448//viL+y8eyZexWnZYpfa5+lHgZ9vscZps36EDgcwo5wVVyq7J4T++Zue2OmKofWg3/rW2dKMei84wtc/Vj+a19tv2GE0c+tvgcABlh0vlmDhP0uEbVNGO4FRluVS68bGmg/s7okqW/EQ/3FHeZPKYiQ5p42GVzRujMc6jOlDu0ANj5D92ylX6w8e0I2rR9rkduxWdaWhurGM7/v3Yucq1I+b+/5G+78+ocF6olMpL9cPHmpTSXEnOynJp6ANdlyFkHxpz3U7fDm/6Xe3aHd4m2eMmq/IN/6OlzqM6oMn6ZrZ0NKqMfUelbzgS5wVV2ifr3hvQKM4LlZJ9cuQ+j6PPv+HKd8Q4Rh1a9qIv27SsvcdDrHOdspWb8IYPVcwuIkzZ9se0MVhPuybHU70Wvoc3w3ch8rH7QEDyGbnOTFfaF/cr64tqw4uvamRcCvvnkXPyziyQKUeyZGZJteciXyp1qVqGbBFLiH4JV5PgaqBc32yp/kTEdNcVp9JyEqhuMmrlPB6zv2h2UYn3LWMmOqTfXpBTY5TtrFS5Y2JSPO0ST58d5CzRT364I/TizPZ+LTvq2qpN9fJd6wx9oDtdB9k190ffj8yYLduuxzb+ViX3fj+BTNoybf/hDmnuj2LM09I0AADQ0azxRmA7h1Mlvy2VytX0hrX8DZU55irPCP/VNrJI5GdR05tEmyMj0M3Na4T/Kt/ezWsDw5DkWKZNc/NiToysk6/e4XXOmzhUG98ok2OudLjUoYlzDRknmpu/c8VqwwDHsk2KvcmGnCXPafXOckkOLdv0PeXphHYs2ahgu+VNlEMbdbhsrmznD6jc8UBYZq9dhU99L+aFZtd+F4ywDIXwj8OOT0Ufq03nif5vS/uxa0Tu/xM7lmhjaSi7yFc3SfZCPfW9WI/EGwodvjG2Icb3ufnvcOS+jpwnqmSsviPW9Ba+q8646tF1fU2IIcOWr0mVL2lf1fc07ugBadIiX6aRFOpLbfmaZN8R/J5FlGl20c3st2b7YUNqoQ9uqQ+54Zo7RsPr2ebjoblzU9g64jlfhU0I9hVh8/i+f/5t2TRN2c4SPbf6YFznw1BVmu3E4zxvtZ2p9SJxsWRmybju61mCAdV6/2P3BS+q98zQdrh23RvxKH5W0X0xxlnteKGAarlc6+9Vvf9R/xutI88VzfWvki8Ybx9iU8T5Ldb3v5XzuG/ol+b60cjjv6Xru9jnXPmuL8p/q4+qHBp0uFSOiXO7+NpBirvPdpboudU7VS7ftcH38vx9gNT6fg9flxHVlq1eWzkj5vVXKbT8BOrV8rkz9t5JvuugGP163j0qtK/WgY+q5Ajbic2fI50qeW6jSh3LtCns+smnpWkAAOBGMHd1BSI4j+pguV2FT23Spk1hf08Vyq5SHT4hKXuQhqpcZ8NfwuA8Hzk4P0LyJspRelgnThz2DQPQ1fVplU1D7FLleWcz0506erBcjmWbtGnT3Ga2x/+43uESX9mJ/lKxjp2bVmv7MTnkzX1KhfZSbXyuRIGaZg8aKpWfVXPNZPNtmJJty5K1Xm2TrXGTpINHT+joQWnSuFgpL9kaN8nu/541V6YDahLreOgGfX67j4eY/ZVT5ztsw0/ocKn/fBvzR4yWtbR93eu78KTMNsl7Zaf//9fIvSfqsftYds9Tzfopqj9TI1POdKXEta4smcIzRgsGy+zPYvVcr5EyBkcuJ8fmDx4XypqTJc9fp6hm/by4hkl1XXFKabbgi7AkfxZrUjqhw6XS0EFx1K+V83hr549Wy7bat+RpoqNcB4+W+H6sTpqLqtb7bOfRgyp3LNOmTbEDjW1fdfuurdpXr5audbrHdVC4uL4DkpwlL2lnuUPLYuywlqYBAIAbI6kCq86jB1Vun6Qm14PZ0/SAQyo9fEJSnu4ptKv0t4FAjFMlL+1UeZOlwSdPEx2l2rixNBRgTGrZmvaAQ+U7X1JJ8FrYqZLnlui50AdhF8r+X+ajlpI30SGV7tTOcruGBJ+k9B87G3cEsx6lE9qxZIl2nNBNJr792PWyNW1RoezlO7U60Ah59/iCreGNcmKHlizxtVv2tAfkKN+pPwYnt7xdvpvngzrqn+ws+W3TxwI7Ykv89XoprB7Okue0JCxo3J1kj5sk7dyonYrRJ4eVsZfubLFMuzU5Hvx9vuOBpH7Esf3HQ9P+KnDD/ECHbXh4MOSEdqyO/1za0vew+3wXCpX+2H2yVL8WNk5qePDT97KqUGbsk8oo2q+M2aH5rTlZMi7tazkIG8Yy+kV/8LRQ6VMKZPKPyeratU+etAL1mlMYWtcX7TLOvBIMpJr7Bqb5693Sina/Ine9XdbA8gpeVK+wIQSSRyi7Lr44UCvncX9/8duwY+/EjiVaEusk38a+JW+iQ+U7dybdj9Xx9NnhP3g4S54LGwKkPTrg2qrN9Qpc6/wxtG5niZ5b8pxKnN3lOkjSiT9qZ3koUG8bYpdKDwe36cQfw/rmEzu0eqdU+FSM5IKWpgEAgBsmiYYCOKE3dpbLXrgw5uOkowumSj/9rUpmFcnhKNLSyu9q9RLfo3dTCwtlLz8YGqBfinhUssnji7EesWxu3uDkLhoKIKxuLZUKr3d0nUcXTJVKpYLR/u2KeLy8KxgyVK6dq5co8uFJuwrXFMkxulBrCtdrTdh0e+EaFTlsMgzJsbBQB9eslr/5NXXpGhX+bo12HipT4Wj/peToAk1Vqd62T/K/9ML3sc1/7GxcErpqn7r0Bc0d3fxjZJ2jmcd+w49Phf1/I/Y8EcdLi/uxa47m6O+XJMnmUNHSSn33pxv13JA1KnJky1G0VJXf3ahQM03V0hfmarRhyNBoFa4p1Po1S7QkOHmpXnDYFHriMGwdowu1dOp39VP/frAXLlWh/aeqDHxfwvoHW/4k2Xdu1JJS3/rCH4cMLNf3n6hHqw1DhhGoV+jYlL1Qa4p8L+wIVS3WvPIds+U/1eolB33fg04PGkbVx5avSXZJk/wvFQsdjKH90aRMc4uO3G9N++RQuaZ9lE2OojXS+jVaEmjwqUv1QuHornvEMa4+NNHjoelybY4irdF6rQltuJa+UOj/HsRxvmryCG14nzFahUun6rsbl/h/aLCrcM1STV3zUx08WiWHo7Xlt/A9NGwtbnuXDQVg8z26H844s0E1ES+Muk1ZgTFUVSP3ntfkmXmfLKMLpSPR0+UbZzXuYQBq5L5kU1rRfqVJvuEGgmO0PqPa9VJG0XJlFS0P1i0wxEDd/unqPTM0zfPXDXKPXi7rLU9KijXO607VvZgXtrxyuc/UyJrgGKsdOhSAJJWG9+s+9sI1esGRHVxX+HEWXo/Av1o+j9v854/oY2+0DEPKn2TXzo1LVDp1qV6Ym9dy3xLdLwX4ry9U0IV9kKRE+2ybY6EKD64JXjtr6lKtKfyd1uw8pLLC0cHRfGPv98h1RZ8r81psk5b7kuwE6hX73Om/1gk2om/dDpshw5aM10HNX/+ODvb9vn0S2J9Tly7V1NLfSYahskO+z5osY+pSLVXz014ggxUAgBvGdPny5WSJrAIAuhWnStdvkRZ2RSAYPZ3lV1/t6irc9Dzf+kNXVyEJndDOpUdU8NNCsgIBAABuck8//XSrZZIoYxUA0K04j+mgJukbtqiMLgA3Ba4RYzhxWG/fVaA5XfbUDwAAAJJJUo2xCgDoHk7sXKZlPzqoSd+YmvCLjwCg+3Hq7eeXadkmaUkhuaoAAADwMTmdTn5wBwAA3UrKS/e1Xgjt4lr0WldXAQAAAOgyzz77bKtlyFgFAAAAAAAAgAQxxioAAACa4BoRAAAAaBmBVQAAADTBNSIAAADQMgKrAAAAaIJrRAAAAKBljLEKAAAAAAAAAAkiYxUAAABNcI0IAAAAtIzAKgAAAJrgGhEAAABoGUMBAAAAAAAAAECCyFgFAABAE1wjAgAAAC0zXf3f07lqBgAA3YunsatrcPOzpHZ1DQAAAIAus+bMHa2Wscpk6oSqAAAAoFvhGhEAAABokVXuhq6uAwAAAJIN14gAAABAi3h5FQAAAAAAAAAkiMAqAAAAAAAAACSIwCoAAAAAAAAAJIjAKgAAAAAAAAAkiMAqAAAAAAAAACSIwCoAAAAAAAAAJIjAKgAAAAAAAAAkiMAqAAAAAAAAACSIwCoAAAAAAAAAJIjAKgAAAAAAAAAkiMAqAAAAAAAAACSIwCoAAAAAAAAAJIjAKgAAAAAAAAAkiMAqAAAAAAAAACSIwCoAAAAAAAAAJIjAKgAAAAAAAAAkiMAqAAAAAAAAACSIwCoAAAAAAAAAJMhqGF1dBQAAAAAAAADoXqzEVQEAAAAAAAAgMVaDlFUAAAAAAAAASAgZqwAAAAAAAACQIMZYBQAAAAAAAIAEkbEKAAAAAAAAAAlijFUAAAAAAAAASBAZqwAAAAAAAACQIMZYBQAAAAAAAIAEEVgFAAAAAAAAgAQxxioAAAAAAAAAJIgxVgEAAAAAAAAgQVYvkVUAAAAAAAAASIjVy1AAAAAAAAAAAJAQXl4FAAAAAAAAAAlijFUAAAAAAAAASJDVyyCrAAAAAAAAAJAQXl4FAAAAAAAAAAliKAAAAAAAAAAASJDVy9urAAAAAAAAACAhVmufgV1dBwAAAAAAAABIHtdaL2IyDFJWAQAAAAAAACCgqKio1TLmTqgHAAAAAAAAANxUCKwCAAAAAAAAQIIIrAIAAAAAAABAggisAgAAAAAAAECCCKwCAAAAAAAAQIIIrAIAAAAAAABAggisAgAAAAAAAECCCKwCAAAAAAAAQIIIrAIAAAAAAABAggisAgAAAAAAAECCCKwCAAAAAAAAQIIIrAIAAAAAAABAggisAgAAAAAAAECCCKwCAAAAAAAAQIKsN2KhV65c0dWrV+V2u2/E4gEAAAAAAAD0cFarVX369FHfvn27Zv0dvcArV67o2rVrysrKktV6Q+K2AAAAAAAAAHo4t9uta9euSVKXBFc7PPJ59epV9e3bl6AqAAAAAAAAgBsmNTVVZrNZV65cuTkCq263WxaLRYZhdPSiAQAAAAAAACDIYrF02XCkvLwKAAAAAAAAABJEYBUAAAAAAAAAEnRDBkJlGAAAAAAAAAAANzMyVgEAAAAAAAAgQWSsAgAAAAAAAECCyFgFAAAAAAAAgAQRWAUAAAAAAACABDEUAAAAAAAAAAAkiIxVAAAAAAAAAEhQUmasntjxXf307RgTrFkakjdJ9/z9PZqYm9GudTTPqdL1a7RThVpT5FB2u8t1NX89hyzVC3PzuroyAAAAIgHgBAAAIABJREFUAAAAwE3hhgRWO0a67JMKNCSshnUXjunYiTe15ZmD+uCff6BFt/fpuuoBAAAAAAAA6LGSOLCaq0lfnStHdCpo7VHteOZnevul/095TxY1nQ4AAAAAAAAAN1hSDgVg+P/XMAw1WVR6vgr/eYaOPL9Xv9tzSlP/3u6fUKvKg7/Rb/7wocqr6+SWZM0aotu/ukBzHEMVHDigtlKlu7bpDx+cVY07VpnAOl2qLXtDO3f+QccuumVNH6jb/25hzHLOj/6vXvqPt1VRJ6UPvF1/t3COHEMjhyqorTyo3/zmdzrySY3csiprdIG+9vDDmhRRLp5tcKp0/VPaNfQb+q71D/rZ3otS1p1a+MQ/6PYM6erR/9KWbW/rkxq3rAMLtOB//p2/ngYvFQMAAAAAAAA6SBJnrLbA7tAs2179/pNyOWVXtqQLf3xe635frSF3PqwFBTal15zV23/+g47sel516Wv0Pyf2keRU6c/WaVf1aM14+BvKt0nVR97Ub3atU6X7CT35pdzQOs7+Ts//LFcFDy/Qd2xuHfv9Tu3d9bzU539p4e0pEeV+9ss+yv/aAn0nq05H3vyNdq07obPfXaPCPF+52hM79ewLb6tuyJ16+BsFsrk/0d4//Fnb1h1T+XefUGGeL2Qa3zb4Hdymn+VOUuF3vipXdbrsGdLVwz/Tmv84Jg2ZoQUL8qVP9ur3L2xR1o1vEQAAAAAAAKBH6Z6BVWXJlivp2AVVS8pWuT54u0ZZU/+nHi/Mky+cOU7jCnK15V9+qSOfXJAm9pGcx3SwQrrzO0v19+P8ixqXr/S6J7XrgxNyfik39BIqt01ffeJfdI8/1jouL101//JLHfnghBbePi5UFbdNX33iyVC5iXnKfeZZ/f53BzWryKFslesPv3xbNSMe1uqiL/mXP07jJhXod8+s05s739WXnvyScuPdhuB687Xgu4WaGEx4Ldd/7TomjZijJwIv0xo3TuNH/1pP/XtFR+58AAAAAAAAoMdLzqEAjND/ib2odGX1l4LDBWiEZq3+sWYF5gkUs96i0UOkI7W1ajQMpWRlyWaVjvx+h/KzvqrxQ/soRekq+Kf1KgjO6597yFRNGBi2/sCyLlSryjCUHSg3epbuDC+ngZowdYh+//JBHbsyVVOrD+vdOmnCrLtkC6+bhmjGrNF6s/jP+uD8DM3KjXMbAlNG5GtEeth6L5zQh3XS+Fl3RqwnPX+WZtne1e8NhgIAAAAAAAAAOko3zVi9qotnY33uUq3zgs5evKiLJ47pgw8/1CcXJalGVyVlp9yuv1swXhXb3tF//OQdyZoum328Zs2apQn5uYoYFdWaEmsFTQ20qU/UR9lDRkh6XxeqJblcqpNNQ3ObLq+PbaCkT+S8Kik4CkEr29BcPa46VS2bpjZZT5ZsA+PbFAAAAAAAAADx6aaB1WpduChpxFDZ/J84j/xSm7Z9qGrfG59k65OrERPu1Pj39+r9sDmzC/5JqwuuqvLYh3r3z2/ryCfvate/v6vfjJijf318avOBy4Slq0+6JFf8c8S7DYlJkTW9zTMDAAAAAAAAiCEphwIILkfNDAVQfkTv1kkDC0b5Hnu/+q6K/+ND1U14RD+cXyBbMGnzgt58f6/elxH5eL2yNGTsXXpo7F16SC5d2LtJa1/+vfaeuksP2eUvFz1P088NSaq+qlrDUHjssvpshaSB6p9lyKhNUbqqVXmhUcbAyGzSq9UXJQ1Rrs2QcSX+bYhZvyybbDHX49SFCkljO65dAAAAAAAAgJ7O3NUVSFjdMe361V7VWcfqKxP8z89fLNcnksbfGR6QlHT2Xb1bHfqn69jL+tHKVXq5PHyBKeqTFf0wfwI+3huxDtV9ojffPCuNLtDodEn2CbozXXr/zXdUHTHjWe198xMpa6xG2+Lfhmbl5mtCVtP11H2yV3vjmR8AAAAAAABA3JJ4KICLevf1XTobVsO6ix/qw09q5FaW7lryDRUE4qEDR2us9R29+6ufKH3O/RqbVafq9/fq1SNn5QqbP2X0eI217tXeTT/R1a/M0J1DslRz9h3tff1DWUd8XTPsbahmVrXe/Lef6OxDX9aElLPa+/pefVw3Ql+ff6d/7FW7vvKtu3Rk08v6t5+c1UNfniCb+xNfueos3bVkloYksA3NG6JZ37hL74atJ73mHb36+w9V04bNAgAAAAAAANC8pBwKwDd3nSrefUcVYZ9b0/prxIT79OX7ZynfFraerAl6ZHmt/nPrq3q7+Ofaa01T/xF36v/53rdle+dH2vjOJ6psvEv9U0bp6ysfU/+tL2vf68V63z+W6ai7HtXKh/LV3zB8ww/4a2FEDAUQ/bn/3+Pnafmo9/Tz/yzWu/VS2ogJ+sdH56ugf2gYg7RRX9fK743Qyy+/qpe3viu3rMoadZf+8dGvqCA3zbcdcW9Dc/ULrOcW/edW33qUNlDjH/xHTXjv/+hP/vIAAAAAAAAA2s9kdHC07dSpU+rTpx2P1gMAAAAAAABAnK5evaqRI0d26DKLiopaLdP9xlgFAAAAAAAAgC5GYBUAAAAAAAAAEkRgFQAAAAAAAAASlJQvrwIAAAAAAACAZEbGKgAAAAAAAAAkiMAqAAAAAAAAACSIwCoAAAAAAAAAJIjAKgAAAAAAAAAkiMAqAAAAAAAAACSIwCoAAAAAAAAAJIjAKgAAAAAAAAAkiMAqAAAAAAAAACTI2tELTEtLU01NTUcvFgAAAAAAAACaSEtL65L1dnhgtb6+XoMHDeroxQIAAAAAAABAE+fOn++S9TIUAAAAAAAAAAAkiMAqAAAAAAAAACSIwCoAAAAAAAAAJIjAKgAAAAAAAAAkiMAqAAAAAAAAACSIwCoAAAAAAAAAJIjAKgAAAAAAAAAkiMAqAAAAAAAAACSIwCoAAAAAAAAAJIjAKgAAAAAAAAAkiMAqAAAAAAAAACSIwCoAAAAAAAAAJIjAKgAAAAAAAAAkiMAqAAAAAAAAACSIwCoAAAAAAAAAJIjAKgAAAAAAAAAkyNrVFeg4x/Xrbz+vfeEfjZyvf/vBDA1IYClVe3+sfy0+pZHzn9XKGa3NGVjndBX9fIFubX3hWvtEsU61oV6dJ8FtAgAAAAAAAHqgmyOwenybHn1+X9PPTxXrX79dmVCAcMCMH+gXMzq0dgAAAAAAAABuMjdBYLVKe1/2B1WnP65fLLg19PmPn9C2U/u0ftsd/s9jZGP6g7KBDNVYGauBz3xGasGzP1DMZNZARmpLZVrVNPN2+uM/1z/4N+v4tm9r/b7wz/zlA1mwYVmxC4YVa5t/QdEZuHFtU3B7FLVvAQAAAAAAgJ6t+4+xWvWR3jkl32P/EYG/AZrxg8c1XZL2HdLxti4+IgApSae07Ykfa29VdMnj+rU/CDn98bYGVau098dRwxlI2vf8tsTrfyoUVPX985fBOse3Tfu0PhBU9VVCv27rTgQAAAAAAABuMkmXserafHdC5VO+/C1f8G/YoBhjlt6qv50u7dt3RuerpFsTDnYe1+vFpxSe0RkISr7zUZVmBIcMOKPf/HiffPHdZ4PZpYkboBk/+LlCIxEEsm7bUv9AnQPLOKUzTkkD4t2mUFZsYPoZfyUSbSMAAJBcUha/1dVVAAAAALq9pAusJpWq8zojSSOn6DZ/UDNyDFan/7+ndMqf2jlsUMe8kirwyH+bBes8QLdNGalgBePepun6W3+AeMCgYZLCM1wBAAAAAACAni1pA6txZ1JU7dVISafOnFeVbtUAf5bnO1Oe1crbPtJvWglOVp0/0+66SpJGjtTIU6e07+W9+soPZsTIno1HILt0pBY8+3P9YkHg3y3N4g+UdiKyXAAA6J546gQAAADoON1/jNUBt+mukZJOFetftx2XNEAz/mm+VPyEHg2OETpMkYmkvkfrpSp9tL+FqOWAQRom37JfD4wvenybHv32t/XotvABR6er6Ac/0MPTo8omKjhebCCb1KkzzVTvjG8DVPXR/sRySePeJgAAAAAAAADNSdqM1fgN0IyHpmvb8/ukfc/r0RgZqiPnz5bvqfZsDRsp6dQpbXvi29rW6rJv1Vfmj9S+4lPa9/y3w14qNVILZt8qRb1S6tbZ8zVyX3HrWaunivWv3y6OrqT+7Z9amO6XPXSkpFM6VfyEHo1dpEO3CQAAAAAAAEBT3T9jVZJuXaBf/PxxTW+1oC+bdWTw39NV9HjLcw2Y8QP92/yREZ9Nf9z30qcYhfXP80e2PWs1MH9oRfrF49Ml+V4s5SvyT1oQUSSe7Y5eTQLbBAAAAAAAAKAJk2EYRkcu8NSpUxo8aFCb5w+M/dVx43ge16+//bzkf8M9AABAT9Xx11kAAABA1zt3/rxGjhzZesEEFBUVtVrmJhgKoDW36h9+/vOurgQAAAAAAACAm0gPCKy2zDAM1dbWqra2Vl7DUK9eqTKbLV1drZi8Xq8aGhpkMpmUmZGhjIwMmUymrq5Wh6I9kgvtkVxoj+RCeyQX2gMAAABAZ+vRgVXDMHTl6lUZhlcDc3NktabINzKCoY4dIKH9fPdbJplMktvt1uXLn+vzK1fUt08fmc03x1C5tEdyoT2SC+2RXGiP5EJ7AAAAAOgKPTqwWldXJ8PwKCcnR4ZhyO12q4OHnO1wJpNJZrNZAwZkq6rKqbq6OmVmZnZ1tToE7ZFcaI/kQnskF9ojudAeAAAAALpCjw6sXr9+XTkDB8gwDHk8Xnm9yX0T5mPIMHw3Y/369VXVJedNcyNGeyQX2iO50B7JhfZILrQHAAAAgK7QowOrHq9XKSkpcrnc8ni8SZ/dEmAYvnHYrFarvN2kzvGgPZIL7ZFcaI/kQnskF9oDAAAAQFfo0YN5WSwWeb2+G7DuchMmKVhfwzBksSTniznagvZILrRHcqE9kgvtkVxoDwAAAABdoUdnrAbewNvdbsQkdbv6xoP2SC60R3KhPZIL7ZFcaA8AAAAAXaFHZ6wCAAAAAAAAQFv06IxVKfIxvPbyeNy6fvWKLp2r1Im/HNL77+zRxc/OqtHtkTU1TYNHjNYd076sv502U31ttg6p982mI9ujM3XHOsfjRrRH4HHdcCaTKfjXEWiP1tFftR/9VXKhvwIAAADQ2Xp8YFUy5Hszb9tuagzDkMfVqHPlJ/TfpX/S0b+8r4uXqtRQe03yemU2m2Q1S4arThXH/lvlxz/SX4+8p68WLtAX8sbKam1bE/jqezPeiCXeHg0NDWpsbFRaWppSUlKaTPd6vaqrq5OkG/bGZdqjlaUYhmR4pIZLsla/pRTnH2W9/oFMngZ5MsfI1W+GXAO+Km+GXTKntjtgQXs0Mzf9VQejv0ou9FcAAAAAOheBVUmBe7C23Ix5PR59+tH72l38C53+9KSu1LnlNkzKTEuVS4Ya6z2yWkyymCWL2SxDHv1l/x5dvHhBjzz2/2rMuC8mvM6OypJJVq21h2EYamhokMvlkmEYev/993X06FFNnTpVdru9Sfm6ujrt3r1bKSkpuu+++4Kfm0wmpaamKjW1fTfGPb094luIW+arHym18hdKvfSaTO6rwUnWus9krd4vq3OPGoZ9R57sGTIs6W1eFe3RPPqrjkd/lVzorwAAAAB0ph4fWDWM9j0++HnVBf3pv/6Pyj8pU4PHrAaPSSlWi0yS0lNT5PGYVOf2yOPxymQylGKRrGaTTh37QLte+qUW/8uT6p+d3YZ6G2pnUk5Saq09vF6vLlZV6sTpA7pUXSm3262qzzy6XO3Rex+8pmNnmg4b7HYZOnfBLZNJ+kPJz4Kfp6SkamD2cI0a9rfKsd3Srjcy99T2iG8hXplqy5VyeotSzr8qea7LaDK8s0vWqgOSR6q39pen30TJRHtEo79KLvRXyYX+CgAAAEBn6/GB1ZDE72oMr1cfvVeqo/99RCZLiq43Gmr0SJnpFlmsFhleQ71SLTKZpEaTWS6PR41uQ4bFUFqvFP3l3Xe0540/6Gtfn5vgI7a+ut7cN2KxN67KeV4HP/pPHa38L9W5qiSzIYt3sMx9c3S67rQM1+cxFmWVJWO0JEMfXTwe/NhkMiuzKleXa/5ek744R9n9c2U2t+V9bj23PeLivq6U828o5fyfpIZ6GWouAGHI7PyLrFl/lCczT0rt38YV0h4x56C/uoHor5IL/RUAAACAztHDA6tG8C+Q6ZKIxoZ6/eVAiepcXnncXl1r9CrVYlbv9BSNHjFARz+5IK/X6ytsklJTLJJhyOuVZDKUajXrj6/+TjNmzZZtwIAE1mwKG5PtZroba7k9GhsbdfzUO6pwvi5TilP9+5hlTZFMuijpor9UrJtgQ9KJmNMN46KcDX/WuYsT1K/PgDY+ltkz2yNeJleNLBfelq45WwhS+LkaZK56X6Yh1fKm9GvT+miP2OivOhr9VXKhvwIAAADQ+Xp4YFUKvOjCMLwJZ4xc/bxaFz87qwaPVOf2ymwy1LuXRaNH5OjeqXnKSEtV6aGTkiGZJLndhjyGVx6PIZPJkMew6HRFhSpPlyf4eK0h3xJvxpuw5tujurpa1+qPKq3XOeUMtCqzt1nWVJPaM0SdYUiG+7yuXPU9ptu2x2t7ZnvEy+yuk+lKhQxXfNl1pitnJde1doyRSHvEQn91I9BfJRf6KwAAAACdi8BqO1y/ekWuxgbJZFF6iklDcvvrjr8ZrYn5ucq1Zej+u2/T0MH9dOSjSlWe/1x1dS41uqUGeeT2SG6PV2aZdbKsTF/8m4KEso964mODtbW1ysyo09A0k2zZVqWlm2Uy+25J28qQZHg9ul7Z0K6XnfTE9oiXYUhGo2S44gsCGS6T5G3/OhGJ/qpz0V91T/RXAAAAABLR4wOrvkcG2/byiLTM3vJaUmU1S18YZddDX39AY4ZmyaiplNddr3RrL82YnK/JE8fokrNG5y58rovOq6qqvqYr1+p05sJVHTtVJa/Xm/BN8s36souW2sMwDPVOT1ff9Gz1s1llTemYdZqUosrzKe164UlPbI+4l2HuJaPXMOnzc/GVT7lFhiW9nYEj2iMa/VXHo79KLvRXAAAAADpbjw+sSqGbmkRvjHr37a9emVlK6XVF9/zd13Tn9C+roeqk6uqdMpvMksmiRkOypJo0dGhvjRg+WPJ65KqvlTwNOvrpRa3432/I/oVRwXrEJ5DzdHPeibXUHrdkP6qRI9d2wEq8kqtWRt0Vea5VqfHqQZnPvC1v7wEy9RkiI7W3TGarZI4na6nntkdc81sz5R5wp0wXjkuN11subDLL0+92eVP6tyNQQXvEQn91Y9BfJRf6KwAAAACdqccHVsPvhRK9MUrtlaYx4yeqf1YvTbzzDpksvSRLmsypvWWYrZLJHBw+zWUYcrk98noMeRoNpZgMebxeDRk2TMNGjmzDTdnNeRPWUnsEMrS8Xq/q6up05coVWa1W9e3bV1evXpXL5ZLJZFJ2draqq6vl9XqVlZWlzMxMVVVVye12a9CgQTIarqnxzHsyVx6UyV0vc6ZNY3L7yGQ45Tn/idyfOOVJ7SNjUIGMnLFSrz6+tmy55h2/M5JAe74fAV5rplxfuF+m6jOylP9J8jTGLmiyyJszTq4Rs+Xt1bddGWC0R1P0Vx2P/iq50F8BAAAA6Gw9PrAqeWUY3jY93ipJd0z7kv7iviKrySOT2Sxzr96ypPWVt9ESEagwZEgej+RukNfVIHm9qq5x6+F5/6B+/W1tfLT2ZrwZa749wgMVn332mQ4cOKA+ffpo0qRJev/99+V0OpWSkqJ77rlHb7/9tmpra1VQUKBbb71V7777ri5fvqx5D98n19Hf6eqxPyl7xG0y2/JkMplk6tVbJksvWfoOVarXLbfzUzUe3SVX7yEyxvwPyTZaMjf/demJ7REvQ5KROUSm/EKpsVHms4elxmthURCTlNJLXlue3Plfl9s2Vl4jMGfb0B6x0V91NPqr5EJ/BQAAAKBzEVhV+14cMdT+BTVMnKaqS5eUlT1Yll69ZcnoGyoQfNmvIcPi9t08mS1yG1ZlDBqrCY6ZCb0EJrLON+eNWEvtEbgBtdvtstvtwc9nzZoVUe5rX/taxDyzZ8+WGmvk+ctWmc//VQO+cLtkeGXyuiSTWV7npzKl95dhtspkMsmc2lupQ2+Xyg/KdeiXMv7mG9LA/GaDFT21PeJehski18DxMu74jqy9X5W58ohM1y5KXo+MjP4yBubLfetX5R78N/Ja0zuozrRHNPqrjkd/lVzorwAAAAB0JgKrfm3NGLFaU2TPv13eaxflrrsmpaTJkm6TDMlwN0omk/+uyZDX0yg11stkMsvIyNUXCm5XWkZGGzNVbu6bsFjtEcj+8ng8un79uqqqqpSamiqbzSan0ymXyyWLxaKBAweqqqpKLpdLWVlZSk1N1ZXPq2U795oyyl9Tin2mDFeNPJfPSGaLTCnpMrweqeGaL2hhGPJ+Xilz31uUMmisvMffkvuvO2VMXipl5jRX4xu/U7pQuzOq3PUyf14h0+VPZWTmyJM3SzJZJZkkr0smb4PMFz6Q9fKn8vQZKq8tT97euXE80txsjdte126A/iq50F8lF/orAAAAAJ2lxwdWQ28QbvuNWEqvdJmtg9TgqlWq2SVLWpYkQ97G66H0GcMrb73v8URTSm/JNka9++a2463OHZOZk2xaao9AoMLr9aq2tlYXL15URkaGMjMzdfnyZdXW1iotLU39+vVTdXW16urqJEkZGRmqP3tIKRX/V9b0LKm2QqaMwbL0HyKTt15qaJRkkuG6JnklmQyZUtMl13WZLL1kzsqV+fTb8gz5Wxl5/yPmC2J6YnvEtwCvLJ+XK+XTN2WtfFfmaxd8wbu0vjJ6ZUkms0yN16Taapnqr0hmq7xp/eTtP1KukTPk+sI9Mqxpbax34tVNdvRXyYX+KrnQXwEAAADobARWw27C2pPh4rWkqs7jkdntVmpaqixp/WQ2p/qyvuSV19Uow5BM1nQZmUPkzRwk32CGbQ1UeHUzZrm01h6GYchTX6de1y5raN/esjQ2yNpYr9zcXLlcLlmtVlmtVuXm5srtdis9PV1Wi1l9jf9WelqDzH2/IBkNMnlrZZjNMjxuyWuSDJOvKby+bD3JJMPTIJmsMqf1lryNMpW9Kq/9S1Jq7xj16pntEc5sNjcpY7nwoXr9dafMnnop51Z5hk6U6XqVzJ8dkbmqTCYZMkxmGX2HyZN3r4wMm0z1V2S+XK5eH+6QxXlS9bfPl5E5MLhMk8kkr9fbSr1pj5bQX3UM+qvkQn8FAAAAoLP1+MBqxzHJY07TlWtV6mcyKy2rv7xmi+RplOFulMnwymxNUYO7tzwZg2WypMk3oCESYRiGvB6PGs6U6/P3SpUyxK6U/tm6eKVGdXV1SktLU2pqqi5evKi6ujoNGDBAfSxX1bfuI1nTU2Skpcoks7yeK5LMMskqQ2Zf5pf/z/D60ocMQ5LJIsmQyWKV6eJfZXIelzF4Ypfug2TkMdXoivuUUsxZSrcOkElWmSS5B9vVmLNYNa4KVbtOqNF75f9n796jqzrPe99/51xLV64WEhZgS5ZFjGXHjpMYDG65iX12kga3TTB0H2PLMEbbFHp23IE8zjBm2xg8MDlnILrd05rt7OwNFjGjBdO0NW6TvWuBRQsYHJvYwTIJWJa4WCBxFbquyzx/zLlu0rrquiT9PmMwbK011zvf+b5rvWvOZz3vO8l1zeT2ef+JKYd34j7zr3hn/R5X5q3gUtcv6fC1kGVOIy9jEePdd2C6cjBcWVhGOxZe2r2X8Po6GO+6G5c1brgPewTTeDUUNF6lJ41XIiIiIiIyUBRYZWAywGwGnW03+eLzD5lWNpvbppeSYYDf20nX9Utc/e2v6Pb4yB1fjAn9mvtnWYFMpdGW5RK7P4JTaw0Dy3Th72jD29mBz+enu7sbj8cDgM/no7u7G6/Xi9frxdV9jgyzHZfbB7Th9xv2DXgsN+DCsEwsyw4a+THA58fy4SSCmeDtxABMXzf+5jr8hd/oXesx2B/hvHTyxa1/5lLHUXJdt5NhTrQztSwvnb4rdHpb8FhtWJYP08jktqxavr64koKyP6Dp9vH86up2rnX9BsvyYBhuMoxx5LjzyXbnY2BnlnX7b9Dhu8z03EXMmrAK08qNXesx3h/J0XjVfxqv0ovGKxERERERGVpjPrBqBe6A3Y9AhWXZl0NeC1wuA6P1HHX/6zS5M8q4bVox3e2tXG/8lCxPC+NmzOKWx0+m20eGaWCafc8CG41rssXrj5ycHFpbW/F2dkDuODKW/CEZPi8u/EyaNIns7GwyMjIwTZNJkybR3d1NTk4OWR3tmG4/hmsCGF246MYkA8twYVkmmCZ+ywCfiYmBZYDfsJxMMBeWtw0DL5ZpYLRfivk+GWv9Ec5l5OAyMunwNtPhbY5bps/qpKXzJB+0bGH+Hf+Vo+efpMPXErbPbrqsbrq6r0H3b3u93m3mYJKV8PM6lvsjURkarwaGxqv0ovFKRERERESG2pgPrIZniPQlUGEBHX6DK90mV7phRqeH4ul3kDuxg6bLDTRcrMedlcPkyeO4PW8q3bj596ZWLnkN7pxgUjQ5i9ty3LhSCFgYfV/qcASI3R+33XYbly5doqW1jbzSMgqNUJtN6VFKfn5+8P8zvC5M04s5+X6M27+D/8I/YnQ0Y/m7APCTgenczNlvmeAyMC3s6bV+A8PXimH6Md0Gvij1Gqv9EWAYBi4ji8mZM5ma/TAe/y06fM10+q7ELdnn76LbfzMiSBGdQbZrCjnuAjKMcUzKuBvTyLDzu6LUaaz3R6JXa7waSBqv0ovGKxERERERGVoKrAazW/wpByq8QLPXxdlOFxc63ZRMdJPvN3FbOeTPmM7E0ke42dUNpkFuTh4Z3Vdxt12meMpt/O2xdj5vuMjsGRNYNHMyX5s+gQlZyXVH4M7Ho3PaYOz+ME2T6dOnc+nSpWB2l8vV+47XvXTDRNMNraewip+3i8TgAAAgAElEQVSEe36IcetTjPaL4PNg4MK68hFWxzUslxOxcIIVlt8H1i3IBMtrYuVMijLld2z2R4DL8JHVfZ57u7Mocy2izdXJxewOPm1/lxvd9TFL9lsWWAZ+f/x2uy1rJmU5C5nuyyWXLKwu8BgX6HTNsDP3etZ4jPdHLBqvBoPGq/Si8UpERERERIaWAqtE3kk4WV0YfNptct6fyXW/STsWJS4Dd94dWDd8+DJy6HTfRsfFv8b0NdA9fiFZEx4hJ+9+cjOm4OIMv718g4vXbvHrpuv83n0F/N69U5mSm5FEfelTYGWkiNcfEyZMwO/3c+PGDdra2hLebRnglt8i38rG7bmI//O/oWn8CjrcJbhdd5Pp9jDZU0e21WZPu3WZ+DGwMO0MI18HuLowsgz87gx8eV+JEagYm/1hGAaZvmbGN/wlGdcOYXhvkptZwKSCP8Qz5fu8f2lbzHL9ph/LAp8nfrvdc9tSyq6cIqP5AKanBcs9me4pS7CKN9BOrMDR2OyPWDReDR6NV+lF45WIiIiIiAylMR9YDa3JlvxrvMAHXhe/wU12pot2y+Kax+JIcxvmbRP5esGDGO2d3Lr4DtO7/gfZ49po7zjKjbavczX321gTy/mPd+fRdqOAD75o4WzLTfZ82InH52fZA9OYlB2/W0bz9Vei/jBNk8mTJzNu3Dg6Ozvx+XwJL0gzyMV/swg6rmC0/hrX1Stc77wLH7lMzmpjUtY5DFrBNDEsA8Nl2DeF8Xvwmx2QDZbbxJ9VhG/yrBh1Hp2S+XxkeFpwX6zB8rXbdyzvvEJG+36Kin7Ov3X+PzFf53Wyyzydvrh1uCP7m7gbXwHvDfyYwE3cHf8L9x3/GcuYGKPOo1O6jVff+2oht+XED66O5f7QeDW0NF6JiIiIiMhQG/OBVYi84UUyPjfcfGS6yc/J4HqXxSXLhy/D4IbPYO+FNj697OcR6xJ3X6tm8kQDw2eRnXGJ8cb/5lbnh1y79Q5fz/oD7lqwhPWdXXxx+TqXW9v4h4/PM3V8Jv9hZj5ZbjPJeo8+yfRHRkYGGRmJs+Vsk2k3l+BqO02m2cbUjCYmuJrx4yLDgEwMDMMETMAALFyGD7/pwcy0MFwGltukbdpi/BkTYjb8mO0Pnx9/qwcI7482sszJeOMEITyGDyzibgOQZUzEutmOFVF+N/j94Iq9luKY7Y8eBnO8mpTt5rv3TtV4pfEqbWi8EhERERGRoaTAatgdhJMJVNw0XNT6XbhzMujE4JzfS6vhJ8MEI8ugm0yutzThufkOt2d8iv+O/4LVdRHXlX1kWRfJzLrMxOwartx6n0nj/5LF9z7EG60d+Nq6aWy5zs9OnmfGxGweLByPYcS+QYy9zttovBJLrT+S0dXVxdXue7C83yGv8xDTxt1gnLsbO5fPsP9ZvmBzGvZSepgusEwDy7TonPggHVMXYdlXxr32MZb7w/K5sDrGgeUNPebKxuPrpLsj9tRnrzO1Nt42AB5vF/6uSRi+ztCDRgaW38Qyo9drLPdHuMEer/7h5DnuzsvVeKXxKk1ovBIRERERkaGVOM1ojEjmmtgCzmByI9NNjtvFlz4/TZaXVtNPq2lxy+Unw9tKXvMpim7+M7k+L2b9v2DmPIj37v8P76QK6Mwns8vH1HHdjMvJwu92Q5YbTBO/x8svz1zmYN1lbnXHz4oZ7QYye+e3v/0Nv/zoE8bP+k+0Tf8TvriZT6cvEztIAXbPWhjOPwwLw7QwXHawwpczndZp/wlf1jT7Fs5jULz+8Lin4Jn8O/jbs/C3Z+Jvz6Z7xh/y6/P/gKfTH/tflx/Lb8XfptNP3aV/xVP4e2HlZ+GZsgiPOWHMrkuYLuPVx/UtGq/QeJVuNF6JiIiIiMhQGeMZq6G7B1uWlfDGIp2GyReGgZnhwmNYtOCn1bQvd92GhcvvZfKFL5jWXEvhxCt4Z72I0XUR89R/xT35HvzTvo1v/Deh6cfc9Bfx67av8nZ9E1hg+S0Mvx+Pp5u6i9dpbi1kXEb0uLdpmoSmOo6mC7XU+iNZTV9+yYcffsi58+f5zre/RUbe41y8uZ/iCZdwGWEBIXtWLYbhhC6MDDzuadzI+z6dOfdhJxX1rtNY7g/DMOjMnILraz/AnX0n3LxI921FdMz8D/zyk+fjrkfoy/Bj+Um4ZuFHje9w96znyGUcGdcvYE2+E9+spXSa47H8vTPAxnJ/hOsagvHK6/FpvNJ4lSY0XomIiIiIyNAb44HVgOSmcV7zwTXDIMsw6bQsrvn9tGFhmuCyIPfKZSZ9/gH3eH9FrnsiNBzFmDEXf+mfwbUPMev/DldWNl1dmTRk/h+8ee4mNzu6sbwe/N0e/F4vls/gfEsr1251cVdeTvTaDuC00/Q0sMdnGCbt7W1cPH+e/fv3M/93H6U94zuMNz9ksnkey9uJzw9+y87ucrnAzJhEZ8793JqwgM6cWWDEXh9xLPeHZVl0+8A3aRZZC77KtVufc/rcL6j78Dmu3WqImzrmzbaDIN6u+AGpi82fsqdrE2VFS7nnG3/EpJwiuro8+HzRAxxjuT/C3fBrvBoaGq/Si8YrEREREREZOgqsErqWSnRx4/VbdHv9dPl8dBsGt3wWHZaFCbg7O5nwm0+Z2XSMkqlXcN+1HDJc+L+oxczIxrr9q/jzi7Au/AMXuwqp5U6OX7yJ1d6Br7UNq6sLfBaG38BlgRHn4tCe3Tl6L8SS7Y9kTZ48GY/HQ3d3Nx6vh19++Cu+9rUHycqaSX5mE6bnBl1eg26fSXd3F77ONnKyS8i+7ZuYGeMjKxWF+gO8Xi+mB+ov/jsn6t6go+t6wnJ9Hrs8rydRpp+fppbTtN5qISczj5wZ0/B6vTG3Vn/YfH4/3ZbGq8Gm8Sq9aLwSEREREZGhNOYDq5YVyhhJdGE8xfAxy9vNyTaTlkw37V4/3X7LXvnu6nXy6j/hIf9Zpty6hPnrf4WZv4NVvAR/11WsljOY3Vdp7czkk44H+NebPm5cv4mvtQOroxO8FqbpJn9cDgvumcq0idlxsm6MsDsfD3SLDK9U+iNZd9x5J1Py8/mivp7cceNobGxk0qRJ5OTeR4f/K1y/cZ0bN27YwYyuLLo6M5g40UepdY3Cadm4XK4EdVZ/AFh+g+yM23AbOVj+xIEK+4YtUWcrR+U2x5Hlnozljx80UX/YJmMN+niVl5ut8UrjVdrQeCUiIiIiIkNtzAdWA5kiyVwUZxvwddPHRE8HH3pctHssTL+fG4aBv9uL5bPwmllYfgOz4UOspjMY0+7BXzoX8u7H+/nPqW/J5N+68jnT5sHb7ifDbzA5N5fJk9zMmJjN7OLbmHt3PnnjM2PX2ArUeWBaIL0k3x/Jmjx5MnPnzqPpyy+5desWnu5urly5wpWWFn579SpfNDRw7epVPB4Pfr+fzMwMbp96O+PGjSO/oCCJQIX6A8Dn83F73lcpnHIftzqb8ftjZ2mlymVmMj3/QaZMvCfmlNoA9YctawjGq6/fOZnfnVmg8UrjVZrQeCUiIiIiIkNLgVUglYux8QZ8FR93WD7mu+ALv8V5H9zMzuF64Vf4x1+fo8Wby++Ov0CRtwmj/gOsL3+LVTCDm2YWH934Kq3jpzL3zgJyXS4mZbqYmpPJ9ElZTMnNYMr4TLIzXPZ9SWJOrTVG+Y0uBjZYYZomDzzwIF6Pl4OHarjVeouCggKuX7/Ohx/+kq6uLnw+Pz6fF7/fT1ubnZJkukxcLlfCeqg/bF6vl3GZ03h41iraO69xofkjrLhtklx7mYaLO6d+k2/cs5LczKl4PPEDIOqPkMEer/LGZZKTqfEKNF6lD41XIiIiIiIydBRYJTRtMNkLYxPIMyDPBUUmdFsW3sws2uZ+g88n5/LLX33EsQv1zM+7zKLx55jq+RLr0lk+d3+VG+Nn8gdfK+W2227DZYLbMHCbBhkuA8NebA2sBJd3zp2PR6fU+yMZWVlZfPPhh7njzju4fLmZkrvu4mbrTZqamjh79iw+nxfLsjAMg6lTb+drDz1E6cyvYJpGwnqoP0I8Hi9TJtzPf5yzkZO//VvON3+I25XNxHHTGJ8zlezMCViWn2ut57je2ojP5yUrYzwz7yhn8vg7MAyDju6b3Gq/xM22Jrz+Lu4qfIQH715ObuYMurs9iWus/oig8WowabxKLxqvRERERERkaCmwGtS3C5sMAzIMA0yYOGkCt8/+Jl8tm8Unp+r4+bEPeOfS7fzetCvcNa6d926WUHD3XdxVOAXTNAe4/qPNwF9oZmRkMGPGHUyfPgPDMJg0eTKPL1/B5cuXuXKlGZ/Pz/jx45k2bRoTJkx0ptQaA16PkSm5/rAsC6/HIsd1Jwse/L/B7MI03biMLLq7vViW3aLZOZk0XjpBTtYk/mD+X3JX4aN0dXYDdgZXZpYLr78Lv9+D5cvG67GSuGnMWKLxKr1ovEovGq9ERERERGRojPnAavjNLvz+/l8IGYbBxAkT+J25c3jw/jJ++dGv+MWvTpHZaTHrK6Xcf+89AP3al2GYBDJzRpuB7o/Y+7HbLjs7m6KiIoqKiqJuk0wbqz968/v9eL1gGC7stumIeL6z00PBhK/j7fJx+8TZ3LjeFvF8RwdORqQby0qc9RVO/ZE8jVf9o/EqvWi8EhERERGRoTbmA6sQuhgbaBMmTGDRgt/lm1//GpZlMW7cuIQ3FknGQE87TTeD1R+DRf0R77WxX9fV1dXn1yZ6nfojdRqv+kbjVXrReCUiIiIiIkNpTAdW7TXqILRU4OBc3IwfPz5in/1nr28YXONwlBiq/hh46o/0ov7oD41XydHnI72oP0REREREZDiM6YXzfD4/breJy2VimiPnosYwDEzTwO02B3X66VBTf6QX9Ud6UX+kF/VHelF/iIiIiIjIcBjTGasu077ZR1ZWBh6PfaMKv99Puia6GAaYpklGhpusrAzAwOUaPV2o/kgv6o/0ov5IL+qP9KL+EBERERGR4TCmz+LHjx/PzZttTJyYi2VZuN0evF5f2k4hNAwDl8skOzuT3NwsWls7yM7KHu5qDRj1R3pRf6QX9Ud6UX+kF/WHiIiIiIgMhzEdWM3Ozqaru5ubNzuYMCGbnJyssAuxdLsYs9dgc7vtm8m0tnYCLnJycoa3WgNI/ZFe1B/pRf2RXtQf6UX9ISIiIiIiw2FMB1YNw2DC+PF0d3dz7Vobfr8v7ddm8/v9uEwXOTm55OTkYJqjZ5lc9Ud6UX+kF/VHelF/pBf1h4iIiIiIDIcxHVgFcLnsLBFliqQH9Ud6UX+kF/VHelF/pBf1h4iIiIiIDDWlR4iIiIiIiIiIiIikSIFVERERERERERERkRSNgsBqE/tW5JKTm0vOin00DVi5x9k24GUORdnp7/1tueTkrmBfuh580z5W5OaSs+14jKdXkJObS4yn09vxbfZnJeq/bbw/XO/NBG0+ejntPSjH3ve+HNHv8cES/tmJaJiwPszdxvspFqu2DvsO7/G9EGibnNxcVqT0hRFeZu9/K/Y1DVu7p/33n4iIiIiIpGTkB1abDrPvgPP/B/ZxWBcrkmaa9q1In6DJnGfpaG+no72dQ5sBllL9ebvz2LM8Mtz1GxTH2ZauP2Icr+WFwP+/WJtyUE6GyfGG0PspvA+lnw7Q0Bj4/yYOB7/cU1XI8r3OuPb5GzwGsPlQcOzbu7xwQGqbbtLqu0ZEREREZIwY8YHVpsP7eBt4efNm4AD7BiyyOodn29vp2Luc0XkJJn1VuHwvHe3tPDsn8bZN+1ZQ8nRfgwPDYbS974+zLXdR2ga+3q99EVjKy5uXAi9yWEGRkSHsR7ymhuPAUh5bOqw1GjVeqA18CBppOACPLR2chk1lHB8JRt53jYiIiIjI6DDCA6uBjJbNzH92AS8Db+873CMzLXyaZu+pmva0vNC/ULZHz2m0kVMLt23bFjE9MTitcJ8zpbm/06mbwsrpNV0xxjE5rwmfMtlrumPEVPB0nY7YYxpnzGm3w3Psvcrt0VfBfj++LXih+8KikTLNPfJ9H/V9nbuN98PbMuJ93oe+i9j9tsj9hD0V8Vnt+dmK2rdN7FvhBFUPPE1J8PEk6jEkjnP4RWDpcp58cjmPER5UCqvnim1sizpVOtHz4UVFjlfQ3ynJ8fq55zTs8P7o0Xc9l4CIO+6lh8c2b+ax4I94znfQ0jkE43Nq6z7azMubCWVuO5nAc+YEWrbZOdawz2s/lhCJGMeDfbYvbGxYwb7j+2KOR/G+T8KXMIi1jMG+H8Z4Pm6/xHgvjMjvGhERERGR0WFkB1YDywBsXsAjzGH+ZnotB/D+tkW8wGYOBacEvsiisIuRRS/Cy4fa6Wj/nOql8MKi6EGWpn0/pOJAaNvi4y9GrdILDcXsbW+n/o2lcOBpftqX65umfay4+2nedqYu1r+xlBcW9QgWLX2D+p7HVDif5Uvh7ad/6hxD4KL/DZ6cYx9vzqIXeeyNz52p4AeouHu4gkqxNLFvxd1UHAjrsxcXORee6XjsTez74dO8HajToc1w4Gl+uK8J5jxrvw9w3jcjODUq4n3NiyzaVkx92Pv8h8H+idV3CT6LAQfmUBnl+fe35bLoxcCyBYd4+cDTlIR9jqP3bSHL9x7iZYClb1DfvpflhUnWYyg4gaPHls+n0Hn/Rl0O4MBxiv8qMEZFed8meh5gzpNULw3/4SkU1J2fcmpyon4Oe679EC9zgIof7qOJQuYvjxwX7RkHS6l+ck6CcS+NFBczB3i7oZFgVuXyBRQHnldb91lx8VLgOI1NgUzgzcxfEHi2gOXPbiY8szs4Y2XBwIytb++DJwPjOAeoWNRgj0eH7P0uSjjmAE37+OHTB8Keg7ef/mGPtj0Ay6M8n/C7P8Z7YRR914iIiIiIjDQjOrDa86LqkQWxlgN4kUW5uWxrXM7e9t4XHXaGR6OzJlu0dSbDMmPnABQ6F3i9BepSWGz/93hD6leqPY+rcP7ysAwpZ+24vcX8NDeXnLuf5u3gK52L6cCFpxN4fmz5fAoJTTte7lzd2+2VZtOPI4LlhAKm+w7TlM7HHsiILHp2VK7h91hxERB6XwfaNfA3kKDvAuJ/FkOvtYNX9lqWPQNTzo8oThCyb32boB5DILLePd6/4YLHHWObRM8T9lzgh6fwoG6qFU/Qz488205H+5M0rsglp8cyDPZYFsjMDfz4Ydc//riXTuaH3n+BrErn82FTW/dVUbAex536FocC1gBz7JkpEccU/F4eAHOK7T4qKnbWZXXaPfC3I5kx5+2n7yZnxT6Kn22nw/lRJyT0WjuYbK8tG7dfkhpfRURERERkqI3gwGqUiyrn4if8QuORJ98IXhC9sKjHtDsnswiAFxfFmb5vZyX1usgbZIH6BgKIdoZUYCrgIo6/8XnoxhyOwuXPBi88AxlKyyPSpA5QcbdT7iI767Yvwd9BF+iP3LupOAAcaKAhLY89PMgeKn+0zcScU5xCSChq3yX4LCbjwNOUOFNg7e6zM9ucJ5Pu237XY0D0zmIMBKkjlwOIlOgHm3jPhwdpegaG+iRGP9vT3u+mYs4hJ4syvBLLqQwEJXv8+BEQfdxLL4HMyqptLxItsKe27iPnB5W3922LWt+IH1V6BhoHwGMRAfJEYow5gXaHsDErtdkRcfslxntBRERERESGx8gNrAYuqpzMs/CLkIjlAAqdjLTgNObwaXlR7hwcnNYcrgg7qWRoL2DsZQfC/j07Jyxr5VCMrMjAhec2fhiWoRQSfhf4NL5DctgdnIN3rE/XY5/zbLC8Q84FdawlJcaEaH0HCT6LSQgstxD8F54FlkLf9rceAyFwJ/mwYHEgOBN1OQCHPT06dqA77vPBDLcfUtXnqelhovZzIGD8BvUxsoAD2X1VP4z240eMcS/NBAKnb8f6wU1t3UeBJX0O8DbR38eRxzRwywCkLvaYY2cSB5ZnAFJcbiRuv8QaX0VEREREZFiM2MBqYMpcYB2zjohASejGIuE3uyhcvtcJfM2hqLDHzSsKl7PXiYr1vpjrOcW2iX3boq+xOhAip3BGuVkSOFOk4f2fhk+HtwWWRHj7ALz8bOju7j2XSujfDVUGSc+1JqPdnCStjj3yZk+PPGuv1RsItkRMlR/t4vZd/M9ifD3XT+7R5nH71vlRJKg/9Rg4dhZj7wCKXZceU/mD62TGmPqc6PmgwBR1O2jVp6npkNxn1PkRqmnftojp6UBwOvfbBw7A5meDwfGkxr10EViqgljtqLbuq+LgBzbG+zj8mAZyGYAUxB1zIm5eNodnnR9tk8mGjdsvCd4LY+q7RkREREQkjbiHuwJ9Ewgg9M7ACWYS7TtM0/LlLN/7Oay4m0W5gUDoUqo/dzI8lu+lnhWULMoNXpA+9sbnREvaKVz+V1TvO0DFolxeYCnVb2yGA/0Mrh54mpLcpyMeeuyNz9m7fDl2tReR82LPei3nr97Yx9tPO69dupmXl77IC8cbaGKOffEeWIeu50XnnGfpOAQ5i+4mx9nty4d6rv02VOxplBXhDy19g/q9UfosmJE1Z2iP/cVQ+we8fKidJyMemcOz7Ycgd1FYX27mUPvyyPosyrVvurV3ed8CLCNCYZy+I/5nMYFHnm3nELksCr5nNnMo0JZx+9YJcDnvmZcPtfNsP+oxMJxMwyhBoUA23gu1x0Pj0NI3KK7NJWdRjLomej5McHxMcmr6C2Fjo20zh9qfjdvPzx7azAuLXnSe28zLmw/wwot28M/eYyCzvEe2YWG8cS/dBI4h0I6xl15QW6cm2G4xp/iHjmkglwFISbwxp7D3c2w+REcyX7Rx+yX++Dq2vmtERERERNKHYVmWNZAF1tfXM62w76fzntfKAchYWzNQVRoczl2BXz7UnhYXoyIy2hxnW+6iOEGSRM9HEbjruAIvg09tPWje32avs6zv374ZMedZIiIiIiIp+LKpiZKSkgEts7KyMuE2I3YpgKFmT/UL3eTGXstwKSnd60JEZBgFl1Dp69R0SZraerDEzvgWEREREREZagqsJumRZ+2bULz99N3k5OZS8vSBYZxGLyKSCntt2ZKnD8DSN/grDVyDSG09aI5vIyd3ES8ALx/STZtERERERGT4aSkAERERkTFC51kiIiIiMhppKQARERERERERERGREUKBVREREREREREREZEUKbAqIiIiIiIiIiIikiIFVkVERERERERERERSpMCqiIiIiIiIiIiISIoUWBURERERERERERFJkQKrIiIiIiIiIiIiIilSYFVEREREREREREQkRQqsioiIiIiIiIiIiKRIgVURERERERERERGRFCmwKiIiIiIiIiIiIpIiBVZFREREREREREREUuQe7grE4nmtfLirICIiIiIiIiIiIhKVMlZFREREREREREREUpR2GasZa2uGuwoiIiIiIiIiIiIicSljVURERERERERERCRFCqyKiIiIiIiIiIiIpEiBVREREREREREREZEUKbAqIiIiIiIiIiIikiIFVkVERERERERERERSpMCqiIiIiIiIiIiISIoUWBURERERERERERFJkQKrIiIiIiIiIiIiIilSYFVEREREREREREQkRQqsioiIiIiIiIiIiKRIgVURERERERERERGRFCmwKiIiIiIiIiIiIpIiBVZFREREREREREREUqTAqoiIiIiIiIiIiEiKFFgVERERERERERERSZECqyIiIiIiIiIiIiIpUmBVREREREREREREJEUKrIqIiIiIiIiIiIikSIFVERERERERERERkRQpsCoiIiIiIiIiIiKSIgVWRURERERERERERFKkwKqIiIiIiIiIiIhIihRYFREREREREREREUmRAqsiIiIiIiIiIiIiKVJgVURERERERERERCRFCqyKiIiIiIiIiIiIpMg93BXov9P89AfbqY3xbMkTW1i/MH9w9vzmD6iqhQXrXufJWYOyi36I3S4965v6cZzmpz/4gNmvryT25oH9L6Dy9ZXManmPrRv2UF/yBK88t5C+90gL7/3oJ/DHz7EwH1re+xHP76kf1H4etH0E2iTwd4ptMxTHDtHeH5F9IP3R43My3NVJmlPvfn+eRWTkin2eMdjfS4Hvv8D30uCfj42wsbrn+UW4EThut7z3I/47fzyo7ykRERGRvlLG6hhUu/0HbH2vJfj3rJWv8+PXUwmqxg5kh8ziyddf58cDegHSwns/2sCbYVcK+Quf48evvz4CT7ZP89OeFz31e3j+R+/REuslwyTy/dG7D0RERMLV79kQcZ4x2FI7jxnj6vfw/Junh7sWSQsE0UVERETS1SjIWA2Il0UQCAaVsPKJO3lzjx0WtDMqCAsUhZURlmG58s49vOlEEhNmYZx+kz/dHgo7hraPlu3Q+7HIE8gSVm6JzAoMZGUkPuYY2zj1q9/zE9673y67V6ZHj2MIZTeEB1VrqfpBLQvWvc63m5zMyQULoLaWekpYueV7nNsQPbvj1Js/iNqevTNOwrPi7udUsJ/qeXPDDzjyxBb+hJ/0ztrsmamxYB0/XhmoQajNVz5xjjcDbR2xTSyn+OkP9jjHH+ibsPdWsK+iPdbD6Q/scoL7depVf5RTLQtZmB/l/eL0S+/3YLR6Bbo7XpsuJD+J93mojC3c+bPefTDygtojT/LjQthnLyIrqccPIuHv9yTHuvCxZ8G6dYN0pCIy8sQ4zzh/BYj8Hum9fZLfyeHf6yVPUDkvsgaR33V9KHPBOl6542cRWbB90uP8I3Ic7f3DZPD5aN/vgXOxnucJwWZM4rylV3aqU0btB5xeOSvyfDdqnXt8/yx4gpXn9vBmfagPE55n9KFdAmWF77t+zwb+9KhTZszzVBEREZGhN8YyVuuDQVWA+j0/YWvEyVwtVT1/xa8PBRrsPzfw01g/9Pc80XO2/9M3TwOzmL3A3seJwOuDwbWHowRVnfpueJPg5hEXJk59U81wnLWSygV22eeuRH7NONwAACAASURBVHm+5T229jiGZLMb6mtrnYueedwf6+w2lfbsi2jT32q386e92qk2dLHlbJOoHvV79oRl6gb6Jp/755UA9Rw55eyh5RRH6onfDlPuoCRiv4EM39Sn10evV4p69ctPGMJkI4kj0bjQ8t6PwsaFet78yc84F1FClCzz2u29s8nivAci9wG125PJWhcRSfbcJd53co8ZHvV7qEoqgzGFMmu389+PJnM0cUQ5/wg/xzn9Zu/ZHsFxdtbDLADqj54KtsvpD+xGW/BwlKCqU+d+ZwUnqDOn34z8/qndk/qMlT60S+32H8U+B+nHeaqIiIjIYEi7jFXPa+UpbZ+xdofzf3YGZaTemV2BX8ntE/166nmCV14P+/X7XBMtzAr71TtURiDAUfvBaZ6c1TNLoIX3fuacBPf81b72Z7z3redY+LCd0XmuqQVm5fc4aW7h1NF6iJKh+PfvfYv1C69wopaIX+Xt+uzh56cXppRdMeUOOxAYqEdUMTIhnnx9HfTMsm0KNm5Ehlx0ybZnT/ksfG4L9MgEbXkvcqvTv7BP3kPZEIFMiN7t1HNttrjtEXF8gTJrOXF6JU/eP48S6oPZOS2njtp1mHd/7OyJ/Pt5tATq6+2lGZx3Qt/WbotRr4RNGllIjwxcJ/AecQDR+yDVz6yEhMavWBKPCz93LnojMnzCL1KdH3B6fSb2/ILTC8Pfb7HeA6d77aPnj0h6D4iMPfHPv0IBwWTPXWJ9J7e89zP7O7LXd13iOiZfpn2+1p8J54Hv/l7ngD97j28/t9BermBlaPvAeag9zto/vtfWhmatnLB/eWf2LFIYx3uo38PzP9jT6+GSJ75ln78lqPOVD8JneOXHX7u1j+3i1Cj6DJ+Fz/EKPdaTD5z4xThP1ffR2JSxtma4qyAiImNY2gVWB1cJjzophIHgYjD45WQQ9jpZXPC94Ile/sLvsWDPdmqd4GuEYJbiE3w7+NQsvv1ECbV7nBPnWQ+zgFpqj56iZeH9NJ2D4EkzVzhXD9EuUOrPX4GWJjsLLcpJcsKAYCoCAb/a7fxpsssfOOIGEgPC2zMQkIzWnn0SuhD5frC++Sz83gLe3B4IaAcr4rQ7zHIC3omrHggaO1mq9YHgdKDN7Kl1nK8n/L0WXT4Ln3udwohMnlqqfnAu9vIBKdcrhUKC2bWhMiQdJDkuhI07wXHK2a7FHmjs7PmIoeMcER+JWO+BKPsIjmUDd6AiMooEg2gJz12Cr4j5nXzlvPPDTpTvugS1SKHM0PlaXwXKDP1Y6qg/T/jvlLHWDA3U8cipFhYWBgKpTgA00Tie9Nd9ZAAzfp1bnPPUsPOZsB+Fk5WoXQLH/eaGH/AmkPBH5n6cp4qIiIgMhrQNrCb/y2MgM3KQ7tTaK4M1hvxC7iRKYDZCWEbCaexArLMMQOI6xBa+jlkyAie5dxZGe40d8FsYNu0sYl2rpPcSQ7LtCaELsqRN4c6o0fGBETtYGbjIq+XE6Yexr4biLAMQJpTBEmhve0mBhQt7bxu4sEq+XlGk3KaJKUugd4ZM6uNXHyQYFxJzfvCZ0q9CAL0HREay/o9ffTv/ss9dxgI7+MkvQmuR/vj1KEskhP34/t6dtST+gRaC43iszXqupx48x0hUrlPnvkj6PMMJCs9ayY9fXxkWcA6t4R99NlaC81R9H40pylAWEZF0kLaB1bQRvJkQoaljdxaSD0ReEgSCeuHT2wJTaEu40wleBH+Z3+5kSzw8q8frY12gnLYDt/1doL/lPf4+fHpZTPaan08Gp9yF2qFfwtvTmR7Wsz2DU/UCzyctn8I7gfrANGlnupyzRIMdSO77hVz90VO0LLSnIdrTs0PB6UD2be327UDi7N3ABUQoyyJWtkwgGyW0z1TqFSylz20qwyvJcSFs3AmOU458+0MRO6Mn0cVz4EejOPsQEYkqMH7EPHdJ/ONSYIZRYOp4PqHlSfpqMMuMHhA8zU8jzr0C2aDhAj++O+uYhv1Am3AcTyR/IevXne9189L4dYbT9uAfCsae/kXMJRhinWck2keois/x44UEl5pJvEzUIJ2nioiIiKRoFAVWo6/xZa/B1J+UrPqw6UlOkQ9HO9ELTTnvNd0pbPp75BTa8OBmKOux53HYJ6OhE+7I6XRx7jwPxGqXwPSyXqLcgMt+Qc8MTLvckie28Cexdh1V7PYMnHz3nuoWo4wF63jljshnZn3rCUpq9/QuI2KJhj7qNZUxrP8ipsclzjIJLoPQ61hDr7UDar3bK5V6Jd+mqQr1QcK7EksSon1O7WBqonEhEJAPjjslJZHLmgTGnCifieR+pImyDxGRpPT13CUkuLxJjPVC+yJamSUlycxxjz1Wzwr+wNrzHHBd2NqqMc5VHcFzGHr8QNvvcRzn5qW1VNXW8+ZP3uP+5xaG/Sgcrc6zgskA8c4hEp1nxN/HlJjr5fY817bLX0DlOqhK6jxVREREZGiYw12BtFfyBCsXhP+5JfYv7rNW8uN1CyIeKnliS4/Ak32RAfRaBiB/4XO88kRJr9cH9jdr5etURhbPgnWp30V+wbrXY2c8RDkGWEDlc5HrkPVZnPbMX/jHrAwresG6dUTWxA5ex5W/kPVbniCihgvW8eMBWMag5IknwupTwsot4RmETmAckju5j1bPiAvNfBb+cfjzC6js1S+J65W4TVOVRB/IgEo0LuQvfC5sXFhA5XPf486IrWfx5Os9+z38M51cHSojPrdP9PN9JCJjRf/PXWbx5JbI78OV/TkPiVJmyRNb+JN5/Swy2vd6yRO8snKWvb91CyIfd7at/SAsa9f5kbb3D7T9H8cBZq10yqjfw39/ryVBnYFZKyO+f0qeWBdxTmEfdoLzjLj7sG+K2bPMyO+470WWl/A8VURERGRoGZZlWQNZYH19PdMKC/v8+sBaOcO+Zl9gPar+Tr2PIrCuVqJpUTKy9J7eL2NF39co7K/Q3bF73bV5EMYuERl9hm/8GkbB2TmhZVZ0bpaMwHfOIN3XQCRFaXPdKCIiaeHLpiZ7FtIAqqysTLjNKFoKYKQI3bk+/hqnMrIE1jdN5mYTIgMlsK5w77tFJ1rnV0RkzJpyh7NkSs+p+To3ExEREZHUKLA6hEJ3PIUF6/RL/6gRti5tyRN/rBsnCKc+/XRAyrn/vvsSbjNr5RZWnuuxRt2CdcqaFpE+ab11a7irMPiyv8n/taaeyh1Hwx4sYtmGP2D6rVu0DlvF0l07nT4AD+1qJ0kD2cNdAREREbQUgIhIv/WcSvubRX+dVFA0nlOfftrvMkREEuk5fnVW/NMw1UREJDXZ1b8P6LpRRERsWgpARGSUaf/g9/r0utyH/3mAayIiIiIiIiIiA80c7gqIiIiIiIiIiIiIjDQKrIqIiIiIiIiIiIikSIFVERERERERERERkRQpsCoikq6aa3ipooKXapp7PLaTuoSvS7BNn6u0iad2DkbJ8cuv29mjHRKqY2dFBU8F/yVqj2be3VRB/w8tvJw6dlZs4t1Uqi0iIiIiIiIjhm5eJSKS5s7uOkBd+WrKkn1BSwNnB6kuBeUb2T1IZcfWzMVGoDj5V9Tt3ErN4vXsXl3m/F3BK5uK2b6xnILBqaSjgCUbq+3/bf6SBqBoUPcnIiIiIiIiw0WBVRGRtFbKqlXwys66YJAwXHPNJtbtssOopauqeKm8hZ1bDwLwys65PV7TzLubKtkViLqWrnICjXXsrNhKjfNw+fpqVpc5wciDzoNOkLK5ZhPrGlawe3VZ6PnSxZRzEFZUs7qsjp0Ve2Ex1Bw8a9e/aiNLCrAzaSt3OUHfxTxf7QSL63by1NaDQCnli3u3QHPNa3adz77Guw9sZElBeH3Dygk7zouNUDo/P/hI2epqJyBst8Hh+VW8VF5g73tvMds3PmBveCxQl0A7xN7+402VNBYtpuZg7+0bV1RRtNc+1rOv1fDgxmkciNLGIiIiIiIiMnJpKQARkXT3wFJWNe7tPaW8bifrdhXxfHU1u6vXU7yrkp11ZaxevxhYzPM9I3fNLUxfW81uZ/vys4f5uBmaa/ba2Z3V1exev5iavTU0N9fwdwcXB8suP9hj/3U7eSXw/NpiGiJSZM/SULyW3dXVPL/4LLsO1AF17Kw8zPwqe//bVzXyyk7n8a0HKV9fze7qtRQ19s61LShfy6pSKF21liUFzby7aSsNq6pC5WyqIbJpCliydhXsqrSXAej1fGw1jcVsD7TD1sTLKdQw16lHqd1uPepQSimr1pZDtDZOsk4iIiIiIiKSnpSxKiODYWAaBhgGFtDV7cNvWfj9FpgGpmHidptkulxkuE26PD46u710dnvp6PbS3tXNnQWTGO+6TvfV45jucRiuXHDlYrhyMFzZGGYWhpmF39uKmT0dfF34AcjAsiwsy8JvWVh+//C2hYxBBSxZO5+XDtSxZGno0eYvG2HxCidbs4y5i+HvvmyGabGKKaMsImu1lFVAwQPzKd21lacO2pmUuzcCNDO/dBevVBy0s1WrN9r7dIqqO2Y/XgZQ8ADzS6ExbFfF0+wJ9/nFpdCAMy3+LDWVFewKbnWMurlQw2KetwviwfnO9jG10Hi2lPlr7fLtujfQApFT/AvKeam63K7rzgrWVexysm7ze5UYrnT+A3Y5ZXMpZy8XE0Q/S4vt8gqmxZ/wH72NRUREREREZCRTYFXSkmEYYJp4fBaZGW48Xj/X2rpo6+ymrbObji4vnR47aNrZ5aW920Nnl/13l8cbtcwVC+4jN7OJ9jPbk6iAC1f2NMzsQvu/42bizi0mI+t2jMzJGK5MfJ52MLLx+/34/X4syxrgVhAJU1DOH1HBzk9W9b0MZ8p9+fpqdgem7Dtlv1Rd7jxfYQc6q1ezZGM1S5xlAgIBwaXx95BAlGn7dTv7VWIyylZXs3tpDS9VHqNudf+OoM9itLFWA5CR5QxvVe7g6Lw1VD0+M+zxqxx5dQsXv1tFxMPJlPhWJTuORnmi1z6Gmn1MJ2Zv4JlH84axHpGuHnmVLfth2YZn6He1rh7h1S0nmL3hGR4l7P/jlXs13nbp2WYiIiIig0mBVUkLhmHS5fVhmC5yszO52d5F4+VrnG+5yYWWm7R2dA9thSwfvo7z+DrO44lWXzMbM+cO3JMeIjNvDpnj78Fw5eLze7AsN36/hV+ZrWNe7sP/PKDlla1ez7GKrZzFXoi0YFoR7DpG3eoyyqjj2EEoXp/g1kylq1haBtQdowZYhb1O69+wlpfKV7O7qpiXKhvs9VBfgz/fWM7q6iqKNlVGZKSWzV0MW519N3/C4bMJ7i1VMI1idvF3NUt5qbzAXqv18Hy2b5xLOVs5VreasrJmPj58NsHdnvIpKj3L4U+aWVJeQPMnhzlbOp/IPFQ7GNywylkXNXjsxeRTAEVwtsHOca07dtBpBdvZw5/QXF5OQd0xaiji+YL42ycrahuLjFRH3+FI+QAE9gJ6BlGvHuHVLTt466HUA7Wj21U+OwHz5sGJz67yqIKXIiIiIsNOgVUZFqbLhcdngWGQm5XJhSs3nSBqKxeu3MTjTe+gpOXvxNd2Bl/bGbouvgWA4Z6Ae0IZ7skPkTHp62SMuxt/1zUsMwsfOVpCYIw59emng1BqGUtXlVITmEtftprtqzaxrqICcG5eVQY0F1PKrt43ryqbS/nZrc60+FWsKj1IYwssKV/L/E2VPOWUW76+mrIC+PP5m+xtwZ5GXwbNX4b2/fziCnupgNLFlJcmrvvqqlW8VBnYz2Kery6nAFi9frGTxVlK+eJoBRUwvQjO7nJuXrVxPY0VvcuJva/AdqspAArmLoatThbu4si7ZZUWNfA3FRWcDbQDQJzt4yqYRjFn2fVaDds3Rmnj5EsSSStFRbB/9xHufeZRBiW0l/co3523nx0nz/D4TEVWg87UsJ/ZbHjoIlt21HDm0cfpV+vkPcozVY/a/391ICooIiIiMvYY1gDPX66vr2daYWGfX+95zV4TL2NtTYItZSRxuVxYGBiGgWUYXGhppeHSdS5caaXp2q0hqcOKBfcxLfMLbn78F0OyPwAzewaZ+fPJKliMmXMnvu5b+M0J9tqwMmoExq2AMTd+NdfwUuVh5ldtZEmChFkRSS89x6/Oin+Ks7W9FABr1sCOHVxYFpjy3XspAHvKupPnXrSMDTGCsGfeqmQHvaf993w8bnlXj/Dqlv1OVn1RxDT5iKUGwjJjz7xVyTvMg6NHaQyUF15O0TzmcZQLgWntZ96iMlhQUZyp+HZb7A+m+M9jTZUdAE24z7jlOq+fvoFnHr3q9IPT3mfewv4zEGjtMSU/ou5QFOi3eEsBRNQrrO0Cr1k2g/37j0aWF2UpgFjtLzIQsqt/HxiD510iIhLVl01NlJSUDGiZlZWVCbdRxqoMGpfLhWWYuFwmdY3NnG9p5UJLK9fbOoe7akPG33mBzvN/S+f5v8XImEzmlN8hs6Cc7EkP4eu+id/IwedTJquMQM56rQGlq6oUVBUZM2by+Jp5VMbKmjzzFlv2z2BN1TPMdIJtW96amnxQ7eoR3jkK89bMjFKeHawLlXeGt7bsZ8aaKp4JBBm3vMXUqsfJO/IqOy4sY0PVo+Q5QeFXp4eCfo1HYU1VVSgYuXs/LNtAVTAYCUWzsfex4wLLNlTZQcczb1EZI2P36pHd7J+xhqpnZhIINL5zpDzGPmPXvXdLneHk0SJmb8gD8ihfVsSWQEbvzIeYxw5OnnmcmTOBq59xorGI2U/lRa97wmxXuy2C9bp6hFe3OMs/2EfB/hOz2VBV5QSGt/DW1N7LNlyNaH+7LV49ovVXRUREZHRRYFUGlGmaYLrIcLs439LKB7+9yOdfXhvuaqUFy3OdrqZ36Gp6BzDJmPI7ZE39D2SMKwXXRHxWptZlHSUGahmA+++7b0DKGRRlq9ldvXq4ayEiw2Xm46yZV8mOtx6i6vHIQNmZk0dh3honcJfHo9+dx/4dJznz+MzowbyjO6jscQOromUbgoG6MyePUrRsQ/C1M8uXUbTFKe/MSY4yjzXBJx+nqgrgKkdONFI0+ykn+DnTDkae+IyrjzrT3+c9FKpPRDASmFnOsqKjnAjWqJH9NWd49PGZ9j6eid4seY8+Q1Xwr6tcbARmh20Qvs8zJzlatIwNoQNjWdGWUIA03JmTHJ33Xaqc6uXdO5ui/YE2nclD8wgtnXD1Io3zvsszefZxPx5W2auXLwAzolc+dBQ8+kzoKLh6kV6H8V0nqByxbEP4++Aqn51oZN53n3Ha33kfvGO3v0KrIiIiMloosCr9ZhgGptuNabq4crOdD8+c49OGZjTZPR4/niuH8Vw5DEBG/gJy7vg/ycgtwucz8PqGuXrSb/0Nig7OGq0iIgPHDnDu4K2HNjA9+OhVLl+AotkphM7m9ZzyP4PvBrMa7fIaj26hcn/4i4q4fBXy7J1FCdTZQc0Z302yHlcv0sgMQpvnMTUYf5zJ41VroDIsABxrWnuPJQOK4tyM76p9YGyJPDCKLl+FHkHKI+8chcajvQLQgWzY8GAzJ48y76HHQ68NW5qgKF6FIg4jbAp/UVGPewoWMT2sennTi+Bir6PjYiMc3VFJZJXncRUUWBUREZFRQ4FV6bNAdqrPgiOnzvNpYzOd3d7hrtaI5GmpxdNSi5k9nezp3ydr2mNYvm68/gxlsY5gP280+/S6bxepz0VkBMh7lKeWnWDLOzXMCz3I1BnQeLFv4bO8R59hzcVKdrw63VlH1S6vaHaMKeT2zqIE6/KYXgQnegUpY+14OkWcILS5HdANRYxn8nhVFY+DMzV+B2891HP6ux0A7bXmaKxd2gcWc/3ZULGfcaJxXtgaqs7DR14NZuDm5d3L7KL9nDzzEBydRzCueqaG/eGvdZY4iOvqEd45Grbeq7OuaszNLzZGedRu/3nf7b1EgIiIiMho0rerfhnTXC4XroxMWrv8/POJM7z29gk+PPOlgqoDwN95kfbP/5pr//4t2s9sx/Q0kuX24XIbw101ERGRXvIefYplHOVoWGxt5kPz4OhJzgDBbMvwKfAJzHx8DfMa97P7yNVgeY37a5zy7IBiZeVb9t8zH2IeRzkZepJXK1/lyNU87p1dROOJz5wb3p+hZn8jRbPvjR7EzLuX2UX2dH+7nM840dizzMC2U5nRI2sznB1UxglqxjvQh5jXuJ+aiLpX8taZyM2ufnaCxijtl3fvbIoaT/DZVQD7eI/u2MGFZeU9tr3A5asQ7IukNBI6jLCbWDnPhdrJWQ/3oV61s+vzzhECzXbmrUoqXw39LSIiIjIaKGNVkuZ2uzFcLhov3+TwrxtovtE+3FUa1bpbDtLdchAz506ybv82OXf8EV5Pt5YJEBGRNBJYQzUsYDfzcTYse5UtgbuoFi1jQ0ppi856qPsDN0XqUR5FLNsQyN6cyeMblvHqlkoCz85b49yoycl+DU61n7fGvjFVrON4Zg0Xg9P95zFvHlwAyHuUZ9ZcpHJLJYFJ+0XLNvB4r6ICbeGUMW8Na+YdZUfM7N3edQ9fW9ZmB4SDN/KK2J2dpRpY+zXv3tkUAbPvDduXs27r/i2V7KeIZWuWUbTDycyN0RLBdVOdafzz1qxh3tEdhA6jiGXTT1LppL72rnOgmB7tzzzWVGl9VRERERldDMuyBnQpzPr6eqYVFvb59Z7XygHIWFszUFWSfjJcLjo9fuqbrvPvp87R6RmZmakrFtzHtMwvuPnxXwx3VfrGzGZc6Voyp34br8+Hz6tVbNNFYNwK+M2iv+b+++7r11IApz79NL1vXiUio0LP8auz4p+GqSYiIqnJrv59QNeNIiJi+7KpiZKSkgEtszL4w35sWgpAYjJdbjKzszn5eTM/+flHvHuyfsQGVUcFfydtv93O9WPfw3/1IFlZLlwuLREwJjTX8FJFBTvr4m2yiafibRChjp0Vm3i3ue/lpbY/Z687K3ippjmp/YuIiIiIiIikOy0FIL24XC4Ml5vPzrXwrx99js+vzMh0YvnaaPvN/0v75/+N3Lv/nOyChXh84PPqhkejVfMnh2HxYhqO1UFZ2QCUWMbq6o1xtygo38juOM+3NJxNcZ/NXGwEipPbv4iIiIiIiEi6U2BVgkzTBNPNhaut/OKDs9zq7B7uKkkclvcmbb/ZSnv9fyO39D+TOekbeK1s/H4FWEeXZj4+DPPXLoXXXuPd5o0sKXCeqtvJU1sPAqWULw5sX8fOir0UrSpi1y77uVVVK2is3EoNULqqipfKW+xtqjby4CebWNdQRPnBg9QALF7P7tVlNNdsYl3DCnavhp0V9msBytdXs5qdvHIQYCs751ZRtLeSxqLF1BxsZFXVRpa0BOoVes3SL19j11ng7Gu8+8AKGivt/S8paObdTZX2c5Tar3ces8s8GNrvQMSURURERERERAaIlgIQAAyXmxudXv72vV+z/9/qFFQdQSzPNdo+28yNk3+Gy3cJt1uB1VGl+RMOF61gSUEBD86Hw58E5s/XsXPrQcrXV7O7ei1FjeEZpGfZ1TCX3dXVPL/4LLsqjzG3uprtq0o5e/gTes3APwhzq6vZXbWK0oN7I6boN9fspWbxenZXV7N7/WJq9tbQXLaa5xcDi9cHg501zGV3tR30rcPe925nnzXH6igoX8uqUihdtTYUGAbqdlayqyhQfhG7KncSWGCgxiln+6pSe78D2a4iIiIiIiIi/aTA6hhnulxkZGXx8w/OUv2vH9N8o324qyR9ZHU1ceOXT9PV8BOyc3JwufTxHg2aPzlM8Vw7elnwwHwIBEbrjlHDYuynCnhwfmnE68qd1+QXl8LiuZQBBdOKou+ktJh8gIJp9kz9MAUPzKf04FaeqqhgJ6vZvbGcgqhF5Af/v6yszM6mrahg3a54SwbYywME6krZXMpp5GJzZJkx6y0iIiIiIiIyjLQUwBhlGAaGO4PPv7zGO8d/O9zVkQHU9eU/0PXlPzLhvpfJnPQ1PF43lqV1ckemOg7sOksNFYTud1vKx83lLBmqKhSU81J1ubPsQAU1LOb56tVxXuBM7WcV26uroWYT6xqGqrIiIiIiIiIiQ0eB1THIdLnxGwZ//291XLzSOtzVkUFh0frpf8E96WuML9uE33Lh9bmGu1JjzreL+rksQ90xakpXsT0sS7S5ZhPrDtSxZPVcytnKsbrVlJU18/HhszAIiZ3NNZv4G9byUvlqdlcV81JlclHS8hXlFNDMu3HrVcD0Ith1rI7VZWVOFm4RzxfAxQE7AhEREREREZHBocDqGGIYBqY7g1MNzbx7sn64qyNDwHvjV1w/9ofk3vUnZBQsxstklLw6NE59+mm/y6g7dpDS+VURU+8LHphP6a5j1K1ezer1i50s0lLKF5fGLKc/CsrXMn9TJU/tsv8uX19NGdBcXAq7nJtXRb6CB+eXssup16pVi+HwlzRTxvQiOLvLvnlVQNnqKlZtquSpCgjcvKqMZgVWRUREREREJO0Z1gDPEa6vr2daYWGfX+95rRyAjLU1CbaUVLhcLgzDR0NLB/9w5PRwV2dYrFhwH9Myv+Dmx38x3FUZFkbmVCZ/43U8PgO/lTnc1RlVAuNWgMYvERkpeo5fnRX/NEw1ERFJTXb17wM67xIREduXTU2UlJQMaJmVlZUJt9HdbcYAw+jm+sUj1L4xn5LbJ1M8ddJwV0mGgdV9mWvHvofV+hEZZsdwV0dEREREREREZETTUgCjnGl08cVH/5Pzp/YA8Kuf/2e+/52/5i///tgw10yGS9tnm8i8/TuMK/1zuj2mlgYYBAOxDADA/ffdNyDliIiIiIiIiMjAU2B1lLIsL9k54/nlP/0ZN5tPBR+/dvF9rl38gKeWPMjudz8exhrKcOq+9C94r3/IxId24PW78VsaCgZaf4OiAxWcFREREREREZHBoWjKKOT33MDyd3BwTznQOx3xV/+yhgWr/p2HSm/n5NlLQ19BSQv+rktcf//7jL/3f9PYtAAAIABJREFURTImfh2PP2u4qzTq/Hr58j697qv79g1wTUREkjNh/PjhroKISFI8w10BERERtMbqqOP3XOf6l8d5/63lRAuqBhzb+z2WPHT30FVM0tatzzbT8cVrZLo6h7sqIiIiIiIiIiIjhgKro4hJF40f/08+O7w54bbd7Ze5+JsD/Ml3vjEENZN01335f3Pz478gK8s13FURERERERERERkRFFgdBQwDsnOyOfnzP+fiZz9L+nWf1b5EptHJwgfvGsTayUjh72jk+rHvk5XlwjCGuzYiIiIiIiIiIulNgdURzrI8+LouUfOT2dy6cjrl1x95cwkPf2UablNvBQHL18a1f/8WGcYtTDP2UhIytOp2VvBUReDfTuqcx5trNvHUzjqgjp0Vm3i3uQ+FN9fwUliZkU9tCttvBS/V9GUHPdTt5KlNNQxASSIiIiIiIiLDStG0EcwwfHTdOMOxfY/3q5yzH+zgz5Y+PEC1ktHg+vEVmN0NmIZ3uKsyxjXz7qYKXmE9u6ur7X/r4ZVegdAyVldvZElBH3bR0sDZqLuu4W92waoqZ79Vq2BXJTujRWBTUbaa3RvL6UtVRURERERERNKJe7grIH3lpfXyR3z8v9b1u6SGk/+Dwnt+n8ce+Qpvv//bAaibjAY3T65lfNkmXBO+hs+fOdzVGZuaP+Hw2cU8v7Es9FjZarZX1RGZ8lnHzoq9FFXZwdW6nRW8ctB+pnRVFS+VF9Bcs4l1DUWUHzxIDcDi9exeDTu32hu+snMuu1eH7aelgbMU8UeBCGhBOS9Vl4eqVrOJdbuckOzi9fZr63by1F4o5yA1Bd+i9Fg3f1S9mrLA9ofns31FA+v2FrN9YzkFdTt5ytl/sAyi15/mGl6q3OUEgUtZVdXHQLKIiIiIiIjIAFHG6kjk76St5eMBCaoGvL/3D/jKjDwKbxs3YGXKyHfr/2fvzuOjqu/9j7/nzEz2QIAECGoiDKBBQauouISawVp3vVbR1pImansramnJ7RLa+wMerdANWnsr3ZuY3C7Sq23VurUktbEaBS0CkrpEIOxM2LLPen5/TAJhzzIzZya8no9HHj44c873+54Y5vHIh8/5nIaFCu3/h2wBbty2gmd9nRpd+co+6nhOToFyTlBU9NQs7tXhWq78yhWHRwTUSjO6u09dtSu1ylOg0vIiSUVa0LuoKkkFpVpQVKsl3WMAjuhUbagIF0mrqlRdtUwlTUsPv97YpLy5Vaqee60KXbWq7z7evKVR7tm9O1UbVLG0Vu7yI9c4Uf6GZyulkmWqrqrS8hKp8tnBts4CAAAAADA4dKwmGDPQoY6D7+ntF+dFfO13ar6uu65+RI/+6fWIr43E1f7+cqVO+Lyco65RwEyzOs5pJSc3r9/XNG9plGqXak7t4WOu9R5Nk6SeIm1OrvL7sFZBaZWqS9XdLVqsOd2dotN2NkmNtZpfXHn45PoGlc6QpDyNy5GkHE0rdKlup0cqaFZ9bZFmlEqHB8Tu1BYV6a6C8LmzFlZJkhrqj59/0YwiNS4t05zKcIbqw82zAAAAAABYgsJqAgn5W9TV1qS3X3g4Kuvv2fRXnXn+Pbr76vP1+79viMoeSEydH/5UNhmyj5yloFKtjnP6yM6Xq3GLmqUjZpI2VBTrifxlevAElx26fb4XT80gcnSPAWioKNYTPUXaXrfuHw5Wf+RlUwulFevlyd2imqIZKu3jdsfLL5Wquqo0PFKgrFiVrpLwOIEBviUAAAAAAAaLUQAJwgy0y9exQ2ufeyCq+7z1TInGZqWq4Kyjbz7G6a7jwxUKHayXXZ1WR0kY5//hDwP6OiRnqgpdtVrS+z78hgotqS3SXccUHsOy811qrHy2uzG0QRVH38bfR56axZpzzEOypPzcnHAnbe3K7hED4QdsLao5zriInKkqVJ0eW1kr94yjirA5ucpXz6iAw2ucKH9DRfi/Oe6Fqi4v6v8bAgAAAAAgwuhYTQBm0Ct/12699exnY7Lfmj/N0fW3/1YNW5tjsh8SR/v731P6uf9PRsaFCinF6jhx7Z2NGyOwSo5mLVwmLS7TnOKeY0Va0PNAqONd4V6oBVuKtaQ4fC+9q2SZFhVInp0n2CI7Xy5VHvPwqqPX6b2WVKrlJd2do1K4e9Wdo2OqsMrRrNl5qlya133Lf28FKl1W0j1iQJKrRMvdOcrR8fOroFz1xd3nyqWSZaV0qwIAAAAALGUzTdOM5IKbNm1S7tixA77evyI8OM85dzD3rQ4dNgXk79ytN566O6b7njfru0rOuUK/evFfMd03mmbPnKLcpM1qWfdFq6MkvMzzvyulTlbQTLI6Slzo+dzqwecXgETB5xeARMXvjQCA3nbu2qXx48dHdM2ysrJTnkPHajyzmQp698e8qCpJ76z6igqLX9aMgjNV37At5vsjvrVu+IqGXfhjGc48hUw+Ro4WmW5V6bwpUyKyDgAAAAAAiDwqInHKZpMUbFX9H263LEPd/86S+956Cqs4rpa1Dynz/O/ISD1PIZNxzUcbbFE0UsVZAAAAAAAQHRRW41TIu1ev/eE2i0MEtGltpR646R795Nk11mZBXGrd8FWNvPJFdXmDVkeJS7P/fNeArlt56xMRTgIAAAAAACKNNrM45LQH9fZL86yOIUnatObHkv+APn6xy+ooiFMH3rpPSc6A1TEAAAAAAABiisJqnLGZnfpgzWPqOLjF6iiH1P/+ep1/9mgNT0+2OgriUKhzmzo++JGcRqfVUQAAAAAAAGKGwmo8CXnVsmedtm/8g9VJjvHvuiX6zMcusDoG4pTP8zf599bJbvNaHQUAAAAAACAmKKzGjaDsdmn93/7L6iDHtePdp9R1YLPuuKrA6iiIUx2NP5Qt4JHBp0rkeGq0qLhYc476WlTjGcBiDaooXqxVA7k0LtYHAAAAACC+8PCqOGHIpzVP32t1jJNa/ce7dPW9r2v82Cxt2nXA6jiIQy3/+pxGXvVXdXX5rY4yhLhUsmyhZuUMdp0ClVYtjEQgi9YHAAAAACC+UFiNA0GfR5verlRnyzaro5zS2ufm6j9u/KmWP1VvdRTEqQNv3qfhFzwmb8BudZQhrkEVxSulIqmmtlFHFGAbKjRnaa0kl9xFUo1mq7pUqiheqbxlCzVt/WLN35Ind22taiSpqFzVpeFu9IaKYi2pDe/gKlmmRe6cEx731BxeZ0vJA8qvfOkU63u0anGZKhslFRXJXdukvIgUjQEAAAAAiD1u2rWYGWxX+95/a+d7T1sdpU8O7HpTe7fVq/iaaVZHQZwKdTapfdNP5DB8VkcZIhpVWXbkKICKhsOvbcmfq+qqKi0oalTlsw2SGlSxtFbu8ipVV81VXlPj8ZetlWZUVal6WYlctSu1yiN5ahZricpVXVWl6qpy5VeuOOnx3usscmf1Yf0VqlSJlldVqXqGwkVXAAAAAAASFB2rVrLZZLcb2lCzwOok/bLuxYc1s+Sf+ohrrP7VuMvqOIhDvt3PKXXcrTKc+QqFQlbHSXAnHwWQnxt+ITvfJW2R1FCvGhVpQYEk5WhaYffxY5bNV7Yk5eQqv/tQ85ZGqXap5tT2Om29R+NOcHxa73VOub5H6+oa5SqcqxxJKpght5r69B0AAAAAACAeUVi1kMMI6I2nSqyOMSD1T9wi9z0vUljFCbVs+IqyLnlCXhpXE0rv2/97NFQc/7iHllMAAAAAwGmMwqpFDHn1fv2P1NW2w+ooA+Lr3KttDX/U566/QT9//i2r4yAOmf6D6tzySyWf9Rn5T9N5qytvfSL2mxbMkFtLVd9QqoKCcJeo8vp2aXa+S42Vz6rBXaoCNaiieKlUXqWbTnS8X8HC3bOVdevlcbuV01CvGkmJ+U9LAAAAAABQWLWEYZhq3rQqYeaqnsh7/3xEV+RfraILxqv27U1Wx0Ec6tr+f0oec50Mx5mn3UiAdzZujNBK4Rmrlb0PuUq0fGHuCc4vUGl5keYsLVaNXHIXufq8U457oRZsKdaS4trubZZpUYGkguMf9+zs3zvJcc9VSV2Z5hdXhh9e1b/LAQAAAACIKzbTNM1ILrhp0ybljh074Ov9K8K/ajvnDt17TJOTnXr58Y8qFPRaHSUi3Pev0Y///Ia8gaDVUU5q9swpyk3arJZ1X7Q6ymnF5hyhrEt/J6936BZWez63esTP55dHqxaXqa7w2Nv4LddQoTlLpQVVpSqwOgtwGovfzy8AOLnT4fdGAEDf7dy1S+PHj4/ommVlZac8h47VGLOZXn245ldDpqgqSR+88T/67A0P6MdPr7Y6CuKQ6d+vjs2/VvKZcxQInp4jAWIrfKv+oV8xXCVaHidFVU/NYs2vbDz0Z3d5FUVVAAAAAEDCorAaSzabbDZpy7rKU5+bQJrWPa6xk2/TLTMm6+n696yOgzjk3b5SKWOuk+EYd1qMBIjUGIDzpkwZwFUFKq2qUmlEEkRWjnuhqrn/HwAAAAAwRFBYjSHTv1//rl9mdYyoeOP//kNX3/uGxo3K1I69rVbHQRxqeedrGnbBTxRSqtVRYmJgRdHDIjejFQAAAAAARAOF1Vgx/fJ17FHzlr9bnSRqNqz6imbP+q5++MfXrY6COGR69yh4cI3sI65WMM7n8UbKr27oHNB19z13ehSfAQAAAABIZIbVAU4Xhnz69ytLrI4RVc1b/q6Du9fpU1efb3UUxKm2974vp4M5qwAAAAAAIPFRWI2FYLuat/5T7fsbT31uglv7l/s1OitF5+XFx8NyEGdMvzq3/kYOeuUBAAAAAECCo7AaA0lpWXrv1e9YHSNmVv/xHn18usvqGIhTnVsqZLfz0QMAAAAAABIbfWNRZjO79OHqnysU9FkdJWY6Dnyo3R/+VfdfN1O/fOFfVsdBHOpo/B8l5z+gQJAC60l5arSorFJH97q7y5cpb2WZmmZXqbTAkmQAAAAAAJz2KKxGk80mw2ZT0/pqq5PE3MbaBbpqzt91xZSz9OrGrVbHQZzx7vqLUvNLZLNlyDRNq+PEOZdKli3UrKOnayyssiQNAAAAAAAIo7AaRYa8aqj7ptUxLPNK9dVy37+GwiqOq+3d7yjj3IXyBXiYVf95tGpxd8eqKjRnpeRWrWoaJblKtHyhWzmSGiqKtaS255oiLagqVUFD3853l/d0wzaoonipaiSdsMgLAAAAAMBpiPtwo8QwDJlBr5q3vGx1FEttXlupuTdNtzoG4lDgwBoFW9fJMPgYOrlGVZYVa05x91dFw3FOaVLe3CpVV5XL3VipZxskqUGaUaXqqipVVy1TiatW9Q0nOb+hQktqi7SgqkrVy0q0ZWmFGuTRqsVLpfLudcrzVLmiRp7YvXkAAAAAAOIWHatRYvocMpwj9dGSV7V1w2/04ZrHrI5kiQ/X/FijJ16v66dP1PNrPrA6DuJM5/YnlXHO+fLJaXWUOHa8LtGjS5t5GpcjSdnKc0lNkqQCFRQc1YV6kvM9O5ukotkqkKQctxZVSVKD6hulmqXF3R2r4TzrPG66VgEAAAAApz0Kq1Fgs9kU8NpUectBTZzl1Ee/8GnlTf20tm58Qo2v/9DqeDFX//sbVXTfar3+7jbta+2yOg7iSODAW5LZJZstiVmrkdb94CuVLFN1lcKjAwa0ELf/AwAAAABwPBRWoyDodejN34YLiB+s8uuDVX6Nv8qporLZyjvvk9q28Q96v/77FqeMrYa6b2rOrG/o0T+9bnUUxJnOpseVfPaDCgRsVkeJuPueS7U4QZHucudInhrVNUr5JzkzJzdPqqxXQ2mBCjw1WlRWp8Jlc5XnalTlsw2aVVogNVRozlKFZ7XG7D0AAAAAABCfKKxGQdowhzb8ueWIY5te8WvTK37lXerQrK/erjPvm60d7/5J776yxKKUsbXrvad1xpS7dOfM8/SHf7xjdRzEEe+u55TumqdAIGh1lIh6Z+NGawPkTFWhq1JLimslV4lKiqS6nR4p9wTnF5RqeclizS8uliS5SpZpVk6OtLBcTcVLNadW6ulepagKAAAAAIBkMyN8/+2mTZuUO3bsgK/3rwhPAXTOrTnFmfHJDNq16R+mar/XftLzxl3o0McWJCs926ndHzynjS8vilFCa1197+t6uv59Ne7cH/O9Z8+cotykzWpZ98WY742TSz37PjnH3qlAIGR1lAHp+dzqkaifXwBOP3x+AUhUif57IwAgsnbu2qXx48dHdM2ysrJTnsPjuCPM9Du17qlTzxHdsTagx2e368kHW5U+7FoV3bda5xU9EoOE1vrXXz6nWy4/x+oYiDOdW38nu52PIwAAAAAAkDgYBRBJIUOtu4La29j3W5p3NwRVdXebRk0wdMO3iuS+b7U8m2u1ftVXohjUOgd3v63mpldU8rGLVfnXt62Og3gR7JB/36uyD7tcwWDijwSI1BiA86ZMicg6AAAAAAAg8iisRlDXfkPrnhzYU+/3fhhS9afalHWWoRseuVLu+9eoualO6176UoRTWm/DX7+kmZ+p0/RJuVrz/k6r4yBOdG6pVOYF0xUMDo3O1cEWRS2f0QoAAAAAAE6KwmoEZWQ79N6q1kGtcWBrSL8tblfG6E7d/J1L5b5/jfZte01rX3g4Qinjw6u/u1EfLa6hsIpDgh2bFWjZICP9QoVCiTlr9Wiv/qZwQNddcU9dhJMAAAAAAIBIGxqtYXEg2OXQuj96I7Ze256Qflfarl/dtk8h70Vy379GH7nxpxFb32oBX4u2vvMHff7Gi62Ogjji3/uK7PaIPk8PAAAAAAAgKiisRogzyaF1T3VGfN2ug9IT97frZ9fvk7/lfLnvX6OLbvqFZCR+s/H7r31HRrBVsy6M7FPbkLi8nlUy7In/sw0AAAAAAIY+CqsRYBiGdv87oPbm6HXaBbqkP3y+Q48V7VPX3ily31uv6bdWypGUEbU9Y+G1331cF7rGKi2JYhokBTsVbHtfhsFHEwAAAAAAiG9ULyIg2OnQ2icG9tCqgXjyoXY9VrRPrdsnaWbx33XJbf+rpNRRMds/0t6v/4Huv/4iq2MgTnTt+KMMY2jMWB00T40WFS/WKs/RxyrUYFmongzFmnPUV4WloQAAAAAAiC0KqxFhqGm1P+a7/ulL4QLrgc1n66p7XtSlt/9eKRm5Mc8xWFs3/Ebe1q267fJzrI6COODz1MjhSLY6Bk7JpZJlVaquCn8tL3GpZmWNPKe+EAAAAACAIYH7rwfJbrdrx78DlmZ4+ssdkjp045IzdMXdz6h9/yat/9tX1HFwk6W5+uONJ+9Q0X2rdWZ2prY1t1odB1Yyg/IfXCcjbYpCwaDVaeKap2ax5tcVavlCt3LUoIrilcpbtlDT1i/W/C2FKmmqVGWjpKJyLc9fqfnhP2hBVakK5NGqxWXh1yXJVRJep6FCc1ZKbtWqprHX8VNkyZlaKFflFjVLypHUUFGsJbU9Sy/TIndOuNO1rFLhLV0qWbZQs3IkqUEVxUtVI/XKFz6m8iqVFnS/1y2zVV0qVRSvlIqkmto8Lai6STsOvY9eax6xV8+aR+ZSUbmqSwsi8H8CAAAAAHA6omN1kIJdhj542Wt1DEnSXxZ06rGifdq1fqxm3LFSM+58ShmjzrU6Vp+te2m+7iycYnUMxAHvzj/LYbP2HyziR6Mqy3rdcn+oWHgKtXXS3CpVLyuRq3apHtNcVVeVy61a1TdI8jRr3NyejtNyuRvrtK6n3bSxSXlze45X6tk+3OLvWV+nRle+shUugi5R+aG18ytXaJVHani2UipZ1t3hKlU+2yDJo1WLl2rLoeNNWrL4VJ2vjdqSP1fVVaXKrlmhSpVoeVWVqsvzVLmiRh41qKKsToXLqg6vWdEgeWr0RG2RFvS859qVR45ZAAAAAACgH+hYHSS7066ta2I/BuBkXljYKalT1/73aF1yW7W6Wndq48v/rYO737Y62knt3Vqn/Tvf0j3uqfpNzXqr48BCvua/K6NgoRTotDpKHOjd2anuTswtfbisUNNyJClX+XIpb2p4gTyX1CRJOQVHda26VHLo4jyNy5Gk7MPnHyNc8K08Ime4s7VhS6NUu1Rzag+f7Vrv0aIZRWpcWqY5leH3VO2WpAY1NbpUODec73Dn68nHmuTnhs9v3tIoV+HccEdtQamqF4a/R1vUqJoj8tWrofQmFboqtaS4NtytWrXwVN9FAAAAAABOiMLqINhsNnUeCKm92bQ6ynG99M0OvfTNDs362ghddOMv5O3wqOEfi7V/xxtWRzuht5//vGaWvKqpZ4/W+s17rI4DC3XtfFbGqGsZBxAtDRWas7RW7vIqVReExwj0z+GCb89Igmm95gUcuv3/CKWqrioNn19WrEpXiZYvjNZc6MO3//dWsLBKs7rHDMypldzdowYAAAAAAOgvCquDEOwytPmf8dWtejyrvt2pVd/u1NXzh+nCG38sX+de/fuVJdq7tc7qaMe1+qm7dO3sP1JYPc0F296VY9RHFUrgj6kr7onu37Gc3DypsXuuaUO9aqReXad94CrRTQWSBnJt7xzuhVqwpVjzK3JVXVqg7HyXGiufVYP7yFmpM+qLVT+jSqXuharODc9yDXfFNqpuvUez3DndIwUKld3dLVu30yMVSOvqGqW8Y/fOznepsW69PO7u+bBLpQVVM5SvSj1Rc5MWuXMOz6KdKz22QnpwoVulVcuUt7jsBN24AAAAAACcWuJWLOJAoMuuptXxMV+1L/6+vFN/X96pmV/I0NRblingO6B3X/2OPJtWWR3tCJ0tW7Xzg+d1/3VF+uUL/7I6DiziP7hWaXZDgQRtWH1n48bob1IwQ24t7b61vUju/l7buFTziyulohKVuGrV1DyIKKXlchcv1RyVq7o0XGhdUhyeBeAqWaZFBZIKylVfXKw54aMqWVaqHEmzFparqbhMcyqlcKdpeKTAtEKXKivDowPcRa7j7nuoqFscvunfXV6lAkkFy0q0qOzYNR8sXHzoXBWVq5puVQAAAADAANlM04zofeybNm1S7tixA77evyJcGnDOrYlUpKhJTkrVTz++T6EELfxc+UCqpn0iWUF/i96rX67dHzxndaQjXPXpGq3d0qq6DZHpKZs9c4pykzarZd0XI7Ieom/EFc/K64v/Z+z1fG71SITPLwCQ+PwCkLgS6fdGAED07dy1S+PHj4/ommVlZac8J/4rFnHKsBna1RBI2KKqJP3zJ536yTUHtPYPSTr3yoWaOadWuZNvtTrWIa/8r1uXnnOG1TFgocCBtbLb7VbHAAAAAAAAOAajAAbI22Zoc73P6hgR8cavu/TGr7t08ZwUTf90uSbNmK/G1T/W9oY/WB1Nm/71Kz14c7Eee2aN1VFgAd++eiVnTlOifVRFagzAeVOmRGQdAAAAAAAQeYlVrYgjdsOuras7rI4RUW9Wd+nN6i5deFeyLi0pk+uSh7XprZ9p64bfWJZp05s/0WjX9brx0kn6yxvvW5YD1kjkOauDLYrGZEYrAAAAAAAYMAqrA+RMtcnzXgJWe/pg7RNerX3Cq6m3J+vy+x/WhIsf0Oa1v9KWtyssyfP6yltUdN9q1f97m/a2dFqSAdYIdW6zOsKgPPbc2gFd9+ANF0Y4CQAAAAAAiDRmrA6AYbdr21t+q2NE3fqnvPr5DS36x4+COmvK53R1yas6+6LPWZJl48sLNWfWNEv2hrWYswoAAAAAAOIRhdUBCHoNffB3r9UxYmbjs1794qZW1XzPpzMn36uPlryqCdMfimmG3R88p7bmd3XXzPNiui+s523+h2y20+fvGwAAAAAASAwUVgciZNP+ppDVKWLu3Zd8+sXNLfrbEq/GTrhHV5e+pkmXzY/Z/m8+PUe5I9M0+YyRMdsT1gt2bOaDCgAAAAAAxB3qFQPgTDV0cPvpV1jt8UGtX7+6tVUvLOzSqDPvVNG9r2vyFV+Nyd5vPXu/brpsckz2QnwIdjTJ5ki1OoZ1Gio0p7j48FdFw6kuUEXxYq3yDHpjVfTsubhGx1+u55wKHZHKU6NFfcrae6mKY9c5CU/N4u71PVq1uFj92QoAAAAAgEigsDoAZlDytZtWx7Dcpn/6VXF7q575WrtGjLlVRfe9oXMLvxHVPVs9G+RpqlPJxy6I6j6II6EumYF22Ww2q5NYoEEVS2vlLq9SdVWVqqvK5a5dqkU1g66anpKnZqW2lCxTdVWVFuRV6tkTFi5dcrlqVd/rdc/6OjVGOV/zlp4dcjRrYZVKC6K8IQAAAAAAR3FYHSDR2AxDLdtO327V49m6OqDKO9o07gKHPvb1G1R03y3a9cHzanh5YVT22/DX+Sos/ocunTxOb7y3Iyp7DGXJU59Repbkb7xZrTtOdPwTyrz8ITkdkgJr1f7al+SVlH5xrRytRTr4Xmwzh7q2y5bkkmmeZv+g4dmpLXKpMLvnQIFKq6oOv95QoTlLaw/90V1+bIGxoaJYS7pPcZUs0yJ3TrijtKyyu/jpUsmyhZqVc+R1Obl5aly5Xh53ruprizSj9MQxCwuLVLfTIxXkSPJoXZ3kLnKp5qQ5PVq1uExNeUWqqW1SyQN5h992zWLNr1R3rgZVFC/tXqs7a3NF93taqooZy5S3skxNs6t0087Fmr8lT+7a2vD5ReWqLi1QuKu1TJWNkoqK5K5tUt5x3jMAAAAAAP1Bx2o/mQGb9m4KWB0jLu14O6DHZ7fp/+a2Kj3zYyq6b7XOK1oSlb3++dvrVDg1PyprD2njfqDUrIxTHx93leyOJnnrXlDQMVFJ48LnOJPWqivGRVVJCrT+WzbjNPy4ynHrwRKpsix8S/7RnaoNmtHdyVql5SUu1dQf2VbqqVmsJSo/1O2aX7lCqzxSw7OVUnc36vISqfJ47agFpVqQV6n5xfWaUVWqkzaE5uZLdevD4wI861WnQs3o9dfzZDlrNEPVVQs1K6vn5ArNryvU8qqFmpXj0arFS6Wejt3yPFWuqJGnoFQLiiQVlR/bqVorzajucY0lAAAgAElEQVSqUvWyErlqV2qVR/LUrFClSrS8qkrVM3S44AsAAAAAwCDQsdpP3labDmwPWh0jru35d1DVn2zTqPGGrv/m1XLfv1qezX/X+r99OWJ7hAId2vrOE3rgxv/QT/7yZsTWHdo+ocz8C6VA21F/8090/EjpuRfK3Fskb7RjHkewrVGObK8kuwW7WyvHvVDVbik8z7RMcyoPd6YWFBQc2Q1adOS1zVsapdqlmnO4WVSu9R4tmlGkxqVlmlMZ7gANr99buEtU5ctU0lSmJ2pu0oNaoflbZnd3gB4le6oKtULrPG5NW18nFc5VtuoOvXyynK787F4L1WrJUpdKlpUq3EzarKZGqWZpca9iqEvrPG6NO9E3zJWvbEnKyVW4tuvRurpGuQrnhtcsmCG3mk50NQAAAAAAfUZhtZ/MgE0Ht1FY7Yu9m0L630+3adgZhm5ecqXc969R89ZXtO7FL0Zk/fdf+55yzp6lay6aoL+99WFE1hzKkqeWyKm1at87UuljRp78+I5XFMx/SMmFeVLHCzqoHygraa06LehWlaRgZ5MM22k2BuAY4TEAN9Us1vz6BpUWZIdvb+/uxFTNYs3fcuxVh27/P0KpqqtKw7fclxWr0lWi5Qvd6jmrZ77qooIcaWG5morLNF+Su/xEfas5mlYoPba+QaqTCufmSOt7XvP0KWdYkRaUS0tW1GjaoTzHH1XAs6oAAAAAAFajsNpP9iSbDtKx2i8t20P6zWfalDZKuuW7l8h9/xrt2/661j7/4KDXfvV318l9/xq9tnGr2rv8EUg7RI37gVKzJH/jl+TNeFzppzquJ9X62pOH/pR+ca3MvUXS1Gc0MitDUpO8dZ9Re4ziBzs2y7AnS4HE+rv34A0XDm6BhgrNWdp0TGGxd5ene7ZbOfJoVV2jlHfk5dn5LjVWPqsGd6kKDnWhVmlGfbHqZ1Sp1L1Q1bkVmrPyyOsOz1d1K0cFuqnEpZpKKS9bJ5QztVBasVJ1jXm66zizS0+W8wgFpVqQV6zHaqZqkTtbea5GVT7boFmlPV2v0oKqkwx8PTaZphW6VFnX/X4a6lUjqaQfKwAAAAAAcDwUVvspJdPQwe08vGogOvZKv7+vXSnD2nXL9z8i9/1rdGDnm3rrL/85qHXfffW7uvfjZfqfP78RoaRDT/KoiTKUIcNVq55eVafrGQ3v1HGPZ6rXg626Z6t2vvdVpRRK/sYfS/kPyTn1E9L6J4+zW+SZgTaZZkCSLSb7RcI7GzcOfpGCUi0v6e4q7TlWVK7q0nDlclqhS5VLi1Ujl0pKiqS6nfIo99DlOe6FWrClWEuKw7fgu0qWaVGBpIJy1RcXa074aK9b7w/vuyCvWPOLKw/vuWynFpVVaNyJ5q3mTFWhKlVZNFvhx0UdeuEEOU9cpS24qUQqW6FVUxdq1sJyNRX3jDMId68WSPLku6TK7odXneLbmOOeq5K6svD7KSrSMZMPAAAAAAAYAJsZ4cdsb9q0Sbljxw74ev+K8K+8zrnx+XgRhy1VP7t+n9UxhgRHknTbD9M1piBZB3ev07/+8nmFQr4BrXXJ7SvV7Bupp/554huEZ8+cotykzWpZF5lRBAlr8uMaOWak/I29iqcnOZ5+ca0crUU6+N5XNbzwKoUaK6X8h2Rv+7EOxKiwKkkZ531HSr9AoVD8/cNGz+dWj3j9/IKO6Ho96QO5gNMEn18AElW8/94IAIitnbt2afz48RFds6ys7JTn0LHaDzabTa27E+tW5HgW8En/N7ddUrtuf/QcXX3vq2rZ847WvvCQAr7Wfq21+qnZKrrvDeXlDFeT52B0Ap+ODnWrStJ31HXgKqW7HpLUJG8Mi6qSZNiTFLIlTscq4oenZrHmVzYe+rO7vIqiKgAAAABg0Cis9oNhGNrfFH/dckPBU/PCBdbblk/UzOJate19T2tfnCdfh+eU1/Z4+8Uv6hMff1Q/eKo+ekGHgvc+o33HewjV8Y7v+JIO9Ope9a6/Wd5oZjuJkG+/bKkWbY6EluNeqGru/wcAAAAA9ENfOlaNGOQYMkIBQ/u2BKyOMaT9aX67Hivap30f5umqTz2vyz7xhFIyz+rTtfu2vap929dozqxpUU4JK4R8zbLRsQoAAAAAAOIEhdV+CPpN7W9iFEAsPPOVDj1WtE97Np6hK+76o2bc+X9KHzHxlNete+EBjUx3aNqEMTFIiVgKeZslW0RHQgMAAAAAAAwYhdV+sMmQr53CTiw9941wgXXH2jG69Pbf6fLZf1LmqJNPR3zjyTv0sY9MiFFCxEoo0CKbScc4AAAAAACIDxRW+8EMmjJpWLXEi4s6tcK9X1vfyNb0W6t0xd3PaPiYC497blfbTu149xl99vqLYpwS0WT6D0riLyAAAAAAAIgPFFb7xZDJs6ss9ddHOrRi1n59WDdCF930C135yec0Ytxlx5z377rFSjG8mjk134KUiAbT38KMVQAAAAAAEDcorPZTKMQogHhQ+90OrXDv1/urhunC6/5HV33qRWXnzTzinFf+161LJo+TwU/5kBAKtMgmCqsAAAAAACA+UHLqhxCjAOLOyz/o0IpZB9TwfLrOd39fV33qJY0e/7FDr3+45qeae9MlFiZEpJj+A6KuCgAAAAAA4gWF1X4wJYUYBRCXXvlxh37ysQPa8OdUFcz8lq769CqNmXijNq/9pQKdu3XzjMlWR8QgmWZANiPZ6hgAAAAAAACSKKz2i002ZqzGudd+3qmfXntQb6906twr/58K59Sq6e1KTRo3Uk6H3ep4GASbDJn8BQQAAAAAAHGCwmo/mKYpM8iM1UTwRkWXfnrtQb1ZbdekS78qM+jT2BEZVsfCYNgojAMAAAAAgPjhsDpAIjEMOlZjzXBIaSMNpY20KXWETalZhlIybUoZZig506bkDJucaTYlp9uUnGHIkSLZk21yJNlkOEwZdptsdsmwhX/U7RmMBEhYNkMy+YcNAAAAAAAQHyis9odhMmO1D1KzwsXQ1JGG0rJsShluKGWYTcmZhpIzbEpKD38lZxhypkiOFJvsSeEiqt1pyDAk2SRbrwcVhUKmTNNUMBRS0AwqEAzIF/SpK9CpjmCH9vtb1eHrUEdHh9oOtKnV16pWb6sOeg/qoPegDnQd0M9u+pls9lTLvi8YLEPhSccAAAAAAADWo7DaD/Yh2rGalCGljzKUOqJXIXS4TSmZhpIybErOkJLSbErOsMuRasqZYsieJNmdkt1pk82wyWYcWQg1zXAhNBQyFQwF5Qv65Q91yRf0qjPQqX2BVrX72sNfbe2HCqEt3pZwIbTzgPZ37Vebvy0i7/HzF39eMk35TSlt4hfV8cEPI7IuYshmHPEzBgAAAAAAYCUKq/1kBq1OIDlSpLRRhtJGGErN6r49fpgO3R7f0xGalGZTcnr49nhHsiHDacrutIU7Qo3waIMephkuhobMULgrtLsj1NtdCG0JtKvN36oOf4fa9repzRfuCj26EHrQe9C6b8xJXDPhGoVCIW1rlc4ecyOF1QRks9mZBAAAAAAAAOIGhdV+sNklM9T/ys5x54QO6zUnNL13MdSQM7X3nFDJsIfHSxqGTeqphZpSyAx1d4SGFAwF5Q/6w7fHB7vUGehQc6BVbb42tbe0q83fXQjtagkXQ7sO6oA3XAwNhAKR/UbFmWvGXyMjZMpw2LXpgF95wxxKGnO9fLuftzoa+sPGKAAAAAAAABA/KKz2g+Gw6eJPp8pmk5zp4YKoM9WQM8WUIzVcCLU7bbI5JLvddsI5oaFQSIFQeE6oP+RXV6BLnYFOHQi0qtXXcmhOaJuv7Zg5ofu79qsr0GXdNyEB3TP1Hu196W8ac+ONavGGtKUlpLz8+ymsJpyeh1cxDwAAAAAAAFiPwmo/BOxejb3Sr05fp7qCXdrnb1NboEXt/na1743+nFD0X25GrkaljVTDqlUac8MNkqR1uwOacM5IGSlnKNS13eKE6DtTwUC7pAyrgwAAAAAAAFBY7Q9vsEs/Wv0jrdm5xuoo6KN5l81TyzvvKDUvT6FeYxz2dpoads7X1Pr2wxamQ38YyTky7KnS0J5cAQAAAAAAEoRhdYBEYtgM5aTnWB0D/TAlZ4o2f3+ZUs48U4Fg6NDxNTt8cg4738Jk6C8jaZRMkzEAAAAAAAAgPlBY7QebbBqdPtrqGOijudPnqnOvRz6PR8ljxsgbPPxaZ0Dq9IeUNvFL1gVEvxhJoySb0+oYAAAAAAAAkiis9kuSzakxGWOsjoE+co93a+fj1ZIk56hR6jKP/HHf2BxU8pgbrIiGATBScmXy4CoAAAAAABAnKKz2g002jUmnsJoIrplwjYygqX01NZKkpOxsdfqPPGdrS0gh2ZU05noLEqK/7CljZZrmqU8EAAAAAACIAQqr/RAyTeWkMWM1EXx66qe198WXDv3Znp6uNv+xRbktB0NKPfuzsYyGAbIlZVNYBQAAAAAAcYPCan+YprJSsqxOgVPIzcjVyJQR2vqznx06ZiQnq80XOubcdXsCsieNkJFyRiwjYgAMZxaFVQAAAAAAEDcorPZTi7eFrtU498UZX1TLOxuOPGi3q8V7/PP3dppKP6c8+sEwKDbHMAqrAAAAAAAgblBY7SdvwEthNc4VZBdo0/e+f+jPRkqKbDbbcTtWJWnNDp+cw86LVTwMhM0pm+GwOgUAAAAAAMAhFFb7KWSGlJNOYTVezZ0+V51798i/d++hY+ku10k7HTsDUlfAVOrEL8UiIgbASB6tkL/F6hgAAAAAAACHUFjtJ4fNQcdqHJs1fpZ2/vrxI46l5OUpFDx+t2qPd/YElDLmhmhGwyA4MibLtNGxCgAAAAAA4geF1X5KsadoTMYYq2PgOD4+4eOyBYPa9/LLRxxPGTdOwdDJZ3NubQ0pJLuSx9wYzYgYIEfmOTKVbHUMAAAAAACAQyis9pPT5tAZmTxBPh59auontfeFl445njxmjLqCp75+88GQUs6+LwrJMFiOYecpdIriOAAAAAAAQCxRWO0n0zQ1Jp2O1XhzRuYZykoZoa0///kxrzmzs9UZsp9yjfV7ArInjZCRelY0ImIQ7GnjFQqdfJwDAAAAAABALFFY7SfTNJXiSLE6Bo4y77J5an1nw3Ffc44YoU5/37odmztNpU/+WiSjYZBszuGSwXxVAAAAAAAQXyisDoBhszEOIM6cm32uPvzu9477mj09XW19LKyu2eGTc9iUSEbDINnTJ8oMdFkdAwAAAAAA4AgUVgcgEAzqgjEXWB0D3R685EF1NO9RYN++475uJCerzdu328i7AlJnwFTaxPmRjIhBcKS7FFKS1TEAAAAAAACOQGF1AFLsKZo+brrVMdCtKL9IuyoeP+HrNsPQgT4WViVpw56AksdeH4loiADH8PNl6tQzcgEAAAAAAGKJwuoAmMGQpo2ZZnUMSLrOdZ2MYEj7Xn75uK87hg+XbDZ1Bfq+5vbWkEKmXcljbopQSgyGYR/Gg6sAAAAAAEDcobA6QK3eVk0cOdHqGKe9T079pPY+/8IJX08fP17mAIpymw+GlHL2fYOJhgiwObNkzzxHptm3GbkAAAAAAACxQmF1gPxBvy4cc6HVMU5rZw07S1nJWdr6y1+e8JyUvDwFQ/0vyq3fE5A9KUtG6lmDiYhBcmZNVyjotToGAAAAAADAMSisDtAwR6YuHEth1UrzLpun1g3rT3pO8rhxCgzwLvLmTlPp53xtYBcjIpKyr1RIqVbHAAAAAAAAOAaF1QEyZDBn1WKTR03Wh9/93knPSR49Wr7gwNZfs8MnZ+aUgV2MiHCOuETB4AD/BwIAAAAAAEQRhdVB2NG6g+KqRR6+9GF1NnsU2L//pOcl5eSoIzSwH/OugNQZMJU2qWxA12Nw7GkTBjQfFwAAAAAAIBYorA6CYdqYs2qRq/M/qh2/+vUpz7MPG64O/8AffLRhT0DJY64f8PUYOOeI6TJNPqIAAAAAAEB8omoxCCOSR+ricRdbHeO0c73reikQ0v66ulOea09PU7tv4F2P21tDCpmGksfePOA1MDBJ2R9V0HRYHQMAAAAAAOC4KKwOghkK6YzMM5Tq4OE6sXT3+Xdr7/Mv9Olcw+lUi2/gHauStPlgSCn59w5qDfSfY9gUhRgFAAAAAAAA4hSF1UFq9bbqgjEXWB3jtJE/PF9ZKVna9stf9ul8m92ug12DK86t3xOQPSlLRmr+oNZB3zmGX6iAd6/VMQAAAAAAAE6IwuogZTgydMkZl1gd47Txhcu+oJZ1b/fp3KScHMk05YvAQ+WbO02ln/PVwS+EPknJvVGmLcPqGAAAAAAAACdEYXWwQqbOyznP6hSnjUkjJ2nTd77bp3NTzz5b5uCmAByyeptPzsyCyCyGU0rKcSsYZAwAAAAAAACIXxRWB8k0TQ1LGqaJIyZaHWXIe/jSh9XZvEeBlpY+nZ961lkKRmhGpzckdfpNpU36ckTWw4kl5bgV9LVaHQMAAAAAAOCkKKxGgFMO3V5wu9Uxhryr86/Wjl/+us/nJ48bJ38wQi2rkjZ4Akoe8/GIrYfjSxl3m4JmitUxAAAAAAAATorCagSYIVOXnXGZUh2pVkfpdrMeuf1pPX3DvMOHLluhp+9+uvtrheb1Pu/up/X07Y/o5u5T593wtFZcFvvUJ3PDxBtkCwa1/5VX+nxNck6OuoK2iGXY3hpS0DSUnHtLxNbEkWzO4bJnTFYoQp3GAAAAAAAA0UJhNUJaulp046QbrY6hcLH0s5qa1PvYPK0Yf6bUskq3/P4XWu87U7NumCdNnqHxSdu06vertC1pvGZMljT5EV2Wsl7Pv25R/BO467y71PyX5/t1jTM7W52hyBVWJWnzgaBS8u+N6Jo4LGXM9QoFAlbHAAAAAAAAOCUKqxGSbqTptnNvszhFT1G1TW2+ga0wb+JUHdj+dT0T2WCDcvbws5WVkqVtv/pVv65zZmWpwx/ZLBs8Qdmdw2WknR3ZhSFJSs69VYGQ3eoYAAAAAAAAp0RhNYLavG26/MzLLU6xTat+/zttOuLYo5r7+1XaNmyWnr77s5ratUq3PPeo9F69NvnO1Ky7Z+nMltf1dcVnt+rDlz6slnVr+32dkZqqNl/kbyn3dJhKn/zViK97urOnT5TsaTLNyM3FBQAAAAAAiBaH1QGGkjR7mm455xa9tu01ixI8o68/9Yykm/XIEcfnacXds5S15xe6pUZ65PbP6ukbpFuee7T7/O6zbnhaB7bfIrl/q6dHZyhcpJ2rR2P7Jo4xadQk/euhT/b7OpvDoVZvMOJ5Vm/36YZJ50Z83dNdUnaRgqbT6hgAAAAAAAB9QsdqBKUYyRqTPkb5w/OtjnKkyaOVJelA+zOSntGeLknDztG8I87p6Vadp+tHS+vfCs9ivcx983GXjJV5l81Th2e3gq2t/b7WZhg66I18x6ovJHX4TaVN+nLE1z6dpeZ9SsHI18EBAAAAAACigsJqpAVN3TT5JqtTHOm9PTogKSv9Zkk3a3SKJN9+fdjrlHicrSpJM/Nmascv+jdbVZJSzjhDpmkqEKWHy7/jCSh59LXRWfw0lHrWPQp626yOAQAAAAAA0GcUViMsw5Gha8ZfI4cRT1MWHtXcTduUMfqz4RmrSdu06qleRdTJvWerPqrn90hTLwqf93qNdaXWGyfdKFsgqAOvvtrva9PGj4/qrM7trSGFZFdy7q1R2+N0kpI3R34eWgUAAAAAABJIPFX/hoz9nft146Qb9ed3/2xRgmeOmJ0qSXp9rm450UOp3vu6PvVer6trPhUXnat3nTdbnmf/MqBrU848U6FgdB+CtOlAUOPzS+XdadX/56EhOfc2BQN+SRRWAQAAAABA4qBjNQoy7Rn6j3P/w+oYCW1C1gQNTx6u7RUVA7o+eexY+ULRLaxu8ARlOIfLSBsf1X2GurT8EgVD/BsPAAAAAABILBRWo8A0TSlkavq46VZHSVgPXfqQWt5+e8DXJ40erc6ALYKJjq+5w1T65K9EfZ+hKilnlkzZozq2AQAAAAAAIBoorEZJhiNDdxbcaXWMhDVx5EQ1fvs7A77eOXKkukLRL6yu3u6TM/PcqO8zVKWN/6z8QbpVAQAAAABA4qGwGiWhUEg5aTnKH55vdZSEM++yeerYs0uhtoE/Jd4xbJja/dHvgvSFpA6/qbRJdK32l3PEZTKNDLpVAQAAAABAQqKwGkWZ9gx97aqvWR0j4Xw0b6Z2/OJXg1rDSElRmy82BbsNewJKHv2xmOw1lCSPu0MBZqsCAAAAAIAERWE1ikzTVKqRomtd11odJWHcPPlmmYGADrz22qDWMZxOtXpjU1jd0RZSSHYl5/LAsr5KyimSPbNAZihkdRQAAAAAAIABobAaZWlGmh665CGrYySM2VNmq/mZvwx+IZtN+7tiV7TbdCColPzPxGy/RJc+6cvyB/j4AQAAAAAAiYvKRgzsb9unhy6luHoqE0ZM0LDkTG2vrBzUOmlnnx2hRH23wROU4RwuI21CzPdONKn59ykYtDoFAAAAAADA4FBYjYFUe6o+MuYjco1wWR0lrj10yUM6uHbtoNdJOftshSyo3DV3hJR+Dg+xOhmbPV0pZ96lAIVVAAAAAACQ4CisxojdNPTwpQ9bHSOuTRw5UR8u/fag10k980wFLRjduXq7X86Mc2K/cQJJP2eBAoHYzL4FAAAAAACIJgqrMZJmT5PdZudBVifwpRlfUseeXQp1dAx6reQxY+QLxr545wtJHX5T6ZO/GvO9E4E9s0CO4RcqyBwAAAAAAAAwBFBYjaExyaN5kNUJFOYVavvPfhGRtZzZ2eoKWfOjvX5PQEk511iyd7zLPPcbPLAKAAAAAAAMGVQ5YmxvWzMjAY5yy+RbZPr8Ovj66xFZLyk7Wx2BiCzVbzvbQgrJruRxt1sTIE4ljb5Opn24TJMxAAAAAAAAYGigsBpj6fZ0XZI7XRNG8PT4HndOuVOeZ56N2HpGRoba/dYV8D48EFRqXrFl+8cfQxnnfIVuVQAAAAAAMKRQ6bBAsi1FZZeXWR0jLkwaMUmZSZna8fjjEVvTnpKiVp91hdV3PEHZHMNkpE+0LEM8GXbB/8jn9VkdAwAAAAAAIKIorFrAZkqZjgxdP/F6q6NY7sFL56rlX29FdE3D6VRLl7W3nHs6TWVM/rKlGeJByhl3SCn5CoVCVkcBAAAAAACIKAqrFkmxpeiT53/S6hiWmzDCpQ+Xfjti6xkOhySp1WdtIe+N7X45MiZbmsFqtqRRSjv7swoE+ZgBAAAAAABDDxUPC6XaUvTodY9aHcMy82fMV8funQp1dUVszVSXKy4ekBQISe3+kNInf83qKJYZfsGP5bW4wA0AAAAAABAtFFYtZIZMZSdn6z8v/k+ro1jiqryrtP3nv4zomqn5+TJD1hdWJWnD7qCSRl9jdQxLpI3/vEL24XFR5AYAAAAAAIgGCqsWc8qhS8ddqsK8QqujxNSt59wq0+fTwddfj+i6KePGyR+Mjy7Jne0hhUxDyeM+YXWUmLKnT1RS7i0KBKxOAgAAAAAAED0UVuNAppGhz138OY3LHGd1lJi5c8od8vz5mYivmzx2rHzBiC87YI37g0rNK7Y6RkxlFCyWz2+zOgYAAAAAAEBUUViNE/aAcdrMW508arIynJnaUV0d8bWdo0apKxQ/P9Ybm4OyOTJlpJ8eD7IaNu2HCtpHSowAAAAAAAAAQ1z8VKBOcw7DoYNtB/TtWd+2OkrUzZ0+Vy1vvRWVtZ0jR6ojzm5B93SYyphcZnWMqEtzfUFKnaRQkKIqAAAAAAAY+iisxpFhScOU4UjX/Rfdb3WUqJowYoIalyyJytqOzEy1++OrsPfGDr8cGUO7YzV57PVKyvmYAkFGAAAAAAAAgNMDhdU4MzpltKaPna6ZeTOtjhIVZZeXqWP3Tpk+X1TWN5KS1eaLj4dX9QiEpHZfSOmTy62OEhX29IlKHf+QfAG71VEAAAAAAABihsJqHBrpHKHPXfw5nZF5htVRIu6qs67U9p/8LHob2A0d9MZXx6okrd8TVNLoWVbHiAJDwy/6OQ+rAgAAAAAApx0Kq3HKGXLoR9f9yOoYEXXbubcp6PPp4Jo1UVnfSEuTzWZTuy/+Cqu72kMKmoaSx91hdZSIyprxpLxdXqtjAAAAAAAAxByF1Thlk01+n08//PgPrY4SMXcU3KHmPz8TtfXTx4+XGYq/omqPD/cHlZo3x+oYEZM57UcKmKkyzfj9ngMAAAAAAEQLhdU4ZsjQ6JQcLbhqgdVRBu3cUecqw5mhHdXVUdsjJT9foVB8zVftbWNzUDZHpowh8CCrjMlflVJdCgXj9/sNAAAAAAAQTRRW45xDDk0c5tJ9F91ndZRBeWD6Azr41ptR3SN13DgF4rhjVZL2dJjKmPRfVscYlIxz/1vGiI8qGGSuKgAAAAAAOH1RWE0AGc4MffTMmZo7fa7VUQZs/IjxavzWI1HdI2nMGHmDUd1i0Fbv8MuRMcnqGAOWfs7XZRt2mQJx/n0GAAAAAACINgqrCSLFlqJLxl6issvLrI7Sb/91+X+pffcOKRCI6j7O7Gx1huxR3WOwAiGp3RdS+jmJN94hfXK5jOGXKxjiYwMAAAAAAIAKSQJJt6dpysgCfaPwG1ZH6Zcrz7pS21f8LOr7OEeMUIc/vkcBSNL6PUEl5bitjtEvaZO+InvWFRRVAQAAAAAAulElSTCZjkzlD8vXt4q+ZXWUPrn93NsV9Hap5c3ozleVJHt6utoToLC6qz2koGkoedwdVkfpk/RJX5E96yoF4rwbGAAAAAAAIJYorCag4Y5hynJmafm1y62OckqfKPiEmv/0dEz2MpKT1epNjKfUf7g/qNT8YqtjnFLGlEdkjChU0HRYHQUAAAAAACCuUFhNUKNTc5RiS9bPb/q51VFOqCC7QOnONO34zW9isp/NZuhgghRWNzYHZbNnyJ5xrtVRTjotiEQAAAcnSURBVCjz/O/LTJmsIJ2qAAAAAAAAx6CwmsCyU7LlNJ36ze2xKVz21wPTP6+DMRgBIEmOrCzJJnVF9/lYEbWnw1T6pPh8GNnwS34npU2RaaRbHQUAAAAAACAuUVhNcOmONMlv6sk7n5Rhi6//nWdnjVfjI0tislf6hAkKhRKjW7XH69v8cmRMtDrGEYzk0Rp51d8UUJaCifXtBAAAAAAAiKn4qsRhQJyGU36vT0/NfkppzjSr40iSvnz5l9W+Y5sUiE0LacpZZykUiv8HV/UWktThN5V+ztetjiJJcmRdoqzpVerq8sk0E+t7CQAAAAAAEGsUVocIw2bI1+XVz278qS7OvdjqOLrirCu07aexm/+aMm6cAsHEKwa+vduvpJwiq2Mo5YzZyjjnv9WVIDNqAQAAAAAArEZhdYhJNpP1xUvn6QuXfsGyDJ8o+ISC3i61vvVWzPZMGj1a3pAtZvtFyu52U0HTUPK4Oy3LkD6pTElnflq+oMOyDAAAAAAAAImGwuoQlKxkXTr2ElXdVqX84fkx3//2gtvl+eOfY7pnUna2OkOJ+ePcuD+olLxPx3xfmzNLWZf8RsZItwIUVQEAAAAAAPolMStROKUkW5KSzSR9s+ibumPKHTHb97yc85ThTNfO3/42ZntKkn34cHX4E28UgCQ1NAdlODJlzyyI2Z7JuTcr69In5NdIBYOJ1+kLAAAAAABgNQqrQ5hNNqWYyZqVP0vLrl2mdGd61Pf8/MWf14HVq6O+z9EcaWlq8yXufNA9HabSJ82PyV6Z539XKXmfk9cb5CFVAAAAAAAAA0Rh9TQwKmmksp2jVHFrha7Ovzqqe+Vn5avxW49EdY/jsSUlqdWbuEXC17f55UifGNU9HMOmauRVL0lpU+UP2qO6FwAAAAAAwFBHYfU0kepIlfym7jn/Hn298P+3dz+hTd5xHMc/z5MnyZM0TdvZZZY0S3VrrXQdrM6i9Q/sD7iC7CDiGAyEHtZhd1EogoqXDT0Ig+Fhcyd7knmQHQSFseF1bmB7KNtll7U6omNqbeVJnjzPbwc3hpNpq0nTpO/XMfn9vr/vc8jlwy/f52hVzhgfGtfC9RkpXP6bo5Zt665XvzdWQ0kLvlFT77Gq1E+u/1ipvpPyvLKCsH4DaAAAAAAAgJWCYHWVaXHS2tjWqwv7Lqg/01/R2kO5Ic1+caaiNRcjlslIxqiOJwFIkqYKvmLtlb1RHGl6Wc2vfq7I88Mq+fzcAQAAAAAAKoWkZRWKWTGVi77Gt45rbPNYRWru3bhXgefp3uRkReotRXLdOjXCqNCbC0aBsRXP7qtANUup3mNq7v9MYbyHF1QBAAAAAABUGMHqKuYqrh3Z7Tr19ilty217plp7Nu7RrQvfVKizpXE7OxXUYPxANfx6O5Cb++CZarjZvWrb/p2sliGVyg4vqAIAAAAAAKgCgtVVzja2ulJ5jQ6M6szuMxrMDi65Rn+mX01OUr+fO1eFDp8s3tGhUtAY4eHPfwSynZQizX1L3uukX1Hr4NeKde5X0fMUBFVoEAAAAAAAAJIIViHJGCNXcbU5rfpoYFSnh09roGNg0ftHN32o2z9erWKHjxfPZFRsoL+6F+4bNXUfXPyGSELNfSeV6jsp36RVDiLVaw4AAAAAAACSJKfWDWAFMVLKTikZb9KB1w9orjiniakJTRWmHrvtxZa8fvqkMrNan0a0vV3zYeMEq1dnfb274aUnL7RdJbtG5K7dLT+wVfJDSY1xcxcAAAAAAGClI1jFI2xjKW03K+kmNLZ5THe8O5qYmtD0relH1h7edljzs7/VoMt/Oem07vs1baGiQkkLvlFT7zEt/PLpI99b0VYl8iOKv/COgrIvr/TPLgAAAAAAACwXRgHgfzmWo9ZIizqTWR3cclAn3jyhnjU9D63Z2rlF17/8qkYdPhBJJjVfaqxgcargK9b+xkOf2fG1Sm04qtbBc3LWvKVisaxyA41AAAAAAAAAqCfcWMUTOZajtNWsZCqhI9uPaGZuRmcnz2pTxyaVPU/3Jidr2p/lOLpbbKw3Nd1cMApCKZ59T+XbPyiRH1G09TWVQ1vFopFEoAoAAAAAAFBLBKtYNMdy5MhRd0u3ju88rkQ0oTvffl/rtmTZtu4WG2gWwN9uzBt15vdLufcVhFEVfcJUAAAAAACAlYJgFUtmG0sJubJ9o7YtW7Vmx07dvHRJty5fVqlQWNZe3FxOxhiFDTIJoD1hKdcSUS4dkecH8n1bxsRq3RYAAAAAAAD+g2AVTy2UJNdVIOm5XbuUGR6WNzurwsWL+vPKlWXpIZnPy4RmWc6qlnTcUi5tK5eOqBwa2SZQySvJllTfTwYAAAAAANC4CFZRESYalS8p2tWl7MiI1h86pBvnz2t+elpz165V7Vw3l1NQh8Gq60i59IObqY4tlcqBVC7KMfX3LAAAAAAAAKvRXwLAymDBoLxMAAAAAElFTkSuQmCC" height="600" width="800" />
<img src="data:image/png;base64,iVBORw0KGgoAAAANSUhEUgAABVYAAAJcCAYAAAASBf/6AAAAAXNSR0IArs4c6QAAIABJREFUeJzs3XecVdW5//HP2nufMmd6Y2aYQhk6SLWgCAj2qNGosYtiyc01NzFXkptoEsvNVdMsib/cxJgbDGrsYsFEjIIKKoo0EQakCEOdOdPLabus3x/nzMDAwECilPi8fRGZ2WuvvfaZ7R/5zrOfpbTWGiGEEEIIIYQQQgghhBAAzJgxo8cxxiFYhxBCCCGEEEIIIYQQQvxLkWBVCCGEEEIIIYQQQgghDpIEq0IIIYQQQgghhBBCCHGQJFgVQgghhBBCCCGEEEKIgyTBqhBCCCGEEEIIIYQQQhwkCVaFEEIIIYQQQgghhBDiIEmwKoQQQgghhBBCCCGEEAdJglUhhBBCCCGEEEIIIYQ4SBKsCiGEEEIIIYQQQgghxEGSYFUIIYQQQgghhBBCCCEOkgSrQgghhBBCCCGEEEIIcZAkWBVCCCGEEEIIIYQQQoiDJMGqEEIIIYQQQgghhBBCHCTrcC/g89IYa6K6dRubmjeztW0729t30BBrJObG8LQHOjVQgac1E0qO5xsjp2MoyZaFEEIIIYQQQgghhBAH56gOVhNugpV1VSzY9i4r61bTGG/EJRmiKhRKKQCUAqVVMltVYHs243qNkVBVCCGEEEIIIYQQQgjxDzlqg9WqhnU8teZZltevBA0GCmUYWJhAsirV9VxyAzl4aNrtNpRSOJ7D6IKRjCkaeZjvQAghhBBCCCGEEEIIcbQ6KoPVtQ3r+cl7/4PtJTANC6U0OlWl6mkPx3PID+ZzSunJJLwE7+5YlKxW1RoPuGrIpVjGUXnrQgghhBBCCCGEEEKII8BRly62xFv4+Uf343gJLMNEJxNVtNLYnkOWL4NLBl7IkLxBLNz+PnM3v4GHxlCKhJtgSulkBuVWHu7bEEIIIYQQQgghhBBCHMWOumD1lY2vsSNSS8gMdn7P9hwsZXFh//P4auVXaIw18uCy31HdugXLsFKVrBqf6WfasEs7e68KIYQQQgghhBBCCCHEP+KoClabYs28uul1AoYfDWitcbXL+OLjuXzwxVRklfHaZ2/wyKpHAfAZFhpQSpFw4kwbcgUFoYLDeg9CCCGEEEIIIYQQQoij31EVrK5v2khzooWg4cfWDnmBXG4Yfg0TSk8g7sb57bI/8MbW+ZjKwsBAo1EKHM+hT1YF51aedbhvQQghhBBCCCGEEEII8S/gqApWP21ch9YejnY5pXQiVw+9jMJQPnXRBn7x0a9Z07gGS/lQil29V7VGo/n2qG8S8qUd7lsQQgghhBBCCCGEEEL8CzhqglVPe3xcvxpTmXxr5Dc4rc9kDGVQ017Lzz96kHVNG/CbPrQGdPIcBUScGDcdcwND8gcezuULIYQQQgghhBBCCCH+hRw1wWrUieI3fNw5/jbGFY0CIByp585FP2Nb23b8hg9I9lPtSFejTpwLK7/KVyrPOIwrF0IIIYQQQgghhBBC/Ks5aoJVQxl8e/S/UZjafMp2bX697HdsaduW3MxKadC6c0MrQxlcNvAirhj6dUxlHubVCyGEEEIIIYQQQggh/pUcNcFqmpVGmpXskaq15i9rnmNx7RICVhoxHJRW+E0/peklHN9rDCeWHM/AnL6HedVCCCGEEEIIIYQQQoh/RUdNsLq7jc3VzK/5kBPLJtE3rYC+6SX0Si+iML2IglABShmHe4lCCCGEEEIIIYQQQoh/YUdlsFqeUcwfJ/8M5Tp47XVY0WZ0wka7teA66GAOyh863MsUQgghhBBCCCGEEEL8izpyglXtoeNtYEchkIHypcE+Kk99zVvxVr2Kt3YeTuNWYlonN60yTLTpx8wrwygbjVU5EbPkGFQg8xDfjBBCCCGEEEIIIYQQ4l+Z0lrrw7kA3R7G3rAAd8MC3LqNkIhCMAsztxyzZChm3xMxCweBFdh1TqwZr3kburUWr7Ead9sK3J1VeK1h6AhZAVAYhQPwj74Aa9g5KH/64blJIYQQQgghhBBCCCHEUWPGjBk9jjl8warnkPjkZRLvP4rXtA0MI9kbVRloz0PhoTUow8TsPQLfmK9hDTwVZQW7nU631+OG1+Gsewt7zesQbQXDQANKa8zewwlM/HfMiuMP7X0KIYQQQgghhBBCCCGOKkdssKrjLcTfehB7+UtgmMk/AJ4H2t01ThkoQGuNAsw+4whMugmzZOR+5/eatpJY+RL2h0+gXRtlWmjXAaUITr0Z/5hLwThyuiAIIYQQQgghhBBCCCGOHEdksKrtCNEXv4ez8QOU5QdUMkzVYJQOxywfh5Geh3YddPM2vPB63JpPky0CtAemj+CFv8LX/+Qer+WG1xKbezfe9tVg+kBrtGsTOOEqApO/A8r84m9YCCGEEEIIIYQQQghxVDnyglXtEf37vdhLn0f5Uj1TPQcjPZ/AqbdgVk7a+1V/18Zr3oqzbj6J5bPRjdvAtEj7+q+x+p7Y8yVjzcT+/jOcqjfAtNAAToLgmT/AP/qSz/0WhRBCCCGEEEIIIYQQR7cDCVaNQ7COTvYnL+EseW63UNVFpecnQ9LBZ3TfP9X0YeT1w3/CdaRf9Sf8J1yN9lyiL/0QHW3q8ZoqmE3wrNuxhkwFx0YByvQRn/sz3PqNn+8NCiGEEEIIIYQQQgghvhQOWbDqtewgNv83YPmT39CA9kg7/2cYhYMPaA6VXkhgyn8SuuhX6EgjiY9fPLDzfGkEz/gRqmgguC4oA5QiPu9+8JyDvpd4PE4kGsXzvP2O01oTi8Voj0SIx+MHfZ2eJBIJ2iMRYrF/fm7btolEIkQiURKJBI7j7PP+DrTI2XFdotEokUiERCLxT6/xcPC0R00kTNSJ/cNzJFyb2kgd3mHaJ04IIYQQQgghhBBCfP4O2Q5O9tKnINoMVqpa1YnhO+k6zNLRBz2XNWAKoUseIvbWQ/jHXorypfV4jgpmETzjNqKPTwc8MP04G9/D2bkKq/eoLmNrampZ9MEH5Obm4HoeEydMwLIsWlpaeH72bObOnUtLaxsPPfgglZX997rWtu3bWbBgIW+//Q6fbdpELBYlPy+PEcccw6RJEzn5pJMIBAL7XW9jUxPvv7+IjIwMmpqaOHnCSeTl5aG1ZvmKj3nttddY+cknNDU1EQqlUdm/ksmTJzPllMmkpfX8eQC0RyIsXbac+fPmsWz5ctrb20EpTMMgNzeHwsJepIdCBINBQqEQza0t1NWG+fa3v82woUO6ndO2HZavWM5bb7/NokUf0NDQgNaazMxMhg0dyqmnnspxxx1Lbk5Ot+d/2riBD3d+RIaVTn2skTG9RjG2aP+blQF8uHMpGxo3EjAD1MUbOLvPqZRnlbFk5zKWhVfiaodcfw5RN0a7HaEl0YaLQ8gKURTqxeDcgQzLH0zaHlXTbYk2vj3/+xxXNJYZ4/4DQx3c7yI0mv/75DEWbHuPBybfQ1F6r4M6XwghhBBCCCGEEEIcmQ5JsKrb60isnJPcQApAawik4x/zj/c4tSonkxbKS851oOcUD8XsMw5381IwLZRS2B+/vFew+snqVXzve99DA+PHn8CUyZPZsXMn37zpW6z6ZCWmYaIMA/8e4WhbWxuP/vkx/t9v/x8+n48RI0ZQUVFOIh5n6dKlLFmyhKeeeopJkyZx15130rukeJ9rjUaj3PajHxGJRDBNk1defolgMMjPfvELnnzySRQKy2ehPU08kWDFihW88MILnDB+PD+79x7KSkv3+1msWl3FHXfcwUcffUTffv244frrGTt2DKZh8vHKlcycOZP33nuPzMwsvv71r+M4LnXhOpqam4nHu6/eXPvpp9z/4IO8+cYbmKbF5Zdfzvjx48kIhVi/cQOzZ8/myaeeYsjQIdx5++2cdOLePXLjdown1j6Lz7DQWtM/p89+76NDbXuYWWuexJd6xk4sPo5yYHn4E57f8BJpZhoeHlcOuoTyzHISXpwNTZ8xb+s7xN0YlvLRN7OCGeO+TXnWrs+uNlJH3Ivzzrb3OL//2QzKG3hA6+mwrWU7czb9DUuZxJ2js2pXCCGEEEIIIYQQQuztkASrTk0Vur0B5UtVA7o21vCzMTL/ueo9s+SYgzvBsLAGTcXd/FHn1+7Gd9GxZlQwu3NYeigdn8+HbdsMGDCASCTKf3zrP1ixbBm5+Xk4CZt4Ik56KNR5TiQa5Rvf/HeWLFnCz+69l4knn0xObg6WaeK4LjU1tTzw4IO8/PLLzJ8/j5bmZh6b9Wf8fn+3S00PpVNYWEh1dTVZWVn4fX6+e8v3+HTtGu695x5GjBhBXm4e9Q31zJ//Fr/93/9Fa49F77/Pt79zM08+8TjBYDc9a4HVVWu49LJLaW1p5dJLL+WO239Cenp65/HBgwdx5hmn818/uJW/v/l32tva+cFd3yMQCOyzPcCSpcu49rrraGttYfDgITz0m98wcEBl5/GTT57AFZddxrPPPc+Pf/xjrrl2Og///ndMnTKlyzyu0gQMP6ZhoLXGVL79/0xT/JYfv+nHVCYKhd9Mfq6WYeE3/Gg8snwZnFd5FsHdqlLPrzyHXy75DZtbq9nY+hl3L/4VD0y6h7RUFXRjvDnZ+kDB7PWv8v3jvnPAVaue9nhszdMoFBpoSbQe0HlCCCGEEEIIIYQQ4sh3SHqsupsXo3YLozQaq/8EQB2Ky3dh5PdDd1xXGXhtdXitO7uMKcjPx/FcANLT0vnDHx9hZ20tf5o5kxdfeIHnnnuWO++8C9veVYHY2tJKS3MLr77yCl+74HwKCvKxTBMAyzQp7V3C3T/9b0455RRM0+Sjjz7i5Tmv7nOdlmWSFgyglMIyTX70k58Q8Pt45eWXuPiiixgyeDC9ehUydMgQbvr3b3L/ffehNQTT0li2bBlvznur23mj0Sjf+/73icfjFBQW8sMf/FeXULVDVlYWd//PT8nOzuYvTz7BI3/8Y/LzMwwMo+tj09DQwE3f+hbxaJS8vHwe/v3vu4SqHfx+P1dcfhlfOeccPNflmzfdxKbNm7uMybTSUUqhNXhocv1Z+/yMdhc0/KnHSaOUIsOXCr0NhVIGCoUyLGJu16rRsszefPOY69Daw6f8bGvfzsq61Z3Hd7bvTAa1hsV7Oz9gY9NnB7QegNV1a3h3xwf4jWTIWxsNH/C5QgghhBBCCCGEEOLIdmiC1R2rwdhVHKsMCyOn96G49N6UiTJ3q4LU4IU3dBnS3NKMZZoEAgFmvzSb1157jeeefYapp0ymT0UFgwcN4orLLqWoqKjznLS0IPff/ysGdBModggEAtz079/EcT0sn8Xs2bOxbbvbsZZlYfr8KKVoaGxk1erV3HvP3WRmZnY7/swzTueqq64iGo0SCPh5/vlncZy9N+b6ZNVq1lRVAYqvfvWr5OXl7XO9+fl5nDr1VPz+AL/73e/ZWVOz1xitNb956LeEw7W4nsfN3/kOfSrK9zmnUoobb7gB0zJxHYff/vZ/u2yG5WgHUKDAUAZx3f3ns6eQlZbsCqEUKIWtk8F4ppWO1h6u1gQMH35j7yLt3hnFpPsy8PAwMNjcWt15rCXeiocHWqHRPL32BTy9/03LABzP4bE1T2Mo1ZH30hhrOqB7EUIIIYQQQgghhBBHvkMSrOr2OuisWNXJitFg95sXffGL8ZLhG8kwTxkGXkPXqklNMtRDKWrDYb7/ve9TUrzvfqiQrPAcNLDn/pulpaXk5uSglMGWLVuIxePdjjNNk/RQCM/ziMfjfOc//oOMjIz9zn3JxRd3nru6ag3tkcheYxYvXpyqONWMGjVqr+N7GjxoEIZhEIvHWLps2V7Hd+zcyVNPP0UwmEZ6KMQZZ5ze45x9+/ahuLgYn8/Pa6/NpaGhsfOYaVi7HkoNQXP/m3x1iHgJfMpMtQ8wCJnJ1/1z/dk42sVQCksZdFcl7Xpu8pEgWSWbF8jtPFYbrQOdqrJWFh/WLmVj06Ye1/PRzmV80rAaS5mgkuc3JVoO6F6EEEIIIYQQQgghxJHvkASryVLCjqrEVIIVbdzX6C+WMsCx2T1g0/GuAaTP50ejcR2H0tJSjj/uuM/t8gG/n/z8fLT2cByH+H6C1bRAANd1sUyTUSNH9jh3Xn4eubm5aA8ikXba2tr2GvPZpk1YPgtQZGbs3QJgTxmZmZ0bhG3bun2v4wsWLMS2bVzX5dhjx1FYUNDznOnpVPavRGtNLB5j9epdr96nmcHkk6I1Gt0ZkPYkzQzi4aG1RqEIpHqstrsRLGViKIWnOypiu6qNhGlNJD+rgOFjbK/RAMTdBDvad2IaJsloNPnP42uewU1VxHYnakf5c9WTWMrCVMkKWaUU4UgYzYFvtiaEEEIIIYQQQgghjlyHJlhVZtevPRuv9fD0m9TRJvTur3J7HphdN0jq6I3quC7Dhw0jtNsmVf8sT2ui0UjndSyr+/3DtE72ClVKEQgGyc/f9yv7u687Py8vFf9BLLZ3aJufn4/rJgNIz+35lfampkaUoZJ9Rv1dPyfP8/hw8WJM08RxHE44YTymae5jpt3WaVnJAFhrHMemdbcA2Jd6VjR02YSqJxm+tM5NphTJyleAlkQblmGljhlYe7QCaE208fiap9FoHM/h+mHTyE1LVlO7nkNdtB6Ac/qeRdAMYCmTxTVLWNfQtX3E7t7fvpgNLZ8xMKeSCyrPxfFcFIq6aD0J98BaGwghhBBCCCGEEEKII1v3qd7nTGXk4zVtRXUGrAp384f4Bp5yKC7fhRden9qjPVVDaxjsucm7aZqgkx0D0tPTMc1/Ln/WWtPU3Mz69Rt44i9PUFsbxlAGhmng93W/671SiubWVvx+P4ahMA4gsPQ8D9uxMYzkZk2BwN6v0R87biwP//73mJbJ5i1bepxz/boNnb1LBw0a1OVYIpFg48aNGIaBaZq8OW8eLS2tNDTUk5mVTSDgIxgI4mmPWDROLB4jGo3Sq7CQj5YswTRN2tsTtLXuVlmbeidfpf7n2XUv0iutANOwaHXaMJRJ0AxiYBD1YrieTchMY0ekBqWMLuEqgJGar+MnnnATBM0ALfFW1jSs47GqJ/msdTO5gWymDbmC0/tO6VxKxI7SnGjB9Ry+0vd0/IaPp9Y/j2VY/HHVLH5+8l2patZdonaUWWuexFImXx94ASErxNPrnsdUJi2JFqJ2tLOaVgghhBBCCCGEEEIcvQ5JsGr2Goi3ZSmQDKGUaeGseR198r+hgtmHYglJro27+UNIhWHJTYU8VE7XzZaUSkavWoNh9Bxo7qmxsYlNmzexYeNGPl37KZ+uX0dDfSOJRIx+ffuRl5dHQ309Zg8Vqx1Vq4Zh0N7Na/178lLndNxDZjc9WceOHUteXh7NLc28+cabXDPtanz7WENLaytvv/MWSilKSooZMWJ4l+PtkQjhcDgZ5CpFXV2Ydxa8Qyg9nfRQiEAgQDwexzIN/H4/juPiuA4bNm6kT58+VFSUo7WmpGSP/rWpFrgGis9aN1MTC2Ng4jf9+AwL1/NIaBu0h9YeaVYaTfHmXefuNZdOVYyG+fF7/0O2L4OaaB0NsQZGFYzk1IopnFAyjtKMki6nhqN1OLj4zQAZ/nTO7nc6z6yfjWmYrGn8lI/DnzCmqGuf2jkbX2NHpIbRBcdwbNEYNjZvwkgtqsluPaCNr4QQQgghhBBCCCHEke/QBKslI7D107u+oQy81jD2p/Pxj7zgUCwBALd5G+72VbD76+DaxSge2mVcsk9n6u/egQdh27Zv55lnn+WZZ56hsbGJAQMGcPrppzPtqqspLy+jtLSUWDTKFVddTUNDPZblIxKJ4Pf3XMGo1N6bLu01BlKVtgq/308sHiObrC5j8nJzueuuu7j5uzfz0ZKPmDPnVb52wfl7zeVpzR/+8Ah19fWYhsntt9++V1DrsywSqR6xkUiEO35yOyefPKHLWg3D6BISdwS/QOffk5tp7Sa1WRQovjv6Jvrn9O3x3leFq7jt/f9mr2RVg06FqznBPECxon4VlrKwTIvLBl3I4PzuNx1rjDXhuDb5oTwMw6AgkM9p5ZN5c+s7mMrkT6sf5/6CYfhSrSQao408s/5FlIJrhl6OaZhk+jJBKRRguwlaEq3kpeV2ez0hhBBCCCGEEEIIcfQ4NMFq72PAFwTP3fWqtxUk/taDWJUTMNILD8UysD95BdwEWEGSiZuGYDbGHkGX53nJ18lVMmA8EKtWr2b6dddRU1NLRZ8+/N///ZFjx47d63X8lpYW2tvbAQgEAqg9Q8UUpVTnplEHyjRN/KkNr3w+3z7D2K+cfRaNjXfy4IMPcNuPbqOltYUzTj+d3JwctNbUhsP86U8zefTRR8nLy+NHP/4Rp06Zstc8GrBSrQws0yQSiXbbY7WjV2znfR0Qhatd/Eb3rRL2lqxK3eu7Ktmr1UOTZoX44bibeWjFw6xuWIPjOvxq2UP8fMJd3YadO9p34qHJDWYTMJM/x4sHXsDb295Do/msZTPvblvEKRUTAXhh/RyaE82cVHQCg/OSYa3f9BEyg8TcOFp7NMQa6ZtdcYD3JIQQQgghhBBCCCGOVIdk8yojuzdG3xPQ3m47shsmRFuJzb0HfQg29HGbtmB/9BSYfjo6buK5mKUjMNK77mTv7V6legDhZktLK9OnX0dDQyO9S3vzxGOPMeHEE7vtcerYDo7j4HmagN/XuVHWnrTWpGek4zjO3mvaB8MwUYDruliWSSit+023DMPg6quu5Ne//g1KGdxzzz1cdfU0rr/xRqZffwNXT7uG999/n1tmzOCVl1/m4gsv7DYQTQsGKSsrxXWTgfm27Vt7XGNP9B6vyjva2cfIrhztJv+iOuZJVcPqZJWsAcScCMUZvfjumH8ny5+s5K2J1HD/st9id/MMbm3bgYEi25+FkWrEW5rZm3P6nont2VjK4rG1zxB3E9S2h3n5s7/iM/xcNeSSzt6rShlk+rOST5yCmkjtwX0gQgghhBBCCCGEEOKIdEgqVlEmgWMvJbLurd2+qcHy465bQPzNnxM89b9SoefnTyfaiL9+D9qJo8zdKiC1i2/omZ09VzskQ0wFqAOqWH1z3pvUhmvxWT4uvuhiKsrL9jve81w8z8M0rb1fg09RSmFZPhzbxvX7yeimX+qe4ok4tmOjFJiGiWXtuz/sBx8u5q6f/pTp06/jsku+jt/vI1xfj9aagrx8cnNzCAaD+72e3+9nzJixLFu6DJRiddXazlf+/1G25yarhVMfu+MeWLAacZP3rUkGqXYqxC8I5mN7Nj7ThwKiTozi9CJ+ctz3+f67P8FSFivCK3l09V+44ZhpnVWvrueyM1KDRpMfzO8MVgHO7nsar26eC1pTG6nlbxv/zrb27cTcGGdWnEplbv/OsSFfkExfJjWRWlw0rYmee+UKIYQQQgghhBBCiCPfIalYBTBLx2CVjYY9gzLLh71sNrE3fo5ORD7362o7Suz1u3E3Ld4jVPUglIvV/+S9zumoDlUKPG//warWmgUL3yUQCIJSlJWW7nd8wk7gOC5+v59oLNql5+iea0gkEqnWCZpQqPvq0925joNt21imhUYTT/U/3VM4XMfV067GtW2+/a2bKC8vo6ioiBHDhnHM8OGUlBT3GKp2+Op556JVMmSdN+9NamvDB3TevrS70eRflEKhaHUO7JlwvAQKAwPwtEfUjQHJClhN8vM0lYlPJX+XMDh/IDcOv4a4l8Bv+Hhx46ss3Lqoc76oE6M2EkZhkO3P7HKt3pklnFl+KrZ28Zs+Zq15ije3vI2lLM7rf3aXYNln+Mjwh5I9Y7WmMd70j384QgghhBBCCCGEEOKIcciCVWX6CZzyne6DRMuPveJloi/egle3/nO7pteyg9grt2KvfgPMrr06tWPjH38Nqpvemo7rpOoWU9vT9yCRSKTGa1paW/Y71mf5aG9vRym1z2pVAMdxaG9vx7JMtIaGxp4DOa116rX8ZAeDRKL7FguzX3wR23YoKCzA5/vnipaHDhnCaVNPJR6P09bWxmOPP35Q59fV1XV5JvyGiac9FJCMRA+sz2zICqbaBiT7qSa85L3XxZrwGSZKJdsFdHwf4Jz+ZzK1bHJnuPrAst+yofEzABpijTQnWlAG5ARz9rreVyvPJmgEUp0iNAkvwZTSiVTm9OsyzlAGWf4sNBpDKWraw7gdbQuEEEIIIYQQQgghxFHrkAWrAGbpKPwnXgN2rJuDPtxNS2h//HoSHz2BbvvHe1HqeBv2Jy8R+csNOOsXdq1URYHnYORX4B910T4m0Hg6GYTFE4l9VpVC8pX9sWNGk0gkMA2Dt+e/1dkXdU/xRIIHHngAx3FwXXe/rQAcxyEWj6FU8tX2aLTnys1YLE4sFsfzNIahyMzsvn1APB7Hsiyqqtbw8pw5hOvqiEQiOI5DJBIhGo0Sj8f3eR+7MwyDO+64naysLEzT5I//9388/eyzPZ6ntebZ557ndw//oUuFZ9xJoFKv82v27rm6L42xZkwMQKM1+FSyDYKjE6loVpFwExi7XctQBjcMn0ZRWi+09nC1y92Lf0Vbop2EmyDhJVBakZPqx7q7koxippZPxvbszk3Ovj7ogi4tAzrkBrPRaBQGNdHaA25vIIQQQgghhBBCCCGOXIemx2onRWD8dbibF+NuX4WyAuyqSNRgWuDEib95P4klT+EbeR7WgCkYOWUoX9r+p/ZcvOZtOJsX4Xz8Mm7NWkClKlV3C0a1C1qTdu5PUf70bqfKzs7BcR1Mw8Sxe95Y6+yzzub+Bx7EdV0WL1nC7x7+Azdef12X1+nXrFnLXf/93wwfPpz+/fuzefMmqquraWhspHdJyV5zOq6LnbAhFTLuq/p0d6H0EIl4HK01nqf3GQhPnTqF3zz0EIlEgttuvY28/Hyys7MJ+P1owO/zEQgGCQQCFBUVMWzoUE466UT69e3b7XwlxcX88ZFH+OY3/42GhkbuuOMOtm7dxhWXXUrJHveWsG1Wr67iTzP/xIsvvsjDv3+4y/G4G8fTHpZhorRHmx3t8b4BLMPE1g5+lfy2SOXsAAAgAElEQVR5NyVaKKU3cTcVjKtksOrusQlYdjCLHxz7XWYs+BE+w0c4Gub3H/+JIbkD0VpjKnOfPWMvGnAef6+eR9y1ObbXGMqzuu+tGzADGBgopWiINRBxogSsvTc2E0IIIYQQQgghhBBHj0McrILyp5N2wS+JPHEduqU2GaZ2GaDA8qNba4kv+AOJd2di9BqAWTwMo7ASI7sErGCyV6tpoltrcBuqcXeswttZBfF2QIHRza1pjfY8gmfdillyzD7XuGPHDlzHIW7HsBOJ1EZT+94IqqSkmF/+4hfc/N3vorXm179+kHcXLuSE8Sfgs3x8vPJjli5bzoz//E8uu/QSBj03iB/88Ic01Ndzw43fYNLEiVx00UUMHFDZOWcsGqOmZmdnn9S2ttYeP9vGxkYSdgI7YdPU2EgkEiUtbe9AetjQoTxw//385qGH2LJlC+FwmJqammQbAcA0DZJZpMJQCmUYBAIBLr/8Mm7+zncIdTPn2DGjeebpZ/jFr37JG2+8yUO/+Q2z/vxnJk6aRP9+/Qilp9Pc1MTijxazcuUn9O3blz8/+mcmTeza49bTHp720JhowHa77xO7173HmlPVoirZSiCVKRsYONoloEzink1jvImsQNeeqYPyBjB96JXMrHoCv+ln4fZFfLDzI/yGHw8Pq7tnCeiVXsjpFVN4ceOrXD7wom6rVQHSrXSS22op4m6CumgDud20FxBCCCGEEEIIIYQQRw+l9/ee+xfIbd5G7OmbcJu27fGqfjc8D5Lb/wDJwA+l0B3Vh6mKRKWM1GZP3dAa7TkEJt9E4ITpwL53rl+3bj3PvzCb/IJ8XNdh+jXXEAj0XGG44uOPeezxx1m06AMa6usxTJPs7CymTjmV6ddeQ//+yf6brusy59W/8uGHH2IYBsceO45JEyeSm7ur3+vOmhpmzXqMgoJCamtrOe+8cxg+bNh+r79u/Xpmv/gSBfkFhOvquOH66eTn5XU7trWtjfsfeIAnn3ySUaNGM2jwIEqKS8jPy6OpqYma2hrWrV3HshXLcRwH0zSJRiNcccWV3HXH7fsMmh3H4eOPVzLnr3/l3YUL2b5jB47jYJkmaaEQEyacxDlfOYeTThzf7YZc29p2UtNeg8/04XgORaFe9M4o7vGz39D0GW2JNpRh4LoO/bL7khPM5rOmzTQnWjAMA9dzGZo3iKC198ZccTfB0prlhKw0fKafdCtIwnNpd9rpl9WH7MDe7QAAWuKtbGjZxKiC4fsMVmsjYba0bsNn+nA9l/7Zffc5nxBCCCGEEEIIIYQ4/GbMmNHjmMMWrAJ4TdXEXr0Td+sKsHyQ6pG5P5qukeieX3d/oWQlZmDKd/CPuwL2EYDt85pa7/N18O7G1tXVEw7XkhYK0auwkPT07lsOHC6LPviAW2/7Efl5+dx55x0MGjgAv9+/1zjbtvl0/Xp+9rOf8+GHH+Dz+YnFYrz80ksMGzqkx+u0t0dobGqkubmZtLQ0CvLzycqSQFEIIYQQQgghhBBCHNmO+GAVQMeaiS/6E/biJ5OVp3u2BjjQedgzYE3tK+86GJm9CH7lDqw+J/zzCz7KVa1Zy7nnncegQYN46i9PkJ2d3eM5LS2tXHvddaxevRrbTnDHHXcw7aqrDsFqhRBCCCGEEEIIIYQ49A4kWD240s0vgApmEzzlP0m77LeY5aPBczorTA9qnt2/0IBrg+fhH3MhoSv/KKEqEE8kuP2O27HtBDNuueWAQlWArKxMrrjicmzbxjRM6urqv+CVCiGEEEIIIYQQQghxZDvkm1fti1V+HObFI3A3vEVixWzcLSuSAasy0Ur1/Cq+1qBTPVcNA2vYGfjHXIxZOuaLX/xRYsOGjaz8eCVZWVn069f3oM6tKK/ANE0cx6FPRcUXtEIhhBBCCCGEEEIIIY4OR0ywCqB8aVhDzsYaMBV35yqczR/ibHwXL7wxWcmqkxtYKc8FI7kDfHKzKgWWH7PXIMy+x2MNmoqZX7nvjay+pBoaGkjYNv5A4IA24+pCAVpjWRYDBw3a71DP89i2fTt2IkF6ejpFRUUAxOMJwnVhXDdZkZydlUVOTg5aa2pqakkkEmit0WhM06R3SQmtbW04tk1BQQEAjU1NuI7T+XWHRCLBjh07cF2X3Nw8cnNzOo+1t0cIh8OAJi8vr7PPa0NDA47j0KtXLwCamppwUnPX1dcTaY/gaQ+FIic3h+zd+sO2t0eora3FMBRFRUUEg0Ecx6GmphbHdUAn++36A35Kios7fzEQj8cJ19XRq1cv/D4ftm1TU1tLcVERtu0QrgsnPwOtSUtLo1dhYZdfKriuS01tLVprSoqLMQyD9vZ2wnV15OXmdt6b4zhs276dkuLizv65sViMurp6evcuwTCM1HprKC4u7tyMrLW1lda2NnqXlHT5fF3Xo6amhng8RjAYpDh1T4lEgp01NWitQYOnPTIzMsjNzWVnTQ2GUp1jW1tbaWhoJD8/j0AgQE1tLZ7ronXymcnISKegoICamhoyMjLIyMgAIBwOk5aWhuu6NDQ2YlkWSikc2yYYTKO4uGi/z6MQQgghhBBCCCHEF+GIClY7WQHMsrGYZWPxH38Nuq0Wr7Ear3k7OtqUDK3sGIY/hErLRuVWYOT1wQjlgXWQgeGXiM/vwzJNEokETU3NlJWWHvC51ZuqicVijB47hsEDB+xznG3b/G3u62za9Bm5ubk0NDYycsQxnDJ5Eo2NDTz7/PPk5uaCp2lqbuYrZ51FZWV/Zr/8EpZpkpGRied5pAWDnH3WmXy84mM+WraMb1x/HRkZGSxe/BGtrS1cdOGFnddMxOO8PGcOLW1tmIZJQ2MDF55/Pn369GHnzp3MfullLNPE8vlobW3la+efT3l5Ge9/8AENjY1cfcUVACxfvpy6+gYuvuhC3nrrbbbt2EFuTjaO7RCNx/jqV86hvKKcuro6nn1hNn6fRSKewPL5uPzSSwB45vnnycnOJhgM4HkeeTm5FJ3RqzO4rK2t5bkXZnPlFZfTq7CQ5uYWnnv+Ba65+irq6up4+dVXKUoFvQ0NDYwaOZKJJ5+MYSS7dsRiMV56+RXa2tu4Yfp0cnNzefe991n+8QomnHgiE046CYB169bzwksvcc5ZZzF69CgAampqeOa55/nKWWcyfPhwWltbefaFF7jh2mvJyMxEa83f5s5l0+Zq/u2G6ztbRSQSCf76t9fYsm0rOVnZhOvrGTFsKKedeir1DQ08/exz9E6FvJ7n0b9/f44ZMZznnn8B13W54brpZGVl8dbbb1O19lPOOO1UykrLeObZ58jLyyMQ8GPbDv379SMnJ4e/vTYXn9/P5ZdegmmavDFvHkMHD8bv9/PR0qW0t7eTSNjk5uRQXFxEcfHpB/wcCyGEEEIIIYQQQnxejsxgdTfKl4bK7YOR2+dwL+WoN2zIEHJyc6ipqWXZsmWMGD7sgM6LxeM89sRjKEPxo1tv22+16/Lly6murmbaVVeRmZlJTU0NTz7zLAMHVBIMpqE9zUUXXEBGRgZvv7OAdxYupKSkGMdxOGXiRIYMGZKcSIMyFKCJxWIsWPguZ591JspQqD22Kaurr2fzlq1Mu/IKCgsL+XDxYppbWnBdl9de/zv9+/VjyimTMQyDpUuX8tIrr3DDddPxWb6ucymVuiYk7ASjRx7D5EmT0Frz0iuv8P6HH1BaVsrfXnuNIYMGMvHkk0kkErw293Xq6uspLChAex7nnH0WhYWFydvQujMU3XUZhd/n67hkZ0Wq52lCaWlccvHF+Hw+1q1bxyuv/pVRI0eSk7OrAtfn8+GzfGzfvoOsrCy2b99OwB/A83RqHo+Vq1ZRUlTEso9XMGLE8GSVJ8mWGm/Mm09lZWVn2NvRobixsZHa2jDZ2Vms/XQdxx93LADLli9nx44dXJP6me7YvoMPFy8mHo+jANMwuOjCr3V5LiKRCKaZrIqtr68nLS2NmpowgYA/2bUjtWfeV889Jxm0p3ieh9/vY9OWatauXcuwYcPwtMbzNEOHDmXw4MG8++57bN2+jUsuugij8x6EEEIIIYQQQgghDq0jPlgVn5/MzEy+/73/Ysb3buG+++/nuOOOZcjgwfs9JxqLcfudd7JkyRJ++MNbO8O27mit+XTDBsaM2hUE9u7dm/KyUtZ+uo5jRgxHGQaNjY3EYjHC4TBZmZlYlkXA52PJ8hVUb92afD2/sJDjjj0W19P0qahgw8aNVFdXk5mZSUtTS5fr5uXl0auwgGeff4E+FeUMHjSI/v3709raSn19PWedcXrn6/DDhw/nvQ8+oLY2jGF0E8ol8z4sy6KmtpbVq6twXZdwbZgTjj+O1tZWdtbWcvZZZ2FZFpZlceHXLgCgtaUV0zRZsPBdMjIzcByHvn36MnzY0M7plWGg0by9YAEBf4BINIKnNUopDENh2zZVVVUEAgE2bvyMXr0KCYVCu33G4LMsBg4YwI6dO+nVqxDTsiguLsZ1HSBZ6VpfX8fll17Kk888y86dOykrK8PTHtk5Ofh9FgvffZdjx43DMs3Ond8+XrmSYUOGUFnZn1dfe40xo0dhWRYrP1nF2DFjyMrKIhaLEUoPMXnyJCzLQmuNpz3eeHMePp+PWDzOKZMmEgwGMU2Lyv5lbNmyhWAwSCDoJy0UxPPc1P0avP3OAkKhELZtM2zoUPr27YNhmAweMIC33llAaWkpacE0HMdGKZUMg1P/tlLhtBBCCCGEEEIIIcThIMHql8yFXzufhoZ6fvHLX/K1Cy/iZ/fey6RJE8nJzu7Sy7O1rY1PVn7C/Q88wLLly7nzzjuZfs01PW4i5joOltX1sTINE9tOpL7SzPnba1iGQVZ2dmfo6XiajPQQvQoKcZzka96QbC3Qp6KckSOG88ab8ygrK8U0u1aABoNBLr7wQtatW8+n69bx4iuvMGnCBCorKwG6VIwqlax49TwXw4CAf7dwToORmtswDJqbW/hk9Wo2bdrE5IkTGTlyJLW1tZ3z7KkjZMzOyiI/Px/HdcjMSO92XCiYRnrqmE5tuqaUwnFcNm7azIaNGykpLubrF13UGQonx4DtOFSUl7Pm07Ws/GQVvUtKiMfjdCSkVWvWkJGejtaa/LxclixbRllZGQpFwOfj9FNP5bnZs8lIT8fv92MYBrZt88mqVYw//nj8fj+R9ig7d+6kvLycRDyOLxVifvrppyx87z1s2+H8884lFEpHocjPyyUQCGDbNpZporXGdV369e3LuvXrSdg2FWXlNDQ2pKpVNZ7WZGdnkZuTi23bpKUFgWQf2uOPPZZ1G9bz1jsL8DyvSwje8dEnv9/1WRBCCCGEEEIIIYQ4VCRY/ZIxTZN/+8aNHHfcccx89FF+/OOfEEoPMWTIEPLz8vDQtDQ389lnm2htaWHSKZP5n//5KYN72LAKksFgae/erK5ay9ixY/H5fLS1tVG9dStnnnYahmFgKIPzzzuX/Ly8zlAvHo/jOg4jhg9nQCoM7aC1JhqJcuL48ayqqmLFypUMGzyky5g1a9dSvWULZ5x2GiNHHsP777/PylWrGTFiBP5AgPXrN3RuULWleguO41BYWEhtuI7tO3Z0zhONx9BeMuRMJBIMGTyIk048kTfnzaNq7RpGjx5Fbm4yQNy+fTv5+florXnttbkMGjSQoqIitKc5/vjjOjeR2pP2PJQyOOGE48nKyqKxsZE1n65NhrKeR1paGl899xy2bNnCiy+/Qk1NDX367GqDoQHHdcjOycYyLT5aupQLvnoe69etx/JZ2LbN6qo1KKV45dW/4jg2W7duIxKJ4PP5iMaiFPYqZNLJJzP3738nPRTCsix27txJNBpj9Zq1VK39lEDAz7LlyykvL2fgwIGsXfcpo0aNZOTIkRQXl/CXp58ikbAJhTQoxQknnNAl5GxtbcVxXXJzk6HpipUrueC886itC6daASR/tuOPP55Q+q7w2XVdXM8DpZh08sn8ceaj2I7DgP79unwGQgghhBBCCCGEEIebBKtfUmPHjGbsmAfZsXMnmzZtZsuWLTQ1NZGWFiQYTKOiopz+/fp19go9UMeOHcv6DRt55tnn6Ne3L1Vr11KYn8+ggQOoq69Hk6wwDQaDnedonQznPlqyhJ07a5KvtGs49thxGIYiHotjmianTZ3KzFmziCcSXa5ZUlTMnFf/SiQSpXdJMUuXr2DUqJGEQiFOm3IKc/76N1rbWvFZPpYuX87ECRNIT0+nX98+vLNwIS/PmUN2VharVq3m3HO+AiSD1UQ8jlKKkydM4JGZM5k3bz5nnXUmZ55+Oi/PeZVwXR1NTc1s2LiR8eNPQKde6X/7nQXk5OTgug5pwTTGjh3TWfHpaY32PKLRGFlZWTiO0xkyep6H6zq4rkvfvn0ZecwxzH7pZa6ffi2ZmZkdHxaxaIxgIEBp796s37iB/Lw8VkQiFBQWsnnzZqLRKN+4/nr8AT+O4/Dnxx5nxccrKe3dG8dx8VyX4cOHsWzFCurr64nH4yz68ENGjx7FKZMmoZSirq6OWU88waSmJk46cTyzHn+CJ59+hsp+/aneWo1SitzcHDzPQ2uPefPmEwj4cVyX4qIievfuTTweJxgMUNSrFztrasjLz6e9rR3P80juQKeZ//bbZGVl47oOmRkZDB8+HO25qZYD6ZwyeRJ/fW1u6pwk13FxbPvgH3ohhBBCCCGEEEKIz5F555133nm4FyEOn8yMDMrLyhg+fBjjxo1l1MiRDB82jLLSUtLT936NvSfBYJCBAyqJxmKE6+vp368vp0yeTCAYxHU9LMukoqysM2jsYBomlmWRSMRxXQ/bsakoLyfg95Odk0NBQQGhUIj0UIiCggKKUhWoHdccUFlJfV099Y0NDB82jHFjxmCaJoWFhZSV9qYmXEc8EWfCieM55pgRKKVIT0+noqyM2nCYaCzG8ccdx5DBg1FK4XkexUVF5ObmYlkWZb1709DURFlpKUVFRZQUFbNt+3ZCoRBnnXE6BQUFncEqCmw7gW07GIairLR010ZRWmP5fFSUl3e+4q+Uok9FBZZlEQymUV5WhmEY9O5dguM4hEIhsnergDUMg94lJWRmZpGRkUFlZX80mvy8POKJOP379aO0tDeGYWBZFjk5yeCysLCAtLQ0SkpK8Pl89C4pIRgMUlxcREtrK+PGjCEUCmEYBqFQCKUUmRkZ5OXlMXBAJbZtUxsO06tXL6ZOnkxhYWHnJlSu9nBsm4TtEEpLo6ioF6Zp0K9vX7KyMsnJyaZvnz5orSkpLiYrK7uzwtW2E9iOg2lalJWWYpgmxSXFZKSnk5+Xj2kalJWWdlYBa63Jzs6muLi4x9YUQgghhBBCCPFlEIlEWLRoEQsXLmTOnDksWLCA6upqmpubKSws3Ov/g3/Rkvu0/JCKigp69+59SK8tDq1f/OIX3HfffTz++OMsXryYkSNH7ioOO8q9/vrrPY5RuiMZEUIIIYQQQgghhBBHjUgkwty5c5k7dy6RSASAtLQ0AKLRKAChUIgzzzyTM888s8vmyF+kP/zhDyxcuJCJEydy4403HpJrikPvrrvuYsGCBSR2e7N48ODB3HHHHZSVlR3GlX0+ZsyY0eMY2flFCCGEEEIIIYT4MgnP465p05hZ9Q8e70HVzGlM+4dOrmLmtLuYFz7Qsf/4Gv8VRCIR7rnnHmbPnk1FRQU333wzs2bN4uGHH+bhhx/m97//PTfffDMVFRXMnj2be+65pzN8/aIsWLCAW265hYULF3b5esGCBV/odcXh8c4777Bt2zbC4TBXXnkllmWxcOFCWltbD/fSDhkJVoUQQgghhBBCiC+dSqqf6S7ErGLmjEfZcDiWJA5YR6haXV3NlVdeyW233ca4ceMAqKqqYs2aNYRCIcaNG8dtt93GlVdeSXV19Rcarj7++OM88sgj1NXVdfl+XV0djzzyCC+88MIXct1O4XncNW0mVXt9bxp37fGgH1D4XzWTaXvOd0RI/lJh2p5/7prHAf1OYn/C87jrAH+5sWTJEurq6mhububYY4/l1FNP5ZRTTkFrzdKlS2lubv5nV3NUkM2rhBBCCCGEEEKIL6GJEytYsDLM1Km7bVpctYj5U6YwZf78Xd8Lz+OuLmFrJdfedwdTC1PH/hcmVjzKo/OBKbdya5erhJl31wwe3TCFW2dNZ2jn1x1TXct9d0ylkCpmTruX+QAzprH51lmcu+MuZmy+hFu5l3tTy5ly6yymD+3mZva3xm6OV157H3d0HKyaybR7d93vPq9xBHnhhReorq7mxhtvZOLEiUCyOvSJJ57oDE47WgB87Wtf62wD0BFwXnXVVZ/rejZv3txjP8oXX3yRcePG0adPn8/12p0KS6jgURZVTWdox8+vbjMbKiupXLCS8NSpJH/iVSyaD1NuPcJ/yD3o+pwm/7uaMbOEWYfo4V2wYAETJkzghz/8IXl5eQDccsst1NbWsmLFCiZMmEB2dvYhWcvhJBWrQgghhBBCCCHEl9Ex46lYsLJLlVvVovlMGT9+1zdSgWTFrbOYNWsWs2bdx7WVG3j0f3erjtvwKAv63Jc83iXUSYWoFbcya7dQdcHE1NhZs7i14lFmzKwChjJ91q1MoZJr79stMJp/L890zH3ftVTf283r/z2uMVmFu+v4rVQ8OiM5T9VMpt0Lt6bWk7zGgbYjODzC4TCvv/46Q4YM6QxVN2/ezCOPPEIkEqG8vJzy8nIikQizZ8/ufA1/4sSJDBkyhNdff51w+PO9wblz5x7QuC+2JcBQxk+B6h277q1q0XymXHIJFRs201lHG95BNVMYf3TnqnsoZOolU2D+okNaYTt16lR8Ph+2bXf+ufDCC8nPzz+Eqzi8JFgVQgghhBBCCCG+lIYyvmIBKztzqCoWzd8jcCqcyh2zdq+MK+SYiZV7zFPJxGMK2VPVzBk8yrXc13Fy1Rwe5Vpu2q1Cduj0W5ky/5l9B5mVu40vnEoyO9ojOuphjeF5zzC/8lrO7Tw+lOmzZjF9aJh5z8xnyq3TGbrbXDddC4/OOfJeAO+wdOlSAM4888zO7xUWFnLGGWdwxhlncPfdd3P33XczduxYIPnKdoeOczrm+Lzs+fr/vlRXV3+u191TQZ9KNmzuWEuYHdWV9Cn4/+zdfXhU9Z3//9eEYEgodxkQDDcZfmT4Erv0d5n4FZJMtFiL7bWi1l0J6F4W2t1uv4hATeuvfi1yY126VCwosmu3vWS5Cgj9bWvB/lqoK4UEIhboddVvCRKQiYRwlyGBYG4g5Pz+OGdmzkxmkhmYJBN4Pq4rSs7t53zmfM45ec/78zm5mjptlwKnTV21jk/I1nD/Uu8vi6k7ffTlQrvmBwP/5/X+sqe07P33g/OXva/z1vAEkfZX+Zata/+NDiBc+VbIUAGB4RA6dPe/vvGKv/SlL+natWs6d+6cWlpadPXqVdXV1am+vl4ej6fT4Oq1a9fU0tqq5paWiD+ttpdhJTuGAgAAAAAA4BaVO3WctvqHA6j8QLumTdVcSR90WNLWVV+SJhR3vuFdK7RC0oQ5kxXojX/6U+n4LpU+tT5s4QmaE2074+6QPWQ7PHuCVHZa53VHhIUjl7Gu+rg0bqY6hn7rVH1c2rXiKe0KnzUt6pH1uurqakkKjKkqmd3+7d37d+zYoSNHjgTm+fnXSXTGqn9fXenuwOqIycWasP4DVc7NVe75j1SmYs0bISl7gnZ9UKm5ubk6f/pTTSh+yDwfKt9S6fpxen7DEuXKDGxG7E4fdbnhen/ZCn06Z5U23D/CyoBepmzbMBTH11dr5oYNmmudn6Xr5mjVhg0aYWVav1t5v+bmmoHbFZ/O0aoN92uEld297H3bkBWdMr8k0LTnrS8JKvXWik81Z9UGsxyVb+mpFe+q8n7blwg3YP369fr85z+vP/3pT6qurtbXvvY1DRw4UOXl5frzn/+sRx99VL/97W917733KisrK+I2Gurr1dLSEnHekCFDlHbbbQkoafcjsAoAAAAAwK0qd6rGWQEXfbBL06bOlUI6EweDlROs4NH595eptKse3RPmaNU8aV3pOr0/2TbWaWBM1US6zjJa+sKYqnZdZYeuXr06kJE6adKkiOOpdneAM5ruenFWwIg7NE5lOn1eyq2r1vFxU81zbXKxJpSd1nkN10dlUvE8a7TVD3ZpwpxVgWBj7kNzNKHUCszaNlv5gT1oKeXO3aANknT+fZUdnxDYnnIf0pwJpdbYxeakCXMestYbruwJ0oRi68uGEXdoXGAP5/VR2XFNm7nEahtm1/71W+1jw4bq8IXABFt2uHI1d8OS4NZPfyrZ9na9amtr9e6772r8+PG6/fbbNWnSJNXW1mrjxo2BZVwul0aNGqWMjAzt3LlTd911lyZNmqS0tLTAMv369dPAgQN17do1Xb16NWQfaWlpSk9Pv+Gy9hQCqwAAAAAA3LJyNXXaCn1QOVXaNU1T54bNrvxAu64nGDruDo0YkauZ09Zrxbr3NXnJ/RpxxzjJGusy5m19elrnlRtYPmL2aRdlDGa55obNNwNdZafPS7mJDfV2p+HDh0edV11dHQiqPvnkkyHDBUjBwOa4cTceZLPvM97lu+0FVsrV1GnH9UGdf7xg64QeMVnFWqePzt+h6uPjNHWEZA4VIB3fVarQJOoJZmA28Lu53ITiCPVeV63jGqeZN3z6RMuenha1vXT+hUDoS+ImTAgfvuP6/OlPf9Jdd92l22+/XSkpKSosLJTX69Xp06d17do1OZ1OjR8/XhkZGRo0aJAGDhyo6upqZWVlacSI0KMYOHCgWlpbQwOrDocyMjJCgrDJjjFWAQAAAAC4heVOnaZdK1Zo17SpkbsJ21/8U/mWSv3Rmli2Pfd5TTu+XuveP29l8+3SCvtgjpVv6amn3or+wp3j6xUY7vT8+9q6a4LmPBShlJ2UccT9MzXNvp3A2JfS/TOn6fj6dbbxJv3zkvftVf6gpH3sVL8RI5uKbQwAACAASURBVEZo4cKFWrhwYeDFVnb+dcKDXDci1hdXXe/y8RqePUGfnq60xlf1Tx2hO8YdV/VHp/Vp4DwfoTvGWVnO/peXbdigDRtsGda25YJjt4bsTBP0qU7f8OliBvmnPb8hrCzX2XW/8l2tPz4t8FK2JTMTE0j/5JNPNHjwYLW3t6utrU3p6enKzc3V/fffry9/+cvKy8vTsGHDZBiG2tra9LnPfU5nz55Vc3Nzh22lpKRoYEaGbrN1+U8fMEADBgyQw+FISHl7AoFVAAAAAABuZblTNU3StEivSc+dq+en7dIK/0twtmZr1fPTpOP2l151unHNfd4fvByh+5c8r2m7VgRfqrNCej4QPDKzDdeX2gKbE6ZJW61lS9dr3PPhQa9Yypiruavm6NMV/hf5lGr9uOfNsStz52rVHGl9aXBeWXGs41r2Dv9LqSIFKKurq7VmzRqtWbMmYiZpWVlZyDZuVGVlpcrLy+Nap7y8PO4s13iMmFwsVX+gahXL/k613KnT9GlZmWzRVuVOnabj699VMHa/LGKgP3fqNGnXB6HLLXtf50dMVvGE4yrzN4bKd7X+eOSXuXVRak0unqBdW4Mvs6p8q/OXaXXNH/C1xl8N7OoOjZO9zB90HGM4gvr6ejkcDl29elVXrlyJ+UeSGhsbO3T5l6QBAwaovz+w6nBowIABIYHWvoChAAAAAAAAuJWMuF9LNtxvm5CruRs2RP09d+4GbQgbIiA4O3xbtvEngxNsy5vbDh9xINK+zr8vSdl6aEmk5eMpoyIcs33WEkWZlZRGjBih6dOna+fOnSorKwvJTLWPnfrpp58qNzcYLPe/0Gr69OkJy1hdvXr1da23YsUK/fu//3tCytDBiDs0btd67Zr2fOh5MzxbOv5pcDxUyQqsL1PpU09ZEyZozqoIWaIdlpum5zeYQ0/cv+R5VT8VHE5g2vMbOgb/Yyn2/Uv0fPVTtpe7BfcRN2us1/WlT2m9JmjO83M0YYU19uyIXD00Z4JK11tlnjZHcyZIXYW66+vr1a9fv4gB0s6kpKTos88+U1tbm/r3799h3sCBA3X1yhWl9u/f57JVJclhGIbR24UAAAAAAACwM19AVdwNL7vq+5qamvTyyy/r5MmTHcZS9Weyhk/buHGjxo4dqxdeeEEZGRkJKccvfvGL63oR1rhx4yK+VAvJ649//KOqqqp01113KTU19jzNw4cPa+jQoSosLNTQoUMjLnPx4kXddtttSffSqtLS0i6XIWMVAAAAAACgD8nIyNALL7ygl19+WRs3btTBgwf1la98RZMmTQoEVJuamnTkyBH9/ve/15EjRxIeVJUUMThaXV0dMqZmenp6N76sCj3ls88+U0pKiq5duxZXVmlKSopaWlp07dq1qMsMGTIkEUXsFWSsAgAAAAAA9EFNTU36/e9/rx07dgSCmf7AaVNTkyQzsPnggw/qscce65Ey+bNj/cIzatE3HT16VGvXrlVra6vS0tKUkZGhQYMGaeDAgUpPT5fD4VBra6uamprU2Niozz77TC0tLWpvb9fMmTNVUFCQ0KB+T4glY5XAKgAAAAAAQB/W1NSkgwcPqrq6OtA1f9y4ccrOzlZ+fn6PBrSampr005/+VIcOHVJeXp6+9a1v9bmAGiARWAUAAAAAAACAuMUSWE3pgXIAAAAAAAAAwE2FwCoAAAAAAAAAxInAKgAAAAAAAADEicAqAAAAAAAAAMSJwCoAAAAAAAAAxCm1twsAAOg+xmc+te5ZqzbvfhlN9V0tbf3f0d3F6iEOpQy5Q+mP/KtSRuT0dmEAAAAAADcZMlYB4CbWsmu1rh7+fZdBVcMwZAZUb5agqiQZar9Yq6Zff7e3CwIAAAAAuAkRWAWAm1jbiYqYlruZwqnhjMazvV0EAAAAAMBNKPWzzz7r7TIAALrLlRiv8Y6bObQqca8DAAAAACRaqtn9EwCAmxf3OgAAAABAojEUAAAAAAAAAADEicAqAAAAAAAAAMSJwCoAAAAAAAAAxInAKgAAAAAAAADEicAqAAAAAAAAAMSJwCoAAAAAAAAAxInAKgAAAAAAAADEicAqAAAAAAAAAMSJwCoAAAAAAAAAxInAKgAAAAAAAADEKbW3CxDV0U2at7pcrtkv6bliZ+fL+sq0cnGFCl56Tl0tmtB1e4CvbKUWb/Z2nOGarZeeK5ZZ5KPaNG+1tGidnpjoX2eMFq17QhOjbjP6/O53VJvmvaOxSVrnPcZXppWLNyvCp2vyLNK6B88m9fkZH/M8LY80y7NI657opbNx0zytlrl/X9lKLT75aO+U5egmzXtnrK1d97QfKKP0b5VycrUub91yHfM78eBmDfob6eqq2WqJoyz9JKnlkFreeFpX49tj97LuTx15bvC6amsjIdd43Kio99IEXnvs15IIc0Pu073BV7ZSiysKeu28ivUz6L5y+lS2crFOPtp7n0FimedUTdTn5K7mh4qn3nv1XtmnRXsOcmn2TfGcBwDArSlJA6s+lb1TLo/Ho/LNO3S0uBsDgM5iPbeuuLu2nhgR/vA7ummeFq9U9AdgV43eWVmmb4bPP7rJ+sNmTPeVF7EJOfei/cE3MfnPz7hE+uPB/ENj5djY/vhLtIlPrNO6Ht9rEhvxTWU8uEVNO+wTS5T+tBnoNHqiDA9+Xv2SMaBqFyHw6StbqcXzNl1/cPXoAZUTUO0+He6l5nV33qbe+2LnlhPDZ+Asfk431W2vu1X8XJtGPhf27OBT2UozgOeKcTPUe0/p+BzkK1upxYs3aWSvJTwAAIAbkZyBVd9hVXg9evS5u6Xy1Tpw9AlNDHvSOLppnvwJQy6Pxz7HzIZcVKCK1VY2oGu2XnpupHYEviW2PdSEZKxa684eo82b/d8n32gGUveY+OBsuRaflE+K8gd4gQrGVOiwrzjk4e3oAStgHTFtMImEZYR5wrJ87J+/tYD5R9nRTTKTgmyfma9MKxef1KPWtNCsmSTPErCfn7KOY5G02n/wgaxWf+Zr2PnaRT0mh4l6cLZLiysOy1fsDyiZf2wHP6awYFNYtm8gs91XppU/lwrGbNbmckmeRXpp7DthWTihmWP+LLOXxr5jnRerNa/G3J9v0zy9M3aRCipWW2Uxz5eRO2zXn5BsoLBsFFsQwczwKdDsms2B4wqsa/ucFs872avXnPbzVUrJ+oGkHwYn5t2rfvLqWovLHD8m7w19bppb13ZNV/Mha5k4slIHzK1Q6meH1D42z8xKlXTt/xSoaYfUf+ZODRg7SJJLA0or1P//FKhpR4nSn16k1AHWwhd+q8a3fhhl673HWfyoPJvf0VmfNNEpdXU+/FwFGrN5s8ol3X2/SwfeN0+MxfM2B9pq6PXK3r6PatO8Axo7u0abN3sl12w9W1ChV08+qkVareAlYp0ePGvbRkhgK6ydyX4+x3A/jNYOA+WLfOzJw6ni5xbp5LzV2nS3/9rYWZ2oi2OWpAMhx93hmnvAdk3uEEQPrbPwbUe971nzDoydrZrNm+UN3Nfs23Mp5FEpaXT8DOyZkwprJ5HbRfh9PNK55wx+rqvn2bI4wz5v+3kafj+ZPFn6aEhIG+jtLGBJGlNQoJoDRxXyoOw7rAp55HGVq8a+cIds+2CbDq/3aPerYN0H75VOdfaZxHAt6apc0e6d/sPt7HzoA89BzjsL5NLJwO8dst/tz4K+yD0mXLNf0nMjd0Sfl7QPugAA9H1JGVj1Ha6Q1/OoJmqi5JFWHziqJ2wPjEc3zdPqmtl6aV2xnP6HYrlUEFjCq83vFOildevktB6wF89zafZL67TOaa2/46iKIz5ZebW5wr+uue3Vm+5Owj8Iu3bn3WP088M+Fdv+0D1Q7tHdi5TcgdVAcHSd+dDtK9PKxStVZj0oh37+/uX9f5TdLY9Cg/HB88n2h8O654Lr9qksgXKtPrBI69Y9YdXLas0r91h1ZZ6v75Q9aAvWRa/H5GUeR0XBS1r3nBUK3TRPizeNtNrhUW1avFljFq3TcxNl/j5vsTaNXKcnnJK8m81111kh2rLY9uosfk4vKbR7o0+Sd/M7KrBfOxbPk2u2tf2jmzRvtT+rPhiwXWcL0Kwss/1BU75ZJ/3zj27SvNU/V9mdz6l44hNat0i9PBSA5eIeXRvxqAZIgQBp/xy3dH6PjBFW7tOhPbpWkKd+OSXSIXNYgAFZLhknV8fY1V9yjHXL2FWgxkNWMPVvNmvAjtlq2TpdVx/crEE5F6yMVSuo2vRbNb7xQ8n6fdBcJWVwNajr88G7uSJwbknSN74QOhxEcNiW54LXr5CM2HJtPrlI69b5g7UV5peRi9bJvESs1OLV81TusZbxlWnl4ndU9uBzKnZa984xi7TuOVvwf7N1Tjqlzu+HnbTDiTG0haQxUXd7pHfO+qSJ6qJOOjtma3PlNRprfaZm/W/S3bb7S3l58Joc2vMk2G17XSCwvVgrZdZZ5/c9a9ubTwav9+HbswLCcgWflJKH/TPoeH6Et5PO7+NmpmawHm3n3nMvSSE9Q8LbQIQM5pD7iVmnwecLnw5XeOV59LnevWaPvFMFFTt01HxqlmQ+96jgUY2tsAVWj27SvNU1mv3SOlvAc3X0Z9xo96tI98oun606uZbEUq5oZXHK6okVvE6G7LuPPAf5DldIs78Z23PoxCfMZ0D/utZ94tFip6TO5gEAgO6SYhiGkuvnY+3Y7JUn3y3DMOSePkuu8ne0py44/0C55HnEo0zDkGFkyvONWXJJgW1I9vlu5XskeR6RJ9Oc7873SDVnVGdbPvK6mcqd6gpZtud/JCl8Wp32/HyzvJ58uW3lVvg67nyNqfhrsOwfH1C5J1/uwOK99zlH33+d9rxTLs/C2YFjMzI9+sYsafOOj83Pb/YbeuN7/s/IPE5P4PjNz7v8wMeB7f21wn8+fawdm6VZ37CvO1sLPeV6Z09dr9aHYRhmF+su6kpyadZ0t1UvuZrqklyzplt1ZZ6v3pN1MdVj8nzuZpt3Tc01P5ePd2izZukbnszAMu7ZC+WxrgN1e95RuWuWprv967s1+403NNsdrKOpuZm27XdsQyHtRfb5YcsqwrVDHj3iL5s7Xx7V6Iy/XJ6FgXL4r03avEMf+7dtL7c7Xx55dbIuejkTVefx2aK2806lPOj/vUSpI6Rrx6rClmmUY8S96i9J+oFSMht17VgcY69e2BPIdr16rEqGnHLkRVjuwUeVOsCrq4Eg6hY1VxySkXmv0iMtH0Vi61WK9Fl9vGm1yl1TlZsZ6/lgLht5u9a90NaGMz3f0CxX8HolKXCvDKxvO8cyc6fK1eGa4T/nMuX53ht6Y3ZwfXP52O6HnbXDro+9N34if2aGYShzjP+6GVudBK4dYdee8OuFua55fQjUp+3zdE+fJZe3Qn+1XdeC1z23Zi/0yGvVWef3Pf++g88ExscHVG6/VmV69I1Zrqh1kDyfQfhy4e2ki/v4xzu02Ws7busz/Z7/d3udWcsuDHze1vOk7Zkz9H4S9nxR91dVeD3Kd8dbD4n7Mc/HTOVOrdGBj/3T6/TXCpnlth+ve7beeON7gfMz8Hwc8f6nOO5XXT9bdXYtialcUctiPusEn4P825std9I+B3m1efE8zZsX/Fm82Ws7/42w55LgZ91he3V79PPN0qzltmOMZR4//PDDDz/88BPzTyySL2P16EGVu2Zpuf9rW+edmup6Wx/4My99Z1Ujl6bav3x1juxyxFDXmD78bW35Gj0dnmHqmqXls7v6bnui8sf8JjAcwNGD5fLkz5Z0sJsKmgg+1Xil8jVPdxzcP6wbo6/sx3rxbW+H2RPzPdKagzo6e6Im+g7rA69Hj0yUde54Vf7i03o7bNOuWYk9ip40ZmSkczv2euxZXr0dsf6X63tWRoXvbI3kLdeLT3dYSrMk+Wq80phHei9DyDUm4r59ZoV3bKu9W+HX5eqxKqX939ZwAHn3qp+q1HpISi0IW2ZspvpJupp3h1JazGUSrf8Qp9RSpWv2iYdOq32aO/E7i4f37QjnqEcL3zAzCo/e6PkQ6V4np0bGPTz2GEW8RNgc3fy01gTK6dLUWIrXSTu8GdpC5DqZqOmzXHrRf131LNQbXd6H7Vwa0+HZxasanzQyUn06x8gV2pE76n0vnO9sjeSaqtDd3QRjq3dxH4903NE3FWHZLp4nJ+Z7pN+clU8T5fTVyOvJT4reLs47p6pmpzUcgO+wPtBUfcMpHY60sK9MP37x7eCLM2+0WSbq2eq6ymU+64x5pC89B7k0a/n3QjNmj27W02t+o7Lp34sjk/aoNr/4tjRreYR1OpsHAAASLTXWCGzP8KnsN+WSVx3/YPXu1FHPLLkN+7e2oYuETgub3yHaHBqBjrauYf9W/kYP7zoYhiTPQq2dFSGI0KFMZrntZXbnj9GanUflmSUdLPcof5Yhoyra+j0r0mfo51m4VpEP2ZCv7BUt2eKV5NHCtd+VW1V6e/4aBT43d748WqODR2cp88wH8noesWX2ulSy7LsRHzR7ty0YtgwF+2Tb+anwc7XjOuH/76wee0do/Ve9PV9ryoPZRWbZJLlKtOy7kbrEGwqevhGOIUJ7jt6GQ+s6dJ2wJSNdOyLN76St+mIqR+KvNY7rWenQHl0r+KbS86S2HLd0/ue6qrBv4g7t0bWCRUp5UOo/JLhMskr4OR/tHLV/ftd9PkS7N9n2Ecv9yjYjcK2wrWO2P+tY1hbL6SvTK0v2x3Q/DBYl6kU8xvtWz4jWtiUzEOwabV6DuqqTTM93tdYjqeptzV9jBo9dJcv0XdtNxQitsA7Xlo5FiFKftu3UdXXfC1u/8+tecn8GIedZxHM6+n3cHPol2jGGnv+dPd9FvufKfL7w/kZ/rfNo1MFyefJn9fKzgyQZMjJzNaXmLe2p+67uPPyBNGWumR0qBZ9/fWV6ZckWeWU+G3zXbV0DpK7r3b4vI+yz7PLZyheyrlWk4PbjKFfn987ItZN8z0ERrgPuL6vEtUQf/LVOnpiuJT6VvbJG5Z6FWmt7fjJ1Ng8AAHSHlN4uQAjfYe33ulSybK3WrrX9LCuRS+U6WCXJOUpj5NWpC/b1zoTldCDAnS9P+UFVVR00hwHo7fJ0KVOjXVLNGV+U+T4d3u+VZ+FarV07K8rxWN31DpaZy+ZbS0U6d25aXdVjcnDPWqYSV7nWvFImf0mdo8ZI3lOK9jFlmgemZDuyZC3X9dmitvNSv5wfWMMAROribw4H0C/rjU6WuXFXL/qkAZmBl1xJkvLuSLKbV0c3fD5EvF75dCZhN7sqHSy37rcRv8ToXGfH17faQpUOlktjRjkVV524Z2nt2rVaVuKSd//hGI810rOLS6Mzo9TZhVNW9l4s971Qka6jvsSdPAlm/wy60MV9vKv7R5fLdvk86Va+x6v9h8vML6uT5qHKqTunSPsPV+nwfmnKnR3r0nd4v7yehVq7NnKg8fp3fWPPVjdWrs6edfrGc5BdTG1Akq/sLW3xerQwQoV1Ng8AAHSPpPrb1Hd4v7yuKerwPOgs1iMeqfxglSS3vlziUvlv/IEYn8re2iJvh63B5Fa+p1xr1pQHA4xJzaniRzzybnlLZYFnYZ/KXpmvV4ITbA/K1jfzYVtx53uk8i3a4jX/aLWmmufOmrcVHC2ySm/Pn6+3q3STia0ee59TxXNL5PJu0RL/h+D+shlstX8oVW9r/nzzc3MWPyKPd4v+EJjd+XGZfzzv12Frtq/sNx27BSbiSKxyvWUrh6/sFc23BY37kqvHqqSxf6tUVaktShf/q8eqZGTmdbrMDdvxjtpaXOo/9wfWhBKlF+TJYRujNRnd+PnQ8Xrl/4P5kYT17bQHQ6r09pLY76WdtcO+0xaCmV3BGERndRJ+vzADnq4pd8YcmO7w7OJ5RMXOSOdLld5eUy5XyZcDgdSu7nshrOvob8oCFz69tSUZn5QifQad6eI+Hn7cMrMf50e6yXe414R+JlFLkO+Rd8uWpPuy2nnnFGnLGm1RhOdoP1vw3lf2im24ixuRgGer6y6X/1nnD8F9+8r0yvxXVObrK89Bkqr+oC3eYKA+c7RLKj8YOKaqP9iuQ1Vva8kWqWRZhC9ZOpsHAAC6TRINBVClnVu8cpXMCXZfssnJK5Je+43KHiiVx1OqBTXPaMl8M0OqqKRELu/+4AD9UkhXyQ7dFyN1sYy2bmB2L3Wds5Wts6Xs5Q4vc05ekVQu5eVYx2U//m4se+fl9WrLkvkKzXFzqWRpqTw5JVpaskpLbfNdJUtV6smUYUieOSXav3SJrI9fRQuWqmTbUm05cFQlOdajZE6eilSuva4p1ksvzMmZ1rmzZn7wqb1oweualRO9G1nPiNLt135+yvZvI/I6IedLp/XYO2dzePuSJGV6VLqgRs+8tkavjF6qUo9TntIFqnlmjYIfU5EWvD5LOYYhQzkqWVqiVUvna35g9gK97slUsMehbR85JVpQ9Ixes+rBVbJAJa7XVONvL7brQ2buFLm2rNH8cnN/9u6Q/u2a/wvrWm0YMgx/uYLnplwlWlpqvrAjWLRI68o8Z72vacn8/WY7SFDs7LqGApCsrv556nd+T/Qu/rEsc8O2qPkNKf3pRRpU+rfmpAu/VWPgZVaxSeg5H9M1NN7zoeN2Mz2lWqpVWjrff6YXacHrJVY7iOF+1aELrf2akaOSBUV6Zs18K0DnUsnSBSpa+pr2H66Tx9PV9jtph0Zmp8fea/fScvs1xV+spXrd47TOj67qJHy+bMcc1pU6sFPZni9cKplSoyX+z9NVoqUlOcF9v75Abz8TrLN47nsd9q1M6zrqX6dIJSUumY9KyfwZhJ5nsv07cGSd3sfDj1vWuZcjw5Byp7i0Zc18lRct0Ouz3PKULpVWLVWwiS3Q6/7PJOTzsxXYer5QXo56517qF9ZGM3M1xSVpivUiyOABmPc3zxyV7F8aeHZW0QItLdmmpVsO6GhJjvzfQUeu99B9hd8r3Z1+Jp1fS5xxlCvyvdN61gl8iOa+PZmGjMxkfA6K/vybE7j2m3Xir8+iBQtUVL5NMgwdPWBO67CNogVaoOjzXieDFQCAbuOor69PlsgqACDB+v38q9249RKlP/1NqWJ6UmePStK1b/6ut4sA4KZQpS0LDinvtRKyAgEAAG5yL730UpfLJFHGKgCgT8m7V/1UpdYkD6pKvfuiEgA3kaqD2luYp5m91usHAAAAySS160UAAAg1YG6F+mc2qm3X9G4cBgAAkoVPe19drq3VhZq/hlxVAAAAmMhYBQDEreWtArX0diHiwL0OwI3JVOF3VqtQCh33HAAAALe0lN4uAAAAAAAAAAD0NWSsAgBuetzrAAAAAACJRmAVAHDT414HAAAAAEg0AqsAgJse9zoAAAAAQKIxxioAAAAAAAAAxImMVQDATY97HQAAAAAg0QisAgBuetzrAAAAAACJxlAAAAAAAAAAABAnMlYBADc97nUAAAAAgERzXPrJvfy1CQA3q2tXersEyaHfbb1dAgAAAABAH7L05N1dLpMqh6MHigIAQC/iXgcAAAAASLBUtbX2dhkAAOhe3OsAAAAAAAnGy6sAAAAAAAAAIE4EVgEAAAAAAAAgTgRWAQAAAAAAACBOBFYBAAAAAAAAIE4EVgEAAAAAAAAgTgRWAQAAAAAAACBOBFYBAAAAAAAAIE4EVgEAAAAAAAAgTgRWAQAAAAAAACBOBFYBAAAAAAAAIE4EVgEAAAAAAAAgTgRWAQAAAAAAACBOBFYBAAAAAAAAIE4EVgEAAAAAAAAgTgRWAQAAAAAAACBOBFYBAAAAAAAAIE4EVgEAAAAAAAAgTgRWAQAAAAAAACBOqYbR20UAAAAAAAAAgL4llbgqAAAAAAAAAMQn1SBlFQAAAAAAAADiQsYqAAAAAAAAAMSJMVYBAAAAAAAAIE5krAIAAAAAAABAnBhjFQAAAAAAAADiRMYqAAAAAAAAAMSJMVYBAAAAAAAAIE4EVgEAAAAAAAAgToyxCgAAAAAAAABxYoxVAAAAAAAAAIhTajuRVQAAAAAAAACIS2o7QwEAAAAAAAAAQFx4eRUAAAAAAAAAxIkxVgEAAAAAAAAgTqntDLIKAAAAAAAAAHHh5VUAAAAAAAAAECeGAgAAAAAAAACAOKW28/YqAAAAAAAAAIhLaurg23u7DAAAAAAAAACQPC53vYjDMEhZBQAAAAAAAAC/0tLSLpdJ6YFyAAAAAAAAAMBNhcAqAAAAAAAAAMSJwCoAAAAAAAAAxInAKgAAAAAAAADEicAqAAAAAAAAAMSJwCoAAAAAAAAAxInAKgAAAAAAAADEicAqAAAAAAAAAMSJwCoAAAAAAAAAxInAKgAAAAAAAADEicAqAAAAAAAAAMSJwCoAAAAAAAAAxInAKgAAAAAAAADEicAqAAAAAAAAAMQptTs2evHiRV26dEltbW3dsXmgT0pNTdXgwYM1ZMiQhG6X9gYAAAAAAG413RVniasMid7gxYsXdfnyZQ0aNEipqd0StwX6pLa2Nl2+fFmSEtboaW8AAAAAAOBW1B1xlnglPBJz6dIlDRkyhCAPEOa2225TSkqKLl68mLAGT3sDAAAAAAC3ou6Is8Qr4dGYtrY29evXT4ZhJHrTQJ/Xr1+/hHbZp70BAAAAAIBbVaLjLPHi5VUAAAAAAAAAECcCqwAAAAAAAAAQp24ZmJFuyUDPob0BAAAAAAD0PDJWAQAAAAAAACBOZKwCfRztDQAAAAAAoOeRsQoAAAAAAAAAcSKwCgAAAAAAAABxYigAoI+jvQEAAAAAAPQ8MlYBAAAAAAAAIE5krAJ93I22t6q3n9FreyPNSdWgTJfu/Orf6bGpY5RxQ3vpC3wqX7VUW0Yv0Ouz3FGXilpfqYM02j1FX/67Lyt/5HXWVlONyn9RqZHf+rKilyASq+wq0dJSj5wxHgsAAAAAALh+3RJYBdDXpMs1JU+jQ64IzTp1TLKlXgAAIABJREFU6C/av3GVapq/r+9PG9lbhUtCHeur+WylKqve0/of7tdf/un7mvuFwXFv1Xdoi7Z8NFoLElhSAAAAAADQPZIwsGplWnk7znGVLFWpx5mAfVTp7Wdekxa8rujJXB3LEdf+feVatXS/piwtlcdp318s+wZ62khN+eosdTi9Z53VH176obZt+//0F89cfaF/rxQuCUWpr6bDevuH/6a9b/2H3D8o7Ti/2zjlKX1dnp7aHQAAAAAASMahAAwZhlT0zGsqCQk8VmnLgqV6xViSgOCqVT7D3FcHvnKtWrZVmrlErz3r35e5/2dqntFrJTFERA1DhgwZhhGsD8OQYeSo5LXX5D9O4Ebd6FAAhvVfI2J7uF13eUZr2698unjRkOFvDr7D+q+NG7X3WKPalKpBOXl6+LHHNGWMvwu8T+WrlmnrmK/rmdTf6d92n5MG3aM5L/yDvqAalW/dqN/95ZQa26TUQaP1ha8+qZme0OEGmmr261e/2qZDXe7j2/rh5Eqt37hXxxrblJp+u74wY07Y9ppUs/9X+tXvPpL3QrPaFGm//uM3Oq3TTusrPVcl/3SfDr26W9t2nVDR37mC87qos6otC/T6Xkny6rVn9kpF/mtNLGW36kIztaTUI2ekY2mKrd4BAAAAAEBskjBjNRq3HpiZrWWnLkhyKhBIqA4ukT3TH3St0pYFr0u24KyvfJWW7Z9iBR0641P5ejOoGhrAdatkyUzVLNum8gf8mWhhZSiKJegaWraqLQu0bfRMjdm6Vf5hG0OCylaQ19xFkWbOrNFW23EEgzHm/GdeK4lzbEagc42+C5Jul6xs1atV/6WX/223Lo28R499PU+ZuqBD7/1KG1dWyvvMCypx28J0+zfq30ZOUcm3v6qrF9LlyvCpfNVKbb2Qo/se+7pyM6ULh97Tr7auVE3bC/rBF83hBpqqtujl1/eqebS1j7Zj2v27P0bex1826l/3D1buY0/q2+nNOvTer/Th1lelwf+qOVaK7dk/vKqV2y9o9D2P6cm8TKU3ntLeP/5Oh7a+qub0pfpf+fF324/K5dEDmbu1/ZhXPrnkjLHORhZ9W09e3aqNH2Zqxrcf0OjBIxNYdp/K/63regcAAAAAALHrQ4FVO3+m2jN6rdQMI/rKV2nZ1vUqz73B7re+Su2vztaUORE24vSo9DV/Z9vwMpi/L9gSY0arTfXW/Zqy5DW95rSO4/UtynutRG5VaYs/c9bjtIKse6XsKYFjfr1mppa8ZgZZfeWrtGxVeQzBYyAWV3X24Eb9x+5mKXuKcgdL0lnt3bJbl77wdf1wTn4g0/HO/Dx9Yf0P9LMtH+qLP/iiAmG6tlw9+UyJ8gNJpuXaXy3d8+0F+rs7/SvnKr35B9r6lyr5vjhSTnn1u5/tVWP2Y1pS+kXrXL5Td07J07YfrtR74ftozNSXl5Tqi05/WUaq/7Ova2+lV3O+4Jbk1V/2NmpQ0f/SsyVuKz58p+7MG6n1/8/PdOjYWSmRgVUNUuZISZVnZX4NFGOdjblTOa5B0ocj5brzTusLkgSV3VcZQ70DAAAAAIB4JOVQAP5thGzGt1frt1arcH6OOVTAs2tUZNtX5qQpytZ+q7u9YW7Ftg3/pgx/F/2w+cH91KhaozUjs4uu+lV/0NbqQs1/NscqQ6aKvj5T+5dvU/mXnlVR4HDCyxO6b8OQVDhDRdb+/Mdxts5QzoWD2ps9Uy8WZZr7yCzSjMKtWnsqtI7928wselZriqxtx17h6ONueCgAQ5KqtXXZAm2NtMCgyfr614uUaRgyfIe1/5w0MlfyHj4cslhT6mDp3EFV1d2n251WmbJzlZ1ua0uDBikzVTq0/W3lDvqqJo8ZrP5KV94/rlKeVRjDe1AfNkt3PVBo7jOwh9G674Ecvbfpj/rLmfv0wEhrzug8/U1Iex2m0aMl1ZxVnZEjp7L1wJIf6QH/9v2LpWYpZ7R0qKlJVwxD/UOGCOlkKIDgxSTKNSJdg4ZJgeECYq6zsGEGzAqMr+wKXuNCjiWWeo96xAAAAAAAIJKkzVjdt3ah9oVNy575osKTQau2LNTawILZmtIDZZMk37lTUvYUZdonOm/X6ETvY3ReSCZZ5phs6ZS1u6IZKty6VssXbpWUrZkvPqsi0s5wXdKVfc9dIW+5V/oYub+Qo8mukQq8s+rCWfP02/2f+vfdkbZzSTX+0Toi6f8FzXhysqo37tN//niflJquTNdkPfDAA7ord6SZzXn1qpqVqTEjO74pa3Dm7ZKOyXdJCqSspsb6Rq2ravKd1alz53SuqlJ/+egjHTsnSY261EmR43dJ507Zfr3ROpN0w2WPpd4BAAAAAEBckjawWjh/TYcgql0goJo9Uy+uKZLTt1evLt9/4zvOHKNs7dc5n+RO+iClWyVr1qhEPu19dbm2Ll+orSrU/DWMs4p43a4pXymJOTDfVfvsjDPvH7Uk75JqKj/Sh3/cq0PHPtTWf/9Qv8qeqf/9bFG3dEn3HfqZ1m78SBfMNz8pc/BIZd91jyb/ebf+nPC9XdDZc5Kyx4R88XK9dZaosvdGvQMAAAAAcDNLwqEA7N1hoy1xTIf2ZevxF7+jokxZ3VgDa9nWs/3bekN2aJfXCPvInKR7srdqf6VPhUWZYTOPaeuitdL81Zp5+2ipukYXDCMYPLEy00YrhvKE7dsILagMGcq8fbS0/6x8Rk5gHxdqqiXdE3YcmSr8zmoVWuU7VDVTOTnR6g43mxttb4HtdNrmLIMylSnpiPeMjJzOX3jkP5MjdzMfpNGTCvW1SYX6mq7q7O61WvHr7dp9olBfS+2vdF1QzdkrMm4PzUa9dOGcpNEaaXX9j7aPkOmXPtSm//xIzXc9pRefyFNmYJNn9d6fd+vPtvXtQ4Z0JWp9eQ/pw2bp9rwJ5lAGcdSZrQDmP+Mue1fH0km9u7o8ZAAAAAAAYJPS2wW4ftU6dcH/72PauvyXqg7My9TobGnfoWOB+e/9sjp8A1Fkqujrj0u/XK6f7L1gm24GLfdlP64HciTlPKDHs/dp7Vb/Pi5o73/+UtWFM9QhHnu9cvJUWP1L/ae/HBf2arttfIQLe3+iRT/Zq2A1HNI+FSqPoCq6y8jJuu926cJ//7cqm+0zmlW56Xl99/lN+qg52srS1cpfa/nzi/Vrr31qfw0eZHsBk+su3ZMu/fm9fboQsvYp7X7vmDRoknLiaWPnvDomafI99sCkpFMf6sML0Va6Ts2V2vrz3WpOnaSv3GUFUW+kzhJU9pjqHQAAAAAAxCVphwLoXI5mzi/UorWLrHFYs/X4i/NVuHytPqy8oKIiMzj64fK1WrRPkgo1f36h9m2PcfOZRfrO6pHaumi5Fv0yODn78Re1OhA1zVTRd16UfrJcixZZkwrna/XMREY1czTzxcf1k+X+chTq8cezVX1qpJnBWvR1Pf7hci0PFNLM4iWuiu4zUvfMLNR7a/fpzcWndN/MhzQp9YKOfPjf2nvkqkY//hVNTo++dv+cyZqUulu71/5Yl75yn+4ZPUiNp/Zp9+8/Umr247rPJUkufeWbhTq09tf6lx+f0te+dJcy245p9+9368iFQSqc/0B8YxnfnqNJqfv04c9/rPSZD2nSoGZd+PNuvXvolK5e9xXwnD78/Vadsq3ffO4jfXSsUW0apML5X1deIGYZe52lp6dL+rPeey9HV3NzlJugssdW7wAAAAAAIB4OI1H9iC0nTpzQ4MFkQXWXC3tX66Xah/STxwmf9lWXLl3S+PHjE7KtRLS3Y7/8jt7Yl62/X7wo5mzr5lMf6te/fld/Pt6oNqVqwLBs3fP4E/pabmDQCu1d/ZL+X/29Fi8qCn3JW/Mxvbfh19pzrFaN1rihEwpn64mv5YYsF76PQRMK9ejjX1HeyPQu9tFxevOpvfrlhnf10bkWtaUO0LDse/TQ419R5r7lWrMvV9/4l6c0ub+13uinO21fZn11nJ46YJiycwv1pYceUG6Eeuy6ziQ1e/Xum29qd3WL2rL/XssWFal/PGUPHHOEY4mx3gEAAAAA6EsSGWexKy0t7XIZAqvJ7Ngv9Z03pKd/8riVhXpMvzQniLhq35VsgVUAAAAAAIC+qjcDq310KIBbRM7jerrwO3rjO8H0uEKCqgAAAAAAAECvI7Ca5HIe/4l+8nhvlwIAAAAAAACAXUpvFwAAAAAAAAAA+ppuyVhN8LCtADpBewMAAAAAAOh5ZKwCAAAAAAAAQJwIrAIAAAAAAABAnAisAgAAAAAAAECcCKwCAAAAAAAAQJwIrAIAAAAAAABAnAisAgAAAAAAAECcCKwCAAAAAAAAQJwIrAIAAAAAAABAnFITvcEBAwaosbEx0ZsFbhoDBgxI6LZobwAAAAAA4FaVyDhLvBIeWG1padH48ePV0tyc6E0Dfdq1a9c08HOf04kTJxK2zZaWFt0xalTCtgcAAAAAANCXnD5zptf2zVAAQA9xOBy9XQQAAAAAAAAkCIFVAAAAAAAAAIgTgVUAAAAAAAAAiBOBVQAAAAAAAACIE4FVAAAAAAAAAIgTgVUAAAAAAAAAiBOBVQAAAAAAAACIE4FVAAAAAAAAAIgTgVUAAAAAAAAAiBOBVQAAAAAAAACIE4FVAAAAAAAAAIgTgVUAAAAAAAAAiBOBVQAAAAAAAACIE4FVAAAAAAAAAIgTgVUAAAAAAAAAiFNqbxcAiWMYhurr69XS0qKm5mZduXJF7deuqa2tTVeuXJFhGOrXr5/69eun29LSNDAjQwM/9zmNGD68t4sOAAAAAAAA9CkEVvswwzB05coVNTY26uLFi7p8+bJaWlpkGIYMw+i4gsOh9rY2Xb16VS0tLbp08aIkqf7CBY0dO1bp6ek9fAQAAAAAAABA30RgtY8xDEMtra1qbGzUubNn1djYGLqAwyFFCKo6HI7gNqxlHA6HDMOQz+fT5cuXNW7cODmdzpBlAQAAAAAAAHREYLWPMAxDly5dUm1trRoaGgLT/UFQwzBCgqoOh0OGJIdt/ZB1woKnV65cUVVVleobGjR2zBgNGDCgW48HAAAAAAAA6MsIrCa59vZ2NTQ06HxdnS74fKEzw4KjDmtaYCiAKJmnhhTMarWCsYbMgGvd+fNqamrSiOHDNWTIEKWnpyslhXecAQAAAAAAAHYEVpPYhQsXdObsWV1saAhkmTpkyz61AqKy5tkzVDvMVzCLNcDhUIo1zbAFV5ubmlRdXS2Hw6EhQ4ZoQHq6hgwerMGDBys1lVMGAAAAAAAAIEqWhJqamvTpp5+qvr4+MM2fZeoPjAaCpIZh/tiHBAhnTfPPS0lJCQmm+vnHXA2uZpjDDjQ06Mzp08oYOFD9U1M1ePBgOZ1ODRgwgPFYAQAAAAAAcEsisJpE2tvbVVNTo7q6OrW2tobODAuYdgigRgqodrKfSNuJGJSVAsMFNH32mSTp4sWLOnnypNLS0jR02DBlDhumwYMHM2QAAAAAAAAAbhkEVpNEa2urjnz8sZo++yw5A5QRMlNbr1zRubNndfbMGWVkZCg7O1tDhgwhixUAAAAAAAA3PQKrSaChoUGffPKJWltb5XA4QjJKk0Jn2bAOhxwOh5qam1VZWakhQ4Zo/PjxSk9P77nyAQAAAAAAAD0sCVMjby2nT5/WJ598oqtXr8phZao6UlL6ZNZnSkqKLl68qMrKSp08eTL60AIAAAAAAABAH0fGai+qrq5WbW2tmfVpTUvKjNUuGNbLs/yB1CtXrqimpkZXrlyRy+VSv379ermEAAAAAAAAQGKRsdpLvF6vamtrzcxUw5BhGEpJSVG7YcjhcASyV5OdYRhmWa1j8E+Tw6Fz587p6NGjunr1ai+XEgAAAAAAAEisvhG9u8l4vV6dPn06OMHq9t/e3i6HzMCk0VeyVh0Os6zWWKsBVqC4oaGB4CoAAAAAAABuOgRWe1hNTY1Onz5tZqX6u8/bMj373Lik/vJGKHu7FXC9dOmSvF5v3zs2AAAAAAAAIAoCqz2orq5O586dk9RHg6hxcqSkyCFz3Ni6ujqdPXu2t4sEAAAAAAAAJASB1R5y+fJlnbRe6HTLsAWPHQ6Hamtr1dzc3MuFAtAjzv1OO9/8a4QZdTqwc7u2bQ/7KauSqsq0bedB1cW6j7qD2rG9TFXh06vKtG37dpVVhU2LZ9tAsrPO821loS2g7uBO2/lfpbLtO3Ug/MSP2h6Cy9cd3Nlh250XZ7u2hbXHqrLt2nGQVoc+rov72Y2f41Haqf9+GdJWzWlxNE0AANDNUnu7ALeC9vZ2HT9+XC3NzYEXPd0K/C+2Mtrb5XA41NraqhMnTig3Nzd0PFYAN5W6Hd9TxS5p6Phx2vl372v8fz0jd9gyaVkFejB/eNhUtx4OX7Az9U1q7Wz2iYOqc+crfC/ATSMtTWkNZ1Qlt9XG6uT12VuFW8Uz4mlUN6pBnxysk7tD2wb6pljuZze+k0tqkpQebX5rrSqr8lXck00ZAADEjMBqDzh16pSamprMMVX7ykupEsDhcEiGERxLVtLFixd1+fJlDRo0qJdLB6C7DH/wx5ox+nVt/0WOCv7rq7EHNqvKtO1EhgqnZ8u7s0LN6UNV39CsrILpGlK5XZUN1nJDJ+nhYqnsiDmhsqxK7g5/cQ5VltOngwfrIgRw63RgZ4Vq/fGntCwVTs+XDu7UvianspprzXlDJ6kw44T2mb8od0ax3DIz+fb5Vx46SQ/z1y56jVPOoT5drJM0XFJdtXwaqmFp/sZSpbLtJ5ReMF1366B2VNSqVdKwoUNt27C1h6FDNSzSbuqC69rbQgdDs+T0HdKBuum6u0Ozs2/D/+WKdGBnhZqdWWqqtco2qUDpJyoCbdDfvqrKgteAyF/MAIl33feziOf78ND7R1qWeb87ZC5Xe+ig6qZ3/DIwLStLOlKmKneEdldVpm1HGgK/Dps0Q8Vuq91npau2tkFSmrIKxqu54ojqZW8/VSrbbk4zl4nQbgEAQJcYCqCbNTY26vz588EMzVsoU7PDOLLWsZ86daqXSgSgR5z7nXb+IkcF/3BMFRG7T0qttRW2oQAidOeXVK9ReniGGRD6pGGocmfM0MMzJmlYwwkdqHOreNJQSUOVGyWwOSR/vDJqKztuu65eQ/Jm6GH/9lp98vr7WTb4pLwZerggS2kNR3RQeeYyatCZKklVZdrnc6pwxgw9PKNAWc1H6JKJXjUkQ/JVmydwXbVPco6KkPlWpwOHaqWsAj08Y4ZGKRiIqTt4SLXKMs/pUbKCLHZVKqvwyVlgtpnCrGZVRj3pB+vu8emqrew4v65+sPJnWO1u0lC1+qoD3ZvrfVL+jBkqzEpT/ZFDZhucNFRqOKMqmV9mVGpSoM1m1B6K0G0a6AYx3M8iiXy+V6myVsoqsO4fqlVl1XDdnZelNKUpKy9aD4ts5WY165MIQw5UaZTVLqz2c8bf9lpV22TOyx3aqtqKMxplLWOWpU4Hdh6RJvnLmG4Gdq+njgAAuMWRsdqNDMPQ6dOn1doa1lnV4ZDDmn+z82erpqSkBIYGaGpqUnt7u1JSiOsDN6Xbv6rpPzL/OeNvIi8SS8ZZWoaVOzc8W860ClVu367KoZP08Izp5vSOEaAwbhVPOqMdB+vkHmybPNwtd0jWalowEJXmlGu4JA1WhnxKzzbLmJ4mNUuqu9QstTZo3/ba4PbOVEluslbRO4ZlO6VDZpDS65OcecMkX9hCF6vla02T0zqf3aOGqvKE5B86IM2ZbQZ03KM07MiJ0HXrLqlJraqv2K5tgYn24QfCuIuVe2anDtS5NcQ2ebjbHZrFl5YRmBfY/+B0yZdhtcEMpalJklTf1Co1HNG27UcC6zRV10nDSa9DN4vhfhZJ5PPdrVFDj6iyYru2pWWpcPoM87yPIZo5PD9Pzp2VqlJuyHS32x2atWpLRh82ymyhwzLSJI0y2+vgdOv6UK/mVqn+yHZtCzSrZnlpVgAAxI3Aaje6fPmyfL7wv25kvtSp54vTK/zB43ZrCATDMNTa2qqmpiZ97nOf682iAegzhuvu6TPk77a4bfsRs7tjLKu6c+XceUgH7Dl81h+hwybN0MNWl8m40P0fyWR4tpw6JG+V5JNT+cMlb8J30kn3/wjcuU7tOHRQoc1uuyqtzHN3VZm2xdns6P6PviTa+e4unhH4Ym/f9lrzvM6OZYvDdfd4aVtZtbIC06wvCJWlwhnF1nA28ZSS7v8AACQCKYPdiC7v0TU2NvZ2EQD0FXUHtWPnQdXJreIZBcpKi2fl4bo7zylfbUPo5LQs5bolVZ3pOvHVvrXB6VLDCasbcqLeCA3ciOFyOSXfCZ9a0wdH7ko8JFvOtNbAkAFVZxps66YFu+VHag/DByvDeimVZHbLD31LeaQi5Svf6VPHZpcrd8j+YzMsI02tgWE9qlS2nbeiI/l1PN+rVLa9TFXWl4W5QztbOwJ3sXJVGxwf3DJsfL6Gd3hxXVeGKT2tNThsR1VZ1GF5AABA58hY7SZNTU2qr683xxW9Bbr8x6uhoUF33HFHbxcDQF8wPF/5zp3at327+fvQSXrYLakuQ2mqjfLyqtD1/6+htapstn53j9KwI0fM7vxDs5SV1qDmWKOr7mIVXtqpff5u0UMn6WGy6NDLhmc7pdpaDRvvVuR+xeY4jjsqKrStNvTlVcPz85RlZc9FfnmVW8UFlwLrmtmr0caCtO0xf7yG1R6RP4HOPWqoKo9Y+8/KUlpDU8xfagzPn67cpu3mcCCysldJGkeSaK31tw0pkAUa8XzPV/GkM9pmncdKy1Jh8XBJ9cpQbdSXV9m5c7P0SYV/Z+YXI/uObNe2I2nKyhoq+S6pToM72YLfcN09fVKgF4i/3DQrAADi5zASPNDniRMnNH78eLU0N3e98E3syJEjamhouCXGUb0egwcP1uc///neLkaPam9vV8bAgYE2kggnTpzQHaNGJWRbAAAAAAAAfc3pM2cSFmexKy0t7XIZhgLoBu3t7WpqimuQo1uOw+Ho7SIAAAAAAAAA142hALrBxYsX1doazzhHAAAAAAAAAPoSMla7QX29OWqYw+EgMzOK9vb23i4CAAAAAAAAcN0IrCZYe3u7Gi9fDvzOGKuRNTU1UTcAAAAAAADoswisJti1a9fUzPiqMSGwCgAAAAAAgL6KwGqCBTIxHQ4Ch50wRGAVAAAAAAAAfRcvr0qwz8hWjY1hqL29Xf369evtktziPtYv/vlV7Ykw595n39Q//I/O1q3T7h+9oH0FL+v5z/9VK16oUOHL39d9w8OW2v0j/e9N0pPh8z7eqG/9eoz+5fv3KWwV3ATq6+vV0NCgtra23i4KkLRSU1M1dOhQDRs27LrWp50BXaOdAd0vNTVVQ4cN07ChQ3u7KADQ4wisJlhLc7P5DytrVWRlRkTGanLpOoh6o05o446Pdd+T3boTJIn6hgbVNzTotttuU9qAAb1dHCBptbe3B154GW/Qp76+XvX19botLY12BnSCdgZ0P8Mw1NDQIEkEVwHcchgKIMGuXbsW+LejF8uR9KyMVdwixo/X+D2v6hcf93ZB0BMa6uuVlpamlBRuMUBnUlJSdFtaWuCP0Xg0NDToNtoZ0CXaGdD9HA6HbrvtNjVYX2IAwK2EjNUEIwszdtRVH1C3O6yLvzl0gOLOcC3QY09Iq17dqP/55pOKuGrdbq14YZNO+H+/91n99Mn/oeCQA09o7KZN5rAF45/Qv/yj9B/+5cc/YRtSIHR4g+7PxkW4trY2MnuAGKWkpFxXF2PaGRA72hnQ/RwOB0NmALgl8fVrArW3t+vixYuB3w2ZNxh0ZBhGSHYveteeV/9Z3/rn4M+K3XUJ34fzvn/Uk+P36FcRt12n3T/bpLHPvqmfvvmmfvryExq/59eyL3piU43+55tv6qdvPqt7T2zS//6Z9E/+ZU9s0u8/trbzo1d18omXA9s5+eqP1A2HAwAAAAAAbnFkrCZQe3t7hyxMsjKjo26SR89kdQ7Xff/4hPa98DPt/vz3dV/4vO+/GfzVV6MTkgptS4x/4kEr09WpseOl8QWfNzNUh4/SWP9CdX/VvhP36rHvW6/DGn6fHrt3k3711zrdF/5WLQAAAAAAgBtAYDWB2traAuOGOhwOAoddYIzVW5AV6Fz1s936/NdCZ3288Z+1yt9/f/x4jb+e7ftqdEJ7tOqf94ROv9cnicAqAAAAAACITen/z979Bbd133ef/xwQJEXqD0EStikLjInULveJ1F21hbcrjwfMzOOO4wxnZ+RNmy7p2aqtKo57saNQeyFLsymaGdm6WDHai30yVNWEnTG5STYT33DieB5fhJiMNVuj+7hPrKSMXYMuKYm2IRGSSIkkgHP24hyAAP+DAngA8v2a0Yg4f37nC5DEj+eL3+/7O3Nmw2NIrJbQ4uIiydQi8FrtTp29/Qr3DejnsfDSxsSYfhoNqjdby9Wp7Vq01oCCCuvlteq4AgAAAAAAlAiJ1RJKpVK5r0kZbowRq1XA36Z2xfVedir9eExRSeENT1xPp17pD+vUQFQK9uRtj2vSGVg6/s6I4goWlALYXLyH9VxwRD8de1GvdfmVXchqsueC8xjum9BoZEix5ZsD3Tp9MiTfI7WdVOzqZX1w9LROhh6tJQAANmd5vxbSiUi3OjZz5mhEQzqhSHfHml8DAIDKRmK1hPITq2I05oYYsVoNOvW1nqDOjZzXqRFJ4R71BqXJR272RfUGoxrOPs6WCBjosxO3/f0KRwdyidbN86vrbL8m+5x4JSncryskVStO6ERES/eLdkL08qifm0gAQPVIxnT18qjUfVoR5wO9ZOyqLkdGN51cBQAA1Y3EajkYxlJiNf9rFCCxWgk69crg4LpH+LvO6krBSlPZB/aCU13OttcGu5afusb5y891Iukd1JXevA25uJYfu/zx8udgP35l3WeFyuJT6IWQRoc+1ER3BzeiAICqMPHLUU2FTuSSqpJlrDNZAAAgAElEQVTkC31D3R9c1rux57c8e6KjO6JIqYIEAABlRWK1DAzllQIgebgmSgEAWNPEqCJDSxMrA93O9P5kTFcvf6Cjp0/Kvl+1p2CqYAQsAADlNqEPY1LoxPLOx6fQyYhCeVuSsau6PDplP9hE6ZulUgA+u8RNW0iKxWS3UFhqYGI0omx3GQqFFIvJ2W/PBsleViFKCwAAUA4kVsuAVOrmzC8suB0CgIqQVOzdmBQ64dwoTmh0aFrdpyN28nRiVJGhX2oixLRKAECFSCY0rYCObjQodWJUl0fbdCJyMpfsLLb0zVRMOhGJ5M4fGj1inz8xqqFYqCCRKielm4z9RKNtJxQ52aFsyZ3RCT6EBACg1EiswjUL8/NuhwDAJbGhSOECVoFunc7d7XWoO3IytyuZmJbUto3RAQBQGhMf5n9wWFj6ZrMC3c/nzvfndYert513YuxdxZ4/qZDPHkULAABKj8QqXJNMJpXJZFRTU+N2KAC2WWjdqfuF0xcDgcB2hQUAwOb4/GrTlKaT0trz+pNKTEuBDYe1bsX6bftCJ3VaV3X5ckSjkqSAunNldAAAQKmQWIVr0um0Zmdn1dTU5HYoACrJxC81OpVXQ25iVJGhjU4CAGA7dehISBr6cELdHYWfFC7VSO2Qv02aWj/7ukW+Ddv2hU4qEsqL6ScxPb1BfVcAAFAcj9sB7EgsWLUxw5Ak3bx5U5lMxuVgAFSeaSWSUq7+apYzQuiDj5P244kPC0sKAACwTTqe71YgNqSrseTSxolRDcUC6n7eTrZ2HAlJsQ81IWmppviRktQMX7XtXBgRRUYnco99bQGpzU9SFQCAEmPEaglZJFQ3z7Ikw1AymdT9+/fl8/FnHgBHx/PqDlzW6OWIRhVQ94luBYY+UCIpdfg69Hx3QJdHLysyKinUre6ANO12zACA3ccX0smIX6MRp0+SJIWchaocHd063X1VlyNOjdOCmuKPqKNbJ0IRDUVikgLq7g5JU9ldp9V99bIiudKqIZ2IsHIVAAClZlglzgbG43EFg0HNP3xYymarwtTUlCYnJyXDkCESrRsxDEOWZenLX/6ynnjiCbfDKTvTNNW4d2/ud6QU4vG4DraxqA8qy0cffaS9+/a5HQZQNeZmZ/XMM88UdQ6/Z0BxdsXv2cSoIu+26TTT/eGSrfyeAUAp3JqeLlmeJd/Nmzc3PIZSAOVgWSKlunkkoAEAAIDiJGNX86b7O6UAmO4PAMC2ohRACRlO3VBJ1FkFAAAAUDa+0AsKRYYUyZZWLWWZAQAAsCkkVkuoILGKdWXLAEiS18uPIQAAAFCcDnVHIup2OwwAAHYxSgGUUDaxSoK1OHV1dW6HAAAAAAAAABSFxGoJkVDdvPy6qrW1tS5GAqDUvF4vtZOBTTJNc0szN7xer0zTLENEwM7D7xlQfpZlMRMRwK5EYrVMSLJuwDAkw5Dh8ZBYBXYYn8+nxYUFbkaBDZimqcWFBR04cKDoc5uamvg9AzaB3zOg/CzL0sLCgpqamtwOBQC2HR8plVA2mWpJMpY2spDVKgzZHfDjjz/OJ5vADtPc3CzLsnT37l2l02m3wwEqltfrlc/nU0tLS9HnZs/h9wxYH79nQPnlfs+am90OBQC2HRmtEsolCC1LlmQnVbGq7DRhPtUEdqaWlpYt3cQC2Dx+z4Dy4/cMAACsh8RqCS1fhCk7KhMrZUf37tu3z+VIAAAAAAAAgOJRY7WE6urqlmqrMlp1XZZlyefzrUhGAwAAAAAAANWAxGoJ1dbWqqamxn6QLQeANfl8Phb5AgAAAAAAQFUisVpCHo+nsGaoZZE4XINhGGry+dwOAwAAAAAAANgSEqsl1tjYmEumGh5e3ny518UwdODAAe2pr3c5IgAAAAAAAGBryPyV2GOPP676PXvkqamxywGweJWdUHWSqh4n2dzW1sZoXgAAAAAAAFQtEqslVl9Xp9bWVlmm6XYoFcWQvWCVZVlqaGhQc3Oz2yEBAAAAAAAAW0ZitQwCgYD27NnD4lXLGIYhy7LU0dHBaFUAAAAAAABUNRKrZeAxDP3u7/6u6uvqSCA6yVTJHrHq9/sLF/gCAAAAAAAAqhCJ1TJpbGyU/7HHdn2NVUNLI1UbGxv1pS99ye2QAAAAAAAAgEdGYrWMnjx4UHv27HE7DFdZzj9Jam9vV319vZvhAAAAAAAAACVBYrWMvF6vnnzyyYJthmFIu6U8gGFIliVZllpaW9XS0uJ2RAAAAAAAAEBJkFgtM5/Ppz0NDQXbstPjdzynDELj3r3qeOopl4MBAAAAAAAASofEapnV19erpblZ0lKtUUu7JLHqaHviCUoAAAAAAAAAYEchsboNDh06pAMHDsiyLHk8HsmyZFnWrkiuHjhwQI899pjbYQAAAAAAAAAl5XU7gN3A6/Xqd37nd/Sbf/1XLczP74qEataBAwfsZDIq0q3pabdDAAAAAAAAu9zBtja3Q9gSEqvbZM+ePep46inF43EtLi66Hc62MAxDfr/f7TCwjmp94wIAAAAAAHAbQwm3UXNzsxqchayy9VZ3soaGhtzzBQAAAAAAAHYSEqvb7KmnnpJlWTJN0+1QysIwjFypg7379rkcDQAAAAAAAFAeJFa3WUNDg/btpIRjXr3YXO1Y5//WlhY3IgIAAAAAAADKjsTqNjMMQ00+X+7rapf/DKzsP8tSfX299u/f71JUAAAAAAAAQHmRWHVBs5NY3QkVVi3LWpr+73wty9L+/fvl9bI2GgAAAAAAAHYmEqsuaGxstL/YIYtX5Z6Fk1SVpCeeeMK1eAAAAAAAAIByI7HqgpqaGrW0trodRuk4ydQaj0eWZalx717KAAAAAAAAAGBHI7HqkubmZrdDKCnLsmSapiTpiccf3xH1YwEAAAAAAIC1kFh1yf59+3JfezxL34ZcvdIqkR+r5YxcbWlpcSscAAAAAAAAYFuQWHVJXV2dXZNUTkLSMCTDqM4FrfKSq36/335uAAAAAAAAwA5GYtUlNTU1uQWeLEmGZNcqdUZ9VtOo1fxFuPx+v4uBAAAAAAAAANuDxKqLWpw6q4aWptFXm+Vx792716VIAAAAAAAAgO1DYtVFBw4cUFNTk/0gO0LVMGRZVlUmWuvq6+X1et0OAwAAAAAAACg7Eqsu8ng8evzxx+0kahUmUpd74vHHCxbiAgAAAAAAAHYqsmAuO3DggBobG3OPDVVXfdX8WGtra12MBAAAAAAAANg+JFZdVldXt1QOoArlj7MlsQoAAAAAAIDdgoKYFcDn8+nW9LSUra1aRSNWlY3XsigDACBnZmZGyWRS6XTa7VCAiuX1euXz+dTsLGYJoLLQlwEb83q98jU3q9nnczsUAHAFidUK0NjYqBqPRxnTlCxLhpRbxKoqVEucWMW43uwbUHS1XcEevX62S/6SXWpYpwakM4O96ixVm2WJJaGxi+f13rELeq2rZM9+V5mZmdHMzIzq6utVv2eP2+EAFcs0Tc3MzEgSydWSsN+/h+PZx0H1XjirNd/Ky9YvbdSP2H2v+gf1iusdItZCXwZsjmVZSiaTkkRyFcCuRGK1Ani9XjU0NGhubk6WCqfXV5Nqqg2LQmFu7lBCyWRSdfX1jGIHNuDxeFRXX69kMkli9ZHZycrJngu6ctZJZibG9Mb5Pr3Xk01wktDE5tGXAZtjGIbq6uqUnJkhsQpgV+IvhQrg8XhUU1OzlJi0rOoZBZqXTK2aEbYAyiqdTnMjCmySx+NhmnEJjA8PKBruLxwh6u/Sa/1hxUfe0bh7oaFK0ZcBm2cYBn0ZgF2LEasVosbrzSUmswnWaktUzs/Pux0CysGZKtnbM6nhEXt+Zbh/UM/G+nTJqSGQHfE6PtynS+pR7+SIMxUzvOYUy8TYRZ1z2lsqO2BPn5w8vjSaKDF2UeemjutKb6cTztJ1Fe7PbV+7zU1IjOmN8yOKS1IwrPCmXxwAgPvG9X5UCvev0tt0hhTWgN4ff1HTbzmlbwb67FGrziHTYxd1yek7gj350/cLy+Usze5w+qr2sKLR6Iq+aPUQh3VqINtp0s8AAADsFCRWK4RlmlWXSJVUMLL2wcOHLgaCRxEd6FtRZ7WwPEBU7+mCrgz67eSlc1N6pddJdL41pq+d7XIOHdFk/6CuZBOtFwMrE5zjwzo30q4zg2fV6dygnhtu05XeTh0+FtRwbFyvdHZKSuj6tbjCx+1AEmMXdWmyR68PLiVh3xhzboIL2rSvnW1zfQmNXR2Rei7oitPOqQEpeOwRX1QAwPZITGtSQT3XutrOVrUHpfempVfO9msyvxTAuJTfv9nv/1c1dvisuvwJjV10Sgt0+Z0P4C5qLK9ma3QyoNcHBzfxAd643hyI5vrVxNhFnZNIrgIAAOwAzG+pEKZpFoxUrZYka35d1cQXXyiTybgYDbYq3D+oK4OF/wrrz4X1snMn6W9rlxTWs87+1kCwsLFgj77m7Ot8sUfB+DVdTxQeMh6LSuGQM5LVr67jYSka07gk/+FjCjpfK3Fd78Wz18omWbNJWvu8+LXrSjhtBntezI2O7XyxZ6md9SSu6714UM8d9mdPVG9w/VMAADvFUv+m1oByb/9O/5Pb5+/Sy+G43svr0ILHDm9uVsR4TNG8ftPfdZykKgAAwA7BiNUKkE6nZZqmLFVnGQDDMGRJymQyunv3rlpaWtwOCW5qb1u60fS3qX3FAQlNT0rBY6sOLZL8h/VccETvj/eqU1OK5xKwtzUZX210bVi3nTbj0fM6NZK/L6jphNS53p3v7SnF1a6Xl4JW28qgAQCVyt+mdsU1eVtamem0+472435Jtzff5u0pxRXVpb5l8znCtyWt0X+tIWF3enln2aNoJ4tqBQAAAJWIxGoFuHnrlu7fvy9JsgzDLpRfJaUBlsd469Yt+Xw+iv3vZpPTSqjTvrdNTGtSWpZctROX8alV74Al+XPlAJ5VVOFQr7PdvhENH19jNed2KXjsQuHCJZvRGlBQ1/ISsHaSVoHimkExkopdvazRKftRoPu0ToaWryJrHzP9QkTdHYV7JkYjerdt6Zxk7KouZxvLs3q7AHaeTj0bli7lysjkcUaLntmoKsxyrQEFFdbLq9YJT6xywtr8dqenpV7PTvYCAACg+pH9ctHi4qI+/fRT3bxxQ5JkeDwyJJmZTFUkVfMZhiHDMHTv3j199tlnbocDN+VN/R9/Z0Tx4DEdXpbr7AwtTf2XEhp7K780QLYcwIAuRYNqzw3xsROu0bfGcre048N9OnXRftwZKlz5OTF2Uaf6hjcuBeA/rOeCcQ2/4xyZuK73uOEtq4nRyxpVt05HIopETqht9LJGJ/KPKEy8Fp4b0VCscJsvdFKRSGTp34mQpJBeIKkK7Bqdvf0KRwf0xlhe0jMxpjcGCsvEbJr/sJ4LRvXTXHvjerOvr7D9TQcXUlh5bY3HVtQ1BwAAQHVixKoLFhcXdfPmTd25c0cLCwvyeDyyZC9glV+ztBoUlC4wDMkwNDExIY/HoyeeeMLl6LBZqy1eJYV1ZtWROhsIt2vyfJ9O5droWjkutbNXr/dc1Lm+PvtxsEev5y8y5T+s54JSXIVJWX/XWZ2Z6tO5vux8/7z2l7epoHovbCZ+v7qcBU1ORe02w2GmaJbPhD6MBdR9OiQ77dmh7khkaXcypquXRzUVCik0FSs4bzQypFggpFAgpul12h8diil0IqKONY8BsPN06pXBCxq7mF8SJqjeC4NamsjgjGwd6NNkzwW91rZee9m+Ia+9cL+9kFWRI1alTr1yoUdvnHfaCoYVppY3AADAjmBYJR4aGY/HFQwGNc8K8StkMhndvnNHN6amND8/v5SUlFTj8eTqrKqKRqsaHo/kLLaVnxS2LEtPPPGEDh48qIaGBhcjrBymaapx797c70gpxONxHWxb985wW40P9+mS+nWlt+h07Kpt/TSwhan9cN1HH32kvfv2rb5zYlSRIelEpHv1xGdyQhPqUIfPTqTqRLYUwIQmJjrU0WGPZv3g6OrT/JOxq7r8wVGdPplN3AKVb252Vs8884zbYQDIs25fBmAF+jIAbro1PV2yPEu+mzdvbngMI1a3STKZ1L9PTmpudlaSs+CTk0DN/7qakqqSPcpWkjwej0zLUja1ang8+uyzz5RMJvXkk0/qiSeeqLrRuHDTuN6PBvXcBZKqO1KgTYpdVcSZ619QC9XXscZI0w51bDgEdUK/HJ1S6MRJkqoAAAAAgLKjxuo2+Oyzz/TJJ59obm4uty0/fWrJHs1YbXVV81mWlRu5mv3a4/FoYWFB8XhcH3/8sVKplNthohqMD+tU34Ame06Kwao71NSo3tU37Hqop7ulFTVWt2jiQ8UU0hFqAAAAAAAAtgEjVstsenpa8bi9Eo6npkZmJmPvyE+iVnFCNWt5UtiyLFlyRrKaphKJhFKplJ5++mnV1dW5EyTKrrN3UFcevRFdGewtRTioWHkLS/lCeiE0qqEPJ9S98ZDUdSUT01LoBWqrAgAAAAC2BSNWy8SyLP375GQuqWoYRm7a/G5hSDKdkauGYeju3buamJhQJptcBrD7+NoUWGVzoO1RJ+8n9fEHUyVoBwAAAACAzSGxWgamaerfPvlEN6amZBiGPB6PLKmgpupukC0JYJqmDMOQ4fHo9u3b+uSTT6q67AGAR+B7WkcDMb0bS9qPkzG9Gwvo6NOPnlidnipFOwAAAAAAbA6lAEosnU7rtx99pLvJpD1KVSoYqVqwUNUOl00gG4Yh0zQlw5BhGEokEvLW1ir4iNN+AVQjn0InT0tXLysyam8JnYgo9Mh51YSmJbU9angAAAAAAGwSidUSmp2d1b998okezM3Zo1QtS4YkOcnUbKJ1tzGchKq1tEHTt27JW1Oj9vZ2N0MD4AqfQicjCq17TIe6I5HNn+sL6WRk/RYBAAAAACglEqslkE6nNT09rc8//1yLi4uS7NqihpRLqObkPd7pI1ezzy9jmjJk11yV879lGJqampLX69XBgwfdChEAAAAAAADYEhKrj8A0Td25c0efffaZ7t27V7jTsnIjNLMJxoL/d0mdVUkFr4Wk3HM3PB7dunVLhmGorY0JvAAAAAAAAKgeJFa3IJPJaGZmZvWE6mbt8NGq68qO2rUspVIp3bx5U5JIrgIAAAAAAKBqkFgtwvz8vBKJhL5IJDT/8KE8Hs+uWoyqlPJH7y4uLio+MaGFhQW1t7fL4/G4HB0AAAAAAACwPhKrG0ilUkomk/r8889zo1NzizE5yUGSq1vgjFjN1Z+1LN26dUsPHjzQU089pYaGhsLatACqhtfrlWmafEgCbIJpmvJ6+XMMqDT0ZcDmWZZFXwZg1+LdbxnTNLWwsKD7s7NKfPGF7t69m9uXTaDmJ1FJ/m2NIclS3uJezut49+5d/cu//Iuampp08OBB7du3T7W1ta7GCqA4TU1NSiaTqquv54YUWIdpmlpcWFBTU5PboQBYhr4M2BzLsrSwsCAffRmAXYrEquxRqQ8ePNDs7KySyWRB3dTliVPDMJYWYlqWZMXmZROq2Vcv+ypnX++79+7lktoHDx5US0uLGhoaSLICVaClpUWS/UFJOp12ORqgcnm9Xvl8vtzvDIDKQV8GbE6uL2tudjsUAHDFrkysZjIZPXjwQHNzc5qbm9MXX3yxYhSqJS0lTg0jN8KyQN40dmxNNqGaTbSaprm0z3l9b926pVu3bskwDB08eFBNTU06cOAAoweACtbS0kKyCABQ1ejLAADARnZ8YtWyLGUyGT18+FD3Z2c1//ChHj58WDAqdbVzlm1YmVTFI8u9zk4CdfnrXrDfSXLfvHlTN2/elM/nU1NTk5qamtTY2EhJBgAAAAAAAGyrHZdYza4yf//+fc3Pz9vT++/elZU3EhIVZqMRv8v3G4aSyaSSyaQMw1Bra6v27tsnf2ur6urqyhcnAAAAAAAA4Kj6xGq2WHYymdSdO3c0Pz+vhYWFwoMMIzeikZqoO4BTniE7ijWRSCiRSOjfP/1UDQ0NCgQCamlpYRQrAAAAAAAAyqbqEquZTEbz8/N6+PCh7ty5o9nZWS0sLNh1UZ2kqcfjWX1aeXb1eZKr1Ss/WerUvs1ttyzNz8/rt7/9rerr69Xa2qrHH39c9azmCgAAAAAAgBKr6MSqZVlKp9Oan5/X/fv3NTs7qzszM4XT+p3RqJYkw+ORLEumaRYsQJU7NNvuNj4HlInzfbXyHzvJdcPjUSqVytVj3b9/vx577DHt379fDQ0NjGQFAAAAAADAI6u4xKplWXrw4IHu3bun+/fv6/bt24UH5E/rt0+w/3dGL1p57eSSrtkkHCNVq98q9VZzCfNsctU0cz8Tsizdv39f9+/flyS1traqublZTU1N1GMFAAAAAADAllVMYnVhYUGJREL379/XzMxM4c78Kd8OK2+f8hKn+Wm35ecYTikAFrKqfrmEeX5iPW/0cnbf8tq6t2/f1u3bt9XQ0KDm5mYdOHBATU1NlAoAAAAAAABAUSoisXr37l1NfPqpHszNLW3Mr4W6LGG6qlWOWbXOKnaEFd9L5/u/vPxDrrZulvNz9fDhQz18+FA3b95UU1OT9uzZI7/frwMHDmxH+AAAAAAAAKhyridWLcvSjRs39GBurrAuat7K7yW+YGnbQ2VZ7fubv22V/Xfv3tW9e/f0+RdfqLGxUV9qb5fP5ytjkAAAAAAAAKh2rs9/vnPnju7evbs0qnCDJBhQah6PZ2kk64MH+uSTT/Tb3/5WDx8+dDs0AAAAAAAAVCjXR6zeunVLhsdjT+XOJlLLMVIVWINpmjIMQx6PR5lMRouLi0omk7p9+7aefPJJPf7442poaHA7TAAAAAAAAFQQV0esPnz4UHNzc/Yq7quMVDWM5ctPAeVhScpkMvbXlqVMJiPD49HNmzf1m9/8RtPT09ToBQAAAAAAQI6ridXbt28XJKuyq7pnkcjCdjCcEdIFP3+GIcs05fF4tLi4qHg8ro8//ljpdNrdYAEAAAAAAFARXEusWpale/fuFSRPc6u6y6l7CWyDbEI1+/NnGIYM53/TKVFhGIYSiYR+85vf6MGDBy5HDAAAAAAAALe5VmM1mUzai1bly0uymqa5zRFht1r+s7ZinHTeKOrZ2VlNTEwoGAxSdxVYx8zMjJLJJKO8gXV4vV75fD41Nze7HQqAVdCXoVp5vV75mpvV7POte9yv/uuvCpY3+b3/9vdy+8b/dVyp1OKq+371X39V0E7+PgDYbVxLrD5gxXVUgfzSFB6PR6Zp6u7du5qamtKXv/xl1dTUuBhdKYzrzb4BRZdvDvbo9bNd8q952rBODUhnBnvVWapIhvt0Sf260rv5Ftc7ZyvtbbvEmN44PyL1XNBrXfmv9rje7HtL7RfOqmvNb0LRF9PYxfN679jya5XezMyMZmZmVFdfr/o9e8p6LaCamaapmZkZSSK5+kjsvkz9g3plxVv+9r33PYrE2EWdG4mvui+86vPapBL11+PDfbq08o8F9Za0n6os9GWoZpZlKZlMStK6yVXLMnX0D/5QhqT/75//uWCfaZr6yuHDqqurW7HPskz9wR/+obTKeQCw27iSWDVNU/fv3bMf5H9EBlSYFXV+nZ/XRCKh2tpadXR0uBNYiRXetNk3oecuav3kahkEA63beLXKER95R+NdpUtSuy2ZTKquvp6SLsAGPB6P6urrlUwmSaxi4w813RYu/LAyMXZR585flDaTXE2M6Y3z1/RcFSVi6ctQzQzDUF1dnZIzM6smVv/zh9+XJPkzv6/U4qIkKZMxc9slqTn1FaVSKRmGsWKfP/P7WlzlvD8+8pdle04AUKlc+UthcXFRM84naMYGxwJuy45atSyrYJGrW7du6f79+y5HVw5+dZ3tVzg+op+Pr3FIZ6+ulHC0qiS1BoJqbyvd3VZn72Blj1bNCSoYjOrS8FovdvVJp9PciAKb5PF4mGZcVn51nR2s6NGqZVWG/jrL33VWZ8JxDb+zc/qvfPRlqHaGYazZv5hpS4FDhwpKopmmqSefbMv9MzK1qq2tlWVZK/YtPy9w6JDMNIOlAOxOroxYnZ+fz41SXTEiEKgkThJVUm4Rq3xffPGF9u/f70ZkZdaq9qD03nRC6vRrfLhPP1VYikYVD/bo9eNTOjcgnbkQ0E+XjUApnIJfWGpgaWSsPSp2sj2saDTqjII5q1eylx8f1qmB7Flbm2q4vBRAwTTLglFBa8TojK5pD0vRaDy7cylZu16MzhT/+Cbjf+54jzQwoDdDq0z3XDHKJ3/Ka3aKa4/aR0bs5xDs0esnpb/PXn/FCKjrerMv79i8fQVTPfOe64rvfyWPqAKAAstLAazVL63TTzjT6cPhqKLR7O6l0gIF753L3iPX7nuKY18jvDSlf3xYpwYm1XvhrNre6dMl9ah3ckTDcUlafpxTCmB8WKfeksKKKhoP6oX/Pq5/ezqvRML4sE69FSgqxtZAULo2rYQ65V/+WuT6v3G96fRJ8bwRrqV6bQAUL522lLZSMs2M/jkWy21fWEjlvja1uOa+TCZdsC9tpZQmsQpgl3IlsXpvR47yw45kWTLzk/+GIUP2J7OGYeizzz/Xk08+qT07rvaWX23tUnzqtuTc5sSj0pnBwdyNmn3YYT0XHNF71xPqcm5Y349K4f5O2TezA5rsuaAr9h2U3jh/UWN5ScboZECvDw4uu5Ea15sDk+q9MGgfNz6sU1fHdPhRbrjGh3VupF1nBs+qU/aN37nhNl3pbV07RvtZK6p+XRnsdPZlk5/rxWjfQLb3D+q1Tmff+WG1rTdiqLVLf91zTefeGtPXtvA84yNTenlwUK84CYNzV3vs19VJ8P58vCuXOIiPXNNzFwZ1xe+UfBhu05XeTiXGLurSZI9eH+yS30lEvDG2dMNd8P0HgKq0Tr90e61+IvuuF9Vk4IKuDPqdZOVVjR22z1t677TP+/uxw/Z755p9zxrvpDp7gyAAACAASURBVPERnesbKdzmJBw7ewd1Rn26NBzSlV7pzYGowv12HzQuSdERTfYP6kqnk9y8uEaCNB6VnOPsROp1Jbqc2GNRBY9dKKoP8tt/LOi2JP/4ytfi0jvj6urt1CsXejSZ/yFhsa8NgJLKpEzJslT/O9PL9iwNIvEGv1h739OfFe6yDLtNANiFtj2xapqmPvvss40PBCqIYRiyLEuWadp1VrMjVy1LDx8+3IGJ1VWEQ6sk1fw6fCyo4WvOjVliWpPBHv11p6TEdb0XD+vls84tmr9LL4dH9NPrCXXZWUsFjx1e4wbOnlrY1dtpT2M8+2ihj8fsUbHZ+Dt7B3VFkhJja8d4WJKC6n3ROcvfpvbNxDgeUzTYo9dzF3tRvcHzen+8V53r3C/6u06q99p554a8uOcX7HnReW72SOPc67oiZknh405i26+u42END8Q03tuq6WtxhY+fdb4fzj7nhts+b7XvPwBUkcR1vRcP6rmTS+/5rw3a73Hj70QV7Lmw1E+82KPg+ZjGezudbWG9nP1UsDWgoCaX2o0vfYDV2Tuo15zN47GN2lxmg1Gbnb39CvcN6FRU9qyCzsJzv9aZf51rup7o0sruJKxncwGFFI6/ZR/nH9f70aCeu/AIY0YL+uuEpiellZ2QrejXBkBJZVKWPr5+0+0wAGBH2PbEaiqVUjq1NI2AxatQDfJLVmS/zm5J7cjaePYNUfDYxotJ+buOKzxi35gdvn5NOnbSvim8PaW4orrUt2wZ4fBtSeu126lXBvul7M2jtGLBjOKs81zWi/Hwem2uHWNielKKR1eMOgo6ZRXWlk10XtXY4eObeF5bU7BAWGtAQU1Juq3JuBQd6FPhKxHW7bJFAgDb7PaU4mrXyyveiu1+Ih49r1MFb91BTSe0fqKvs1dX+qVTee+fYadUy7ptbil/2amv9QQVHWnXmeV9YnvbUkJ2tQ/V1mjv2XDc+TBxWpPBY/pakXEl7A7W7tWXlcEJBtc8qwyvDYBiPO17To8/8bgymUxJ2qupqdHnn31ekrYAoNpse2I1u3pgNqFqaClBBVSjhfl5t0MovcR1vReX2o9v5u4me2M2Ll3T0kig1oCCCuvlVafAJzZs85XBQbvmasEU/CKfh6TVyhrkrBdjYvnUqE3G2NYuBY9trVZcZ6/OhPt06Z2YwsWeuxW3p5wbYHuka/j46q9x2ZYlScZ09fK0Xoh0q6Ng26imso9DJxTpzu5NKnb1skanVttX0LBiVy/rg6OndTLkrIQ7MarIUCzvmIC6T59UaOVCuQB2qtaAgrq2SvLO7ieCxy6svsjVRp8wOQtESU7d0IFhPTvYu36bW5EY09+PyFnwMFT4gePkUp1TJaa1zmDRwtBDYcXfuq5x5X0wuvmAdP1aXGo/bk/9f2dE8WX1uS+tet4GrzcqUjJ2VZc/OKrTJ0Na0XVOjCoyJJ3I789R4Sz5fPZ30rIsWZYlj8cjS5LllDyTM2NPkjzZ2XuWJcNZ1M1y7uWza1B8zqxUALvUti91+eDBA0lLFVpYvArVKvtHxNzcnMuRlFpCY1dHFM+bVriRzlBY8ZEBDbcfX1qkyX9YzwWj+ulYNok6rjf7+vTG2AZJ1cSY3ui7qNxh/ja1K6j2jQfPrhuforFcgjAxdlGnLo4pUY4YO0MKx0f08/H8Y/v05iazk529/QpHo0sjR/1taldc7113LjYeWzaqtDjxkXec1yGhsbeizhR/u6RD9K2xXMp7fLjPfo0e4VrrWp5AlSRNaPTyqNpORBSJRBSJnFAoNqSrsaS9d/SyRttOrLqvsOmfLCVfs9sS03YiNpJtm6QqsOv4D+u5YN77qfOe/+Z4th97p7Cf6Bve8IOlXH+SvURbuxQMyO4OttbmGlfS2NURqeekXjvbr3B0oLBfiV9Trpt4Z0Tx4DEd3tRno3afdWkkrva2ItOqY1c1HM8rmSM5CV5JiTH9dJ3OqrSvDYBiWZbU2NioxsZG1dXXq7a2Vg2NjdqzZ49qa2tVv2ePva+uTnW1tWpsbFS9s6+hoUENDQ2qra1VXX19rh1u6wHsVts+YnVmZkYSo1Sxc8zMzNif2BrGxgdXqBVTwIudet8ZUlhRKZR/jl9dZ/s12Zc31S/cby8Ysl66zt+l1/qndOp8n5wlshTsuaBX1rrfi+ZNx7ePtldJLoivV6/3XNS5vr5sIDrjLK6xZozrZRTXjdFepOON8306lb9v0y9ndqpn4eNzI06M4R71BpVf3a8owZ6A3u9zRhEFe/S68332d53Vmam+vBIGS69RqcsBJGNXdXl0SqFQSFP5g0jVoe5IpODxkZAUm05K8qmjO6LIGvuWTOiXo1IgsOya01MKtJFJBXayFX1ZsEevn82v67KyXwr2XLAXGtTyfiKo3gvrLDqYbXHFe6d9nt0dFNnmaotXSQr2/G967tr/oWH16PUuvyS/XukP69TARbVn+7twuyZz/c7S+/fGOvVsWIpG82qvrmVFfxvWmbwZH3adVOc5BHt0pieoS9eckbTOYpfD5/s02T+oV4p9bQCUmJW7H89kMkqlUqqrq5NpmkqlUjI8HtV4PEqn07IsS7V1dcpkMlpMpeStrZUsS+lUSjU1NfJ6vbk2AWA3MqwSDxmNx+MKBoOaf/hwxb5MJqN/+qd/yi0ERH1VVC3DKBh1/Qd/8Aeqr69f9xTTNNW4d2/ud6QU4vG4Dra1bXwgsI0++ugj7d23b839yYkJqaNDvk1MHZwYjWhIq035n9CofbLyd02MRvThkdNqeze/FIBdGmD6hcJjgUoxNzurZ555xu0wUKXsKfdbr0WeGLuoc1PHH6GW+c60Xl82MRrRu23Lys2826bT35B+UlDiZqn/OfJh8ees7LOypW661TY6qpgkBbqdNpxZIIFuZ7p+MceuJr/8TkChkBSbXioFMDEaUbbCTigUUixGKYBKtFb/8i8ffKCjv//7kqT5hQWl02k1NDTIzGS0sLiouto61XhrtLiwIMuytKehQalUSqlUyl6017K0sLiompqa3D3Qv/yX/6L/7ujRbX1+AJB1a3q6ZHmWfDdvbrzQ37aWAsjVV3VU7/g+7HpOjaGsZHLldGQAq/N1dKxxE7dMMqZ3Y1LoSOFt2sRoRJHIkGKBbj3fsez46WXb7B2anpJiQ5FcKYDVSggAwO5j10kNh0iqFqPjSEhTH3ysbE8y8WFMgaNPy+d7WkcDMX044exIfqwPpkI60rG1c9YyNTqtI9myOFOjuvwT6RuRiCKnuxWYGtUvJ7Z2bL5k7CcaVbdORyKKRF6QYnk1diZGNRQL6UQkokjktNqmY6s3goplWfagD9M0lU6llElntLiwoFQqJTOTUSq1qEUn4ZrJ2Puyx6UWF7W4mFImnVY6nZaZycgyTUr8Adi1tjWx+tAZxZodrWpJ9qhVoEplSwAkEmWrRAnsUna91anQiRUjdjq67eToibZRXb4ac25Sk4r95AMd/cYqI2+SCU1LCmVrt57ulkYva3SNm0kA2BUSY3qj77yG2/u3uDjkLtZxRKGpD/RxUpIm9GEsoKNP+yT59PTRgGJOljT58QeaCh2xR3Fu5Zw1BLqfd/b71BaQnaCVJJ9fy+cxFXPskqQ+/mBq6Vh16PnupRo7Ex/GpFyMPoVeCG30iqHCWJaVS6yaliXLMgu22wtVLX9sH2dZliw5j7NtkFgFsItta43Vz/JXCnTeeI1sghWoItl6qtnE6r179zQ7O6t960x/BrBZ9jT/WGi1EgBLOp7vVuDyB/o4GVIo+UuNtr2gyGpDYX0hnYyECh6/EBrV0IcT6u5g0iKA6tbZO6grWznR36XXBrtKHc4u0aEjoSm9+3FSoacTmg4c1fNO/+N7+qgCox9qortDmp7Km3VR/DnZmuS2kE5Eni/Ls1l5nSOanpLaXljqVH3+bBo2qcS0FDia1+H62hTQdFliQ7kszb7zGB5ZhqmamhpJ9n2Ox+OR11ujTCYtSfJ6vbnBUTU1NbIsSxnDKLgnAoDdatsSq5ZlKZ1Or9y+XQEAJZT748EwZJpmbtQqiVXgUdlJ1enu04qENigYkJzWlNr0gk+a+GVMisUUyZ+NOHVZkem1k7MsZgUA2KqOIyFNvfuxJvSBdPQbS7MlfE/raGBUH04ckWIhHene+jm+0ElFCgaDJtddW3OrVr1OQPogkZQ67CiTiWlJbZJ88rdJU/mLRyanNSVUk+xIVElKp1PKZEwtLi7KNE1lMhlJdqmAdDotS9LCwoIymYxdMsAp75dOp50ErNc5njt7ALvTtpUCWFxc1OzcnP0gf/o/n26hShl5C1hJ0szMjFKplGvxANUvqdhVe6TqyVWSqhOjEUVy8/eTir27NBUxWx4g4tR76w5Ige7TdlJ1YlSRyKgmlhrSUG4KJgAAW9BxRKGpUQ2NTqnNn9+fOFP7h4YUC7QVlqfZyjmusOOZGv2l03fapQGyOo6EpNi7ypYrn/iQGqvVJr/GaiaTkWlmlM5k7ORpxlTGNO3Hpikzt90+LpN33NL5pttPCQBcs20jVmdnZ5eSqPllAEisohrlT3txfo7n5+d1+/ZttbWtXbEKwDqSH+uDKUlTQ4UjT51Vizu6T6v76mVFInnb1ykVkNPRrciJUUVyJ9r1VjcaEAsAwNo6dCQkxWIrF5ryPX1UAU1JuRqlj3KOO3yhkzoxHdGQ0yGHQiHlZvt3dOt091VdvhzRqKRAKKTAmi2hEuWPWPV4PDItSzUej0xJhpGRxzBU4/Eo49zz5Kb/ZzLyeGokWTKMwvJo3NcD2K0Mq8TvgPF4XMFgUPPOQlW57RMTmr51y7mqITm1KXkDRjVaXk8o+7Pc2tqqZ555Jrc/n2maaty7N/c7UgrxeFwHSeSiwnz00UfaS1kMYNPmZmf1zDPPuB0GgDyb6cuSsau6PP3CKiVnJjQaeVdtp0+u+BBvK+cAW7VW/xJ7P6b/8B/+G0nONH/TVH19vUzTVCqVktfrVU1NjVKLi7Ik1dfVKZ1OK53JqK6uTrKkxdSiampq7MeS/vU3/6rQsyxkBsAdt6anS5ZnyXfz5s0Nj9mWUgCWZWn2/v1csskQo1VR3ezVMB32x7WSpDt37tijswEAALCD2dPjQ8uHnkrSxIeKBY5qZcWZrZwDlJ5lmTItS6Zl5UoApFIppVMpmZmM0um0UqlUbtp/KpXKHZdOpZRKp3IlAsxMRpZTVgAAdqNtKQVgmqZmZ2fl8XhyU6cpB4Cql/0Zlp1oNTweWaapu3fvav/+/e7GBgAAgPJIxnT18qimQicUWZYjnRiNaCgWUPfp7sIp/Vs5BygTy5Ks/ESoZdn3NHn35oachabz7t+z9/KGZdltONu4mwewm21LYvXevXuSlPsUK/9NnKQqql32Zzj7/8zMjNra2nIrZAIAAGAH8YV0MrL6lOeO7ogi3SU6Bygj07l38RgeWYZl1041TRkejzwejzyeGnmMjCzDsAdIeTzymKY8Ho9kSR5Pxh4kJbEgNYBdbVsyPzMzM9txGaAizM7OKpVOk1gFAAAAUHEsy1Jdba0kqdbrlWVZdvJUUp1Za5fwMwx5a+37GY9hyHKOMzx2NcHautpcib9smwCwG5U982NZlubm5sp9GaCiPHzwQA179rgdBuAKr9crMzuiAcC6TNPkgzigAtGXodpZlrVu//KrX324jdEAwM5V9r/k5+fnNffgQbkvA1SUBw8eqKWlxe0wAFc0NTUpmUyqrr6eG1JgHaZpanFhQU1NTW6HAmAZ+jJUM8uytLCwIN8a/csf/Q9/tM0RAcDOVfbE6r179woLYwO7wNyDB/ZUGWdqDLCbZD9UuHv3rtLptMvRAJXL6/XK5/PxQRxQgejLUM1y/Utzs9uhAMCOV/bEKmUAsBvduXNHmUyG6Z3YtVpaWkgWAQCqGn0ZAADYSFnntZimqfn5+XJeAqhMzvQbAAAAAAAA7ExlTaym02ndu3evnJcAKtbi4qLbIQAAAAAAAKBMyppYXVhYkGVZ5bwEULEYsQoAAAAAALBzlTWx+uDBA0liAR/sLs7PO/WFAQAAAAAAdq6yJlaz9VUZtYpdxfl5/+KLL/jZBwAAAAAA2KHKllg1WbwHu5xlWcpkMm6HAQAAAAAAgDIoW2I1lUrpzp075WoeqGjZ8hepVMrlSAAAAAAAAFAOZUusLuYtXEWNVexW6XTa7RAAAAAAAABQBmVLrObKAJBUxS42OzvrdggAAAAAAAAog7IlVnMJJcsSy/dgVzGM3M/8vfv3XQ0FAAAAAAAA5VG2xOr09PTSA1ZGxy41x4hVAAAAAACAHalsiVXLsqitit3JsnIfJizk1RoGAAAAAADAzlG2xCqwqxlG7oMFFrACAAAAAADYecqeWGXUKnalvFGq8/PzLgYCAAAAAACAcvCWs3EmQAN2YnX//v1uhwFsq5mZGSWTSUZsA+vwer3y+Xxqbm52OxQAq6AvAzbm9Xrla25Ws8/ndigA4IqyJlYNifqS2H2cUdrZn/zKH7Ga0NjF8xqOL20J9w/qlc78Y8b1Zt+AornHQfVeOKsuv7N3uE+XomGdGexV/mmJsYs6N3VcV3oLGtvyOVs2PqxTA1pxLZTHzMyMZmZmVFdfr/o9e9wOB6hYpmlqZmZGkkiuPrKN+jK7H5OzjX4LG6EvAzbHsiwlk0lJIrkKYFcqaykAy7JySSZg18guXuV8qJBKpVwOaD3OjWh7v64MDjr/+qWBPr05nj3Gvhmd7LmwdMyFY3rv/EWNJfLbiuqnhRs2YSvnoNIlk0nV1dfL46GMN7Aej8ejuvr63A0ptmozfdlq6LewNvoyYHMMw1BdXZ2SzgeFALDb8JcCUAZG3uJVCwsLLkezntuajEvhUP54mE59rSeoaMy5G01Ma1JBPXfYv3SIv0svh+N673rezWUwKI1cVVH3m1s5BxUvnU5zIwpsksfjYZrxI9tEX7Ya+i2sg74M2DzDMOjLAOxaZftrgUWrANvdu3dlmqbbYayhVe1Brbjx9HedXZrS6G9Tu5YlUSV19g7qta68ZGv7cb0cjmv46pg2fb+50TnjwzrVN6xcdIkxvdHnjJTNfj02rFN9fTrV16c3xhJKjF0seJxvOm9f4Simcb3pbC/cl9DYxT69OexcY3jdoU8AAFdsoi9bDf0WAAAAHhEfwwJlZllWBX+C61fXyR4FowNr3tRJnXqlP6z4yPk1bu7yjuztVzg+op8XcR+3lXOWxDU8FbKnfTox/r1O6srgoF7vCSo+8s7Sza2iGp46njs2OpAtZZDQ2MW8UgcXejQ5UFjmIDoZ0OuDg6WtnwcAKJHN9GWro98CAADAoyhbYtWyLHs6dLkuAFSw7KJt2ZHblZtYleTv0mtOTTr7pu78yuRpZ2+ubt2ZsBQd6NOpvuU1VqVsEjY6kDdaZ0NbOScrqN4XnZvG1oCCeSUL/G3tax/b+aJ6g84o3MR1vRcP6+Xs6NtVyhwEjx2WXwCAirWZvmxV9FsAAADYOm85G7ckEqvYvQyjYAGrPVWwoqy/66yudDkrHA8M69lVViPu7B3UlV5ndeSrYzp8tmvZAS+qN3hel4ZDej2wyQtv5Zyitastd5fpV+7+9faU4orqUl+08PDwbUmt5QoGAFAmm+nLCtBvAQAAYIvKmliVZcmi1ip2I8OQZZq5Eavz8/Pav3+/y0GtYnxYp94K6PWzXQUjW/JHzSTGLurc1PEV0wlbA0FpcrVG7SmZ751/Sz8PbzaQrZzzKBKanpQUkDNiKKyXV73xZnUSAKh4m+jL1ke/BQAAgK0peSkAFq0CHIaRKwkwPz+ft7mCfkc6QwrHR3SuYHGLhMbeikrhkDol+Q8fUzA6sKxe3bh+PhJfe6qhv0t/3SNFo/HNx7LaOa0BBRXV+054ievXVESLy0T10+xzGH9Hw3Fn+qX/sJ4L5u1zFgTZbH0+AIDLNtGXbYh+CwAAAFtQ8hGrjY2NKzfmTYkGdqNEIiG/36/GvXtX/x1xTadeGbyg9ovndapvaWuw54Ku5NVue22wTW/2ndepkaVjwv2Dem2du1V/13GFRwYUXfuQjc/xd+nl8IguDfQpKinY06OwrhXRYr6wntNVneqL5+K3n6JfXWf7NZn//ML9zvPnJhUAKt8m+rJNoN8CAABAsQzLKm3GM5PJ6M6dO3r48KEymUwpmwaqWk1NjRoaGtTU1KS6urqStBmPx3Wwra0kbQGl8tFHH2nvvn1uhwFUjbnZWT3zzDNuhwEgD30ZUBz6MgBuujU9rWAwWPJ2b968ueExJR+xWlNTo8cee6zUzQIAAAAAAABAxSh5jVUAAAAAAAAA2OlIrAIAAAAAAABAkUisAgAAAAAAAECRSKwCAAAAAAAAQJFIrAIAAAAAAABAkUisAgAAAAAAAECRSKwCAAAAAAAAQJFIrAIAAAAAAABAkUisAgAAAAAAAECRSKwCAAAAAAAAQJFIrAIASsrr9co0TbfDAKqCaZryer1uhwFgGfoyYPMsy6IvA7BrkVgFAJRUU1OTFhcWuCEFNmCaphYXFnTgwAG3QwGwDH0ZsDmWZWlhYUFNTU1uhwIAruBjJQBASbW0tEiS7t69q3Q67XI0QOXyer3y+Xy53xkAlYO+DNicXF/W3Ox2KADgChKrAICSa2lpIVkEAKhq9GUAAGAjlAIAAAAAAAAAgCKRWAUAAAAAAACAIpFYBQAAAAAAAIAikVgFAAAAAAAAgCKVfPEqczahhej/pcyn/6+sBzOlbh47lGWtsm3FMdYG+zd3rlWwfeN4NnNu4fbVj/fsbVF98I/U/B//V9Xs969+YQAAAAAAAFSFkidWF37xfyo9/m6pmwWqnjl3Rw9+9baUScv/P73udjgAAAAAAAB4BCUvBZCOXyt1k8CO8vDf3nM7BAAAAAAAADyi0tdYXZwreZPATmIt8DsCAAAAAABQ7Vi8CgAAAAAAAACKRGIVAAAAAAAAAIpEYhUAAAAAAAAAiuTdzovdTdXo//l3n67fa9C9VM12XhrYFvu8GXXue6D/8eBt7fdm3A4HAAAAAAAAZbKtidX/+9NmvX9n73ZeEthWs+ka/XNyvzKWof/lS5+5HQ4AAAAAAADKZFtLAVxP7tnOywGuGb/f4HYIAAAAAAAAKKNtTaw+MJn+j93hIT/rAAAAAAAAOxqLVwEAAAAAAABAkba1xiqAynJretrtEAAAAAAAwC53sK3N7RC2hMQqsItV6xsXAAAAAACA2ygFAAAAAAAAAABFqqARq6/quz/q0qHlm+d+raG//I5+5kZIRfqbgR/qqxrTn/Z/b9me7X1uS3FM6G+//+fqmPhH/cV33i7xVQAAAAAAAIDdq+JGrN74xZ/pT7+Z/fePuq6v6MTAq26HVRKrPrfvf1tf38S5X//2P+jHmzwWAAAAAAAAQHlVXGK10Nv6u/dvSIee1t+4HUrJva2/+8sx3dj7Ff1xifPG/6n/z1YZNQsAAAAAAACgVCqoFMAmvfRt/eDEV7RXkjSn60N/pb97O7u9Sckbh3TokD069Fu6pB9/NTsBP+/YDdt5Sskb0qFD9l7dyJ/e/5L+9vt/rsN7swHd0C++eUb/aUtPZkLJuS51PPaSJDuwvxn4oXIhZ6/76iWdOLxXcka46i+/o5+tE0d+KYACr67zegAAAAAAAADYtAofsfqS/vbZQ9KNj53E5av67omvKJmdUv+LpA6fuJQ3mvWQfMl/1J9+88/0re+9qu9+1afrQ3nH/kl2Kn1hO0PXtaydvTqkmH3e0K81d6hL33VGlX7929/Q4eTY0nT+uUN69tsvbfH5va0vktJeX4fT9j/oq75fayjbtq9LP/j2S9L3zmjo+lxBTdbi41jv9QAAAAAAAABQjIobsXroqz/Uj7+at2Hu1xrKjhZ99Wkdmvu1hrKDR7/3rq4/++d65lVJE5I0p4n384dg7tXhP35Vevt70vfO6E+z5736tA7phn7hPP7Zd2L64x91FbRz/T87O9/+QskTSy3+7Dt/lbfYVId8e1UiL+nZjr268X52Mau39Xfvv6AfP/usvq6Vw0q3FscarwcAAAAAAACAolRcYvXGL/5M31oj4ff1x3zS3kM68aMfKi/XqbnHXnISovm+p299U/ruj7r04x91OY3bU+u//phPmvt05SmbsWw6/dzcVhrJekmP+aS5iQllk6MrEsuSOrTK0ys6jrVfDwAAAAAAAADFqbjE6np+9kVSJ+Y+zU2HL/DSs6uc8T1965tO4vClb+sHJ7r03Ve/p299kdSJw03qKDoCuzTB3PV/1F98521l660W385SzB17peQXdlvJuS7p/dUTy4VT9rcaxxqvB7lVAAAAAAAAoCgVXmN1me99rBt7v6I/duqd6qVv6wc/+mGu/mmBl76tH/zoH/S32bKjb3+hpOaUnHDa0SF76r+kr387pEO6oY82mWDM1kTVqy/kLR5VrJf0t3/yFe2d+7XsqgNv6/2JOR16dqnu6d8M/FA//v7adVCLimO91wMAAAAAAABAUapqxKr0PX1r6DH94MTSdPm56/9oj7hcvm7T29/RX3Rc0o9P/FA/PpF37NurtTOn60NnnAWy1uPUPf2qM53+xph+ceOQvurb3JjVFdP8l03F/9l3/kodAz/MK3VwQ7/4pjM69/1P9SeHv6ITP7qkjm+eKT6OdV8PAAAAAAAAAMUwLMuyStng/UvH1tz3V//0VCkvBVS0gd/7Ny3/5cr+tn3pf3+/JNeIx+M62NZWkrYAAAAAAACqza3paQWDwZK3e/PmzQ2Pqa5SAAAAAAAAAABQAUisAgAAAAAAAECRSKwCAAAAAAAAQJFIrAIAAAAAAABAkUisAgAAAAAAAECRvNt5sUZPRg/Mmu28JOCKBk/G7RAAANglxvVm34CiCuvMYK86C3YN69RAVAr26PWzXfIX2/Jwny6pX1d6Ozc+OCsxpjfOX9NzF86q+SBtKwAAIABJREFUa7ULZmPK2mJsKL/Z2VnNzs7KNE23QwEqVo3Ho7379mnfvn1uhwIArtjWxOph37zev7N3Oy8JuKJz/0O3QwAAYBcJKhiM6v3xXnXm5UDHY9G1TynSlpKsKxvRqYFJ9V4YzCVdE2MXde6icsnVYq5TkpiwqtnZWc3Ozam2tlYyDLfDAYqynT+xlmVpbm5OkkiuAtiVtrUUwP/81IyOtc7qQC2j+bAz7fNm9Ie++zr+ZMLtUAAA2FXa24OKxsbztiQ0PRlUOBzccpudvYMlTVompiel4DEdzhue6u86rnD8mq7zp0NFmZ2dVa3XS1IV2IBh/P/t3V9M1Fm+7/13/YOSPy0K7aAD01SfMsy0zBk3G85+6EyKGPuRSTSm7exHg/ZF9xm3XHhj5MZRJ+Gi7fYGw40XuN3P9EUjsZ/JODF0svUZYyD7NMmBzXFOa+9N5LHowCit/OtGFKk/v+fi96uiqiigUIQCPq+ExFpr/dZav2ran/Wttb7LhtPpZPLp05WeiojIiljWFasbXSGO/peR5RxSVgnDSFI2q42xQH1q1xpx5QvPJ5Vr48vn6DStDdN+/gwt/pkSz+Fz/C7pHsZX1NvCsQvM3q4pIiLyCoorqvBc6Kb3SKn5fBm+x9dU8UFRJx0DMQ0TtuJHn3fD7Xx2ZpBiXwcdHeA72Uxlt7ki9NOiazR2AFzgWGSF6HA7n525QvTR6Vt45WhBYTH4O7k3XB2TJqCUD5tPAebq1VTHmdW2ojv++ZqQkqC3pc5qj9IPpCAcDiuoKpIim81GSCkzRGSd0uFVIuteL1/UnaGl+CSXmputn5MUXznDsZbehS8XERFJB/k7eNfTQZf16Bq+1wlVO8iPa9TLF9ZW/EvNzVw66cN/5QYzT7sOBorOcam5mQ9jYqQF1aeo9xETPB2m/fIVik9a/Zw7jKfjGu0LrTotPUK9z0/LmTqO1dVxrK6F2CftYsaZ3XYevS00DhzmU+s5X198hX9ecLIiIiIispBlXbEqIumnt+UCHZ7DfBr3oayUD0/66Ihd+SPyEgKBAN9//z3TgQDBQACny0VGRgaFP/kJTufaeQStl/sUSW8F7Kjy8PXQMJTCvU4/xQcKYCi2zczqULC25lMcU+/h3R2prOMsoPpU88zLkUH8wLspXGmmF4DIoVuNdfMdrvXy48ziv8K/9lbzYak5h9+9TB8iIiIiEkef9kTWtV66OsB3MsmHudIjXGqOb2ueumzynYys5jHTCHxd7IOODmurYvzJzLHbD30+X/w4cVscPRyJnKKcZEvmh4rwrio//Pgj33//PVu2bCEzM5PMzExevHjBixcv+P8ePKCwsJCNb7yR5MolOuF7oZO5l8hL32fi9t6omP8PXrdleo9ElktBYTH+a/cY3gFf+318UEpCYDU+9Y3H8/L5V+O31ntYfE+lfNjczIfW33n/3L4jaQqeVx8H85l+Eo5dqEvyHBcRERGRl6XAqsh6NjzEAB7ezV+wIe3nLzBw+ByXonnoztMeE4zxd0B9czOl1ofWxpYKc2tibwuNHZEAmVkHkeBqL1+cMbc4/q4UM2h2poXCaDAtsiVTEZ/V5ocff2R0dBSv10soFOLFixf8+OOPOJ1OsrOz2b59O/39/QBzBFdf/wnfSyH2PmNFAqxvvPHGgve5bEFUkfWgtAKf/xr/egP8vgOYm+lj9N6gxR/zpY2V93vRhtv5U0fil4GdC11E+/kzDBxIDGjmU+yBgaSXvMw4cyg9wqXmI1a35zl9oYVK5TtfIo/par1FH15211ayJa6qi9ZbfZBfyf49XrJfeaguWm8xe5wU58juWioXd6GIiIjMQzlWRSROb0sk75v580Uv5gEgfh8fRKI/BdV84PPzdcwRxp7DNdaHswIKY3ZV9nZ3gK8iWld9wBdbSYfnML+JfKorreFITH681LdkSjqJbIt/6623ePbsGX6/n8HBQYaGhhgcHMTv9/Ps2TNKSkr4/vvvCQQCSft5HSd8L6XY+5zPQvcpIkuplEqfn44OP76KuUKGAwwNAwzTfu1VvqzxM2Cdydp7I9nq80RmqoKOC+fjc7H23qDFP9/zLsVx8ovwEJ9jNtJ2uP08x863R4PMBYXF4Cliwe9VZRHyyc/v47vH8aWPv+tbmemIiIjIstCKVZH1rKCQ4sgHNuvzXGLuN8DK6dZh5oGL5RuBeT+WDTM0AJ6qmDb5RXgYNGuHBsDfwem6K3FXeYaG5+9W0lpkW3woFOLhw4fmycoxwuEwDx8+xOPxsGXLFp4MD7Nt69ZZ/bzyCd+zzJXO4tXuMxXz3ee85k2V0cm7h4tpuWLekefwOf6Jy5y+4o++jr4PK/QeiayE0gofdEBlst/d0hqOeM7QcqaOFjwcOXkYz4VOrLSsC/d74QLHBsxUJB/4rtBoba33nTyJr+OC+Tyd5/lVUH2KS4UtHDtTR0u01Ed986no+CmPUzB/W8/hw/jojI5bP1gX87z1cOTckfnTqciibdqUT993j6mMPhsm+XEsH68X+saWaJAtldTWLlFfInP45ptvKC0tJSMjI658enqa3t5efvnLX67QzERE0o8CqyLrWimVPmi81s5v5stXmV+EBx8fJN0yON+pwubqVf9gTOTWOngDIitmqpLnytRhxavW9PR0NM9oYlA1IhwO8+LFCzIyMhgbHU3eUf4O3vVciaYDME/4Pko+sdtgZ074ri7ACiDeoLc68Xd14XQWL3ufqZj7Pv1WgGfGTDBzoVQZfloGD5hbe3tbOHbhDP982EydMdx+ntNXIu/Dyr1HIssj/kCqxBzhBdWnuFQdfUX1qWaqY66ubo68quZ3zbE11peNcf0emek3+kWkpTky6Ox+EjqN62eh+rnHSaFtdXVM04Q6WXKb3nqb/Fvf8bhyi7lNf/IRD3ibnZsexAdWI+kBLPmV+9njzYbJPm5eH2OTt4++PvDuruWt71q5gxf6+hjJr2T/zjGux6QCmOy7yfWukUhH8ekGYsfxeolPWiOS3DfffMPdu3cZHBxk9+7d0eDq9PQ0t27dYnx8HEDBVRERi1IBiKxzpUdO4vNf4XRL/Jbr9vMzq9Yo2MG7ng7+FN272MsXdXV81r5w9NNcOXQtuu0xLkdmaQU+/xX+NTL0cDufRdIPyKoVDAbJzMxccOt7IBDA7XbP087cNjswNAwMmyd8FyZG+MyASiTwZ57wnUQK6SwWK3KfqZj7Pj0cOdfMpeaZn+gK0RRSZRypsSrzi/DEpM4oiM3HsYLvkYjIupK9lbdj0gFMPnoAb29NyKv6mK5bY1Tur6W2tpba3V5Gur5lJoNAH2Ob9lNbO5MLdaQPdtbWUpuYo/VxF9e7NrG71uxr96Yurnc9jhmnD+9us27/pjGUlEBSUVpaSl5eHuPj49y6dYvp6em4oGpeXh6lpdrOIiISoRWrIuueeSpxZUsdx+piij2H+bQ5spK0gOpTJxmoO8OxyC5C30lzVdtCS0tLj/Dp4fOctlbleXy+mBONS/nw3GE+O1PHseiw58zAkmI5q5bT6eTFixe4XK5527lcLqampuZtt2QnfM+bzuLllmNG7jOV4OpC95nM0qXKWLn3SERkfclm69v5PPhxErbAowcjbNqZDT/GttlCZe2e6KvJH8eATTH1+by9NeGIK+9bSQ+qevxdH/mV+6N1W96pJP+6tWL28XfmYVpWZbZ3J96uW698h7L2ZWRksHv37mgg9dYt8/cmElSNXcUqIiIKrIqIZeEtgmYA9sNZ5bO3VcZtnSRxGyZwJK4y+ZbJucol7bndbl68eEF2djZ2uz1pOgC73U5mZiYTExPz/+N8qU74njedxcuJ3GeqgdXFfghZslQZK/geiYisN9lvbGLkziMmt8KDES87t5AQWJ2k7+Z1orv38182qfwkP47BSN91Wrtiy/P5cRKyfxyD/LdjVrhmsykflirVq6xticFVQEFVEZE5KBWAiIgsqS1btvD4++9xOBxs27YNuz3+UWO329m2bRsOh4PhJ0/4yU9+Mk9vS3TC9yuks5hL5D5TsfB9JrGkqTJW5j0SEVl3tryFd+QB3377gJFkK00ff0vXiDe6fX/Pzk3JeklBNm9sMvOz1lp9mT978GabAV5GxpiMtp9kbORlb0rWo0hwNS8vT0FVEZF5aMWqiIgsKafTyU8KC+nv76ekpASPx8OLFy8IBAK4XC4yMzNxOBz4/X4Kt27F6Zz/UbQ0J3zPl85iae5zLqne52xLlCpjBd8jEZH1ZwtveUe41Qfe3ck28AOM8eMkbMmepO9OH7zksVJb3vIycutbHntjD7LaZB5steUtvNziTt875sFYj7/j5UeS9SoSXI38WUREZrMZhmEsZYcTjVWv2MNZsur34oi+7ifQWMvUK/a6HFwHb+Iuzp1VHrpbxbMbSzxYTSu5ZZjvTeyfl3iY5ZLstzCxKPFXdXZ9atcaceULzyeVa+PLk7ePveZnv+9iKfj9frYWFi5JXyJL7Ycff+Tx99/z5pYtZGRk4Ha7mZqaYmpqiuEnTyjcupU3cmf/nbnarJf7FBFZTx4+fEim251i68d0td5h035ztSiPu2i9hRngxAp4Pnib/Xu8ZMelAsincvfbPLj1gLf378FLHzevW3+29vA/7mrlFrupjZxklazvSF4B8qmMuZbJPm5e78IcyouXPtg5cyiWrF22FRhzamqKbdu2rcDIIiLwaGho7rMkXsHDhw8XbJNegdXyi+TsKoeBJp5+eRWIBCtHXj1oWH6RnF3bCd3ew/Oel+/G/XEnLr5i4g+fzKpzHbyJ+837TF08TvTs55pWcstKUgyumkFlUmmrwKoCqyiwKukvEAjw5MmTuBWrGZmZ/GTLlpdYwZm+1st9ioisF4sLrIqkFwVWRWS9WcnAalp92nP/qhzb6FdMWEFVgMCX/4Lz+AmcBw9BTPmqcaOWqY03cXsv4roRE3Bdgn4nlnoVrIjIEnO5XOviH9nr5T5FRERERERkRhoFVs9i3wyhu4krQa/y/GJ8QDVuy/1UT3SFqLmatJ/Q5hIrlcAEwdt7eN5zlqxd5dgA566bbMBcter+uBPX5kivkbbWS2v1rC2mLui9abXfS+7HJF21mkzghxHcxZtxgBlYTdL3855DbDhupUAo6yQLa9WqteI1wois5p1zleohNhw/gTPyBfto8tW1IiIiIiIiIiIi8vLsCzdZJuVbsTOB8WSBdjWtVmqAKiYamwhSjvvjszP1m/Mxblcx0VhFYDQXZ9VFXHzCs9s9GLHB05pWXFk9TDXGtP1VpB8zEBu+a9ZN3B3BuasVx5d7CIyy+GDlk1EM8rGVz923m6s8v/gVIWJzsp4lqyyf4O1I235sxe8z36Yk18Hf4nz2ldm+sYlg1l6yalKfqoiIiIiIiIiIiCwsjVaspsa9rQRGv7JWaV7led/75JbtmAk2jnZEV52GJidwZc3RUdxW+kPYsoBn1suaHTjoJ3BjdttXzrRUswPHVA9T0b7/TNB7AnsNMGtr/yc8a5x55dqYD4wkNppts48N5fC8Z/ZqXxEREREREREREXl16RNY7XlEeFc5tjfna2QGQI0n9199vITt+EbMfnrXxnyYuk/o1UcxvbkZGyMYPeA6mA/uEtz1nXFBWmPjoSQXxm/rN6YmFhwq8OUeOHgT965OcnfBrBQHIiIiIiIyL7vdbp46aluJY4BEVhfDMHDY02czrIjIckqfwCqfEB7di2vbWSB+m72ZO9Xcfm88O4Ete/srjxY9KMva0m+OYZqVE/VVx9pWAlM9hCJ9v3k/mhc23tn4lzXv43T3z+RRtfKqLiTw5Z5o3+6PO3FVXcTVs4QHZ4mIiIiIrGE5OTk8nZzE5XQquCoyD8MwCAQC5GRnr/RURERWRBoFVmHqrz04d+0l5+B984AmMHOhbp4geNsMgE497Mdlbf2f4hAbvDOpARa9TT9rKy4gUH4R52Zg1Cq/cY9Q2d6Z7fnlF8nZtZ3Q7T0Yix2jphXXZgjdtQKbVt+uGsxUA9bK2XA0r2oiKzdrj3Wv9M87XGwQGqx0CDxSUFVEREREJEU5OTkYwOTTp4TD4ZWejkjactjt5OTkkJOTs9JTERFZEWkVWKXnOE97zpJVf4Lc+hNWYT+Bxj1Ed+rfqGVq403c9dYK06keplI5SKqng1BVOc5dnWS9WcWzv/bg3FVubsmf6iEwMIHrTSvQyic8u72VnF2d0RWiobtV5nb6N/txle0l9/jW5KtO3eUJ2/wnCN6uitmKP7tvY6DJCqpaq3bLOsnZ2MTTL838q85dneTumiB4twejbLt1CFZyU39ownb8BLn1e2Pev0UctCUiIiIiIuTm5JCrYJGIiIjMw2YYxqIXYc5norFqKbuTdSLZb2FiUeKv6uz61K414soXnk8q18aXJ28fe83Pft+VfOBF8vv9bC0sXJK+RERERERERERWm0dDQ3g8niXv9+HDhwu2UYZpERERERERERERkUVSYFVERERERERERERkkRRYFREREREREREREVkkBVZFREREREREREREFkmBVREREREREREREZFFUmBVREREREREREREZJGWN7BqUxxX1geb3bHSUxARERERERERkddoeSOdriwFnGTNczicZGzIXulpiIiIiIiIiIjIa+Rc1tGCzwln5oIzE2wKsMr8bAu8TkfhcIjg9BTTT8dXeioiIiIiIiIiIvIaLW9gNRzC9lwBJ5nNMJKUzWpjLFCf2rVGXPnC80nl2vjyOToVEREREREREZE1Q0lPRURERERERERERBZJgVURERERERERERGRRVJgVURERERERERERGSRljfHqoiIiIiIyCowNjbG+Pg4wWBwpacisihOp5O8TZvYlJc3b7tv/vc32GwzZ0f88r/+MlrX+5+9BALTSeu++d/fxPUTWycist4osCqyrvXyRd0FOnwnuXSkNKZ8mPbzZxg40MyHpXNenIR53ddV5/hddcESz9XS28KxC1DffITS2D+/ntHkJT19+pSnT58SDodXeioiactut5OTk0NOTs5KT2WVs55licWew3x6qprX9DRK0czcPIfjn43D7ec5fcWf0N7DkXOnMJst4pk63M5nZzp5N3qtvKqxsTHGxsbIyMwk0+1e6emILIphGIyPm4dGzxdcNYwwO8v/HhvQ8+//HlcXDod5Z8cOMjIyZtUZRpjyv/97SHKdiMh6o8CqiEDHNdprXu7D2HD7eU53Vq34h9d0mYdYQdXJSVwuF9hsKz0dkfRlGDydnARQcHUJ+E7GfhloBiVPnyel58LreoYMt1+jY74Ab0LdcPt5Tp9poTCFLwz13Hu9xsfHycjMxG5X5jRZfWw2GxkZGYyPjSUNrP6/d/9vAApCf0dgehqAUCgcLQfYFHiHQCCAzWabVVcQ+jumk1z3f5b999d2TyIi6Ur/UhARPB5oudzO8Cv3VED1qebXt1o1UekRLmm1atp5+vQpLqdTQVWRhdhsuJxOnj59utIzWYMKqD51Ep//Cv/au8JTKS5MOfBZsKMKDwMMDcOyP1MlTjAYVFBVVjWbzTZnGotw0KDopz+N21kUDofZtq0w+mMLuXC5XBiGMasu8bqin/6UcNB47fckIpKOtGJVRCg+cIDiCxf45/Ydc36A622pozG6z9LaqjjSYm1j9FurgnZwL27bYvz2zJnVRNb2xmIfdHRgboT0xW3pTzpe4tQiqQBOQmPsPA4McvpaUcwqnl6+qLtGsbZILotwOKygqkiqbDalzHht8in2wNdDw1BqPQ1SepaZz464trNS5sRK/qyb2ep/gWMdvpTS1gzf68TvqeKfElMB7LjHZ2cGKfZ10NEBvv/LR8f/EzPno1YH91o4dqUjhTmLyHoWDBoEjQDhcIh/7+6Olr94EYj+Ocz0nHWhUDCuLmgECCqwKiLrlAKrIgKU8uFJH8cu3KC3OskHv94WGgcO82lzzIfNG71UHznCp4cHYrYixq55Hab9/AUGDp/jUnWBFQQ9Hxfc9HdAfXMzpdaHx8aWCvND4JzjzfEBsTRxHr34/Ne4N1xtjtXbTYenik8VVBURWUcKKCwG/+AIULCIZ5kZFJ1paz6jPmtPlut0nmdd9Sk+ZYHt+v4rnK67ElPgo755rq39HQwUneNSs1n7G1fMnIfbAT8tgwe41HzEyrl6gS8qFpsrXUTWg1AgDIZB5n8ZSqiZ+WLc6Xkyd533+/gqw2b2KSKyDimwKiKm0iPU++qs4Gb+rLpLpyIvhhkaAIoX6G/4Hl/7Pbx71Pp4WFrDEc8Zvr43THW1WeQ5XGMFcc0Pv680XvyEqfT5+dO9YaqrC+jt7sBTdU456ERE1rOUny3D3Ov04ztwynpuFFB9wEfLtXsMVycEPed91qXw1EnMv9rbwrG688l3aeDh3R3z9enhSI0VRS0oXNxjU0TWlVDAoO/ew5WehojImqDAqohEldYcxnPmAl9UnIv/QDbczmdnrlhb9j14PCl0NjKIn2I+eJlo5suMl6C0wof/2j2Gq3cwNODh3RqFVUVE1hczeOqpsr4sTPnZMsKAHzou1EW395t8WGtfY5q+wrMumSRfQoqILDVv3rts+ckWQqHQkvTncDh4/P3jJelLRGS1UWBVRGYUVPNPhzs5fe0Gvpji3htX8MfkauttqaNxob7yi/DQSUxqu5S91HiJSivMdAC98DWRfHWSzib7bnK9Cyr378GbvSwDcvP6A95ervFEZHkN3+NrPxQfsPKrpvxsMXOz+g6ksI3+FZ51skaMd3O5aYj3GvZRMlNI9+Um2gbNV0X7TnC0Im9W+Ywi9p04SkUejHdfpimuQQUfxfWddBJ0X25i6L0G9sU0jO1rZg4vcz/9tDV8TndMs5T7kzRlkJdn/vczDAPDMLDb7RiAEQ5js9nAZsMwzLypduvPhmFgsw51MwwDG+YhWQCPv/8+2UAiImteGgVWz5JVvxdHsqqpHqYuHieQrG6dcH/ciWvzzOvQ3Sqe3Vi5+cjaVVB9lCOdZ2jxExdcZWCIYUopGG7nTx0kVCbraAfveq7MbIfsvUGL38ORowUQl4t1DosdbxYzHUDjBT/4TioNQNqb5NED8HrhwaNJvIp0isgrGab98hX8nsP8U2xwNKVnSwE7qjy0XGvnN7EHWQ0cnp0rdd5n3UtY7LNSVtZ4N5eb2hikIq64v62JNvZxoqGCvEgwtaCBfSV5VBxtiGvd39bA57xHJEY5PjS4yKDlTLA2bhbj3fyxDfadaKCCbi43/ZFu71Hm7XaO+2F8mKGUAryyWhgGZGVlARAIBgmHQmRkZhIOhwkGAjicThwOB4FAAAyDjIwMgqEQoWAQV0aGeV0ggN1ux+V0RvsUEVmP0iiwalLAMNEhNhw/gZMephqt4HL5RXJ2dZLFq79X7o87cfEVE3/45KX7cB28ifvN++s++L12WLnkLsxsgDRTBFgHbHgOU3/YQ2On9eF0RxWeK1c4XTdIfXNNfD+nTjJQd4Zj1rkcvpPNSXLGzTbveHPNOm4e5gFcpRU+6OjAV6GTO9Le42/p4m32vzXG9Vvf8thbyZbXPWa2lz213tc9iqwz33zzDT8vLY1+8IwITE/T29tL2S9/uUIzW/tmbd2PWZ0Ki3mWHaG0+hT1g3UxB0vNdajUyz/rgCSHV6V+fdyczxWlOKAslchq0IqKCgZjl3LSz91uqPioAjOGmUfFexU03O1nX0lCWLK/jc+7K/ioIVI+zvAQFJalGFSNBEIrKqiInwTjfXcYLNrJP+YBVPBeRRt/6RunYo7I6tz3A4wPMVhUiNanriUGkThoKBQiEAiQkZFBOBwmEAhgs9tx2O0Eg0EMw8CVkUEoFGI6EMDpcoFhmAFYhwOn0xntU0RkPbIZxtJ+tzTRWPWSV5orVlFgNV5NK7llEGisZSqmeKmCmekSWE32W5hYlPirOrs+tWuNuPKF55PKtfHlydvHXvOz33clH3iR/H4/WwsLl6SvNWm4nc/ODPKBFWiV5fHw4UMy3e5FXfO4q5U7m/azxztJV+st2F1L5ZZoJa23oLJyjK6uEQC8u2t567tWbvURfR1pb6YUMNuRX8n+PV6yI/3cAS999I3kU/ne2zz4S2wqgMd0td7C6jKuz8ddM2NB/ky6AmtuXm8ffX2RIfezRytu16VvvvmGu3fvsikvj927d8+s6pme5tatW4yNj1NWVsYvE4KrL6am2LZt20pMWUTmcP/+fbJzcuasH+/vh5IS8vrbaPicmNWc5rZ5PorZlt/fRsNfCjlxtCImOGmuNL2zM3Z1aj9tDX+h8MQCK0tnJkE/JZTkzR7TXAn7EQ1WQeLr1O/HCroOvTfntZK+Jp8+Zfv27bPK/3rnDjv/7u8AmHrxgmAwyIYNGwiHQryYnibDlYHD6WD6xQsMw8C9YQOBQIBAIIDb7QbD4MX0NA6Hg8zMTLPP//W/+NXOnct6fyIiEY+GhvC8zOEsC3j4cOGD/tJuxeq8rCBjcCAfZ3EuYK5wDW+b2SYfu+LVdfAmbqtdXDqBmlZyvRCiBId7guDtPTznIjm7yrEBTPUTogT7kyaefnkVSNiKPzoTiDQDk/2ENpdYaQys/nqstuUx/Ubq3mwl1zsaE4g8S1a9DyP2Oot7WwmMfhUXVAUIfLknPoiZbJyeSPl2wqPg2JwbN3/XwZvWPe0l92PMe6ppJbds5h9NxsDMe5CYriF0t4pntFrvcTnu4xfh4nECcX0kvB8iy2j4Xid+3wEFVdPeY77ry+ft/dlANu9U5nP9u8dUbolds9rHA/ZTW5ttBk5vtcLuWmorraDnnT7e2eMl+3EX17s2sbt2D1sw6653vUFtJEI60mdetwWY7ONBtP9J+m7eYqxyP7XebCv/6k369u/BO9nFrbFK9teaAdrHXa3c+vYx3mjkt4+xTebczEDr/6Bvq/K2rkc/Ly1lcHCQsfFigrZ8AAAcu0lEQVRxbt26xe7duwGiQdW8vDx+Xqq/kUTWgrzE1aczNRQWQdtfuvn1USsVwF+6YbCCcZgJrPb/G22DFXx0NCaCOj7MEIN0NzXQZhVVfBSfNzVhEvNuzS8qnOk7r7AIhl7mfsz0BHR/TkNkJWvRvoQgsaw2hgHhcBiAYCBAKBSOBlHDoRABpgmFzBWrANMvXhAKhQgFQwSmpzEMCEVWszqd2GLysYqIrDf2lZ5AIkdZJ7n18T9ZsbuLKcHBvzDRWMXUwASOsk7sD6uYaKwiMAoO70VcADWtuItHCDRadc/KcX98dqYbdwn0VTHRuIfnPYfYUFUOA01MNFYx0QeOmMVWroM3cWX1MNVYxURjE8GsveQcPDTTYHM+xu3IHHJxVllz4CxZu8oJ3zXrJu6O4NzVivvGPULu7TjLretrduCYuk9wVvDxELYsMCbvL/CuxY8zNYA5TrQ+Fwcd5hxu92Bs3ktWjRWcHSUmUHyWrLJ8grcj8+3HVvy+1c8hNhzfiz3yHt3uwV52kw1PapkamIgJXCf2MRLzfogsl2Haz9dx+kox9UcUxEh7j7+jz7szGojM3vo2+X3fEX+2rJedVoPsNzYBXt6y4prZm/Jjuuojv/KdaBqBLe9UJvQ1c12cyUc8GMnn7a2RSXjZU2sFR7dUUhtZ9cokP44lXjwzN7I3kZ9YLeuGKyOD93bvJi8vLxpcjQ2qvhezilVE1qo8Ko5+RMVgG00NDTQ0/BF2Vsxq1X+3GyrK4gOj40MMUsS+Ew00NDTQ8FEF3Z9fpnt82SafhJmegIqPzDk1nGAfbTS19a/kpOQVGYZBOBw2fwwDwwjHlZsHVSW+NtsZhoGB9TrSh9VGRGQ9SrsVqwvnWO0naK2gDPwwgrt4hLDVPjQ5gcvMwY17WwnGQFN0pefUX3tw7tqBG6yy/uh1lPtwuCcI9VkrM2/8maD3hLUy8xDON3MJ9UVWl17led/75Hp9uLDaj3ZEV2TGzoGaHTjoJxAZ50YtE9af3aOdOL2HoOeqOdcnf375Lf0J4wS+7MBVvxd7DfAEYILgX62t/j2PCO+aq6NPeBZzPK5rYz5gbadNfI96jvPUumfXrBSFuTh/dRZ6Pom7Z5HlU0D1qWaqV3oakoJJ+u70wUgfrX3xNXf63lnklnoz6DnSd53WuGwb+fw4yfw5WyfHGGETO5MNN9nHzetd1t+G+eQrcirziARX/2IFVAEFVUXWnRL2NTSwz3o13n0ZinbGpQEYHoKK9xJWiZbso6Eh9vWv2VfUxJ2+cbz8kaa2QasitYOkBodm1siODw1Gy/vbGvg85dWniQdumTlj2z6/S/+++VfMSjozooFQu82OYQvjcJiffm02G3a7HafTQShkrlh1Op1me5sNh8OBYRiEbDZsNnO/pIKqIrKepV1gdWmYKz1tm0+QW38ipnwCW3mS5m9uxsYIRtLt6tuxua2VtGXxNY5kzWO4NubD1H1CSeqmHvZbwVmwZU0Q+uvVJK2uYjw7gS17dl6cVMdZHOugLGupqzE1MVM173sUywzOZtXvJbd+r1k0+mo5XEVkDZt8xIMRL7tr4w+rmuy7yfUHj5j0RlaKpiKbNzZB/ttz5DidnO/STeTzwAzAJlz6+NsuRry7o+kEHne1civlOcl6FBtcBRRUFVnnxocGofC9meDleB93BovYmeJe+sKCPPJKjtIwe+HrnJJt/Y+kBijZ10DDviQXLYYOs1rVIitRAYJBKxXA9DThcJhQyPxUGQ6HzcOrgBcxqQCmp6et64JWANZptVdwVUTWp7RLBbA0rmI8M/ODTlipAMyfOXJ9PhnFID950JX7GFPmStr4vmpn5T1NFPhhBNybkwdgI+kAanw4SJYGwDT1sB8272DWMTA1reTWm9v95x1nMWrex+nuj6ZPeNo3MlM373uU6BOeRd6nmNQDIiKJJh89YMT71qzVpNlb3yZ/5AGP5guGJrHlLS8jXd9Gt/5P9t2ktbUrIa1AEtlbeTt/hAfRAR/T1dpKV+TCsR/NuOxkH3f6knchEisSXFVQVWT96W9r4HJk/35/G593F7Hv1zFrO8eHGCzaiTchMjnefZmGy92MR1//kbbBCspeYllonncnRd1/MdMIjHfzl+4idiYOmNrd0NbQwMzO/37aPu+maKdXgdVVLJJjNRJIDYdDBEMhM3gaChMKh83X4TDhaLnZLhTTbub68ErfkojIilmjgVUzIDmTH9TMkxoJRM7S00FoKheH18qbWvN+dNUmXCX4ZGImdyvmgVW5x1PIG3rjnnkIViSoWH6RnPqbbCgH+ITwaC7OsnJszx7NnQbgxp8JTpXgihvvLFllJRgDfzaDuwnjuA76cMSmOliUSPD0EBu8Mf+KS3yPOEvWrPy3ifeImXqACYwnLzMXEVnrvu0awZss6akV6Oz6dsGQaLwtleyvHONWayutra1c74LK/ZXzpwEwB8S7Zzebuq7T2tpKa6t5kFXlFitP60gX11tbaf0fsLMyfybQKjIPV0aGgqoi61DJvo8obGsyc5J+3k3FR0epiDujKvkpUnkVRzmx846Vm7WBpjbYd2LhLf9zdMY/7oO2pgYamtpg3z/GzWERd8O+ho/gcyvva8PndFd8xNGX60zSRGyOVbvdbm7xt9ux2+3YbGC3Xtus7f4Oh8NsB9jtjmi72FQASgcgIuuVzVjivwEnGqte8sr4E+fj9RNorGWqppXcMsw/g3WC/cxr18GbuN+8bx2iZL0uzo3MbOZ0+sR+wAwI7irHBjDaQzCrHMeTJp5a+VzdH3fi2pwwn0g5M1vdE+cQ1y8JOWRrWsktK0khr2zi+Ely0caNE3Ov5RfJ2bWdUOS19T4Tud6ag3n4VAfOaCqACYJ37+Mom31t5L+RMWC9P9GxY/87zfwTMNpuHsl+CxOLEn9VZ9endq0RV77wfFK5Nr48efvYa372+y6Wgt/vZ2th4ZL0JbJUHj58SKY76ddYIpLEi6kptm3bttLTEJEY9+/fJzsnZ6WnIfJKJp8+Zfv22Wnluru6+cUvfg5Y2/zDYTIzMwmHwwQCAZxOJw6Hg8D0NAaQmZFBMBgkGAqRkZEBBkwHpnE4HOZr4D//4z+pqFxEvgoRkSX0aGgIj8ez5P0+fPhwwTZpFFhNJ2auUVvfwgHPV1J+kZxdmwmmkFZgrVNg9eUosCrpSIFVkcVRYFUk/SiwKmvBXIHVrv/5P/n5L34BwPPnzwmHw7hcLgxra7/dWqEasnKsupxOQlady+nEAELBIHaHg8yMDGw2G//xH//Jf/uH/7a8NygiYlnJwOqaTQWwOGfJit2+XvM+Tvfr377u8m7HNnpv3QdVRUREREREZHkYBhjhMEYkN6phmDsfbbboIhEb1iIRwwCbDSLb/W02s86YSQEQVhoAEVnHnCs9gfTwCYGBm7h3dZK7yywJ3a1KftDVkjBXxJoHRX3yugYRERERERERmSUSDLXb7Bg2A7vdAeEwNivXqt3uwG4LYdhs2O12DLsdeyQnqwF2ewibzTYTfBURWacUWLUEvtwz9wFSS+4qzy/On3NUREREREREZKkZhkGGyzwa2eV0YhiGGTwFMsIu81Aqmw2nywwX2G02DKudzTrEypXhwkb8AVYiIuuRAqsiIrKkzJUM1rYxEZmf9WFWRNKL0+mcOTFdZBUyDAOnc+6P+998c3cZZyMisnYpsCoiIksqJyeHp5OTuJxOBVdF5mMYBAIBsrOzV3omIpJg48aNjI+Pk5GZqeCqrDqGYfDixQvyNm5MWv8P/8c/LPOMRETWLgVWRURkSeXk5GBgnkQbjhyKICKz2O12snNyyNXJ4yJpZ/PmzQD88MMPBIPBFZ6NyOI4nU7y8vLYvGnTSk9FRGTNW97Aqs0Ohj5ky9pnszswwqGVnobIislVsEhERFa5zZs3RwOsIiIiIsks774WVxY2u2NZhxRZbg6Hk4wN2tYpIiIiIiIiIrKWLe+K1eBzwpm54MwEmwKsMr/EzIyrIVNjOBwiOD3F9NPxlZ6KiIiIiIiIiIi8RssbWA2HsD1XwElmM4wkZbPaGAvUp3atEVe+8HxSuTa+fI5ORURERERERERkzdARlyIiIiIiIiIiIiKLpMCqiIiIiIiIiIiIyCIpsCoiIiIiIiIiIiKySAqsioiIiIiIiIiIiCySAqsiIiIiIiIiIiIii6TAqoiIiIiIiIiIiMgiKbAqIiIiIiIiIiIiskgKrIqIiIiIiIiIiIgskgKrIiIiIiIiIiIiIoukwKqIiIiIiIiIiIjIIimwKiIiIiIiIiIiIrJICqyKiIiIiIiIiIiILJJzpScw4yxZ9XtxJBZP9TB18TiBlZjSHFwHb+J+837azUtERERERERERESWRxoFVk2hu1U8uxF5dYgNx0/gPn4R1lwQ0wwkE3e/Isvr0dDQSk9BRERERERERNa5rYWFKz2Fl5J2gdV4V3l+cTtZ9Xtx1UBAAUiRJbVa/+ISEREREREREVlpaR5YBbiPMQWOjYeAq4C1Fb8416yOSRXg/rgTFz0Es8pxugH6CTTWMhXpqvwiObvKsQEwQfD2Hp73RMq3Ex4Fx2ar39GvmPjDJ9aF5spZs88JQqPxM5xrPtS0klsGodESHJvNamOgiadfwobjVtqDsk6yqOLZk9i5Ja7cFRERERERERERkXSyCg6vuorxDGzZ282XNa24i0cINFYx0VhF4Fk57o/PzjTfXI6tz6obLcF1/CIuAM6Stauc8F2zbuLuCM5drbijF+bioMOsu92DsXkvWTVmjevgb3HSw1RjFRONHRAJvqYyH0qwTzZZY/ZjK/4tG8qv8vziV4SIBFAPsaEqZm63e7CXxc5NRERERERERERE0skqCKzGc28rwRj4c3QV6tRfezA275gJQk71RFMGTP21B8O9HWc5ULMDR0wdN/5McKoEe03kwgmCf7VWqPY8Ihwd8RDON3MxnnRYOV4/ITAwkfp86Cf4pbnSliejGPPcm8NrBYF7jvM0dqWtiIiIiIiIiIiIpJVVkArgELYsMJ7cj/7ZtvkEufUnYtpMYCvHDFo+ezRzyFXPI8K7zJWuro354C7BXd8ZtxLU2HgInsw3/nZsbgj/cDVaEvhhBPebM3Obaz6pu8rzi5gHdUXmF5tSQERERERERERERNJK+gdWy304YgKbxrMTGE+aePrl1VlN3b8CsrbiAjMgWb4VOxAiEgy9nzxYWe6bZwJJcrxuzAdGMdMUzD0famYXze0qzy9G+jhLVv1eMg8eIpCsXxEREREREREREVlRaZ4KwMw9aovd3v+wH1vx+9FVp66DN8mtj8lHGtn6D7h/VY5t6j7BHuDGPULuclyRYGf5RXLqO6N5VOd2leCTiZgxzdQAEQvOJyVnyYqbixnMjV0lKyIiIiIiIiIiIukj7VasOso6yS2LKRj9iok/fDLz+kYtUxtv4q7vtA6lmiB428xH6gYYHcG2q5PcXQD9BBqPR3OjPru9lZxdM/0bA008uwEssG0/8OUeHB934rLGDI32Q9bC85nfJ4RH9+Iq6yRnYxNPb/fEzY3Rr5i4MW8HIiIiIiIiIiIiskJshmHMd57Sok00Vi1ld4vi/rgTFwmBWFkVkv0WJhYl/qrOrk/tWiOufOH5pHJtfHny9rHX/Oz3XckHXiS/38/WwsIl6UtEREREREREZLV5NDSEx+NZ8n4fPny4YJs0TwUgIiIiIiIiIiIikn4UWBURERERERERERFZpLTLsfoqpv5QlUJuUxEREREREREREZFXoxWrIiIiIiIiIiIiIoukwKqIiIiIiIiIiIjIIimwKiIiIiIiIiIiIrJIyxtYtSmOK+uDze5Y6SmIiIiIiIiIiMhrtLyRTleWAk6y5jkcTjI2ZK/0NERERERERERE5DVyLutoweeEM3PBmQk2BVhlfrYFXqejcDhEcHqK6afjKz0VkRU1NjbG+Pg4wWBwpacikracTid5eXls2rRppaciIiIiIiIvYXkDq+EQtucKOMlshpGkbFYbY4H61K414soXnk8q18aXz9FpWurli7oLdPhOculIaUz5MO3nzzBwoJkPS6G3pY5GEtskdtXCsQtQ33yEeVqlPKasXmNjY4yNjZGRmUmm273S0xFJW+FwmLGxMQAFV1+Z+Qxp8c+U+E6+hudJys86EREREVkPlPRURKDjGu3D62BMWRbj4+NkZGZit+sRIzIfu91ORmYm4+P60vnVWEHV4pNcam62fk7ChTq+6F3puYmIiIjIWra8K1ZFJC15PNByuZ0dp6opSFJfeqSZS8s8pqxewWBQK1VFUmS325Uy45WNMOAH34HYNaSl/Oawh9PdvXxYqrWlsniGYTD4t7/x/NkzQqHQnO0cDgcbsrIo+ulPsdlWQ+IqERERWUoKrIoIxQcOUHzhAv/cvoPfVc8OcyamAuhtqaOxw6qctaUfoquHOMyncwROFxpz9rZOX3TrpTmfwxwZuGLV+6hvrqCr7gIdCW1Tm6+IiKxe+RR7oCUhiFpQfWrmS0FrC/+RwwO0XDEfLL6TzVR2zzwfYlMHDLef57TVDs9cz7LZz7q5nje9LXX8CR90dOCfsz9JJ4N/+xt2ux3v9u0Ltn306BGDf/sbxUVFyzAzERERSSfapykiQCkfnvThv3KDhXZNDrefp3HgMJ82N3Op+RxHBi7wWdyefvOD5tdV57g07wfH+cccbr8cs63zHEc8HfwpdpyOTjg6U9dY102ltf3Tx0zbhecrIiKrWwHVRw/j6bjAsbo6jtXVzfH3fAdfc5RLzc18ethDx4U6uirM1AH1Pui41s4wQG8Lp68UUx95bnCF0y2JT6rZz7qFnjf+DviguXmBZ6Oki2eTk2zdujWltlu3buXZ5ORrnpGIiIikIwVWRcRUeoR6XweNsz48xhrmXqcfT9UO60NhAdWnmmNWnA7wJ+uDZvJVqKmPWVB9KmZlqbnNM47vAOYQBRQWA74Ka4WquXIpdr6+A9Uz8z3gw995D4VWRUTWkIJqfmflV/30sAf/lTMcq0vMserjA+vZVGA+OKi0HjP5RdEHB73dHTHPFPO5QUd3zJeAyZ51KTxvon3KajDf9v+laC8iIiJrg1IBiEhUac1hPGcu8EXFOYqTtjADnMUH5gqa+gGPuQq1OrUTk+ccs7eFYxci+yk9eDxJLl6QOd+OC3V0xJX7GAGtGBIRWYMKqk9xqdrazn+hhcrm1J5HpmGGBsBTlT9Pm2TPuvmfNyIiIiKyNimwKiIzCqr5p8OdnL52A1/SBuZq0K+HhqE0WVjSxwenjkBLHY0tFanlMk065jDt1zrwHI6sBrK2XC76hsz5+g7M5M2T1au/rYHP+YiGfSWLuGqc7stN3Nl5gqMVea9tbiKygnpbOHataFbeUnNV6mKZuyD8g/N9/ZbsWTf/82ahNDsiIiIisjopFYCIxCmoPsoROuhI3Hpv1rKjyhO3tbG3pY5jCVv5S4+cxNdxIWEL5uLHND/YAr03Yg6xWgxzvtG8eZH5nm9XKgARkbWitAKfPzEPqvkF3ctsvy+tiN36P3c/8c86PW9ERERE1iOtWBWRBGZeuJYLHclrq09RP1jH6borZoHnMJ+eKoXe7phWpfzmsGcRWzATx4y8vsCxDsB30szFOu8Kojl6TpwvPuqbdXCIiMjaUcqHzecoPn+GY3UzpZ7D57iUSr7vWd0d4dPD5zldVxfpiE+T7sBIeNbN87xROgARERGRtclmGIaxlB1ONFYtZXeyTiT7LUwsSvxVnV2f2rVGXPnC80nl2vjy5O1jr/nZ77uSD7xIfr+frYWFS9KXyFK5f/8+2Tk5czcY7+ZyUxuDAEUVVNDNUMxW/f62Bj6PxOkrZrb+x6UCsPpg3wmOevu43HSHnSeOYnbRT1vD5/BRA/tKlApA0t/k06ds3759pachIjG+/fZbfv6LX6Tc/j//4z945513XuOMREREZC6PhobwvNzBLPN6+PDhgm20YlVERJbRON1/NAOiDRV50N9Gw+dQtNOq7b7M50P7ONFQQZ4VIL1cmBAUHe+2AqkNZiB1fEVuRERERERERNY55VgVEZHlM97HncEidnqtQGnJr9lXFK2k784gRTu9mLUl/HpfEYN3+mZip0N/SVidKiIisvQcDsdrbS8iIiJrQxoFVg+x4XgnOQcPrfIxwP1xJ7kfn32tY4iIrErjQwxSSEHSoOg4Q4NQmLzSNAgUDdL2b/2vaYIiIiKQlZ3No0ePUmr76NEjsrKzX/OMREREJB0pFcCSOEtW/V64W8WzGys9FxGRNJZXSBF3GB6Hklnx0zwKi+BO8kpTxXsc3QdtDZ/TVtaAlX5VRERkSRX99KcM/u1v9N2/TygUmrOdw+FgQ1YWRT/96TLOTkRERNLFOgusXuX5xauvfZSpP1Qx9dpHERFZhfK87Cxq407fOBUVedD/b7QNRnKs5uHdWUTbnT7GK8wcq//WNkjRvn8kPpVqCfs+qqDh8zbKGvZRkldAIYMxfd6lG6hYoVsUEZHVz2azUVxUtHBDERERWdfSNrDq/rgTFz0Es8pxugH6CTTew16/FzODUT+BxlqmFtX2EBuOn8DxpImnX14F67V5zQShUXBk3Wfq4nEcH3fipB82l2Cb6mHq4nECNa3kls0sjzIGmnj6JWw4bo1T1kkWVYS3deLiKyb+8AkAroM3cRfnmhdF+gKoaSW3DEKjJTg2x/b5+oO/IiIrI4+Kf9zHnaYmGtqAin3sK4I7kdqKo3w01EBTQ5tZUPGRechVopJfs6+oic/bymjYZ+ZibWqL73Nome5IRERERERE1qe0DawCsHk73K5ioscMgLrqIdBYxTNr673z4CGIBCFTahvfvevgb3HSw1TjcQKR7fwxS01tm80+zKKzZJXlE7xdxfMerKDo+7ip5fnF7XGpANwfxwxS04q7eIRA455oYNf98VkCVtAVSrBPNjHxh6tWn79lQ/lVcwwRkbUor4KjDZH1pON0X47Pq1qyr4GGfbMvK9nXQMNMJ1QcbYiuSs2rOEpD3BLViqTtRERERERERJZKGh1elcRohxVgvIrxDBi9ZwU572Mk7rVfTFsADuF8MxfjSYe5epRPCAxMJPR5LybO+gnPGvdEA56ujfkp3YJ7W0lMP1d53tcPm3fgjrboJxgJDj8ZxUipVxGR1aqftobLdEf29ff/G22DRRTOc16ViIiIiIiISDpK7xWrr9V2bG4I/5DqtvvYtAFgTE3M39y6xpYFxpP7LztJEZE1poRf74Ompgaszf5UfNRAst3+IiIiIiIiIulsHQdWzZWsjo2HgBSCqzXv43TP5HWN5Eed31WMZyewZW9/5dmKiKwVs7fti4iIiIiIiKw+6Z0K4LW6SvDJBLY3fbgAOIsrcsDUnPKxlQMcYoO3ZIG2pqmHsVv/reviUgyIiIiIiIiIiIjIarOOA6sQ+PJfCFKOu76T3PodGIk5VmPd+DPBqVycuzrJrf8t9PVgRAOtnxAeBUdZJzkHDyVcV8vUQD6u+k5y60+Yh2VFD64SEVl7nE4n4XB4pachsiqEw2GcznW8gUhEREREZBWzGYaxpOclTTRWLWV3y8p18Cbu7A4mFPhcdsl+CxOLEn9VZ9endq0RV77wfFK5Nr48efvYa372+67kAy+S3+9na2HhkvQlslRGR0cZHx8nIzMTu31df38nMq9wOMz0ixds3LiR/PzUDsUUEREREZF4j4aG8Hg8S97vw4cPF2yzrpdIuD/uxDnZxNMvrxJJBWAM6KApEZFXsXnzZgB++OEHgsHgCs9GJH05nU7y8vKi/8+IiIiIiMjq8v8DAsVpyFmcBO4AAAAASUVORK5CYII=" height="600" width="800" />
Actual:11-->Expected:11]]>
  </system-out>
</testsuite> <!-- testcases.MyInfoTest -->
