<?xml version="1.0" encoding="UTF-8"?>
<!-- Generated by org.testng.reporters.JUnitReportReporter -->
<testsuite skipped="0" hostname="LAPTOP-JEI8AS0O" name="testcases.DashboardTest" tests="2" failures="0" timestamp="2022-06-26T13:09:02 EDT" time="5.441" errors="0">
  <testcase name="getDashboardQuickLaunchItems_004" time="2.851" classname="testcases.DashboardTest"/>
  <system-out>
    <![CDATA[<img src="data:image/png;base64,iVBORw0KGgoAAAANSUhEUgAABVYAAAJcCAYAAAASBf/6AAAAAXNSR0IArs4c6QAAIABJREFUeJzs3XecVdW5//HP2nufMmd6Y2aYQhk6SLWgCAj2qNGosYtiyc01NzFXkptoEsvNVdMsib/cxJgbDGrsYsFEjIIKKoo0EQakCEOdOdPLabus3x/nzMDAwECilPi8fRGZ2WuvvfaZ7R/5zrOfpbTWGiGEEEIIIYQQQgghhBAAzJgxo8cxxiFYhxBCCCGEEEIIIYQQQvxLkWBVCCGEEEIIIYQQQgghDpIEq0IIIYQQQgghhBBCCHGQJFgVQgghhBBCCCGEEEKIgyTBqhBCCCGEEEIIIYQQQhwkCVaFEEIIIYQQQgghhBDiIEmwKoQQQgghhBBCCCGEEAdJglUhhBBCCCGEEEIIIYQ4SBKsCiGEEEIIIYQQQgghxEGSYFUIIYQQQgghhBBCCCEOkgSrQgghhBBCCCGEEEIIcZAkWBVCCCGEEEIIIYQQQoiDJMGqEEIIIYQQQgghhBBCHCTrcC/g89IYa6K6dRubmjeztW0729t30BBrJObG8LQHOjVQgac1E0qO5xsjp2MoyZaFEEIIIYQQQgghhBAH56gOVhNugpV1VSzY9i4r61bTGG/EJRmiKhRKKQCUAqVVMltVYHs243qNkVBVCCGEEEIIIYQQQgjxDzlqg9WqhnU8teZZltevBA0GCmUYWJhAsirV9VxyAzl4aNrtNpRSOJ7D6IKRjCkaeZjvQAghhBBCCCGEEEIIcbQ6KoPVtQ3r+cl7/4PtJTANC6U0OlWl6mkPx3PID+ZzSunJJLwE7+5YlKxW1RoPuGrIpVjGUXnrQgghhBBCCCGEEEKII8BRly62xFv4+Uf343gJLMNEJxNVtNLYnkOWL4NLBl7IkLxBLNz+PnM3v4GHxlCKhJtgSulkBuVWHu7bEEIIIYQQQgghhBBCHMWOumD1lY2vsSNSS8gMdn7P9hwsZXFh//P4auVXaIw18uCy31HdugXLsFKVrBqf6WfasEs7e68KIYQQQgghhBBCCCHEP+KoClabYs28uul1AoYfDWitcbXL+OLjuXzwxVRklfHaZ2/wyKpHAfAZFhpQSpFw4kwbcgUFoYLDeg9CCCGEEEIIIYQQQoij31EVrK5v2khzooWg4cfWDnmBXG4Yfg0TSk8g7sb57bI/8MbW+ZjKwsBAo1EKHM+hT1YF51aedbhvQQghhBBCCCGEEEII8S/gqApWP21ch9YejnY5pXQiVw+9jMJQPnXRBn7x0a9Z07gGS/lQil29V7VGo/n2qG8S8qUd7lsQQgghhBBCCCGEEEL8CzhqglVPe3xcvxpTmXxr5Dc4rc9kDGVQ017Lzz96kHVNG/CbPrQGdPIcBUScGDcdcwND8gcezuULIYQQQgghhBBCCCH+hRw1wWrUieI3fNw5/jbGFY0CIByp585FP2Nb23b8hg9I9lPtSFejTpwLK7/KVyrPOIwrF0IIIYQQQgghhBBC/Ks5aoJVQxl8e/S/UZjafMp2bX697HdsaduW3MxKadC6c0MrQxlcNvAirhj6dUxlHubVCyGEEEIIIYQQQggh/pUcNcFqmpVGmpXskaq15i9rnmNx7RICVhoxHJRW+E0/peklHN9rDCeWHM/AnL6HedVCCCGEEEIIIYQQQoh/RUdNsLq7jc3VzK/5kBPLJtE3rYC+6SX0Si+iML2IglABShmHe4lCCCGEEEIIIYQQQoh/YUdlsFqeUcwfJ/8M5Tp47XVY0WZ0wka7teA66GAOyh863MsUQgghhBBCCCGEEEL8izpyglXtoeNtYEchkIHypcE+Kk99zVvxVr2Kt3YeTuNWYlonN60yTLTpx8wrwygbjVU5EbPkGFQg8xDfjBBCCCGEEEIIIYQQ4l+Z0lrrw7kA3R7G3rAAd8MC3LqNkIhCMAsztxyzZChm3xMxCweBFdh1TqwZr3kburUWr7Ead9sK3J1VeK1h6AhZAVAYhQPwj74Aa9g5KH/64blJIYQQQgghhBBCCCHEUWPGjBk9jjl8warnkPjkZRLvP4rXtA0MI9kbVRloz0PhoTUow8TsPQLfmK9hDTwVZQW7nU631+OG1+Gsewt7zesQbQXDQANKa8zewwlM/HfMiuMP7X0KIYQQQgghhBBCCCGOKkdssKrjLcTfehB7+UtgmMk/AJ4H2t01ThkoQGuNAsw+4whMugmzZOR+5/eatpJY+RL2h0+gXRtlWmjXAaUITr0Z/5hLwThyuiAIIYQQQgghhBBCCCGOHEdksKrtCNEXv4ez8QOU5QdUMkzVYJQOxywfh5Geh3YddPM2vPB63JpPky0CtAemj+CFv8LX/+Qer+WG1xKbezfe9tVg+kBrtGsTOOEqApO/A8r84m9YCCGEEEIIIYQQQghxVDnyglXtEf37vdhLn0f5Uj1TPQcjPZ/AqbdgVk7a+1V/18Zr3oqzbj6J5bPRjdvAtEj7+q+x+p7Y8yVjzcT+/jOcqjfAtNAAToLgmT/AP/qSz/0WhRBCCCGEEEIIIYQQR7cDCVaNQ7COTvYnL+EseW63UNVFpecnQ9LBZ3TfP9X0YeT1w3/CdaRf9Sf8J1yN9lyiL/0QHW3q8ZoqmE3wrNuxhkwFx0YByvQRn/sz3PqNn+8NCiGEEEIIIYQQQgghvhQOWbDqtewgNv83YPmT39CA9kg7/2cYhYMPaA6VXkhgyn8SuuhX6EgjiY9fPLDzfGkEz/gRqmgguC4oA5QiPu9+8JyDvpd4PE4kGsXzvP2O01oTi8Voj0SIx+MHfZ2eJBIJ2iMRYrF/fm7btolEIkQiURKJBI7j7PP+DrTI2XFdotEokUiERCLxT6/xcPC0R00kTNSJ/cNzJFyb2kgd3mHaJ04IIYQQQgghhBBCfP4O2Q5O9tKnINoMVqpa1YnhO+k6zNLRBz2XNWAKoUseIvbWQ/jHXorypfV4jgpmETzjNqKPTwc8MP04G9/D2bkKq/eoLmNrampZ9MEH5Obm4HoeEydMwLIsWlpaeH72bObOnUtLaxsPPfgglZX997rWtu3bWbBgIW+//Q6fbdpELBYlPy+PEcccw6RJEzn5pJMIBAL7XW9jUxPvv7+IjIwMmpqaOHnCSeTl5aG1ZvmKj3nttddY+cknNDU1EQqlUdm/ksmTJzPllMmkpfX8eQC0RyIsXbac+fPmsWz5ctrb20EpTMMgNzeHwsJepIdCBINBQqEQza0t1NWG+fa3v82woUO6ndO2HZavWM5bb7/NokUf0NDQgNaazMxMhg0dyqmnnspxxx1Lbk5Ot+d/2riBD3d+RIaVTn2skTG9RjG2aP+blQF8uHMpGxo3EjAD1MUbOLvPqZRnlbFk5zKWhVfiaodcfw5RN0a7HaEl0YaLQ8gKURTqxeDcgQzLH0zaHlXTbYk2vj3/+xxXNJYZ4/4DQx3c7yI0mv/75DEWbHuPBybfQ1F6r4M6XwghhBBCCCGEEEIcmQ5JsKrb60isnJPcQApAawik4x/zj/c4tSonkxbKS851oOcUD8XsMw5381IwLZRS2B+/vFew+snqVXzve99DA+PHn8CUyZPZsXMn37zpW6z6ZCWmYaIMA/8e4WhbWxuP/vkx/t9v/x8+n48RI0ZQUVFOIh5n6dKlLFmyhKeeeopJkyZx15130rukeJ9rjUaj3PajHxGJRDBNk1defolgMMjPfvELnnzySRQKy2ehPU08kWDFihW88MILnDB+PD+79x7KSkv3+1msWl3FHXfcwUcffUTffv244frrGTt2DKZh8vHKlcycOZP33nuPzMwsvv71r+M4LnXhOpqam4nHu6/eXPvpp9z/4IO8+cYbmKbF5Zdfzvjx48kIhVi/cQOzZ8/myaeeYsjQIdx5++2cdOLePXLjdown1j6Lz7DQWtM/p89+76NDbXuYWWuexJd6xk4sPo5yYHn4E57f8BJpZhoeHlcOuoTyzHISXpwNTZ8xb+s7xN0YlvLRN7OCGeO+TXnWrs+uNlJH3Ivzzrb3OL//2QzKG3hA6+mwrWU7czb9DUuZxJ2js2pXCCGEEEIIIYQQQuztkASrTk0Vur0B5UtVA7o21vCzMTL/ueo9s+SYgzvBsLAGTcXd/FHn1+7Gd9GxZlQwu3NYeigdn8+HbdsMGDCASCTKf3zrP1ixbBm5+Xk4CZt4Ik56KNR5TiQa5Rvf/HeWLFnCz+69l4knn0xObg6WaeK4LjU1tTzw4IO8/PLLzJ8/j5bmZh6b9Wf8fn+3S00PpVNYWEh1dTVZWVn4fX6+e8v3+HTtGu695x5GjBhBXm4e9Q31zJ//Fr/93/9Fa49F77/Pt79zM08+8TjBYDc9a4HVVWu49LJLaW1p5dJLL+WO239Cenp65/HBgwdx5hmn818/uJW/v/l32tva+cFd3yMQCOyzPcCSpcu49rrraGttYfDgITz0m98wcEBl5/GTT57AFZddxrPPPc+Pf/xjrrl2Og///ndMnTKlyzyu0gQMP6ZhoLXGVL79/0xT/JYfv+nHVCYKhd9Mfq6WYeE3/Gg8snwZnFd5FsHdqlLPrzyHXy75DZtbq9nY+hl3L/4VD0y6h7RUFXRjvDnZ+kDB7PWv8v3jvnPAVaue9nhszdMoFBpoSbQe0HlCCCGEEEIIIYQQ4sh3SHqsupsXo3YLozQaq/8EQB2Ky3dh5PdDd1xXGXhtdXitO7uMKcjPx/FcANLT0vnDHx9hZ20tf5o5kxdfeIHnnnuWO++8C9veVYHY2tJKS3MLr77yCl+74HwKCvKxTBMAyzQp7V3C3T/9b0455RRM0+Sjjz7i5Tmv7nOdlmWSFgyglMIyTX70k58Q8Pt45eWXuPiiixgyeDC9ehUydMgQbvr3b3L/ffehNQTT0li2bBlvznur23mj0Sjf+/73icfjFBQW8sMf/FeXULVDVlYWd//PT8nOzuYvTz7BI3/8Y/LzMwwMo+tj09DQwE3f+hbxaJS8vHwe/v3vu4SqHfx+P1dcfhlfOeccPNflmzfdxKbNm7uMybTSUUqhNXhocv1Z+/yMdhc0/KnHSaOUIsOXCr0NhVIGCoUyLGJu16rRsszefPOY69Daw6f8bGvfzsq61Z3Hd7bvTAa1hsV7Oz9gY9NnB7QegNV1a3h3xwf4jWTIWxsNH/C5QgghhBBCCCGEEOLIdmiC1R2rwdhVHKsMCyOn96G49N6UiTJ3q4LU4IU3dBnS3NKMZZoEAgFmvzSb1157jeeefYapp0ymT0UFgwcN4orLLqWoqKjznLS0IPff/ysGdBModggEAtz079/EcT0sn8Xs2bOxbbvbsZZlYfr8KKVoaGxk1erV3HvP3WRmZnY7/swzTueqq64iGo0SCPh5/vlncZy9N+b6ZNVq1lRVAYqvfvWr5OXl7XO9+fl5nDr1VPz+AL/73e/ZWVOz1xitNb956LeEw7W4nsfN3/kOfSrK9zmnUoobb7gB0zJxHYff/vZ/u2yG5WgHUKDAUAZx3f3ns6eQlZbsCqEUKIWtk8F4ppWO1h6u1gQMH35j7yLt3hnFpPsy8PAwMNjcWt15rCXeiocHWqHRPL32BTy9/03LABzP4bE1T2Mo1ZH30hhrOqB7EUIIIYQQQgghhBBHvkMSrOr2OuisWNXJitFg95sXffGL8ZLhG8kwTxkGXkPXqklNMtRDKWrDYb7/ve9TUrzvfqiQrPAcNLDn/pulpaXk5uSglMGWLVuIxePdjjNNk/RQCM/ziMfjfOc//oOMjIz9zn3JxRd3nru6ag3tkcheYxYvXpyqONWMGjVqr+N7GjxoEIZhEIvHWLps2V7Hd+zcyVNPP0UwmEZ6KMQZZ5ze45x9+/ahuLgYn8/Pa6/NpaGhsfOYaVi7HkoNQXP/m3x1iHgJfMpMtQ8wCJnJ1/1z/dk42sVQCksZdFcl7Xpu8pEgWSWbF8jtPFYbrQOdqrJWFh/WLmVj06Ye1/PRzmV80rAaS5mgkuc3JVoO6F6EEEIIIYQQQgghxJHvkASryVLCjqrEVIIVbdzX6C+WMsCx2T1g0/GuAaTP50ejcR2H0tJSjj/uuM/t8gG/n/z8fLT2cByH+H6C1bRAANd1sUyTUSNH9jh3Xn4eubm5aA8ikXba2tr2GvPZpk1YPgtQZGbs3QJgTxmZmZ0bhG3bun2v4wsWLMS2bVzX5dhjx1FYUNDznOnpVPavRGtNLB5j9epdr96nmcHkk6I1Gt0ZkPYkzQzi4aG1RqEIpHqstrsRLGViKIWnOypiu6qNhGlNJD+rgOFjbK/RAMTdBDvad2IaJsloNPnP42uewU1VxHYnakf5c9WTWMrCVMkKWaUU4UgYzYFvtiaEEEIIIYQQQgghjlyHJlhVZtevPRuv9fD0m9TRJvTur3J7HphdN0jq6I3quC7Dhw0jtNsmVf8sT2ui0UjndSyr+/3DtE72ClVKEQgGyc/f9yv7u687Py8vFf9BLLZ3aJufn4/rJgNIz+35lfampkaUoZJ9Rv1dPyfP8/hw8WJM08RxHE44YTymae5jpt3WaVnJAFhrHMemdbcA2Jd6VjR02YSqJxm+tM5NphTJyleAlkQblmGljhlYe7QCaE208fiap9FoHM/h+mHTyE1LVlO7nkNdtB6Ac/qeRdAMYCmTxTVLWNfQtX3E7t7fvpgNLZ8xMKeSCyrPxfFcFIq6aD0J98BaGwghhBBCCCGEEEKII1v3qd7nTGXk4zVtRXUGrAp384f4Bp5yKC7fhRden9qjPVVDaxjsucm7aZqgkx0D0tPTMc1/Ln/WWtPU3Mz69Rt44i9PUFsbxlAGhmng93W/671SiubWVvx+P4ahMA4gsPQ8D9uxMYzkZk2BwN6v0R87biwP//73mJbJ5i1bepxz/boNnb1LBw0a1OVYIpFg48aNGIaBaZq8OW8eLS2tNDTUk5mVTSDgIxgI4mmPWDROLB4jGo3Sq7CQj5YswTRN2tsTtLXuVlmbeidfpf7n2XUv0iutANOwaHXaMJRJ0AxiYBD1YrieTchMY0ekBqWMLuEqgJGar+MnnnATBM0ALfFW1jSs47GqJ/msdTO5gWymDbmC0/tO6VxKxI7SnGjB9Ry+0vd0/IaPp9Y/j2VY/HHVLH5+8l2patZdonaUWWuexFImXx94ASErxNPrnsdUJi2JFqJ2tLOaVgghhBBCCCGEEEIcvQ5JsGr2Goi3ZSmQDKGUaeGseR198r+hgtmHYglJro27+UNIhWHJTYU8VE7XzZaUSkavWoNh9Bxo7qmxsYlNmzexYeNGPl37KZ+uX0dDfSOJRIx+ffuRl5dHQ309Zg8Vqx1Vq4Zh0N7Na/178lLndNxDZjc9WceOHUteXh7NLc28+cabXDPtanz7WENLaytvv/MWSilKSooZMWJ4l+PtkQjhcDgZ5CpFXV2Ydxa8Qyg9nfRQiEAgQDwexzIN/H4/juPiuA4bNm6kT58+VFSUo7WmpGSP/rWpFrgGis9aN1MTC2Ng4jf9+AwL1/NIaBu0h9YeaVYaTfHmXefuNZdOVYyG+fF7/0O2L4OaaB0NsQZGFYzk1IopnFAyjtKMki6nhqN1OLj4zQAZ/nTO7nc6z6yfjWmYrGn8lI/DnzCmqGuf2jkbX2NHpIbRBcdwbNEYNjZvwkgtqsluPaCNr4QQQgghhBBCCCHEke/QBKslI7D107u+oQy81jD2p/Pxj7zgUCwBALd5G+72VbD76+DaxSge2mVcsk9n6u/egQdh27Zv55lnn+WZZ56hsbGJAQMGcPrppzPtqqspLy+jtLSUWDTKFVddTUNDPZblIxKJ4Pf3XMGo1N6bLu01BlKVtgq/308sHiObrC5j8nJzueuuu7j5uzfz0ZKPmDPnVb52wfl7zeVpzR/+8Ah19fWYhsntt9++V1DrsywSqR6xkUiEO35yOyefPKHLWg3D6BISdwS/QOffk5tp7Sa1WRQovjv6Jvrn9O3x3leFq7jt/f9mr2RVg06FqznBPECxon4VlrKwTIvLBl3I4PzuNx1rjDXhuDb5oTwMw6AgkM9p5ZN5c+s7mMrkT6sf5/6CYfhSrSQao408s/5FlIJrhl6OaZhk+jJBKRRguwlaEq3kpeV2ez0hhBBCCCGEEEIIcfQ4NMFq72PAFwTP3fWqtxUk/taDWJUTMNILD8UysD95BdwEWEGSiZuGYDbGHkGX53nJ18lVMmA8EKtWr2b6dddRU1NLRZ8+/N///ZFjx47d63X8lpYW2tvbAQgEAqg9Q8UUpVTnplEHyjRN/KkNr3w+3z7D2K+cfRaNjXfy4IMPcNuPbqOltYUzTj+d3JwctNbUhsP86U8zefTRR8nLy+NHP/4Rp06Zstc8GrBSrQws0yQSiXbbY7WjV2znfR0Qhatd/Eb3rRL2lqxK3eu7Ktmr1UOTZoX44bibeWjFw6xuWIPjOvxq2UP8fMJd3YadO9p34qHJDWYTMJM/x4sHXsDb295Do/msZTPvblvEKRUTAXhh/RyaE82cVHQCg/OSYa3f9BEyg8TcOFp7NMQa6ZtdcYD3JIQQQgghhBBCCCGOVIdk8yojuzdG3xPQ3m47shsmRFuJzb0HfQg29HGbtmB/9BSYfjo6buK5mKUjMNK77mTv7V6legDhZktLK9OnX0dDQyO9S3vzxGOPMeHEE7vtcerYDo7j4HmagN/XuVHWnrTWpGek4zjO3mvaB8MwUYDruliWSSit+023DMPg6quu5Ne//g1KGdxzzz1cdfU0rr/xRqZffwNXT7uG999/n1tmzOCVl1/m4gsv7DYQTQsGKSsrxXWTgfm27Vt7XGNP9B6vyjva2cfIrhztJv+iOuZJVcPqZJWsAcScCMUZvfjumH8ny5+s5K2J1HD/st9id/MMbm3bgYEi25+FkWrEW5rZm3P6nont2VjK4rG1zxB3E9S2h3n5s7/iM/xcNeSSzt6rShlk+rOST5yCmkjtwX0gQgghhBBCCCGEEOKIdEgqVlEmgWMvJbLurd2+qcHy465bQPzNnxM89b9SoefnTyfaiL9+D9qJo8zdKiC1i2/omZ09VzskQ0wFqAOqWH1z3pvUhmvxWT4uvuhiKsrL9jve81w8z8M0rb1fg09RSmFZPhzbxvX7yeimX+qe4ok4tmOjFJiGiWXtuz/sBx8u5q6f/pTp06/jsku+jt/vI1xfj9aagrx8cnNzCAaD+72e3+9nzJixLFu6DJRiddXazlf+/1G25yarhVMfu+MeWLAacZP3rUkGqXYqxC8I5mN7Nj7ThwKiTozi9CJ+ctz3+f67P8FSFivCK3l09V+44ZhpnVWvrueyM1KDRpMfzO8MVgHO7nsar26eC1pTG6nlbxv/zrb27cTcGGdWnEplbv/OsSFfkExfJjWRWlw0rYmee+UKIYQQQgghhBBCiCPfIalYBTBLx2CVjYY9gzLLh71sNrE3fo5ORD7362o7Suz1u3E3Ld4jVPUglIvV/+S9zumoDlUKPG//warWmgUL3yUQCIJSlJWW7nd8wk7gOC5+v59oLNql5+iea0gkEqnWCZpQqPvq0925joNt21imhUYTT/U/3VM4XMfV067GtW2+/a2bKC8vo6ioiBHDhnHM8OGUlBT3GKp2+Op556JVMmSdN+9NamvDB3TevrS70eRflEKhaHUO7JlwvAQKAwPwtEfUjQHJClhN8vM0lYlPJX+XMDh/IDcOv4a4l8Bv+Hhx46ss3Lqoc76oE6M2EkZhkO3P7HKt3pklnFl+KrZ28Zs+Zq15ije3vI2lLM7rf3aXYNln+Mjwh5I9Y7WmMd70j384QgghhBBCCCGEEOKIcciCVWX6CZzyne6DRMuPveJloi/egle3/nO7pteyg9grt2KvfgPMrr06tWPjH38Nqpvemo7rpOoWU9vT9yCRSKTGa1paW/Y71mf5aG9vRym1z2pVAMdxaG9vx7JMtIaGxp4DOa116rX8ZAeDRKL7FguzX3wR23YoKCzA5/vnipaHDhnCaVNPJR6P09bWxmOPP35Q59fV1XV5JvyGiac9FJCMRA+sz2zICqbaBiT7qSa85L3XxZrwGSZKJdsFdHwf4Jz+ZzK1bHJnuPrAst+yofEzABpijTQnWlAG5ARz9rreVyvPJmgEUp0iNAkvwZTSiVTm9OsyzlAGWf4sNBpDKWraw7gdbQuEEEIIIYQQQgghxFHrkAWrAGbpKPwnXgN2rJuDPtxNS2h//HoSHz2BbvvHe1HqeBv2Jy8R+csNOOsXdq1URYHnYORX4B910T4m0Hg6GYTFE4l9VpVC8pX9sWNGk0gkMA2Dt+e/1dkXdU/xRIIHHngAx3FwXXe/rQAcxyEWj6FU8tX2aLTnys1YLE4sFsfzNIahyMzsvn1APB7Hsiyqqtbw8pw5hOvqiEQiOI5DJBIhGo0Sj8f3eR+7MwyDO+64naysLEzT5I//9388/eyzPZ6ntebZ557ndw//oUuFZ9xJoFKv82v27rm6L42xZkwMQKM1+FSyDYKjE6loVpFwExi7XctQBjcMn0ZRWi+09nC1y92Lf0Vbop2EmyDhJVBakZPqx7q7koxippZPxvbszk3Ovj7ogi4tAzrkBrPRaBQGNdHaA25vIIQQQgghhBBCCCGOXIemx2onRWD8dbibF+NuX4WyAuyqSNRgWuDEib95P4klT+EbeR7WgCkYOWUoX9r+p/ZcvOZtOJsX4Xz8Mm7NWkClKlV3C0a1C1qTdu5PUf70bqfKzs7BcR1Mw8Sxe95Y6+yzzub+Bx7EdV0WL1nC7x7+Azdef12X1+nXrFnLXf/93wwfPpz+/fuzefMmqquraWhspHdJyV5zOq6LnbAhFTLuq/p0d6H0EIl4HK01nqf3GQhPnTqF3zz0EIlEgttuvY28/Hyys7MJ+P1owO/zEQgGCQQCFBUVMWzoUE466UT69e3b7XwlxcX88ZFH+OY3/42GhkbuuOMOtm7dxhWXXUrJHveWsG1Wr67iTzP/xIsvvsjDv3+4y/G4G8fTHpZhorRHmx3t8b4BLMPE1g5+lfy2SOXsAAAgAElEQVR5NyVaKKU3cTcVjKtksOrusQlYdjCLHxz7XWYs+BE+w0c4Gub3H/+JIbkD0VpjKnOfPWMvGnAef6+eR9y1ObbXGMqzuu+tGzADGBgopWiINRBxogSsvTc2E0IIIYQQQgghhBBHj0McrILyp5N2wS+JPHEduqU2GaZ2GaDA8qNba4kv+AOJd2di9BqAWTwMo7ASI7sErGCyV6tpoltrcBuqcXeswttZBfF2QIHRza1pjfY8gmfdillyzD7XuGPHDlzHIW7HsBOJ1EZT+94IqqSkmF/+4hfc/N3vorXm179+kHcXLuSE8Sfgs3x8vPJjli5bzoz//E8uu/QSBj03iB/88Ic01Ndzw43fYNLEiVx00UUMHFDZOWcsGqOmZmdnn9S2ttYeP9vGxkYSdgI7YdPU2EgkEiUtbe9AetjQoTxw//385qGH2LJlC+FwmJqammQbAcA0DZJZpMJQCmUYBAIBLr/8Mm7+zncIdTPn2DGjeebpZ/jFr37JG2+8yUO/+Q2z/vxnJk6aRP9+/Qilp9Pc1MTijxazcuUn9O3blz8/+mcmTeza49bTHp720JhowHa77xO7173HmlPVoirZSiCVKRsYONoloEzink1jvImsQNeeqYPyBjB96JXMrHoCv+ln4fZFfLDzI/yGHw8Pq7tnCeiVXsjpFVN4ceOrXD7wom6rVQHSrXSS22op4m6CumgDud20FxBCCCGEEEIIIYQQRw+l9/ee+xfIbd5G7OmbcJu27fGqfjc8D5Lb/wDJwA+l0B3Vh6mKRKWM1GZP3dAa7TkEJt9E4ITpwL53rl+3bj3PvzCb/IJ8XNdh+jXXEAj0XGG44uOPeezxx1m06AMa6usxTJPs7CymTjmV6ddeQ//+yf6brusy59W/8uGHH2IYBsceO45JEyeSm7ur3+vOmhpmzXqMgoJCamtrOe+8cxg+bNh+r79u/Xpmv/gSBfkFhOvquOH66eTn5XU7trWtjfsfeIAnn3ySUaNGM2jwIEqKS8jPy6OpqYma2hrWrV3HshXLcRwH0zSJRiNcccWV3HXH7fsMmh3H4eOPVzLnr3/l3YUL2b5jB47jYJkmaaEQEyacxDlfOYeTThzf7YZc29p2UtNeg8/04XgORaFe9M4o7vGz39D0GW2JNpRh4LoO/bL7khPM5rOmzTQnWjAMA9dzGZo3iKC198ZccTfB0prlhKw0fKafdCtIwnNpd9rpl9WH7MDe7QAAWuKtbGjZxKiC4fsMVmsjYba0bsNn+nA9l/7Zffc5nxBCCCGEEEIIIYQ4/GbMmNHjmMMWrAJ4TdXEXr0Td+sKsHyQ6pG5P5qukeieX3d/oWQlZmDKd/CPuwL2EYDt85pa7/N18O7G1tXVEw7XkhYK0auwkPT07lsOHC6LPviAW2/7Efl5+dx55x0MGjgAv9+/1zjbtvl0/Xp+9rOf8+GHH+Dz+YnFYrz80ksMGzqkx+u0t0dobGqkubmZtLQ0CvLzycqSQFEIIYQQQgghhBBCHNmO+GAVQMeaiS/6E/biJ5OVp3u2BjjQedgzYE3tK+86GJm9CH7lDqw+J/zzCz7KVa1Zy7nnncegQYN46i9PkJ2d3eM5LS2tXHvddaxevRrbTnDHHXcw7aqrDsFqhRBCCCGEEEIIIYQ49A4kWD240s0vgApmEzzlP0m77LeY5aPBczorTA9qnt2/0IBrg+fhH3MhoSv/KKEqEE8kuP2O27HtBDNuueWAQlWArKxMrrjicmzbxjRM6urqv+CVCiGEEEIIIYQQQghxZDvkm1fti1V+HObFI3A3vEVixWzcLSuSAasy0Ur1/Cq+1qBTPVcNA2vYGfjHXIxZOuaLX/xRYsOGjaz8eCVZWVn069f3oM6tKK/ANE0cx6FPRcUXtEIhhBBCCCGEEEIIIY4OR0ywCqB8aVhDzsYaMBV35yqczR/ibHwXL7wxWcmqkxtYKc8FI7kDfHKzKgWWH7PXIMy+x2MNmoqZX7nvjay+pBoaGkjYNv5A4IA24+pCAVpjWRYDBw3a71DP89i2fTt2IkF6ejpFRUUAxOMJwnVhXDdZkZydlUVOTg5aa2pqakkkEmit0WhM06R3SQmtbW04tk1BQQEAjU1NuI7T+XWHRCLBjh07cF2X3Nw8cnNzOo+1t0cIh8OAJi8vr7PPa0NDA47j0KtXLwCamppwUnPX1dcTaY/gaQ+FIic3h+zd+sO2t0eora3FMBRFRUUEg0Ecx6GmphbHdUAn++36A35Kios7fzEQj8cJ19XRq1cv/D4ftm1TU1tLcVERtu0QrgsnPwOtSUtLo1dhYZdfKriuS01tLVprSoqLMQyD9vZ2wnV15OXmdt6b4zhs276dkuLizv65sViMurp6evcuwTCM1HprKC4u7tyMrLW1lda2NnqXlHT5fF3Xo6amhng8RjAYpDh1T4lEgp01NWitQYOnPTIzMsjNzWVnTQ2GUp1jW1tbaWhoJD8/j0AgQE1tLZ7ronXymcnISKegoICamhoyMjLIyMgAIBwOk5aWhuu6NDQ2YlkWSikc2yYYTKO4uGi/z6MQQgghhBBCCCHEF+GIClY7WQHMsrGYZWPxH38Nuq0Wr7Ear3k7OtqUDK3sGIY/hErLRuVWYOT1wQjlgXWQgeGXiM/vwzJNEokETU3NlJWWHvC51ZuqicVijB47hsEDB+xznG3b/G3u62za9Bm5ubk0NDYycsQxnDJ5Eo2NDTz7/PPk5uaCp2lqbuYrZ51FZWV/Zr/8EpZpkpGRied5pAWDnH3WmXy84mM+WraMb1x/HRkZGSxe/BGtrS1cdOGFnddMxOO8PGcOLW1tmIZJQ2MDF55/Pn369GHnzp3MfullLNPE8vlobW3la+efT3l5Ge9/8AENjY1cfcUVACxfvpy6+gYuvuhC3nrrbbbt2EFuTjaO7RCNx/jqV86hvKKcuro6nn1hNn6fRSKewPL5uPzSSwB45vnnycnOJhgM4HkeeTm5FJ3RqzO4rK2t5bkXZnPlFZfTq7CQ5uYWnnv+Ba65+irq6up4+dVXKUoFvQ0NDYwaOZKJJ5+MYSS7dsRiMV56+RXa2tu4Yfp0cnNzefe991n+8QomnHgiE046CYB169bzwksvcc5ZZzF69CgAampqeOa55/nKWWcyfPhwWltbefaFF7jh2mvJyMxEa83f5s5l0+Zq/u2G6ztbRSQSCf76t9fYsm0rOVnZhOvrGTFsKKedeir1DQ08/exz9E6FvJ7n0b9/f44ZMZznnn8B13W54brpZGVl8dbbb1O19lPOOO1UykrLeObZ58jLyyMQ8GPbDv379SMnJ4e/vTYXn9/P5ZdegmmavDFvHkMHD8bv9/PR0qW0t7eTSNjk5uRQXFxEcfHpB/wcCyGEEEIIIYQQQnxejsxgdTfKl4bK7YOR2+dwL+WoN2zIEHJyc6ipqWXZsmWMGD7sgM6LxeM89sRjKEPxo1tv22+16/Lly6murmbaVVeRmZlJTU0NTz7zLAMHVBIMpqE9zUUXXEBGRgZvv7OAdxYupKSkGMdxOGXiRIYMGZKcSIMyFKCJxWIsWPguZ591JspQqD22Kaurr2fzlq1Mu/IKCgsL+XDxYppbWnBdl9de/zv9+/VjyimTMQyDpUuX8tIrr3DDddPxWb6ucymVuiYk7ASjRx7D5EmT0Frz0iuv8P6HH1BaVsrfXnuNIYMGMvHkk0kkErw293Xq6uspLChAex7nnH0WhYWFydvQujMU3XUZhd/n67hkZ0Wq52lCaWlccvHF+Hw+1q1bxyuv/pVRI0eSk7OrAtfn8+GzfGzfvoOsrCy2b99OwB/A83RqHo+Vq1ZRUlTEso9XMGLE8GSVJ8mWGm/Mm09lZWVn2NvRobixsZHa2jDZ2Vms/XQdxx93LADLli9nx44dXJP6me7YvoMPFy8mHo+jANMwuOjCr3V5LiKRCKaZrIqtr68nLS2NmpowgYA/2bUjtWfeV889Jxm0p3ieh9/vY9OWatauXcuwYcPwtMbzNEOHDmXw4MG8++57bN2+jUsuugij8x6EEEIIIYQQQgghDq0jPlgVn5/MzEy+/73/Ysb3buG+++/nuOOOZcjgwfs9JxqLcfudd7JkyRJ++MNbO8O27mit+XTDBsaM2hUE9u7dm/KyUtZ+uo5jRgxHGQaNjY3EYjHC4TBZmZlYlkXA52PJ8hVUb92afD2/sJDjjj0W19P0qahgw8aNVFdXk5mZSUtTS5fr5uXl0auwgGeff4E+FeUMHjSI/v3709raSn19PWedcXrn6/DDhw/nvQ8+oLY2jGF0E8ol8z4sy6KmtpbVq6twXZdwbZgTjj+O1tZWdtbWcvZZZ2FZFpZlceHXLgCgtaUV0zRZsPBdMjIzcByHvn36MnzY0M7plWGg0by9YAEBf4BINIKnNUopDENh2zZVVVUEAgE2bvyMXr0KCYVCu33G4LMsBg4YwI6dO+nVqxDTsiguLsZ1HSBZ6VpfX8fll17Kk888y86dOykrK8PTHtk5Ofh9FgvffZdjx43DMs3Ond8+XrmSYUOGUFnZn1dfe40xo0dhWRYrP1nF2DFjyMrKIhaLEUoPMXnyJCzLQmuNpz3eeHMePp+PWDzOKZMmEgwGMU2Lyv5lbNmyhWAwSCDoJy0UxPPc1P0avP3OAkKhELZtM2zoUPr27YNhmAweMIC33llAaWkpacE0HMdGKZUMg1P/tlLhtBBCCCGEEEIIIcThIMHql8yFXzufhoZ6fvHLX/K1Cy/iZ/fey6RJE8nJzu7Sy7O1rY1PVn7C/Q88wLLly7nzzjuZfs01PW4i5joOltX1sTINE9tOpL7SzPnba1iGQVZ2dmfo6XiajPQQvQoKcZzka96QbC3Qp6KckSOG88ab8ygrK8U0u1aABoNBLr7wQtatW8+n69bx4iuvMGnCBCorKwG6VIwqlax49TwXw4CAf7dwToORmtswDJqbW/hk9Wo2bdrE5IkTGTlyJLW1tZ3z7KkjZMzOyiI/Px/HdcjMSO92XCiYRnrqmE5tuqaUwnFcNm7azIaNGykpLubrF13UGQonx4DtOFSUl7Pm07Ws/GQVvUtKiMfjdCSkVWvWkJGejtaa/LxclixbRllZGQpFwOfj9FNP5bnZs8lIT8fv92MYBrZt88mqVYw//nj8fj+R9ig7d+6kvLycRDyOLxVifvrppyx87z1s2+H8884lFEpHocjPyyUQCGDbNpZporXGdV369e3LuvXrSdg2FWXlNDQ2pKpVNZ7WZGdnkZuTi23bpKUFgWQf2uOPPZZ1G9bz1jsL8DyvSwje8dEnv9/1WRBCCCGEEEIIIYQ4VCRY/ZIxTZN/+8aNHHfcccx89FF+/OOfEEoPMWTIEPLz8vDQtDQ389lnm2htaWHSKZP5n//5KYN72LAKksFgae/erK5ay9ixY/H5fLS1tVG9dStnnnYahmFgKIPzzzuX/Ly8zlAvHo/jOg4jhg9nQCoM7aC1JhqJcuL48ayqqmLFypUMGzyky5g1a9dSvWULZ5x2GiNHHsP777/PylWrGTFiBP5AgPXrN3RuULWleguO41BYWEhtuI7tO3Z0zhONx9BeMuRMJBIMGTyIk048kTfnzaNq7RpGjx5Fbm4yQNy+fTv5+florXnttbkMGjSQoqIitKc5/vjjOjeR2pP2PJQyOOGE48nKyqKxsZE1n65NhrKeR1paGl899xy2bNnCiy+/Qk1NDX367GqDoQHHdcjOycYyLT5aupQLvnoe69etx/JZ2LbN6qo1KKV45dW/4jg2W7duIxKJ4PP5iMaiFPYqZNLJJzP3738nPRTCsix27txJNBpj9Zq1VK39lEDAz7LlyykvL2fgwIGsXfcpo0aNZOTIkRQXl/CXp58ikbAJhTQoxQknnNAl5GxtbcVxXXJzk6HpipUrueC886itC6daASR/tuOPP55Q+q7w2XVdXM8DpZh08sn8ceaj2I7DgP79unwGQgghhBBCCCGEEIebBKtfUmPHjGbsmAfZsXMnmzZtZsuWLTQ1NZGWFiQYTKOiopz+/fp19go9UMeOHcv6DRt55tnn6Ne3L1Vr11KYn8+ggQOoq69Hk6wwDQaDnedonQznPlqyhJ07a5KvtGs49thxGIYiHotjmianTZ3KzFmziCcSXa5ZUlTMnFf/SiQSpXdJMUuXr2DUqJGEQiFOm3IKc/76N1rbWvFZPpYuX87ECRNIT0+nX98+vLNwIS/PmUN2VharVq3m3HO+AiSD1UQ8jlKKkydM4JGZM5k3bz5nnXUmZ55+Oi/PeZVwXR1NTc1s2LiR8eNPQKde6X/7nQXk5OTgug5pwTTGjh3TWfHpaY32PKLRGFlZWTiO0xkyep6H6zq4rkvfvn0ZecwxzH7pZa6ffi2ZmZkdHxaxaIxgIEBp796s37iB/Lw8VkQiFBQWsnnzZqLRKN+4/nr8AT+O4/Dnxx5nxccrKe3dG8dx8VyX4cOHsWzFCurr64nH4yz68ENGjx7FKZMmoZSirq6OWU88waSmJk46cTyzHn+CJ59+hsp+/aneWo1SitzcHDzPQ2uPefPmEwj4cVyX4qIievfuTTweJxgMUNSrFztrasjLz6e9rR3P80juQKeZ//bbZGVl47oOmRkZDB8+HO25qZYD6ZwyeRJ/fW1u6pwk13FxbPvgH3ohhBBCCCGEEEKIz5F555133nm4FyEOn8yMDMrLyhg+fBjjxo1l1MiRDB82jLLSUtLT936NvSfBYJCBAyqJxmKE6+vp368vp0yeTCAYxHU9LMukoqysM2jsYBomlmWRSMRxXQ/bsakoLyfg95Odk0NBQQGhUIj0UIiCggKKUhWoHdccUFlJfV099Y0NDB82jHFjxmCaJoWFhZSV9qYmXEc8EWfCieM55pgRKKVIT0+noqyM2nCYaCzG8ccdx5DBg1FK4XkexUVF5ObmYlkWZb1709DURFlpKUVFRZQUFbNt+3ZCoRBnnXE6BQUFncEqCmw7gW07GIairLR010ZRWmP5fFSUl3e+4q+Uok9FBZZlEQymUV5WhmEY9O5dguM4hEIhsnergDUMg94lJWRmZpGRkUFlZX80mvy8POKJOP379aO0tDeGYWBZFjk5yeCysLCAtLQ0SkpK8Pl89C4pIRgMUlxcREtrK+PGjCEUCmEYBqFQCKUUmRkZ5OXlMXBAJbZtUxsO06tXL6ZOnkxhYWHnJlSu9nBsm4TtEEpLo6ioF6Zp0K9vX7KyMsnJyaZvnz5orSkpLiYrK7uzwtW2E9iOg2lalJWWYpgmxSXFZKSnk5+Xj2kalJWWdlYBa63Jzs6muLi4x9YUQgghhBBCCPFlEIlEWLRoEQsXLmTOnDksWLCA6upqmpubKSws3Ov/g3/Rkvu0/JCKigp69+59SK8tDq1f/OIX3HfffTz++OMsXryYkSNH7ioOO8q9/vrrPY5RuiMZEUIIIYQQQgghhBBHjUgkwty5c5k7dy6RSASAtLQ0AKLRKAChUIgzzzyTM888s8vmyF+kP/zhDyxcuJCJEydy4403HpJrikPvrrvuYsGCBSR2e7N48ODB3HHHHZSVlR3GlX0+ZsyY0eMY2flFCCGEEEIIIYT4MgnP465p05hZ9Q8e70HVzGlM+4dOrmLmtLuYFz7Qsf/4Gv8VRCIR7rnnHmbPnk1FRQU333wzs2bN4uGHH+bhhx/m97//PTfffDMVFRXMnj2be+65pzN8/aIsWLCAW265hYULF3b5esGCBV/odcXh8c4777Bt2zbC4TBXXnkllmWxcOFCWltbD/fSDhkJVoUQQgghhBBCiC+dSqqf6S7ErGLmjEfZcDiWJA5YR6haXV3NlVdeyW233ca4ceMAqKqqYs2aNYRCIcaNG8dtt93GlVdeSXV19Rcarj7++OM88sgj1NXVdfl+XV0djzzyCC+88MIXct1O4XncNW0mVXt9bxp37fGgH1D4XzWTaXvOd0RI/lJh2p5/7prHAf1OYn/C87jrAH+5sWTJEurq6mhububYY4/l1FNP5ZRTTkFrzdKlS2lubv5nV3NUkM2rhBBCCCGEEEKIL6GJEytYsDLM1Km7bVpctYj5U6YwZf78Xd8Lz+OuLmFrJdfedwdTC1PH/hcmVjzKo/OBKbdya5erhJl31wwe3TCFW2dNZ2jn1x1TXct9d0ylkCpmTruX+QAzprH51lmcu+MuZmy+hFu5l3tTy5ly6yymD+3mZva3xm6OV157H3d0HKyaybR7d93vPq9xBHnhhReorq7mxhtvZOLEiUCyOvSJJ57oDE47WgB87Wtf62wD0BFwXnXVVZ/rejZv3txjP8oXX3yRcePG0adPn8/12p0KS6jgURZVTWdox8+vbjMbKiupXLCS8NSpJH/iVSyaD1NuPcJ/yD3o+pwm/7uaMbOEWYfo4V2wYAETJkzghz/8IXl5eQDccsst1NbWsmLFCiZMmEB2dvYhWcvhJBWrQgghhBBCCCHEl9Ex46lYsLJLlVvVovlMGT9+1zdSgWTFrbOYNWsWs2bdx7WVG3j0f3erjtvwKAv63Jc83iXUSYWoFbcya7dQdcHE1NhZs7i14lFmzKwChjJ91q1MoZJr79stMJp/L890zH3ftVTf283r/z2uMVmFu+v4rVQ8OiM5T9VMpt0Lt6bWk7zGgbYjODzC4TCvv/46Q4YM6QxVN2/ezCOPPEIkEqG8vJzy8nIikQizZ8/ufA1/4sSJDBkyhNdff51w+PO9wblz5x7QuC+2JcBQxk+B6h277q1q0XymXHIJFRs201lHG95BNVMYf3TnqnsoZOolU2D+okNaYTt16lR8Ph+2bXf+ufDCC8nPzz+Eqzi8JFgVQgghhBBCCCG+lIYyvmIBKztzqCoWzd8jcCqcyh2zdq+MK+SYiZV7zFPJxGMK2VPVzBk8yrXc13Fy1Rwe5Vpu2q1Cduj0W5ky/5l9B5mVu40vnEoyO9ojOuphjeF5zzC/8lrO7Tw+lOmzZjF9aJh5z8xnyq3TGbrbXDddC4/OOfJeAO+wdOlSAM4888zO7xUWFnLGGWdwxhlncPfdd3P33XczduxYIPnKdoeOczrm+Lzs+fr/vlRXV3+u191TQZ9KNmzuWEuYHdWV9Cn4/+zdeXgU153v/08vEloQSwshMFsTEEY4+BmEx4BpIDjYJNeeeJlfEMuMA8mMk4sJ8LMSJoxNwLE95BLjCzEmk/ySxww3iGXuxE5iPzGOYwKSDdiAJ3YMRhgjgTCbWhgE2nqp3x+9t1pStySkFnq/nkdx6DpVdapO9amqb3/rVL4mz9yj4GFTVaGTo0ZoQKDUW0/F9Th98+UiH80PBf4v6a2nHtFTb70Vmv7UW7rkH54g1vqOvRT2aH97BxA+9lLEUAHB4RCaPO7ftvGKv/zlL8vj8ejixYuqr6+Xy+VSVVWVLl++LIfD0WJw1ePxqL6hQXX19TH/GsJehpXsGAoAAAAAAIAeKn/ycO0KDAdw7ID2zJysRZIONCkZ9qi+JI2a1vKC96zVWkmjFo5X8Gn8c6elk3tU9MiWqMKjtLC55QwfrPCQ7YARo6SSc7qkwTEKx65jVcVJafgcNQ39VqnipLRn7SPaEz1pZrNb1uUqKiokKTimquR77D/88f7du3fr448/Dk4LCMzT0RmrgXW15kYHVnPGT9OoLQd0bFG+8i99qBJN0+IcSSNGac+BY1qUn69L505r1LT7fcfDsZdUtGW4Vm5drXz5ApsxH6dvttwAvfXUWp1euF5b787xZ0A/pRFhw1Cc3FKhOVu3apH/+CzavFDrt25Vjj/T+tVjd2tRvi9wu/b0Qq3ferdy/NndT70VNmRFi3w/EmjmSv+PBMf00trTWrh+q68ex17SI2tf1bG7w35EaIctW7botttu03vvvaeKigo99NBDyszMVGlpqd5//309+OCDeu211zR9+nTdcsstMZfx+eXLqq+vjzmtb9++6pWa2gE1vfEIrAIAAAAA0FPlT9Zwf8BFB/Zo5uRFUsTDxKFg5Sh/8OjSW0+pqLUnukct1PrF0uaizXprfNhYp8ExVTtSG+vo1x3GVA3XWnbohg0bghmpY8eOjTme6o0OcDbnRr04KyhnsIarROcuSflVFTo5fLLvWBs/TaNKzumSBujDEmnaYv9oqwf2aNTC9cFgY/79CzWqyB+YDVvssQPhQUspf9FWbZWkS2+p5OSo4PKUf78Wjiryj13s+2jUwvv98w3QiFHSqGn+HxtyBmt4cA2X9GHJSc2cs9r/3fA92r9lV/jYsJGa/CAwKiw7XPlatHV1aOnnTktha2urzz77TK+++qpGjhypgQMHauzYsfrss8+0bdu2YBm73a5BgwYpIyNDb7zxhiZMmKCxY8eqV69ewTIWi0WZmZnyeDxyuVwR6+jVq5fS09PbXdfOQmAVAAAAAIAeK1+TZ67VgWOTpT0zNXlR1ORjB7SnLcHQ4YOVk5OvOTO3aO3mtzR+9d3KGTxc8o91GfeyTp/TJeUHy8fMPm2ljqEs1/yo6b5AV8m5S1J+x4Z6b6QBAwY0O62ioiIYVF2wYEHEcAFSKLA5fHj7g2zh60y0/A17gZXyNXnmSR2oCowX7D+gc8Zrmjbrw0uDVXFyuCbnSL6hAqSTe4oUmUQ9yheYDf7bV27UtBj7vapCJzVcc9p9+DSXPT2z2e9Lyz8IRL4kbtSo6OE72ua9997ThAkTNHDgQJnNZt11110qLy/XuXPn5PF4lJ2drZEjRyojI0NZWVnKzMxURUWFbrnlFuXkRG5FZmam6hsaIgOrJpMyMjIigrDJjjFWAQAAAADowfInz9SetWu1Z+bk2I8Jh7/459hLKgpEa+JZ9qKVmnlyiza/dcmfzbdHa8MHczz2kh555KXmX7hzcouCw51eeku79ozSwvtj1LKFOubcPUczw5cTHPtSunvOTJ3csjlsvMnAtOR9e1UgKBk+dmpATk6OlqLZ6gMAACAASURBVC1bpmXLlgVfbBUuME90kKs94n1xVVvLJ2rAiFE6fe6Yf3zVwKc5Gjz8pCo+PKfTweM8R4OH+7OcAy8v27pVW7eGZViHlQuN3RqxMo3SaZ1r9+HiC/LPXLk1qi5tfHT/2KvacnJm8KVsq+d0TCD9008/VZ8+feT1euV2u5Wenq78/Hzdfffduueee1RQUKD+/fvLMAy53W717t1bFy5cUF1dXZNlmc1mZWZkKDXskf/0tDSlpaXJZDJ1SH07A4FVAAAAAAB6svzJmilpZqzXpOcv0sqZe7Q28BKcXSO0fuVM6WT4S69aXLgWrQwEL3N09+qVmrlnbeilOmullcHgkS/bcEtRWGBz1Expl79s0RYNXxkd9IqnjvlatH6hTq8NvMinSFuGr/SNXZm/SOsXSluKQtNKpsU7rmXXCLyUKlaAsqKiQhs3btTGjRtjZpKWlJRELKO9jh07ptLS0oTmKS0tTTjLNRE546dJFQdUoWkKf6da/uSZOl1SorBoq/Inz9TJLa8qFLt/KmagP3/yTGnPgchyT72lSznjNW3USZUEvgzHXtWWk7Ff5tZKrTV+2ijt2RV6mdWxl1p+mVbrAgFf//irwVUN1nCF1/lA0zGGY7h8+bJMJpNcLpcaGxvj/pOkmpqaJo/8S1JaWppSAoFVk0lpaWkRgdbugKEAAAAAAADoSXLu1uqtd4d9kK9FW7c2++/8RVu1NWqIgNDk6GWFjT8Z+iCsvG/Z0SMOxFrXpbckaYTuXx2rfCJ1VIxtDp+0Ws1MSko5OTm699579cYbb6ikpCQiMzV87NTTp08rPz8ULA+80Oree+/tsIzVDRs2tGm+tWvX6t///d87pA5N5AzW8D1btGfmysjjZsAI6eTp0Hiokj+w/pSKHnnE/8EoLVwfI0u0SbmZWrnVN/TE3atXquKR0HACM1dubRr8j6fad6/WyopHwl7uFlpHwvxjvW4pekRbNEoLVy7UqLX+sWdz8nX/wlEq2uKv88yFWjhKai3UffnyZVkslpgB0paYzWZdv35dbrdbKSkpTaZlZmbK1dgoa0pKt8tWlSSTYRhGV1cCAAAAAAAgnO8FVNNuwMuuur/a2lo9++yzOnPmTJOxVAOZrNGfbdu2TcOGDdMTTzyhjIyMDqnHr3/96za9CGv48OExX6qF5PXnP/9ZJ06c0IQJE2S1xp+nefToUfXr10933XWX+vXrF7PMlStXlJqamnQvrSoqKmq1DBmrAAAAAAAA3UhGRoaeeOIJPfvss9q2bZsOHz6sr3zlKxo7dmwwoFpbW6uPP/5Yr7/+uj7++OMOD6pKihkcraioiBhTMz09/Qa+rAqd5fr16zKbzfJ4PAlllZrNZtXX18vj8TRbpm/fvh1RxS5BxioAAAAAAEA3VFtbq9dff127d+8OBjMDgdPa2lpJvsDm7Nmz9fDDD3dKnQLZsQHRGbXonsrKyrRp0yY1NDSoV69eysjIUFZWljIzM5Weni6TyaSGhgbV1taqpqZG169fV319vbxer+bMmaMpU6Z0aFC/M8STsUpgFQAAAAAAoBurra3V4cOHVVFREXw0f/jw4RoxYoQmTpzYqQGt2tpa/eIXv9CRI0dUUFCgRx99tNsF1ACJwCoAAAAAAAAAJCyewKq5E+oBAAAAAAAAADcVAqsAAAAAAAAAkCACqwAAAAAAAACQIAKrAAAAAAAAAJAgAqsAAAAAAAAAkCBrV1cAAAAgUcZ1pxr2bZK7/KCM2sutlfb/13Sjq3UTMMncd7DSH/hfMueM7urKAAAAAEmNjFUAANDt1O/ZINfR11sNqhqGIV9AlaBqfAx5r3ym2pe/19UVAQAAAJIegVUAANDtuE/tj6sc4dS2MWoudHUVAAAAgKRnvX79elfXAQAAIDGNcV6/mAitthXXiAAAAEDLrL5H5AAAAIAQrhEBAACAljEUAAAAAAAAAAAkiMAqAAAAAAAAACSIwCoAAAAAAAAAJIjAKgAAAAAAAAAkiMAqAAAAAAAAACSIwCoAAAAAAAAAJIjAKgAAAAAAAAAkiMAqAAAAAAAAACSIwCoAAAAAAAAAJIjAKgAAAAAAAAAkyNrVFWhWWbEWbyiVfd7TWjEtu+WyzhKtW7VfU55eodaKdui8ncBZsk6rtpc3nWCfp6dXTJOvymUqXrxBWr5Z88cE5hmq5Zvna0yzy2x++o1XpuLFr2hYku7zTuMs0bpV2xWjdX0cy7V59oWkPj4T4ztOS2NNcizX5vlddDQWL9YG+dbvLFmnVWce7Jq6lBVr8SvDwr7XnV4BFS/eoMpm+9zWpre06GL5uqh4+5ywYyWir0sS/vNTU4529qtJvt3dWMqcN5Q2LKvphOrXVPPSMx2yjrRF+5Wi5pb3pDKK7pP+OkW1uztkdQlLmfOG0nJOqP7Fx+TqgvU3ez0T1f87S9Zp1f4pN+D4d6pk3SqdedB3rdT9dWyfnch+79JzZbfW3HWQXfNuius8AAB6piQNrDpV8kqpHA6HSrfvVtm0GxgAzJ6mFZun3aild4wYQaey4sVatU7NXwDbK/XKuhJ9K3p6WbH/xmbojasv4hNx7DV3wzcm+Y/PhMS6efDdaKwb1oaAXQcYM3+zNnf6WpPY/l+pOHdF1HHoVMk6382gvTPqUHZIpckeWIxRP2fJOq1aXNz24Gp32O7urEkQtVDpjy1X1iJ1WHAVrWhyPeM79y0uDn2ePW2FbqrT3o3WQX02+72zNL0Ocpas06pVxcrtsoQHAADQHskZWHUe1f5yhx5ccYdUukGHyuZrTNSVRlnxYgUShuwOR/gUXzbk8inav8GfDWifp6dX5Gp38FfisIuaiIxV/7zzhmr79sDvye3NQLoxxsyeJ/uqM3JKzdyAT9GUoft11Dkt4uKt7JA/YB0zbTCJRGWEOZZHBhzD299fwHdTFiszzlmidavO6EH/Z5FZM0meJRB+fMq/HculDYGND2a1BjJfo47XVvZjchij2fPsWrX/qJzTAgEl3812qJmigk1R2b7BzHZnidb9SpoydLu2l0pyLNfTw16JysKJzPAOZKw+PewV/3GxQYsrfetzFi/WK8OWa8r+Df66+I6X3N1h/U9ENlBUNkpYEMGX4TNF8yq3B7crOG9YO61afKZL+5yhU6ao8lCZIjpd51Htl0MOe6kqpdiZ/glkpZYVL9Yrw+Zp6PbtwX3liMi49+2gVYu3+z+POh66MMO5JdnTHpRj+yu64JTGZEutHQ+/0pTgPrjjbrsOvRW93dH9Vfj3u0zFiw9p2LxKbd9eLtnn6fEp+/X8mQe1XBsU6iI2a/aFsGVE7Luo/arw4zmO82Fz38Ng/WJve/LYqboX85RRdJ8yZj/jzyT1BVutaaFSxpkNurZrp+8fBS+q98wCmWJNkyTdpoyi/bL4/+WJzlC9ZbuyivyhrvojUdmjvqzWwLzRy05btF8ptrBlhQWK0xbtl/n6EZmHFcikGrn33Ku6I+HLq5GnOvE9dONla9qK5TqzeIOK7wg75v19tqK+J7G/F9Hn8VjHXnboWN+wOCyLs4W+Jfp8Mn689GHfiO/AjcuujV9cfXZAk2z70Hc6er83d74K7fvQuTJbLbVJHH1Ja/Vq7twZ2NyWjoducB2UPW6K7DoT/Hf4kzSSIs+5zthPTNjnPa0Vububn5a0F7oAAHR/SRlYdR7dr3LHgxqjMZJD2nCoTPPDLhjLihdrQ+U8Pb15mrIDF8Wya0qwRLm2vzJFT2/erGz/BfaqxXbNe3qzNmf7599dpmkxr6zKtX1/YF7fsjcU35GEN4StG3fHUP3qqFPTwm50D5U6dMdyJXdgNRig2ey76HaWaN2qdSrxXyhHtn+gfOCm7A45FBmMDx1PYTcOm1eE5u1WWQKl2nBouTZvnu/fLxu0uNTh31e+4/WVktlhwbrm92Py8m3H/ilPa/MKfyi0eLFWFef6v4dlKl61XUOXb9aKMfL9e/EqFedu1vxsSeXbffNu9odoS+Jba/a0FXpakY83OiWVb39FU8L7jlWLZZ/nX35ZsRZvCGTVhwK2m8eEtmNdSdgNTel2nQlMLyvW4g2/Usm4FZo2Zr42L1cXDwXglztOU/bvVpmvB5bk+w5pyoMatt9/k549TlPs27U/rH8pO+QbuiXe71H59v3B/eosWadVG4p1x+b5GjNthTbnhg+L4O/jhy7X5hVjFCvDLTm1fjyE7wNJ+ubtkcNBhIZtWRHqvyIyYku1/cxybd4cCNbu9/0YuXyzfF3EOq3asFilDn8ZZ4nWrXpFJbNXaFp29H4NrM9/TGZLLZ8PW/gejonju5A0npG3+j5Z+xZKki+oWvuaal70BSx9Qwh8S+kFO32BypkF8gaDpU8qo2i5MmbvDAVPbdky9kxRzRH/vF/crrTd81Tvn2yxSa71U1QvXzA07bEXpRcfk8sfVDWf2aCaXTuDy+49R7q2a6cvqJpxRPXr/YHY2duV9cXwgLBkGWYLLlvRy/MHhIMVSSpjdIdDeiX0i0SE6O9Jy+dxX6Zm5byntTkscLqu5GmtWPG0FPFkSBx9S8T5xHdch64vnDq6v1yOB1ckf58t+c85lZr39OawgOeG5q9xmztfxTpXtnpt1UJfEk+9mqtLtvxPYoX6yYh1d5PrIOfR/dK8b8V3/hwz33cNGJjXf554cFq2pJamAQCAG8VsGIaS6++4dm8vl2NingzDUN69c2UvfUX7qkLTD5VKjgccshmGDMMmxzfnyi4FlyGFT8/TRIckxwNy2HzT8yY6pMrzqgorH3tem/In2yPKdv6fJEV/VqV9v9qucsdE5YXVW9Hz5E3U0P0fhep+/JBKHROVFyzede3c/PqrtO+VUjmWzQtum2Fz6Jtzpe27j/vab96LevH7gTbybacjuP2+9i49dDy4vI/2B46n49q9XZr7zfB552mZo1Sv7Kvq0v1hGIaMiDaMva8ku+bem+ffL/mabJfsc+/17yvf8Vp+piqu/Zg87e77ztsn5/va5fhubddcfdNhC5bJm7dMDn8/ULXvFZXa5+revMD8eZr34oualxfaR5PzbWHLb/odivi+KHx6VFnF6Dvk0AOBuuVNlEOVOh+ol2NZsB6Bvknbd+t4YNnh9c6bKIfKdaaq+Xp2RfvIsCl/cqUOHQ98XqWP9su3T4P7zX+sBfuX4zpUGr3fw/+i+pyo/WrLnyy7fz822RfHd2t7uUPL5uVF7NfI80Jn/8Vuq+PFG1Rqn6x8W7zHg69s7OX6z4Vh32Gb45uaaw/1V5KC58rg/GHHmG+/RvcZgWPOJsf3X9SL80Lz+8rHdz5s6XvY+rZ34PHaATzXa2TKzJMvg3VKxLAArk9OqPk1PaPa9VEZqdX7VHckfN5smQrC1vXXUJC1/i9HZKTlyVogpcyZLkv9ETUEM1SfUe1fy2Ua9qDSJNW/NEU14dmtuz+SJ7o61R+F4qazb5NF5XIHlnfkMTWcqYlrf4TrjO+NYRiyDQ2cu6LLKep70sp53N9fBPto/3H+/cC/fRsVd98SeT6Jur6o+kj7yx2amJfofujg70BcfbZvP7344veD/W7w+jjm+U8JnK9av7aSWri2jqdezdbFd60Tug4KLG+e8pL2Oqhc21ct1uLFob9V28vDjn8j6rok1NZNlle1T7/aLs39Udg2xjONP/74448//viL+y8eyZexWnZYpfa5+lHgZ9vscZps36EDgcwo5wVVyq7J4T++Zue2OmKofWg3/rW2dKMei84wtc/Vj+a19tv2GE0c+tvgcABlh0vlmDhP0uEbVNGO4FRluVS68bGmg/s7okqW/EQ/3FHeZPKYiQ5p42GVzRujMc6jOlDu0ANj5D92ylX6w8e0I2rR9rkduxWdaWhurGM7/v3Yucq1I+b+/5G+78+ocF6olMpL9cPHmpTSXEnOynJp6ANdlyFkHxpz3U7fDm/6Xe3aHd4m2eMmq/IN/6OlzqM6oMn6ZrZ0NKqMfUelbzgS5wVV2ifr3hvQKM4LlZJ9cuQ+j6PPv+HKd8Q4Rh1a9qIv27SsvcdDrHOdspWb8IYPVcwuIkzZ9se0MVhPuybHU70Wvoc3w3ch8rH7QEDyGbnOTFfaF/cr64tqw4uvamRcCvvnkXPyziyQKUeyZGZJteciXyp1qVqGbBFLiH4JV5PgaqBc32yp/kTEdNcVp9JyEqhuMmrlPB6zv2h2UYn3LWMmOqTfXpBTY5TtrFS5Y2JSPO0ST58d5CzRT364I/TizPZ+LTvq2qpN9fJd6wx9oDtdB9k190ffj8yYLduuxzb+ViX3fj+BTNoybf/hDmnuj2LM09I0AADQ0azxRmA7h1Mlvy2VytX0hrX8DZU55irPCP/VNrJI5GdR05tEmyMj0M3Na4T/Kt/ezWsDw5DkWKZNc/NiToysk6/e4XXOmzhUG98ok2OudLjUoYlzDRknmpu/c8VqwwDHsk2KvcmGnCXPafXOckkOLdv0PeXphHYs2ahgu+VNlEMbdbhsrmznD6jc8UBYZq9dhU99L+aFZtd+F4ywDIXwj8OOT0Ufq03nif5vS/uxa0Tu/xM7lmhjaSi7yFc3SfZCPfW9WI/EGwodvjG2Icb3ufnvcOS+jpwnqmSsviPW9Ba+q8646tF1fU2IIcOWr0mVL2lf1fc07ugBadIiX6aRFOpLbfmaZN8R/J5FlGl20c3st2b7YUNqoQ9uqQ+54Zo7RsPr2ebjoblzU9g64jlfhU0I9hVh8/i+f/5t2TRN2c4SPbf6YFznw1BVmu3E4zxvtZ2p9SJxsWRmybju61mCAdV6/2P3BS+q98zQdrh23RvxKH5W0X0xxlnteKGAarlc6+9Vvf9R/xutI88VzfWvki8Ybx9iU8T5Ldb3v5XzuG/ol+b60cjjv6Xru9jnXPmuL8p/q4+qHBp0uFSOiXO7+NpBirvPdpboudU7VS7ftcH38vx9gNT6fg9flxHVlq1eWzkj5vVXKbT8BOrV8rkz9t5JvuugGP163j0qtK/WgY+q5Ajbic2fI50qeW6jSh3LtCns+smnpWkAAOBGMHd1BSI4j+pguV2FT23Spk1hf08Vyq5SHT4hKXuQhqpcZ8NfwuA8Hzk4P0LyJspRelgnThz2DQPQ1fVplU1D7FLleWcz0506erBcjmWbtGnT3Ga2x/+43uESX9mJ/lKxjp2bVmv7MTnkzX1KhfZSbXyuRIGaZg8aKpWfVXPNZPNtmJJty5K1Xm2TrXGTpINHT+joQWnSuFgpL9kaN8nu/541V6YDahLreOgGfX67j4eY/ZVT5ztsw0/ocKn/fBvzR4yWtbR93eu78KTMNsl7Zaf//9fIvSfqsftYds9Tzfopqj9TI1POdKXEta4smcIzRgsGy+zPYvVcr5EyBkcuJ8fmDx4XypqTJc9fp6hm/by4hkl1XXFKabbgi7AkfxZrUjqhw6XS0EFx1K+V83hr549Wy7bat+RpoqNcB4+W+H6sTpqLqtb7bOfRgyp3LNOmTbEDjW1fdfuurdpXr5audbrHdVC4uL4DkpwlL2lnuUPLYuywlqYBAIAbI6kCq86jB1Vun6Qm14PZ0/SAQyo9fEJSnu4ptKv0t4FAjFMlL+1UeZOlwSdPEx2l2rixNBRgTGrZmvaAQ+U7X1JJ8FrYqZLnlui50AdhF8r+X+ajlpI30SGV7tTOcruGBJ+k9B87G3cEsx6lE9qxZIl2nNBNJr792PWyNW1RoezlO7U60Ah59/iCreGNcmKHlizxtVv2tAfkKN+pPwYnt7xdvpvngzrqn+ws+W3TxwI7Ykv89XoprB7Okue0JCxo3J1kj5sk7dyonYrRJ4eVsZfubLFMuzU5Hvx9vuOBpH7Esf3HQ9P+KnDD/ECHbXh4MOSEdqyO/1za0vew+3wXCpX+2H2yVL8WNk5qePDT97KqUGbsk8oo2q+M2aH5rTlZMi7tazkIG8Yy+kV/8LRQ6VMKZPKPyeratU+etAL1mlMYWtcX7TLOvBIMpJr7Bqb5693Sina/Ine9XdbA8gpeVK+wIQSSRyi7Lr44UCvncX9/8duwY+/EjiVaEusk38a+JW+iQ+U7dybdj9Xx9NnhP3g4S54LGwKkPTrg2qrN9Qpc6/wxtG5niZ5b8pxKnN3lOkjSiT9qZ3koUG8bYpdKDwe36cQfw/rmEzu0eqdU+FSM5IKWpgEAgBsmiYYCOKE3dpbLXrgw5uOkowumSj/9rUpmFcnhKNLSyu9q9RLfo3dTCwtlLz8YGqBfinhUssnji7EesWxu3uDkLhoKIKxuLZUKr3d0nUcXTJVKpYLR/u2KeLy8KxgyVK6dq5co8uFJuwrXFMkxulBrCtdrTdh0e+EaFTlsMgzJsbBQB9eslr/5NXXpGhX+bo12HipT4Wj/peToAk1Vqd62T/K/9ML3sc1/7GxcErpqn7r0Bc0d3fxjZJ2jmcd+w49Phf1/I/Y8EcdLi/uxa47m6O+XJMnmUNHSSn33pxv13JA1KnJky1G0VJXf3ahQM03V0hfmarRhyNBoFa4p1Po1S7QkOHmpXnDYFHriMGwdowu1dOp39VP/frAXLlWh/aeqDHxfwvoHW/4k2Xdu1JJS3/rCH4cMLNf3n6hHqw1DhhGoV+jYlL1Qa4p8L+wIVS3WvPIds+U/1eolB33fg04PGkbVx5avSXZJk/wvFQsdjKH90aRMc4uO3G9N++RQuaZ9lE2OojXS+jVaEmjwqUv1QuHornvEMa4+NNHjoelybY4irdF6rQltuJa+UOj/HsRxvmryCG14nzFahUun6rsbl/h/aLCrcM1STV3zUx08WiWHo7Xlt/A9NGwtbnuXDQVg8z26H844s0E1ES+Muk1ZgTFUVSP3ntfkmXmfLKMLpSPR0+UbZzXuYQBq5L5kU1rRfqVJvuEGgmO0PqPa9VJG0XJlFS0P1i0wxEDd/unqPTM0zfPXDXKPXi7rLU9KijXO607VvZgXtrxyuc/UyJrgGKsdOhSAJJWG9+s+9sI1esGRHVxX+HEWXo/Av1o+j9v854/oY2+0DEPKn2TXzo1LVDp1qV6Ym9dy3xLdLwX4ry9U0IV9kKRE+2ybY6EKD64JXjtr6lKtKfyd1uw8pLLC0cHRfGPv98h1RZ8r81psk5b7kuwE6hX73Om/1gk2om/dDpshw5aM10HNX/+ODvb9vn0S2J9Tly7V1NLfSYahskO+z5osY+pSLVXz014ggxUAgBvGdPny5WSJrAIAuhWnStdvkRZ2RSAYPZ3lV1/t6irc9Dzf+kNXVyEJndDOpUdU8NNCsgIBAABuck8//XSrZZIoYxUA0K04j+mgJukbtqiMLgA3Ba4RYzhxWG/fVaA5XfbUDwAAAJJJUo2xCgDoHk7sXKZlPzqoSd+YmvCLjwCg+3Hq7eeXadkmaUkhuaoAAADwMTmdTn5wBwAA3UrKS/e1Xgjt4lr0WldXAQAAAOgyzz77bKtlyFgFAAAAAAAAgAQxxioAAACa4BoRAAAAaBmBVQAAADTBNSIAAADQMgKrAAAAaIJrRAAAAKBljLEKAAAAAAAAAAkiYxUAAABNcI0IAAAAtIzAKgAAAJrgGhEAAABoGUMBAAAAAAAAAECCyFgFAABAE1wjAgAAAC0zXf3f07lqBgAA3YunsatrcPOzpHZ1DQAAAIAus+bMHa2Wscpk6oSqAAAAoFvhGhEAAABokVXuhq6uAwAAAJIN14gAAABAi3h5FQAAAAAAAAAkiMAqAAAAAAAAACSIwCoAAAAAAAAAJIjAKgAAAAAAAAAkiMAqAAAAAAAAACSIwCoAAAAAAAAAJIjAKgAAAAAAAAAkiMAqAAAAAAAAACSIwCoAAAAAAAAAJIjAKgAAAAAAAAAkiMAqAAAAAAAAACSIwCoAAAAAAAAAJIjAKgAAAAAAAAAkiMAqAAAAAAAAACSIwCoAAAAAAAAAJIjAKgAAAAAAAAAkiMAqAAAAAAAAACSIwCoAAAAAAAAAJMhqGF1dBQAAAAAAAADoXqzEVQEAAAAAAAAgMVaDlFUAAAAAAAAASAgZqwAAAAAAAACQIMZYBQAAAAAAAIAEkbEKAAAAAAAAAAlijFUAAAAAAAAASBAZqwAAAAAAAACQIMZYBQAAAAAAAIAEEVgFAAAAAAAAgAQxxioAAAAAAAAAJIgxVgEAAAAAAAAgQVYvkVUAAAAAAAAASIjVy1AAAAAAAAAAAJAQXl4FAAAAAAAAAAlijFUAAAAAAAAASJDVyyCrAAAAAAAAAJAQXl4FAAAAAAAAAAliKAAAAAAAAAAASJDVy9urAAAAAAAAACAhVmufgV1dBwAAAAAAAABIHtdaL2IyDFJWAQAAAAAAACCgqKio1TLmTqgHAAAAAAAAANxUCKwCAAAAAAAAQIIIrAIAAAAAAABAggisAgAAAAAAAECCCKwCAAAAAAAAQIIIrAIAAAAAAABAggisAgAAAAAAAECCCKwCAAAAAAAAQIIIrAIAAAAAAABAggisAgAAAAAAAECCCKwCAAAAAAAAQIIIrAIAAAAAAABAggisAgAAAAAAAECCCKwCAAAAAAAAQIKsN2KhV65c0dWrV+V2u2/E4gEAAAAAAAD0cFarVX369FHfvn27Zv0dvcArV67o2rVrysrKktV6Q+K2AAAAAAAAAHo4t9uta9euSVKXBFc7PPJ59epV9e3bl6AqAAAAAAAAgBsmNTVVZrNZV65cuTkCq263WxaLRYZhdPSiAQAAAAAAACDIYrF02XCkvLwKAAAAAAAAABJEYBUAAAAAAAAAEnRDBkJlGAAAAAAAAAAANzMyVgEAAAAAAAAgQWSsAgAAAAAAAECCyFgFAAAAAAAAgAQRWAUAAAAAAACABDEUAAAAAAAAAAAkiIxVAAAAAAAAAEhQUmasntjxXf307RgTrFkakjdJ9/z9PZqYm9GudTTPqdL1a7RThVpT5FB2u8t1NX89hyzVC3PzuroyAAAAIgHgBAAAIABJREFUAAAAwE3hhgRWO0a67JMKNCSshnUXjunYiTe15ZmD+uCff6BFt/fpuuoBAAAAAAAA6LGSOLCaq0lfnStHdCpo7VHteOZnevul/095TxY1nQ4AAAAAAAAAN1hSDgVg+P/XMAw1WVR6vgr/eYaOPL9Xv9tzSlP/3u6fUKvKg7/Rb/7wocqr6+SWZM0aotu/ukBzHEMVHDigtlKlu7bpDx+cVY07VpnAOl2qLXtDO3f+QccuumVNH6jb/25hzHLOj/6vXvqPt1VRJ6UPvF1/t3COHEMjhyqorTyo3/zmdzrySY3csiprdIG+9vDDmhRRLp5tcKp0/VPaNfQb+q71D/rZ3otS1p1a+MQ/6PYM6erR/9KWbW/rkxq3rAMLtOB//p2/ngYvFQMAAAAAAAA6SBJnrLbA7tAs2179/pNyOWVXtqQLf3xe635frSF3PqwFBTal15zV23/+g47sel516Wv0Pyf2keRU6c/WaVf1aM14+BvKt0nVR97Ub3atU6X7CT35pdzQOs7+Ts//LFcFDy/Qd2xuHfv9Tu3d9bzU539p4e0pEeV+9ss+yv/aAn0nq05H3vyNdq07obPfXaPCPF+52hM79ewLb6tuyJ16+BsFsrk/0d4//Fnb1h1T+XefUGGeL2Qa3zb4Hdymn+VOUuF3vipXdbrsGdLVwz/Tmv84Jg2ZoQUL8qVP9ur3L2xR1o1vEQAAAAAAAKBH6Z6BVWXJlivp2AVVS8pWuT54u0ZZU/+nHi/Mky+cOU7jCnK15V9+qSOfXJAm9pGcx3SwQrrzO0v19+P8ixqXr/S6J7XrgxNyfik39BIqt01ffeJfdI8/1jouL101//JLHfnghBbePi5UFbdNX33iyVC5iXnKfeZZ/f53BzWryKFslesPv3xbNSMe1uqiL/mXP07jJhXod8+s05s739WXnvyScuPdhuB687Xgu4WaGEx4Ldd/7TomjZijJwIv0xo3TuNH/1pP/XtFR+58AAAAAAAAoMdLzqEAjND/ib2odGX1l4LDBWiEZq3+sWYF5gkUs96i0UOkI7W1ajQMpWRlyWaVjvx+h/KzvqrxQ/soRekq+Kf1KgjO6597yFRNGBi2/sCyLlSryjCUHSg3epbuDC+ngZowdYh+//JBHbsyVVOrD+vdOmnCrLtkC6+bhmjGrNF6s/jP+uD8DM3KjXMbAlNG5GtEeth6L5zQh3XS+Fl3RqwnPX+WZtne1e8NhgIAAAAAAAAAOko3zVi9qotnY33uUq3zgs5evKiLJ47pgw8/1CcXJalGVyVlp9yuv1swXhXb3tF//OQdyZoum328Zs2apQn5uYoYFdWaEmsFTQ20qU/UR9lDRkh6XxeqJblcqpNNQ3ObLq+PbaCkT+S8Kik4CkEr29BcPa46VS2bpjZZT5ZsA+PbFAAAAAAAAADx6aaB1WpduChpxFDZ/J84j/xSm7Z9qGrfG59k65OrERPu1Pj39+r9sDmzC/5JqwuuqvLYh3r3z2/ryCfvate/v6vfjJijf318avOBy4Slq0+6JFf8c8S7DYlJkTW9zTMDAAAAAAAAiCEphwIILkfNDAVQfkTv1kkDC0b5Hnu/+q6K/+ND1U14RD+cXyBbMGnzgt58f6/elxH5eL2yNGTsXXpo7F16SC5d2LtJa1/+vfaeuksP2eUvFz1P088NSaq+qlrDUHjssvpshaSB6p9lyKhNUbqqVXmhUcbAyGzSq9UXJQ1Rrs2QcSX+bYhZvyybbDHX49SFCkljO65dAAAAAAAAgJ7O3NUVSFjdMe361V7VWcfqKxP8z89fLNcnksbfGR6QlHT2Xb1bHfqn69jL+tHKVXq5PHyBKeqTFf0wfwI+3huxDtV9ojffPCuNLtDodEn2CbozXXr/zXdUHTHjWe198xMpa6xG2+Lfhmbl5mtCVtP11H2yV3vjmR8AAAAAAABA3JJ4KICLevf1XTobVsO6ix/qw09q5FaW7lryDRUE4qEDR2us9R29+6ufKH3O/RqbVafq9/fq1SNn5QqbP2X0eI217tXeTT/R1a/M0J1DslRz9h3tff1DWUd8XTPsbahmVrXe/Lef6OxDX9aElLPa+/pefVw3Ql+ff6d/7FW7vvKtu3Rk08v6t5+c1UNfniCb+xNfueos3bVkloYksA3NG6JZ37hL74atJ73mHb36+w9V04bNAgAAAAAAANC8pBwKwDd3nSrefUcVYZ9b0/prxIT79OX7ZynfFraerAl6ZHmt/nPrq3q7+Ofaa01T/xF36v/53rdle+dH2vjOJ6psvEv9U0bp6ysfU/+tL2vf68V63z+W6ai7HtXKh/LV3zB8ww/4a2FEDAUQ/bn/3+Pnafmo9/Tz/yzWu/VS2ogJ+sdH56ugf2gYg7RRX9fK743Qyy+/qpe3viu3rMoadZf+8dGvqCA3zbcdcW9Dc/ULrOcW/edW33qUNlDjH/xHTXjv/+hP/vIAAAAAAAAA2s9kdHC07dSpU+rTpx2P1gMAAAAAAABAnK5evaqRI0d26DKLiopaLdP9xlgFAAAAAAAAgC5GYBUAAAAAAAAAEkRgFQAAAAAAAAASlJQvrwIAAAAAAACAZEbGKgAAAAAAAAAkiMAqAAAAAAAAACSIwCoAAAAAAAAAJIjAKgAAAAAAAAAkiMAqAAAAAAAAACSIwCoAAAAAAAAAJIjAKgAAAAAAAAAkiMAqAAAAAAAAACTI2tELTEtLU01NTUcvFgAAAAAAAACaSEtL65L1dnhgtb6+XoMHDeroxQIAAAAAAABAE+fOn++S9TIUAAAAAAAAAAAkiMAqAAAAAAAAACSIwCoAAAAAAAAAJIjAKgAAAAAAAAAkiMAqAAAAAAAAACSIwCoAAAAAAAAAJIjAKgAAAAAAAAAkiMAqAAAAAAAAACSIwCoAAAAAAAAAJIjAKgAAAAAAAAAkiMAqAAAAAAAAACSIwCoAAAAAAAAAJIjAKgAAAAAAAAAkiMAqAAAAAAAAACSIwCoAAAAAAAAAJIjAKgAAAAAAAAAkyNrVFeg4x/Xrbz+vfeEfjZyvf/vBDA1IYClVe3+sfy0+pZHzn9XKGa3NGVjndBX9fIFubX3hWvtEsU61oV6dJ8FtAgAAAAAAAHqgmyOwenybHn1+X9PPTxXrX79dmVCAcMCMH+gXMzq0dgAAAAAAAABuMjdBYLVKe1/2B1WnP65fLLg19PmPn9C2U/u0ftsd/s9jZGP6g7KBDNVYGauBz3xGasGzP1DMZNZARmpLZVrVNPN2+uM/1z/4N+v4tm9r/b7wz/zlA1mwYVmxC4YVa5t/QdEZuHFtU3B7FLVvAQAAAAAAgJ6t+4+xWvWR3jkl32P/EYG/AZrxg8c1XZL2HdLxti4+IgApSae07Ykfa29VdMnj+rU/CDn98bYGVau098dRwxlI2vf8tsTrfyoUVPX985fBOse3Tfu0PhBU9VVCv27rTgQAAAAAAABuMkmXserafHdC5VO+/C1f8G/YoBhjlt6qv50u7dt3RuerpFsTDnYe1+vFpxSe0RkISr7zUZVmBIcMOKPf/HiffPHdZ4PZpYkboBk/+LlCIxEEsm7bUv9AnQPLOKUzTkkD4t2mUFZsYPoZfyUSbSMAAJBcUha/1dVVAAAAALq9pAusJpWq8zojSSOn6DZ/UDNyDFan/7+ndMqf2jlsUMe8kirwyH+bBes8QLdNGalgBePepun6W3+AeMCgYZLCM1wBAAAAAACAni1pA6txZ1JU7dVISafOnFeVbtUAf5bnO1Oe1crbPtJvWglOVp0/0+66SpJGjtTIU6e07+W9+soPZsTIno1HILt0pBY8+3P9YkHg3y3N4g+UdiKyXAAA6J546gQAAADoON1/jNUBt+mukZJOFetftx2XNEAz/mm+VPyEHg2OETpMkYmkvkfrpSp9tL+FqOWAQRom37JfD4wvenybHv32t/XotvABR6er6Ac/0MPTo8omKjhebCCb1KkzzVTvjG8DVPXR/sRySePeJgAAAAAAAADNSdqM1fgN0IyHpmvb8/ukfc/r0RgZqiPnz5bvqfZsDRsp6dQpbXvi29rW6rJv1Vfmj9S+4lPa9/y3w14qNVILZt8qRb1S6tbZ8zVyX3HrWaunivWv3y6OrqT+7Z9amO6XPXSkpFM6VfyEHo1dpEO3CQAAAAAAAEBT3T9jVZJuXaBf/PxxTW+1oC+bdWTw39NV9HjLcw2Y8QP92/yREZ9Nf9z30qcYhfXP80e2PWs1MH9oRfrF49Ml+V4s5SvyT1oQUSSe7Y5eTQLbBAAAAAAAAKAJk2EYRkcu8NSpUxo8aFCb5w+M/dVx43ge16+//bzkf8M9AABAT9Xx11kAAABA1zt3/rxGjhzZesEEFBUVtVrmJhgKoDW36h9+/vOurgQAAAAAAACAm0gPCKy2zDAM1dbWqra2Vl7DUK9eqTKbLV1drZi8Xq8aGhpkMpmUmZGhjIwMmUymrq5Wh6I9kgvtkVxoj+RCeyQX2gMAAABAZ+vRgVXDMHTl6lUZhlcDc3NktabINzKCoY4dIKH9fPdbJplMktvt1uXLn+vzK1fUt08fmc03x1C5tEdyoT2SC+2RXGiP5EJ7AAAAAOgKPTqwWldXJ8PwKCcnR4ZhyO12q4OHnO1wJpNJZrNZAwZkq6rKqbq6OmVmZnZ1tToE7ZFcaI/kQnskF9ojudAeAAAAALpCjw6sXr9+XTkDB8gwDHk8Xnm9yX0T5mPIMHw3Y/369VXVJedNcyNGeyQX2iO50B7JhfZILrQHAAAAgK7QowOrHq9XKSkpcrnc8ni8SZ/dEmAYvnHYrFarvN2kzvGgPZIL7ZFcaI/kQnskF9oDAAAAQFfo0YN5WSwWeb2+G7DuchMmKVhfwzBksSTniznagvZILrRHcqE9kgvtkVxoDwAAAABdoUdnrAbewNvdbsQkdbv6xoP2SC60R3KhPZIL7ZFcaA8AAAAAXaFHZ6wCAAAAAAAAQFv06IxVKfIxvPbyeNy6fvWKLp2r1Im/HNL77+zRxc/OqtHtkTU1TYNHjNYd076sv502U31ttg6p982mI9ujM3XHOsfjRrRH4HHdcCaTKfjXEWiP1tFftR/9VXKhvwIAAADQ2Xp8YFUy5Hszb9tuagzDkMfVqHPlJ/TfpX/S0b+8r4uXqtRQe03yemU2m2Q1S4arThXH/lvlxz/SX4+8p68WLtAX8sbKam1bE/jqezPeiCXeHg0NDWpsbFRaWppSUlKaTPd6vaqrq5OkG/bGZdqjlaUYhmR4pIZLsla/pRTnH2W9/oFMngZ5MsfI1W+GXAO+Km+GXTKntjtgQXs0Mzf9VQejv0ou9FcAAAAAOheBVUmBe7C23Ix5PR59+tH72l38C53+9KSu1LnlNkzKTEuVS4Ya6z2yWkyymCWL2SxDHv1l/x5dvHhBjzz2/2rMuC8mvM6OypJJVq21h2EYamhokMvlkmEYev/993X06FFNnTpVdru9Sfm6ujrt3r1bKSkpuu+++4Kfm0wmpaamKjW1fTfGPb094luIW+arHym18hdKvfSaTO6rwUnWus9krd4vq3OPGoZ9R57sGTIs6W1eFe3RPPqrjkd/lVzorwAAAAB0ph4fWDWM9j0++HnVBf3pv/6Pyj8pU4PHrAaPSSlWi0yS0lNT5PGYVOf2yOPxymQylGKRrGaTTh37QLte+qUW/8uT6p+d3YZ6G2pnUk5Saq09vF6vLlZV6sTpA7pUXSm3262qzzy6XO3Rex+8pmNnmg4b7HYZOnfBLZNJ+kPJz4Kfp6SkamD2cI0a9rfKsd3Srjcy99T2iG8hXplqy5VyeotSzr8qea7LaDK8s0vWqgOSR6q39pen30TJRHtEo79KLvRXyYX+CgAAAEBn6/GB1ZDE72oMr1cfvVeqo/99RCZLiq43Gmr0SJnpFlmsFhleQ71SLTKZpEaTWS6PR41uQ4bFUFqvFP3l3Xe0540/6Gtfn5vgI7a+ut7cN2KxN67KeV4HP/pPHa38L9W5qiSzIYt3sMx9c3S67rQM1+cxFmWVJWO0JEMfXTwe/NhkMiuzKleXa/5ek744R9n9c2U2t+V9bj23PeLivq6U828o5fyfpIZ6GWouAGHI7PyLrFl/lCczT0rt38YV0h4x56C/uoHor5IL/RUAAACAztHDA6tG8C+Q6ZKIxoZ6/eVAiepcXnncXl1r9CrVYlbv9BSNHjFARz+5IK/X6ytsklJTLJJhyOuVZDKUajXrj6/+TjNmzZZtwIAE1mwKG5PtZroba7k9GhsbdfzUO6pwvi5TilP9+5hlTZFMuijpor9UrJtgQ9KJmNMN46KcDX/WuYsT1K/PgDY+ltkz2yNeJleNLBfelq45WwhS+LkaZK56X6Yh1fKm9GvT+miP2OivOhr9VXKhvwIAAADQ+Xp4YFUKvOjCMLwJZ4xc/bxaFz87qwaPVOf2ymwy1LuXRaNH5OjeqXnKSEtV6aGTkiGZJLndhjyGVx6PIZPJkMew6HRFhSpPlyf4eK0h3xJvxpuw5tujurpa1+qPKq3XOeUMtCqzt1nWVJPaM0SdYUiG+7yuXPU9ptu2x2t7ZnvEy+yuk+lKhQxXfNl1pitnJde1doyRSHvEQn91I9BfJRf6KwAAAACdi8BqO1y/ekWuxgbJZFF6iklDcvvrjr8ZrYn5ucq1Zej+u2/T0MH9dOSjSlWe/1x1dS41uqUGeeT2SG6PV2aZdbKsTF/8m4KEso964mODtbW1ysyo09A0k2zZVqWlm2Uy+25J28qQZHg9ul7Z0K6XnfTE9oiXYUhGo2S44gsCGS6T5G3/OhGJ/qpz0V91T/RXAAAAABLR4wOrvkcG2/byiLTM3vJaUmU1S18YZddDX39AY4ZmyaiplNddr3RrL82YnK/JE8fokrNG5y58rovOq6qqvqYr1+p05sJVHTtVJa/Xm/BN8s36souW2sMwDPVOT1ff9Gz1s1llTemYdZqUosrzKe164UlPbI+4l2HuJaPXMOnzc/GVT7lFhiW9nYEj2iMa/VXHo79KLvRXAAAAADpbjw+sSqGbmkRvjHr37a9emVlK6XVF9/zd13Tn9C+roeqk6uqdMpvMksmiRkOypJo0dGhvjRg+WPJ65KqvlTwNOvrpRa3432/I/oVRwXrEJ5DzdHPeibXUHrdkP6qRI9d2wEq8kqtWRt0Vea5VqfHqQZnPvC1v7wEy9RkiI7W3TGarZI4na6nntkdc81sz5R5wp0wXjkuN11subDLL0+92eVP6tyNQQXvEQn91Y9BfJRf6KwAAAACdqccHVsPvhRK9MUrtlaYx4yeqf1YvTbzzDpksvSRLmsypvWWYrZLJHBw+zWUYcrk98noMeRoNpZgMebxeDRk2TMNGjmzDTdnNeRPWUnsEMrS8Xq/q6up05coVWa1W9e3bV1evXpXL5ZLJZFJ2draqq6vl9XqVlZWlzMxMVVVVye12a9CgQTIarqnxzHsyVx6UyV0vc6ZNY3L7yGQ45Tn/idyfOOVJ7SNjUIGMnLFSrz6+tmy55h2/M5JAe74fAV5rplxfuF+m6jOylP9J8jTGLmiyyJszTq4Rs+Xt1bddGWC0R1P0Vx2P/iq50F8BAAAA6Gw9PrAqeWUY3jY93ipJd0z7kv7iviKrySOT2Sxzr96ypPWVt9ESEagwZEgej+RukNfVIHm9qq5x6+F5/6B+/W1tfLT2ZrwZa749wgMVn332mQ4cOKA+ffpo0qRJev/99+V0OpWSkqJ77rlHb7/9tmpra1VQUKBbb71V7777ri5fvqx5D98n19Hf6eqxPyl7xG0y2/JkMplk6tVbJksvWfoOVarXLbfzUzUe3SVX7yEyxvwPyTZaMjf/demJ7REvQ5KROUSm/EKpsVHms4elxmthURCTlNJLXlue3Plfl9s2Vl4jMGfb0B6x0V91NPqr5EJ/BQAAAKBzEVhV+14cMdT+BTVMnKaqS5eUlT1Yll69ZcnoGyoQfNmvIcPi9t08mS1yG1ZlDBqrCY6ZCb0EJrLON+eNWEvtEbgBtdvtstvtwc9nzZoVUe5rX/taxDyzZ8+WGmvk+ctWmc//VQO+cLtkeGXyuiSTWV7npzKl95dhtspkMsmc2lupQ2+Xyg/KdeiXMv7mG9LA/GaDFT21PeJehski18DxMu74jqy9X5W58ohM1y5KXo+MjP4yBubLfetX5R78N/Ja0zuozrRHNPqrjkd/lVzorwAAAAB0JgKrfm3NGLFaU2TPv13eaxflrrsmpaTJkm6TDMlwN0omk/+uyZDX0yg11stkMsvIyNUXCm5XWkZGGzNVbu6bsFjtEcj+8ng8un79uqqqqpSamiqbzSan0ymXyyWLxaKBAweqqqpKLpdLWVlZSk1N1ZXPq2U795oyyl9Tin2mDFeNPJfPSGaLTCnpMrweqeGaL2hhGPJ+Xilz31uUMmisvMffkvuvO2VMXipl5jRX4xu/U7pQuzOq3PUyf14h0+VPZWTmyJM3SzJZJZkkr0smb4PMFz6Q9fKn8vQZKq8tT97euXE80txsjdte126A/iq50F8lF/orAAAAAJ2lxwdWQ28QbvuNWEqvdJmtg9TgqlWq2SVLWpYkQ97G66H0GcMrb73v8URTSm/JNka9++a2463OHZOZk2xaao9AoMLr9aq2tlYXL15URkaGMjMzdfnyZdXW1iotLU39+vVTdXW16urqJEkZGRmqP3tIKRX/V9b0LKm2QqaMwbL0HyKTt15qaJRkkuG6JnklmQyZUtMl13WZLL1kzsqV+fTb8gz5Wxl5/yPmC2J6YnvEtwCvLJ+XK+XTN2WtfFfmaxd8wbu0vjJ6ZUkms0yN16Taapnqr0hmq7xp/eTtP1KukTPk+sI9Mqxpbax34tVNdvRXyYX+KrnQXwEAAADobARWw27C2pPh4rWkqs7jkdntVmpaqixp/WQ2p/qyvuSV19Uow5BM1nQZmUPkzRwk32CGbQ1UeHUzZrm01h6GYchTX6de1y5raN/esjQ2yNpYr9zcXLlcLlmtVlmtVuXm5srtdis9PV1Wi1l9jf9WelqDzH2/IBkNMnlrZZjNMjxuyWuSDJOvKby+bD3JJMPTIJmsMqf1lryNMpW9Kq/9S1Jq7xj16pntEc5sNjcpY7nwoXr9dafMnnop51Z5hk6U6XqVzJ8dkbmqTCYZMkxmGX2HyZN3r4wMm0z1V2S+XK5eH+6QxXlS9bfPl5E5MLhMk8kkr9fbSr1pj5bQX3UM+qvkQn8FAAAAoLP1+MBqxzHJY07TlWtV6mcyKy2rv7xmi+RplOFulMnwymxNUYO7tzwZg2WypMk3oCESYRiGvB6PGs6U6/P3SpUyxK6U/tm6eKVGdXV1SktLU2pqqi5evKi6ujoNGDBAfSxX1bfuI1nTU2Skpcoks7yeK5LMMskqQ2Zf5pf/z/D60ocMQ5LJIsmQyWKV6eJfZXIelzF4Ypfug2TkMdXoivuUUsxZSrcOkElWmSS5B9vVmLNYNa4KVbtOqNF75f9n796jqzrPe99/51xLV64WEhZgS5ZFjGXHjpMYDG65iX12kga3TTB0H2PLMEbbFHp23IE8zjBm2xg8MDlnILrd05rt7OwNFjGjBdO0NW6TvWuBRQsYHJvYwTIJWJa4WCBxFbquyzx/zLlu0rrquiT9PmMwbK011zvf+b5rvWvOZz3vO8l1zeT2ef+JKYd34j7zr3hn/R5X5q3gUtcv6fC1kGVOIy9jEePdd2C6cjBcWVhGOxZe2r2X8Po6GO+6G5c1brgPewTTeDUUNF6lJ41XIiIiIiIyUBRYZWAywGwGnW03+eLzD5lWNpvbppeSYYDf20nX9Utc/e2v6Pb4yB1fjAn9mvtnWYFMpdGW5RK7P4JTaw0Dy3Th72jD29mBz+enu7sbj8cDgM/no7u7G6/Xi9frxdV9jgyzHZfbB7Th9xv2DXgsN+DCsEwsyw4a+THA58fy4SSCmeDtxABMXzf+5jr8hd/oXesx2B/hvHTyxa1/5lLHUXJdt5NhTrQztSwvnb4rdHpb8FhtWJYP08jktqxavr64koKyP6Dp9vH86up2rnX9BsvyYBhuMoxx5LjzyXbnY2BnlnX7b9Dhu8z03EXMmrAK08qNXesx3h/J0XjVfxqv0ovGKxERERERGVpjPrBqBe6A3Y9AhWXZl0NeC1wuA6P1HHX/6zS5M8q4bVox3e2tXG/8lCxPC+NmzOKWx0+m20eGaWCafc8CG41rssXrj5ycHFpbW/F2dkDuODKW/CEZPi8u/EyaNIns7GwyMjIwTZNJkybR3d1NTk4OWR3tmG4/hmsCGF246MYkA8twYVkmmCZ+ywCfiYmBZYDfsJxMMBeWtw0DL5ZpYLRfivk+GWv9Ec5l5OAyMunwNtPhbY5bps/qpKXzJB+0bGH+Hf+Vo+efpMPXErbPbrqsbrq6r0H3b3u93m3mYJKV8PM6lvsjURkarwaGxqv0ovFKRERERESG2pgPrIZniPQlUGEBHX6DK90mV7phRqeH4ul3kDuxg6bLDTRcrMedlcPkyeO4PW8q3bj596ZWLnkN7pxgUjQ5i9ty3LhSCFgYfV/qcASI3R+33XYbly5doqW1jbzSMgqNUJtN6VFKfn5+8P8zvC5M04s5+X6M27+D/8I/YnQ0Y/m7APCTgenczNlvmeAyMC3s6bV+A8PXimH6Md0Gvij1Gqv9EWAYBi4ji8mZM5ma/TAe/y06fM10+q7ELdnn76LbfzMiSBGdQbZrCjnuAjKMcUzKuBvTyLDzu6LUaaz3R6JXa7waSBqv0ovGKxERERERGVoKrAazW/wpByq8QLPXxdlOFxc63ZRMdJPvN3FbOeTPmM7E0ke42dUNpkFuTh4Z3Vdxt12meMpt/O2xdj5vuMjsGRNYNHMyX5s+gQlZyXVH4M7Ho3PaYOz+ME2T6dOnc+nSpWB2l8vV+47XvXTDRNMNraewip+3i8TgAAAgAElEQVSEe36IcetTjPaL4PNg4MK68hFWxzUslxOxcIIVlt8H1i3IBMtrYuVMijLld2z2R4DL8JHVfZ57u7Mocy2izdXJxewOPm1/lxvd9TFL9lsWWAZ+f/x2uy1rJmU5C5nuyyWXLKwu8BgX6HTNsDP3etZ4jPdHLBqvBoPGq/Si8UpERERERIaWAqtE3kk4WV0YfNptct6fyXW/STsWJS4Dd94dWDd8+DJy6HTfRsfFv8b0NdA9fiFZEx4hJ+9+cjOm4OIMv718g4vXbvHrpuv83n0F/N69U5mSm5FEfelTYGWkiNcfEyZMwO/3c+PGDdra2hLebRnglt8i38rG7bmI//O/oWn8CjrcJbhdd5Pp9jDZU0e21WZPu3WZ+DGwMO0MI18HuLowsgz87gx8eV+JEagYm/1hGAaZvmbGN/wlGdcOYXhvkptZwKSCP8Qz5fu8f2lbzHL9ph/LAp8nfrvdc9tSyq6cIqP5AKanBcs9me4pS7CKN9BOrMDR2OyPWDReDR6NV+lF45WIiIiIiAylMR9YDa3JlvxrvMAHXhe/wU12pot2y+Kax+JIcxvmbRP5esGDGO2d3Lr4DtO7/gfZ49po7zjKjbavczX321gTy/mPd+fRdqOAD75o4WzLTfZ82InH52fZA9OYlB2/W0bz9Vei/jBNk8mTJzNu3Dg6Ozvx+XwJL0gzyMV/swg6rmC0/hrX1Stc77wLH7lMzmpjUtY5DFrBNDEsA8Nl2DeF8Xvwmx2QDZbbxJ9VhG/yrBh1Hp2S+XxkeFpwX6zB8rXbdyzvvEJG+36Kin7Ov3X+PzFf53Wyyzydvrh1uCP7m7gbXwHvDfyYwE3cHf8L9x3/GcuYGKPOo1O6jVff+2oht+XED66O5f7QeDW0NF6JiIiIiMhQG/OBVYi84UUyPjfcfGS6yc/J4HqXxSXLhy/D4IbPYO+FNj697OcR6xJ3X6tm8kQDw2eRnXGJ8cb/5lbnh1y79Q5fz/oD7lqwhPWdXXxx+TqXW9v4h4/PM3V8Jv9hZj5ZbjPJeo8+yfRHRkYGGRmJs+Vsk2k3l+BqO02m2cbUjCYmuJrx4yLDgEwMDMMETMAALFyGD7/pwcy0MFwGltukbdpi/BkTYjb8mO0Pnx9/qwcI7482sszJeOMEITyGDyzibgOQZUzEutmOFVF+N/j94Iq9luKY7Y8eBnO8mpTt5rv3TtV4pfEqbWi8EhERERGRoaTAatgdhJMJVNw0XNT6XbhzMujE4JzfS6vhJ8MEI8ugm0yutzThufkOt2d8iv+O/4LVdRHXlX1kWRfJzLrMxOwartx6n0nj/5LF9z7EG60d+Nq6aWy5zs9OnmfGxGweLByPYcS+QYy9zttovBJLrT+S0dXVxdXue7C83yGv8xDTxt1gnLsbO5fPsP9ZvmBzGvZSepgusEwDy7TonPggHVMXYdlXxr32MZb7w/K5sDrGgeUNPebKxuPrpLsj9tRnrzO1Nt42AB5vF/6uSRi+ztCDRgaW38Qyo9drLPdHuMEer/7h5DnuzsvVeKXxKk1ovBIRERERkaGVOM1ojEjmmtgCzmByI9NNjtvFlz4/TZaXVtNPq2lxy+Unw9tKXvMpim7+M7k+L2b9v2DmPIj37v8P76QK6Mwns8vH1HHdjMvJwu92Q5YbTBO/x8svz1zmYN1lbnXHz4oZ7QYye+e3v/0Nv/zoE8bP+k+0Tf8TvriZT6cvEztIAXbPWhjOPwwLw7QwXHawwpczndZp/wlf1jT7Fs5jULz+8Lin4Jn8O/jbs/C3Z+Jvz6Z7xh/y6/P/gKfTH/tflx/Lb8XfptNP3aV/xVP4e2HlZ+GZsgiPOWHMrkuYLuPVx/UtGq/QeJVuNF6JiIiIiMhQGeMZq6G7B1uWlfDGIp2GyReGgZnhwmNYtOCn1bQvd92GhcvvZfKFL5jWXEvhxCt4Z72I0XUR89R/xT35HvzTvo1v/Deh6cfc9Bfx67av8nZ9E1hg+S0Mvx+Pp5u6i9dpbi1kXEb0uLdpmoSmOo6mC7XU+iNZTV9+yYcffsi58+f5zre/RUbe41y8uZ/iCZdwGWEBIXtWLYbhhC6MDDzuadzI+z6dOfdhJxX1rtNY7g/DMOjMnILraz/AnX0n3LxI921FdMz8D/zyk+fjrkfoy/Bj+Um4ZuFHje9w96znyGUcGdcvYE2+E9+spXSa47H8vTPAxnJ/hOsagvHK6/FpvNJ4lSY0XomIiIiIyNAb44HVgOSmcV7zwTXDIMsw6bQsrvn9tGFhmuCyIPfKZSZ9/gH3eH9FrnsiNBzFmDEXf+mfwbUPMev/DldWNl1dmTRk/h+8ee4mNzu6sbwe/N0e/F4vls/gfEsr1251cVdeTvTaDuC00/Q0sMdnGCbt7W1cPH+e/fv3M/93H6U94zuMNz9ksnkey9uJzw9+y87ucrnAzJhEZ8793JqwgM6cWWDEXh9xLPeHZVl0+8A3aRZZC77KtVufc/rcL6j78Dmu3WqImzrmzbaDIN6u+AGpi82fsqdrE2VFS7nnG3/EpJwiuro8+HzRAxxjuT/C3fBrvBoaGq/Si8YrEREREREZOgqsErqWSnRx4/VbdHv9dPl8dBsGt3wWHZaFCbg7O5nwm0+Z2XSMkqlXcN+1HDJc+L+oxczIxrr9q/jzi7Au/AMXuwqp5U6OX7yJ1d6Br7UNq6sLfBaG38BlgRHn4tCe3Tl6L8SS7Y9kTZ48GY/HQ3d3Nx6vh19++Cu+9rUHycqaSX5mE6bnBl1eg26fSXd3F77ONnKyS8i+7ZuYGeMjKxWF+gO8Xi+mB+ov/jsn6t6go+t6wnJ9Hrs8rydRpp+fppbTtN5qISczj5wZ0/B6vTG3Vn/YfH4/3ZbGq8Gm8Sq9aLwSEREREZGhNOYDq5YVyhhJdGE8xfAxy9vNyTaTlkw37V4/3X7LXvnu6nXy6j/hIf9Zpty6hPnrf4WZv4NVvAR/11WsljOY3Vdp7czkk44H+NebPm5cv4mvtQOroxO8FqbpJn9cDgvumcq0idlxsm6MsDsfD3SLDK9U+iNZd9x5J1Py8/mivp7cceNobGxk0qRJ5OTeR4f/K1y/cZ0bN27YwYyuLLo6M5g40UepdY3Cadm4XK4EdVZ/AFh+g+yM23AbOVj+xIEK+4YtUWcrR+U2x5Hlnozljx80UX/YJmMN+niVl5ut8UrjVdrQeCUiIiIiIkNtzAdWA5kiyVwUZxvwddPHRE8HH3pctHssTL+fG4aBv9uL5bPwmllYfgOz4UOspjMY0+7BXzoX8u7H+/nPqW/J5N+68jnT5sHb7ifDbzA5N5fJk9zMmJjN7OLbmHt3PnnjM2PX2ArUeWBaIL0k3x/Jmjx5MnPnzqPpyy+5desWnu5urly5wpWWFn579SpfNDRw7epVPB4Pfr+fzMwMbp96O+PGjSO/oCCJQIX6A8Dn83F73lcpnHIftzqb8ftjZ2mlymVmMj3/QaZMvCfmlNoA9YctawjGq6/fOZnfnVmg8UrjVZrQeCUiIiIiIkNLgVUglYux8QZ8FR93WD7mu+ALv8V5H9zMzuF64Vf4x1+fo8Wby++Ov0CRtwmj/gOsL3+LVTCDm2YWH934Kq3jpzL3zgJyXS4mZbqYmpPJ9ElZTMnNYMr4TLIzXPZ9SWJOrTVG+Y0uBjZYYZomDzzwIF6Pl4OHarjVeouCggKuX7/Ohx/+kq6uLnw+Pz6fF7/fT1ubnZJkukxcLlfCeqg/bF6vl3GZ03h41iraO69xofkjrLhtklx7mYaLO6d+k2/cs5LczKl4PPEDIOqPkMEer/LGZZKTqfEKNF6lD41XIiIiIiIydBRYJTRtMNkLYxPIMyDPBUUmdFsW3sws2uZ+g88n5/LLX33EsQv1zM+7zKLx55jq+RLr0lk+d3+VG+Nn8gdfK+W2227DZYLbMHCbBhkuA8NebA2sBJd3zp2PR6fU+yMZWVlZfPPhh7njzju4fLmZkrvu4mbrTZqamjh79iw+nxfLsjAMg6lTb+drDz1E6cyvYJpGwnqoP0I8Hi9TJtzPf5yzkZO//VvON3+I25XNxHHTGJ8zlezMCViWn2ut57je2ojP5yUrYzwz7yhn8vg7MAyDju6b3Gq/xM22Jrz+Lu4qfIQH715ObuYMurs9iWus/oig8WowabxKLxqvRERERERkaCmwGtS3C5sMAzIMA0yYOGkCt8/+Jl8tm8Unp+r4+bEPeOfS7fzetCvcNa6d926WUHD3XdxVOAXTNAe4/qPNwF9oZmRkMGPGHUyfPgPDMJg0eTKPL1/B5cuXuXKlGZ/Pz/jx45k2bRoTJkx0ptQaA16PkSm5/rAsC6/HIsd1Jwse/L/B7MI03biMLLq7vViW3aLZOZk0XjpBTtYk/mD+X3JX4aN0dXYDdgZXZpYLr78Lv9+D5cvG67GSuGnMWKLxKr1ovEovGq9ERERERGRojPnAavjNLvz+/l8IGYbBxAkT+J25c3jw/jJ++dGv+MWvTpHZaTHrK6Xcf+89AP3al2GYBDJzRpuB7o/Y+7HbLjs7m6KiIoqKiqJuk0wbqz968/v9eL1gGC7stumIeL6z00PBhK/j7fJx+8TZ3LjeFvF8RwdORqQby0qc9RVO/ZE8jVf9o/EqvWi8EhERERGRoTbmA6sQuhgbaBMmTGDRgt/lm1//GpZlMW7cuIQ3FknGQE87TTeD1R+DRf0R77WxX9fV1dXn1yZ6nfojdRqv+kbjVXrReCUiIiIiIkNpTAdW7TXqILRU4OBc3IwfPz5in/1nr28YXONwlBiq/hh46o/0ov7oD41XydHnI72oP0REREREZDiM6YXzfD4/breJy2VimiPnosYwDEzTwO02B3X66VBTf6QX9Ud6UX+kF/VHelF/iIiIiIjIcBjTGasu077ZR1ZWBh6PfaMKv99Puia6GAaYpklGhpusrAzAwOUaPV2o/kgv6o/0ov5IL+qP9KL+EBERERGR4TCmz+LHjx/PzZttTJyYi2VZuN0evF5f2k4hNAwDl8skOzuT3NwsWls7yM7KHu5qDRj1R3pRf6QX9Ud6UX+kF/WHiIiIiIgMhzEdWM3Ozqaru5ubNzuYMCGbnJyssAuxdLsYs9dgc7vtm8m0tnYCLnJycoa3WgNI/ZFe1B/pRf2RXtQf6UX9ISIiIiIiw2FMB1YNw2DC+PF0d3dz7Vobfr8v7ddm8/v9uEwXOTm55OTkYJqjZ5lc9Ud6UX+kF/VHelF/pBf1h4iIiIiIDIcxHVgFcLnsLBFliqQH9Ud6UX+kF/VHelF/pBf1h4iIiIiIDDWlR4iIiIiIiIiIiIikSIFVERERERERERERkRSNgsBqE/tW5JKTm0vOin00DVi5x9k24GUORdnp7/1tueTkrmBfuh580z5W5OaSs+14jKdXkJObS4yn09vxbfZnJeq/bbw/XO/NBG0+ejntPSjH3ve+HNHv8cES/tmJaJiwPszdxvspFqu2DvsO7/G9EGibnNxcVqT0hRFeZu9/K/Y1DVu7p/33n4iIiIiIpGTkB1abDrPvgPP/B/ZxWBcrkmaa9q1In6DJnGfpaG+no72dQ5sBllL9ebvz2LM8Mtz1GxTH2ZauP2Icr+WFwP+/WJtyUE6GyfGG0PspvA+lnw7Q0Bj4/yYOB7/cU1XI8r3OuPb5GzwGsPlQcOzbu7xwQGqbbtLqu0ZEREREZIwY8YHVpsP7eBt4efNm4AD7BiyyOodn29vp2Luc0XkJJn1VuHwvHe3tPDsn8bZN+1ZQ8nRfgwPDYbS974+zLXdR2ga+3q99EVjKy5uXAi9yWEGRkSHsR7ymhuPAUh5bOqw1GjVeqA18CBppOACPLR2chk1lHB8JRt53jYiIiIjI6DDCA6uBjJbNzH92AS8Db+873CMzLXyaZu+pmva0vNC/ULZHz2m0kVMLt23bFjE9MTitcJ8zpbm/06mbwsrpNV0xxjE5rwmfMtlrumPEVPB0nY7YYxpnzGm3w3Psvcrt0VfBfj++LXih+8KikTLNPfJ9H/V9nbuN98PbMuJ93oe+i9j9tsj9hD0V8Vnt+dmK2rdN7FvhBFUPPE1J8PEk6jEkjnP4RWDpcp58cjmPER5UCqvnim1sizpVOtHz4UVFjlfQ3ynJ8fq55zTs8P7o0Xc9l4CIO+6lh8c2b+ax4I94znfQ0jkE43Nq6z7azMubCWVuO5nAc+YEWrbZOdawz2s/lhCJGMeDfbYvbGxYwb7j+2KOR/G+T8KXMIi1jMG+H8Z4Pm6/xHgvjMjvGhERERGR0WFkB1YDywBsXsAjzGH+ZnotB/D+tkW8wGYOBacEvsiisIuRRS/Cy4fa6Wj/nOql8MKi6EGWpn0/pOJAaNvi4y9GrdILDcXsbW+n/o2lcOBpftqX65umfay4+2nedqYu1r+xlBcW9QgWLX2D+p7HVDif5Uvh7ad/6hxD4KL/DZ6cYx9vzqIXeeyNz52p4AeouHu4gkqxNLFvxd1UHAjrsxcXORee6XjsTez74dO8HajToc1w4Gl+uK8J5jxrvw9w3jcjODUq4n3NiyzaVkx92Pv8h8H+idV3CT6LAQfmUBnl+fe35bLoxcCyBYd4+cDTlIR9jqP3bSHL9x7iZYClb1DfvpflhUnWYyg4gaPHls+n0Hn/Rl0O4MBxiv8qMEZFed8meh5gzpNULw3/4SkU1J2fcmpyon4Oe679EC9zgIof7qOJQuYvjxwX7RkHS6l+ck6CcS+NFBczB3i7oZFgVuXyBRQHnldb91lx8VLgOI1NgUzgzcxfEHi2gOXPbiY8szs4Y2XBwIytb++DJwPjOAeoWNRgj0eH7P0uSjjmAE37+OHTB8Keg7ef/mGPtj0Ay6M8n/C7P8Z7YRR914iIiIiIjDQjOrDa86LqkQWxlgN4kUW5uWxrXM7e9t4XHXaGR6OzJlu0dSbDMmPnABQ6F3i9BepSWGz/93hD6leqPY+rcP7ysAwpZ+24vcX8NDeXnLuf5u3gK52L6cCFpxN4fmz5fAoJTTte7lzd2+2VZtOPI4LlhAKm+w7TlM7HHsiILHp2VK7h91hxERB6XwfaNfA3kKDvAuJ/FkOvtYNX9lqWPQNTzo8oThCyb32boB5DILLePd6/4YLHHWObRM8T9lzgh6fwoG6qFU/Qz488205H+5M0rsglp8cyDPZYFsjMDfz4Ydc//riXTuaH3n+BrErn82FTW/dVUbAex536FocC1gBz7JkpEccU/F4eAHOK7T4qKnbWZXXaPfC3I5kx5+2n7yZnxT6Kn22nw/lRJyT0WjuYbK8tG7dfkhpfRURERERkqI3gwGqUiyrn4if8QuORJ98IXhC9sKjHtDsnswiAFxfFmb5vZyX1usgbZIH6BgKIdoZUYCrgIo6/8XnoxhyOwuXPBi88AxlKyyPSpA5QcbdT7iI767Yvwd9BF+iP3LupOAAcaKAhLY89PMgeKn+0zcScU5xCSChq3yX4LCbjwNOUOFNg7e6zM9ucJ5Pu237XY0D0zmIMBKkjlwOIlOgHm3jPhwdpegaG+iRGP9vT3u+mYs4hJ4syvBLLqQwEJXv8+BEQfdxLL4HMyqptLxItsKe27iPnB5W3922LWt+IH1V6BhoHwGMRAfJEYow5gXaHsDErtdkRcfslxntBRERERESGx8gNrAYuqpzMs/CLkIjlAAqdjLTgNObwaXlR7hwcnNYcrgg7qWRoL2DsZQfC/j07Jyxr5VCMrMjAhec2fhiWoRQSfhf4NL5DctgdnIN3rE/XY5/zbLC8Q84FdawlJcaEaH0HCT6LSQgstxD8F54FlkLf9rceAyFwJ/mwYHEgOBN1OQCHPT06dqA77vPBDLcfUtXnqelhovZzIGD8BvUxsoAD2X1VP4z240eMcS/NBAKnb8f6wU1t3UeBJX0O8DbR38eRxzRwywCkLvaYY2cSB5ZnAFJcbiRuv8QaX0VEREREZFiM2MBqYMpcYB2zjohASejGIuE3uyhcvtcJfM2hqLDHzSsKl7PXiYr1vpjrOcW2iX3boq+xOhAip3BGuVkSOFOk4f2fhk+HtwWWRHj7ALz8bOju7j2XSujfDVUGSc+1JqPdnCStjj3yZk+PPGuv1RsItkRMlR/t4vZd/M9ifD3XT+7R5nH71vlRJKg/9Rg4dhZj7wCKXZceU/mD62TGmPqc6PmgwBR1O2jVp6npkNxn1PkRqmnftojp6UBwOvfbBw7A5meDwfGkxr10EViqgljtqLbuq+LgBzbG+zj8mAZyGYAUxB1zIm5eNodnnR9tk8mGjdsvCd4LY+q7RkREREQkjbiHuwJ9Ewgg9M7ACWYS7TtM0/LlLN/7Oay4m0W5gUDoUqo/dzI8lu+lnhWULMoNXpA+9sbnREvaKVz+V1TvO0DFolxeYCnVb2yGA/0Mrh54mpLcpyMeeuyNz9m7fDl2tReR82LPei3nr97Yx9tPO69dupmXl77IC8cbaGKOffEeWIeu50XnnGfpOAQ5i+4mx9nty4d6rv02VOxplBXhDy19g/q9UfosmJE1Z2iP/cVQ+we8fKidJyMemcOz7Ycgd1FYX27mUPvyyPosyrVvurV3ed8CLCNCYZy+I/5nMYFHnm3nELksCr5nNnMo0JZx+9YJcDnvmZcPtfNsP+oxMJxMwyhBoUA23gu1x0Pj0NI3KK7NJWdRjLomej5McHxMcmr6C2Fjo20zh9qfjdvPzx7azAuLXnSe28zLmw/wwot28M/eYyCzvEe2YWG8cS/dBI4h0I6xl15QW6cm2G4xp/iHjmkglwFISbwxp7D3c2w+REcyX7Rx+yX++Dq2vmtERERERNKHYVmWNZAF1tfXM62w76fzntfKAchYWzNQVRoczl2BXz7UnhYXoyIy2hxnW+6iOEGSRM9HEbjruAIvg09tPWje32avs6zv374ZMedZIiIiIiIp+LKpiZKSkgEts7KyMuE2I3YpgKFmT/UL3eTGXstwKSnd60JEZBgFl1Dp69R0SZraerDEzvgWEREREREZagqsJumRZ+2bULz99N3k5OZS8vSBYZxGLyKSCntt2ZKnD8DSN/grDVyDSG09aI5vIyd3ES8ALx/STZtERERERGT4aSkAERERkTFC51kiIiIiMhppKQARERERERERERGREUKBVREREREREREREZEUKbAqIiIiIiIiIiIikiIFVkVERERERERERERSpMCqiIiIiIiIiIiISIoUWBURERERERERERFJkQKrIiIiIiIiIiIiIilSYFVEREREREREREQkRQqsioiIiIiIiIiIiKRIgVURERERERERERGRFCmwKiIiIiIiIiIiIpIiBVZFREREREREREREUuQe7grE4nmtfLirICIiIiIiIiIiIhKVMlZFREREREREREREUpR2GasZa2uGuwoiIiIiIiIiIiIicSljVURERERERERERCRFCqyKiIiIiIiIiIiIpEiBVREREREREREREZEUKbAqIiIiIiIiIiIikiIFVkVERERERERERERSpMCqiIiIiIiIiIiISIoUWBURERERERERERFJkQKrIiIiIiIiIiIiIilSYFVEREREREREREQkRQqsioiIiIiIiIiIiKRIgVURERERERERERGRFCmwKiIiIiIiIiIiIpIiBVZFREREREREREREUqTAqoiIiIiIiIiIiEiKFFgVERERERERERERSZECqyIiIiIiIiIiIiIpUmBVREREREREREREJEUKrIqIiIiIiIiIiIikSIFVERERERERERERkRQpsCoiIiIiIiIiIiKSIgVWRURERERERERERFKkwKqIiIiIiIiIiIhIihRYFREREREREREREUmRAqsiIiIiIiIiIiIiKVJgVURERERERERERCRFCqyKiIiIiIiIiIiIpMg93BXov9P89AfbqY3xbMkTW1i/MH9w9vzmD6iqhQXrXufJWYOyi36I3S4965v6cZzmpz/4gNmvryT25oH9L6Dy9ZXManmPrRv2UF/yBK88t5C+90gL7/3oJ/DHz7EwH1re+xHP76kf1H4etH0E2iTwd4ptMxTHDtHeH5F9IP3R43My3NVJmlPvfn+eRWTkin2eMdjfS4Hvv8D30uCfj42wsbrn+UW4EThut7z3I/47fzyo7ykRERGRvlLG6hhUu/0HbH2vJfj3rJWv8+PXUwmqxg5kh8ziyddf58cDegHSwns/2sCbYVcK+Quf48evvz4CT7ZP89OeFz31e3j+R+/REuslwyTy/dG7D0RERMLV79kQcZ4x2FI7jxnj6vfw/Junh7sWSQsE0UVERETS1SjIWA2Il0UQCAaVsPKJO3lzjx0WtDMqCAsUhZURlmG58s49vOlEEhNmYZx+kz/dHgo7hraPlu3Q+7HIE8gSVm6JzAoMZGUkPuYY2zj1q9/zE9673y67V6ZHj2MIZTeEB1VrqfpBLQvWvc63m5zMyQULoLaWekpYueV7nNsQPbvj1Js/iNqevTNOwrPi7udUsJ/qeXPDDzjyxBb+hJ/0ztrsmamxYB0/XhmoQajNVz5xjjcDbR2xTSyn+OkP9jjHH+ibsPdWsK+iPdbD6Q/scoL7depVf5RTLQtZmB/l/eL0S+/3YLR6Bbo7XpsuJD+J93mojC3c+bPefTDygtojT/LjQthnLyIrqccPIuHv9yTHuvCxZ8G6dYN0pCIy8sQ4zzh/BYj8Hum9fZLfyeHf6yVPUDkvsgaR33V9KHPBOl6542cRWbB90uP8I3Ic7f3DZPD5aN/vgXOxnucJwWZM4rylV3aqU0btB5xeOSvyfDdqnXt8/yx4gpXn9vBmfagPE55n9KFdAmWF77t+zwb+9KhTZszzVBEREZGhN8YyVuuDQVWA+j0/YWvEyVwtVT1/xa8PBRrsPzfw01g/9Pc80XO2/9M3TwOzmL3A3seJwOuDwbWHowRVnfpueJPg5hEXJk59U81wnLWSygV22eeuRH7NONwAACAASURBVHm+5T229jiGZLMb6mtrnYueedwf6+w2lfbsi2jT32q386e92qk2dLHlbJOoHvV79oRl6gb6Jp/755UA9Rw55eyh5RRH6onfDlPuoCRiv4EM39Sn10evV4p69ctPGMJkI4kj0bjQ8t6PwsaFet78yc84F1FClCzz2u29s8nivAci9wG125PJWhcRSfbcJd53co8ZHvV7qEoqgzGFMmu389+PJnM0cUQ5/wg/xzn9Zu/ZHsFxdtbDLADqj54KtsvpD+xGW/BwlKCqU+d+ZwUnqDOn34z8/qndk/qMlT60S+32H8U+B+nHeaqIiIjIYEi7jFXPa+UpbZ+xdofzf3YGZaTemV2BX8ntE/166nmCV14P+/X7XBMtzAr71TtURiDAUfvBaZ6c1TNLoIX3fuacBPf81b72Z7z3redY+LCd0XmuqQVm5fc4aW7h1NF6iJKh+PfvfYv1C69wopaIX+Xt+uzh56cXppRdMeUOOxAYqEdUMTIhnnx9HfTMsm0KNm5Ehlx0ybZnT/ksfG4L9MgEbXkvcqvTv7BP3kPZEIFMiN7t1HNttrjtEXF8gTJrOXF6JU/eP48S6oPZOS2njtp1mHd/7OyJ/Pt5tATq6+2lGZx3Qt/WbotRr4RNGllIjwxcJ/AecQDR+yDVz6yEhMavWBKPCz93LnojMnzCL1KdH3B6fSb2/ILTC8Pfb7HeA6d77aPnj0h6D4iMPfHPv0IBwWTPXWJ9J7e89zP7O7LXd13iOiZfpn2+1p8J54Hv/l7ngD97j28/t9BermBlaPvAeag9zto/vtfWhmatnLB/eWf2LFIYx3uo38PzP9jT6+GSJ75ln78lqPOVD8JneOXHX7u1j+3i1Cj6DJ+Fz/EKPdaTD5z4xThP1ffR2JSxtma4qyAiImNY2gVWB1cJjzophIHgYjD45WQQ9jpZXPC94Ile/sLvsWDPdmqd4GuEYJbiE3w7+NQsvv1ECbV7nBPnWQ+zgFpqj56iZeH9NJ2D4EkzVzhXD9EuUOrPX4GWJjsLLcpJcsKAYCoCAb/a7fxpsssfOOIGEgPC2zMQkIzWnn0SuhD5frC++Sz83gLe3B4IaAcr4rQ7zHIC3omrHggaO1mq9YHgdKDN7Kl1nK8n/L0WXT4Ln3udwohMnlqqfnAu9vIBKdcrhUKC2bWhMiQdJDkuhI07wXHK2a7FHmjs7PmIoeMcER+JWO+BKPsIjmUDd6AiMooEg2gJz12Cr4j5nXzlvPPDTpTvugS1SKHM0PlaXwXKDP1Y6qg/T/jvlLHWDA3U8cipFhYWBgKpTgA00Tie9Nd9ZAAzfp1bnPPUsPOZsB+Fk5WoXQLH/eaGH/AmkPBH5n6cp4qIiIgMhrQNrCb/y2MgM3KQ7tTaK4M1hvxC7iRKYDZCWEbCaexArLMMQOI6xBa+jlkyAie5dxZGe40d8FsYNu0sYl2rpPcSQ7LtCaELsqRN4c6o0fGBETtYGbjIq+XE6Yexr4biLAMQJpTBEmhve0mBhQt7bxu4sEq+XlGk3KaJKUugd4ZM6uNXHyQYFxJzfvCZ0q9CAL0HREay/o9ffTv/ss9dxgI7+MkvQmuR/vj1KEskhP34/t6dtST+gRaC43iszXqupx48x0hUrlPnvkj6PMMJCs9ayY9fXxkWcA6t4R99NlaC81R9H40pylAWEZF0kLaB1bQRvJkQoaljdxaSD0ReEgSCeuHT2wJTaEu40wleBH+Z3+5kSzw8q8frY12gnLYDt/1doL/lPf4+fHpZTPaan08Gp9yF2qFfwtvTmR7Wsz2DU/UCzyctn8I7gfrANGlnupyzRIMdSO77hVz90VO0LLSnIdrTs0PB6UD2be327UDi7N3ABUQoyyJWtkwgGyW0z1TqFSylz20qwyvJcSFs3AmOU458+0MRO6Mn0cVz4EejOPsQEYkqMH7EPHdJ/ONSYIZRYOp4PqHlSfpqMMuMHhA8zU8jzr0C2aDhAj++O+uYhv1Am3AcTyR/IevXne9189L4dYbT9uAfCsae/kXMJRhinWck2keois/x44UEl5pJvEzUIJ2nioiIiKRoFAVWo6/xZa/B1J+UrPqw6UlOkQ9HO9ELTTnvNd0pbPp75BTa8OBmKOux53HYJ6OhE+7I6XRx7jwPxGqXwPSyXqLcgMt+Qc8MTLvckie28Cexdh1V7PYMnHz3nuoWo4wF63jljshnZn3rCUpq9/QuI2KJhj7qNZUxrP8ipsclzjIJLoPQ61hDr7UDar3bK5V6Jd+mqQr1QcK7EksSon1O7WBqonEhEJAPjjslJZHLmgTGnCifieR+pImyDxGRpPT13CUkuLxJjPVC+yJamSUlycxxjz1Wzwr+wNrzHHBd2NqqMc5VHcFzGHr8QNvvcRzn5qW1VNXW8+ZP3uP+5xaG/Sgcrc6zgskA8c4hEp1nxN/HlJjr5fY817bLX0DlOqhK6jxVREREZGiYw12BtFfyBCsXhP+5JfYv7rNW8uN1CyIeKnliS4/Ak32RAfRaBiB/4XO88kRJr9cH9jdr5etURhbPgnWp30V+wbrXY2c8RDkGWEDlc5HrkPVZnPbMX/jHrAwresG6dUTWxA5ex5W/kPVbniCihgvW8eMBWMag5IknwupTwsot4RmETmAckju5j1bPiAvNfBb+cfjzC6js1S+J65W4TVOVRB/IgEo0LuQvfC5sXFhA5XPf486IrWfx5Os9+z38M51cHSojPrdP9PN9JCJjRf/PXWbx5JbI78OV/TkPiVJmyRNb+JN5/Swy2vd6yRO8snKWvb91CyIfd7at/SAsa9f5kbb3D7T9H8cBZq10yqjfw39/ryVBnYFZKyO+f0qeWBdxTmEfdoLzjLj7sG+K2bPMyO+470WWl/A8VURERGRoGZZlWQNZYH19PdMKC/v8+sBaOcO+Zl9gPar+Tr2PIrCuVqJpUTKy9J7eL2NF39co7K/Q3bF73bV5EMYuERl9hm/8GkbB2TmhZVZ0bpaMwHfOIN3XQCRFaXPdKCIiaeHLpiZ7FtIAqqysTLjNKFoKYKQI3bk+/hqnMrIE1jdN5mYTIgMlsK5w77tFJ1rnV0RkzJpyh7NkSs+p+To3ExEREZHUKLA6hEJ3PIUF6/RL/6gRti5tyRN/rBsnCKc+/XRAyrn/vvsSbjNr5RZWnuuxRt2CdcqaFpE+ab11a7irMPiyv8n/taaeyh1Hwx4sYtmGP2D6rVu0DlvF0l07nT4AD+1qJ0kD2cNdAREREbQUgIhIv/WcSvubRX+dVFA0nlOfftrvMkREEuk5fnVW/NMw1UREJDXZ1b8P6LpRRERsWgpARGSUaf/g9/r0utyH/3mAayIiIiIiIiIiA80c7gqIiIiIiIiIiIiIjDQKrIqIiIiIiIiIiIikSIFVERERERERERERkRQpsCoikq6aa3ipooKXapp7PLaTuoSvS7BNn6u0iad2DkbJ8cuv29mjHRKqY2dFBU8F/yVqj2be3VRB/w8tvJw6dlZs4t1Uqi0iIiIiIiIjhm5eJSKS5s7uOkBd+WrKkn1BSwNnB6kuBeUb2T1IZcfWzMVGoDj5V9Tt3ErN4vXsXl3m/F3BK5uK2b6xnILBqaSjgCUbq+3/bf6SBqBoUPcnIiIiIiIiw0WBVRGRtFbKqlXwys66YJAwXHPNJtbtssOopauqeKm8hZ1bDwLwys65PV7TzLubKtkViLqWrnICjXXsrNhKjfNw+fpqVpc5wciDzoNOkLK5ZhPrGlawe3VZ6PnSxZRzEFZUs7qsjp0Ve2Ex1Bw8a9e/aiNLCrAzaSt3OUHfxTxf7QSL63by1NaDQCnli3u3QHPNa3adz77Guw9sZElBeH3Dygk7zouNUDo/P/hI2epqJyBst8Hh+VW8VF5g73tvMds3PmBveCxQl0A7xN7+402VNBYtpuZg7+0bV1RRtNc+1rOv1fDgxmkciNLGIiIiIiIiMnJpKQARkXT3wFJWNe7tPaW8bifrdhXxfHU1u6vXU7yrkp11ZaxevxhYzPM9I3fNLUxfW81uZ/vys4f5uBmaa/ba2Z3V1exev5iavTU0N9fwdwcXB8suP9hj/3U7eSXw/NpiGiJSZM/SULyW3dXVPL/4LLsO1AF17Kw8zPwqe//bVzXyyk7n8a0HKV9fze7qtRQ19s61LShfy6pSKF21liUFzby7aSsNq6pC5WyqIbJpCliydhXsqrSXAej1fGw1jcVsD7TD1sTLKdQw16lHqd1uPepQSimr1pZDtDZOsk4iIiIiIiKSnpSxKiODYWAaBhgGFtDV7cNvWfj9FpgGpmHidptkulxkuE26PD46u710dnvp6PbS3tXNnQWTGO+6TvfV45jucRiuXHDlYrhyMFzZGGYWhpmF39uKmT0dfF34AcjAsiwsy8JvWVh+//C2hYxBBSxZO5+XDtSxZGno0eYvG2HxCidbs4y5i+HvvmyGabGKKaMsImu1lFVAwQPzKd21lacO2pmUuzcCNDO/dBevVBy0s1WrN9r7dIqqO2Y/XgZQ8ADzS6ExbFfF0+wJ9/nFpdCAMy3+LDWVFewKbnWMurlQw2KetwviwfnO9jG10Hi2lPlr7fLtujfQApFT/AvKeam63K7rzgrWVexysm7ze5UYrnT+A3Y5ZXMpZy8XE0Q/S4vt8gqmxZ/wH72NRUREREREZCRTYFXSkmEYYJp4fBaZGW48Xj/X2rpo6+ymrbObji4vnR47aNrZ5aW920Nnl/13l8cbtcwVC+4jN7OJ9jPbk6iAC1f2NMzsQvu/42bizi0mI+t2jMzJGK5MfJ52MLLx+/34/X4syxrgVhAJU1DOH1HBzk9W9b0MZ8p9+fpqdgem7Dtlv1Rd7jxfYQc6q1ezZGM1S5xlAgIBwaXx95BAlGn7dTv7VWIyylZXs3tpDS9VHqNudf+OoM9itLFWA5CR5QxvVe7g6Lw1VD0+M+zxqxx5dQsXv1tFxMPJlPhWJTuORnmi1z6Gmn1MJ2Zv4JlH84axHpGuHnmVLfth2YZn6He1rh7h1S0nmL3hGR4l7P/jlXs13nbp2WYiIiIig0mBVUkLhmHS5fVhmC5yszO52d5F4+VrnG+5yYWWm7R2dA9thSwfvo7z+DrO44lWXzMbM+cO3JMeIjNvDpnj78Fw5eLze7AsN36/hV+ZrWNe7sP/PKDlla1ez7GKrZzFXoi0YFoR7DpG3eoyyqjj2EEoXp/g1kylq1haBtQdowZYhb1O69+wlpfKV7O7qpiXKhvs9VBfgz/fWM7q6iqKNlVGZKSWzV0MW519N3/C4bMJ7i1VMI1idvF3NUt5qbzAXqv18Hy2b5xLOVs5VreasrJmPj58NsHdnvIpKj3L4U+aWVJeQPMnhzlbOp/IPFQ7GNywylkXNXjsxeRTAEVwtsHOca07dtBpBdvZw5/QXF5OQd0xaiji+YL42ycrahuLjFRH3+FI+QAE9gJ6BlGvHuHVLTt466HUA7Wj21U+OwHz5sGJz67yqIKXIiIiIsNOgVUZFqbLhcdngWGQm5XJhSs3nSBqKxeu3MTjTe+gpOXvxNd2Bl/bGbouvgWA4Z6Ae0IZ7skPkTHp62SMuxt/1zUsMwsfOVpCYIw59emng1BqGUtXlVITmEtftprtqzaxrqICcG5eVQY0F1PKrt43ryqbS/nZrc60+FWsKj1IYwssKV/L/E2VPOWUW76+mrIC+PP5m+xtwZ5GXwbNX4b2/fziCnupgNLFlJcmrvvqqlW8VBnYz2Kery6nAFi9frGTxVlK+eJoBRUwvQjO7nJuXrVxPY0VvcuJva/AdqspAArmLoatThbu4si7ZZUWNfA3FRWcDbQDQJzt4yqYRjFn2fVaDds3Rmnj5EsSSStFRbB/9xHufeZRBiW0l/co3523nx0nz/D4TEVWg87UsJ/ZbHjoIlt21HDm0cfpV+vkPcozVY/a/391ICooIiIiMvYY1gDPX66vr2daYWGfX+95zV4TL2NtTYItZSRxuVxYGBiGgWUYXGhppeHSdS5caaXp2q0hqcOKBfcxLfMLbn78F0OyPwAzewaZ+fPJKliMmXMnvu5b+M0J9tqwMmoExq2AMTd+NdfwUuVh5ldtZEmChFkRSS89x6/Oin+Ks7W9FABr1sCOHVxYFpjy3XspAHvKupPnXrSMDTGCsGfeqmQHvaf993w8bnlXj/Dqlv1OVn1RxDT5iKUGwjJjz7xVyTvMg6NHaQyUF15O0TzmcZQLgWntZ96iMlhQUZyp+HZb7A+m+M9jTZUdAE24z7jlOq+fvoFnHr3q9IPT3mfewv4zEGjtMSU/ou5QFOi3eEsBRNQrrO0Cr1k2g/37j0aWF2UpgFjtLzIQsqt/HxiD510iIhLVl01NlJSUDGiZlZWVCbdRxqoMGpfLhWWYuFwmdY3NnG9p5UJLK9fbOoe7akPG33mBzvN/S+f5v8XImEzmlN8hs6Cc7EkP4eu+id/IwedTJquMQM56rQGlq6oUVBUZM2by+Jp5VMbKmjzzFlv2z2BN1TPMdIJtW96amnxQ7eoR3jkK89bMjFKeHawLlXeGt7bsZ8aaKp4JBBm3vMXUqsfJO/IqOy4sY0PVo+Q5QeFXp4eCfo1HYU1VVSgYuXs/LNtAVTAYCUWzsfex4wLLNlTZQcczb1EZI2P36pHd7J+xhqpnZhIINL5zpDzGPmPXvXdLneHk0SJmb8gD8ihfVsSWQEbvzIeYxw5OnnmcmTOBq59xorGI2U/lRa97wmxXuy2C9bp6hFe3OMs/2EfB/hOz2VBV5QSGt/DW1N7LNlyNaH+7LV49ovVXRUREZHRRYFUGlGmaYLrIcLs439LKB7+9yOdfXhvuaqUFy3OdrqZ36Gp6BzDJmPI7ZE39D2SMKwXXRHxWptZlHSUGahmA+++7b0DKGRRlq9ldvXq4ayEiw2Xm46yZV8mOtx6i6vHIQNmZk0dh3honcJfHo9+dx/4dJznz+MzowbyjO6jscQOromUbgoG6MyePUrRsQ/C1M8uXUbTFKe/MSY4yjzXBJx+nqgrgKkdONFI0+ykn+DnTDkae+IyrjzrT3+c9FKpPRDASmFnOsqKjnAjWqJH9NWd49PGZ9j6eid4seY8+Q1Xwr6tcbARmh20Qvs8zJzlatIwNoQNjWdGWUIA03JmTHJ33Xaqc6uXdO5ui/YE2nclD8wgtnXD1Io3zvsszefZxPx5W2auXLwAzolc+dBQ8+kzoKLh6kV6H8V0nqByxbEP4++Aqn51oZN53n3Ha33kfvGO3v0KrIiIiMloosCr9ZhgGptuNabq4crOdD8+c49OGZjTZPR4/niuH8Vw5DEBG/gJy7vg/ycgtwucz8PqGuXrSb/0Nig7OGq0iIgPHDnDu4K2HNjA9+OhVLl+AotkphM7m9ZzyP4PvBrMa7fIaj26hcn/4i4q4fBXy7J1FCdTZQc0Z302yHlcv0sgMQpvnMTUYf5zJ41VroDIsABxrWnuPJQOK4tyM76p9YGyJPDCKLl+FHkHKI+8chcajvQLQgWzY8GAzJ48y76HHQ68NW5qgKF6FIg4jbAp/UVGPewoWMT2sennTi+Bir6PjYiMc3VFJZJXncRUUWBUREZFRQ4FV6bNAdqrPgiOnzvNpYzOd3d7hrtaI5GmpxdNSi5k9nezp3ydr2mNYvm68/gxlsY5gP280+/S6bxepz0VkBMh7lKeWnWDLOzXMCz3I1BnQeLFv4bO8R59hzcVKdrw63VlH1S6vaHaMKeT2zqIE6/KYXgQnegUpY+14OkWcILS5HdANRYxn8nhVFY+DMzV+B2891HP6ux0A7bXmaKxd2gcWc/3ZULGfcaJxXtgaqs7DR14NZuDm5d3L7KL9nDzzEBydRzCueqaG/eGvdZY4iOvqEd45Grbeq7OuaszNLzZGedRu/3nf7b1EgIiIiMho0rerfhnTXC4XroxMWrv8/POJM7z29gk+PPOlgqoDwN95kfbP/5pr//4t2s9sx/Q0kuX24XIbw101ERGRXvIefYplHOVoWGxt5kPz4OhJzgDBbMvwKfAJzHx8DfMa97P7yNVgeY37a5zy7IBiZeVb9t8zH2IeRzkZepJXK1/lyNU87p1dROOJz5wb3p+hZn8jRbPvjR7EzLuX2UX2dH+7nM840dizzMC2U5nRI2sznB1UxglqxjvQh5jXuJ+aiLpX8taZyM2ufnaCxijtl3fvbIoaT/DZVQD7eI/u2MGFZeU9tr3A5asQ7IukNBI6jLCbWDnPhdrJWQ/3oV61s+vzzhECzXbmrUoqXw39LSIiIjIaKGNVkuZ2uzFcLhov3+TwrxtovtE+3FUa1bpbDtLdchAz506ybv82OXf8EV5Pt5YJEBGRNBJYQzUsYDfzcTYse5UtgbuoFi1jQ0ppi856qPsDN0XqUR5FLNsQyN6cyeMblvHqlkoCz85b49yoycl+DU61n7fGvjFVrON4Zg0Xg9P95zFvHlwAyHuUZ9ZcpHJLJYFJ+0XLNvB4r6ICbeGUMW8Na+YdZUfM7N3edQ9fW9ZmB4SDN/KK2J2dpRpY+zXv3tkUAbPvDduXs27r/i2V7KeIZWuWUbTDycyN0RLBdVOdafzz1qxh3tEdhA6jiGXTT1LppL72rnOgmB7tzzzWVGl9VRERERldDMuyBnQpzPr6eqYVFvb59Z7XygHIWFszUFWSfjJcLjo9fuqbrvPvp87R6RmZmakrFtzHtMwvuPnxXwx3VfrGzGZc6Voyp34br8+Hz6tVbNNFYNwK+M2iv+b+++7r11IApz79NL1vXiUio0LP8auz4p+GqSYiIqnJrv59QNeNIiJi+7KpiZKSkgEtszL4w35sWgpAYjJdbjKzszn5eTM/+flHvHuyfsQGVUcFfydtv93O9WPfw3/1IFlZLlwuLREwJjTX8FJFBTvr4m2yiafibRChjp0Vm3i3ue/lpbY/Z687K3ippjmp/YuIiIiIiIikOy0FIL24XC4Ml5vPzrXwrx99js+vzMh0YvnaaPvN/0v75/+N3Lv/nOyChXh84PPqhkejVfMnh2HxYhqO1UFZ2QCUWMbq6o1xtygo38juOM+3NJxNcZ/NXGwEipPbv4iIiIiIiEi6U2BVgkzTBNPNhaut/OKDs9zq7B7uKkkclvcmbb/ZSnv9fyO39D+TOekbeK1s/H4FWEeXZj4+DPPXLoXXXuPd5o0sKXCeqtvJU1sPAqWULw5sX8fOir0UrSpi1y77uVVVK2is3EoNULqqipfKW+xtqjby4CebWNdQRPnBg9QALF7P7tVlNNdsYl3DCnavhp0V9msBytdXs5qdvHIQYCs751ZRtLeSxqLF1BxsZFXVRpa0BOoVes3SL19j11ng7Gu8+8AKGivt/S8paObdTZX2c5Tar3ces8s8GNrvQMSURURERERERAaIlgIQAAyXmxudXv72vV+z/9/qFFQdQSzPNdo+28yNk3+Gy3cJt1uB1VGl+RMOF61gSUEBD86Hw58E5s/XsXPrQcrXV7O7ei1FjeEZpGfZ1TCX3dXVPL/4LLsqjzG3uprtq0o5e/gTes3APwhzq6vZXbWK0oN7I6boN9fspWbxenZXV7N7/WJq9tbQXLaa5xcDi9cHg501zGV3tR30rcPe925nnzXH6igoX8uqUihdtTYUGAbqdlayqyhQfhG7KncSWGCgxiln+6pSe78D2a4iIiIiIiIi/aTA6hhnulxkZGXx8w/OUv2vH9N8o324qyR9ZHU1ceOXT9PV8BOyc3JwufTxHg2aPzlM8Vw7elnwwHwIBEbrjlHDYuynCnhwfmnE68qd1+QXl8LiuZQBBdOKou+ktJh8gIJp9kz9MAUPzKf04FaeqqhgJ6vZvbGcgqhF5Af/v6yszM6mrahg3a54SwbYywME6krZXMpp5GJzZJkx6y0iIiIiIiIyjLQUwBhlGAaGO4PPv7zGO8d/O9zVkQHU9eU/0PXlPzLhvpfJnPQ1PF43lqV1ckemOg7sOksNFYTud1vKx83lLBmqKhSU81J1ubPsQAU1LOb56tVxXuBM7WcV26uroWYT6xqGqrIiIiIiIiIiQ0eB1THIdLnxGwZ//291XLzSOtzVkUFh0frpf8E96WuML9uE33Lh9bmGu1JjzreL+rksQ90xakpXsT0sS7S5ZhPrDtSxZPVcytnKsbrVlJU18/HhszAIiZ3NNZv4G9byUvlqdlcV81JlclHS8hXlFNDMu3HrVcD0Ith1rI7VZWVOFm4RzxfAxQE7AhEREREREZHBocDqGGIYBqY7g1MNzbx7sn64qyNDwHvjV1w/9ofk3vUnZBQsxstklLw6NE59+mm/y6g7dpDS+VURU+8LHphP6a5j1K1ezer1i50s0lLKF5fGLKc/CsrXMn9TJU/tsv8uX19NGdBcXAq7nJtXRb6CB+eXssup16pVi+HwlzRTxvQiOLvLvnlVQNnqKlZtquSpCgjcvKqMZgVWRUREREREJO0Z1gDPEa6vr2daYWGfX+95rRyAjLU1CbaUVLhcLgzDR0NLB/9w5PRwV2dYrFhwH9Myv+Dmx38x3FUZFkbmVCZ/43U8PgO/lTnc1RlVAuNWgMYvERkpeo5fnRX/NEw1ERFJTXb17wM67xIREduXTU2UlJQMaJmVlZUJt9HdbcYAw+jm+sUj1L4xn5LbJ1M8ddJwV0mGgdV9mWvHvofV+hEZZsdwV0dEREREREREZETTUgCjnGl08cVH/5Pzp/YA8Kuf/2e+/52/5i///tgw10yGS9tnm8i8/TuMK/1zuj2mlgYYBAOxDADA/ffdNyDliIiIiIiIiMjAU2B1lLIsL9k54/nlP/0ZN5tPBR+/dvF9rl38gKeWPMjudz8exhrKcOq+9C94r3/IxId24PW78VsaCgZaf4OiAxWcFREREREREZHBoWjKKOT33MDyd3BwTznQOx3xV/+yhgWr/p2HSm/n5NlLQ19BSQv+rktcf//7jL/3f9PYtAAAIABJREFURTImfh2PP2u4qzTq/Hr58j697qv79g1wTUREkjNh/PjhroKISFI8w10BERERtMbqqOP3XOf6l8d5/63lRAuqBhzb+z2WPHT30FVM0tatzzbT8cVrZLo6h7sqIiIiIiIiIiIjhgKro4hJF40f/08+O7w54bbd7Ze5+JsD/Ml3vjEENZN01335f3Pz478gK8s13FURERERERERERkRFFgdBQwDsnOyOfnzP+fiZz9L+nWf1b5EptHJwgfvGsTayUjh72jk+rHvk5XlwjCGuzYiIiIiIiIiIulNgdURzrI8+LouUfOT2dy6cjrl1x95cwkPf2UablNvBQHL18a1f/8WGcYtTDP2UhIytOp2VvBUReDfTuqcx5trNvHUzjqgjp0Vm3i3uQ+FN9fwUliZkU9tCttvBS/V9GUHPdTt5KlNNQxASSIiIiIiIiLDStG0EcwwfHTdOMOxfY/3q5yzH+zgz5Y+PEC1ktHg+vEVmN0NmIZ3uKsyxjXz7qYKXmE9u6ur7X/r4ZVegdAyVldvZElBH3bR0sDZqLuu4W92waoqZ79Vq2BXJTujRWBTUbaa3RvL6UtVRURERERERNKJe7grIH3lpfXyR3z8v9b1u6SGk/+Dwnt+n8ce+Qpvv//bAaibjAY3T65lfNkmXBO+hs+fOdzVGZuaP+Hw2cU8v7Es9FjZarZX1RGZ8lnHzoq9FFXZwdW6nRW8ctB+pnRVFS+VF9Bcs4l1DUWUHzxIDcDi9exeDTu32hu+snMuu1eH7aelgbMU8UeBCGhBOS9Vl4eqVrOJdbuckOzi9fZr63by1F4o5yA1Bd+i9Fg3f1S9mrLA9ofns31FA+v2FrN9YzkFdTt5ytl/sAyi15/mGl6q3OUEgUtZVdXHQLKIiIiIiIjIAFHG6kjk76St5eMBCaoGvL/3D/jKjDwKbxs3YGXKyHfr/2fvzuOjqu/9j7/nzEz2QIAECGoiDKBBQauouISawVp3vVbR1pImansramnJ7RLa+wMerdANWnsr3ZuY3C7Sq23VurUktbEaBS0CkrpEIOxM2LLPen5/TAJhzzIzZya8no9HHj44c873+54Y5vHIh8/5nIaFCu3/h2wBbty2gmd9nRpd+co+6nhOToFyTlBU9NQs7tXhWq78yhWHRwTUSjO6u09dtSu1ylOg0vIiSUVa0LuoKkkFpVpQVKsl3WMAjuhUbagIF0mrqlRdtUwlTUsPv97YpLy5Vaqee60KXbWq7z7evKVR7tm9O1UbVLG0Vu7yI9c4Uf6GZyulkmWqrqrS8hKp8tnBts4CAAAAADA4dKwmGDPQoY6D7+ntF+dFfO13ar6uu65+RI/+6fWIr43E1f7+cqVO+Lyco65RwEyzOs5pJSc3r9/XNG9plGqXak7t4WOu9R5Nk6SeIm1OrvL7sFZBaZWqS9XdLVqsOd2dotN2NkmNtZpfXHn45PoGlc6QpDyNy5GkHE0rdKlup0cqaFZ9bZFmlEqHB8Tu1BYV6a6C8LmzFlZJkhrqj59/0YwiNS4t05zKcIbqw82zAAAAAABYgsJqAgn5W9TV1qS3X3g4Kuvv2fRXnXn+Pbr76vP1+79viMoeSEydH/5UNhmyj5yloFKtjnP6yM6Xq3GLmqUjZpI2VBTrifxlevAElx26fb4XT80gcnSPAWioKNYTPUXaXrfuHw5Wf+RlUwulFevlyd2imqIZKu3jdsfLL5Wquqo0PFKgrFiVrpLwOIEBviUAAAAAAAaLUQAJwgy0y9exQ2ufeyCq+7z1TInGZqWq4Kyjbz7G6a7jwxUKHayXXZ1WR0kY5//hDwP6OiRnqgpdtVrS+z78hgotqS3SXccUHsOy811qrHy2uzG0QRVH38bfR56axZpzzEOypPzcnHAnbe3K7hED4QdsLao5zriInKkqVJ0eW1kr94yjirA5ucpXz6iAw2ucKH9DRfi/Oe6Fqi4v6v8bAgAAAAAgwuhYTQBm0Ct/12699exnY7Lfmj/N0fW3/1YNW5tjsh8SR/v731P6uf9PRsaFCinF6jhx7Z2NGyOwSo5mLVwmLS7TnOKeY0Va0PNAqONd4V6oBVuKtaQ4fC+9q2SZFhVInp0n2CI7Xy5VHvPwqqPX6b2WVKrlJd2do1K4e9Wdo2OqsMrRrNl5qlya133Lf28FKl1W0j1iQJKrRMvdOcrR8fOroFz1xd3nyqWSZaV0qwIAAAAALGUzTdOM5IKbNm1S7tixA77evyI8OM85dzD3rQ4dNgXk79ytN566O6b7njfru0rOuUK/evFfMd03mmbPnKLcpM1qWfdFq6MkvMzzvyulTlbQTLI6Slzo+dzqwecXgETB5xeARMXvjQCA3nbu2qXx48dHdM2ysrJTnkPHajyzmQp698e8qCpJ76z6igqLX9aMgjNV37At5vsjvrVu+IqGXfhjGc48hUw+Ro4WmW5V6bwpUyKyDgAAAAAAiDwqInHKZpMUbFX9H263LEPd/86S+956Cqs4rpa1Dynz/O/ISD1PIZNxzUcbbFE0UsVZAAAAAAAQHRRW41TIu1ev/eE2i0MEtGltpR646R795Nk11mZBXGrd8FWNvPJFdXmDVkeJS7P/fNeArlt56xMRTgIAAAAAACKNNrM45LQH9fZL86yOIUnatObHkv+APn6xy+ooiFMH3rpPSc6A1TEAAAAAAABiisJqnLGZnfpgzWPqOLjF6iiH1P/+ep1/9mgNT0+2OgriUKhzmzo++JGcRqfVUQAAAAAAAGKGwmo8CXnVsmedtm/8g9VJjvHvuiX6zMcusDoG4pTP8zf599bJbvNaHQUAAAAAACAmKKzGjaDsdmn93/7L6iDHtePdp9R1YLPuuKrA6iiIUx2NP5Qt4JHBp0rkeGq0qLhYc476WlTjGcBiDaooXqxVA7k0LtYHAAAAACC+8PCqOGHIpzVP32t1jJNa/ce7dPW9r2v82Cxt2nXA6jiIQy3/+pxGXvVXdXX5rY4yhLhUsmyhZuUMdp0ClVYtjEQgi9YHAAAAACC+UFiNA0GfR5verlRnyzaro5zS2ufm6j9u/KmWP1VvdRTEqQNv3qfhFzwmb8BudZQhrkEVxSulIqmmtlFHFGAbKjRnaa0kl9xFUo1mq7pUqiheqbxlCzVt/WLN35Ind22taiSpqFzVpeFu9IaKYi2pDe/gKlmmRe6cEx731BxeZ0vJA8qvfOkU63u0anGZKhslFRXJXdukvIgUjQEAAAAAiD1u2rWYGWxX+95/a+d7T1sdpU8O7HpTe7fVq/iaaVZHQZwKdTapfdNP5DB8VkcZIhpVWXbkKICKhsOvbcmfq+qqKi0oalTlsw2SGlSxtFbu8ipVV81VXlPj8ZetlWZUVal6WYlctSu1yiN5ahZricpVXVWl6qpy5VeuOOnx3usscmf1Yf0VqlSJlldVqXqGwkVXAAAAAAASFB2rVrLZZLcb2lCzwOok/bLuxYc1s+Sf+ohrrP7VuMvqOIhDvt3PKXXcrTKc+QqFQlbHSXAnHwWQnxt+ITvfJW2R1FCvGhVpQYEk5WhaYffxY5bNV7Yk5eQqv/tQ85ZGqXap5tT2Om29R+NOcHxa73VOub5H6+oa5SqcqxxJKpght5r69B0AAAAAACAeUVi1kMMI6I2nSqyOMSD1T9wi9z0vUljFCbVs+IqyLnlCXhpXE0rv2/97NFQc/7iHllMAAAAAwGmMwqpFDHn1fv2P1NW2w+ooA+Lr3KttDX/U566/QT9//i2r4yAOmf6D6tzySyWf9Rn5T9N5qytvfSL2mxbMkFtLVd9QqoKCcJeo8vp2aXa+S42Vz6rBXaoCNaiieKlUXqWbTnS8X8HC3bOVdevlcbuV01CvGkmJ+U9LAAAAAABQWLWEYZhq3rQqYeaqnsh7/3xEV+RfraILxqv27U1Wx0Ec6tr+f0oec50Mx5mn3UiAdzZujNBK4Rmrlb0PuUq0fGHuCc4vUGl5keYsLVaNXHIXufq8U457oRZsKdaS4trubZZpUYGkguMf9+zs3zvJcc9VSV2Z5hdXhh9e1b/LAQAAAACIKzbTNM1ILrhp0ybljh074Ov9K8K/ajvnDt17TJOTnXr58Y8qFPRaHSUi3Pev0Y///Ia8gaDVUU5q9swpyk3arJZ1X7Q6ymnF5hyhrEt/J6936BZWez63esTP55dHqxaXqa7w2Nv4LddQoTlLpQVVpSqwOgtwGovfzy8AOLnT4fdGAEDf7dy1S+PHj4/ommVlZac8h47VGLOZXn245ldDpqgqSR+88T/67A0P6MdPr7Y6CuKQ6d+vjs2/VvKZcxQInp4jAWIrfKv+oV8xXCVaHidFVU/NYs2vbDz0Z3d5FUVVAAAAAEDCorAaSzabbDZpy7rKU5+bQJrWPa6xk2/TLTMm6+n696yOgzjk3b5SKWOuk+EYd1qMBIjUGIDzpkwZwFUFKq2qUmlEEkRWjnuhqrn/HwAAAAAwRFBYjSHTv1//rl9mdYyoeOP//kNX3/uGxo3K1I69rVbHQRxqeedrGnbBTxRSqtVRYmJgRdHDIjejFQAAAAAARAOF1Vgx/fJ17FHzlr9bnSRqNqz6imbP+q5++MfXrY6COGR69yh4cI3sI65WMM7n8UbKr27oHNB19z13ehSfAQAAAABIZIbVAU4Xhnz69ytLrI4RVc1b/q6Du9fpU1efb3UUxKm2974vp4M5qwAAAAAAIPFRWI2FYLuat/5T7fsbT31uglv7l/s1OitF5+XFx8NyEGdMvzq3/kYOeuUBAAAAAECCo7AaA0lpWXrv1e9YHSNmVv/xHn18usvqGIhTnVsqZLfz0QMAAAAAABIbfWNRZjO79OHqnysU9FkdJWY6Dnyo3R/+VfdfN1O/fOFfVsdBHOpo/B8l5z+gQJAC60l5arSorFJH97q7y5cpb2WZmmZXqbTAkmQAAAAAAJz2KKxGk80mw2ZT0/pqq5PE3MbaBbpqzt91xZSz9OrGrVbHQZzx7vqLUvNLZLNlyDRNq+PEOZdKli3UrKOnayyssiQNAAAAAAAIo7AaRYa8aqj7ptUxLPNK9dVy37+GwiqOq+3d7yjj3IXyBXiYVf95tGpxd8eqKjRnpeRWrWoaJblKtHyhWzmSGiqKtaS255oiLagqVUFD3853l/d0wzaoonipaiSdsMgLAAAAAMBpiPtwo8QwDJlBr5q3vGx1FEttXlupuTdNtzoG4lDgwBoFW9fJMPgYOrlGVZYVa05x91dFw3FOaVLe3CpVV5XL3VipZxskqUGaUaXqqipVVy1TiatW9Q0nOb+hQktqi7SgqkrVy0q0ZWmFGuTRqsVLpfLudcrzVLmiRp7YvXkAAAAAAOIWHatRYvocMpwj9dGSV7V1w2/04ZrHrI5kiQ/X/FijJ16v66dP1PNrPrA6DuJM5/YnlXHO+fLJaXWUOHa8LtGjS5t5GpcjSdnKc0lNkqQCFRQc1YV6kvM9O5ukotkqkKQctxZVSVKD6hulmqXF3R2r4TzrPG66VgEAAAAApz0Kq1Fgs9kU8NpUectBTZzl1Ee/8GnlTf20tm58Qo2v/9DqeDFX//sbVXTfar3+7jbta+2yOg7iSODAW5LZJZstiVmrkdb94CuVLFN1lcKjAwa0ELf/AwAAAABwPBRWoyDodejN34YLiB+s8uuDVX6Nv8qporLZyjvvk9q28Q96v/77FqeMrYa6b2rOrG/o0T+9bnUUxJnOpseVfPaDCgRsVkeJuPueS7U4QZHucudInhrVNUr5JzkzJzdPqqxXQ2mBCjw1WlRWp8Jlc5XnalTlsw2aVVogNVRozlKFZ7XG7D0AAAAAABCfKKxGQdowhzb8ueWIY5te8WvTK37lXerQrK/erjPvm60d7/5J776yxKKUsbXrvad1xpS7dOfM8/SHf7xjdRzEEe+u55TumqdAIGh1lIh6Z+NGawPkTFWhq1JLimslV4lKiqS6nR4p9wTnF5RqeclizS8uliS5SpZpVk6OtLBcTcVLNadW6ulepagKAAAAAIBkMyN8/+2mTZuUO3bsgK/3rwhPAXTOrTnFmfHJDNq16R+mar/XftLzxl3o0McWJCs926ndHzynjS8vilFCa1197+t6uv59Ne7cH/O9Z8+cotykzWpZ98WY742TSz37PjnH3qlAIGR1lAHp+dzqkaifXwBOP3x+AUhUif57IwAgsnbu2qXx48dHdM2ysrJTnsPjuCPM9Du17qlTzxHdsTagx2e368kHW5U+7FoV3bda5xU9EoOE1vrXXz6nWy4/x+oYiDOdW38nu52PIwAAAAAAkDgYBRBJIUOtu4La29j3W5p3NwRVdXebRk0wdMO3iuS+b7U8m2u1ftVXohjUOgd3v63mpldU8rGLVfnXt62Og3gR7JB/36uyD7tcwWDijwSI1BiA86ZMicg6AAAAAAAg8iisRlDXfkPrnhzYU+/3fhhS9afalHWWoRseuVLu+9eoualO6176UoRTWm/DX7+kmZ+p0/RJuVrz/k6r4yBOdG6pVOYF0xUMDo3O1cEWRS2f0QoAAAAAAE6KwmoEZWQ79N6q1kGtcWBrSL8tblfG6E7d/J1L5b5/jfZte01rX3g4Qinjw6u/u1EfLa6hsIpDgh2bFWjZICP9QoVCiTlr9Wiv/qZwQNddcU9dhJMAAAAAAIBIGxqtYXEg2OXQuj96I7Ze256Qflfarl/dtk8h70Vy379GH7nxpxFb32oBX4u2vvMHff7Gi62Ogjji3/uK7PaIPk8PAAAAAAAgKiisRogzyaF1T3VGfN2ug9IT97frZ9fvk7/lfLnvX6OLbvqFZCR+s/H7r31HRrBVsy6M7FPbkLi8nlUy7In/sw0AAAAAAIY+CqsRYBiGdv87oPbm6HXaBbqkP3y+Q48V7VPX3ily31uv6bdWypGUEbU9Y+G1331cF7rGKi2JYhokBTsVbHtfhsFHEwAAAAAAiG9ULyIg2OnQ2icG9tCqgXjyoXY9VrRPrdsnaWbx33XJbf+rpNRRMds/0t6v/4Huv/4iq2MgTnTt+KMMY2jMWB00T40WFS/WKs/RxyrUYFmongzFmnPUV4WloQAAAAAAiC0KqxFhqGm1P+a7/ulL4QLrgc1n66p7XtSlt/9eKRm5Mc8xWFs3/Ebe1q267fJzrI6COODz1MjhSLY6Bk7JpZJlVaquCn8tL3GpZmWNPKe+EAAAAACAIYH7rwfJbrdrx78DlmZ4+ssdkjp045IzdMXdz6h9/yat/9tX1HFwk6W5+uONJ+9Q0X2rdWZ2prY1t1odB1Yyg/IfXCcjbYpCwaDVaeKap2ax5tcVavlCt3LUoIrilcpbtlDT1i/W/C2FKmmqVGWjpKJyLc9fqfnhP2hBVakK5NGqxWXh1yXJVRJep6FCc1ZKbtWqprHX8VNkyZlaKFflFjVLypHUUFGsJbU9Sy/TIndOuNO1rFLhLV0qWbZQs3IkqUEVxUtVI/XKFz6m8iqVFnS/1y2zVV0qVRSvlIqkmto8Lai6STsOvY9eax6xV8+aR+ZSUbmqSwsi8H8CAAAAAHA6omN1kIJdhj542Wt1DEnSXxZ06rGifdq1fqxm3LFSM+58ShmjzrU6Vp+te2m+7iycYnUMxAHvzj/LYbP2HyziR6Mqy3rdcn+oWHgKtXXS3CpVLyuRq3apHtNcVVeVy61a1TdI8jRr3NyejtNyuRvrtK6n3bSxSXlze45X6tk+3OLvWV+nRle+shUugi5R+aG18ytXaJVHani2UipZ1t3hKlU+2yDJo1WLl2rLoeNNWrL4VJ2vjdqSP1fVVaXKrlmhSpVoeVWVqsvzVLmiRh41qKKsToXLqg6vWdEgeWr0RG2RFvS859qVR45ZAAAAAACgH+hYHSS7066ta2I/BuBkXljYKalT1/73aF1yW7W6Wndq48v/rYO737Y62knt3Vqn/Tvf0j3uqfpNzXqr48BCvua/K6NgoRTotDpKHOjd2anuTswtfbisUNNyJClX+XIpb2p4gTyX1CRJOQVHda26VHLo4jyNy5Gk7MPnHyNc8K08Ime4s7VhS6NUu1Rzag+f7Vrv0aIZRWpcWqY5leH3VO2WpAY1NbpUODec73Dn68nHmuTnhs9v3tIoV+HccEdtQamqF4a/R1vUqJoj8tWrofQmFboqtaS4NtytWrXwVN9FAAAAAABOiMLqINhsNnUeCKm92bQ6ynG99M0OvfTNDs362ghddOMv5O3wqOEfi7V/xxtWRzuht5//vGaWvKqpZ4/W+s17rI4DC3XtfFbGqGsZBxAtDRWas7RW7vIqVReExwj0z+GCb89Igmm95gUcuv3/CKWqrioNn19WrEpXiZYvjNZc6MO3//dWsLBKs7rHDMypldzdowYAAAAAAOgvCquDEOwytPmf8dWtejyrvt2pVd/u1NXzh+nCG38sX+de/fuVJdq7tc7qaMe1+qm7dO3sP1JYPc0F296VY9RHFUrgj6kr7onu37Gc3DypsXuuaUO9aqReXad94CrRTQWSBnJt7xzuhVqwpVjzK3JVXVqg7HyXGiufVYP7yFmpM+qLVT+jSqXuharODc9yDXfFNqpuvUez3DndIwUKld3dLVu30yMVSOvqGqW8Y/fOznepsW69PO7u+bBLpQVVM5SvSj1Rc5MWuXMOz6KdKz22QnpwoVulVcuUt7jsBN24AAAAAACcWuJWLOJAoMuuptXxMV+1L/6+vFN/X96pmV/I0NRblingO6B3X/2OPJtWWR3tCJ0tW7Xzg+d1/3VF+uUL/7I6DiziP7hWaXZDgQRtWH1n48bob1IwQ24t7b61vUju/l7buFTziyulohKVuGrV1DyIKKXlchcv1RyVq7o0XGhdUhyeBeAqWaZFBZIKylVfXKw54aMqWVaqHEmzFparqbhMcyqlcKdpeKTAtEKXKivDowPcRa7j7nuoqFscvunfXV6lAkkFy0q0qOzYNR8sXHzoXBWVq5puVQAAAADAANlM04zofeybNm1S7tixA77evyJcGnDOrYlUpKhJTkrVTz++T6EELfxc+UCqpn0iWUF/i96rX67dHzxndaQjXPXpGq3d0qq6DZHpKZs9c4pykzarZd0XI7Ieom/EFc/K64v/Z+z1fG71SITPLwCQ+PwCkLgS6fdGAED07dy1S+PHj4/ommVlZac8J/4rFnHKsBna1RBI2KKqJP3zJ536yTUHtPYPSTr3yoWaOadWuZNvtTrWIa/8r1uXnnOG1TFgocCBtbLb7VbHAAAAAAAAOAajAAbI22Zoc73P6hgR8cavu/TGr7t08ZwUTf90uSbNmK/G1T/W9oY/WB1Nm/71Kz14c7Eee2aN1VFgAd++eiVnTlOifVRFagzAeVOmRGQdAAAAAAAQeYlVrYgjdsOuras7rI4RUW9Wd+nN6i5deFeyLi0pk+uSh7XprZ9p64bfWJZp05s/0WjX9brx0kn6yxvvW5YD1kjkOauDLYrGZEYrAAAAAAAYMAqrA+RMtcnzXgJWe/pg7RNerX3Cq6m3J+vy+x/WhIsf0Oa1v9KWtyssyfP6yltUdN9q1f97m/a2dFqSAdYIdW6zOsKgPPbc2gFd9+ANF0Y4CQAAAAAAiDRmrA6AYbdr21t+q2NE3fqnvPr5DS36x4+COmvK53R1yas6+6LPWZJl48sLNWfWNEv2hrWYswoAAAAAAOIRhdUBCHoNffB3r9UxYmbjs1794qZW1XzPpzMn36uPlryqCdMfimmG3R88p7bmd3XXzPNiui+s523+h2y20+fvGwAAAAAASAwUVgciZNP+ppDVKWLu3Zd8+sXNLfrbEq/GTrhHV5e+pkmXzY/Z/m8+PUe5I9M0+YyRMdsT1gt2bOaDCgAAAAAAxB3qFQPgTDV0cPvpV1jt8UGtX7+6tVUvLOzSqDPvVNG9r2vyFV+Nyd5vPXu/brpsckz2QnwIdjTJ5ki1OoZ1Gio0p7j48FdFw6kuUEXxYq3yDHpjVfTsubhGx1+u55wKHZHKU6NFfcrae6mKY9c5CU/N4u71PVq1uFj92QoAAAAAgEigsDoAZlDytZtWx7Dcpn/6VXF7q575WrtGjLlVRfe9oXMLvxHVPVs9G+RpqlPJxy6I6j6II6EumYF22Ww2q5NYoEEVS2vlLq9SdVWVqqvK5a5dqkU1g66anpKnZqW2lCxTdVWVFuRV6tkTFi5dcrlqVd/rdc/6OjVGOV/zlp4dcjRrYZVKC6K8IQAAAAAAR3FYHSDR2AxDLdtO327V49m6OqDKO9o07gKHPvb1G1R03y3a9cHzanh5YVT22/DX+Sos/ocunTxOb7y3Iyp7DGXJU59Repbkb7xZrTtOdPwTyrz8ITkdkgJr1f7al+SVlH5xrRytRTr4Xmwzh7q2y5bkkmmeZv+g4dmpLXKpMLvnQIFKq6oOv95QoTlLaw/90V1+bIGxoaJYS7pPcZUs0yJ3TrijtKyyu/jpUsmyhZqVc+R1Obl5aly5Xh53ruprizSj9MQxCwuLVLfTIxXkSPJoXZ3kLnKp5qQ5PVq1uExNeUWqqW1SyQN5h992zWLNr1R3rgZVFC/tXqs7a3NF93taqooZy5S3skxNs6t0087Fmr8lT+7a2vD5ReWqLi1QuKu1TJWNkoqK5K5tUt5x3jMAAAAAAP1Bx2o/mQGb9m4KWB0jLu14O6DHZ7fp/+a2Kj3zYyq6b7XOK1oSlb3++dvrVDg1PyprD2njfqDUrIxTHx93leyOJnnrXlDQMVFJ48LnOJPWqivGRVVJCrT+WzbjNPy4ynHrwRKpsix8S/7RnaoNmtHdyVql5SUu1dQf2VbqqVmsJSo/1O2aX7lCqzxSw7OVUnc36vISqfJ47agFpVqQV6n5xfWaUVWqkzaE5uZLdevD4wI861WnQs3o9dfzZDlrNEPVVQs1K6vn5ArNryvU8qqFmpXj0arFS6Wejt3yPFWuqJGnoFQLiiQVlR/bqVorzajucY0lAAAgAElEQVSqUvWyErlqV2qVR/LUrFClSrS8qkrVM3S44AsAAAAAwCDQsdpP3labDmwPWh0jru35d1DVn2zTqPGGrv/m1XLfv1qezX/X+r99OWJ7hAId2vrOE3rgxv/QT/7yZsTWHdo+ocz8C6VA21F/8090/EjpuRfK3Fskb7RjHkewrVGObK8kuwW7WyvHvVDVbik8z7RMcyoPd6YWFBQc2Q1adOS1zVsapdqlmnO4WVSu9R4tmlGkxqVlmlMZ7gANr99buEtU5ctU0lSmJ2pu0oNaoflbZnd3gB4le6oKtULrPG5NW18nFc5VtuoOvXyynK787F4L1WrJUpdKlpUq3EzarKZGqWZpca9iqEvrPG6NO9E3zJWvbEnKyVW4tuvRurpGuQrnhtcsmCG3mk50NQAAAAAAfUZhtZ/MgE0Ht1FY7Yu9m0L630+3adgZhm5ecqXc969R89ZXtO7FL0Zk/fdf+55yzp6lay6aoL+99WFE1hzKkqeWyKm1at87UuljRp78+I5XFMx/SMmFeVLHCzqoHygraa06LehWlaRgZ5MM22k2BuAY4TEAN9Us1vz6BpUWZIdvb+/uxFTNYs3fcuxVh27/P0KpqqtKw7fclxWr0lWi5Qvd6jmrZ77qooIcaWG5morLNF+Su/xEfas5mlYoPba+QaqTCufmSOt7XvP0KWdYkRaUS0tW1GjaoTzHH1XAs6oAAAAAAFajsNpP9iSbDtKx2i8t20P6zWfalDZKuuW7l8h9/xrt2/661j7/4KDXfvV318l9/xq9tnGr2rv8EUg7RI37gVKzJH/jl+TNeFzppzquJ9X62pOH/pR+ca3MvUXS1Gc0MitDUpO8dZ9Re4ziBzs2y7AnS4HE+rv34A0XDm6BhgrNWdp0TGGxd5ene7ZbOfJoVV2jlHfk5dn5LjVWPqsGd6kKDnWhVmlGfbHqZ1Sp1L1Q1bkVmrPyyOsOz1d1K0cFuqnEpZpKKS9bJ5QztVBasVJ1jXm66zizS0+W8wgFpVqQV6zHaqZqkTtbea5GVT7boFmlPV2v0oKqkwx8PTaZphW6VFnX/X4a6lUjqaQfKwAAAAAAcDwUVvspJdPQwe08vGogOvZKv7+vXSnD2nXL9z8i9/1rdGDnm3rrL/85qHXfffW7uvfjZfqfP78RoaRDT/KoiTKUIcNVq55eVafrGQ3v1HGPZ6rXg626Z6t2vvdVpRRK/sYfS/kPyTn1E9L6J4+zW+SZgTaZZkCSLSb7RcI7GzcOfpGCUi0v6e4q7TlWVK7q0nDlclqhS5VLi1Ujl0pKiqS6nfIo99DlOe6FWrClWEuKw7fgu0qWaVGBpIJy1RcXa074aK9b7w/vuyCvWPOLKw/vuWynFpVVaNyJ5q3mTFWhKlVZNFvhx0UdeuEEOU9cpS24qUQqW6FVUxdq1sJyNRX3jDMId68WSPLku6TK7odXneLbmOOeq5K6svD7KSrSMZMPAAAAAAAYAJsZ4cdsb9q0Sbljxw74ev+K8K+8zrnx+XgRhy1VP7t+n9UxhgRHknTbD9M1piBZB3ev07/+8nmFQr4BrXXJ7SvV7Bupp/554huEZ8+cotykzWpZF5lRBAlr8uMaOWak/I29iqcnOZ5+ca0crUU6+N5XNbzwKoUaK6X8h2Rv+7EOxKiwKkkZ531HSr9AoVD8/cNGz+dWj3j9/IKO6Ho96QO5gNMEn18AElW8/94IAIitnbt2afz48RFds6ys7JTn0LHaDzabTa27E+tW5HgW8En/N7ddUrtuf/QcXX3vq2rZ847WvvCQAr7Wfq21+qnZKrrvDeXlDFeT52B0Ap+ODnWrStJ31HXgKqW7HpLUJG8Mi6qSZNiTFLIlTscq4oenZrHmVzYe+rO7vIqiKgAAAABg0Cis9oNhGNrfFH/dckPBU/PCBdbblk/UzOJate19T2tfnCdfh+eU1/Z4+8Uv6hMff1Q/eKo+ekGHgvc+o33HewjV8Y7v+JIO9Ope9a6/Wd5oZjuJkG+/bKkWbY6EluNeqGru/wcAAAAA9ENfOlaNGOQYMkIBQ/u2BKyOMaT9aX67Hivap30f5umqTz2vyz7xhFIyz+rTtfu2vap929dozqxpUU4JK4R8zbLRsQoAAAAAAOIEhdV+CPpN7W9iFEAsPPOVDj1WtE97Np6hK+76o2bc+X9KHzHxlNete+EBjUx3aNqEMTFIiVgKeZslW0RHQgMAAAAAAAwYhdV+sMmQr53CTiw9941wgXXH2jG69Pbf6fLZf1LmqJNPR3zjyTv0sY9MiFFCxEoo0CKbScc4AAAAAACIDxRW+8EMmjJpWLXEi4s6tcK9X1vfyNb0W6t0xd3PaPiYC497blfbTu149xl99vqLYpwS0WT6D0riLyAAAAAAAIgPFFb7xZDJs6ss9ddHOrRi1n59WDdCF930C135yec0Ytxlx5z377rFSjG8mjk134KUiAbT38KMVQAAAAAAEDcorPZTKMQogHhQ+90OrXDv1/urhunC6/5HV33qRWXnzTzinFf+161LJo+TwU/5kBAKtMgmCqsAAAAAACA+UHLqhxCjAOLOyz/o0IpZB9TwfLrOd39fV33qJY0e/7FDr3+45qeae9MlFiZEpJj+A6KuCgAAAAAA4gWF1X4wJYUYBRCXXvlxh37ysQPa8OdUFcz8lq769CqNmXijNq/9pQKdu3XzjMlWR8QgmWZANiPZ6hgAAAAAAACSKKz2i002ZqzGudd+3qmfXntQb6906twr/58K59Sq6e1KTRo3Uk6H3ep4GASbDJn8BQQAAAAAAHGCwmo/mKYpM8iM1UTwRkWXfnrtQb1ZbdekS78qM+jT2BEZVsfCYNgojAMAAAAAgPjhsDpAIjEMOlZjzXBIaSMNpY20KXWETalZhlIybUoZZig506bkDJucaTYlp9uUnGHIkSLZk21yJNlkOEwZdptsdsmwhX/U7RmMBEhYNkMy+YcNAAAAAAAQHyis9odhMmO1D1KzwsXQ1JGG0rJsShluKGWYTcmZhpIzbEpKD38lZxhypkiOFJvsSeEiqt1pyDAk2SRbrwcVhUKmTNNUMBRS0AwqEAzIF/SpK9CpjmCH9vtb1eHrUEdHh9oOtKnV16pWb6sOeg/qoPegDnQd0M9u+pls9lTLvi8YLEPhSccAAAAAAADWo7DaD/Yh2rGalCGljzKUOqJXIXS4TSmZhpIybErOkJLSbErOsMuRasqZYsieJNmdkt1pk82wyWYcWQg1zXAhNBQyFQwF5Qv65Q91yRf0qjPQqX2BVrX72sNfbe2HCqEt3pZwIbTzgPZ37Vebvy0i7/HzF39eMk35TSlt4hfV8cEPI7IuYshmHPEzBgAAAAAAYCUKq/1kBq1OIDlSpLRRhtJGGErN6r49fpgO3R7f0xGalGZTcnr49nhHsiHDacrutIU7Qo3waIMephkuhobMULgrtLsj1NtdCG0JtKvN36oOf4fa9repzRfuCj26EHrQe9C6b8xJXDPhGoVCIW1rlc4ecyOF1QRks9mZBAAAAAAAAOIGhdV+sNklM9T/ys5x54QO6zUnNL13MdSQM7X3nFDJsIfHSxqGTeqphZpSyAx1d4SGFAwF5Q/6w7fHB7vUGehQc6BVbb42tbe0q83fXQjtagkXQ7sO6oA3XAwNhAKR/UbFmWvGXyMjZMpw2LXpgF95wxxKGnO9fLuftzoa+sPGKAAAAAAAABA/KKz2g+Gw6eJPp8pmk5zp4YKoM9WQM8WUIzVcCLU7bbI5JLvddsI5oaFQSIFQeE6oP+RXV6BLnYFOHQi0qtXXcmhOaJuv7Zg5ofu79qsr0GXdNyEB3TP1Hu196W8ac+ONavGGtKUlpLz8+ymsJpyeh1cxDwAAAAAAAFiPwmo/BOxejb3Sr05fp7qCXdrnb1NboEXt/na1743+nFD0X25GrkaljVTDqlUac8MNkqR1uwOacM5IGSlnKNS13eKE6DtTwUC7pAyrgwAAAAAAAFBY7Q9vsEs/Wv0jrdm5xuoo6KN5l81TyzvvKDUvT6FeYxz2dpoads7X1Pr2wxamQ38YyTky7KnS0J5cAQAAAAAAEoRhdYBEYtgM5aTnWB0D/TAlZ4o2f3+ZUs48U4Fg6NDxNTt8cg4738Jk6C8jaZRMkzEAAAAAAAAgPlBY7QebbBqdPtrqGOijudPnqnOvRz6PR8ljxsgbPPxaZ0Dq9IeUNvFL1gVEvxhJoySb0+oYAAAAAAAAkiis9kuSzakxGWOsjoE+co93a+fj1ZIk56hR6jKP/HHf2BxU8pgbrIiGATBScmXy4CoAAAAAABAnKKz2g002jUmnsJoIrplwjYygqX01NZKkpOxsdfqPPGdrS0gh2ZU05noLEqK/7CljZZrmqU8EAAAAAACIAQqr/RAyTeWkMWM1EXx66qe198WXDv3Znp6uNv+xRbktB0NKPfuzsYyGAbIlZVNYBQAAAAAAcYPCan+YprJSsqxOgVPIzcjVyJQR2vqznx06ZiQnq80XOubcdXsCsieNkJFyRiwjYgAMZxaFVQAAAAAAEDcorPZTi7eFrtU498UZX1TLOxuOPGi3q8V7/PP3dppKP6c8+sEwKDbHMAqrAAAAAAAgblBY7SdvwEthNc4VZBdo0/e+f+jPRkqKbDbbcTtWJWnNDp+cw86LVTwMhM0pm+GwOgUAAAAAAMAhFFb7KWSGlJNOYTVezZ0+V51798i/d++hY+ku10k7HTsDUlfAVOrEL8UiIgbASB6tkL/F6hgAAAAAAACHUFjtJ4fNQcdqHJs1fpZ2/vrxI46l5OUpFDx+t2qPd/YElDLmhmhGwyA4MibLtNGxCgAAAAAA4geF1X5KsadoTMYYq2PgOD4+4eOyBYPa9/LLRxxPGTdOwdDJZ3NubQ0pJLuSx9wYzYgYIEfmOTKVbHUMAAAAAACAQyis9pPT5tAZmTxBPh59auontfeFl445njxmjLqCp75+88GQUs6+LwrJMFiOYecpdIriOAAAAAAAQCxRWO0n0zQ1Jp2O1XhzRuYZykoZoa0///kxrzmzs9UZsp9yjfV7ArInjZCRelY0ImIQ7GnjFQqdfJwDAAAAAABALFFY7SfTNJXiSLE6Bo4y77J5an1nw3Ffc44YoU5/37odmztNpU/+WiSjYZBszuGSwXxVAAAAAAAQXyisDoBhszEOIM6cm32uPvzu9477mj09XW19LKyu2eGTc9iUSEbDINnTJ8oMdFkdAwAAAAAA4AgUVgcgEAzqgjEXWB0D3R685EF1NO9RYN++475uJCerzdu328i7AlJnwFTaxPmRjIhBcKS7FFKS1TEAAAAAAACOQGF1AFLsKZo+brrVMdCtKL9IuyoeP+HrNsPQgT4WViVpw56AksdeH4loiADH8PNl6tQzcgEAAAAAAGKJwuoAmMGQpo2ZZnUMSLrOdZ2MYEj7Xn75uK87hg+XbDZ1Bfq+5vbWkEKmXcljbopQSgyGYR/Gg6sAAAAAAEDcobA6QK3eVk0cOdHqGKe9T079pPY+/8IJX08fP17mAIpymw+GlHL2fYOJhgiwObNkzzxHptm3GbkAAAAAAACxQmF1gPxBvy4cc6HVMU5rZw07S1nJWdr6y1+e8JyUvDwFQ/0vyq3fE5A9KUtG6lmDiYhBcmZNVyjotToGAAAAAADAMSisDtAwR6YuHEth1UrzLpun1g3rT3pO8rhxCgzwLvLmTlPp53xtYBcjIpKyr1RIqVbHAAAAAAAAOAaF1QEyZDBn1WKTR03Wh9/93knPSR49Wr7gwNZfs8MnZ+aUgV2MiHCOuETB4AD/BwIAAAAAAEQRhdVB2NG6g+KqRR6+9GF1NnsU2L//pOcl5eSoIzSwH/OugNQZMJU2qWxA12Nw7GkTBjQfFwAAAAAAIBYorA6CYdqYs2qRq/M/qh2/+vUpz7MPG64O/8AffLRhT0DJY64f8PUYOOeI6TJNPqIAAAAAAEB8omoxCCOSR+ricRdbHeO0c73reikQ0v66ulOea09PU7tv4F2P21tDCpmGksfePOA1MDBJ2R9V0HRYHQMAAAAAAOC4KKwOghkK6YzMM5Tq4OE6sXT3+Xdr7/Mv9Olcw+lUi2/gHauStPlgSCn59w5qDfSfY9gUhRgFAAAAAAAA4hSF1UFq9bbqgjEXWB3jtJE/PF9ZKVna9stf9ul8m92ug12DK86t3xOQPSlLRmr+oNZB3zmGX6iAd6/VMQAAAAAAAE6IwuogZTgydMkZl1gd47Txhcu+oJZ1b/fp3KScHMk05YvAQ+WbO02ln/PVwS+EPknJvVGmLcPqGAAAAAAAACdEYXWwQqbOyznP6hSnjUkjJ2nTd77bp3NTzz5b5uCmAByyeptPzsyCyCyGU0rKcSsYZAwAAAAAAACIXxRWB8k0TQ1LGqaJIyZaHWXIe/jSh9XZvEeBlpY+nZ961lkKRmhGpzckdfpNpU36ckTWw4kl5bgV9LVaHQMAAAAAAOCkKKxGgFMO3V5wu9Uxhryr86/Wjl/+us/nJ48bJ38wQi2rkjZ4Akoe8/GIrYfjSxl3m4JmitUxAAAAAAAATorCagSYIVOXnXGZUh2pVkfpdrMeuf1pPX3DvMOHLluhp+9+uvtrheb1Pu/up/X07Y/o5u5T593wtFZcFvvUJ3PDxBtkCwa1/5VX+nxNck6OuoK2iGXY3hpS0DSUnHtLxNbEkWzO4bJnTFYoQp3GAAAAAAAA0UJhNUJaulp046QbrY6hcLH0s5qa1PvYPK0Yf6bUskq3/P4XWu87U7NumCdNnqHxSdu06vertC1pvGZMljT5EV2Wsl7Pv25R/BO467y71PyX5/t1jTM7W52hyBVWJWnzgaBS8u+N6Jo4LGXM9QoFAlbHAAAAAAAAOCUKqxGSbqTptnNvszhFT1G1TW2+ga0wb+JUHdj+dT0T2WCDcvbws5WVkqVtv/pVv65zZmWpwx/ZLBs8Qdmdw2WknR3ZhSFJSs69VYGQ3eoYAAAAAAAAp0RhNYLavG26/MzLLU6xTat+/zttOuLYo5r7+1XaNmyWnr77s5ratUq3PPeo9F69NvnO1Ky7Z+nMltf1dcVnt+rDlz6slnVr+32dkZqqNl/kbyn3dJhKn/zViK97urOnT5TsaTLNyM3FBQAAAAAAiBaH1QGGkjR7mm455xa9tu01ixI8o68/9Yykm/XIEcfnacXds5S15xe6pUZ65PbP6ukbpFuee7T7/O6zbnhaB7bfIrl/q6dHZyhcpJ2rR2P7Jo4xadQk/euhT/b7OpvDoVZvMOJ5Vm/36YZJ50Z83dNdUnaRgqbT6hgAAAAAAAB9QsdqBKUYyRqTPkb5w/OtjnKkyaOVJelA+zOSntGeLknDztG8I87p6Vadp+tHS+vfCs9ivcx983GXjJV5l81Th2e3gq2t/b7WZhg66I18x6ovJHX4TaVN+nLE1z6dpeZ9SsHI18EBAAAAAACigsJqpAVN3TT5JqtTHOm9PTogKSv9Zkk3a3SKJN9+fdjrlHicrSpJM/Nmascv+jdbVZJSzjhDpmkqEKWHy7/jCSh59LXRWfw0lHrWPQp626yOAQAAAAAA0GcUViMsw5Gha8ZfI4cRT1MWHtXcTduUMfqz4RmrSdu06qleRdTJvWerPqrn90hTLwqf93qNdaXWGyfdKFsgqAOvvtrva9PGj4/qrM7trSGFZFdy7q1R2+N0kpI3R34eWgUAAAAAABJIPFX/hoz9nft146Qb9ed3/2xRgmeOmJ0qSXp9rm450UOp3vu6PvVer6trPhUXnat3nTdbnmf/MqBrU848U6FgdB+CtOlAUOPzS+XdadX/56EhOfc2BQN+SRRWAQAAAABA4qBjNQoy7Rn6j3P/w+oYCW1C1gQNTx6u7RUVA7o+eexY+ULRLaxu8ARlOIfLSBsf1X2GurT8EgVD/BsPAAAAAABILBRWo8A0TSlkavq46VZHSVgPXfqQWt5+e8DXJ40erc6ALYKJjq+5w1T65K9EfZ+hKilnlkzZozq2AQAAAAAAIBoorEZJhiNDdxbcaXWMhDVx5EQ1fvs7A77eOXKkukLRL6yu3u6TM/PcqO8zVKWN/6z8QbpVAQAAAABA4qGwGiWhUEg5aTnKH55vdZSEM++yeerYs0uhtoE/Jd4xbJja/dHvgvSFpA6/qbRJdK32l3PEZTKNDLpVAQAAAABAQqKwGkWZ9gx97aqvWR0j4Xw0b6Z2/OJXg1rDSElRmy82BbsNewJKHv2xmOw1lCSPu0MBZqsCAAAAAIAERWE1ikzTVKqRomtd11odJWHcPPlmmYGADrz22qDWMZxOtXpjU1jd0RZSSHYl5/LAsr5KyimSPbNAZihkdRQAAAAAAIABobAaZWlGmh665CGrYySM2VNmq/mZvwx+IZtN+7tiV7TbdCColPzPxGy/RJc+6cvyB/j4AQAAAAAAiYvKRgzsb9unhy6luHoqE0ZM0LDkTG2vrBzUOmlnnx2hRH23wROU4RwuI21CzPdONKn59ykYtDoFAAAAAADA4FBYjYFUe6o+MuYjco1wWR0lrj10yUM6uHbtoNdJOftshSyo3DV3hJR+Dg+xOhmbPV0pZ96lAIVVAAAAAACQ4CisxojdNPTwpQ9bHSOuTRw5UR8u/fag10k980wFLRjduXq7X86Mc2K/cQJJP2eBAoHYzL4FAAAAAACIJgqrMZJmT5PdZudBVifwpRlfUseeXQp1dAx6reQxY+QLxr545wtJHX5T6ZO/GvO9E4E9s0CO4RcqyBwAAAAAAAAwBFBYjaExyaN5kNUJFOYVavvPfhGRtZzZ2eoKWfOjvX5PQEk511iyd7zLPPcbPLAKAAAAAAAMGVQ5YmxvWzMjAY5yy+RbZPr8Ovj66xFZLyk7Wx2BiCzVbzvbQgrJruRxt1sTIE4ljb5Opn24TJMxAAAAAAAAYGigsBpj6fZ0XZI7XRNG8PT4HndOuVOeZ56N2HpGRoba/dYV8D48EFRqXrFl+8cfQxnnfIVuVQAAAAAAMKRQ6bBAsi1FZZeXWR0jLkwaMUmZSZna8fjjEVvTnpKiVp91hdV3PEHZHMNkpE+0LEM8GXbB/8jn9VkdAwAAAAAAIKIorFrAZkqZjgxdP/F6q6NY7sFL56rlX29FdE3D6VRLl7W3nHs6TWVM/rKlGeJByhl3SCn5CoVCVkcBAAAAAACIKAqrFkmxpeiT53/S6hiWmzDCpQ+Xfjti6xkOhySp1WdtIe+N7X45MiZbmsFqtqRRSjv7swoE+ZgBAAAAAABDDxUPC6XaUvTodY9aHcMy82fMV8funQp1dUVszVSXKy4ekBQISe3+kNInf83qKJYZfsGP5bW4wA0AAAAAABAtFFYtZIZMZSdn6z8v/k+ro1jiqryrtP3nv4zomqn5+TJD1hdWJWnD7qCSRl9jdQxLpI3/vEL24XFR5AYAAAAAAIgGCqsWc8qhS8ddqsK8QqujxNSt59wq0+fTwddfj+i6KePGyR+Mjy7Jne0hhUxDyeM+YXWUmLKnT1RS7i0KBKxOAgAAAAAAED0UVuNAppGhz138OY3LHGd1lJi5c8od8vz5mYivmzx2rHzBiC87YI37g0rNK7Y6RkxlFCyWz2+zOgYAAAAAAEBUUViNE/aAcdrMW508arIynJnaUV0d8bWdo0apKxQ/P9Ybm4OyOTJlpJ8eD7IaNu2HCtpHSowAAAAAAAAAQ1z8VKBOcw7DoYNtB/TtWd+2OkrUzZ0+Vy1vvRWVtZ0jR6ojzm5B93SYyphcZnWMqEtzfUFKnaRQkKIqAAAAAAAY+iisxpFhScOU4UjX/Rfdb3WUqJowYoIalyyJytqOzEy1++OrsPfGDr8cGUO7YzV57PVKyvmYAkFGAAAAAAAAgNMDhdU4MzpltKaPna6ZeTOtjhIVZZeXqWP3Tpk+X1TWN5KS1eaLj4dX9QiEpHZfSOmTy62OEhX29IlKHf+QfAG71VEAAAAAAABihsJqHBrpHKHPXfw5nZF5htVRIu6qs67U9p/8LHob2A0d9MZXx6okrd8TVNLoWVbHiAJDwy/6OQ+rAgAAAAAApx0Kq3HKGXLoR9f9yOoYEXXbubcp6PPp4Jo1UVnfSEuTzWZTuy/+Cqu72kMKmoaSx91hdZSIyprxpLxdXqtjAAAAAAAAxByF1Thlk01+n08//PgPrY4SMXcU3KHmPz8TtfXTx4+XGYq/omqPD/cHlZo3x+oYEZM57UcKmKkyzfj9ngMAAAAAAEQLhdU4ZsjQ6JQcLbhqgdVRBu3cUecqw5mhHdXVUdsjJT9foVB8zVftbWNzUDZHpowh8CCrjMlflVJdCgXj9/sNAAAAAAAQTRRW45xDDk0c5tJ9F91ndZRBeWD6Azr41ptR3SN13DgF4rhjVZL2dJjKmPRfVscYlIxz/1vGiI8qGGSuKgAAAAAAOH1RWE0AGc4MffTMmZo7fa7VUQZs/IjxavzWI1HdI2nMGHmDUd1i0Fbv8MuRMcnqGAOWfs7XZRt2mQJx/n0GAAAAAACINgqrCSLFlqJLxl6issvLrI7Sb/91+X+pffcOKRCI6j7O7Gx1huxR3WOwAiGp3RdS+jmJN94hfXK5jOGXKxjiYwMAAAAAAIAKSQJJt6dpysgCfaPwG1ZH6Zcrz7pS21f8LOr7OEeMUIc/vkcBSNL6PUEl5bitjtEvaZO+InvWFRRVAQAAAAAAulElSTCZjkzlD8vXt4q+ZXWUPrn93NsV9Hap5c3ozleVJHt6utoToLC6qz2koGkoedwdVkfpk/RJX5E96yoF4rwbGAAAAAAAIJYorCag4Y5hynJmafm1y62OckqfKPiEmv/0dEz2MpKT1epNjKfUf7g/qNT8YqtjnFLGlEdkjChU0HRYHQUAAAAAACCuUFhNUKNTc5RiS9bPb/q51VFOqCC7QOnONO34zW9isp/NZuhgghRWNzYHZbNnyJ5xrtVRTjotiEQAAAcnSURBVCjz/O/LTJmsIJ2qAAAAAAAAx6CwmsCyU7LlNJ36ze2xKVz21wPTP6+DMRgBIEmOrCzJJnVF9/lYEbWnw1T6pPh8GNnwS34npU2RaaRbHQUAAAAAACAuUVhNcOmONMlv6sk7n5Rhi6//nWdnjVfjI0tislf6hAkKhRKjW7XH69v8cmRMtDrGEYzk0Rp51d8UUJaCifXtBAAAAAAAiKn4qsRhQJyGU36vT0/NfkppzjSr40iSvnz5l9W+Y5sUiE0LacpZZykUiv8HV/UWktThN5V+ztetjiJJcmRdoqzpVerq8sk0E+t7CQAAAAAAEGsUVocIw2bI1+XVz278qS7OvdjqOLrirCu07aexm/+aMm6cAsHEKwa+vduvpJwiq2Mo5YzZyjjnv9WVIDNqAQAAAAAArEZhdYhJNpP1xUvn6QuXfsGyDJ8o+ISC3i61vvVWzPZMGj1a3pAtZvtFyu52U0HTUPK4Oy3LkD6pTElnflq+oMOyDAAAAAAAAImGwuoQlKxkXTr2ElXdVqX84fkx3//2gtvl+eOfY7pnUna2OkOJ+ePcuD+olLxPx3xfmzNLWZf8RsZItwIUVQEAAAAAAPolMStROKUkW5KSzSR9s+ibumPKHTHb97yc85ThTNfO3/42ZntKkn34cHX4E28UgCQ1NAdlODJlzyyI2Z7JuTcr69In5NdIBYOJ1+kLAAAAAABgNQqrQ5hNNqWYyZqVP0vLrl2mdGd61Pf8/MWf14HVq6O+z9EcaWlq8yXufNA9HabSJ82PyV6Z539XKXmfk9cb5CFVAAAAAAAAA0Rh9TQwKmmksp2jVHFrha7Ovzqqe+Vn5avxW49EdY/jsSUlqdWbuEXC17f55UifGNU9HMOmauRVL0lpU+UP2qO6FwAAAAAAwFBHYfU0kepIlfym7jn/Hn298P+3dz+hTd5xHMc/z5MnyZM0TdvZZZY0S3VrrXQdrM6i9Q/sD7iC7CDiGAyEHtZhd1EogoqXDT0Ig+Fhcyd7knmQHQSFseF1bmB7KNtll7U6omNqbeVJnjzPbwc3hpNpq0nTpO/XMfn9vr/vc8jlwy/f52hVzhgfGtfC9RkpXP6bo5Zt665XvzdWQ0kLvlFT77Gq1E+u/1ipvpPyvLKCsH4DaAAAAAAAgJWCYHWVaXHS2tjWqwv7Lqg/01/R2kO5Ic1+caaiNRcjlslIxqiOJwFIkqYKvmLtlb1RHGl6Wc2vfq7I88Mq+fzcAQAAAAAAKoWkZRWKWTGVi77Gt45rbPNYRWru3bhXgefp3uRkReotRXLdOjXCqNCbC0aBsRXP7qtANUup3mNq7v9MYbyHF1QBAAAAAABUGMHqKuYqrh3Z7Tr19ilty217plp7Nu7RrQvfVKizpXE7OxXUYPxANfx6O5Cb++CZarjZvWrb/p2sliGVyg4vqAIAAAAAAKgCgtVVzja2ulJ5jQ6M6szuMxrMDi65Rn+mX01OUr+fO1eFDp8s3tGhUtAY4eHPfwSynZQizX1L3uukX1Hr4NeKde5X0fMUBFVoEAAAAAAAAJIIViHJGCNXcbU5rfpoYFSnh09roGNg0ftHN32o2z9erWKHjxfPZFRsoL+6F+4bNXUfXPyGSELNfSeV6jsp36RVDiLVaw4AAAAAAACSJKfWDWAFMVLKTikZb9KB1w9orjiniakJTRWmHrvtxZa8fvqkMrNan0a0vV3zYeMEq1dnfb274aUnL7RdJbtG5K7dLT+wVfJDSY1xcxcAAAAAAGClI1jFI2xjKW03K+kmNLZ5THe8O5qYmtD0relH1h7edljzs7/VoMt/Oem07vs1baGiQkkLvlFT7zEt/PLpI99b0VYl8iOKv/COgrIvr/TPLgAAAAAAACwXRgHgfzmWo9ZIizqTWR3cclAn3jyhnjU9D63Z2rlF17/8qkYdPhBJJjVfaqxgcargK9b+xkOf2fG1Sm04qtbBc3LWvKVisaxyA41AAAAAAAAAqCfcWMUTOZajtNWsZCqhI9uPaGZuRmcnz2pTxyaVPU/3Jidr2p/lOLpbbKw3Nd1cMApCKZ59T+XbPyiRH1G09TWVQ1vFopFEoAoAAAAAAFBLBKtYNMdy5MhRd0u3ju88rkQ0oTvffl/rtmTZtu4WG2gWwN9uzBt15vdLufcVhFEVfcJUAAAAAACAlYJgFUtmG0sJubJ9o7YtW7Vmx07dvHRJty5fVqlQWNZe3FxOxhiFDTIJoD1hKdcSUS4dkecH8n1bxsRq3RYAAAAAAAD+g2AVTy2UJNdVIOm5XbuUGR6WNzurwsWL+vPKlWXpIZnPy4RmWc6qlnTcUi5tK5eOqBwa2SZQySvJllTfTwYAAAAAANC4CFZRESYalS8p2tWl7MiI1h86pBvnz2t+elpz165V7Vw3l1NQh8Gq60i59IObqY4tlcqBVC7KMfX3LAAAAAAAAKvRXwLAymDBoLxMAAAAAElFTkSuQmCC" height="600" width="800" />
Actual:[Assign Leave, Leave List, Timesheets, Apply Leave, My Leave, My Timesheet]-->Expected:[Assign Leave, Leave List, Timesheets, Apply Leave, My Leave, My Timesheet]]]>
  </system-out>
  <testcase name="getDashboardQuickLaunchItemsCount_006" time="2.590" classname="testcases.DashboardTest"/>
  <system-out>
    <![CDATA[<img src="data:image/png;base64,iVBORw0KGgoAAAANSUhEUgAABVYAAAJcCAYAAAASBf/6AAAAAXNSR0IArs4c6QAAIABJREFUeJzs3XecVdW5//HP2nufMmd6Y2aYQhk6SLWgCAj2qNGosYtiyc01NzFXkptoEsvNVdMsib/cxJgbDGrsYsFEjIIKKoo0EQakCEOdOdPLabus3x/nzMDAwECilPi8fRGZ2WuvvfaZ7R/5zrOfpbTWGiGEEEIIIYQQQgghhBAAzJgxo8cxxiFYhxBCCCGEEEIIIYQQQvxLkWBVCCGEEEIIIYQQQgghDpIEq0IIIYQQQgghhBBCCHGQJFgVQgghhBBCCCGEEEKIgyTBqhBCCCGEEEIIIYQQQhwkCVaFEEIIIYQQQgghhBDiIEmwKoQQQgghhBBCCCGEEAdJglUhhBBCCCGEEEIIIYQ4SBKsCiGEEEIIIYQQQgghxEGSYFUIIYQQQgghhBBCCCEOkgSrQgghhBBCCCGEEEIIcZAkWBVCCCGEEEIIIYQQQoiDJMGqEEIIIYQQQgghhBBCHCTrcC/g89IYa6K6dRubmjeztW0729t30BBrJObG8LQHOjVQgac1E0qO5xsjp2MoyZaFEEIIIYQQQgghhBAH56gOVhNugpV1VSzY9i4r61bTGG/EJRmiKhRKKQCUAqVVMltVYHs243qNkVBVCCGEEEIIIYQQQgjxDzlqg9WqhnU8teZZltevBA0GCmUYWJhAsirV9VxyAzl4aNrtNpRSOJ7D6IKRjCkaeZjvQAghhBBCCCGEEEIIcbQ6KoPVtQ3r+cl7/4PtJTANC6U0OlWl6mkPx3PID+ZzSunJJLwE7+5YlKxW1RoPuGrIpVjGUXnrQgghhBBCCCGEEEKII8BRly62xFv4+Uf343gJLMNEJxNVtNLYnkOWL4NLBl7IkLxBLNz+PnM3v4GHxlCKhJtgSulkBuVWHu7bEEIIIYQQQgghhBBCHMWOumD1lY2vsSNSS8gMdn7P9hwsZXFh//P4auVXaIw18uCy31HdugXLsFKVrBqf6WfasEs7e68KIYQQQgghhBBCCCHEP+KoClabYs28uul1AoYfDWitcbXL+OLjuXzwxVRklfHaZ2/wyKpHAfAZFhpQSpFw4kwbcgUFoYLDeg9CCCGEEEIIIYQQQoij31EVrK5v2khzooWg4cfWDnmBXG4Yfg0TSk8g7sb57bI/8MbW+ZjKwsBAo1EKHM+hT1YF51aedbhvQQghhBBCCCGEEEII8S/gqApWP21ch9YejnY5pXQiVw+9jMJQPnXRBn7x0a9Z07gGS/lQil29V7VGo/n2qG8S8qUd7lsQQgghhBBCCCGEEEL8CzhqglVPe3xcvxpTmXxr5Dc4rc9kDGVQ017Lzz96kHVNG/CbPrQGdPIcBUScGDcdcwND8gcezuULIYQQQgghhBBCCCH+hRw1wWrUieI3fNw5/jbGFY0CIByp585FP2Nb23b8hg9I9lPtSFejTpwLK7/KVyrPOIwrF0IIIYQQQgghhBBC/Ks5aoJVQxl8e/S/UZjafMp2bX697HdsaduW3MxKadC6c0MrQxlcNvAirhj6dUxlHubVCyGEEEIIIYQQQggh/pUcNcFqmpVGmpXskaq15i9rnmNx7RICVhoxHJRW+E0/peklHN9rDCeWHM/AnL6HedVCCCGEEEIIIYQQQoh/RUdNsLq7jc3VzK/5kBPLJtE3rYC+6SX0Si+iML2IglABShmHe4lCCCGEEEIIIYQQQoh/YUdlsFqeUcwfJ/8M5Tp47XVY0WZ0wka7teA66GAOyh863MsUQgghhBBCCCGEEEL8izpyglXtoeNtYEchkIHypcE+Kk99zVvxVr2Kt3YeTuNWYlonN60yTLTpx8wrwygbjVU5EbPkGFQg8xDfjBBCCCGEEEIIIYQQ4l+Z0lrrw7kA3R7G3rAAd8MC3LqNkIhCMAsztxyzZChm3xMxCweBFdh1TqwZr3kburUWr7Ead9sK3J1VeK1h6AhZAVAYhQPwj74Aa9g5KH/64blJIYQQQgghhBBCCCHEUWPGjBk9jjl8warnkPjkZRLvP4rXtA0MI9kbVRloz0PhoTUow8TsPQLfmK9hDTwVZQW7nU631+OG1+Gsewt7zesQbQXDQANKa8zewwlM/HfMiuMP7X0KIYQQQgghhBBCCCGOKkdssKrjLcTfehB7+UtgmMk/AJ4H2t01ThkoQGuNAsw+4whMugmzZOR+5/eatpJY+RL2h0+gXRtlWmjXAaUITr0Z/5hLwThyuiAIIYQQQgghhBBCCCGOHEdksKrtCNEXv4ez8QOU5QdUMkzVYJQOxywfh5Geh3YddPM2vPB63JpPky0CtAemj+CFv8LX/+Qer+WG1xKbezfe9tVg+kBrtGsTOOEqApO/A8r84m9YCCGEEEIIIYQQQghxVDnyglXtEf37vdhLn0f5Uj1TPQcjPZ/AqbdgVk7a+1V/18Zr3oqzbj6J5bPRjdvAtEj7+q+x+p7Y8yVjzcT+/jOcqjfAtNAAToLgmT/AP/qSz/0WhRBCCCGEEEIIIYQQR7cDCVaNQ7COTvYnL+EseW63UNVFpecnQ9LBZ3TfP9X0YeT1w3/CdaRf9Sf8J1yN9lyiL/0QHW3q8ZoqmE3wrNuxhkwFx0YByvQRn/sz3PqNn+8NCiGEEEIIIYQQQgghvhQOWbDqtewgNv83YPmT39CA9kg7/2cYhYMPaA6VXkhgyn8SuuhX6EgjiY9fPLDzfGkEz/gRqmgguC4oA5QiPu9+8JyDvpd4PE4kGsXzvP2O01oTi8Voj0SIx+MHfZ2eJBIJ2iMRYrF/fm7btolEIkQiURKJBI7j7PP+DrTI2XFdotEokUiERCLxT6/xcPC0R00kTNSJ/cNzJFyb2kgd3mHaJ04IIYQQQgghhBBCfP4O2Q5O9tKnINoMVqpa1YnhO+k6zNLRBz2XNWAKoUseIvbWQ/jHXorypfV4jgpmETzjNqKPTwc8MP04G9/D2bkKq/eoLmNrampZ9MEH5Obm4HoeEydMwLIsWlpaeH72bObOnUtLaxsPPfgglZX997rWtu3bWbBgIW+//Q6fbdpELBYlPy+PEcccw6RJEzn5pJMIBAL7XW9jUxPvv7+IjIwMmpqaOHnCSeTl5aG1ZvmKj3nttddY+cknNDU1EQqlUdm/ksmTJzPllMmkpfX8eQC0RyIsXbac+fPmsWz5ctrb20EpTMMgNzeHwsJepIdCBINBQqEQza0t1NWG+fa3v82woUO6ndO2HZavWM5bb7/NokUf0NDQgNaazMxMhg0dyqmnnspxxx1Lbk5Ot+d/2riBD3d+RIaVTn2skTG9RjG2aP+blQF8uHMpGxo3EjAD1MUbOLvPqZRnlbFk5zKWhVfiaodcfw5RN0a7HaEl0YaLQ8gKURTqxeDcgQzLH0zaHlXTbYk2vj3/+xxXNJYZ4/4DQx3c7yI0mv/75DEWbHuPBybfQ1F6r4M6XwghhBBCCCGEEEIcmQ5JsKrb60isnJPcQApAawik4x/zj/c4tSonkxbKS851oOcUD8XsMw5381IwLZRS2B+/vFew+snqVXzve99DA+PHn8CUyZPZsXMn37zpW6z6ZCWmYaIMA/8e4WhbWxuP/vkx/t9v/x8+n48RI0ZQUVFOIh5n6dKlLFmyhKeeeopJkyZx15130rukeJ9rjUaj3PajHxGJRDBNk1defolgMMjPfvELnnzySRQKy2ehPU08kWDFihW88MILnDB+PD+79x7KSkv3+1msWl3FHXfcwUcffUTffv244frrGTt2DKZh8vHKlcycOZP33nuPzMwsvv71r+M4LnXhOpqam4nHu6/eXPvpp9z/4IO8+cYbmKbF5Zdfzvjx48kIhVi/cQOzZ8/myaeeYsjQIdx5++2cdOLePXLjdown1j6Lz7DQWtM/p89+76NDbXuYWWuexJd6xk4sPo5yYHn4E57f8BJpZhoeHlcOuoTyzHISXpwNTZ8xb+s7xN0YlvLRN7OCGeO+TXnWrs+uNlJH3Ivzzrb3OL//2QzKG3hA6+mwrWU7czb9DUuZxJ2js2pXCCGEEEIIIYQQQuztkASrTk0Vur0B5UtVA7o21vCzMTL/ueo9s+SYgzvBsLAGTcXd/FHn1+7Gd9GxZlQwu3NYeigdn8+HbdsMGDCASCTKf3zrP1ixbBm5+Xk4CZt4Ik56KNR5TiQa5Rvf/HeWLFnCz+69l4knn0xObg6WaeK4LjU1tTzw4IO8/PLLzJ8/j5bmZh6b9Wf8fn+3S00PpVNYWEh1dTVZWVn4fX6+e8v3+HTtGu695x5GjBhBXm4e9Q31zJ//Fr/93/9Fa49F77/Pt79zM08+8TjBYDc9a4HVVWu49LJLaW1p5dJLL+WO239Cenp65/HBgwdx5hmn818/uJW/v/l32tva+cFd3yMQCOyzPcCSpcu49rrraGttYfDgITz0m98wcEBl5/GTT57AFZddxrPPPc+Pf/xjrrl2Og///ndMnTKlyzyu0gQMP6ZhoLXGVL79/0xT/JYfv+nHVCYKhd9Mfq6WYeE3/Gg8snwZnFd5FsHdqlLPrzyHXy75DZtbq9nY+hl3L/4VD0y6h7RUFXRjvDnZ+kDB7PWv8v3jvnPAVaue9nhszdMoFBpoSbQe0HlCCCGEEEIIIYQQ4sh3SHqsupsXo3YLozQaq/8EQB2Ky3dh5PdDd1xXGXhtdXitO7uMKcjPx/FcANLT0vnDHx9hZ20tf5o5kxdfeIHnnnuWO++8C9veVYHY2tJKS3MLr77yCl+74HwKCvKxTBMAyzQp7V3C3T/9b0455RRM0+Sjjz7i5Tmv7nOdlmWSFgyglMIyTX70k58Q8Pt45eWXuPiiixgyeDC9ehUydMgQbvr3b3L/ffehNQTT0li2bBlvznur23mj0Sjf+/73icfjFBQW8sMf/FeXULVDVlYWd//PT8nOzuYvTz7BI3/8Y/LzMwwMo+tj09DQwE3f+hbxaJS8vHwe/v3vu4SqHfx+P1dcfhlfOeccPNflmzfdxKbNm7uMybTSUUqhNXhocv1Z+/yMdhc0/KnHSaOUIsOXCr0NhVIGCoUyLGJu16rRsszefPOY69Daw6f8bGvfzsq61Z3Hd7bvTAa1hsV7Oz9gY9NnB7QegNV1a3h3xwf4jWTIWxsNH/C5QgghhBBCCCGEEOLIdmiC1R2rwdhVHKsMCyOn96G49N6UiTJ3q4LU4IU3dBnS3NKMZZoEAgFmvzSb1157jeeefYapp0ymT0UFgwcN4orLLqWoqKjznLS0IPff/ysGdBModggEAtz079/EcT0sn8Xs2bOxbbvbsZZlYfr8KKVoaGxk1erV3HvP3WRmZnY7/swzTueqq64iGo0SCPh5/vlncZy9N+b6ZNVq1lRVAYqvfvWr5OXl7XO9+fl5nDr1VPz+AL/73e/ZWVOz1xitNb956LeEw7W4nsfN3/kOfSrK9zmnUoobb7gB0zJxHYff/vZ/u2yG5WgHUKDAUAZx3f3ns6eQlZbsCqEUKIWtk8F4ppWO1h6u1gQMH35j7yLt3hnFpPsy8PAwMNjcWt15rCXeiocHWqHRPL32BTy9/03LABzP4bE1T2Mo1ZH30hhrOqB7EUIIIYQQQgghhBBHvkMSrOr2OuisWNXJitFg95sXffGL8ZLhG8kwTxkGXkPXqklNMtRDKWrDYb7/ve9TUrzvfqiQrPAcNLDn/pulpaXk5uSglMGWLVuIxePdjjNNk/RQCM/ziMfjfOc//oOMjIz9zn3JxRd3nru6ag3tkcheYxYvXpyqONWMGjVqr+N7GjxoEIZhEIvHWLps2V7Hd+zcyVNPP0UwmEZ6KMQZZ5ze45x9+/ahuLgYn8/Pa6/NpaGhsfOYaVi7HkoNQXP/m3x1iHgJfMpMtQ8wCJnJ1/1z/dk42sVQCksZdFcl7Xpu8pEgWSWbF8jtPFYbrQOdqrJWFh/WLmVj06Ye1/PRzmV80rAaS5mgkuc3JVoO6F6EEEIIIYQQQgghxJHvkASryVLCjqrEVIIVbdzX6C+WMsCx2T1g0/GuAaTP50ejcR2H0tJSjj/uuM/t8gG/n/z8fLT2cByH+H6C1bRAANd1sUyTUSNH9jh3Xn4eubm5aA8ikXba2tr2GvPZpk1YPgtQZGbs3QJgTxmZmZ0bhG3bun2v4wsWLMS2bVzX5dhjx1FYUNDznOnpVPavRGtNLB5j9epdr96nmcHkk6I1Gt0ZkPYkzQzi4aG1RqEIpHqstrsRLGViKIWnOypiu6qNhGlNJD+rgOFjbK/RAMTdBDvad2IaJsloNPnP42uewU1VxHYnakf5c9WTWMrCVMkKWaUU4UgYzYFvtiaEEEIIIYQQQgghjlyHJlhVZtevPRuv9fD0m9TRJvTur3J7HphdN0jq6I3quC7Dhw0jtNsmVf8sT2ui0UjndSyr+/3DtE72ClVKEQgGyc/f9yv7u687Py8vFf9BLLZ3aJufn4/rJgNIz+35lfampkaUoZJ9Rv1dPyfP8/hw8WJM08RxHE44YTymae5jpt3WaVnJAFhrHMemdbcA2Jd6VjR02YSqJxm+tM5NphTJyleAlkQblmGljhlYe7QCaE208fiap9FoHM/h+mHTyE1LVlO7nkNdtB6Ac/qeRdAMYCmTxTVLWNfQtX3E7t7fvpgNLZ8xMKeSCyrPxfFcFIq6aD0J98BaGwghhBBCCCGEEEKII1v3qd7nTGXk4zVtRXUGrAp384f4Bp5yKC7fhRden9qjPVVDaxjsucm7aZqgkx0D0tPTMc1/Ln/WWtPU3Mz69Rt44i9PUFsbxlAGhmng93W/671SiubWVvx+P4ahMA4gsPQ8D9uxMYzkZk2BwN6v0R87biwP//73mJbJ5i1bepxz/boNnb1LBw0a1OVYIpFg48aNGIaBaZq8OW8eLS2tNDTUk5mVTSDgIxgI4mmPWDROLB4jGo3Sq7CQj5YswTRN2tsTtLXuVlmbeidfpf7n2XUv0iutANOwaHXaMJRJ0AxiYBD1YrieTchMY0ekBqWMLuEqgJGar+MnnnATBM0ALfFW1jSs47GqJ/msdTO5gWymDbmC0/tO6VxKxI7SnGjB9Ry+0vd0/IaPp9Y/j2VY/HHVLH5+8l2patZdonaUWWuexFImXx94ASErxNPrnsdUJi2JFqJ2tLOaVgghhBBCCCGEEEIcvQ5JsGr2Goi3ZSmQDKGUaeGseR198r+hgtmHYglJro27+UNIhWHJTYU8VE7XzZaUSkavWoNh9Bxo7qmxsYlNmzexYeNGPl37KZ+uX0dDfSOJRIx+ffuRl5dHQ309Zg8Vqx1Vq4Zh0N7Na/178lLndNxDZjc9WceOHUteXh7NLc28+cabXDPtanz7WENLaytvv/MWSilKSooZMWJ4l+PtkQjhcDgZ5CpFXV2Ydxa8Qyg9nfRQiEAgQDwexzIN/H4/juPiuA4bNm6kT58+VFSUo7WmpGSP/rWpFrgGis9aN1MTC2Ng4jf9+AwL1/NIaBu0h9YeaVYaTfHmXefuNZdOVYyG+fF7/0O2L4OaaB0NsQZGFYzk1IopnFAyjtKMki6nhqN1OLj4zQAZ/nTO7nc6z6yfjWmYrGn8lI/DnzCmqGuf2jkbX2NHpIbRBcdwbNEYNjZvwkgtqsluPaCNr4QQQgghhBBCCCHEke/QBKslI7D107u+oQy81jD2p/Pxj7zgUCwBALd5G+72VbD76+DaxSge2mVcsk9n6u/egQdh27Zv55lnn+WZZ56hsbGJAQMGcPrppzPtqqspLy+jtLSUWDTKFVddTUNDPZblIxKJ4Pf3XMGo1N6bLu01BlKVtgq/308sHiObrC5j8nJzueuuu7j5uzfz0ZKPmDPnVb52wfl7zeVpzR/+8Ah19fWYhsntt9++V1DrsywSqR6xkUiEO35yOyefPKHLWg3D6BISdwS/QOffk5tp7Sa1WRQovjv6Jvrn9O3x3leFq7jt/f9mr2RVg06FqznBPECxon4VlrKwTIvLBl3I4PzuNx1rjDXhuDb5oTwMw6AgkM9p5ZN5c+s7mMrkT6sf5/6CYfhSrSQao408s/5FlIJrhl6OaZhk+jJBKRRguwlaEq3kpeV2ez0hhBBCCCGEEEIIcfQ4NMFq72PAFwTP3fWqtxUk/taDWJUTMNILD8UysD95BdwEWEGSiZuGYDbGHkGX53nJ18lVMmA8EKtWr2b6dddRU1NLRZ8+/N///ZFjx47d63X8lpYW2tvbAQgEAqg9Q8UUpVTnplEHyjRN/KkNr3w+3z7D2K+cfRaNjXfy4IMPcNuPbqOltYUzTj+d3JwctNbUhsP86U8zefTRR8nLy+NHP/4Rp06Zstc8GrBSrQws0yQSiXbbY7WjV2znfR0Qhatd/Eb3rRL2lqxK3eu7Ktmr1UOTZoX44bibeWjFw6xuWIPjOvxq2UP8fMJd3YadO9p34qHJDWYTMJM/x4sHXsDb295Do/msZTPvblvEKRUTAXhh/RyaE82cVHQCg/OSYa3f9BEyg8TcOFp7NMQa6ZtdcYD3JIQQQgghhBBCCCGOVIdk8yojuzdG3xPQ3m47shsmRFuJzb0HfQg29HGbtmB/9BSYfjo6buK5mKUjMNK77mTv7V6legDhZktLK9OnX0dDQyO9S3vzxGOPMeHEE7vtcerYDo7j4HmagN/XuVHWnrTWpGek4zjO3mvaB8MwUYDruliWSSit+023DMPg6quu5Ne//g1KGdxzzz1cdfU0rr/xRqZffwNXT7uG999/n1tmzOCVl1/m4gsv7DYQTQsGKSsrxXWTgfm27Vt7XGNP9B6vyjva2cfIrhztJv+iOuZJVcPqZJWsAcScCMUZvfjumH8ny5+s5K2J1HD/st9id/MMbm3bgYEi25+FkWrEW5rZm3P6nont2VjK4rG1zxB3E9S2h3n5s7/iM/xcNeSSzt6rShlk+rOST5yCmkjtwX0gQgghhBBCCCGEEOKIdEgqVlEmgWMvJbLurd2+qcHy465bQPzNnxM89b9SoefnTyfaiL9+D9qJo8zdKiC1i2/omZ09VzskQ0wFqAOqWH1z3pvUhmvxWT4uvuhiKsrL9jve81w8z8M0rb1fg09RSmFZPhzbxvX7yeimX+qe4ok4tmOjFJiGiWXtuz/sBx8u5q6f/pTp06/jsku+jt/vI1xfj9aagrx8cnNzCAaD+72e3+9nzJixLFu6DJRiddXazlf+/1G25yarhVMfu+MeWLAacZP3rUkGqXYqxC8I5mN7Nj7ThwKiTozi9CJ+ctz3+f67P8FSFivCK3l09V+44ZhpnVWvrueyM1KDRpMfzO8MVgHO7nsar26eC1pTG6nlbxv/zrb27cTcGGdWnEplbv/OsSFfkExfJjWRWlw0rYmee+UKIYQQQgghhBBCiCPfIalYBTBLx2CVjYY9gzLLh71sNrE3fo5ORD7362o7Suz1u3E3Ld4jVPUglIvV/+S9zumoDlUKPG//warWmgUL3yUQCIJSlJWW7nd8wk7gOC5+v59oLNql5+iea0gkEqnWCZpQqPvq0925joNt21imhUYTT/U/3VM4XMfV067GtW2+/a2bKC8vo6ioiBHDhnHM8OGUlBT3GKp2+Op556JVMmSdN+9NamvDB3TevrS70eRflEKhaHUO7JlwvAQKAwPwtEfUjQHJClhN8vM0lYlPJX+XMDh/IDcOv4a4l8Bv+Hhx46ss3Lqoc76oE6M2EkZhkO3P7HKt3pklnFl+KrZ28Zs+Zq15ije3vI2lLM7rf3aXYNln+Mjwh5I9Y7WmMd70j384QgghhBBCCCGEEOKIcciCVWX6CZzyne6DRMuPveJloi/egle3/nO7pteyg9grt2KvfgPMrr06tWPjH38Nqpvemo7rpOoWU9vT9yCRSKTGa1paW/Y71mf5aG9vRym1z2pVAMdxaG9vx7JMtIaGxp4DOa116rX8ZAeDRKL7FguzX3wR23YoKCzA5/vnipaHDhnCaVNPJR6P09bWxmOPP35Q59fV1XV5JvyGiac9FJCMRA+sz2zICqbaBiT7qSa85L3XxZrwGSZKJdsFdHwf4Jz+ZzK1bHJnuPrAst+yofEzABpijTQnWlAG5ARz9rreVyvPJmgEUp0iNAkvwZTSiVTm9OsyzlAGWf4sNBpDKWraw7gdbQuEEEIIIYQQQgghxFHrkAWrAGbpKPwnXgN2rJuDPtxNS2h//HoSHz2BbvvHe1HqeBv2Jy8R+csNOOsXdq1URYHnYORX4B910T4m0Hg6GYTFE4l9VpVC8pX9sWNGk0gkMA2Dt+e/1dkXdU/xRIIHHngAx3FwXXe/rQAcxyEWj6FU8tX2aLTnys1YLE4sFsfzNIahyMzsvn1APB7Hsiyqqtbw8pw5hOvqiEQiOI5DJBIhGo0Sj8f3eR+7MwyDO+64naysLEzT5I//9388/eyzPZ6ntebZ557ndw//oUuFZ9xJoFKv82v27rm6L42xZkwMQKM1+FSyDYKjE6loVpFwExi7XctQBjcMn0ZRWi+09nC1y92Lf0Vbop2EmyDhJVBakZPqx7q7koxippZPxvbszk3Ovj7ogi4tAzrkBrPRaBQGNdHaA25vIIQQQgghhBBCCCGOXIemx2onRWD8dbibF+NuX4WyAuyqSNRgWuDEib95P4klT+EbeR7WgCkYOWUoX9r+p/ZcvOZtOJsX4Xz8Mm7NWkClKlV3C0a1C1qTdu5PUf70bqfKzs7BcR1Mw8Sxe95Y6+yzzub+Bx7EdV0WL1nC7x7+Azdef12X1+nXrFnLXf/93wwfPpz+/fuzefMmqquraWhspHdJyV5zOq6LnbAhFTLuq/p0d6H0EIl4HK01nqf3GQhPnTqF3zz0EIlEgttuvY28/Hyys7MJ+P1owO/zEQgGCQQCFBUVMWzoUE466UT69e3b7XwlxcX88ZFH+OY3/42GhkbuuOMOtm7dxhWXXUrJHveWsG1Wr67iTzP/xIsvvsjDv3+4y/G4G8fTHpZhorRHmx3t8b4BLMPE1g5+lfy2SOXsAAAgAElEQVR5NyVaKKU3cTcVjKtksOrusQlYdjCLHxz7XWYs+BE+w0c4Gub3H/+JIbkD0VpjKnOfPWMvGnAef6+eR9y1ObbXGMqzuu+tGzADGBgopWiINRBxogSsvTc2E0IIIYQQQgghhBBHj0McrILyp5N2wS+JPHEduqU2GaZ2GaDA8qNba4kv+AOJd2di9BqAWTwMo7ASI7sErGCyV6tpoltrcBuqcXeswttZBfF2QIHRza1pjfY8gmfdillyzD7XuGPHDlzHIW7HsBOJ1EZT+94IqqSkmF/+4hfc/N3vorXm179+kHcXLuSE8Sfgs3x8vPJjli5bzoz//E8uu/QSBj03iB/88Ic01Ndzw43fYNLEiVx00UUMHFDZOWcsGqOmZmdnn9S2ttYeP9vGxkYSdgI7YdPU2EgkEiUtbe9AetjQoTxw//385qGH2LJlC+FwmJqammQbAcA0DZJZpMJQCmUYBAIBLr/8Mm7+zncIdTPn2DGjeebpZ/jFr37JG2+8yUO/+Q2z/vxnJk6aRP9+/Qilp9Pc1MTijxazcuUn9O3blz8/+mcmTeza49bTHp720JhowHa77xO7173HmlPVoirZSiCVKRsYONoloEzink1jvImsQNeeqYPyBjB96JXMrHoCv+ln4fZFfLDzI/yGHw8Pq7tnCeiVXsjpFVN4ceOrXD7wom6rVQHSrXSS22op4m6CumgDud20FxBCCCGEEEIIIYQQRw+l9/ee+xfIbd5G7OmbcJu27fGqfjc8D5Lb/wDJwA+l0B3Vh6mKRKWM1GZP3dAa7TkEJt9E4ITpwL53rl+3bj3PvzCb/IJ8XNdh+jXXEAj0XGG44uOPeezxx1m06AMa6usxTJPs7CymTjmV6ddeQ//+yf6brusy59W/8uGHH2IYBsceO45JEyeSm7ur3+vOmhpmzXqMgoJCamtrOe+8cxg+bNh+r79u/Xpmv/gSBfkFhOvquOH66eTn5XU7trWtjfsfeIAnn3ySUaNGM2jwIEqKS8jPy6OpqYma2hrWrV3HshXLcRwH0zSJRiNcccWV3HXH7fsMmh3H4eOPVzLnr3/l3YUL2b5jB47jYJkmaaEQEyacxDlfOYeTThzf7YZc29p2UtNeg8/04XgORaFe9M4o7vGz39D0GW2JNpRh4LoO/bL7khPM5rOmzTQnWjAMA9dzGZo3iKC198ZccTfB0prlhKw0fKafdCtIwnNpd9rpl9WH7MDe7QAAWuKtbGjZxKiC4fsMVmsjYba0bsNn+nA9l/7Zffc5nxBCCCGEEEIIIYQ4/GbMmNHjmMMWrAJ4TdXEXr0Td+sKsHyQ6pG5P5qukeieX3d/oWQlZmDKd/CPuwL2EYDt85pa7/N18O7G1tXVEw7XkhYK0auwkPT07lsOHC6LPviAW2/7Efl5+dx55x0MGjgAv9+/1zjbtvl0/Xp+9rOf8+GHH+Dz+YnFYrz80ksMGzqkx+u0t0dobGqkubmZtLQ0CvLzycqSQFEIIYQQQgghhBBCHNmO+GAVQMeaiS/6E/biJ5OVp3u2BjjQedgzYE3tK+86GJm9CH7lDqw+J/zzCz7KVa1Zy7nnncegQYN46i9PkJ2d3eM5LS2tXHvddaxevRrbTnDHHXcw7aqrDsFqhRBCCCGEEEIIIYQ49A4kWD240s0vgApmEzzlP0m77LeY5aPBczorTA9qnt2/0IBrg+fhH3MhoSv/KKEqEE8kuP2O27HtBDNuueWAQlWArKxMrrjicmzbxjRM6urqv+CVCiGEEEIIIYQQQghxZDvkm1fti1V+HObFI3A3vEVixWzcLSuSAasy0Ur1/Cq+1qBTPVcNA2vYGfjHXIxZOuaLX/xRYsOGjaz8eCVZWVn069f3oM6tKK/ANE0cx6FPRcUXtEIhhBBCCCGEEEIIIY4OR0ywCqB8aVhDzsYaMBV35yqczR/ibHwXL7wxWcmqkxtYKc8FI7kDfHKzKgWWH7PXIMy+x2MNmoqZX7nvjay+pBoaGkjYNv5A4IA24+pCAVpjWRYDBw3a71DP89i2fTt2IkF6ejpFRUUAxOMJwnVhXDdZkZydlUVOTg5aa2pqakkkEmit0WhM06R3SQmtbW04tk1BQQEAjU1NuI7T+XWHRCLBjh07cF2X3Nw8cnNzOo+1t0cIh8OAJi8vr7PPa0NDA47j0KtXLwCamppwUnPX1dcTaY/gaQ+FIic3h+zd+sO2t0eora3FMBRFRUUEg0Ecx6GmphbHdUAn++36A35Kios7fzEQj8cJ19XRq1cv/D4ftm1TU1tLcVERtu0QrgsnPwOtSUtLo1dhYZdfKriuS01tLVprSoqLMQyD9vZ2wnV15OXmdt6b4zhs276dkuLizv65sViMurp6evcuwTCM1HprKC4u7tyMrLW1lda2NnqXlHT5fF3Xo6amhng8RjAYpDh1T4lEgp01NWitQYOnPTIzMsjNzWVnTQ2GUp1jW1tbaWhoJD8/j0AgQE1tLZ7ronXymcnISKegoICamhoyMjLIyMgAIBwOk5aWhuu6NDQ2YlkWSikc2yYYTKO4uGi/z6MQQgghhBBCCCHEF+GIClY7WQHMsrGYZWPxH38Nuq0Wr7Ear3k7OtqUDK3sGIY/hErLRuVWYOT1wQjlgXWQgeGXiM/vwzJNEokETU3NlJWWHvC51ZuqicVijB47hsEDB+xznG3b/G3u62za9Bm5ubk0NDYycsQxnDJ5Eo2NDTz7/PPk5uaCp2lqbuYrZ51FZWV/Zr/8EpZpkpGRied5pAWDnH3WmXy84mM+WraMb1x/HRkZGSxe/BGtrS1cdOGFnddMxOO8PGcOLW1tmIZJQ2MDF55/Pn369GHnzp3MfullLNPE8vlobW3la+efT3l5Ge9/8AENjY1cfcUVACxfvpy6+gYuvuhC3nrrbbbt2EFuTjaO7RCNx/jqV86hvKKcuro6nn1hNn6fRSKewPL5uPzSSwB45vnnycnOJhgM4HkeeTm5FJ3RqzO4rK2t5bkXZnPlFZfTq7CQ5uYWnnv+Ba65+irq6up4+dVXKUoFvQ0NDYwaOZKJJ5+MYSS7dsRiMV56+RXa2tu4Yfp0cnNzefe991n+8QomnHgiE046CYB169bzwksvcc5ZZzF69CgAampqeOa55/nKWWcyfPhwWltbefaFF7jh2mvJyMxEa83f5s5l0+Zq/u2G6ztbRSQSCf76t9fYsm0rOVnZhOvrGTFsKKedeir1DQ08/exz9E6FvJ7n0b9/f44ZMZznnn8B13W54brpZGVl8dbbb1O19lPOOO1UykrLeObZ58jLyyMQ8GPbDv379SMnJ4e/vTYXn9/P5ZdegmmavDFvHkMHD8bv9/PR0qW0t7eTSNjk5uRQXFxEcfHpB/wcCyGEEEIIIYQQQnxejsxgdTfKl4bK7YOR2+dwL+WoN2zIEHJyc6ipqWXZsmWMGD7sgM6LxeM89sRjKEPxo1tv22+16/Lly6murmbaVVeRmZlJTU0NTz7zLAMHVBIMpqE9zUUXXEBGRgZvv7OAdxYupKSkGMdxOGXiRIYMGZKcSIMyFKCJxWIsWPguZ591JspQqD22Kaurr2fzlq1Mu/IKCgsL+XDxYppbWnBdl9de/zv9+/VjyimTMQyDpUuX8tIrr3DDddPxWb6ucymVuiYk7ASjRx7D5EmT0Frz0iuv8P6HH1BaVsrfXnuNIYMGMvHkk0kkErw293Xq6uspLChAex7nnH0WhYWFydvQujMU3XUZhd/n67hkZ0Wq52lCaWlccvHF+Hw+1q1bxyuv/pVRI0eSk7OrAtfn8+GzfGzfvoOsrCy2b99OwB/A83RqHo+Vq1ZRUlTEso9XMGLE8GSVJ8mWGm/Mm09lZWVn2NvRobixsZHa2jDZ2Vms/XQdxx93LADLli9nx44dXJP6me7YvoMPFy8mHo+jANMwuOjCr3V5LiKRCKaZrIqtr68nLS2NmpowgYA/2bUjtWfeV889Jxm0p3ieh9/vY9OWatauXcuwYcPwtMbzNEOHDmXw4MG8++57bN2+jUsuugij8x6EEEIIIYQQQgghDq0jPlgVn5/MzEy+/73/Ysb3buG+++/nuOOOZcjgwfs9JxqLcfudd7JkyRJ++MNbO8O27mit+XTDBsaM2hUE9u7dm/KyUtZ+uo5jRgxHGQaNjY3EYjHC4TBZmZlYlkXA52PJ8hVUb92afD2/sJDjjj0W19P0qahgw8aNVFdXk5mZSUtTS5fr5uXl0auwgGeff4E+FeUMHjSI/v3709raSn19PWedcXrn6/DDhw/nvQ8+oLY2jGF0E8ol8z4sy6KmtpbVq6twXZdwbZgTjj+O1tZWdtbWcvZZZ2FZFpZlceHXLgCgtaUV0zRZsPBdMjIzcByHvn36MnzY0M7plWGg0by9YAEBf4BINIKnNUopDENh2zZVVVUEAgE2bvyMXr0KCYVCu33G4LMsBg4YwI6dO+nVqxDTsiguLsZ1HSBZ6VpfX8fll17Kk888y86dOykrK8PTHtk5Ofh9FgvffZdjx43DMs3Ond8+XrmSYUOGUFnZn1dfe40xo0dhWRYrP1nF2DFjyMrKIhaLEUoPMXnyJCzLQmuNpz3eeHMePp+PWDzOKZMmEgwGMU2Lyv5lbNmyhWAwSCDoJy0UxPPc1P0avP3OAkKhELZtM2zoUPr27YNhmAweMIC33llAaWkpacE0HMdGKZUMg1P/tlLhtBBCCCGEEEIIIcThIMHql8yFXzufhoZ6fvHLX/K1Cy/iZ/fey6RJE8nJzu7Sy7O1rY1PVn7C/Q88wLLly7nzzjuZfs01PW4i5joOltX1sTINE9tOpL7SzPnba1iGQVZ2dmfo6XiajPQQvQoKcZzka96QbC3Qp6KckSOG88ab8ygrK8U0u1aABoNBLr7wQtatW8+n69bx4iuvMGnCBCorKwG6VIwqlax49TwXw4CAf7dwToORmtswDJqbW/hk9Wo2bdrE5IkTGTlyJLW1tZ3z7KkjZMzOyiI/Px/HdcjMSO92XCiYRnrqmE5tuqaUwnFcNm7azIaNGykpLubrF13UGQonx4DtOFSUl7Pm07Ws/GQVvUtKiMfjdCSkVWvWkJGejtaa/LxclixbRllZGQpFwOfj9FNP5bnZs8lIT8fv92MYBrZt88mqVYw//nj8fj+R9ig7d+6kvLycRDyOLxVifvrppyx87z1s2+H8884lFEpHocjPyyUQCGDbNpZporXGdV369e3LuvXrSdg2FWXlNDQ2pKpVNZ7WZGdnkZuTi23bpKUFgWQf2uOPPZZ1G9bz1jsL8DyvSwje8dEnv9/1WRBCCCGEEEIIIYQ4VCRY/ZIxTZN/+8aNHHfcccx89FF+/OOfEEoPMWTIEPLz8vDQtDQ389lnm2htaWHSKZP5n//5KYN72LAKksFgae/erK5ay9ixY/H5fLS1tVG9dStnnnYahmFgKIPzzzuX/Ly8zlAvHo/jOg4jhg9nQCoM7aC1JhqJcuL48ayqqmLFypUMGzyky5g1a9dSvWULZ5x2GiNHHsP777/PylWrGTFiBP5AgPXrN3RuULWleguO41BYWEhtuI7tO3Z0zhONx9BeMuRMJBIMGTyIk048kTfnzaNq7RpGjx5Fbm4yQNy+fTv5+florXnttbkMGjSQoqIitKc5/vjjOjeR2pP2PJQyOOGE48nKyqKxsZE1n65NhrKeR1paGl899xy2bNnCiy+/Qk1NDX367GqDoQHHdcjOycYyLT5aupQLvnoe69etx/JZ2LbN6qo1KKV45dW/4jg2W7duIxKJ4PP5iMaiFPYqZNLJJzP3738nPRTCsix27txJNBpj9Zq1VK39lEDAz7LlyykvL2fgwIGsXfcpo0aNZOTIkRQXl/CXp58ikbAJhTQoxQknnNAl5GxtbcVxXXJzk6HpipUrueC886itC6daASR/tuOPP55Q+q7w2XVdXM8DpZh08sn8ceaj2I7DgP79unwGQgghhBBCCCGEEIebBKtfUmPHjGbsmAfZsXMnmzZtZsuWLTQ1NZGWFiQYTKOiopz+/fp19go9UMeOHcv6DRt55tnn6Ne3L1Vr11KYn8+ggQOoq69Hk6wwDQaDnedonQznPlqyhJ07a5KvtGs49thxGIYiHotjmianTZ3KzFmziCcSXa5ZUlTMnFf/SiQSpXdJMUuXr2DUqJGEQiFOm3IKc/76N1rbWvFZPpYuX87ECRNIT0+nX98+vLNwIS/PmUN2VharVq3m3HO+AiSD1UQ8jlKKkydM4JGZM5k3bz5nnXUmZ55+Oi/PeZVwXR1NTc1s2LiR8eNPQKde6X/7nQXk5OTgug5pwTTGjh3TWfHpaY32PKLRGFlZWTiO0xkyep6H6zq4rkvfvn0ZecwxzH7pZa6ffi2ZmZkdHxaxaIxgIEBp796s37iB/Lw8VkQiFBQWsnnzZqLRKN+4/nr8AT+O4/Dnxx5nxccrKe3dG8dx8VyX4cOHsWzFCurr64nH4yz68ENGjx7FKZMmoZSirq6OWU88waSmJk46cTyzHn+CJ59+hsp+/aneWo1SitzcHDzPQ2uPefPmEwj4cVyX4qIievfuTTweJxgMUNSrFztrasjLz6e9rR3P80juQKeZ//bbZGVl47oOmRkZDB8+HO25qZYD6ZwyeRJ/fW1u6pwk13FxbPvgH3ohhBBCCCGEEEKIz5F555133nm4FyEOn8yMDMrLyhg+fBjjxo1l1MiRDB82jLLSUtLT936NvSfBYJCBAyqJxmKE6+vp368vp0yeTCAYxHU9LMukoqysM2jsYBomlmWRSMRxXQ/bsakoLyfg95Odk0NBQQGhUIj0UIiCggKKUhWoHdccUFlJfV099Y0NDB82jHFjxmCaJoWFhZSV9qYmXEc8EWfCieM55pgRKKVIT0+noqyM2nCYaCzG8ccdx5DBg1FK4XkexUVF5ObmYlkWZb1709DURFlpKUVFRZQUFbNt+3ZCoRBnnXE6BQUFncEqCmw7gW07GIairLR010ZRWmP5fFSUl3e+4q+Uok9FBZZlEQymUV5WhmEY9O5dguM4hEIhsnergDUMg94lJWRmZpGRkUFlZX80mvy8POKJOP379aO0tDeGYWBZFjk5yeCysLCAtLQ0SkpK8Pl89C4pIRgMUlxcREtrK+PGjCEUCmEYBqFQCKUUmRkZ5OXlMXBAJbZtUxsO06tXL6ZOnkxhYWHnJlSu9nBsm4TtEEpLo6ioF6Zp0K9vX7KyMsnJyaZvnz5orSkpLiYrK7uzwtW2E9iOg2lalJWWYpgmxSXFZKSnk5+Xj2kalJWWdlYBa63Jzs6muLi4x9YUQgghhBBCCPFlEIlEWLRoEQsXLmTOnDksWLCA6upqmpubKSws3Ov/g3/Rkvu0/JCKigp69+59SK8tDq1f/OIX3HfffTz++OMsXryYkSNH7ioOO8q9/vrrPY5RuiMZEUIIIYQQQgghhBBHjUgkwty5c5k7dy6RSASAtLQ0AKLRKAChUIgzzzyTM888s8vmyF+kP/zhDyxcuJCJEydy4403HpJrikPvrrvuYsGCBSR2e7N48ODB3HHHHZSVlR3GlX0+ZsyY0eMY2flFCCGEEEIIIYT4MgnP465p05hZ9Q8e70HVzGlM+4dOrmLmtLuYFz7Qsf/4Gv8VRCIR7rnnHmbPnk1FRQU333wzs2bN4uGHH+bhhx/m97//PTfffDMVFRXMnj2be+65pzN8/aIsWLCAW265hYULF3b5esGCBV/odcXh8c4777Bt2zbC4TBXXnkllmWxcOFCWltbD/fSDhkJVoUQQgghhBBCiC+dSqqf6S7ErGLmjEfZcDiWJA5YR6haXV3NlVdeyW233ca4ceMAqKqqYs2aNYRCIcaNG8dtt93GlVdeSXV19Rcarj7++OM88sgj1NXVdfl+XV0djzzyCC+88MIXct1O4XncNW0mVXt9bxp37fGgH1D4XzWTaXvOd0RI/lJh2p5/7prHAf1OYn/C87jrAH+5sWTJEurq6mhububYY4/l1FNP5ZRTTkFrzdKlS2lubv5nV3NUkM2rhBBCCCGEEEKIL6GJEytYsDLM1Km7bVpctYj5U6YwZf78Xd8Lz+OuLmFrJdfedwdTC1PH/hcmVjzKo/OBKbdya5erhJl31wwe3TCFW2dNZ2jn1x1TXct9d0ylkCpmTruX+QAzprH51lmcu+MuZmy+hFu5l3tTy5ly6yymD+3mZva3xm6OV157H3d0HKyaybR7d93vPq9xBHnhhReorq7mxhtvZOLEiUCyOvSJJ57oDE47WgB87Wtf62wD0BFwXnXVVZ/rejZv3txjP8oXX3yRcePG0adPn8/12p0KS6jgURZVTWdox8+vbjMbKiupXLCS8NSpJH/iVSyaD1NuPcJ/yD3o+pwm/7uaMbOEWYfo4V2wYAETJkzghz/8IXl5eQDccsst1NbWsmLFCiZMmEB2dvYhWcvhJBWrQgghhBBCCCHEl9Ex46lYsLJLlVvVovlMGT9+1zdSgWTFrbOYNWsWs2bdx7WVG3j0f3erjtvwKAv63Jc83iXUSYWoFbcya7dQdcHE1NhZs7i14lFmzKwChjJ91q1MoZJr79stMJp/L890zH3ftVTf283r/z2uMVmFu+v4rVQ8OiM5T9VMpt0Lt6bWk7zGgbYjODzC4TCvv/46Q4YM6QxVN2/ezCOPPEIkEqG8vJzy8nIikQizZ8/ufA1/4sSJDBkyhNdff51w+PO9wblz5x7QuC+2JcBQxk+B6h277q1q0XymXHIJFRs201lHG95BNVMYf3TnqnsoZOolU2D+okNaYTt16lR8Ph+2bXf+ufDCC8nPzz+Eqzi8JFgVQgghhBBCCCG+lIYyvmIBKztzqCoWzd8jcCqcyh2zdq+MK+SYiZV7zFPJxGMK2VPVzBk8yrXc13Fy1Rwe5Vpu2q1Cduj0W5ky/5l9B5mVu40vnEoyO9ojOuphjeF5zzC/8lrO7Tw+lOmzZjF9aJh5z8xnyq3TGbrbXDddC4/OOfJeAO+wdOlSAM4888zO7xUWFnLGGWdwxhlncPfdd3P33XczduxYIPnKdoeOczrm+Lzs+fr/vlRXV3+u191TQZ9KNmzuWEuYHdWV9Cn4/+zdeXgU153v/08vEloQSwshMFsTEEY4+BmEx4BpIDjYJNeeeJlfEMuMA8mMk4sJ8LMSJoxNwLE95BLjCzEmk/ySxww3iGXuxE5iPzGOYwKSDdiAJ3YMRhgjgTCbWhgE2nqp3x+9t1pStySkFnq/nkdx6DpVdapO9amqb3/rVL4mz9yj4GFTVaGTo0ZoQKDUW0/F9Th98+UiH80PBf4v6a2nHtFTb70Vmv7UW7rkH54g1vqOvRT2aH97BxA+9lLEUAHB4RCaPO7ftvGKv/zlL8vj8ejixYuqr6+Xy+VSVVWVLl++LIfD0WJw1ePxqL6hQXX19TH/GsJehpXsGAoAAAAAAIAeKn/ycO0KDAdw7ID2zJysRZIONCkZ9qi+JI2a1vKC96zVWkmjFo5X8Gn8c6elk3tU9MiWqMKjtLC55QwfrPCQ7YARo6SSc7qkwTEKx65jVcVJafgcNQ39VqnipLRn7SPaEz1pZrNb1uUqKiokKTimquR77D/88f7du3fr448/Dk4LCMzT0RmrgXW15kYHVnPGT9OoLQd0bFG+8i99qBJN0+IcSSNGac+BY1qUn69L505r1LT7fcfDsZdUtGW4Vm5drXz5ApsxH6dvttwAvfXUWp1euF5b787xZ0A/pRFhw1Cc3FKhOVu3apH/+CzavFDrt25Vjj/T+tVjd2tRvi9wu/b0Qq3ferdy/NndT70VNmRFi3w/EmjmSv+PBMf00trTWrh+q68ex17SI2tf1bG7w35EaIctW7botttu03vvvaeKigo99NBDyszMVGlpqd5//309+OCDeu211zR9+nTdcsstMZfx+eXLqq+vjzmtb9++6pWa2gE1vfEIrAIAAAAA0FPlT9Zwf8BFB/Zo5uRFUsTDxKFg5Sh/8OjSW0+pqLUnukct1PrF0uaizXprfNhYp8ExVTtSG+vo1x3GVA3XWnbohg0bghmpY8eOjTme6o0OcDbnRr04KyhnsIarROcuSflVFTo5fLLvWBs/TaNKzumSBujDEmnaYv9oqwf2aNTC9cFgY/79CzWqyB+YDVvssQPhQUspf9FWbZWkS2+p5OSo4PKUf78Wjiryj13s+2jUwvv98w3QiFHSqGn+HxtyBmt4cA2X9GHJSc2cs9r/3fA92r9lV/jYsJGa/CAwKiw7XPlatHV1aOnnTktha2urzz77TK+++qpGjhypgQMHauzYsfrss8+0bdu2YBm73a5BgwYpIyNDb7zxhiZMmKCxY8eqV69ewTIWi0WZmZnyeDxyuVwR6+jVq5fS09PbXdfOQmAVAAAAAIAeK1+TZ67VgWOTpT0zNXlR1ORjB7SnLcHQ4YOVk5OvOTO3aO3mtzR+9d3KGTxc8o91GfeyTp/TJeUHy8fMPm2ljqEs1/yo6b5AV8m5S1J+x4Z6b6QBAwY0O62ioiIYVF2wYEHEcAFSKLA5fHj7g2zh60y0/A17gZXyNXnmSR2oCowX7D+gc8Zrmjbrw0uDVXFyuCbnSL6hAqSTe4oUmUQ9yheYDf7bV27UtBj7vapCJzVcc9p9+DSXPT2z2e9Lyz8IRL4kbtSo6OE72ua9997ThAkTNHDgQJnNZt11110qLy/XuXPn5PF4lJ2drZEjRyojI0NZWVnKzMxURUWFbrnlFuXkRG5FZmam6hsaIgOrJpMyMjIigrDJjjFWAQAAAADowfInz9SetWu1Z+bk2I8Jh7/459hLKgpEa+JZ9qKVmnlyiza/dcmfzbdHa8MHczz2kh555KXmX7hzcouCw51eeku79ozSwvtj1LKFOubcPUczw5cTHPtSunvOTJ3csjlsvMnAtOR9e1UgKBk+dmpATk6OlqLZ6gMAACAASURBVC1bpmXLlgVfbBUuME90kKs94n1xVVvLJ2rAiFE6fe6Yf3zVwKc5Gjz8pCo+PKfTweM8R4OH+7OcAy8v27pVW7eGZViHlQuN3RqxMo3SaZ1r9+HiC/LPXLk1qi5tfHT/2KvacnJm8KVsq+d0TCD9008/VZ8+feT1euV2u5Wenq78/Hzdfffduueee1RQUKD+/fvLMAy53W717t1bFy5cUF1dXZNlmc1mZWZkKDXskf/0tDSlpaXJZDJ1SH07A4FVAAAAAAB6svzJmilpZqzXpOcv0sqZe7Q28BKcXSO0fuVM6WT4S69aXLgWrQwEL3N09+qVmrlnbeilOmullcHgkS/bcEtRWGBz1Expl79s0RYNXxkd9IqnjvlatH6hTq8NvMinSFuGr/SNXZm/SOsXSluKQtNKpsU7rmXXCLyUKlaAsqKiQhs3btTGjRtjZpKWlJRELKO9jh07ptLS0oTmKS0tTTjLNRE546dJFQdUoWkKf6da/uSZOl1SorBoq/Inz9TJLa8qFLt/KmagP3/yTGnPgchyT72lSznjNW3USZUEvgzHXtWWk7Ff5tZKrTV+2ijt2RV6mdWxl1p+mVbrAgFf//irwVUN1nCF1/lA0zGGY7h8+bJMJpNcLpcaGxvj/pOkmpqaJo/8S1JaWppSAoFVk0lpaWkRgdbugKEAAAAAAADoSXLu1uqtd4d9kK9FW7c2++/8RVu1NWqIgNDk6GWFjT8Z+iCsvG/Z0SMOxFrXpbckaYTuXx2rfCJ1VIxtDp+0Ws1MSko5OTm699579cYbb6ikpCQiMzV87NTTp08rPz8ULA+80Oree+/tsIzVDRs2tGm+tWvX6t///d87pA5N5AzW8D1btGfmysjjZsAI6eTp0Hiokj+w/pSKHnnE/8EoLVwfI0u0SbmZWrnVN/TE3atXquKR0HACM1dubRr8j6fad6/WyopHwl7uFlpHwvxjvW4pekRbNEoLVy7UqLX+sWdz8nX/wlEq2uKv88yFWjhKai3UffnyZVkslpgB0paYzWZdv35dbrdbKSkpTaZlZmbK1dgoa0pKt8tWlSSTYRhGV1cCAAAAAAAgnO8FVNNuwMuuur/a2lo9++yzOnPmTJOxVAOZrNGfbdu2TcOGDdMTTzyhjIyMDqnHr3/96za9CGv48OExX6qF5PXnP/9ZJ06c0IQJE2S1xp+nefToUfXr10933XWX+vXrF7PMlStXlJqamnQvrSoqKmq1DBmrAAAAAAAA3UhGRoaeeOIJPfvss9q2bZsOHz6sr3zlKxo7dmwwoFpbW6uPP/5Yr7/+uj7++OMOD6pKihkcraioiBhTMz09/Qa+rAqd5fr16zKbzfJ4PAlllZrNZtXX18vj8TRbpm/fvh1RxS5BxioAAAAAAEA3VFtbq9dff127d+8OBjMDgdPa2lpJvsDm7Nmz9fDDD3dKnQLZsQHRGbXonsrKyrRp0yY1NDSoV69eysjIUFZWljIzM5Weni6TyaSGhgbV1taqpqZG169fV319vbxer+bMmaMpU6Z0aFC/M8STsUpgFQAAAAAAoBurra3V4cOHVVFREXw0f/jw4RoxYoQmTpzYqQGt2tpa/eIXv9CRI0dUUFCgRx99tNsF1ACJwCoAAAAAAAAAJCyewKq5E+oBAAAAAAAAADcVAqsAAAAAAAAAkCACqwAAAAAAAACQIAKrAAAAAAAAAJAgAqsAAAAAAAAAkCBrV1cAAAAgUcZ1pxr2bZK7/KCM2sutlfb/13Sjq3UTMMncd7DSH/hfMueM7urKAAAAAEmNjFUAANDt1O/ZINfR11sNqhqGIV9AlaBqfAx5r3ym2pe/19UVAQAAAJIegVUAANDtuE/tj6sc4dS2MWoudHUVAAAAgKRnvX79elfXAQAAIDGNcV6/mAitthXXiAAAAEDLrL5H5AAAAIAQrhEBAACAljEUAAAAAAAAAAAkiMAqAAAAAAAAACSIwCoAAAAAAAAAJIjAKgAAAAAAAAAkiMAqAAAAAAAAACSIwCoAAAAAAAAAJIjAKgAAAAAAAAAkiMAqAAAAAAAAACSIwCoAAAAAAAAAJIjAKgAAAAAAAAAkyNrVFWhWWbEWbyiVfd7TWjEtu+WyzhKtW7VfU55eodaKdui8ncBZsk6rtpc3nWCfp6dXTJOvymUqXrxBWr5Z88cE5hmq5Zvna0yzy2x++o1XpuLFr2hYku7zTuMs0bpV2xWjdX0cy7V59oWkPj4T4ztOS2NNcizX5vlddDQWL9YG+dbvLFmnVWce7Jq6lBVr8SvDwr7XnV4BFS/eoMpm+9zWpre06GL5uqh4+5ywYyWir0sS/vNTU4529qtJvt3dWMqcN5Q2LKvphOrXVPPSMx2yjrRF+5Wi5pb3pDKK7pP+OkW1uztkdQlLmfOG0nJOqP7Fx+TqgvU3ez0T1f87S9Zp1f4pN+D4d6pk3SqdedB3rdT9dWyfnch+79JzZbfW3HWQXfNuius8AAB6piQNrDpV8kqpHA6HSrfvVtm0GxgAzJ6mFZun3aild4wYQaey4sVatU7NXwDbK/XKuhJ9K3p6WbH/xmbojasv4hNx7DV3wzcm+Y/PhMS6efDdaKwb1oaAXQcYM3+zNnf6WpPY/l+pOHdF1HHoVMk6382gvTPqUHZIpckeWIxRP2fJOq1aXNz24Gp32O7urEkQtVDpjy1X1iJ1WHAVrWhyPeM79y0uDn2ePW2FbqrT3o3WQX02+72zNL0Ocpas06pVxcrtsoQHAADQHskZWHUe1f5yhx5ccYdUukGHyuZrTNSVRlnxYgUShuwOR/gUXzbk8inav8GfDWifp6dX5Gp38FfisIuaiIxV/7zzhmr79sDvye3NQLoxxsyeJ/uqM3JKzdyAT9GUoft11Dkt4uKt7JA/YB0zbTCJRGWEOZZHBhzD299fwHdTFiszzlmidavO6EH/Z5FZM0meJRB+fMq/HculDYGND2a1BjJfo47XVvZjchij2fPsWrX/qJzTAgEl3812qJmigk1R2b7BzHZnidb9SpoydLu2l0pyLNfTw16JysKJzPAOZKw+PewV/3GxQYsrfetzFi/WK8OWa8r+Df66+I6X3N1h/U9ENlBUNkpYEMGX4TNF8yq3B7crOG9YO61afKZL+5yhU6ao8lCZIjpd51Htl0MOe6kqpdiZ/glkpZYVL9Yrw+Zp6PbtwX3liMi49+2gVYu3+z+POh66MMO5JdnTHpRj+yu64JTGZEutHQ+/0pTgPrjjbrsOvRW93dH9Vfj3u0zFiw9p2LxKbd9eLtnn6fEp+/X8mQe1XBsU6iI2a/aFsGVE7Luo/arw4zmO82Fz38Ng/WJve/LYqboX85RRdJ8yZj/jzyT1BVutaaFSxpkNurZrp+8fBS+q98wCmWJNkyTdpoyi/bL4/+WJzlC9ZbuyivyhrvojUdmjvqzWwLzRy05btF8ptrBlhQWK0xbtl/n6EZmHFcikGrn33Ku6I+HLq5GnOvE9dONla9qK5TqzeIOK7wg75v19tqK+J7G/F9Hn8VjHXnboWN+wOCyLs4W+Jfp8Mn689GHfiO/AjcuujV9cfXZAk2z70Hc6er83d74K7fvQuTJbLbVJHH1Ja/Vq7twZ2NyWjoducB2UPW6K7DoT/Hf4kzSSIs+5zthPTNjnPa0Vububn5a0F7oAAHR/SRlYdR7dr3LHgxqjMZJD2nCoTPPDLhjLihdrQ+U8Pb15mrIDF8Wya0qwRLm2vzJFT2/erGz/BfaqxXbNe3qzNmf7599dpmkxr6zKtX1/YF7fsjcU35GEN4StG3fHUP3qqFPTwm50D5U6dMdyJXdgNRig2ey76HaWaN2qdSrxXyhHtn+gfOCm7A45FBmMDx1PYTcOm1eE5u1WWQKl2nBouTZvnu/fLxu0uNTh31e+4/WVktlhwbrm92Py8m3H/ilPa/MKfyi0eLFWFef6v4dlKl61XUOXb9aKMfL9e/EqFedu1vxsSeXbffNu9odoS+Jba/a0FXpakY83OiWVb39FU8L7jlWLZZ/nX35ZsRZvCGTVhwK2m8eEtmNdSdgNTel2nQlMLyvW4g2/Usm4FZo2Zr42L1cXDwXglztOU/bvVpmvB5bk+w5pyoMatt9/k549TlPs27U/rH8pO+QbuiXe71H59v3B/eosWadVG4p1x+b5GjNthTbnhg+L4O/jhy7X5hVjFCvDLTm1fjyE7wNJ+ubtkcNBhIZtWRHqvyIyYku1/cxybd4cCNbu9/0YuXyzfF3EOq3asFilDn8ZZ4nWrXpFJbNXaFp29H4NrM9/TGZLLZ8PW/gejonju5A0npG3+j5Z+xZKki+oWvuaal70BSx9Qwh8S+kFO32BypkF8gaDpU8qo2i5MmbvDAVPbdky9kxRzRH/vF/crrTd81Tvn2yxSa71U1QvXzA07bEXpRcfk8sfVDWf2aCaXTuDy+49R7q2a6cvqJpxRPXr/YHY2duV9cXwgLBkGWYLLlvRy/MHhIMVSSpjdIdDeiX0i0SE6O9Jy+dxX6Zm5byntTkscLqu5GmtWPG0FPFkSBx9S8T5xHdch64vnDq6v1yOB1ckf58t+c85lZr39OawgOeG5q9xmztfxTpXtnpt1UJfEk+9mqtLtvxPYoX6yYh1d5PrIOfR/dK8b8V3/hwz33cNGJjXf554cFq2pJamAQCAG8VsGIaS6++4dm8vl2NingzDUN69c2UvfUX7qkLTD5VKjgccshmGDMMmxzfnyi4FlyGFT8/TRIckxwNy2HzT8yY6pMrzqgorH3tem/In2yPKdv6fJEV/VqV9v9qucsdE5YXVW9Hz5E3U0P0fhep+/JBKHROVFyzede3c/PqrtO+VUjmWzQtum2Fz6Jtzpe27j/vab96LevH7gTbybacjuP2+9i49dDy4vI/2B46n49q9XZr7zfB552mZo1Sv7Kvq0v1hGIaMiDaMva8ku+bem+ffL/mabJfsc+/17yvf8Vp+piqu/Zg87e77ztsn5/va5fhubddcfdNhC5bJm7dMDn8/ULXvFZXa5+revMD8eZr34oualxfaR5PzbWHLb/odivi+KHx6VFnF6Dvk0AOBuuVNlEOVOh+ol2NZsB6Bvknbd+t4YNnh9c6bKIfKdaaq+Xp2RfvIsCl/cqUOHQ98XqWP9su3T4P7zX+sBfuX4zpUGr3fw/+i+pyo/WrLnyy7fz822RfHd2t7uUPL5uVF7NfI80Jn/8Vuq+PFG1Rqn6x8W7zHg69s7OX6z4Vh32Gb45uaaw/1V5KC58rg/GHHmG+/RvcZgWPOJsf3X9SL80Lz+8rHdz5s6XvY+rZ34PHaATzXa2TKzJMvg3VKxLAArk9OqPk1PaPa9VEZqdX7VHckfN5smQrC1vXXUJC1/i9HZKTlyVogpcyZLkv9ETUEM1SfUe1fy2Ua9qDSJNW/NEU14dmtuz+SJ7o61R+F4qazb5NF5XIHlnfkMTWcqYlrf4TrjO+NYRiyDQ2cu6LLKep70sp53N9fBPto/3H+/cC/fRsVd98SeT6Jur6o+kj7yx2amJfofujg70BcfbZvP7344veD/W7w+jjm+U8JnK9av7aSWri2jqdezdbFd60Tug4KLG+e8pL2Oqhc21ct1uLFob9V28vDjn8j6rok1NZNlle1T7/aLs39Udg2xjONP/74448//viL+y8eyZexWnZYpfa5+lHgZ9vscZps36EDgcwo5wVVyq7J4T++Zue2OmKofWg3/rW2dKMei84wtc/Vj+a19tv2GE0c+tvgcABlh0vlmDhP0uEbVNGO4FRluVS68bGmg/s7okqW/EQ/3FHeZPKYiQ5p42GVzRujMc6jOlDu0ANj5D92ylX6w8e0I2rR9rkduxWdaWhurGM7/v3Yucq1I+b+/5G+78+ocF6olMpL9cPHmpTSXEnOynJp6ANdlyFkHxpz3U7fDm/6Xe3aHd4m2eMmq/IN/6OlzqM6oMn6ZrZ0NKqMfUelbzgS5wVV2ifr3hvQKM4LlZJ9cuQ+j6PPv+HKd8Q4Rh1a9qIv27SsvcdDrHOdspWb8IYPVcwuIkzZ9se0MVhPuybHU70Wvoc3w3ch8rH7QEDyGbnOTFfaF/cr64tqw4uvamRcCvvnkXPyziyQKUeyZGZJteciXyp1qVqGbBFLiH4JV5PgaqBc32yp/kTEdNcVp9JyEqhuMmrlPB6zv2h2UYn3LWMmOqTfXpBTY5TtrFS5Y2JSPO0ST58d5CzRT364I/TizPZ+LTvq2qpN9fJd6wx9oDtdB9k190ffj8yYLduuxzb+ViX3fj+BTNoybf/hDmnuj2LM09I0AADQ0azxRmA7h1Mlvy2VytX0hrX8DZU55irPCP/VNrJI5GdR05tEmyMj0M3Na4T/Kt/ezWsDw5DkWKZNc/NiToysk6/e4XXOmzhUG98ok2OudLjUoYlzDRknmpu/c8VqwwDHsk2KvcmGnCXPafXOckkOLdv0PeXphHYs2ahgu+VNlEMbdbhsrmznD6jc8UBYZq9dhU99L+aFZtd+F4ywDIXwj8OOT0Ufq03nif5vS/uxa0Tu/xM7lmhjaSi7yFc3SfZCPfW9WI/EGwodvjG2Icb3ufnvcOS+jpwnqmSsviPW9Ba+q8646tF1fU2IIcOWr0mVL2lf1fc07ugBadIiX6aRFOpLbfmaZN8R/J5FlGl20c3st2b7YUNqoQ9uqQ+54Zo7RsPr2ebjoblzU9g64jlfhU0I9hVh8/i+f/5t2TRN2c4SPbf6YFznw1BVmu3E4zxvtZ2p9SJxsWRmybju61mCAdV6/2P3BS+q98zQdrh23RvxKH5W0X0xxlnteKGAarlc6+9Vvf9R/xutI88VzfWvki8Ybx9iU8T5Ldb3v5XzuG/ol+b60cjjv6Xru9jnXPmuL8p/q4+qHBp0uFSOiXO7+NpBirvPdpboudU7VS7ftcH38vx9gNT6fg9flxHVlq1eWzkj5vVXKbT8BOrV8rkz9t5JvuugGP163j0qtK/WgY+q5Ajbic2fI50qeW6jSh3LtCns+smnpWkAAOBGMHd1BSI4j+pguV2FT23Spk1hf08Vyq5SHT4hKXuQhqpcZ8NfwuA8Hzk4P0LyJspRelgnThz2DQPQ1fVplU1D7FLleWcz0506erBcjmWbtGnT3Ga2x/+43uESX9mJ/lKxjp2bVmv7MTnkzX1KhfZSbXyuRIGaZg8aKpWfVXPNZPNtmJJty5K1Xm2TrXGTpINHT+joQWnSuFgpL9kaN8nu/541V6YDahLreOgGfX67j4eY/ZVT5ztsw0/ocKn/fBvzR4yWtbR93eu78KTMNsl7Zaf//9fIvSfqsftYds9Tzfopqj9TI1POdKXEta4smcIzRgsGy+zPYvVcr5EyBkcuJ8fmDx4XypqTJc9fp6hm/by4hkl1XXFKabbgi7AkfxZrUjqhw6XS0EFx1K+V83hr549Wy7bat+RpoqNcB4+W+H6sTpqLqtb7bOfRgyp3LNOmTbEDjW1fdfuurdpXr5audbrHdVC4uL4DkpwlL2lnuUPLYuywlqYBAIAbI6kCq86jB1Vun6Qm14PZ0/SAQyo9fEJSnu4ptKv0t4FAjFMlL+1UeZOlwSdPEx2l2rixNBRgTGrZmvaAQ+U7X1JJ8FrYqZLnlui50AdhF8r+X+ajlpI30SGV7tTOcruGBJ+k9B87G3cEsx6lE9qxZIl2nNBNJr792PWyNW1RoezlO7U60Ah59/iCreGNcmKHlizxtVv2tAfkKN+pPwYnt7xdvpvngzrqn+ws+W3TxwI7Ykv89XoprB7Okue0JCxo3J1kj5sk7dyonYrRJ4eVsZfubLFMuzU5Hvx9vuOBpH7Esf3HQ9P+KnDD/ECHbXh4MOSEdqyO/1za0vew+3wXCpX+2H2yVL8WNk5qePDT97KqUGbsk8oo2q+M2aH5rTlZMi7tazkIG8Yy+kV/8LRQ6VMKZPKPyeratU+etAL1mlMYWtcX7TLOvBIMpJr7Bqb5693Sina/Ine9XdbA8gpeVK+wIQSSRyi7Lr44UCvncX9/8duwY+/EjiVaEusk38a+JW+iQ+U7dybdj9Xx9NnhP3g4S54LGwKkPTrg2qrN9Qpc6/wxtG5niZ5b8pxKnN3lOkjSiT9qZ3koUG8bYpdKDwe36cQfw/rmEzu0eqdU+FSM5IKWpgEAgBsmiYYCOKE3dpbLXrgw5uOkowumSj/9rUpmFcnhKNLSyu9q9RLfo3dTCwtlLz8YGqBfinhUssnji7EesWxu3uDkLhoKIKxuLZUKr3d0nUcXTJVKpYLR/u2KeLy8KxgyVK6dq5co8uFJuwrXFMkxulBrCtdrTdh0e+EaFTlsMgzJsbBQB9eslr/5NXXpGhX+bo12HipT4Wj/peToAk1Vqd62T/K/9ML3sc1/7GxcErpqn7r0Bc0d3fxjZJ2jmcd+w49Phf1/I/Y8EcdLi/uxa47m6O+XJMnmUNHSSn33pxv13JA1KnJky1G0VJXf3ahQM03V0hfmarRhyNBoFa4p1Po1S7QkOHmpXnDYFHriMGwdowu1dOp39VP/frAXLlWh/aeqDHxfwvoHW/4k2Xdu1JJS3/rCH4cMLNf3n6hHqw1DhhGoV+jYlL1Qa4p8L+wIVS3WvPIds+U/1eolB33fg04PGkbVx5avSXZJk/wvFQsdjKH90aRMc4uO3G9N++RQuaZ9lE2OojXS+jVaEmjwqUv1QuHornvEMa4+NNHjoelybY4irdF6rQltuJa+UOj/HsRxvmryCG14nzFahUun6rsbl/h/aLCrcM1STV3zUx08WiWHo7Xlt/A9NGwtbnuXDQVg8z26H844s0E1ES+Muk1ZgTFUVSP3ntfkmXmfLKMLpSPR0+UbZzXuYQBq5L5kU1rRfqVJvuEGgmO0PqPa9VJG0XJlFS0P1i0wxEDd/unqPTM0zfPXDXKPXi7rLU9KijXO607VvZgXtrxyuc/UyJrgGKsdOhSAJJWG9+s+9sI1esGRHVxX+HEWXo/Av1o+j9v854/oY2+0DEPKn2TXzo1LVDp1qV6Ym9dy3xLdLwX4ry9U0IV9kKRE+2ybY6EKD64JXjtr6lKtKfyd1uw8pLLC0cHRfGPv98h1RZ8r81psk5b7kuwE6hX73Om/1gk2om/dDpshw5aM10HNX/+ODvb9vn0S2J9Tly7V1NLfSYahskO+z5osY+pSLVXz014ggxUAgBvGdPny5WSJrAIAuhWnStdvkRZ2RSAYPZ3lV1/t6irc9Dzf+kNXVyEJndDOpUdU8NNCsgIBAABuck8//XSrZZIoYxUA0K04j+mgJukbtqiMLgA3Ba4RYzhxWG/fVaA5XfbUDwAAAJJJUo2xCgDoHk7sXKZlPzqoSd+YmvCLjwCg+3Hq7eeXadkmaUkhuaoAAADwMTmdTn5wBwAA3UrKS/e1Xgjt4lr0WldXAQAAAOgyzz77bKtlyFgFAAAAAAAAgAQxxioAAACa4BoRAAAAaBmBVQAAADTBNSIAAADQMgKrAAAAaIJrRAAAAKBljLEKAAAAAAAAAAkiYxUAAABNcI0IAAAAtIzAKgAAAJrgGhEAAABoGUMBAAAAAAAAAECCyFgFAABAE1wjAgAAAC0zXf3f07lqBgAA3YunsatrcPOzpHZ1DQAAAIAus+bMHa2Wscpk6oSqAAAAoFvhGhEAAABokVXuhq6uAwAAAJIN14gAAABAi3h5FQAAAAAAAAAkiMAqAAAAAAAAACSIwCoAAAAAAAAAJIjAKgAAAAAAAAAkiMAqAAAAAAAAACSIwCoAAAAAAAAAJIjAKgAAAAAAAAAkiMAqAAAAAAAAACSIwCoAAAAAAAAAJIjAKgAAAAAAAAAkiMAqAAAAAAAAACSIwCoAAAAAAAAAJIjAKgAAAAAAAAAkiMAqAAAAAAAAACSIwCoAAAAAAAAAJIjAKgAAAAAAAAAkiMAqAAAAAAAAACSIwCoAAAAAAAAAJMhqGF1dBQAAAAAAAADoXqzEVQEAAAAAAAAgMVaDlFUAAAAAAAAASAgZqwAAAAAAAACQIMZYBQAAAAAAAIAEkbEKAAAAAAAAAAlijFUAAAAAAAAASBAZqwAAAAAAAACQIMZYBQAAAAAAAIAEEVgFAAAAAAAAgAQxxioAAAAAAAAAJIgxVgEAAAAAAAAgQVYvkVUAAAAAAAAASIjVy1AAAAAAAAAAAJAQXl4FAAAAAAAAAAlijFUAAAAAAAAASJDVyyCrAAAAAAAAAJAQXl4FAAAAAAAAAAliKAAAAAAAAAAASJDVy9urAAAAAAAAACAhVmufgV1dBwAAAAAAAABIHtdaL2IyDFJWAQAAAAAAACCgqKio1TLmTqgHAAAAAAAAANxUCKwCAAAAAAAAQIIIrAIAAAAAAABAggisAgAAAAAAAECCCKwCAAAAAAAAQIIIrAIAAAAAAABAggisAgAAAAAAAECCCKwCAAAAAAAAQIIIrAIAAAAAAABAggisAgAAAAAAAECCCKwCAAAAAAAAQIIIrAIAAAAAAABAggisAgAAAAAAAECCCKwCAAAAAAAAQIKsN2KhV65c0dWrV+V2u2/E4gEAAAAAAAD0cFarVX369FHfvn27Zv0dvcArV67o2rVrysrKktV6Q+K2AAAAAAAAAHo4t9uta9euSVKXBFc7PPJ59epV9e3bl6AqAAAAAAAAgBsmNTVVZrNZV65cuTkCq263WxaLRYZhdPSiAQAAAAAAACDIYrF02XCkvLwKAAAAAAAAABJEYBUAAAAAAAAAEnRDBkJlGAAAAAAAAAAANzMyVgEAAAAAAAAgQWSsAgAAAAAAAECCyFgFAAAAAAAAgAQRWAUAAAAAAACABDEUAAAAAAAAAAAkiIxVAAAAAAAAAEhQUmasntjxXf307RgTrFkakjdJ9/z9PZqYm9GudTTPqdL1a7RThVpT5FB2u8t1NX89hyzVC3PzuroyAAAAIgHgBAAAIABJREFUAAAAwE3hhgRWO0a67JMKNCSshnUXjunYiTe15ZmD+uCff6BFt/fpuuoBAAAAAAAA6LGSOLCaq0lfnStHdCpo7VHteOZnevul/095TxY1nQ4AAAAAAAAAN1hSDgVg+P/XMAw1WVR6vgr/eYaOPL9Xv9tzSlP/3u6fUKvKg7/Rb/7wocqr6+SWZM0aotu/ukBzHEMVHDigtlKlu7bpDx+cVY07VpnAOl2qLXtDO3f+QccuumVNH6jb/25hzHLOj/6vXvqPt1VRJ6UPvF1/t3COHEMjhyqorTyo3/zmdzrySY3csiprdIG+9vDDmhRRLp5tcKp0/VPaNfQb+q71D/rZ3otS1p1a+MQ/6PYM6erR/9KWbW/rkxq3rAMLtOB//p2/ngYvFQMAAAAAAAA6SBJnrLbA7tAs2179/pNyOWVXtqQLf3xe635frSF3PqwFBTal15zV23/+g47sel516Wv0Pyf2keRU6c/WaVf1aM14+BvKt0nVR97Ub3atU6X7CT35pdzQOs7+Ts//LFcFDy/Qd2xuHfv9Tu3d9bzU539p4e0pEeV+9ss+yv/aAn0nq05H3vyNdq07obPfXaPCPF+52hM79ewLb6tuyJ16+BsFsrk/0d4//Fnb1h1T+XefUGGeL2Qa3zb4Hdymn+VOUuF3vipXdbrsGdLVwz/Tmv84Jg2ZoQUL8qVP9ur3L2xR1o1vEQAAAAAAAKBH6Z6BVWXJlivp2AVVS8pWuT54u0ZZU/+nHi/Mky+cOU7jCnK15V9+qSOfXJAm9pGcx3SwQrrzO0v19+P8ixqXr/S6J7XrgxNyfik39BIqt01ffeJfdI8/1jouL101//JLHfnghBbePi5UFbdNX33iyVC5iXnKfeZZ/f53BzWryKFslesPv3xbNSMe1uqiL/mXP07jJhXod8+s05s739WXnvyScuPdhuB687Xgu4WaGEx4Ldd/7TomjZijJwIv0xo3TuNH/1pP/XtFR+58AAAAAAAAoMdLzqEAjND/ib2odGX1l4LDBWiEZq3+sWYF5gkUs96i0UOkI7W1ajQMpWRlyWaVjvx+h/KzvqrxQ/soRekq+Kf1KgjO6597yFRNGBi2/sCyLlSryjCUHSg3epbuDC+ngZowdYh+//JBHbsyVVOrD+vdOmnCrLtkC6+bhmjGrNF6s/jP+uD8DM3KjXMbAlNG5GtEeth6L5zQh3XS+Fl3RqwnPX+WZtne1e8NhgIAAAAAAAAAOko3zVi9qotnY33uUq3zgs5evKiLJ47pgw8/1CcXJalGVyVlp9yuv1swXhXb3tF//OQdyZoum328Zs2apQn5uYoYFdWaEmsFTQ20qU/UR9lDRkh6XxeqJblcqpNNQ3ObLq+PbaCkT+S8Kik4CkEr29BcPa46VS2bpjZZT5ZsA+PbFAAAAAAAAADx6aaB1WpduChpxFDZ/J84j/xSm7Z9qGrfG59k65OrERPu1Pj39+r9sDmzC/5JqwuuqvLYh3r3z2/ryCfvate/v6vfjJijf318avOBy4Slq0+6JFf8c8S7DYlJkTW9zTMDAAAAAAAAiCEphwIILkfNDAVQfkTv1kkDC0b5Hnu/+q6K/+ND1U14RD+cXyBbMGnzgt58f6/elxH5eL2yNGTsXXpo7F16SC5d2LtJa1/+vfaeuksP2eUvFz1P088NSaq+qlrDUHjssvpshaSB6p9lyKhNUbqqVXmhUcbAyGzSq9UXJQ1Rrs2QcSX+bYhZvyybbDHX49SFCkljO65dAAAAAAAAgJ7O3NUVSFjdMe361V7VWcfqKxP8z89fLNcnksbfGR6QlHT2Xb1bHfqn69jL+tHKVXq5PHyBKeqTFf0wfwI+3huxDtV9ojffPCuNLtDodEn2CbozXXr/zXdUHTHjWe198xMpa6xG2+Lfhmbl5mtCVtP11H2yV3vjmR8AAAAAAABA3JJ4KICLevf1XTobVsO6ix/qw09q5FaW7lryDRUE4qEDR2us9R29+6ufKH3O/RqbVafq9/fq1SNn5QqbP2X0eI217tXeTT/R1a/M0J1DslRz9h3tff1DWUd8XTPsbahmVrXe/Lef6OxDX9aElLPa+/pefVw3Ql+ff6d/7FW7vvKtu3Rk08v6t5+c1UNfniCb+xNfueos3bVkloYksA3NG6JZ37hL74atJ73mHb36+w9V04bNAgAAAAAAANC8pBwKwDd3nSrefUcVYZ9b0/prxIT79OX7ZynfFraerAl6ZHmt/nPrq3q7+Ofaa01T/xF36v/53rdle+dH2vjOJ6psvEv9U0bp6ysfU/+tL2vf68V63z+W6ai7HtXKh/LV3zB8ww/4a2FEDAUQ/bn/3+Pnafmo9/Tz/yzWu/VS2ogJ+sdH56ugf2gYg7RRX9fK743Qyy+/qpe3viu3rMoadZf+8dGvqCA3zbcdcW9Dc/ULrOcW/edW33qUNlDjH/xHTXjv/+hP/vIAAAAAAAAA2s9kdHC07dSpU+rTpx2P1gMAAAAAAABAnK5evaqRI0d26DKLiopaLdP9xlgFAAAAAAAAgC5GYBUAAAAAAAAAEkRgFQAAAAAAAAASlJQvrwIAAAAAAACAZEbGKgAAAAAAAAAkiMAqAAAAAAAAACSIwCoAAAAAAAAAJIjAKgAAAAAAAAAkiMAqAAAAAAAAACSIwCoAAAAAAAAAJIjAKgAAAAAAAAAkiMAqAAAAAAAAACTI2tELTEtLU01NTUcvFgAAAAAAAACaSEtL65L1dnhgtb6+XoMHDeroxQIAAAAAAABAE+fOn++S9TIUAAAAAAAAAAAkiMAqAAAAAAAAACSIwCoAAAAAAAAAJIjAKgAAAAAAAAAkiMAqAAAAAAAAACSIwCoAAAAAAAAAJIjAKgAAAAAAAAAkiMAqAAAAAAAAACSIwCoAAAAAAAAAJIjAKgAAAAAAAAAkiMAqAAAAAAAAACSIwCoAAAAAAAAAJIjAKgAAAAAAAAAkiMAqAAAAAAAAACSIwCoAAAAAAAAAJIjAKgAAAAAAAAAkyNrVFeg4x/Xrbz+vfeEfjZyvf/vBDA1IYClVe3+sfy0+pZHzn9XKGa3NGVjndBX9fIFubX3hWvtEsU61oV6dJ8FtAgAAAAAAAHqgmyOwenybHn1+X9PPTxXrX79dmVCAcMCMH+gXMzq0dgAAAAAAAABuMjdBYLVKe1/2B1WnP65fLLg19PmPn9C2U/u0ftsd/s9jZGP6g7KBDNVYGauBz3xGasGzP1DMZNZARmpLZVrVNPN2+uM/1z/4N+v4tm9r/b7wz/zlA1mwYVmxC4YVa5t/QdEZuHFtU3B7FLVvAQAAAAAAgJ6t+4+xWvWR3jkl32P/EYG/AZrxg8c1XZL2HdLxti4+IgApSae07Ykfa29VdMnj+rU/CDn98bYGVau098dRwxlI2vf8tsTrfyoUVPX985fBOse3Tfu0PhBU9VVCv27rTgQAAAAAAABuMkmXserafHdC5VO+/C1f8G/YoBhjlt6qv50u7dt3RuerpFsTDnYe1+vFpxSe0RkISr7zUZVmBIcMOKPf/HiffPHdZ4PZpYkboBk/+LlCIxEEsm7bUv9AnQPLOKUzTkkD4t2mUFZsYPoZfyUSbSMAAJBcUha/1dVVAAAAALq9pAusJpWq8zojSSOn6DZ/UDNyDFan/7+ndMqf2jlsUMe8kirwyH+bBes8QLdNGalgBePepun6W3+AeMCgYZLCM1wBAAAAAACAni1pA6txZ1JU7dVISafOnFeVbtUAf5bnO1Oe1crbPtJvWglOVp0/0+66SpJGjtTIU6e07+W9+soPZsTIno1HILt0pBY8+3P9YkHg3y3N4g+UdiKyXAAA6J546gQAAADoON1/jNUBt+mukZJOFetftx2XNEAz/mm+VPyEHg2OETpMkYmkvkfrpSp9tL+FqOWAQRom37JfD4wvenybHv32t/XotvABR6er6Ac/0MPTo8omKjhebCCb1KkzzVTvjG8DVPXR/sRySePeJgAAAAAAAADNSdqM1fgN0IyHpmvb8/ukfc/r0RgZqiPnz5bvqfZsDRsp6dQpbXvi29rW6rJv1Vfmj9S+4lPa9/y3w14qNVILZt8qRb1S6tbZ8zVyX3HrWaunivWv3y6OrqT+7Z9amO6XPXSkpFM6VfyEHo1dpEO3CQAAAAAAAEBT3T9jVZJuXaBf/PxxTW+1oC+bdWTw39NV9HjLcw2Y8QP92/yREZ9Nf9z30qcYhfXP80e2PWs1MH9oRfrF49Ml+V4s5SvyT1oQUSSe7Y5eTQLbBAAAAAAAAKAJk2EYRkcu8NSpUxo8aFCb5w+M/dVx43ge16+//bzkf8M9AABAT9Xx11kAAABA1zt3/rxGjhzZesEEFBUVtVrmJhgKoDW36h9+/vOurgQAAAAAAACAm0gPCKy2zDAM1dbWqra2Vl7DUK9eqTKbLV1drZi8Xq8aGhpkMpmUmZGhjIwMmUymrq5Wh6I9kgvtkVxoj+RCeyQX2gMAAABAZ+vRgVXDMHTl6lUZhlcDc3NktabINzKCoY4dIKH9fPdbJplMktvt1uXLn+vzK1fUt08fmc03x1C5tEdyoT2SC+2RXGiP5EJ7AAAAAOgKPTqwWldXJ8PwKCcnR4ZhyO12q4OHnO1wJpNJZrNZAwZkq6rKqbq6OmVmZnZ1tToE7ZFcaI/kQnskF9ojudAeAAAAALpCjw6sXr9+XTkDB8gwDHk8Xnm9yX0T5mPIMHw3Y/369VXVJedNcyNGeyQX2iO50B7JhfZILrQHAAAAgK7QowOrHq9XKSkpcrnc8ni8SZ/dEmAYvnHYrFarvN2kzvGgPZIL7ZFcaI/kQnskF9oDAAAAQFfo0YN5WSwWeb2+G7DuchMmKVhfwzBksSTniznagvZILrRHcqE9kgvtkVxoDwAAAABdoUdnrAbewNvdbsQkdbv6xoP2SC60R3KhPZIL7ZFcaA8AAAAAXaFHZ6wCAAAAAAAAQFv06IxVKfIxvPbyeNy6fvWKLp2r1Im/HNL77+zRxc/OqtHtkTU1TYNHjNYd076sv502U31ttg6p982mI9ujM3XHOsfjRrRH4HHdcCaTKfjXEWiP1tFftR/9VXKhvwIAAADQ2Xp8YFUy5Hszb9tuagzDkMfVqHPlJ/TfpX/S0b+8r4uXqtRQe03yemU2m2Q1S4arThXH/lvlxz/SX4+8p68WLtAX8sbKam1bE/jqezPeiCXeHg0NDWpsbFRaWppSUlKaTPd6vaqrq5OkG/bGZdqjlaUYhmR4pIZLsla/pRTnH2W9/oFMngZ5MsfI1W+GXAO+Km+GXTKntjtgQXs0Mzf9VQejv0ou9FcAAAAAOheBVUmBe7C23Ix5PR59+tH72l38C53+9KSu1LnlNkzKTEuVS4Ya6z2yWkyymCWL2SxDHv1l/x5dvHhBjzz2/2rMuC8mvM6OypJJVq21h2EYamhokMvlkmEYev/993X06FFNnTpVdru9Sfm6ujrt3r1bKSkpuu+++4Kfm0wmpaamKjW1fTfGPb094luIW+arHym18hdKvfSaTO6rwUnWus9krd4vq3OPGoZ9R57sGTIs6W1eFe3RPPqrjkd/lVzorwAAAAB0ph4fWDWM9j0++HnVBf3pv/6Pyj8pU4PHrAaPSSlWi0yS0lNT5PGYVOf2yOPxymQylGKRrGaTTh37QLte+qUW/8uT6p+d3YZ6G2pnUk5Saq09vF6vLlZV6sTpA7pUXSm3262qzzy6XO3Rex+8pmNnmg4b7HYZOnfBLZNJ+kPJz4Kfp6SkamD2cI0a9rfKsd3Srjcy99T2iG8hXplqy5VyeotSzr8qea7LaDK8s0vWqgOSR6q39pen30TJRHtEo79KLvRXyYX+CgAAAEBn6/GB1ZDE72oMr1cfvVeqo/99RCZLiq43Gmr0SJnpFlmsFhleQ71SLTKZpEaTWS6PR41uQ4bFUFqvFP3l3Xe0540/6Gtfn5vgI7a+ut7cN2KxN67KeV4HP/pPHa38L9W5qiSzIYt3sMx9c3S67rQM1+cxFmWVJWO0JEMfXTwe/NhkMiuzKleXa/5ek744R9n9c2U2t+V9bj23PeLivq6U828o5fyfpIZ6GWouAGHI7PyLrFl/lCczT0rt38YV0h4x56C/uoHor5IL/RUAAACAztHDA6tG8C+Q6ZKIxoZ6/eVAiepcXnncXl1r9CrVYlbv9BSNHjFARz+5IK/X6ytsklJTLJJhyOuVZDKUajXrj6/+TjNmzZZtwIAE1mwKG5PtZroba7k9GhsbdfzUO6pwvi5TilP9+5hlTZFMuijpor9UrJtgQ9KJmNMN46KcDX/WuYsT1K/PgDY+ltkz2yNeJleNLBfelq45WwhS+LkaZK56X6Yh1fKm9GvT+miP2OivOhr9VXKhvwIAAADQ+Xp4YFUKvOjCMLwJZ4xc/bxaFz87qwaPVOf2ymwy1LuXRaNH5OjeqXnKSEtV6aGTkiGZJLndhjyGVx6PIZPJkMew6HRFhSpPlyf4eK0h3xJvxpuw5tujurpa1+qPKq3XOeUMtCqzt1nWVJPaM0SdYUiG+7yuXPU9ptu2x2t7ZnvEy+yuk+lKhQxXfNl1pitnJde1doyRSHvEQn91I9BfJRf6KwAAAACdi8BqO1y/ekWuxgbJZFF6iklDcvvrjr8ZrYn5ucq1Zej+u2/T0MH9dOSjSlWe/1x1dS41uqUGeeT2SG6PV2aZdbKsTF/8m4KEso964mODtbW1ysyo09A0k2zZVqWlm2Uy+25J28qQZHg9ul7Z0K6XnfTE9oiXYUhGo2S44gsCGS6T5G3/OhGJ/qpz0V91T/RXAAAAABLR4wOrvkcG2/byiLTM3vJaUmU1S18YZddDX39AY4ZmyaiplNddr3RrL82YnK/JE8fokrNG5y58rovOq6qqvqYr1+p05sJVHTtVJa/Xm/BN8s36souW2sMwDPVOT1ff9Gz1s1llTemYdZqUosrzKe164UlPbI+4l2HuJaPXMOnzc/GVT7lFhiW9nYEj2iMa/VXHo79KLvRXAAAAADpbjw+sSqGbmkRvjHr37a9emVlK6XVF9/zd13Tn9C+roeqk6uqdMpvMksmiRkOypJo0dGhvjRg+WPJ65KqvlTwNOvrpRa3432/I/oVRwXrEJ5DzdHPeibXUHrdkP6qRI9d2wEq8kqtWRt0Vea5VqfHqQZnPvC1v7wEy9RkiI7W3TGarZI4na6nntkdc81sz5R5wp0wXjkuN11subDLL0+92eVP6tyNQQXvEQn91Y9BfJRf6KwAAAACdqccHVsPvhRK9MUrtlaYx4yeqf1YvTbzzDpksvSRLmsypvWWYrZLJHBw+zWUYcrk98noMeRoNpZgMebxeDRk2TMNGjmzDTdnNeRPWUnsEMrS8Xq/q6up05coVWa1W9e3bV1evXpXL5ZLJZFJ2draqq6vl9XqVlZWlzMxMVVVVye12a9CgQTIarqnxzHsyVx6UyV0vc6ZNY3L7yGQ45Tn/idyfOOVJ7SNjUIGMnLFSrz6+tmy55h2/M5JAe74fAV5rplxfuF+m6jOylP9J8jTGLmiyyJszTq4Rs+Xt1bddGWC0R1P0Vx2P/iq50F8BAAAA6Gw9PrAqeWUY3jY93ipJd0z7kv7iviKrySOT2Sxzr96ypPWVt9ESEagwZEgej+RukNfVIHm9qq5x6+F5/6B+/W1tfLT2ZrwZa749wgMVn332mQ4cOKA+ffpo0qRJev/99+V0OpWSkqJ77rlHb7/9tmpra1VQUKBbb71V7777ri5fvqx5D98n19Hf6eqxPyl7xG0y2/JkMplk6tVbJksvWfoOVarXLbfzUzUe3SVX7yEyxvwPyTZaMjf/demJ7REvQ5KROUSm/EKpsVHms4elxmthURCTlNJLXlue3Plfl9s2Vl4jMGfb0B6x0V91NPqr5EJ/BQAAAKBzEVhV+14cMdT+BTVMnKaqS5eUlT1Yll69ZcnoGyoQfNmvIcPi9t08mS1yG1ZlDBqrCY6ZCb0EJrLON+eNWEvtEbgBtdvtstvtwc9nzZoVUe5rX/taxDyzZ8+WGmvk+ctWmc//VQO+cLtkeGXyuiSTWV7npzKl95dhtspkMsmc2lupQ2+Xyg/KdeiXMv7mG9LA/GaDFT21PeJehski18DxMu74jqy9X5W58ohM1y5KXo+MjP4yBubLfetX5R78N/Ja0zuozrRHNPqrjkd/lVzorwAAAAB0JgKrfm3NGLFaU2TPv13eaxflrrsmpaTJkm6TDMlwN0omk/+uyZDX0yg11stkMsvIyNUXCm5XWkZGGzNVbu6bsFjtEcj+8ng8un79uqqqqpSamiqbzSan0ymXyyWLxaKBAweqqqpKLpdLWVlZSk1N1ZXPq2U795oyyl9Tin2mDFeNPJfPSGaLTCnpMrweqeGaL2hhGPJ+Xilz31uUMmisvMffkvuvO2VMXipl5jRX4xu/U7pQuzOq3PUyf14h0+VPZWTmyJM3SzJZJZkkr0smb4PMFz6Q9fKn8vQZKq8tT97euXE80txsjdte126A/iq50F8lF/orAAAAAJ2lxwdWQ28QbvuNWEqvdJmtg9TgqlWq2SVLWpYkQ97G66H0GcMrb73v8URTSm/JNka9++a2463OHZOZk2xaao9AoMLr9aq2tlYXL15URkaGMjMzdfnyZdXW1iotLU39+vVTdXW16urqJEkZGRmqP3tIKRX/V9b0LKm2QqaMwbL0HyKTt15qaJRkkuG6JnklmQyZUtMl13WZLL1kzsqV+fTb8gz5Wxl5/yPmC2J6YnvEtwCvLJ+XK+XTN2WtfFfmaxd8wbu0vjJ6ZUkms0yN16Taapnqr0hmq7xp/eTtP1KukTPk+sI9Mqxpbax34tVNdvRXyYX+KrnQXwEAAADobARWw27C2pPh4rWkqs7jkdntVmpaqixp/WQ2p/qyvuSV19Uow5BM1nQZmUPkzRwk32CGbQ1UeHUzZrm01h6GYchTX6de1y5raN/esjQ2yNpYr9zcXLlcLlmtVlmtVuXm5srtdis9PV1Wi1l9jf9WelqDzH2/IBkNMnlrZZjNMjxuyWuSDJOvKby+bD3JJMPTIJmsMqf1lryNMpW9Kq/9S1Jq7xj16pntEc5sNjcpY7nwoXr9dafMnnop51Z5hk6U6XqVzJ8dkbmqTCYZMkxmGX2HyZN3r4wMm0z1V2S+XK5eH+6QxXlS9bfPl5E5MLhMk8kkr9fbSr1pj5bQX3UM+qvkQn8FAAAAoLP1+MBqxzHJY07TlWtV6mcyKy2rv7xmi+RplOFulMnwymxNUYO7tzwZg2WypMk3oCESYRiGvB6PGs6U6/P3SpUyxK6U/tm6eKVGdXV1SktLU2pqqi5evKi6ujoNGDBAfSxX1bfuI1nTU2Skpcoks7yeK5LMMskqQ2Zf5pf/z/D60ocMQ5LJIsmQyWKV6eJfZXIelzF4Ypfug2TkMdXoivuUUsxZSrcOkElWmSS5B9vVmLNYNa4KVbtOqNF75f9n796jqzrPe99/51xLV64WEhZgS5ZFjGXHjpMYDG65iX12kga3TTB0H2PLMEbbFHp23IE8zjBm2xg8MDlnILrd05rt7OwNFjGjBdO0NW6TvWuBRQsYHJvYwTIJWJa4WCBxFbquyzx/zLlu0rrquiT9PmMwbK011zvf+b5rvWvOZz3vO8l1zeT2ef+JKYd34j7zr3hn/R5X5q3gUtcv6fC1kGVOIy9jEePdd2C6cjBcWVhGOxZe2r2X8Po6GO+6G5c1brgPewTTeDUUNF6lJ41XIiIiIiIyUBRYZWAywGwGnW03+eLzD5lWNpvbppeSYYDf20nX9Utc/e2v6Pb4yB1fjAn9mvtnWYFMpdGW5RK7P4JTaw0Dy3Th72jD29mBz+enu7sbj8cDgM/no7u7G6/Xi9frxdV9jgyzHZfbB7Th9xv2DXgsN+DCsEwsyw4a+THA58fy4SSCmeDtxABMXzf+5jr8hd/oXesx2B/hvHTyxa1/5lLHUXJdt5NhTrQztSwvnb4rdHpb8FhtWJYP08jktqxavr64koKyP6Dp9vH86up2rnX9BsvyYBhuMoxx5LjzyXbnY2BnlnX7b9Dhu8z03EXMmrAK08qNXesx3h/J0XjVfxqv0ovGKxERERERGVpjPrBqBe6A3Y9AhWXZl0NeC1wuA6P1HHX/6zS5M8q4bVox3e2tXG/8lCxPC+NmzOKWx0+m20eGaWCafc8CG41rssXrj5ycHFpbW/F2dkDuODKW/CEZPi8u/EyaNIns7GwyMjIwTZNJkybR3d1NTk4OWR3tmG4/hmsCGF246MYkA8twYVkmmCZ+ywCfiYmBZYDfsJxMMBeWtw0DL5ZpYLRfivk+GWv9Ec5l5OAyMunwNtPhbY5bps/qpKXzJB+0bGH+Hf+Vo+efpMPXErbPbrqsbrq6r0H3b3u93m3mYJKV8PM6lvsjURkarwaGxqv0ovFKRERERESG2pgPrIZniPQlUGEBHX6DK90mV7phRqeH4ul3kDuxg6bLDTRcrMedlcPkyeO4PW8q3bj596ZWLnkN7pxgUjQ5i9ty3LhSCFgYfV/qcASI3R+33XYbly5doqW1jbzSMgqNUJtN6VFKfn5+8P8zvC5M04s5+X6M27+D/8I/YnQ0Y/m7APCTgenczNlvmeAyMC3s6bV+A8PXimH6Md0Gvij1Gqv9EWAYBi4ji8mZM5ma/TAe/y06fM10+q7ELdnn76LbfzMiSBGdQbZrCjnuAjKMcUzKuBvTyLDzu6LUaaz3R6JXa7waSBqv0ovGKxERERERGVoKrAazW/wpByq8QLPXxdlOFxc63ZRMdJPvN3FbOeTPmM7E0ke42dUNpkFuTh4Z3Vdxt12meMpt/O2xdj5vuMjsGRNYNHMyX5s+gQlZyXVH4M7Ho3PaYOz+ME2T6dOnc+nSpWB2l8vV+47XvXTDRNMNraewip+3i8TgAAAgAElEQVSEe36IcetTjPaL4PNg4MK68hFWxzUslxOxcIIVlt8H1i3IBMtrYuVMijLld2z2R4DL8JHVfZ57u7Mocy2izdXJxewOPm1/lxvd9TFL9lsWWAZ+f/x2uy1rJmU5C5nuyyWXLKwu8BgX6HTNsDP3etZ4jPdHLBqvBoPGq/Si8UpERERERIaWAqtE3kk4WV0YfNptct6fyXW/STsWJS4Dd94dWDd8+DJy6HTfRsfFv8b0NdA9fiFZEx4hJ+9+cjOm4OIMv718g4vXbvHrpuv83n0F/N69U5mSm5FEfelTYGWkiNcfEyZMwO/3c+PGDdra2hLebRnglt8i38rG7bmI//O/oWn8CjrcJbhdd5Pp9jDZU0e21WZPu3WZ+DGwMO0MI18HuLowsgz87gx8eV+JEagYm/1hGAaZvmbGN/wlGdcOYXhvkptZwKSCP8Qz5fu8f2lbzHL9ph/LAp8nfrvdc9tSyq6cIqP5AKanBcs9me4pS7CKN9BOrMDR2OyPWDReDR6NV+lF45WIiIiIiAylMR9YDa3JlvxrvMAHXhe/wU12pot2y+Kax+JIcxvmbRP5esGDGO2d3Lr4DtO7/gfZ49po7zjKjbavczX321gTy/mPd+fRdqOAD75o4WzLTfZ82InH52fZA9OYlB2/W0bz9Vei/jBNk8mTJzNu3Dg6Ozvx+XwJL0gzyMV/swg6rmC0/hrX1Stc77wLH7lMzmpjUtY5DFrBNDEsA8Nl2DeF8Xvwmx2QDZbbxJ9VhG/yrBh1Hp2S+XxkeFpwX6zB8rXbdyzvvEJG+36Kin7Ov3X+PzFf53Wyyzydvrh1uCP7m7gbXwHvDfyYwE3cHf8L9x3/GcuYGKPOo1O6jVff+2oht+XED66O5f7QeDW0NF6JiIiIiMhQG/OBVYi84UUyPjfcfGS6yc/J4HqXxSXLhy/D4IbPYO+FNj697OcR6xJ3X6tm8kQDw2eRnXGJ8cb/5lbnh1y79Q5fz/oD7lqwhPWdXXxx+TqXW9v4h4/PM3V8Jv9hZj5ZbjPJeo8+yfRHRkYGGRmJs+Vsk2k3l+BqO02m2cbUjCYmuJrx4yLDgEwMDMMETMAALFyGD7/pwcy0MFwGltukbdpi/BkTYjb8mO0Pnx9/qwcI7482sszJeOMEITyGDyzibgOQZUzEutmOFVF+N/j94Iq9luKY7Y8eBnO8mpTt5rv3TtV4pfEqbWi8EhERERGRoaTAatgdhJMJVNw0XNT6XbhzMujE4JzfS6vhJ8MEI8ugm0yutzThufkOt2d8iv+O/4LVdRHXlX1kWRfJzLrMxOwartx6n0nj/5LF9z7EG60d+Nq6aWy5zs9OnmfGxGweLByPYcS+QYy9zttovBJLrT+S0dXVxdXue7C83yGv8xDTxt1gnLsbO5fPsP9ZvmBzGvZSepgusEwDy7TonPggHVMXYdlXxr32MZb7w/K5sDrGgeUNPebKxuPrpLsj9tRnrzO1Nt42AB5vF/6uSRi+ztCDRgaW38Qyo9drLPdHuMEer/7h5DnuzsvVeKXxKk1ovBIRERERkaGVOM1ojEjmmtgCzmByI9NNjtvFlz4/TZaXVtNPq2lxy+Unw9tKXvMpim7+M7k+L2b9v2DmPIj37v8P76QK6Mwns8vH1HHdjMvJwu92Q5YbTBO/x8svz1zmYN1lbnXHz4oZ7QYye+e3v/0Nv/zoE8bP+k+0Tf8TvriZT6cvEztIAXbPWhjOPwwLw7QwXHawwpczndZp/wlf1jT7Fs5jULz+8Lin4Jn8O/jbs/C3Z+Jvz6Z7xh/y6/P/gKfTH/tflx/Lb8XfptNP3aV/xVP4e2HlZ+GZsgiPOWHMrkuYLuPVx/UtGq/QeJVuNF6JiIiIiMhQGeMZq6G7B1uWlfDGIp2GyReGgZnhwmNYtOCn1bQvd92GhcvvZfKFL5jWXEvhxCt4Z72I0XUR89R/xT35HvzTvo1v/Deh6cfc9Bfx67av8nZ9E1hg+S0Mvx+Pp5u6i9dpbi1kXEb0uLdpmoSmOo6mC7XU+iNZTV9+yYcffsi58+f5zre/RUbe41y8uZ/iCZdwGWEBIXtWLYbhhC6MDDzuadzI+z6dOfdhJxX1rtNY7g/DMOjMnILraz/AnX0n3LxI921FdMz8D/zyk+fjrkfoy/Bj+Um4ZuFHje9w96znyGUcGdcvYE2+E9+spXSa47H8vTPAxnJ/hOsagvHK6/FpvNJ4lSY0XomIiIiIyNAb44HVgOSmcV7zwTXDIMsw6bQsrvn9tGFhmuCyIPfKZSZ9/gH3eH9FrnsiNBzFmDEXf+mfwbUPMev/DldWNl1dmTRk/h+8ee4mNzu6sbwe/N0e/F4vls/gfEsr1251cVdeTvTaDuC00/Q0sMdnGCbt7W1cPH+e/fv3M/93H6U94zuMNz9ksnkey9uJzw9+y87ucrnAzJhEZ8793JqwgM6cWWDEXh9xLPeHZVl0+8A3aRZZC77KtVufc/rcL6j78Dmu3WqImzrmzbaDIN6u+AGpi82fsqdrE2VFS7nnG3/EpJwiuro8+HzRAxxjuT/C3fBrvBoaGq/Si8YrEREREREZOgqsErqWSnRx4/VbdHv9dPl8dBsGt3wWHZaFCbg7O5nwm0+Z2XSMkqlXcN+1HDJc+L+oxczIxrr9q/jzi7Au/AMXuwqp5U6OX7yJ1d6Br7UNq6sLfBaG38BlgRHn4tCe3Tl6L8SS7Y9kTZ48GY/HQ3d3Nx6vh19++Cu+9rUHycqaSX5mE6bnBl1eg26fSXd3F77ONnKyS8i+7ZuYGeMjKxWF+gO8Xi+mB+ov/jsn6t6go+t6wnJ9Hrs8rydRpp+fppbTtN5qISczj5wZ0/B6vTG3Vn/YfH4/3ZbGq8Gm8Sq9aLwSEREREZGhNOYDq5YVyhhJdGE8xfAxy9vNyTaTlkw37V4/3X7LXvnu6nXy6j/hIf9Zpty6hPnrf4WZv4NVvAR/11WsljOY3Vdp7czkk44H+NebPm5cv4mvtQOroxO8FqbpJn9cDgvumcq0idlxsm6MsDsfD3SLDK9U+iNZd9x5J1Py8/mivp7cceNobGxk0qRJ5OTeR4f/K1y/cZ0bN27YwYyuLLo6M5g40UepdY3Cadm4XK4EdVZ/AFh+g+yM23AbOVj+xIEK+4YtUWcrR+U2x5Hlnozljx80UX/YJmMN+niVl5ut8UrjVdrQeCUiIiIiIkNtzAdWA5kiyVwUZxvwddPHRE8HH3pctHssTL+fG4aBv9uL5bPwmllYfgOz4UOspjMY0+7BXzoX8u7H+/nPqW/J5N+68jnT5sHb7ifDbzA5N5fJk9zMmJjN7OLbmHt3PnnjM2PX2ArUeWBaIL0k3x/Jmjx5MnPnzqPpyy+5desWnu5urly5wpWWFn579SpfNDRw7epVPB4Pfr+fzMwMbp96O+PGjSO/oCCJQIX6A8Dn83F73lcpnHIftzqb8ftjZ2mlymVmMj3/QaZMvCfmlNoA9YctawjGq6/fOZnfnVmg8UrjVZrQeCUiIiIiIkNLgVUglYux8QZ8FR93WD7mu+ALv8V5H9zMzuF64Vf4x1+fo8Wby++Ov0CRtwmj/gOsL3+LVTCDm2YWH934Kq3jpzL3zgJyXS4mZbqYmpPJ9ElZTMnNYMr4TLIzXPZ9SWJOrTVG+Y0uBjZYYZomDzzwIF6Pl4OHarjVeouCggKuX7/Ohx/+kq6uLnw+Pz6fF7/fT1ubnZJkukxcLlfCeqg/bF6vl3GZ03h41iraO69xofkjrLhtklx7mYaLO6d+k2/cs5LczKl4PPEDIOqPkMEer/LGZZKTqfEKNF6lD41XIiIiIiIydBRYJTRtMNkLYxPIMyDPBUUmdFsW3sws2uZ+g88n5/LLX33EsQv1zM+7zKLx55jq+RLr0lk+d3+VG+Nn8gdfK+W2227DZYLbMHCbBhkuA8NebA2sBJd3zp2PR6fU+yMZWVlZfPPhh7njzju4fLmZkrvu4mbrTZqamjh79iw+nxfLsjAMg6lTb+drDz1E6cyvYJpGwnqoP0I8Hi9TJtzPf5yzkZO//VvON3+I25XNxHHTGJ8zlezMCViWn2ut57je2ojP5yUrYzwz7yhn8vg7MAyDju6b3Gq/xM22Jrz+Lu4qfIQH715ObuYMurs9iWus/oig8WowabxKLxqvRERERERkaCmwGtS3C5sMAzIMA0yYOGkCt8/+Jl8tm8Unp+r4+bEPeOfS7fzetCvcNa6d926WUHD3XdxVOAXTNAe4/qPNwF9oZmRkMGPGHUyfPgPDMJg0eTKPL1/B5cuXuXKlGZ/Pz/jx45k2bRoTJkx0ptQaA16PkSm5/rAsC6/HIsd1Jwse/L/B7MI03biMLLq7vViW3aLZOZk0XjpBTtYk/mD+X3JX4aN0dXYDdgZXZpYLr78Lv9+D5cvG67GSuGnMWKLxKr1ovEovGq9ERERERGRojPnAavjNLvz+/l8IGYbBxAkT+J25c3jw/jJ++dGv+MWvTpHZaTHrK6Xcf+89AP3al2GYBDJzRpuB7o/Y+7HbLjs7m6KiIoqKiqJuk0wbqz968/v9eL1gGC7stumIeL6z00PBhK/j7fJx+8TZ3LjeFvF8RwdORqQby0qc9RVO/ZE8jVf9o/EqvWi8EhERERGRoTbmA6sQuhgbaBMmTGDRgt/lm1//GpZlMW7cuIQ3FknGQE87TTeD1R+DRf0R77WxX9fV1dXn1yZ6nfojdRqv+kbjVXrReCUiIiIiIkNpTAdW7TXqILRU4OBc3IwfPz5in/1nr28YXONwlBiq/hh46o/0ov7oD41XydHnI72oP0REREREZDiM6YXzfD4/breJy2VimiPnosYwDEzTwO02B3X66VBTf6QX9Ud6UX+kF/VHelF/iIiIiIjIcBjTGasu077ZR1ZWBh6PfaMKv99Puia6GAaYpklGhpusrAzAwOUaPV2o/kgv6o/0ov5IL+qP9KL+EBERERGR4TCmz+LHjx/PzZttTJyYi2VZuN0evF5f2k4hNAwDl8skOzuT3NwsWls7yM7KHu5qDRj1R3pRf6QX9Ud6UX+kF/WHiIiIiIgMhzEdWM3Ozqaru5ubNzuYMCGbnJyssAuxdLsYs9dgc7vtm8m0tnYCLnJycoa3WgNI/ZFe1B/pRf2RXtQf6UX9ISIiIiIiw2FMB1YNw2DC+PF0d3dz7Vobfr8v7ddm8/v9uEwXOTm55OTkYJqjZ5lc9Ud6UX+kF/VHelF/pBf1h4iIiIiIDIcxHVgFcLnsLBFliqQH9Ud6UX+kF/VHelF/pBf1h4iIiIiIDDWlR4iIiIiIiIiIiIikSIFVERERERERERERkRSNgsBqE/tW5JKTm0vOin00DVi5x9k24GUORdnp7/1tueTkrmBfuh580z5W5OaSs+14jKdXkJObS4yn09vxbfZnJeq/bbw/XO/NBG0+ejntPSjH3ve+HNHv8cES/tmJaJiwPszdxvspFqu2DvsO7/G9EGibnNxcVqT0hRFeZu9/K/Y1DVu7p/33n4iIiIiIpGTkB1abDrPvgPP/B/ZxWBcrkmaa9q1In6DJnGfpaG+no72dQ5sBllL9ebvz2LM8Mtz1GxTH2ZauP2Icr+WFwP+/WJtyUE6GyfGG0PspvA+lnw7Q0Bj4/yYOB7/cU1XI8r3OuPb5GzwGsPlQcOzbu7xwQGqbbtLqu0ZEREREZIwY8YHVpsP7eBt4efNm4AD7BiyyOodn29vp2Luc0XkJJn1VuHwvHe3tPDsn8bZN+1ZQ8nRfgwPDYbS974+zLXdR2ga+3q99EVjKy5uXAi9yWEGRkSHsR7ymhuPAUh5bOqw1GjVeqA18CBppOACPLR2chk1lHB8JRt53jYiIiIjI6DDCA6uBjJbNzH92AS8Db+873CMzLXyaZu+pmva0vNC/ULZHz2m0kVMLt23bFjE9MTitcJ8zpbm/06mbwsrpNV0xxjE5rwmfMtlrumPEVPB0nY7YYxpnzGm3w3Psvcrt0VfBfj++LXih+8KikTLNPfJ9H/V9nbuN98PbMuJ93oe+i9j9tsj9hD0V8Vnt+dmK2rdN7FvhBFUPPE1J8PEk6jEkjnP4RWDpcp58cjmPER5UCqvnim1sizpVOtHz4UVFjlfQ3ynJ8fq55zTs8P7o0Xc9l4CIO+6lh8c2b+ax4I94znfQ0jkE43Nq6z7azMubCWVuO5nAc+YEWrbZOdawz2s/lhCJGMeDfbYvbGxYwb7j+2KOR/G+T8KXMIi1jMG+H8Z4Pm6/xHgvjMjvGhERERGR0WFkB1YDywBsXsAjzGH+ZnotB/D+tkW8wGYOBacEvsiisIuRRS/Cy4fa6Wj/nOql8MKi6EGWpn0/pOJAaNvi4y9GrdILDcXsbW+n/o2lcOBpftqX65umfay4+2nedqYu1r+xlBcW9QgWLX2D+p7HVDif5Uvh7ad/6hxD4KL/DZ6cYx9vzqIXeeyNz52p4AeouHu4gkqxNLFvxd1UHAjrsxcXORee6XjsTez74dO8HajToc1w4Gl+uK8J5jxrvw9w3jcjODUq4n3NiyzaVkx92Pv8h8H+idV3CT6LAQfmUBnl+fe35bLoxcCyBYd4+cDTlIR9jqP3bSHL9x7iZYClb1DfvpflhUnWYyg4gaPHls+n0Hn/Rl0O4MBxiv8qMEZFed8meh5gzpNULw3/4SkU1J2fcmpyon4Oe679EC9zgIof7qOJQuYvjxwX7RkHS6l+ck6CcS+NFBczB3i7oZFgVuXyBRQHnldb91lx8VLgOI1NgUzgzcxfEHi2gOXPbiY8szs4Y2XBwIytb++DJwPjOAeoWNRgj0eH7P0uSjjmAE37+OHTB8Keg7ef/mGPtj0Ay6M8n/C7P8Z7YRR914iIiIiIjDQjOrDa86LqkQWxlgN4kUW5uWxrXM7e9t4XHXaGR6OzJlu0dSbDMmPnABQ6F3i9BepSWGz/93hD6leqPY+rcP7ysAwpZ+24vcX8NDeXnLuf5u3gK52L6cCFpxN4fmz5fAoJTTte7lzd2+2VZtOPI4LlhAKm+w7TlM7HHsiILHp2VK7h91hxERB6XwfaNfA3kKDvAuJ/FkOvtYNX9lqWPQNTzo8oThCyb32boB5DILLePd6/4YLHHWObRM8T9lzgh6fwoG6qFU/Qz488205H+5M0rsglp8cyDPZYFsjMDfz4Ydc//riXTuaH3n+BrErn82FTW/dVUbAex536FocC1gBz7JkpEccU/F4eAHOK7T4qKnbWZXXaPfC3I5kx5+2n7yZnxT6Kn22nw/lRJyT0WjuYbK8tG7dfkhpfRURERERkqI3gwGqUiyrn4if8QuORJ98IXhC9sKjHtDsnswiAFxfFmb5vZyX1usgbZIH6BgKIdoZUYCrgIo6/8XnoxhyOwuXPBi88AxlKyyPSpA5QcbdT7iI767Yvwd9BF+iP3LupOAAcaKAhLY89PMgeKn+0zcScU5xCSChq3yX4LCbjwNOUOFNg7e6zM9ucJ5Pu237XY0D0zmIMBKkjlwOIlOgHm3jPhwdpegaG+iRGP9vT3u+mYs4hJ4syvBLLqQwEJXv8+BEQfdxLL4HMyqptLxItsKe27iPnB5W3922LWt+IH1V6BhoHwGMRAfJEYow5gXaHsDErtdkRcfslxntBRERERESGx8gNrAYuqpzMs/CLkIjlAAqdjLTgNObwaXlR7hwcnNYcrgg7qWRoL2DsZQfC/j07Jyxr5VCMrMjAhec2fhiWoRQSfhf4NL5DctgdnIN3rE/XY5/zbLC8Q84FdawlJcaEaH0HCT6LSQgstxD8F54FlkLf9rceAyFwJ/mwYHEgOBN1OQCHPT06dqA77vPBDLcfUtXnqelhovZzIGD8BvUxsoAD2X1VP4z240eMcS/NBAKnb8f6wU1t3UeBJX0O8DbR38eRxzRwywCkLvaYY2cSB5ZnAFJcbiRuv8QaX0VEREREZFiM2MBqYMpcYB2zjohASejGIuE3uyhcvtcJfM2hqLDHzSsKl7PXiYr1vpjrOcW2iX3boq+xOhAip3BGuVkSOFOk4f2fhk+HtwWWRHj7ALz8bOju7j2XSujfDVUGSc+1JqPdnCStjj3yZk+PPGuv1RsItkRMlR/t4vZd/M9ifD3XT+7R5nH71vlRJKg/9Rg4dhZj7wCKXZceU/mD62TGmPqc6PmgwBR1O2jVp6npkNxn1PkRqmnftojp6UBwOvfbBw7A5meDwfGkxr10EViqgljtqLbuq+LgBzbG+zj8mAZyGYAUxB1zIm5eNodnnR9tk8mGjdsvCd4LY+q7RkREREQkjbiHuwJ9Ewgg9M7ACWYS7TtM0/LlLN/7Oay4m0W5gUDoUqo/dzI8lu+lnhWULMoNXpA+9sbnREvaKVz+V1TvO0DFolxeYCnVb2yGA/0Mrh54mpLcpyMeeuyNz9m7fDl2tReR82LPei3nr97Yx9tPO69dupmXl77IC8cbaGKOffEeWIeu50XnnGfpOAQ5i+4mx9nty4d6rv02VOxplBXhDy19g/q9UfosmJE1Z2iP/cVQ+we8fKidJyMemcOz7Ycgd1FYX27mUPvyyPosyrVvurV3ed8CLCNCYZy+I/5nMYFHnm3nELksCr5nNnMo0JZx+9YJcDnvmZcPtfNsP+oxMJxMwyhBoUA23gu1x0Pj0NI3KK7NJWdRjLomej5McHxMcmr6C2Fjo20zh9qfjdvPzx7azAuLXnSe28zLmw/wwot28M/eYyCzvEe2YWG8cS/dBI4h0I6xl15QW6cm2G4xp/iHjmkglwFISbwxp7D3c2w+REcyX7Rx+yX++Dq2vmtERERERNKHYVmWNZAF1tfXM62w76fzntfKAchYWzNQVRoczl2BXz7UnhYXoyIy2hxnW+6iOEGSRM9HEbjruAIvg09tPWje32avs6zv374ZMedZIiIiIiIp+LKpiZKSkgEts7KyMuE2I3YpgKFmT/UL3eTGXstwKSnd60JEZBgFl1Dp69R0SZraerDEzvgWEREREREZagqsJumRZ+2bULz99N3k5OZS8vSBYZxGLyKSCntt2ZKnD8DSN/grDVyDSG09aI5vIyd3ES8ALx/STZtERERERGT4aSkAERERkTFC51kiIiIiMhppKQARERERERERERGREUKBVREREREREREREZEUKbAqIiIiIiIiIiIikiIFVkVERERERERERERSpMCqiIiIiIiIiIiISIoUWBURERERERERERFJkQKrIiIiIiIiIiIiIilSYFVEREREREREREQkRQqsioiIiIiIiIiIiKRIgVURERERERERERGRFCmwKiIiIiIiIiIiIpIiBVZFREREREREREREUuQe7grE4nmtfLirICIiIiIiIiIiIhKVMlZFREREREREREREUpR2GasZa2uGuwoiIiIiIiIiIiIicSljVURERERERERERCRFCqyKiIiIiIiIiIiIpEiBVREREREREREREZEUKbAqIiIiIiIiIiIikiIFVkVERERERERERERSpMCqiIiIiIiIiIiISIoUWBURERERERERERFJkQKrIiIiIiIiIiIiIilSYFVEREREREREREQkRQqsioiIiIiIiIiIiKRIgVURERERERERERGRFCmwKiIiIiIiIiIiIpIiBVZFREREREREREREUqTAqoiIiIiIiIiIiEiKFFgVERERERERERERSZECqyIiIiIiIiIiIiIpUmBVREREREREREREJEUKrIqIiIiIiIiIiIikSIFVERERERERERERkRQpsCoiIiIiIiIiIiKSIgVWRURERERERERERFKkwKqIiIiIiIiIiIhIihRYFREREREREREREUmRAqsiIiIiIiIiIiIiKVJgVURERERERERERCRFCqyKiIiIiIiIiIiIpMg93BXov9P89AfbqY3xbMkTW1i/MH9w9vzmD6iqhQXrXufJWYOyi36I3S4965v6cZzmpz/4gNmvryT25oH9L6Dy9ZXManmPrRv2UF/yBK88t5C+90gL7/3oJ/DHz7EwH1re+xHP76kf1H4etH0E2iTwd4ptMxTHDtHeH5F9IP3R43My3NVJmlPvfn+eRWTkin2eMdjfS4Hvv8D30uCfj42wsbrn+UW4EThut7z3I/47fzyo7ykRERGRvlLG6hhUu/0HbH2vJfj3rJWv8+PXUwmqxg5kh8ziyddf58cDegHSwns/2sCbYVcK+Quf48evvz4CT7ZP89OeFz31e3j+R+/REuslwyTy/dG7D0RERMLV79kQcZ4x2FI7jxnj6vfw/Junh7sWSQsE0UVERETS1SjIWA2Il0UQCAaVsPKJO3lzjx0WtDMqCAsUhZURlmG58s49vOlEEhNmYZx+kz/dHgo7hraPlu3Q+7HIE8gSVm6JzAoMZGUkPuYY2zj1q9/zE9673y67V6ZHj2MIZTeEB1VrqfpBLQvWvc63m5zMyQULoLaWekpYueV7nNsQPbvj1Js/iNqevTNOwrPi7udUsJ/qeXPDDzjyxBb+hJ/0ztrsmamxYB0/XhmoQajNVz5xjjcDbR2xTSyn+OkP9jjHH+ibsPdWsK+iPdbD6Q/scoL7depVf5RTLQtZmB/l/eL0S+/3YLR6Bbo7XpsuJD+J93mojC3c+bPefTDygtojT/LjQthnLyIrqccPIuHv9yTHuvCxZ8G6dYN0pCIy8sQ4zzh/BYj8Hum9fZLfyeHf6yVPUDkvsgaR33V9KHPBOl6542cRWbB90uP8I3Ic7f3DZPD5aN/vgXOxnucJwWZM4rylV3aqU0btB5xeOSvyfDdqnXt8/yx4gpXn9vBmfagPE55n9KFdAmWF77t+zwb+9KhTZszzVBEREZGhN8YyVuuDQVWA+j0/YWvEyVwtVT1/xa8PBRrsPzfw01g/9Pc80XO2/9M3TwOzmL3A3seJwOuDwbWHowRVnfpueJPg5hEXJk59U81wnLWSygV22eeuRH7NONwAACAASURBVHm+5T229jiGZLMb6mtrnYueedwf6+w2lfbsi2jT32q386e92qk2dLHlbJOoHvV79oRl6gb6Jp/755UA9Rw55eyh5RRH6onfDlPuoCRiv4EM39Sn10evV4p69ctPGMJkI4kj0bjQ8t6PwsaFet78yc84F1FClCzz2u29s8nivAci9wG125PJWhcRSfbcJd53co8ZHvV7qEoqgzGFMmu389+PJnM0cUQ5/wg/xzn9Zu/ZHsFxdtbDLADqj54KtsvpD+xGW/BwlKCqU+d+ZwUnqDOn34z8/qndk/qMlT60S+32H8U+B+nHeaqIiIjIYEi7jFXPa+UpbZ+xdofzf3YGZaTemV2BX8ntE/166nmCV14P+/X7XBMtzAr71TtURiDAUfvBaZ6c1TNLoIX3fuacBPf81b72Z7z3redY+LCd0XmuqQVm5fc4aW7h1NF6iJKh+PfvfYv1C69wopaIX+Xt+uzh56cXppRdMeUOOxAYqEdUMTIhnnx9HfTMsm0KNm5Ehlx0ybZnT/ksfG4L9MgEbXkvcqvTv7BP3kPZEIFMiN7t1HNttrjtEXF8gTJrOXF6JU/eP48S6oPZOS2njtp1mHd/7OyJ/Pt5tATq6+2lGZx3Qt/WbotRr4RNGllIjwxcJ/AecQDR+yDVz6yEhMavWBKPCz93LnojMnzCL1KdH3B6fSb2/ILTC8Pfb7HeA6d77aPnj0h6D4iMPfHPv0IBwWTPXWJ9J7e89zP7O7LXd13iOiZfpn2+1p8J54Hv/l7ngD97j28/t9BermBlaPvAeag9zto/vtfWhmatnLB/eWf2LFIYx3uo38PzP9jT6+GSJ75ln78lqPOVD8JneOXHX7u1j+3i1Cj6DJ+Fz/EKPdaTD5z4xThP1ffR2JSxtma4qyAiImNY2gVWB1cJjzophIHgYjD45WQQ9jpZXPC94Ile/sLvsWDPdmqd4GuEYJbiE3w7+NQsvv1ECbV7nBPnWQ+zgFpqj56iZeH9NJ2D4EkzVzhXD9EuUOrPX4GWJjsLLcpJcsKAYCoCAb/a7fxpsssfOOIGEgPC2zMQkIzWnn0SuhD5frC++Sz83gLe3B4IaAcr4rQ7zHIC3omrHggaO1mq9YHgdKDN7Kl1nK8n/L0WXT4Ln3udwohMnlqqfnAu9vIBKdcrhUKC2bWhMiQdJDkuhI07wXHK2a7FHmjs7PmIoeMcER+JWO+BKPsIjmUDd6AiMooEg2gJz12Cr4j5nXzlvPPDTpTvugS1SKHM0PlaXwXKDP1Y6qg/T/jvlLHWDA3U8cipFhYWBgKpTgA00Tie9Nd9ZAAzfp1bnPPUsPOZsB+Fk5WoXQLH/eaGH/AmkPBH5n6cp4qIiIgMhrQNrCb/y2MgM3KQ7tTaK4M1hvxC7iRKYDZCWEbCaexArLMMQOI6xBa+jlkyAie5dxZGe40d8FsYNu0sYl2rpPcSQ7LtCaELsqRN4c6o0fGBETtYGbjIq+XE6Yexr4biLAMQJpTBEmhve0mBhQt7bxu4sEq+XlGk3KaJKUugd4ZM6uNXHyQYFxJzfvCZ0q9CAL0HREay/o9ffTv/ss9dxgI7+MkvQmuR/vj1KEskhP34/t6dtST+gRaC43iszXqupx48x0hUrlPnvkj6PMMJCs9ayY9fXxkWcA6t4R99NlaC81R9H40pylAWEZF0kLaB1bQRvJkQoaljdxaSD0ReEgSCeuHT2wJTaEu40wleBH+Z3+5kSzw8q8frY12gnLYDt/1doL/lPf4+fHpZTPaan08Gp9yF2qFfwtvTmR7Wsz2DU/UCzyctn8I7gfrANGlnupyzRIMdSO77hVz90VO0LLSnIdrTs0PB6UD2be327UDi7N3ABUQoyyJWtkwgGyW0z1TqFSylz20qwyvJcSFs3AmOU458+0MRO6Mn0cVz4EejOPsQEYkqMH7EPHdJ/ONSYIZRYOp4PqHlSfpqMMuMHhA8zU8jzr0C2aDhAj++O+uYhv1Am3AcTyR/IevXne9189L4dYbT9uAfCsae/kXMJRhinWck2keois/x44UEl5pJvEzUIJ2nioiIiKRoFAVWo6/xZa/B1J+UrPqw6UlOkQ9HO9ELTTnvNd0pbPp75BTa8OBmKOux53HYJ6OhE+7I6XRx7jwPxGqXwPSyXqLcgMt+Qc8MTLvckie28Cexdh1V7PYMnHz3nuoWo4wF63jljshnZn3rCUpq9/QuI2KJhj7qNZUxrP8ipsclzjIJLoPQ61hDr7UDar3bK5V6Jd+mqQr1QcK7EksSon1O7WBqonEhEJAPjjslJZHLmgTGnCifieR+pImyDxGRpPT13CUkuLxJjPVC+yJamSUlycxxjz1Wzwr+wNrzHHBd2NqqMc5VHcFzGHr8QNvvcRzn5qW1VNXW8+ZP3uP+5xaG/Sgcrc6zgskA8c4hEp1nxN/HlJjr5fY817bLX0DlOqhK6jxVREREZGiYw12BtFfyBCsXhP+5JfYv7rNW8uN1CyIeKnliS4/Ak32RAfRaBiB/4XO88kRJr9cH9jdr5etURhbPgnWp30V+wbrXY2c8RDkGWEDlc5HrkPVZnPbMX/jHrAwresG6dUTWxA5ex5W/kPVbniCihgvW8eMBWMag5IknwupTwsot4RmETmAckju5j1bPiAvNfBb+cfjzC6js1S+J65W4TVOVRB/IgEo0LuQvfC5sXFhA5XPf486IrWfx5Os9+z38M51cHSojPrdP9PN9JCJjRf/PXWbx5JbI78OV/TkPiVJmyRNb+JN5/Swy2vd6yRO8snKWvb91CyIfd7at/SAsa9f5kbb3D7T9H8cBZq10yqjfw39/ryVBnYFZKyO+f0qeWBdxTmEfdoLzjLj7sG+K2bPMyO+470WWl/A8VURERGRoGZZlWQNZYH19PdMKC/v8+sBaOcO+Zl9gPar+Tr2PIrCuVqJpUTKy9J7eL2NF39co7K/Q3bF73bV5EMYuERl9hm/8GkbB2TmhZVZ0bpaMwHfOIN3XQCRFaXPdKCIiaeHLpiZ7FtIAqqysTLjNKFoKYKQI3bk+/hqnMrIE1jdN5mYTIgMlsK5w77tFJ1rnV0RkzJpyh7NkSs+p+To3ExEREZHUKLA6hEJ3PIUF6/RL/6gRti5tyRN/rBsnCKc+/XRAyrn/vvsSbjNr5RZWnuuxRt2CdcqaFpE+ab11a7irMPiyv8n/taaeyh1Hwx4sYtmGP2D6rVu0DlvF0l07nT4AD+1qJ0kD2cNdAREREbQUgIhIv/WcSvubRX+dVFA0nlOfftrvMkREEuk5fnVW/NMw1UREJDXZ1b8P6LpRRERsWgpARGSUaf/g9/r0utyH/3mAayIiIiIiIiIiA80c7gqIiIiIiIiIiIiIjDQKrIqIiIiIiIiIiIikSIFVERERERERERERkRQpsCoikq6aa3ipooKXapp7PLaTuoSvS7BNn6u0iad2DkbJ8cuv29mjHRKqY2dFBU8F/yVqj2be3VRB/w8tvJw6dlZs4t1Uqi0iIiIiIiIjhm5eJSKS5s7uOkBd+WrKkn1BSwNnB6kuBeUb2T1IZcfWzMVGoDj5V9Tt3ErN4vXsXl3m/F3BK5uK2b6xnILBqaSjgCUbq+3/bf6SBqBoUPcnIiIiIiIiw0WBVRGRtFbKqlXwys66YJAwXHPNJtbtssOopauqeKm8hZ1bDwLwys65PV7TzLubKtkViLqWrnICjXXsrNhKjfNw+fpqVpc5wciDzoNOkLK5ZhPrGlawe3VZ6PnSxZRzEFZUs7qsjp0Ve2Ex1Bw8a9e/aiNLCrAzaSt3OUHfxTxf7QSL63by1NaDQCnli3u3QHPNa3adz77Guw9sZElBeH3Dygk7zouNUDo/P/hI2epqJyBst8Hh+VW8VF5g73tvMds3PmBveCxQl0A7xN7+402VNBYtpuZg7+0bV1RRtNc+1rOv1fDgxmkciNLGIiIiIiIiMnJpKQARkXT3wFJWNe7tPaW8bifrdhXxfHU1u6vXU7yrkp11ZaxevxhYzPM9I3fNLUxfW81uZ/vys4f5uBmaa/ba2Z3V1exev5iavTU0N9fwdwcXB8suP9hj/3U7eSXw/NpiGiJSZM/SULyW3dXVPL/4LLsO1AF17Kw8zPwqe//bVzXyyk7n8a0HKV9fze7qtRQ19s61LShfy6pSKF21liUFzby7aSsNq6pC5WyqIbJpCliydhXsqrSXAej1fGw1jcVsD7TD1sTLKdQw16lHqd1uPepQSimr1pZDtDZOsk4iIiIiIiKSnpSxKiODYWAaBhgGFtDV7cNvWfj9FpgGpmHidptkulxkuE26PD46u710dnvp6PbS3tXNnQWTGO+6TvfV45jucRiuXHDlYrhyMFzZGGYWhpmF39uKmT0dfF34AcjAsiwsy8JvWVh+//C2hYxBBSxZO5+XDtSxZGno0eYvG2HxCidbs4y5i+HvvmyGabGKKaMsImu1lFVAwQPzKd21lacO2pmUuzcCNDO/dBevVBy0s1WrN9r7dIqqO2Y/XgZQ8ADzS6ExbFfF0+wJ9/nFpdCAMy3+LDWVFewKbnWMurlQw2KetwviwfnO9jG10Hi2lPlr7fLtujfQApFT/AvKeam63K7rzgrWVexysm7ze5UYrnT+A3Y5ZXMpZy8XE0Q/S4vt8gqmxZ/wH72NRUREREREZCRTYFXSkmEYYJp4fBaZGW48Xj/X2rpo6+ymrbObji4vnR47aNrZ5aW920Nnl/13l8cbtcwVC+4jN7OJ9jPbk6iAC1f2NMzsQvu/42bizi0mI+t2jMzJGK5MfJ52MLLx+/34/X4syxrgVhAJU1DOH1HBzk9W9b0MZ8p9+fpqdgem7Dtlv1Rd7jxfYQc6q1ezZGM1S5xlAgIBwaXx95BAlGn7dTv7VWIyylZXs3tpDS9VHqNudf+OoM9itLFWA5CR5QxvVe7g6Lw1VD0+M+zxqxx5dQsXv1tFxMPJlPhWJTuORnmi1z6Gmn1MJ2Zv4JlH84axHpGuHnmVLfth2YZn6He1rh7h1S0nmL3hGR4l7P/jlXs13nbp2WYiIiIig0mBVUkLhmHS5fVhmC5yszO52d5F4+VrnG+5yYWWm7R2dA9thSwfvo7z+DrO44lWXzMbM+cO3JMeIjNvDpnj78Fw5eLze7AsN36/hV+ZrWNe7sP/PKDlla1ez7GKrZzFXoi0YFoR7DpG3eoyyqjj2EEoXp/g1kylq1haBtQdowZYhb1O69+wlpfKV7O7qpiXKhvs9VBfgz/fWM7q6iqKNlVGZKSWzV0MW519N3/C4bMJ7i1VMI1idvF3NUt5qbzAXqv18Hy2b5xLOVs5VreasrJmPj58NsHdnvIpKj3L4U+aWVJeQPMnhzlbOp/IPFQ7GNywylkXNXjsxeRTAEVwtsHOca07dtBpBdvZw5/QXF5OQd0xaiji+YL42ycrahuLjFRH3+FI+QAE9gJ6BlGvHuHVLTt466HUA7Wj21U+OwHz5sGJz67yqIKXIiIiIsNOgVUZFqbLhcdngWGQm5XJhSs3nSBqKxeu3MTjTe+gpOXvxNd2Bl/bGbouvgWA4Z6Ae0IZ7skPkTHp62SMuxt/1zUsMwsfOVpCYIw59emng1BqGUtXlVITmEtftprtqzaxrqICcG5eVQY0F1PKrt43ryqbS/nZrc60+FWsKj1IYwssKV/L/E2VPOWUW76+mrIC+PP5m+xtwZ5GXwbNX4b2/fziCnupgNLFlJcmrvvqqlW8VBnYz2Kery6nAFi9frGTxVlK+eJoBRUwvQjO7nJuXrVxPY0VvcuJva/AdqspAArmLoatThbu4si7ZZUWNfA3FRWcDbQDQJzt4yqYRjFn2fVaDds3Rmnj5EsSSStFRbB/9xHufeZRBiW0l/co3523nx0nz/D4TEVWg87UsJ/ZbHjoIlt21HDm0cfpV+vkPcozVY/a/391ICooIiIiMvYY1gDPX66vr2daYWGfX+95zV4TL2NtTYItZSRxuVxYGBiGgWUYXGhppeHSdS5caaXp2q0hqcOKBfcxLfMLbn78F0OyPwAzewaZ+fPJKliMmXMnvu5b+M0J9tqwMmoExq2AMTd+NdfwUuVh5ldtZEmChFkRSS89x6/Oin+Ks7W9FABr1sCOHVxYFpjy3XspAHvKupPnXrSMDTGCsGfeqmQHvaf993w8bnlXj/Dqlv1OVn1RxDT5iKUGwjJjz7xVyTvMg6NHaQyUF15O0TzmcZQLgWntZ96iMlhQUZyp+HZb7A+m+M9jTZUdAE24z7jlOq+fvoFnHr3q9IPT3mfewv4zEGjtMSU/ou5QFOi3eEsBRNQrrO0Cr1k2g/37j0aWF2UpgFjtLzIQsqt/HxiD510iIhLVl01NlJSUDGiZlZWVCbdRxqoMGpfLhWWYuFwmdY3NnG9p5UJLK9fbOoe7akPG33mBzvN/S+f5v8XImEzmlN8hs6Cc7EkP4eu+id/IwedTJquMQM56rQGlq6oUVBUZM2by+Jp5VMbKmjzzFlv2z2BN1TPMdIJtW96amnxQ7eoR3jkK89bMjFKeHawLlXeGt7bsZ8aaKp4JBBm3vMXUqsfJO/IqOy4sY0PVo+Q5QeFXp4eCfo1HYU1VVSgYuXs/LNtAVTAYCUWzsfex4wLLNlTZQcczb1EZI2P36pHd7J+xhqpnZhIINL5zpDzGPmPXvXdLneHk0SJmb8gD8ihfVsSWQEbvzIeYxw5OnnmcmTOBq59xorGI2U/lRa97wmxXuy2C9bp6hFe3OMs/2EfB/hOz2VBV5QSGt/DW1N7LNlyNaH+7LV49ovVXRUREZHRRYFUGlGmaYLrIcLs439LKB7+9yOdfXhvuaqUFy3OdrqZ36Gp6BzDJmPI7ZE39D2SMKwXXRHxWptZlHSUGahmA+++7b0DKGRRlq9ldvXq4ayEiw2Xm46yZV8mOtx6i6vHIQNmZk0dh3honcJfHo9+dx/4dJznz+MzowbyjO6jscQOromUbgoG6MyePUrRsQ/C1M8uXUbTFKe/MSY4yjzXBJx+nqgrgKkdONFI0+ykn+DnTDkae+IyrjzrT3+c9FKpPRDASmFnOsqKjnAjWqJH9NWd49PGZ9j6eid4seY8+Q1Xwr6tcbARmh20Qvs8zJzlatIwNoQNjWdGWUIA03JmTHJ33Xaqc6uXdO5ui/YE2nclD8wgtnXD1Io3zvsszefZxPx5W2auXLwAzolc+dBQ8+kzoKLh6kV6H8V0nqByxbEP4++Aqn51oZN53n3Ha33kfvGO3v0KrIiIiMloosCr9ZhgGptuNabq4crOdD8+c49OGZjTZPR4/niuH8Vw5DEBG/gJy7vg/ycgtwucz8PqGuXrSb/0Nig7OGq0iIgPHDnDu4K2HNjA9+OhVLl+AotkphM7m9ZzyP4PvBrMa7fIaj26hcn/4i4q4fBXy7J1FCdTZQc0Z302yHlcv0sgMQpvnMTUYf5zJ41VroDIsABxrWnuPJQOK4tyM76p9YGyJPDCKLl+FHkHKI+8chcajvQLQgWzY8GAzJ48y76HHQ68NW5qgKF6FIg4jbAp/UVGPewoWMT2sennTi+Bir6PjYiMc3VFJZJXncRUUWBUREZFRQ4FV6bNAdqrPgiOnzvNpYzOd3d7hrtaI5GmpxdNSi5k9nezp3ydr2mNYvm68/gxlsY5gP280+/S6bxepz0VkBMh7lKeWnWDLOzXMCz3I1BnQeLFv4bO8R59hzcVKdrw63VlH1S6vaHaMKeT2zqIE6/KYXgQnegUpY+14OkWcILS5HdANRYxn8nhVFY+DMzV+B2891HP6ux0A7bXmaKxd2gcWc/3ZULGfcaJxXtgaqs7DR14NZuDm5d3L7KL9nDzzEBydRzCueqaG/eGvdZY4iOvqEd45Grbeq7OuaszNLzZGedRu/3nf7b1EgIiIiMho0rerfhnTXC4XroxMWrv8/POJM7z29gk+PPOlgqoDwN95kfbP/5pr//4t2s9sx/Q0kuX24XIbw101ERGRXvIefYplHOVoWGxt5kPz4OhJzgDBbMvwKfAJzHx8DfMa97P7yNVgeY37a5zy7IBiZeVb9t8zH2IeRzkZepJXK1/lyNU87p1dROOJz5wb3p+hZn8jRbPvjR7EzLuX2UX2dH+7nM840dizzMC2U5nRI2sznB1UxglqxjvQh5jXuJ+aiLpX8taZyM2ufnaCxijtl3fvbIoaT/DZVQD7eI/u2MGFZeU9tr3A5asQ7IukNBI6jLCbWDnPhdrJWQ/3oV61s+vzzhECzXbmrUoqXw39LSIiIjIaKGNVkuZ2uzFcLhov3+TwrxtovtE+3FUa1bpbDtLdchAz506ybv82OXf8EV5Pt5YJEBGRNBJYQzUsYDfzcTYse5UtgbuoFi1jQ0ppi856qPsDN0XqUR5FLNsQyN6cyeMblvHqlkoCz85b49yoycl+DU61n7fGvjFVrON4Zg0Xg9P95zFvHlwAyHuUZ9ZcpHJLJYFJ+0XLNvB4r6ICbeGUMW8Na+YdZUfM7N3edQ9fW9ZmB4SDN/KK2J2dpRpY+zXv3tkUAbPvDduXs27r/i2V7KeIZWuWUbTDycyN0RLBdVOdafzz1qxh3tEdhA6jiGXTT1LppL72rnOgmB7tzzzWVGl9VRERERldDMuyBnQpzPr6eqYVFvb59Z7XygHIWFszUFWSfjJcLjo9fuqbrvPvp87R6RmZmakrFtzHtMwvuPnxXwx3VfrGzGZc6Voyp34br8+Hz6tVbNNFYNwK+M2iv+b+++7r11IApz79NL1vXiUio0LP8auz4p+GqSYiIqnJrv59QNeNIiJi+7KpiZKSkgEtszL4w35sWgpAYjJdbjKzszn5eTM/+flHvHuyfsQGVUcFfydtv93O9WPfw3/1IFlZLlwuLREwJjTX8FJFBTvr4m2yiafibRChjp0Vm3i3ue/lpbY/Z687K3ippjmp/YuIiIiIiIikOy0FIL24XC4Ml5vPzrXwrx99js+vzMh0YvnaaPvN/0v75/+N3Lv/nOyChXh84PPqhkejVfMnh2HxYhqO1UFZ2QCUWMbq6o1xtygo38juOM+3NJxNcZ/NXGwEipPbv4iIiIiIiEi6U2BVgkzTBNPNhaut/OKDs9zq7B7uKkkclvcmbb/ZSnv9fyO39D+TOekbeK1s/H4FWEeXZj4+DPPXLoXXXuPd5o0sKXCeqtvJU1sPAqWULw5sX8fOir0UrSpi1y77uVVVK2is3EoNULqqipfKW+xtqjby4CebWNdQRPnBg9QALF7P7tVlNNdsYl3DCnavhp0V9msBytdXs5qdvHIQYCs751ZRtLeSxqLF1BxsZFXVRpa0BOoVes3SL19j11ng7Gu8+8AKGivt/S8paObdTZX2c5Tar3ces8s8GNrvQMSURURERERERAaIlgIQAAyXmxudXv72vV+z/9/qFFQdQSzPNdo+28yNk3+Gy3cJt1uB1VGl+RMOF61gSUEBD86Hw58E5s/XsXPrQcrXV7O7ei1FjeEZpGfZ1TCX3dXVPL/4LLsqjzG3uprtq0o5e/gTes3APwhzq6vZXbWK0oN7I6boN9fspWbxenZXV7N7/WJq9tbQXLaa5xcDi9cHg501zGV3tR30rcPe925nnzXH6igoX8uqUihdtTYUGAbqdlayqyhQfhG7KncSWGCgxiln+6pSe78D2a4iIiIiIiIi/aTA6hhnulxkZGXx8w/OUv2vH9N8o324qyR9ZHU1ceOXT9PV8BOyc3JwufTxHg2aPzlM8Vw7elnwwHwIBEbrjlHDYuynCnhwfmnE68qd1+QXl8LiuZQBBdOKou+ktJh8gIJp9kz9MAUPzKf04FaeqqhgJ6vZvbGcgqhF5Af/v6yszM6mrahg3a54SwbYywME6krZXMpp5GJzZJkx6y0iIiIiIiIyjLQUwBhlGAaGO4PPv7zGO8d/O9zVkQHU9eU/0PXlPzLhvpfJnPQ1PF43lqV1ckemOg7sOksNFYTud1vKx83lLBmqKhSU81J1ubPsQAU1LOb56tVxXuBM7WcV26uroWYT6xqGqrIiIiIiIiIiQ0eB1THIdLnxGwZ//291XLzSOtzVkUFh0frpf8E96WuML9uE33Lh9bmGu1JjzreL+rksQ90xakpXsT0sS7S5ZhPrDtSxZPVcytnKsbrVlJU18/HhszAIiZ3NNZv4G9byUvlqdlcV81JlclHS8hXlFNDMu3HrVcD0Ith1rI7VZWVOFm4RzxfAxQE7AhEREREREZHBocDqGGIYBqY7g1MNzbx7sn64qyNDwHvjV1w/9ofk3vUnZBQsxstklLw6NE59+mm/y6g7dpDS+VURU+8LHphP6a5j1K1ezer1i50s0lLKF5fGLKc/CsrXMn9TJU/tsv8uX19NGdBcXAq7nJtXRb6CB+eXssup16pVi+HwlzRTxvQiOLvLvnlVQNnqKlZtquSpCgjcvKqMZgVWRUREREREJO0Z1gDPEa6vr2daYWGfX+95rRyAjLU1CbaUVLhcLgzDR0NLB/9w5PRwV2dYrFhwH9Myv+Dmx38x3FUZFkbmVCZ/43U8PgO/lTnc1RlVAuNWgMYvERkpeo5fnRX/NEw1ERFJTXb17wM67xIREduXTU2UlJQMaJmVlZUJt9HdbcYAw+jm+sUj1L4xn5LbJ1M8ddJwV0mGgdV9mWvHvofV+hEZZsdwV0dEREREREREZETTUgCjnGl08cVH/5Pzp/YA8Kuf/2e+/52/5i///tgw10yGS9tnm8i8/TuMK/1zuj2mlgYYBAOxDADA/ffdNyDliIiIiIiIiMjAU2B1lLIsL9k54/nlP/0ZN5tPBR+/dvF9rl38gKeWPMjudz8exhrKcOq+9C94r3/IxId24PW78VsaCgZaf4OiAxWcFREREREREZHBoWjKKOT33MDyd3BwTznQOx3xV/+yhgWr/p2HSm/n5NlLQ19BSQv+rktcf//7jL/3f9PYtAAAIABJREFURTImfh2PP2u4qzTq/Hr58j697qv79g1wTUREkjNh/PjhroKISFI8w10BERERtMbqqOP3XOf6l8d5/63lRAuqBhzb+z2WPHT30FVM0tatzzbT8cVrZLo6h7sqIiIiIiIiIiIjhgKro4hJF40f/08+O7w54bbd7Ze5+JsD/Ml3vjEENZN01335f3Pz478gK8s13FURERERERERERkRFFgdBQwDsnOyOfnzP+fiZz9L+nWf1b5EptHJwgfvGsTayUjh72jk+rHvk5XlwjCGuzYiIiIiIiIiIulNgdURzrI8+LouUfOT2dy6cjrl1x95cwkPf2UablNvBQHL18a1f/8WGcYtTDP2UhIytOp2VvBUReDfTuqcx5trNvHUzjqgjp0Vm3i3uQ+FN9fwUliZkU9tCttvBS/V9GUHPdTt5KlNNQxASSIiIiIiIiLDStG0EcwwfHTdOMOxfY/3q5yzH+zgz5Y+PEC1ktHg+vEVmN0NmIZ3uKsyxjXz7qYKXmE9u6ur7X/r4ZVegdAyVldvZElBH3bR0sDZqLuu4W92waoqZ79Vq2BXJTujRWBTUbaa3RvL6UtVRURERERERNKJe7grIH3lpfXyR3z8v9b1u6SGk/+Dwnt+n8ce+Qpvv//bAaibjAY3T65lfNkmXBO+hs+fOdzVGZuaP+Hw2cU8v7Es9FjZarZX1RGZ8lnHzoq9FFXZwdW6nRW8ctB+pnRVFS+VF9Bcs4l1DUWUHzxIDcDi9exeDTu32hu+snMuu1eH7aelgbMU8UeBCGhBOS9Vl4eqVrOJdbuckOzi9fZr63by1F4o5yA1Bd+i9Fg3f1S9mrLA9ofns31FA+v2FrN9YzkFdTt5ytl/sAyi15/mGl6q3OUEgUtZVdXHQLKIiIiIiIjIAFHG6kjk76St5eMBCaoGvL/3D/jKjDwKbxs3YGXKyHfr/2fvzuOjqu/9j7/nzEz2QIAECGoiDKBBQauouISawVp3vVbR1pImansramnJ7RLa+wMerdANWnsr3ZuY3C7Sq23VurUktbEaBS0CkrpEIOxM2LLPen5/TAJhzzIzZya8no9HHj44c873+54Y5vHIh8/5nIaFCu3/h2wBbty2gmd9nRpd+co+6nhOToFyTlBU9NQs7tXhWq78yhWHRwTUSjO6u09dtSu1ylOg0vIiSUVa0LuoKkkFpVpQVKsl3WMAjuhUbagIF0mrqlRdtUwlTUsPv97YpLy5Vaqee60KXbWq7z7evKVR7tm9O1UbVLG0Vu7yI9c4Uf6GZyulkmWqrqrS8hKp8tnBts4CAAAAADA4dKwmGDPQoY6D7+ntF+dFfO13ar6uu65+RI/+6fWIr43E1f7+cqVO+Lyco65RwEyzOs5pJSc3r9/XNG9plGqXak7t4WOu9R5Nk6SeIm1OrvL7sFZBaZWqS9XdLVqsOd2dotN2NkmNtZpfXHn45PoGlc6QpDyNy5GkHE0rdKlup0cqaFZ9bZFmlEqHB8Tu1BYV6a6C8LmzFlZJkhrqj59/0YwiNS4t05zKcIbqw82zAAAAAABYgsJqAgn5W9TV1qS3X3g4Kuvv2fRXnXn+Pbr76vP1+79viMoeSEydH/5UNhmyj5yloFKtjnP6yM6Xq3GLmqUjZpI2VBTrifxlevAElx26fb4XT80gcnSPAWioKNYTPUXaXrfuHw5Wf+RlUwulFevlyd2imqIZKu3jdsfLL5Wquqo0PFKgrFiVrpLwOIEBviUAAAAAAAaLUQAJwgy0y9exQ2ufeyCq+7z1TInGZqWq4Kyjbz7G6a7jwxUKHayXXZ1WR0kY5//hDwP6OiRnqgpdtVrS+z78hgotqS3SXccUHsOy811qrHy2uzG0QRVH38bfR56axZpzzEOypPzcnHAnbe3K7hED4QdsLao5zriInKkqVJ0eW1kr94yjirA5ucpXz6iAw2ucKH9DRfi/Oe6Fqi4v6v8bAgAAAAAgwuhYTQBm0Ct/12699exnY7Lfmj/N0fW3/1YNW5tjsh8SR/v731P6uf9PRsaFCinF6jhx7Z2NGyOwSo5mLVwmLS7TnOKeY0Va0PNAqONd4V6oBVuKtaQ4fC+9q2SZFhVInp0n2CI7Xy5VHvPwqqPX6b2WVKrlJd2do1K4e9Wdo2OqsMrRrNl5qlya133Lf28FKl1W0j1iQJKrRMvdOcrR8fOroFz1xd3nyqWSZaV0qwIAAAAALGUzTdOM5IKbNm1S7tixA77evyI8OM85dzD3rQ4dNgXk79ytN566O6b7njfru0rOuUK/evFfMd03mmbPnKLcpM1qWfdFq6MkvMzzvyulTlbQTLI6Slzo+dzqwecXgETB5xeARMXvjQCA3nbu2qXx48dHdM2ysrJTnkPHajyzmQp698e8qCpJ76z6igqLX9aMgjNV37At5vsjvrVu+IqGXfhjGc48hUw+Ro4WmW5V6bwpUyKyDgAAAAAAiDwqInHKZpMUbFX9H263LEPd/86S+956Cqs4rpa1Dynz/O/ISD1PIZNxzUcbbFE0UsVZAAAAAAAQHRRW41TIu1ev/eE2i0MEtGltpR646R795Nk11mZBXGrd8FWNvPJFdXmDVkeJS7P/fNeArlt56xMRTgIAAAAAACKNNrM45LQH9fZL86yOIUnatObHkv+APn6xy+ooiFMH3rpPSc6A1TEAAAAAAABiisJqnLGZnfpgzWPqOLjF6iiH1P/+ep1/9mgNT0+2OgriUKhzmzo++JGcRqfVUQAAAAAAAGKGwmo8CXnVsmedtm/8g9VJjvHvuiX6zMcusDoG4pTP8zf599bJbvNaHQUAAAAAACAmKKzGjaDsdmn93/7L6iDHtePdp9R1YLPuuKrA6iiIUx2NP5Qt4JHBp0rkeGq0qLhYc476WlTjGcBiDaooXqxVA7k0LtYHAAAAACC+8PCqOGHIpzVP32t1jJNa/ce7dPW9r2v82Cxt2nXA6jiIQy3/+pxGXvVXdXX5rY4yhLhUsmyhZuUMdp0ClVYtjEQgi9YHAAAAACC+UFiNA0GfR5verlRnyzaro5zS2ufm6j9u/KmWP1VvdRTEqQNv3qfhFzwmb8BudZQhrkEVxSulIqmmtlFHFGAbKjRnaa0kl9xFUo1mq7pUqiheqbxlCzVt/WLN35Ind22taiSpqFzVpeFu9IaKYi2pDe/gKlmmRe6cEx731BxeZ0vJA8qvfOkU63u0anGZKhslFRXJXdukvIgUjQEAAAAAiD1u2rWYGWxX+95/a+d7T1sdpU8O7HpTe7fVq/iaaVZHQZwKdTapfdNP5DB8VkcZIhpVWXbkKICKhsOvbcmfq+qqKi0oalTlsw2SGlSxtFbu8ipVV81VXlPj8ZetlWZUVal6WYlctSu1yiN5ahZricpVXVWl6qpy5VeuOOnx3usscmf1Yf0VqlSJlldVqXqGwkVXAAAAAAASFB2rVrLZZLcb2lCzwOok/bLuxYc1s+Sf+ohrrP7VuMvqOIhDvt3PKXXcrTKc+QqFQlbHSXAnHwWQnxt+ITvfJW2R1FCvGhVpQYEk5WhaYffxY5bNV7Yk5eQqv/tQ85ZGqXap5tT2Om29R+NOcHxa73VOub5H6+oa5SqcqxxJKpght5r69B0AAAAAACAeUVi1kMMI6I2nSqyOMSD1T9wi9z0vUljFCbVs+IqyLnlCXhpXE0rv2/97NFQc/7iHllMAAAAAwGmMwqpFDHn1fv2P1NW2w+ooA+Lr3KttDX/U566/QT9//i2r4yAOmf6D6tzySyWf9Rn5T9N5qytvfSL2mxbMkFtLVd9QqoKCcJeo8vp2aXa+S42Vz6rBXaoCNaiieKlUXqWbTnS8X8HC3bOVdevlcbuV01CvGkmJ+U9LAAAAAABQWLWEYZhq3rQqYeaqnsh7/3xEV+RfraILxqv27U1Wx0Ec6tr+f0oec50Mx5mn3UiAdzZujNBK4Rmrlb0PuUq0fGHuCc4vUGl5keYsLVaNXHIXufq8U457oRZsKdaS4trubZZpUYGkguMf9+zs3zvJcc9VSV2Z5hdXhh9e1b/LAQAAAACIKzbTNM1ILrhp0ybljh074Ov9K8K/ajvnDt17TJOTnXr58Y8qFPRaHSUi3Pev0Y///Ia8gaDVUU5q9swpyk3arJZ1X7Q6ymnF5hyhrEt/J6936BZWez63esTP55dHqxaXqa7w2Nv4LddQoTlLpQVVpSqwOgtwGovfzy8AOLnT4fdGAEDf7dy1S+PHj4/ommVlZac8h47VGLOZXn245ldDpqgqSR+88T/67A0P6MdPr7Y6CuKQ6d+vjs2/VvKZcxQInp4jAWIrfKv+oV8xXCVaHidFVU/NYs2vbDz0Z3d5FUVVAAAAAEDCorAaSzabbDZpy7rKU5+bQJrWPa6xk2/TLTMm6+n696yOgzjk3b5SKWOuk+EYd1qMBIjUGIDzpkwZwFUFKq2qUmlEEkRWjnuhqrn/HwAAAAAwRFBYjSHTv1//rl9mdYyoeOP//kNX3/uGxo3K1I69rVbHQRxqeedrGnbBTxRSqtVRYmJgRdHDIjejFQAAAAAARAOF1Vgx/fJ17FHzlr9bnSRqNqz6imbP+q5++MfXrY6COGR69yh4cI3sI65WMM7n8UbKr27oHNB19z13ehSfAQAAAABIZIbVAU4Xhnz69ytLrI4RVc1b/q6Du9fpU1efb3UUxKm2974vp4M5qwAAAAAAIPFRWI2FYLuat/5T7fsbT31uglv7l/s1OitF5+XFx8NyEGdMvzq3/kYOeuUBAAAAAECCo7AaA0lpWXrv1e9YHSNmVv/xHn18usvqGIhTnVsqZLfz0QMAAAAAABIbfWNRZjO79OHqnysU9FkdJWY6Dnyo3R/+VfdfN1O/fOFfVsdBHOpo/B8l5z+gQJAC60l5arSorFJH97q7y5cpb2WZmmZXqbTAkmQAAAAAAJz2KKxGk80mw2ZT0/pqq5PE3MbaBbpqzt91xZSz9OrGrVbHQZzx7vqLUvNLZLNlyDRNq+PEOZdKli3UrKOnayyssiQNAAAAAAAIo7AaRYa8aqj7ptUxLPNK9dVy37+GwiqOq+3d7yjj3IXyBXiYVf95tGpxd8eqKjRnpeRWrWoaJblKtHyhWzmSGiqKtaS255oiLagqVUFD3853l/d0wzaoonipaiSdsMgLAAAAAMBpiPtwo8QwDJlBr5q3vGx1FEttXlupuTdNtzoG4lDgwBoFW9fJMPgYOrlGVZYVa05x91dFw3FOaVLe3CpVV5XL3VipZxskqUGaUaXqqipVVy1TiatW9Q0nOb+hQktqi7SgqkrVy0q0ZWmFGuTRqsVLpfLudcrzVLmiRp7YvXkAAAAAAOIWHatRYvocMpwj9dGSV7V1w2/04ZrHrI5kiQ/X/FijJ16v66dP1PNrPrA6DuJM5/YnlXHO+fLJaXWUOHa8LtGjS5t5GpcjSdnKc0lNkqQCFRQc1YV6kvM9O5ukotkqkKQctxZVSVKD6hulmqXF3R2r4TzrPG66VgEAAAAApz0Kq1Fgs9kU8NpUectBTZzl1Ee/8GnlTf20tm58Qo2v/9DqeDFX//sbVXTfar3+7jbta+2yOg7iSODAW5LZJZstiVmrkdb94CuVLFN1lcKjAwa0ELf/AwAAAABwPBRWoyDodejN34YLiB+s8uuDVX6Nv8qporLZyjvvk9q28Q96v/77FqeMrYa6b2rOrG/o0T+9bnUUxJnOpseVfPaDCgRsVkeJuPueS7U4QZHucudInhrVNUr5JzkzJzdPqqxXQ2mBCjw1WlRWp8Jlc5XnalTlsw2aVVogNVRozlKFZ7XG7D0AAAAAABCfKKxGQdowhzb8ueWIY5te8WvTK37lXerQrK/erjPvm60d7/5J776yxKKUsbXrvad1xpS7dOfM8/SHf7xjdRzEEe+u55TumqdAIGh1lIh6Z+NGawPkTFWhq1JLimslV4lKiqS6nR4p9wTnF5RqeclizS8uliS5SpZpVk6OtLBcTcVLNadW6ulepagKAAAAAIBkMyN8/+2mTZuUO3bsgK/3rwhPAXTOrTnFmfHJDNq16R+mar/XftLzxl3o0McWJCs926ndHzynjS8vilFCa1197+t6uv59Ne7cH/O9Z8+cotykzWpZ98WY742TSz37PjnH3qlAIGR1lAHp+dzqkaifXwBOP3x+AUhUif57IwAgsnbu2qXx48dHdM2ysrJTnsPjuCPM9Du17qlTzxHdsTagx2e368kHW5U+7FoV3bda5xU9EoOE1vrXXz6nWy4/x+oYiDOdW38nu52PIwAAAAAAkDgYBRBJIUOtu4La29j3W5p3NwRVdXebRk0wdMO3iuS+b7U8m2u1ftVXohjUOgd3v63mpldU8rGLVfnXt62Og3gR7JB/36uyD7tcwWDijwSI1BiA86ZMicg6AAAAAAAg8iisRlDXfkPrnhzYU+/3fhhS9afalHWWoRseuVLu+9eoualO6176UoRTWm/DX7+kmZ+p0/RJuVrz/k6r4yBOdG6pVOYF0xUMDo3O1cEWRS2f0QoAAAAAAE6KwmoEZWQ79N6q1kGtcWBrSL8tblfG6E7d/J1L5b5/jfZte01rX3g4Qinjw6u/u1EfLa6hsIpDgh2bFWjZICP9QoVCiTlr9Wiv/qZwQNddcU9dhJMAAAAAAIBIGxqtYXEg2OXQuj96I7Ze256Qflfarl/dtk8h70Vy379GH7nxpxFb32oBX4u2vvMHff7Gi62Ogjji3/uK7PaIPk8PAAAAAAAgKiisRogzyaF1T3VGfN2ug9IT97frZ9fvk7/lfLnvX6OLbvqFZCR+s/H7r31HRrBVsy6M7FPbkLi8nlUy7In/sw0AAAAAAIY+CqsRYBiGdv87oPbm6HXaBbqkP3y+Q48V7VPX3ily31uv6bdWypGUEbU9Y+G1331cF7rGKi2JYhokBTsVbHtfhsFHEwAAAAAAiG9ULyIg2OnQ2icG9tCqgXjyoXY9VrRPrdsnaWbx33XJbf+rpNRRMds/0t6v/4Huv/4iq2MgTnTt+KMMY2jMWB00T40WFS/WKs/RxyrUYFmongzFmnPUV4WloQAAAAAAiC0KqxFhqGm1P+a7/ulL4QLrgc1n66p7XtSlt/9eKRm5Mc8xWFs3/Ebe1q267fJzrI6COODz1MjhSLY6Bk7JpZJlVaquCn8tL3GpZmWNPKe+EAAAAACAIYH7rwfJbrdrx78DlmZ4+ssdkjp045IzdMXdz6h9/yat/9tX1HFwk6W5+uONJ+9Q0X2rdWZ2prY1t1odB1Yyg/IfXCcjbYpCwaDVaeKap2ax5tcVavlCt3LUoIrilcpbtlDT1i/W/C2FKmmqVGWjpKJyLc9fqfnhP2hBVakK5NGqxWXh1yXJVRJep6FCc1ZKbtWqprHX8VNkyZlaKFflFjVLypHUUFGsJbU9Sy/TIndOuNO1rFLhLV0qWbZQs3IkqUEVxUtVI/XKFz6m8iqVFnS/1y2zVV0qVRSvlIqkmto8Lai6STsOvY9eax6xV8+aR+ZSUbmqSwsi8H8CAAAAAHA6omN1kIJdhj542Wt1DEnSXxZ06rGifdq1fqxm3LFSM+58ShmjzrU6Vp+te2m+7iycYnUMxAHvzj/LYbP2HyziR6Mqy3rdcn+oWHgKtXXS3CpVLyuRq3apHtNcVVeVy61a1TdI8jRr3NyejtNyuRvrtK6n3bSxSXlze45X6tk+3OLvWV+nRle+shUugi5R+aG18ytXaJVHani2UipZ1t3hKlU+2yDJo1WLl2rLoeNNWrL4VJ2vjdqSP1fVVaXKrlmhSpVoeVWVqsvzVLmiRh41qKKsToXLqg6vWdEgeWr0RG2RFvS859qVR45ZAAAAAACgH+hYHSS7066ta2I/BuBkXljYKalT1/73aF1yW7W6Wndq48v/rYO737Y62knt3Vqn/Tvf0j3uqfpNzXqr48BCvua/K6NgoRTotDpKHOjd2anuTswtfbisUNNyJClX+XIpb2p4gTyX1CRJOQVHda26VHLo4jyNy5Gk7MPnHyNc8K08Ime4s7VhS6NUu1Rzag+f7Vrv0aIZRWpcWqY5leH3VO2WpAY1NbpUODec73Dn68nHmuTnhs9v3tIoV+HccEdtQamqF4a/R1vUqJoj8tWrofQmFboqtaS4NtytWrXwVN9FAAAAAABOiMLqINhsNnUeCKm92bQ6ynG99M0OvfTNDs362ghddOMv5O3wqOEfi7V/xxtWRzuht5//vGaWvKqpZ4/W+s17rI4DC3XtfFbGqGsZBxAtDRWas7RW7vIqVReExwj0z+GCb89Igmm95gUcuv3/CKWqrioNn19WrEpXiZYvjNZc6MO3//dWsLBKs7rHDMypldzdowYAAAAAAOgvCquDEOwytPmf8dWtejyrvt2pVd/u1NXzh+nCG38sX+de/fuVJdq7tc7qaMe1+qm7dO3sP1JYPc0F296VY9RHFUrgj6kr7onu37Gc3DypsXuuaUO9aqReXad94CrRTQWSBnJt7xzuhVqwpVjzK3JVXVqg7HyXGiufVYP7yFmpM+qLVT+jSqXuharODc9yDXfFNqpuvUez3DndIwUKld3dLVu30yMVSOvqGqW8Y/fOznepsW69PO7u+bBLpQVVM5SvSj1Rc5MWuXMOz6KdKz22QnpwoVulVcuUt7jsBN24AAAAAACcWuJWLOJAoMuuptXxMV+1L/6+vFN/X96pmV/I0NRblingO6B3X/2OPJtWWR3tCJ0tW7Xzg+d1/3VF+uUL/7I6DiziP7hWaXZDgQRtWH1n48bob1IwQ24t7b61vUju/l7buFTziyulohKVuGrV1DyIKKXlchcv1RyVq7o0XGhdUhyeBeAqWaZFBZIKylVfXKw54aMqWVaqHEmzFparqbhMcyqlcKdpeKTAtEKXKivDowPcRa7j7nuoqFscvunfXV6lAkkFy0q0qOzYNR8sXHzoXBWVq5puVQAAAADAANlM04zofeybNm1S7tixA77evyJcGnDOrYlUpKhJTkrVTz++T6EELfxc+UCqpn0iWUF/i96rX67dHzxndaQjXPXpGq3d0qq6DZHpKZs9c4pykzarZd0XI7Ieom/EFc/K64v/Z+z1fG71SITPLwCQ+PwCkLgS6fdGAED07dy1S+PHj4/ommVlZac8J/4rFnHKsBna1RBI2KKqJP3zJ536yTUHtPYPSTr3yoWaOadWuZNvtTrWIa/8r1uXnnOG1TFgocCBtbLb7VbHAAAAAAAAOAajAAbI22Zoc73P6hgR8cavu/TGr7t08ZwUTf90uSbNmK/G1T/W9oY/WB1Nm/71Kz14c7Eee2aN1VFgAd++eiVnTlOifVRFagzAeVOmRGQdAAAAAAAQeYlVrYgjdsOuras7rI4RUW9Wd+nN6i5deFeyLi0pk+uSh7XprZ9p64bfWJZp05s/0WjX9brx0kn6yxvvW5YD1kjkOauDLYrGZEYrAAAAAAAYMAqrA+RMtcnzXgJWe/pg7RNerX3Cq6m3J+vy+x/WhIsf0Oa1v9KWtyssyfP6yltUdN9q1f97m/a2dFqSAdYIdW6zOsKgPPbc2gFd9+ANF0Y4CQAAAAAAiDRmrA6AYbdr21t+q2NE3fqnvPr5DS36x4+COmvK53R1yas6+6LPWZJl48sLNWfWNEv2hrWYswoAAAAAAOIRhdUBCHoNffB3r9UxYmbjs1794qZW1XzPpzMn36uPlryqCdMfimmG3R88p7bmd3XXzPNiui+s523+h2y20+fvGwAAAAAASAwUVgciZNP+ppDVKWLu3Zd8+sXNLfrbEq/GTrhHV5e+pkmXzY/Z/m8+PUe5I9M0+YyRMdsT1gt2bOaDCgAAAAAAxB3qFQPgTDV0cPvpV1jt8UGtX7+6tVUvLOzSqDPvVNG9r2vyFV+Nyd5vPXu/brpsckz2QnwIdjTJ5ki1OoZ1Gio0p7j48FdFw6kuUEXxYq3yDHpjVfTsubhGx1+u55wKHZHKU6NFfcrae6mKY9c5CU/N4u71PVq1uFj92QoAAAAAgEigsDoAZlDytZtWx7Dcpn/6VXF7q575WrtGjLlVRfe9oXMLvxHVPVs9G+RpqlPJxy6I6j6II6EumYF22Ww2q5NYoEEVS2vlLq9SdVWVqqvK5a5dqkU1g66anpKnZqW2lCxTdVWVFuRV6tkTFi5dcrlqVd/rdc/6OjVGOV/zlp4dcjRrYZVKC6K8IQAAAAAAR3FYHSDR2AxDLdtO327V49m6OqDKO9o07gKHPvb1G1R03y3a9cHzanh5YVT22/DX+Sos/ocunTxOb7y3Iyp7DGXJU59Repbkb7xZrTtOdPwTyrz8ITkdkgJr1f7al+SVlH5xrRytRTr4Xmwzh7q2y5bkkmmeZv+g4dmpLXKpMLvnQIFKq6oOv95QoTlLaw/90V1+bIGxoaJYS7pPcZUs0yJ3TrijtKyyu/jpUsmyhZqVc+R1Obl5aly5Xh53ruprizSj9MQxCwuLVLfTIxXkSPJoXZ3kLnKp5qQ5PVq1uExNeUWqqW1SyQN5h992zWLNr1R3rgZVFC/tXqs7a3NF93taqooZy5S3skxNs6t0087Fmr8lT+7a2vD5ReWqLi1QuKu1TJWNkoqK5K5tUt5x3jMAAAAAAP1Bx2o/mQGb9m4KWB0jLu14O6DHZ7fp/+a2Kj3zYyq6b7XOK1oSlb3++dvrVDg1PyprD2njfqDUrIxTHx93leyOJnnrXlDQMVFJ48LnOJPWqivGRVVJCrT+WzbjNPy4ynHrwRKpsix8S/7RnaoNmtHdyVql5SUu1dQf2VbqqVmsJSo/1O2aX7lCqzxSw7OVUnc36vISqfJ47agFpVqQV6n5xfWaUVWqkzaE5uZLdevD4wI861WnQs3o9dfzZDlrNEPVVQs1K6vn5ArNryvU8qqFmpXj0arFS6Wejt3yPFWuqJGnoFQLiiQVlR/bqVorzajucY0lAAAgAElEQVSqUvWyErlqV2qVR/LUrFClSrS8qkrVM3S44AsAAAAAwCDQsdpP3labDmwPWh0jru35d1DVn2zTqPGGrv/m1XLfv1qezX/X+r99OWJ7hAId2vrOE3rgxv/QT/7yZsTWHdo+ocz8C6VA21F/8090/EjpuRfK3Fskb7RjHkewrVGObK8kuwW7WyvHvVDVbik8z7RMcyoPd6YWFBQc2Q1adOS1zVsapdqlmnO4WVSu9R4tmlGkxqVlmlMZ7gANr99buEtU5ctU0lSmJ2pu0oNaoflbZnd3gB4le6oKtULrPG5NW18nFc5VtuoOvXyynK787F4L1WrJUpdKlpUq3EzarKZGqWZpca9iqEvrPG6NO9E3zJWvbEnKyVW4tuvRurpGuQrnhtcsmCG3mk50NQAAAAAAfUZhtZ/MgE0Ht1FY7Yu9m0L630+3adgZhm5ecqXc969R89ZXtO7FL0Zk/fdf+55yzp6lay6aoL+99WFE1hzKkqeWyKm1at87UuljRp78+I5XFMx/SMmFeVLHCzqoHygraa06LehWlaRgZ5MM22k2BuAY4TEAN9Us1vz6BpUWZIdvb+/uxFTNYs3fcuxVh27/P0KpqqtKw7fclxWr0lWi5Qvd6jmrZ77qooIcaWG5morLNF+Su/xEfas5mlYoPba+QaqTCufmSOt7XvP0KWdYkRaUS0tW1GjaoTzHH1XAs6oAAAAAAFajsNpP9iSbDtKx2i8t20P6zWfalDZKuuW7l8h9/xrt2/661j7/4KDXfvV318l9/xq9tnGr2rv8EUg7RI37gVKzJH/jl+TNeFzppzquJ9X62pOH/pR+ca3MvUXS1Gc0MitDUpO8dZ9Re4ziBzs2y7AnS4HE+rv34A0XDm6BhgrNWdp0TGGxd5ene7ZbOfJoVV2jlHfk5dn5LjVWPqsGd6kKDnWhVmlGfbHqZ1Sp1L1Q1bkVmrPyyOsOz1d1K0cFuqnEpZpKKS9bJ5QztVBasVJ1jXm66zizS0+W8wgFpVqQV6zHaqZqkTtbea5GVT7boFmlPV2v0oKqkwx8PTaZphW6VFnX/X4a6lUjqaQfKwAAAAAAcDwUVvspJdPQwe08vGogOvZKv7+vXSnD2nXL9z8i9/1rdGDnm3rrL/85qHXfffW7uvfjZfqfP78RoaRDT/KoiTKUIcNVq55eVafrGQ3v1HGPZ6rXg626Z6t2vvdVpRRK/sYfS/kPyTn1E9L6J4+zW+SZgTaZZkCSLSb7RcI7GzcOfpGCUi0v6e4q7TlWVK7q0nDlclqhS5VLi1Ujl0pKiqS6nfIo99DlOe6FWrClWEuKw7fgu0qWaVGBpIJy1RcXa074aK9b7w/vuyCvWPOLKw/vuWynFpVVaNyJ5q3mTFWhKlVZNFvhx0UdeuEEOU9cpS24qUQqW6FVUxdq1sJyNRX3jDMId68WSPLku6TK7odXneLbmOOeq5K6svD7KSrSMZMPAAAAAAAYAJsZ4cdsb9q0Sbljxw74ev+K8K+8zrnx+XgRhy1VP7t+n9UxhgRHknTbD9M1piBZB3ev07/+8nmFQr4BrXXJ7SvV7Bupp/554huEZ8+cotykzWpZF5lRBAlr8uMaOWak/I29iqcnOZ5+ca0crUU6+N5XNbzwKoUaK6X8h2Rv+7EOxKiwKkkZ531HSr9AoVD8/cNGz+dWj3j9/IKO6Ho96QO5gNMEn18AElW8/94IAIitnbt2afz48RFds6ys7JTn0LHaDzabTa27E+tW5HgW8En/N7ddUrtuf/QcXX3vq2rZ847WvvCQAr7Wfq21+qnZKrrvDeXlDFeT52B0Ap+ODnWrStJ31HXgKqW7HpLUJG8Mi6qSZNiTFLIlTscq4oenZrHmVzYe+rO7vIqiKgAAAABg0Cis9oNhGNrfFH/dckPBU/PCBdbblk/UzOJate19T2tfnCdfh+eU1/Z4+8Uv6hMff1Q/eKo+ekGHgvc+o33HewjV8Y7v+JIO9Ope9a6/Wd5oZjuJkG+/bKkWbY6EluNeqGru/wcAAAAA9ENfOlaNGOQYMkIBQ/u2BKyOMaT9aX67Hivap30f5umqTz2vyz7xhFIyz+rTtfu2vap929dozqxpUU4JK4R8zbLRsQoAAAAAAOIEhdV+CPpN7W9iFEAsPPOVDj1WtE97Np6hK+76o2bc+X9KHzHxlNete+EBjUx3aNqEMTFIiVgKeZslW0RHQgMAAAAAAAwYhdV+sMmQr53CTiw9941wgXXH2jG69Pbf6fLZf1LmqJNPR3zjyTv0sY9MiFFCxEoo0CKbScc4AAAAAACIDxRW+8EMmjJpWLXEi4s6tcK9X1vfyNb0W6t0xd3PaPiYC497blfbTu149xl99vqLYpwS0WT6D0riLyAAAAAAAIgPFFb7xZDJs6ss9ddHOrRi1n59WDdCF930C135yec0Ytxlx5z377rFSjG8mjk134KUiAbT38KMVQAAAAAAEDcorPZTKMQogHhQ+90OrXDv1/urhunC6/5HV33qRWXnzTzinFf+161LJo+TwU/5kBAKtMgmCqsAAAAAACA+UHLqhxCjAOLOyz/o0IpZB9TwfLrOd39fV33qJY0e/7FDr3+45qeae9MlFiZEpJj+A6KuCgAAAAAA4gWF1X4wJYUYBRCXXvlxh37ysQPa8OdUFcz8lq769CqNmXijNq/9pQKdu3XzjMlWR8QgmWZANiPZ6hgAAAAAAACSKKz2i002ZqzGudd+3qmfXntQb6906twr/58K59Sq6e1KTRo3Uk6H3ep4GASbDJn8BQQAAAAAAHGCwmo/mKYpM8iM1UTwRkWXfnrtQb1ZbdekS78qM+jT2BEZVsfCYNgojAMAAAAAgPjhsDpAIjEMOlZjzXBIaSMNpY20KXWETalZhlIybUoZZig506bkDJucaTYlp9uUnGHIkSLZk21yJNlkOEwZdptsdsmwhX/U7RmMBEhYNkMy+YcNAAAAAAAQHyis9odhMmO1D1KzwsXQ1JGG0rJsShluKGWYTcmZhpIzbEpKD38lZxhypkiOFJvsSeEiqt1pyDAk2SRbrwcVhUKmTNNUMBRS0AwqEAzIF/SpK9CpjmCH9vtb1eHrUEdHh9oOtKnV16pWb6sOeg/qoPegDnQd0M9u+pls9lTLvi8YLEPhSccAAAAAAADWo7DaD/Yh2rGalCGljzKUOqJXIXS4TSmZhpIybErOkJLSbErOsMuRasqZYsieJNmdkt1pk82wyWYcWQg1zXAhNBQyFQwF5Qv65Q91yRf0qjPQqX2BVrX72sNfbe2HCqEt3pZwIbTzgPZ37Vebvy0i7/HzF39eMk35TSlt4hfV8cEPI7IuYshmHPEzBgAAAAAAYCUKq/1kBq1OIDlSpLRRhtJGGErN6r49fpgO3R7f0xGalGZTcnr49nhHsiHDacrutIU7Qo3waIMephkuhobMULgrtLsj1NtdCG0JtKvN36oOf4fa9repzRfuCj26EHrQe9C6b8xJXDPhGoVCIW1rlc4ecyOF1QRks9mZBAAAAAAAAOIGhdV+sNklM9T/ys5x54QO6zUnNL13MdSQM7X3nFDJsIfHSxqGTeqphZpSyAx1d4SGFAwF5Q/6w7fHB7vUGehQc6BVbb42tbe0q83fXQjtagkXQ7sO6oA3XAwNhAKR/UbFmWvGXyMjZMpw2LXpgF95wxxKGnO9fLuftzoa+sPGKAAAAAAAABA/KKz2g+Gw6eJPp8pmk5zp4YKoM9WQM8WUIzVcCLU7bbI5JLvddsI5oaFQSIFQeE6oP+RXV6BLnYFOHQi0qtXXcmhOaJuv7Zg5ofu79qsr0GXdNyEB3TP1Hu196W8ac+ONavGGtKUlpLz8+ymsJpyeh1cxDwAAAAAAAFiPwmo/BOxejb3Sr05fp7qCXdrnb1NboEXt/na1743+nFD0X25GrkaljVTDqlUac8MNkqR1uwOacM5IGSlnKNS13eKE6DtTwUC7pAyrgwAAAAAAAFBY7Q9vsEs/Wv0jrdm5xuoo6KN5l81TyzvvKDUvT6FeYxz2dpoads7X1Pr2wxamQ38YyTky7KnS0J5cAQAAAAAAEoRhdYBEYtgM5aTnWB0D/TAlZ4o2f3+ZUs48U4Fg6NDxNTt8cg4738Jk6C8jaZRMkzEAAAAAAAAgPlBY7QebbBqdPtrqGOijudPnqnOvRz6PR8ljxsgbPPxaZ0Dq9IeUNvFL1gVEvxhJoySb0+oYAAAAAAAAkiis9kuSzakxGWOsjoE+co93a+fj1ZIk56hR6jKP/HHf2BxU8pgbrIiGATBScmXy4CoAAAAAABAnKKz2g002jUmnsJoIrplwjYygqX01NZKkpOxsdfqPPGdrS0gh2ZU05noLEqK/7CljZZrmqU8EAAAAAACIAQqr/RAyTeWkMWM1EXx66qe198WXDv3Znp6uNv+xRbktB0NKPfuzsYyGAbIlZVNYBQAAAAAAcYPCan+YprJSsqxOgVPIzcjVyJQR2vqznx06ZiQnq80XOubcdXsCsieNkJFyRiwjYgAMZxaFVQAAAAAAEDcorPZTi7eFrtU498UZX1TLOxuOPGi3q8V7/PP3dppKP6c8+sEwKDbHMAqrAAAAAAAgblBY7SdvwEthNc4VZBdo0/e+f+jPRkqKbDbbcTtWJWnNDp+cw86LVTwMhM0pm+GwOgUAAAAAAMAhFFb7KWSGlJNOYTVezZ0+V51798i/d++hY+ku10k7HTsDUlfAVOrEL8UiIgbASB6tkL/F6hgAAAAAAACHUFjtJ4fNQcdqHJs1fpZ2/vrxI46l5OUpFDx+t2qPd/YElDLmhmhGwyA4MibLtNGxCgAAAAAA4geF1X5KsadoTMYYq2PgOD4+4eOyBYPa9/LLRxxPGTdOwdDJZ3NubQ0pJLuSx9wYzYgYIEfmOTKVbHUMAAAAAACAQyis9pPT5tAZmTxBPh59auontfeFl445njxmjLqCp75+88GQUs6+LwrJMFiOYecpdIriOAAAAAAAQCxRWO0n0zQ1Jp2O1XhzRuYZykoZoa0///kxrzmzs9UZsp9yjfV7ArInjZCRelY0ImIQ7GnjFQqdfJwDAAAAAABALFFY7SfTNJXiSLE6Bo4y77J5an1nw3Ffc44YoU5/37odmztNpU/+WiSjYZBszuGSwXxVAAAAAAAQXyisDoBhszEOIM6cm32uPvzu9477mj09XW19LKyu2eGTc9iUSEbDINnTJ8oMdFkdAwAAAAAA4AgUVgcgEAzqgjEXWB0D3R685EF1NO9RYN++475uJCerzdu328i7AlJnwFTaxPmRjIhBcKS7FFKS1TEAAAAAAACOQGF1AFLsKZo+brrVMdCtKL9IuyoeP+HrNsPQgT4WViVpw56AksdeH4loiADH8PNl6tQzcgEAAAAAAGKJwuoAmMGQpo2ZZnUMSLrOdZ2MYEj7Xn75uK87hg+XbDZ1Bfq+5vbWkEKmXcljbopQSgyGYR/Gg6sAAAAAAEDcobA6QK3eVk0cOdHqGKe9T079pPY+/8IJX08fP17mAIpymw+GlHL2fYOJhgiwObNkzzxHptm3GbkAAAAAAACxQmF1gPxBvy4cc6HVMU5rZw07S1nJWdr6y1+e8JyUvDwFQ/0vyq3fE5A9KUtG6lmDiYhBcmZNVyjotToGAAAAAADAMSisDtAwR6YuHEth1UrzLpun1g3rT3pO8rhxCgzwLvLmTlPp53xtYBcjIpKyr1RIqVbHAAAAAAAAOAaF1QEyZDBn1WKTR03Wh9/93knPSR49Wr7gwNZfs8MnZ+aUgV2MiHCOuETB4AD/BwIAAAAAAEQRhdVB2NG6g+KqRR6+9GF1NnsU2L//pOcl5eSoIzSwH/OugNQZMJU2qWxA12Nw7GkTBjQfFwAAAAAAIBYorA6CYdqYs2qRq/M/qh2/+vUpz7MPG64O/8AffLRhT0DJY64f8PUYOOeI6TJNPqIAAAAAAEB8omoxCCOSR+ricRdbHeO0c73reikQ0v66ulOea09PU7tv4F2P21tDCpmGksfePOA1MDBJ2R9V0HRYHQMAAAAAAOC4KKwOghkK6YzMM5Tq4OE6sXT3+Xdr7/Mv9Olcw+lUi2/gHauStPlgSCn59w5qDfSfY9gUhRgFAAAAAAAA4hSF1UFq9bbqgjEXWB3jtJE/PF9ZKVna9stf9ul8m92ug12DK86t3xOQPSlLRmr+oNZB3zmGX6iAd6/VMQAAAAAAAE6IwuogZTgydMkZl1gd47Txhcu+oJZ1b/fp3KScHMk05YvAQ+WbO02ln/PVwS+EPknJvVGmLcPqGAAAAAAAACdEYXWwQqbOyznP6hSnjUkjJ2nTd77bp3NTzz5b5uCmAByyeptPzsyCyCyGU0rKcSsYZAwAAAAAAACIXxRWB8k0TQ1LGqaJIyZaHWXIe/jSh9XZvEeBlpY+nZ961lkKRmhGpzckdfpNpU36ckTWw4kl5bgV9LVaHQMAAAAAAOCkKKxGgFMO3V5wu9Uxhryr86/Wjl/+us/nJ48bJ38wQi2rkjZ4Akoe8/GIrYfjSxl3m4JmitUxAAAAAAAATorCagSYIVOXnXGZUh2pVkfpdrMeuf1pPX3DvMOHLluhp+9+uvtrheb1Pu/up/X07Y/o5u5T593wtFZcFvvUJ3PDxBtkCwa1/5VX+nxNck6OuoK2iGXY3hpS0DSUnHtLxNbEkWzO4bJnTFYoQp3GAAAAAAAA0UJhNUJaulp046QbrY6hcLH0s5qa1PvYPK0Yf6bUskq3/P4XWu87U7NumCdNnqHxSdu06vertC1pvGZMljT5EV2Wsl7Pv25R/BO467y71PyX5/t1jTM7W52hyBVWJWnzgaBS8u+N6Jo4LGXM9QoFAlbHAAAAAAAAOCUKqxGSbqTptnNvszhFT1G1TW2+ga0wb+JUHdj+dT0T2WCDcvbws5WVkqVtv/pVv65zZmWpwx/ZLBs8Qdmdw2WknR3ZhSFJSs69VYGQ3eoYAAAAAAAAp0RhNYLavG26/MzLLU6xTat+/zttOuLYo5r7+1XaNmyWnr77s5ratUq3PPeo9F69NvnO1Ky7Z+nMltf1dcVnt+rDlz6slnVr+32dkZqqNl/kbyn3dJhKn/zViK97urOnT5TsaTLNyM3FBQAAAAAAiBaH1QGGkjR7mm455xa9tu01ixI8o68/9Yykm/XIEcfnacXds5S15xe6pUZ65PbP6ukbpFuee7T7/O6zbnhaB7bfIrl/q6dHZyhcpJ2rR2P7Jo4xadQk/euhT/b7OpvDoVZvMOJ5Vm/36YZJ50Z83dNdUnaRgqbT6hgAAAAAAAB9QsdqBKUYyRqTPkb5w/OtjnKkyaOVJelA+zOSntGeLknDztG8I87p6Vadp+tHS+vfCs9ivcx983GXjJV5l81Th2e3gq2t/b7WZhg66I18x6ovJHX4TaVN+nLE1z6dpeZ9SsHI18EBAAAAAACigsJqpAVN3TT5JqtTHOm9PTogKSv9Zkk3a3SKJN9+fdjrlHicrSpJM/Nmascv+jdbVZJSzjhDpmkqEKWHy7/jCSh59LXRWfw0lHrWPQp626yOAQAAAAAA0GcUViMsw5Gha8ZfI4cRT1MWHtXcTduUMfqz4RmrSdu06qleRdTJvWerPqrn90hTLwqf93qNdaXWGyfdKFsgqAOvvtrva9PGj4/qrM7trSGFZFdy7q1R2+N0kpI3R34eWgUAAAAAABJIPFX/hoz9nft146Qb9ed3/2xRgmeOmJ0qSXp9rm450UOp3vu6PvVer6trPhUXnat3nTdbnmf/MqBrU848U6FgdB+CtOlAUOPzS+XdadX/56EhOfc2BQN+SRRWAQAAAABA4qBjNQoy7Rn6j3P/w+oYCW1C1gQNTx6u7RUVA7o+eexY+ULRLaxu8ARlOIfLSBsf1X2GurT8EgVD/BsPAAAAAABILBRWo8A0TSlkavq46VZHSVgPXfqQWt5+e8DXJ40erc6ALYKJjq+5w1T65K9EfZ+hKilnlkzZozq2AQAAAAAAIBoorEZJhiNDdxbcaXWMhDVx5EQ1fvs7A77eOXKkukLRL6yu3u6TM/PcqO8zVKWN/6z8QbpVAQAAAABA4qGwGiWhUEg5aTnKH55vdZSEM++yeerYs0uhtoE/Jd4xbJja/dHvgvSFpA6/qbRJdK32l3PEZTKNDLpVAQAAAABAQqKwGkWZ9gx97aqvWR0j4Xw0b6Z2/OJXg1rDSElRmy82BbsNewJKHv2xmOw1lCSPu0MBZqsCAAAAAIAERWE1ikzTVKqRomtd11odJWHcPPlmmYGADrz22qDWMZxOtXpjU1jd0RZSSHYl5/LAsr5KyimSPbNAZihkdRQAAAAAAIABobAaZWlGmh665CGrYySM2VNmq/mZvwx+IZtN+7tiV7TbdCColPzPxGy/RJc+6cvyB/j4AQAAAAAAiYvKRgzsb9unhy6luHoqE0ZM0LDkTG2vrBzUOmlnnx2hRH23wROU4RwuI21CzPdONKn59ykYtDoFAAAAAADA4FBYjYFUe6o+MuYjco1wWR0lrj10yUM6uHbtoNdJOftshSyo3DV3hJR+Dg+xOhmbPV0pZ96lAIVVAAAAAACQ4CisxojdNPTwpQ9bHSOuTRw5UR8u/fag10k980wFLRjduXq7X86Mc2K/cQJJP2eBAoHYzL4FAAAAAACIJgqrMZJmT5PdZudBVifwpRlfUseeXQp1dAx6reQxY+QLxr545wtJHX5T6ZO/GvO9E4E9s0CO4RcqyBwAAAAAAAAwBFBYjaExyaN5kNUJFOYVavvPfhGRtZzZ2eoKWfOjvX5PQEk511iyd7zLPPcbPLAKAAAAAAAMGVQ5YmxvWzMjAY5yy+RbZPr8Ovj66xFZLyk7Wx2BiCzVbzvbQgrJruRxt1sTIE4ljb5Opn24TJMxAAAAAAAAYGigsBpj6fZ0XZI7XRNG8PT4HndOuVOeZ56N2HpGRoba/dYV8D48EFRqXrFl+8cfQxnnfIVuVQAAAAAAMKRQ6bBAsi1FZZeXWR0jLkwaMUmZSZna8fjjEVvTnpKiVp91hdV3PEHZHMNkpE+0LEM8GXbB/8jn9VkdAwAAAAAAIKIorFrAZkqZjgxdP/F6q6NY7sFL56rlX29FdE3D6VRLl7W3nHs6TWVM/rKlGeJByhl3SCn5CoVCVkcBAAAAAACIKAqrFkmxpeiT53/S6hiWmzDCpQ+Xfjti6xkOhySp1WdtIe+N7X45MiZbmsFqtqRRSjv7swoE+ZgBAAAAAABDDxUPC6XaUvTodY9aHcMy82fMV8funQp1dUVszVSXKy4ekBQISe3+kNInf83qKJYZfsGP5bW4wA0AAAAAABAtFFYtZIZMZSdn6z8v/k+ro1jiqryrtP3nv4zomqn5+TJD1hdWJWnD7qCSRl9jdQxLpI3/vEL24XFR5AYAAAAAAIgGCqsWc8qhS8ddqsK8QqujxNSt59wq0+fTwddfj+i6KePGyR+Mjy7Jne0hhUxDyeM+YXWUmLKnT1RS7i0KBKxOAgAAAAAAED0UVuNAppGhz138OY3LHGd1lJi5c8od8vz5mYivmzx2rHzBiC87YI37g0rNK7Y6RkxlFCyWz2+zOgYAAAAAAEBUUViNE/aAcdrMW508arIynJnaUV0d8bWdo0apKxQ/P9Ybm4OyOTJlpJ8eD7IaNu2HCtpHSowAAAAAAAAAQ1z8VKBOcw7DoYNtB/TtWd+2OkrUzZ0+Vy1vvRWVtZ0jR6ojzm5B93SYyphcZnWMqEtzfUFKnaRQkKIqAAAAAAAY+iisxpFhScOU4UjX/Rfdb3WUqJowYoIalyyJytqOzEy1++OrsPfGDr8cGUO7YzV57PVKyvmYAkFGAAAAAAAAgNMDhdU4MzpltKaPna6ZeTOtjhIVZZeXqWP3Tpk+X1TWN5KS1eaLj4dX9QiEpHZfSOmTy62OEhX29IlKHf+QfAG71VEAAAAAAABihsJqHBrpHKHPXfw5nZF5htVRIu6qs67U9p/8LHob2A0d9MZXx6okrd8TVNLoWVbHiAJDwy/6OQ+rAgAAAAAApx0Kq3HKGXLoR9f9yOoYEXXbubcp6PPp4Jo1UVnfSEuTzWZTuy/+Cqu72kMKmoaSx91hdZSIyprxpLxdXqtjAAAAAAAAxByF1Thlk01+n08//PgPrY4SMXcU3KHmPz8TtfXTx4+XGYq/omqPD/cHlZo3x+oYEZM57UcKmKkyzfj9ngMAAAAAAEQLhdU4ZsjQ6JQcLbhqgdVRBu3cUecqw5mhHdXVUdsjJT9foVB8zVftbWNzUDZHpowh8CCrjMlflVJdCgXj9/sNAAAAAAAQTRRW45xDDk0c5tJ9F91ndZRBeWD6Azr41ptR3SN13DgF4rhjVZL2dJjKmPRfVscYlIxz/1vGiI8qGGSuKgAAAAAAOH1RWE0AGc4MffTMmZo7fa7VUQZs/IjxavzWI1HdI2nMGHmDUd1i0Fbv8MuRMcnqGAOWfs7XZRt2mQJx/n0GAAAAAACINgqrCSLFlqJLxl6issvLrI7Sb/91+X+pffcOKRCI6j7O7Gx1huxR3WOwAiGp3RdS+jmJN94hfXK5jOGXKxjiYwMAAAAAAIAKSQJJt6dpysgCfaPwG1ZH6Zcrz7pS21f8LOr7OEeMUIc/vkcBSNL6PUEl5bitjtEvaZO+InvWFRRVAQAAAAAAulElSTCZjkzlD8vXt4q+ZXWUPrn93NsV9Hap5c3ozleVJHt6utoToLC6qz2koGkoedwdVkfpk/RJX5E96yoF4rwbGAAAAAAAIJYorCag4Y5hynJmafm1y62OckqfKPiEmv/0dEz2MpKT1epNjKfUf7g/qNT8YqtjnFLGlEdkjChU0HRYHQUAAAAAACCuUFhNUKNTc5RiS9bPb/q51VFOqCC7QOnONO34zW9isp/NZuhgghRWNzYHZbNnyJ5xrtVRTjotiEQAAAcnSURBVCjz/O/LTJmsIJ2qAAAAAAAAx6CwmsCyU7LlNJ36ze2xKVz21wPTP6+DMRgBIEmOrCzJJnVF9/lYEbWnw1T6pPh8GNnwS34npU2RaaRbHQUAAAAAACAuUVhNcOmONMlv6sk7n5Rhi6//nWdnjVfjI0tislf6hAkKhRKjW7XH69v8cmRMtDrGEYzk0Rp51d8UUJaCifXtBAAAAAAAiKn4qsRhQJyGU36vT0/NfkppzjSr40iSvnz5l9W+Y5sUiE0LacpZZykUiv8HV/UWktThN5V+ztetjiJJcmRdoqzpVerq8sk0E+t7CQAAAAAAEGsUVocIw2bI1+XVz278qS7OvdjqOLrirCu07aexm/+aMm6cAsHEKwa+vduvpJwiq2Mo5YzZyjjnv9WVIDNqAQAAAAAArEZhdYhJNpP1xUvn6QuXfsGyDJ8o+ISC3i61vvVWzPZMGj1a3pAtZvtFyu52U0HTUPK4Oy3LkD6pTElnflq+oMOyDAAAAAAAAImGwuoQlKxkXTr2ElXdVqX84fkx3//2gtvl+eOfY7pnUna2OkOJ+ePcuD+olLxPx3xfmzNLWZf8RsZItwIUVQEAAAAAAPolMStROKUkW5KSzSR9s+ibumPKHTHb97yc85ThTNfO3/42ZntKkn34cHX4E28UgCQ1NAdlODJlzyyI2Z7JuTcr69In5NdIBYOJ1+kLAAAAAABgNQqrQ5hNNqWYyZqVP0vLrl2mdGd61Pf8/MWf14HVq6O+z9EcaWlq8yXufNA9HabSJ82PyV6Z539XKXmfk9cb5CFVAAAAAAAAA0Rh9TQwKmmksp2jVHFrha7Ovzqqe+Vn5avxW49EdY/jsSUlqdWbuEXC17f55UifGNU9HMOmauRVL0lpU+UP2qO6FwAAAAAAwFBHYfU0kepIlfym7jn/Hn298P+3dz+hTd5xHMc/z5MnyZM0TdvZZZY0S3VrrXQdrM6i9Q/sD7iC7CDiGAyEHtZhd1EogoqXDT0Ig+Fhcyd7knmQHQSFseF1bmB7KNtll7U6omNqbeVJnjzPbwc3hpNpq0nTpO/XMfn9vr/vc8jlwy/f52hVzhgfGtfC9RkpXP6bo5Zt665XvzdWQ0kLvlFT77Gq1E+u/1ipvpPyvLKCsH4DaAAAAAAAgJWCYHWVaXHS2tjWqwv7Lqg/01/R2kO5Ic1+caaiNRcjlslIxqiOJwFIkqYKvmLtlb1RHGl6Wc2vfq7I88Mq+fzcAQAAAAAAKoWkZRWKWTGVi77Gt45rbPNYRWru3bhXgefp3uRkReotRXLdOjXCqNCbC0aBsRXP7qtANUup3mNq7v9MYbyHF1QBAAAAAABUGMHqKuYqrh3Z7Tr19ilty217plp7Nu7RrQvfVKizpXE7OxXUYPxANfx6O5Cb++CZarjZvWrb/p2sliGVyg4vqAIAAAAAAKgCgtVVzja2ulJ5jQ6M6szuMxrMDi65Rn+mX01OUr+fO1eFDp8s3tGhUtAY4eHPfwSynZQizX1L3uukX1Hr4NeKde5X0fMUBFVoEAAAAAAAAJIIViHJGCNXcbU5rfpoYFSnh09roGNg0ftHN32o2z9erWKHjxfPZFRsoL+6F+4bNXUfXPyGSELNfSeV6jsp36RVDiLVaw4AAAAAAACSJKfWDWAFMVLKTikZb9KB1w9orjiniakJTRWmHrvtxZa8fvqkMrNan0a0vV3zYeMEq1dnfb274aUnL7RdJbtG5K7dLT+wVfJDSY1xcxcAAAAAAGClI1jFI2xjKW03K+kmNLZ5THe8O5qYmtD0relH1h7edljzs7/VoMt/Oem07vs1baGiQkkLvlFT7zEt/PLpI99b0VYl8iOKv/COgrIvr/TPLgAAAAAAACwXRgHgfzmWo9ZIizqTWR3cclAn3jyhnjU9D63Z2rlF17/8qkYdPhBJJjVfaqxgcargK9b+xkOf2fG1Sm04qtbBc3LWvKVisaxyA41AAAAAAAAAqCfcWMUTOZajtNWsZCqhI9uPaGZuRmcnz2pTxyaVPU/3Jidr2p/lOLpbbKw3Nd1cMApCKZ59T+XbPyiRH1G09TWVQ1vFopFEoAoAAAAAAFBLBKtYNMdy5MhRd0u3ju88rkQ0oTvffl/rtmTZtu4WG2gWwN9uzBt15vdLufcVhFEVfcJUAAAAAACAlYJgFUtmG0sJubJ9o7YtW7Vmx07dvHRJty5fVqlQWNZe3FxOxhiFDTIJoD1hKdcSUS4dkecH8n1bxsRq3RYAAAAAAAD+g2AVTy2UJNdVIOm5XbuUGR6WNzurwsWL+vPKlWXpIZnPy4RmWc6qlnTcUi5tK5eOqBwa2SZQySvJllTfTwYAAAAAANC4CFZRESYalS8p2tWl7MiI1h86pBvnz2t+elpz165V7Vw3l1NQh8Gq60i59IObqY4tlcqBVC7KMfX3LAAAAAAAAKvRXwLAymDBoLxMAAAAAElFTkSuQmCC" height="600" width="800" />
Actual:6-->Expected:6]]>
  </system-out>
</testsuite> <!-- testcases.DashboardTest -->
