<?xml version="1.0" encoding="UTF-8"?>
<!-- Generated by org.testng.reporters.JUnitReportReporter -->
<testsuite skipped="0" hostname="LAPTOP-JEI8AS0O" name="testcases.MyInfoTest" tests="2" failures="0" timestamp="2022-06-26T14:54:56 EDT" time="19.625" errors="0">
  <testcase name="getMyInfoSideMenuItems_005" time="9.910" classname="testcases.MyInfoTest"/>
  <system-out>
    <![CDATA[<img src="data:image/png;base64,iVBORw0KGgoAAAANSUhEUgAABAAAAAKOCAYAAAA4d2sRAAAAAXNSR0IArs4c6QAAIABJREFUeJzs3Xd8VfX9+PHXGXfkZi+SkBBG2HupqITlwrpHXbUoam2/dvkt7a/SIVLbYoejtUvtt1DUqiiiiBasggoOZIsQtmxIbva485zz+f1xby4JJASVIfX97ANL7jnncz7n5pJHPu/P+/P+aEophRBCCCGEEEIIIU5bU6ZM6fAc/ST0QwghhBBCCCGEEKeYBACEEEIIIYQQQogvAQkACCGEEEIIIYQQXwISABBCCCGEEEIIIb4EJAAghBBCCCGEEEJ8CUgAQAghhBBCCCGE+BKQAIAQQgghhBBCCPElIAEAIYQQQgghhBDiS0ACAEIIIYQQQgghxJeABACEEEIIIYQQQogvAQkACCGEEEIIIYQQXwISABBCCCGEEEIIIb4EJAAghBBCCCGEEEJ8CZinugPHS02olt0N+9hZt4u9jfvZ33SA6lANITuEoxxQ8RM1cJTi3IIzuXPwZHRNYiBCCCGEEEIIIf77ndYBgIgdYX1lGUv3vcv6yo3UhGuwiQ32NTQ0TQNA00BTWiwGoEHUiTKi0zAZ/AshhBBCCCGE+NI4bQMAZdVbeXbT86ytWg8KdDQ0XcfEAGKz/LZjk+nJwEHRFG1E0zQsx2JozmCG5Q0+xU8ghBBCCCGEEEKcPKdlAGBz9TZ+/t4viToRDN1E0xQqPuvvKAfLscj2ZjOucDQRJ8K7Bz6Izf4rhQPc3Pd6TP20fHQhhBBCCCGEEOIzOe1GwfXhen6z8iEsJ4KpG6jYyB+lKaKORZorhet6XU3frN4s2/8+i3a9gYNC1zQidoTxhWPpnVlyqh9DCCGEEEIIIYQ4qU67AMArOxZyIFCBz/AmXos6FqZmcnWPy7i85CvUhGp4ZM1f2d2wB1M345kBCpfhZlL/6xO1AYQQQgghhBBCiC+L0yoAUBuq49Wdr+PR3ShAKYWtbEbln8mNfa6lOK2IhZ+8wRMbZgHg0k0UoGkaESvMpL43kePLOaXPIIQQQgghhBBCnAqnVQBgW+0O6iL1eHU3UWWR5cnkjgG3cG7hWYTtMH9e8zhv7F2CoZno6CgUmgaWY9E1rZhLSyae6kcQQgghhBBCCCFOidMqALClZitKOVjKZlxhKV/vdwO5vmwqg9X8duUf2FSzCVNzoWkcqg2gFArFd4d8C58r6VQ/ghBCCCGEEEIIcUqcNgEARzl8VLURQzP49uA7Ob/rWHRNp7ypgt+sfISttdtxGy6UgljJf9CAgBXirkF30De716nsvhBCCCGEEEIIcUqdNgGAoBXErbu4b9RPGJE3BAB/oIr7PniAfY37cesuILbevzkKELTCXF1yOV8pufAU9lwIIYQQQgghhDj1TpsAgK7pfHfoN8mNF/GL2lH+sOav7GncFysKqClQKlEYUNd0buh1DTf1+yqGZpzi3gshhBBCCCGEEKfWaRMASDKTSDJja/iVUvxr0wusqFiFx0wihIWmNNyGm8LkAs7sNIyzC86kV0a3U9xrIYQQQgghhBDii+G0CQC0tKNuN0vKP+TsojF0S8qhW3IBnZLzyE3OI8eXg6bpp7qLQgghhBBCCCHEF8ppGQDokpLP38c+gGZbOE2VmME6VCSKsivAtlDeDDS371R3UwghhBBCCCGE+ML44gQAlIMKN0I0CJ4UNFcStDOT76rbi7PhVZzNi7Fq9hJSKlb8TzdQhhsjqwi9aChmSSlGwSA0T+pJfhghhBBCCCGEEOKLRVNKqVPZAdXkJ7p9Kfb2pdiVOyASBG8aRmYXjIJ+GN3OxsjtDabn0DWhOpy6faiGCpya3dj71mEfLMNp8ENzMAAADT23J+6hV2L2vwTNnXxqHlIIIYQQQgghhDiBpkyZ0uE5py4A4FhEPp5P5P1ZOLX7QNdja/c1HeU4aDgoBZpuYHQeiGvYVZi9zkMzvW02p5qqsP1bsba+RXTT6xBsAF1HAZpSGJ0H4Cn9H4ziM0/ucwohhBBCCCGEECfYFzYAoML1hN96hOjal0E3Yn8AHAeUfeg8TUcjVvVfA4yuI/CMuQujYPBR23dq9xJZ/zLRD59G2VE0w0TZFmga3gnfxz3setC/OKsfhBBCCCGEEEKIz+MLGQBQ0QDBl36ItWM5mukGtNigX4FeOACjywj05CyUbaHq9uH4t2GXb4ktDVAOGC68V/8eV4/RHd7L9m8mtOhXOPs3guECpVB2FM9ZN+MZ+z3QjBP/wEIIIYQQQgghxAn2xQsAKIfgf2YQXT0XzRVf0+9Y6MnZeM77AUbJmCNT/O0oTt1erK1LiKydh6rZB4ZJ0lf/gNnt7I5vGaoj9J8HsMreAMNEAVgRvBf9GPfQ6477IwohhBBCCCGEECfbsQQA2i6zf4JEP34Za9ULLQb/Nlpydmww3+fCttf3Gy70rO64z7qN5Jv/gfusr6Mcm+DL96CCtR3eU/Om4514L2bfCWBF0QDNcBFe9AB21Y7j+4BCCCGEEEIIIcQX1EkLADj1Bwgt+SOY7tgLClAOSVc8gJ7b55ja0JJz8Yz/X3zX/B4VqCHy0UvHdp0rCe+FP0XL6wW2HdteUNMIL34IHOtTP0s4HCYQDOI4zlHPU0oRCoVoCgQIh8Of+j4diUQiNAUChEKfv+1oNEogECAQCBKJRLAsq93nO9akEcu2CQaDBAIBIpHI5+7jqeAoh/KAn6AV+sxtROwoFYFKnFO74YYQQgghhBDiS+6kVcKLrn4WgnWHtvOzQrjOuQ2jcOinbsvsOR7fdY8SeutR3MOvR3MldXiN5k3De+FPCD41GXDAcGPteA/r4AbMzkNanVteXsEHy5eTmZmB7TiUnnsupmlSX1/P3HnzWLRoEfUNjTz6yCOUlPQ44l779u9n6dJlvP32O3yycyehUJDsrCwGDhrEmDGljD7nHDwezxHXtVRTW8v7739ASkoKtbW1jD73HLKyslBKsXbdRyxcuJD1H39MbW0tPl8SJT1KGDt2LOPHjSUpqeP3A6ApEGD1mrUsWbyYNWvX0tTUBJqGoetkZmaQm9uJZJ8Pr9eLz+ejrqGeygo/3/3ud+nfr2+bbUajFmvXreWtt9/mgw+WU11djVKK1NRU+vfrx3nnnccZZ4wkMyOjzeu31Gznw4MrSTGTqQrVMKzTEIbnHb3oI8CHB1ezvWYHHsNDZbiai7ueR5e0IlYdXMMa/3psZZHpziBoh2iKBqiPNGJj4TN95Pk60SezF/2z+5B0WBZKY6SR7y75EWfkDWfKiO+ga58uZqZQ/N/HT7J033s8PPbX5CV3+lTXCyGEEEIIIcTxclICAKqpksj6BbFCfABKgScZ97DPvgbfLBlLki8r1taxXpPfD6PrCOxdq8Ew0TSN6EfzjwgAfLxxAz/84Q9RwKhRZzF+7FgOHDzIt+76Nhs+Xo+hG2i6jvuwQXxjYyOz/vkkf/rzn3C5XAwcOJDi4i5EwmFWr17NqlWrePbZZxkzZgzT77uPzgX57fY1GAzyk5/+lEAggGEYvDL/ZbxeLw/89rc888wzaGiYLhPlKMKRCOvWrePFF1/krFGjeGDGrykqLDzqe7FhYxnTpk1j5cqVdOvenTtuv53hw4dh6AYfrV/PzJkzee+990hNTeOrX/0qlmVT6a+ktq6OcLjt2fDNW7bw0COP8OYbb2AYJjfeeCOjRo0ixedj247tzJs3j2eefZa+/fpy3733cs7ZR9ZwCEdDPL35eVy6iVKKHhldj/oczSqa/Mze9Ayu+Gfs7Pwz6AKs9X/M3O0vk2Qk4eDwtd7X0SW1CxEnzPbaT1i89x3CdghTc9EttZgpI75Ll7RD711FoJKwE+adfe9xRY+L6Z3V65j602xf/X4W7Pw3pmYQtk7PLAghhBBCCCHEf4eTEgCwystQTdVorvjsqh3FHHAxeurnmw01CgZ9ugt0E7P3BOxdKxNf2zveRYXq0LzpidOSfcm4XC6i0Sg9e/YkEAjynW9/h3Vr1pCZnYUViRKOhEn2+RLXBIJB7vzW/7Bq1SoemDGD0tGjycjMwDQMLNumvLyChx95hPnz57NkyWLq6+p4cvY/cbvdbXY12ZdMbm4uu3fvJi0tDbfLzd0/+CFbNm9ixq9/zcCBA8nKzKKquoolS97iz3/5C0o5fPD++3z3e9/nmaefwutto6YCsLFsE9ffcD0N9Q1cf/31TLv35yQnJyeO9+nTm4suvID/9+Op/OfN/9DU2MSPp/8Qj8fT7rKAVavXcOttt9HYUE+fPn159I9/pFfPksTx0aPP5aYbbuD5F+bys5/9jFtuncxjf/srE8aPb9WOrSk8uhtD11FKYWiuo39P49ymG7fhxtAMNDTcRux9NXUTt+5G4ZDmSuGykol4W8zyX1FyCb9b9Ud2NexmR8Mn/GrF73l4zK9JimeV1ITrYkseNJi37VV+dMb3jjkLwFEOT256Dg0NBdRHGo7pOiGEEEIIIYQ4EU5KDQB71wq0FoMmhcLscS6gnYzbt6Jnd0c131fTcRorcRoOtjonJzsby7EBSE5K5vG/P8HBigr+MXMmL734Ii+88Dz33TedaPTQjG5DfQP1dfW8+sorXHXlFeTkZGMasW0GTcOgsHMBv7r/F4wbNw7DMFi5ciXzF7zabj9N0yDJ60HTNEzD4Kc//zket4tX5r/MtddcQ98+fejUKZd+ffty1/98i4cefBClwJuUxJo1a3hz8VttthsMBvnhj35EOBwmJzeXe378/1oN/pulpaXxq1/eT3p6Ov965mme+PvfY++frqPrrT821dXV3PXtbxMOBsnKyuaxv/2t1eC/mdvt5qYbb+Arl1yCY9t866672LlrV6tzUs1kNE1DKXBQZLrT2n2PWvLq7vjHSaFpGimueHBG19A0HQ0NTTcJ2a1n4YtSO/OtQbehlINLc7OvaT/rKzcmjh9sOhgLKOgm7x1czo7aT46pPwAbKzfx7oHluPVYMKIi6D/ma4UQQgghhBDieDs5AYADG0E/lGyg6SZ6RueTcesjaQaa0WJWWYHj397qlLr6OkzDwOPxMO/leSxcuJAXnp/DhHFj6VpcTJ/evbnphuvJy8tLXJOU5OWhh35PzzYGvs08Hg93/c+3sGwH02Uyb948otFom+eaponhcqNpGtU1NWzYuJEZv/4VqampbZ5/0YUXcPPNNxMMBvF43Myd+zyWdWSBw483bGRTWRmgcfnll5OVldVuf7Ozszhvwnm43R7++te/cbC8/IhzlFL88dE/4/dXYDsO3//e9+ha3KXdNjVN4xt33IFhGtiWxZ///JdWRQUtZQEaaKBrOmHV9vtzOJ+ZFFsNommgaURVLICTaiajlIOtFB7dhVs/Mumlc0o+ya4UHBx0dHY17E4cqw834OCA0lAontv8Io46evFHAMuxeHLTc+ia1hyXoCbU8a4VQgghhBBCCHGinJQAgGqqjFXej30Vm4H3tl0E7sR3xokNEokNOjVdx6luPQutiA0+0TQq/H5+9MMfUZDf/np9iM2Y9+7V8frwwsJCMjMy0DSdPXv2EGpndwDDMEj2+XAch3A4zPe+8x1SUlKO2vZ1116buHZj2SaaAoEjzlmxYkV8Bl8xZMiQI44frk/v3ui6TigcYvWaNUccP3DwIM8+9yxebxLJPh8XXnhBh21269aV/Px8XC43Cxcuorq6JnHM0M1DH0oFXuPoxRKbBZwILs2ILxvQ8RmxNP9MdzqWstE1DVPTaSvrxHbs2EeCWNZBliczcawiWAkqnrWimXxYsZodtTs77M/Kg2v4uHojpmaAFru+NlJ/TM8ihBBCCCGEECfCydkGUCmaB9yJAViwpr2zTyxNBytKy4GgCrceKLtcbhQK27IoLCzkzDPOOG6397jdZGdno5SDZVntbg9oGAZJHg+2bWMaBkMGd1wJPys7i8zMTJQDgUATjY2NR5zzyc6dmC4T0EhNOTL1/3ApqamJQov79u4/4vjSpcuIRqPYts3IkSPIzcnpuM3kZEp6lMS2SQyH2LjxUMp9kuGNfVKUQqESA/mOJBleHByUUmhoeOI1AJrsAKZmoGsajmrOMGitIuCnIRJ7rzy6i+GdYjtThO0IB5oOYugGsSF87H9PbZqDHc8waEswGuSfZc9gaiaGFss40DQNf8CPQrYCFEIIIYQQQpwaJycAoBmtv3aiOA2nZj20CtaiWqZwO86h3QnimtfuW7bNgP798bUo9vd5OUoRDAYS9zHNtuswKhVby65pGh6vl+zs9lP1W/Y7OysrPkyFUOjI4EJ2dja2HRsoO3bHqey1tTVouhZbB+9u/T45jsOHK1ZgGAaWZXHWWaMwDKOdllr00zRjgQqlsKwoDS0CFa74Z0VBq2J+HUlxJSWK9WnEMgkA6iONmPEdBdB0zMOWADREGnlq03MoFJZjcXv/SWQmxbJTbMeiMlgFwCXdJuI1PJiawYryVWytbr1spKX3969ge/0n9Moo4cqSS7EcGw2NymAVEfvYljQIIYQQQgghxPF2UnYB0FKycWr3oiUCARr2rg9x9Rp3Mm7fiuPfFq/JHs9J0HUOL+puGAao2EqB5ORkDOPzxUmUUtTW1bFt23ae/tfTVFT40TUd3dBxu9qucq9pGnUNDbjdbnRdQz+GgbXjOEStKLoeK3rn8RyZPj9yxHAe+9vfMEyDXXv2dNjmtq3bE2vre/fu3epYJBJhx44d6LqOYRi8uXgx9fUNVFdXkZqWjsfjwuvx4iiHUDBMKBwiGAzSKTeXlatWYRgGTU0RGhtaZCrEc/G1+H+e3/oSnZJyMHSTBqsRXTPwGl50dIJOCNuJ4jOSOBAoR9P0VkEAAD3eXvN3PGJH8Boe6sMNbKreypNlz/BJwy4yPelM6nsTF3Q7tCtBIBqkLlKP7Vh8pdsFuHUXz26bi6mb/H3DbH4zeno8O+CQYDTI7E3PYGoGX+11JT7Tx3Nb52JoBvWReoLRYCI7QQghhBBCCCFOppMSADA69cLZsxqIDZY0w8Ta9Dpq9Ddbbb93wtlR7F0fQnzQFivO5qBltC5ap2mxEIFSoOsdD7wPV1NTy85dO9m+YwdbNm9hy7atVFfVEImE6N6tO1lZWVRXVWF0kAHQnAWg6zpNbaTzH86JX9P8DKlt1AwYPnw4WVlZ1NXX8eYbb3LLpK/jaqcP9Q0NvP3OW2iaRkFBPgMHDmh1vCkQwO/3xwIOmkZlpZ93lr6DLzmZZJ8Pj8dDOBzGNHTcbjeWZWPZFtt37KBr164UF3dBKUVBwWH1FeIlGnQ0PmnYRXnIj46B23Dj0k1sxyGioqAclHJIMpOoDdcduvaItlR8Bt7Pz977JemuFMqDlVSHqhmSM5jzisdzVsEIClMKWl3qD1ZiYeM2PKS4k7m4+wXM2TYPQzfYVLOFj/wfMyyvdR2FBTsWciBQztCcQYzMG8aOup3o8U7VRhuOqYCgEEIIIYQQQpwIJycAUDCQqHru0AuajtPgJ7plCe7BV56MLgBg1+3D3r+h1Y4EKBs9v1+r82LryON/b2ff+7bs27+fOc8/z5w5c6ipqaVnz55ccMEFTLr563TpUkRhYSGhYJCbbv461dVVmKaLQCCA293xjLCmdbxlYnO1eU3TcLvdhMIh0mm9jV5WZibTp0/n+3d/n5WrVrJgwatcdeUVR7TlKMXjjz9BZVUVhm5w7733HhFQcJkmkXgNg0AgwLSf38vo0ee26quu662CGS0r/jf//fBtBZuL7oHG3UPvokdGtw6ffYO/jJ+8/wuOiAAoUPEgQIY3C9BYV7UBUzMxDZMbel9Nn+y2izfWhGqx7CjZvix0XSfHk835Xcby5t53MDSDf2x8iody+uOKLyGpCdYwZ9tLaBrc0u9GDN0g1ZUK8Z0AonaE+kgDWUmZbd5PCCGEEEIIIU6kkxMA6DwIXF5w7EMp3qaX8FuPYJaci56cezK6QfTjV8COgOklNjJU4E1HP2xA5jhOLI1ciw2Ej8WGjRuZfNttlJdXUNy1K//3f39n5PDhR6Th19fX09TUBMS2BdQOH/zGaZqWKL53rAzDwB0vHOhyudoNGnzl4onU1NzHI488zE9++hPqG+q58IILyMzIQClFhd/PP/4xk1mzZpGVlcVPf/ZTzhs//oh2FGDGlzCYhkEgEGyzBkBzLYPEcx0TDVvZuPW2l0gcKTbLf8SrWqyWgIMiyfRxz4jv8+i6x9hYvQnLtvj9mkf5zbnT2xyUH2g6iIMi05uOJ74bwbW9ruTtfe+hUHxSv4t3933AuOJSAF7ctoC6SB3n5J1Fn6xYUMFtuPAZXkJ2GKUcqkM1dEsvPsZnEkIIIYQQQojj56QUAdTTO6N3OwvltKjArhsQbCC06Neok1AYza7dQ3Tls2C4SexI4NgYhQPRk1tXrndazvofwyC8vr6ByZNvo7q6hs6FnXn6ySc59+yz21yDb0UtLMvCcRQetytRcPBwSimSU5KxLOvIPrVD1w00iO0cYBr4ktouXqjrOl+/+Wv84Q9/RNN0fv3rX3Pz1ydx+ze+weTb7+Drk27h/fff5wdTpvDK/Plce/XVbQ7ck7xeiooKse1YYGff/r0d9rEj6rAU+baq9rfFaq7KrzW3E88uULGsAx0IWQHyUzpx97D/Ic0dy4woD5Tz0Jo/E23jM7i38QA6GunutNi2kEBhamcu6XYRUSeKqZk8uXkOYTtCRZOf+Z+8hkt3c3Pf6xK1ATRNJ9WdFvvEaVAeqPh0b4gQQgghhBBCHCcnJQMAzcAz8noCW99q8aIC0429dSnhN3+D97z/Fx+cH38q0kj49V+jrDBay4r/ysbV76JETYBmscG2BmjHlAHw5uI3qfBX4DJdXHvNtRR3KTrq+Y5j4zgOhmEemf4ep2kapunCikax3W5S2ljPf7hwJEzUiqJpYOgGptl+/YLlH65g+v33M3nybdxw3Vdxu134q6pQSpGTlU1mZgZe79G34HO73QwbNpw1q9eAprGxbHMi1f+zijp2LPsi/rZb9rEFAAJ27LkVsQF/NB5syvFmE3WiuAwXGhC0QuQn5/HzM37Ej979OaZmss6/nlkb/8UdgyYlsghsx+ZgoByFItubnQgAAFzc7Xxe3bUIlKIiUMG/d/yHfU37CdkhLio+j5LMHolzfS4vqa5UygMV2KjEdoNCCCGEEEIIcbKdnG0AAaNwGGbRUDh8QGe6iK6ZR+iN36AigeN+XxUNEnr9V9g7Vxw2+HfAl4nZY/QR1zTPtmsaOM7RAwBKKZYuexePxwuaRlFh4VHPj0QjWJaN2+0mGAq2WhN/eB8ikUh8yYQ6pq0IbcsiGo1iGiYKRTh85DaAAH5/JV+f9HXsaJTvfvsuunQpIi8vj4H9+zNowAAKCvI7HPw3u/yyS1FaLBiwePGbVFR8vu0dm+xg7C9abOvBBuvYPhOWE0FDRwcc5RC0Q0Aso0ARez8NzcClxWJefbJ78Y0BtxB2Irh1Fy/teJVlez9ItBe0QlQE/GjopLtTW92rc2oBF3U5j6iycRsuZm96ljf3vI2pmVzW4+JWARCX7iLF7YvVNFCKmnDtZ39zhBBCCCGEEOJzOGkBAM1w4xn3vbYHvKab6Lr5BF/6AU7ltuN2T6f+AKFXphLd+AYYrdeSKyuKe9QtaG2s/bZsi0Ob0XWcARCJRGjebK6+of6o57pMF01NTYnq/u2xLIumpiZM00ApqK7peOColIqn48dWLkQibS+tmPfSS0SjFjm5Obhcny8JpF/fvpw/4TzC4TCNjY08+dRTn+r6ysrKVp8Jt27gKAcNiA3dj60Ogs/0xpcLxNb7R5zYs1eGanHpBpoWWybQ/DrAJT0uYkLR2EQQ4OE1f2Z7zScAVIdqqIvUo+mQ4c044n6Xl1yMV/fEV4goIk6E8YWllGR0b3WerumkudNQKHRNo7zJj928XEEIIYQQQgghTqKTFgAAMAqH4D77FoiG2jjowt65iqanbiey8mlU42dfK63CjUQ/fpnAv+7A2ras9cw/GjgWenYx7iHXtNOAwlGxAVs4Eml3lh5iqfrDhw0lEolg6DpvL3krsW7/cOFIhIcffhjLsrBt+6hLACzLIhQOJSrnB4Mdz4SHQmFCoTCOo9B1jdTUtpcNhMNhTNOkrGwT8xcswF9ZSSAQwLIsAoEAwWCQcDjc7nO0pOs606bdS1paGoZh8Pf/+z+ee/75Dq9TSvH8C3P562OPt5oxD1sRtHgaf2wrxmPbhaEmVIeBDiiUApcWW/5gqUg8hKARsSPoLXco0HTuGDCJvKROKOVgK5tfrfg9jZEmInaEiBNBUxoZ7rQj7leQks+ELmOJOtFEsciv9r6y1VKBZpnedBQKDZ3yYMUxL2sQQgghhBBCiOPp5NQASNDwjLoNe9cK7P0b0EwPh2Z4FRgmWGHCbz5EZNWzuAZfhtlzPHpGEZor6ehNOzZO3T6sXR9gfTQfu3wzoMVn/lsM4JUNSpF06f1o7uQ2m0pPz8CyLQzdwIp2XKDw4okX89DDj2DbNitWreKvjz3ON26/rVUa/aZNm5n+i18wYMAAevTowa5dO9m9ezfVNTV0Lig4ok3LtolGohAfDLc3m9+SL9lHJBxGKYXjqHYDFxMmjOePjz5KJBLhJ1N/QlZ2Nunp6XjcbhTgdrnweL14PB7y8vLo368f55xzNt27tb0dX0F+Pn9/4gm+9a1vUl1dw7Rp09i7dx833XA9BYc9WyQaZePGMv4x8x+89NJLPPa3x1odD9thHOVg6gaacmiMBjt8bgBTN4gqC7cW+37XRuoppDNhOx7A0WIBAPuwYorp3jR+PPJupiz9KS7dhT/o528f/YO+mb1QSmFoRrs1Da7peRn/2b2YsB1lZKdhdElru/aDx/Cgo6NpGtWhagJWEI95ZIFIIYQQQgghhDiRTnIAADR3MklX/o7A07eh6itig/5WJ2hgulENFYSXPk7k3ZnonXpi5PdHzy1BTy+IbeNnW2AYqIZy7Ord2Ac24Bwsg3B9eIi1AAAgAElEQVQToIHexqMphXIcvBOnYhQMarePBw4cwLYswtEQ0UgkXrCv/YJ6BQX5/O63v+X7d9+NUoo//OER3l22jLNGnYXLdPHR+o9YvWYtU/73f7nh+uvo/UJvfnzPPVRXVXHHN+5kTGkp11xzDb16liTaDAVDlJcfTKzjb2xs6PC9rampIRKNEI1Eqa2pIRAIkpR0ZOCkf79+PPzQQ/zx0UfZs2cPfr+f8vLy2PIBwDB0YmNmDV3T0HQdj8fDjTfewPe/9z18bbQ5fNhQ5jw3h9/+/ne88cabPPrHPzL7n/+kdMwYenTvji85mbraWlasXMH69R/TrVs3/jnrn4wpbV2DwVEOjnJQGCggarddx+CIZw/VxWfftdgSgnjsQ0fHUjYezSDsRKkJ15Lmab2mv3dWTyb3+xozy57GbbhZtv8Dlh9ciVt34+BgtvVZAjol53JB8Xhe2vEqN/a6ps3Zf4BkM5nmbQrDdoTKYDWZbSwrEEIIIYQQQogTSVNHy28/gey6fYSeuwu7dt9hKfptcByIlVED4nvJaxqqeTY3PsOraXq8aF4blEI5Fp6xd+E5azKJ/eLasHXrNua+OI/snGxs22LyLbe0uaXf4dZ99BFPPvUUH3ywnOqqKnTDID09jQnjz2PyrbfQo0dsfbht2yx49TU+/PBDdF1n5MgRjCktJTPzUD2Cg+XlzJ79JDk5uVRUVHDZZZcwoH//o95/67ZtzHvpZXKyc/BXVnLH7ZPJzspq89yGxkYeevhhnnnmGYYMGUrvPr0pyC8gOyuL2tpayivK2bp5K2vWrcWyLAzDIBgMcNNNX2P6tHvbDYhYlsVHH61nwWuv8e6yZew/cADLsjANgySfj3PPPYdLvnIJ55w9qs3ChvsaD1LeVI7LcGE5Fnm+TnROye/wvd9e+wmNkUY0Xce2LbqndyPDm84ntbuoi9Sj6zq2Y9Mvqzde88gCh2E7wurytfjMJFyGm2TTS8SxabKa6J7WlXTPkcsAAOrDDWyv38mQnAHtBgAqAn72NOzDZbiwHZse6d3abU8IIYQQQgghPospU6Z0eM4pCwAAOLW7Cb16H/bedWC6IL6G+2gUrYfuh3/d9o1iM9ue8d/DPeImaGeg1u49P8XWdkopKiur8PsrSPL56JSbS3Jy20sNTpUPli9n6k9+SnZWNvfdN43evXridh+5BWM0GmXLtm088MBv+PDD5bhcbkKhEPNffpn+/fp2eJ+mpgA1tTXU1dWRlJRETnY2aWky8BVCCCGEEEKI4+0LHwAAUKE6wh/8g+iKZ2Iz+YcvCTjWdjg8EBCvI29b6Kmd8H5lGmbXsz5/h09zZZs2c+lll9G7d2+e/dfTpKend3hNfX0Dt952Gxs3biQajTBt2jQm3XzzSeitEEIIcfJUhqr54/q/8UH5CqrDNae6O+IwWZ5MRuWdwfcGfYscb9sZjkII8WV2LAGAk7oLQFs0bzrecf9L0g1/xugyFBwrMWP/qdpp+YUC7Cg4Du5hV+P72t9l8E9sF4J7p91LNBphyg9+cEyDf4C0tFRuuulGotEohm5QWVl1gnsqhBBCnHwPrfsTr+1+XQb/X1DV4Rpe2/06D63706nuihBCnLZOehHA9phdzsC4diD29reIrJuHvWddLBCgGShN6zgFXylo3jJO1zH7X4h72LUYhcNOfOdPE9u372D9R+tJS0uje/e2K/q3p7hLMYZhYFkWXYuLT1APhRBCiFPnvYPLT3UXxDGQ75MQQnx2X5gAAIDmSsLsezFmzwnYBzdg7foQa8e7OP4dscyA+N7wmmODHqv4Hiv6F9s5wOjUG6PbmZi9J2Bkl7RfEPBLqrq6mkg0itvjOaaihq1ogFKYpkmv3r2PeqrjOOzbv59oJEJycjJ5eXkAhMMR/JX+xG4D6WlpZGRkoJSivLyCSCS2ZZ9CYRgGnQsKaGhsxIpGycnJAaCmthbbshJfN4tEIrHdG2ybzMwsMjMPVdlvagrg9/sBRVZWVqIOQXV1NZZl0alTJwBqa2ux4m1XVlURaArEdhRAIyMzg/QW9QuamgJUVFSg6xp5eXl4vV4sy6K8vALLtkDF6kG4PW4K8vMTAaxwOIy/spJOnTrhdrmIRqOUV1SQn5dHNGrhr/TH3gOlSEpKolNubqvgl23blFdUoJSiID8fXddpamrCX1lJVmZm4tksy2Lf/v0U5Ocn6juEQiEqK6vo3LkAXdfj/S0nPz8/UdSxoaGBhsbGI7amtG2H8vJywuEQXq+X/PgzRSIRDpaXx7ZaVLFdHFJTUsjMzORgeTm6piXObWhooLq6huzsLDweD+UVFTi2jVKxz0xKSjI5OTmUl5eTkpJCSkoKAH6/n6SkJGzbprqmBtM00TQNKxrF600iPz/vqJ9HIYQ4Vo1W06nugjgG8n0SQojP7gsVAEgwPRhFwzGKhuM+8xZUYwVOzW6cuv2oYG1scBUNobt9aEnpaJnF6Fld0X1ZIPurt8vldmEaBpFIhNraOooKC4/52t07dxMKhRg6fBh9evVs97xoNMq/F73Ozp2fkJmZSXVNDYMHDmLc2DHU1FTz/Ny5sd0OHEVtXR1fmTiRkpIezJv/MqZhkJKSiuM4JHm9XDzxIj5a9xEr16zhzttvIyUlhRUrVtLQUM81V1+duGckHGb+ggXUNzZi6AbVNdVcfcUVdO3alYMHDzLv5fmYhoHpctHQ0MBVV1xBly5FvL98OdU1NXz9ppsAWLt2LZVV1Vx7zdW89dbb7DtwgMyMdKyoRTAc4vKvXEKX4i5UVlby/IvzcLtMIuEIpsvFjddfB8CcuXPJSE/H6/XgOA5ZGZnkXdgpMcCuqKjghRfn8bWbbqRTbi51dfW8MPdFbvn6zVRWVjL/1VfJiwckqqurGTJ4MKWjR6PrsdU6oVCIl+e/QmNTI3dMnkxmZibvvvc+az9ax7lnn82555wDxHayePHll7lk4kSGDh0CQHl5OXNemMtXJl7EgAEDaGho4PkXX+SOW28lJTUVpRT/XrSInbt28807bk8sEYlEIrz274Xs2beXjLR0/FVVDOzfj/PPO4+q6mqee/4FOseDEY7j0KNHDwYNHMALc1/Etm3uuG0yaWlpvPX225Rt3sKF559HUWERc55/gaysLDweN9GoRY/u3cnIyODfCxfhcru58frrMAyDNxYvpl+fPrjdblauXk1TUxORSJTMjAzy8/PIz7/gmD/HQgghhBBCfJl9MQMALWiuJLTMruiZXU91V057/fv2JSMzg/LyCtasWcPAAUffVrBZKBzmyaefRNM1fjr1J0fNHli7di27d+9m0s03k5qaSnl5Oc/MeZ5ePUvwepNQjuKaK68kJSWFt99ZyjvLllFQkI9lWYwrLaVv3/juAgo0XQMUoVCIpcve5eKJF6HpGtph5R4rq6rYtWcvk752E7m5uXy4YgV19fXYts3C1/9Dj+7dGT9uLLqus3r1al5+5RXuuG0yLtPVui1Ni98TItEIQwcPYuyYMSilePmVV3j/w+UUFhXy74UL6du7F6WjRxOJRFi46HUqq6rIzclBOQ6XXDyR3Nzc2GMolRi8H7qNhtvlar5lYobfcRS+pCSuu/ZaXC4XW7du5ZVXX2PI4MFkZBzKaHC5XLhMF/v3HyAtLY39+/fjcXtwHBVvx2H9hg0U5OWx5qN1DBw4IDZrTmwpzRuLl1BSUtJiK8fY/Wtqaqio8JOensbmLVs584yRAKxZu5YDBw5wS/x7emD/AT5csYJwOIwGGLrONVdf1epzEQgEMIxYlkFVVRVJSUmUl/vxeNyx1Trx2qOXX3pJq+0vHcfB7Xaxc89uNm/eTP/+/XGUwnEU/fr1o0+fPrz77nvs3b+P6665Br2d7SiFEEIIIYQQR/rCBwDE8ZOamsqPfvj/mPLDH/DgQw9xxhkj6dunz1GvCYZC3HvffaxatYp77pmaGBS2RSnFlu3bGTbk0IC1c+fOdCkqZPOWrQwaOABN16mpqSEUCuH3+0lLTcU0TTwuF6vWrmP33r2xtPzcXM4YORLbUXQtLmb7jh3s3r2b1NRU6mvrW903KyuLTrk5PD/3RboWd6FP79706NGDhoYGqqqqmHjhBYk0+AEDBvDe8uVUVPjR9TYGj/E9MUzTpLyigo0by7BtG3+Fn7POPIOGhgYOVlRw8cSJmKaJaZpcfdWVADTUN2AYBkuXvUtKagqWZdGtazcG9O+XaF7TdRSKt5cuxeP2EAgGcOLbTOq6RjQapaysDI/Hw44dn9CpUy4+n6/Fewwu06RXz54cOHiQTp1yMUyT/Px8bNsCYpkDVVWV3Hj99Twz53kOHjxIUVERjnJIz8jA7TJZ9u67jBwxAtMwEhU0P1q/nv59+1JS0oNXFy5k2NAhmKbJ+o83MHzYMNLS0giFQviSfYwdOwbTNFFK4SiHN95cjMvlIhQOM25MKV6vF8MwKelRxJ49e/B6vXi8bpJ8XhzHjj+vztvvLMXn8xGNRunfrx/dunVF1w369OzJW+8spbCwkCRvEpYVRdO0WNAi/v9mPIgihBBCCCGEODYSAPiSufqqK6iuruK3v/sdV119DQ/MmMGYMaVkpKe3Wmve0NjIx+s/5qGHH2bN2rXcd999TL7llg6LMdqWhWm2/lgZukE0Gol/pVjw74WYuk5aenpicG45ipRkH51ycrGsWHo3xJYUdC3uwuCBA3jjzcUUFRViGK1n1L1eL9defTVbt25jy9atvPTKK4w591xKSkoAWs3Aa1osg8BxbHQdPO4Wg0gFerxtXdepq6vn440b2blzJ2NLSxk8eDAVFRWJdg7XPBhOT0sjOzsby7ZITUlu8zyfN4nk+DEVL16paRqWZbNj5y6279hBQX4+X73mmkTwInYORC2L4i5d2LRlM+s/3kDnggLC4TDNI/myTZtISU5GKUV2Viar1qyhqKgIDQ2Py8UF553HC/PmkZKcjNvtRtd1otEoH2/YwKgzz8TtdhNoCnLw4EG6dOlCJBzGFR9sb9myhWXvvUc0anHFZZfi8yWjoZGdlYnH4yEajWIaBkopbNume7dubN22jUg0SnFRF6prquOz/wpHKdLT08jMyCQajZKU5AVidRLOHDmSrdu38dY7S3Ecp1Wwpvmtj71+yjcyEUIIIYQQ4rQhAYAvGcMw+Oad3+CMM85g5qxZ/OxnP8eX7KNv375kZ2XhoKivq+OTT3bSUF/PmHFj+eUv76dPB4X/IDaALezcmY1lmxk+fDgul4vGxkZ2793LReefj67r6JrOFZddSnZWVmLwGQ6HsS2LgQMG0DM+aG+mlCIYCHL2qFFsKCtj3fr19O/Tt9U5mzZvZveePVx4/vkMHjyI999/n/UbNjJw4EDcHg/btm1PFPrbs3sPlmWRm5tLhb+S/QcOJNoJhkMoJzYYj0Qi9O3Tm3POPps3Fy+mbPMmhg4dQmZmbKC7f/9+srOzUUqxcOEievfuRV5eHspRnHnmGYlifIdTjoOm6Zx11pmkpaVRU1PDpi2bY8EDxyEpKYnLL72EPXv28NL8VygvL6dr10PLXxRg2RbpGemYhsnK1au58vLL2LZ1G6bLJBqNsrFsE5qm8cqrr2FZUfbu3UcgEMDlchEMBcntlMuY0aNZ9J//kOzzYZomBw8eJBgMsXHTZso2b8HjcbNm7Vq6dOlCr1692Lx1C0OGDGbw4MHk5xfwr+eeJRKJ4vMp0DTOOuusVoPxhoYGLNsmMzM2uF+3fj1XXnYZFZX++BKA2Pd21Jln4ks+FCSxbRvbcUDTGDN6NH+fOYuoZdGzR/dW74EQQgghhBDi05MAwJfU8GFDGT7sEQ4cPMjOnbvYs2cPtbW1JCV58XqTKC7uQo/u3RNr2Y/VyOHD2bZ9B3Oef4Hu3bpRtnkzudnZ9O7Vk8qqKhSxGXuv15u4RqnYIHLlqlUcPFgeS2VXMHLkCHRdIxwKYxgG50+YwMzZswlHIq3uWZCXz4JXXyMQCNK5IJ/Va9cxZMhgfD4f548fx4LX/k1DYwMu08XqtWspPfdckpOT6d6tK+8sW8b8BQtIT0tjw4aNXHrJV4BYACASDqNpGqPPPZcnZs5k8eIlTJx4ERddcAHzF7yKv7KS2to6tu/YwahRZ6Hiqfxvv7OUjIwMbNsiyZvE8OHDEjPojlIoxyEYDJGWloZlWYnBsOM42LaFbdt069aNwYMGMe/l+dw++VZSU1Ob3yxCwRBej4fCzp3ZtmM72VlZrAsEyMnNZdeuXQSDQe68/XbcHjeWZfHPJ59i3UfrKezcGcuycWybAQP6s2bdOqqqqgiHw3zw4YcMHTqEcWPGoGkalZWVzH76acbU1nLO2aOY/dTTPPPcHEq692D33t1omkZmZgaO46CUw+LFS/B43Fi2TX5eHp07dyYcDuP1esjr1ImD5eVkZWfT1NiE4zjEt0lgydtvk5aWjm1bpKakMGDAAJRjx5caJDNu7BheW7gofk2MbdlY0ein/9ALIYQQQgjxJWfcd999953qTohTJzUlhS5FRQwY0J8RI4YzZPBgBvTvT1FhIcnJR6avd8Tr9dKrZwnBUAh/VRU9undj3NixeLxebNvBNA2Ki4oSA+Jmhm5gmiaRSBjbdohaUYq7dMHjdpOekUFOTg4+n49kn4+cnJxEpfzme/YsKaGqsoqqmmoG9O/PiGHDMAyD3Nxcigo7U+6vJBwJc+7Zoxg0aCCappGcnExxUREVfj/BUIgzzziDvn36oGkajuOQn5dHZmYmpmlS1Lkz1bW1FBUWkpeXR0FePvv278fn8zHxwgvIyclJBADQIBqNEI1a6LpGUWHhoYJ7SmG6XBR36ZJI7dc0ja7FxZimidebRJeiInRdp3PnAizLwufztdqCUNd1OhcUkJqaRkpKCiUlPVAosrOyCEfC9OjencLCzui6jmmaZGTEBti5uTkkJSVRUFCAy+Wic0FBfEu/POobGhgxbBg+nw9d1/H5fGiaRmpKCllZWfTqWUI0GqXC76dTp05MGDuW3NzcRDE/WzlY0SiRqIUvKYm8vE4Yhk73bt1IS0slIyOdbl27JrYvTEtLT2QMRKMRopaFYZgUFRaiGwb5BfmkJCeTnZWNYegUFRYmsiqUUqSnpye2FxRCiOPl8bJZp7oL4hjd2f/WE9a23+9n2bJlLFmyhEWLFrFp0yYqKytJT0//TL8bfV6xOkz3UFxcTOfOnU/6/YX4b/OLX/yChx56iH/961+sW7eO0aNHHzE2OV29/vrrHZ6jqebf4IUQQgghvsRGzh13YhoeMZuV3YpbvbRz5ziuXXXsTdw4ZgFT0rfx4Ct388xx7l6bej7CkiE92bLuUr65DaZd+BaXsZCRrz9wMu7eoZXXvHXc2wwEAjz99NMsXbo08Vp2djZVVVWJr0tLS/na177WqkDvifb444+zbNkySktL+cY3vnHS7ivEf6N77rmH5cuXY9t24rVBgwbxu9/97qT+uz5RpkyZ0uE5sgRACCGEONX8i5k+ZRbFU2czud9nON6BspmTmMFUZn/qi8uYOWkOXR+cxoQOV4SVMXPSDPiMffxvdeOYBUzJreaVueOY3vxiz0dYMuQtliT/ifHvvHAqu9e+bXczftup7sTJs2vXLmbMmEEgEGD06NFcdNFFrWrw7Nq1i0WLFrF06VJWrVrF1KlTWx0/EZYuXcq8efOorKxMfF1WVsZVV11FaWnpCb23EP+tFi9eTENDAwDTp09nxowZLF68GMuyTnHPTh4poS2EEEJ8IZSwe850FvsPf72MmVNmsf1UdEl8TtcyLj2FBv/8Q4N/gG1387i/kdT00dx4qromEgKBADNmzEApxf3338+dd95J165d8fv9bNq0Cb/fT9euXbnzzjuZOnUqSqlEsOBEeeqpp3jiiScSg/9mlZWVPPHEE7z44osn7N4AlM1k0vTF+A9/bdIkZpa1fNHP4umTmH7kD67DmpvEpNYXnnr+xUyfNIlJbf5p62fxsT3rqeRfPP3I71tc2cx2nnVmGafDsx0Py5cvp7q6mrq6Os4++2zOP/98xo4dS1NTE8uXL//SBAEkA0AIIYT4gigtLWbpej8TWk63l33AkvHjGb9kyaHX4hkBh4ICJdzaPEvvX8z0v0Bp8SxmLQHGT2Vqq7v4WTx9CrO2j2fq7Mn0S3zd3NStPDhtArnxGf0lAFMmsWvqbC49MJ0pu65jKjOYEe/O+A6yFtrsYxvHS259kGnNB8tmMmnGoedt9x6niVRvzyNee+adS1uk8t/DC9dMhFbLAtp6DcZd+BZT4nVhiaxttSQglm2Qkji3wd86w6Dd4z0fYcmQLLb4sxiRmxJrtwzubLEEICafxy57ixHNu9M2HLYkoOcjLBkylFTaOf4F9dRTTxEIBLj//vsTs/pPPfVUq7W0ffv25e6776Zfv37cfffdzJgxg6eeeoo777zzuPdn165dHa7jfemllxgxYsSJy0LI6UrJ9qWs909I/Jv1H9hNSUkJSz4oY3K/+D9I/3qWbi+h9K5PVzT6CyF3AtNmT4j93b+Y6VOWUnpM2U6nsfHtZYJ9xoH/afa+LVmyhPPPP5/777+fpKQkAH75y19y4MAB3n77bUpLS4/Yzvy/kWQACCGEEF8Ug0ZRvHR9q1/Fyj5YwvhRow690GI5wOzZs5k9+0FuLdnOrL+0mPXZPoulXR+MHW/1y158sF88ldktBv9LS+Pnzp7N1OJZTJlZBvRj8uypjKeEWx9sMQBfMoM5zW0/eCu7Zxw+I3gsfYxlNRw6PpXiWVNi7ZTNJLaSYHaLe7Q1G3c6eIFv7t8NqRNZec1brLxmAY8dGQs4du6h9A79iZFzxzFy7p9YxVCmXHhP7NiI2YmlBiPnjmPkurWQe2vifrHBP6xa1/L4d3hhRHPjxYzwLosda6/OQOpQsvfHr5+7kJ2pE1ky5trE/VcO6cmW5vbn/olVnomsbO7fF1Rzwb/Ro0e3Ofjv27cvSUlJbNq0iccffxyAfv36MXr0aJYtW4bff/w/mIsWLTqm81rWKjjucgdRWrKdXYkEBD/rl0LpdaWU7D5w6GdN5S62l5Qy6DQY/H1+uUyYNvtQoPK/yn/zs7V20UUXARCNRhN/brnlFjwezynu2cnz3x/iEEIIIU4b/RhVPKfFrFsZHywZz6jJ8EHzKS1nrWIvMKi0BFqNBUoobeM38rKZU5jFrTzYPJovWxD7usUvff0mT2X8pDksvrSdGZ2SW7mr+UDuBK4bP4sZH5S1nqHvoI/+xXNYUnIrDyau6cfk2bOJBSiWMH7qbPq1aOuuW5cyZUEZE07HNIBVkxi56loeu+w7jHCnMGLIW6wcArCbV+ZOar00oCORtTyemNF/gW+WjWbJkNE81hPeSs4Cqg+d22oNf/NShD8dms1veTweJNhZ1cFsfcPCFtkID3Dtzv6s7HY503gBsotbt39Y/775Ba0nsHr1auDQoABihf4qKyu56qqr6Nq1K6tWreIPf/hD4tzm85ctW8bq1atbXXs8HJ72357du3cf1/u2lktBMSw94Id+uUAlu7YXM6rfIEr5S+JnlP/AbigeRfOPirKZkxLZQe3PNh/lvFaZQYdlNk1ZSumtxcyaFbuw5NYHuYu/MCWevtQqi6i9dj4N/2KmT9lF8fglLFkC46c+SNc5sYDptAm5re9RMp7xLGF387FWmVUljB8PS3aXxrOrYqn6zf0+lHVFLAA6B8azhCXbD/W7/ff1yPt8NoeCwdMGrT/suWczmZZZWc39OrQ8bfuU6fDgNP4/e3cfH0V57///NbubkAQCskkICJjFEDRYbAlWQBYVa8We2mrvDKiHQtuj/SJFTtN6ai0HrG3pl4oHWqSnPe0DyreCcNpqq/1VrJVCooAFbGshJYAEiHKXDYZAbnd3fn/M3iabZBMC2WTfz8eD2uzcXTPXzDXXfK5rrhnx0hyWYfVY2xo1b2DRVr27Qnl2mfL3zjvvZP/+/Zw6dYrs7GxsNhtnz56ltraWmTNndtj67/V6aengFQGH3d5nviSgAICIiEgCKZxyFZuDrwGU72TrjCnMIyIAEBLRRR8gv5NBwbYuYxmQP3dCqLJ+5sQxOLyVkjmtP3+XT7sfWbtqBJH1rOy8fCg9wRlGxJg5dhqrjx6Gq+6lbX2tmqOHYeuyOWxtPanbFdtE8CseejFisL/AVwE+8YmVVHRlVP+mk9HzHjqJ54MfImsIbNxexmc+cyef+Myf+QStu/+PJSsVPBc6GnDwPJ7ajjdf19jqKb62hjrGcuXYz8IAyMxcwO7PLGiz3kR29OhRgKiu9Hl5eSxatAiweggEW+SzsrKi5olcvif985//jGu+SxsAgMIpMzi8+W3O3HYbOaGyKAeuOhwqo6qPHmbGFOth9MxrT7Ds2FxWrL+NnMAD5ROvrWjTqtz+fNWhnkFLCgMPySVrGbF+XiAgeJh1R+9l/fp5gQfJEtbMXcH69TmBB+qXKL9tHoURPYyWFGLNG7WertjKsTxrG3CG18J7wWtr1sHcFay3ntCZsyxcDJ95bY0VXF0ffp0qNLF8LSXrruKx9UuwkjeHkrUjwg/1h7fCY+tZH4qJtH9cO9xOzN1ZxpzIwjUy+NDufpezds4x5q5Ybz1kl69lzprXmLDkNuatmMuxiFcAygG2HiNvxXrWBwMXgXlzKGftslbrWRbMM7jU+btu3To++MEPsmPHDt577z0++9nPkpqayh//+Ef27dtHQUEBv/jFL3jggQfa7Q1QfeZM1NcDIg0fPlwBABEREemGwilcFagUsXMrM6bMI1CtCgg/VOcHKp9nXnuCks56A+fPZcV8WFOyhtcmRLSWtFsBvBjdTGNAX3/nv1N75nAD69ntGsutY2Fjj7SOf5/P/tpqwbe6+1sP41YgoCfW3xErwNB6zIG+oLq6muzs7JjTysvLWbVqFfX19WRlZYWCAkFZWVlxt9ZfCgs2m7YAACAASURBVJdyEEIgMA7AUaoBThwjP+8uIBAY2FkNVId6KFmvCBxmxr1LAmVJDrfdO4N1gQBCmDVf/vT54fmWrOc2gPKX2MoMHgtc+zm33cuMdcvYWT6PwmyAfObeVRhOW0RPp5wREZ/ZLN8Z3cOo8C7m5pdY6+lyuRK7N1WbsQ8K72Ju/tZAJ6fW+1jIXXPz2VoaTN5W8ueuIJy8ueSX7KR8XmHgtxlMCaWzo+M6ocPtxNRBr4yO9/sw64K9sArnsX5JR9u4N3R/yc7Lh1CcqpB5EQueOXEMiPw86qXJ3/fee4+XXnqJMWPGkJ2dzfjx4zl9+jTr1oUD39dccw3Z2dnk5+ezdu1aPvKRjzBmzJioHgEOh4PMzExqa2sxTTNqG4MGDeozD/+gAICIiEiCKWTKjGXsLJ8Cocp1hGDlp6sP7VeNICen0OqyH2yRGXEVBCr4ca/r2AnOUBiaP2ZrfidpDPcaKGw1PRtrUrDbcR83aT27XU72RA2kF1BbQx3O9pcdO5wswBP524DhzIZwL4Cxw8niPBWtWu6DAwzOvvklSoa4mU0ZnmYYN/CzQPcf0NsMZjjESSY1vHfoEBSCK8Zgh4kuOzu73Rb30tJS6uvrGT16NI8//nibb4R7PB4Ku/5E2aGu9ig4evTopRsIMGcC0/NLOXHmDCdKiXjYncKMZTspvyuPY/l5WGGB9nrvzKDVdwywioy21/eZE8cgfzqxwzHxa69nU35PlivVRznMVcTYDTraRziDlbwSopOXz4kzxGjB7ui4jmiznagH5R5jjQfDnIjeA3EHEiJFDzibn5/frdR0NX//8pe/MHHiRIYNGwbAzTffzJEjRzhx4gSmaTJs2DCuvvpqbDYb+fn5DBkyhH379nHllVe2eSVg8ODBnL9wAW9LS/hHw2Dw4MHYbH1naD0FAERERBJM4ZQZLFu2DGY8RuvnfyD6ob18rfWOZGevAATXPe8xZsxZxprXJrDkNqvlZNnaKeHKXGgQvna6Ux5ex0vlt1kt9GdeY/PWfOauKCS6l0LHaQy27IXWE/n+6b0zWLcsspdCxLS+NkDVnt+x58oFTPrgepYcin7ff8nVHyKz7uVAYOAQnmaYdOVKZu+xXglYcrU1mn5UACD1Qzx482fZuP1XwGf5SWF4HVarf03EuAKB9/5ry9jIr6B2LpNyrPf1g9N/8okFjKtdzYz34tyfzDv51aTvB8YB+Aa/clnv/T/Br+C9T7LbFTk9VpoST15eHmVlZTEfpD/1qU9RWFjItdde2+bhP9arAz0h3gEAI+e/FF8isOQw4qrD7KyuhsNXMSV0+WWTl3+ME28D0+8KBPGs4N2Me2P33gmXDu0H+boVkIyV6hFXQf70S9CzKUJ2HvmUEvuZs6NApjW2Qn575VmbDiUdHdcznGi1HatV/VIEhKxxWqzOHq/xRMky1k5Zz7yuRGvKX4r4+gyhe01XdTV/33nnHa699lr8fj9+v5+MjAyuu+46rrvuuqj5gl37r7jiCkpLS2N+EtBmszE4M5P3338fv98PwODMTBwOB4ZhdH1neknfCVWIiIgki8IpzIDQu7XR0+bx2IytLAt+w3lzHisemwGHS3k7rgHJC5n32AwOr1vDa2dyuG3JY8zYuiz8Teioh/9Cpsw4zLqSiO9D58+AzYF5S9Zx1WMxBl/qNI2F1rujy4Lfora+TLDkthwonMeKubCuJDytTz78A9a7/7ey4oyTT3zmz4EvAVj/bm1cHfGJvF/x0IsvU5n6IUoC0yd4Xqay9eqa/0pF2oLAOhYwqSn8mb2N2+/ixbqrIrZjTQ92yd+4/a5W6Qg8/Hely37dX/FcGVz+TrIiu/zvmcMNlcdwucL7mOgP/wBFRUVA7AfvLVu28D//8z/tTotcvieUl5dTVlbWpWWCwYtLpXDKDI7t3MmxGVMiAoI5TJgOpaXHuGpETsRv+WzdHP4aSfnaOTG+SW/NdzjiayflawPfoi+cwgy2sjMQLTjz2ma2RnWHjzvRzDi8jpeCUYczr/HEnBhfK7kYga8klAYL3fKXwp9SbbOP5bwUnmi9QrHuJcLJe4I5c9a2DqFGrSv2cQ1sJ7Qu63WBHnfmNZ6YE/EllpwRXEU+ed3qqnGME2cAzvDa5jYjvcSnC/l79uxZDMOgpaWF5ubmuP8ZhkFtbW3M9/0HDRqEzW63/jAMBg0a1Kce/kE9AERERHpfm1Hzg6Pix/67cN561rfqGhCe3Hpdgfmjf4iYP6JlJ4bIbZ15DSCPu5bEmr8raSTGPkdOWkI7k/qkYJf8joXf4Q/ZE/47nnU88cqtHT5st7uOqC8GxP6ts3UDgS8edDZTYsnJyQl90m/69OlRXfrLy60nitaD7QUf1N1uNzk5PReYWrlyZbeWW7ZsGf/93//dY+mIkp0HW9fB3Luifs4ZcRWHD8O9EQ/nObct4bGjcyK6Zs/gsfVWK21kw3ab+fLnsmKJtaJ5K+byRMkc5lgTmLuiOwP3FbZajzUWSc+OK5LDbfPnUloS6Mo/Yy5zIz7GknPbfOaWlgT2cQZzIycWzmPF3CcomRNKXYf72dFxJTBtWaBv/owZMyLeue+pXb2NJY8dZU7JHIIpyJ+7gnk5ABOYnr+OdSVzOPrYeqZ0sJrgu/rrSuawjnzmPjaX/GWl7bz60OGK4s7fs2fPYrfbaYnssh8Hu93OuXPnGDFiBPbgw36AzWZj8ODBvH/2LIP6YOs/gGG2HsVAREREJAZrIL9L3LW2F93w61t7OwkSp92f+XOPrau+vp5///d/xzAMHnvssagR/vfs2cOkSZNCvwUHBjRNk//6r/9q82rAxfjlL3/ZrZH9r7rqKh544IEeS4d0h/Wq0tF2XoE489oTlBy9txvvzcvF+POf/8zBgweZOHFih5/4a+2tt95i1KhRTJ8+nbS0tJjznDlzBqfT2SZA0NtKSko6nUc9AEREREQkaWVkZPDNb36T733veyxevJjp06dzxx13kJeXFxUMeOWVVygtLSU9PZ1vfvObPfrwD8R8iD969CgNDQ2hv9PT0y/doH/SBeWsnbOZvOD358tfYt3hfOYGusWXr53D5rzgq0vWKwD5cy92eEPpqgsXLmCz2fD5fF1qpbfb7dTX14fe84+lJ3v/XG7qASAiIiKCegD0JT3ZAyCovr6eX/7yl1Hv4WdnZ0d96s/tdvPAAw/0+MN/e7Zs2cKzzz4b+vv+++9n5syZl2Xb0jHr2/Thd+6jPl965jWeKFnH4fBEtf73goqKClavXk1TUxMDBgxg4MCBZGZmMnDgQNLS0jAMg8bGRi5cuEBdXR0XLlygsbERgC996Ut86EMf6lOf94P4egAoACAiIiKCAgB9yaUIAASdOXOGvXv3cvToUaqrq8nOziYvL4+ioqLL3upXX1/PT3/6U/bu3UtRUREPPvjgZQs+iEjfo1cARERERES6ICcnJ2Fa2TMyMli0aFFvJ0NE+hF9BlBEREREREQkCSgAICIiIiIiIpIEFAAQERERAQY5BvZ2EiQOyicRke5TAEBEREQEuGn45N5OgsRB+SQi0n0aBFBEREQE+OoHF+CwOdh56i/UNJ3t7eRIK84BQ5mS+2EWTvhybydFRKTPUgBARERE+hzzgoem7avxVu7CrO/sYT34xWOjw7kGAF/vicT1aQa2ISNIv/v/YssZ29uJERGRHqZXAERERKTPady6kpb9L3f68G+aJtaDf8cP/xJk4q99j/rnv9bbCRERkUtAAQARERHpc7xHdsQ1nx77u8esO9XbSRARkUvAceHChd5Og4iIiEjXNMdZfzEUAugu1RFFRPofh9U1TkREREQkTHVEEZH+R68AiIiIiIiIiCQBBQBEREREREREkoACACIiIiIiIiJJQAEAERERERERkSSgAICIiIiIiIhIElAAQERERERERCQJKAAgIiIiIiIikgQUABARERERERFJAgoAiIiIiIiIiCQBBQBEREREREREkoCjtxPQrooNzF9Zhmv2kzw6PavjeT2lLF+8g6lPPkpns/bospeBp3Q5izdWtp3gms2Tj07HSnIFG+avhEVruG9ccJlRLFpzH+PaXWf70y+9CjbMf4HRCXrMLxtPKcsXbyRG7lrci1gz81RCn59dY52nZbEmuRex5r5eOhs3zGcl1vY9pctZfPye3klLxQbmvzA64rq+7Algw/yVVLVb5nY2vaNVb8AqouItcyLOlaiyLkEE7k9tuS+yXE3w/e7DUu59hbTRmW0n1PyeurXf6ZFtpM3bQQrtre9bZJR8HP4xlfotPbK5Lku59xXScg7S+MzDtPTC9tutz7Qq/z2ly1m8Y+olOP89lC5fzPF7rLpS39ezZXZXjnuv3iv7tPbqQS5m94t6nvQVCRoA8FD6Qhlut5uyjVuomH4JH1SzpvPomumXau09I8bDUcWG+SxeTvsFtauKF5aX8sXW0ys2BG7Aoy5deiU+UedeexWTcYl/fnZJrJucdUNcProbD5Y9YNx9a1hz2beawHb8nA25j7Y6Dz2ULrcqLa7LkYaK3ZQl+gNwjPR5SpezeP6G7gcB+sJ+92VtHvaLSX94EZnz6LEggHSiTX3GuvfN3xD+PWv6o/Sr296l1kNlto775dK2HuQpXc7ixRvI7bWGOUk2iRkA8OxnR6Wbex69AcpWsrviPsa1uiIqNswn2ADjcrsjp1ity4umsmNloHXVNZsnH81lSyjqFnHxRfUACCw7exQbNwbjcxfbonNpjJs5G9fi43ignYriVKaO2sF+z/SoQqZidyCwErMZNoG0amFzL4p+MI7M/8AMVuUhVkujp5Tli49zT+C36FaIBI+6Rp6fBPZjEawM7nyol0CwJ0Gr87WT45gYxjFztovFO/bjmR588LEqheFsavVQ1Kr3RKinkKeU5T+HqaM2srEMcC/iydEvtGrViO4xE+wB8OToFwLnxUrmV1nb82yYzwujFzF1x8pAWqzzJXdLRPkT1brSKrofUdm1WkymMrtqY2i/QstG5NPi+cd7tcwZNXUqVbsriCp0PfvZgRu3q4wqiN1zqgut/BUb5vPC6NmM2rgxdKzcUT2YrAO0eP7GwO+tzode7DHSkazp9+De+AKnPDAuCzo7H37O1NAxuOE2F7tfa73frcuryOu7gg3zdzN6dhUbN1aCazZfnbqDp4/fwyJWEi4i1jDzVMQ6oo5dq+NK5Pkcx/2wveswlL7Y+544NtHwTAEZJR8nY+Z3Ai3zVlDAkRaeyzy+kvObN1l/FD3DoBlFGLGmAXAdGSU7sAf+8rVu8b9yI5klgUeyxr2tWuOtXgLBZVuvO23eDlKcEeuKCGikzduB7cJebKOLMKjDu/UOGvZGrq8OX03Xj9Cll8X0RxdxfP5KNtwQcc4HymxaXSexr4vW9/FY515W+FxfOT+iVbyDsqX1/WTCBHh7SNQ1cOl6K8QvrjI7qE3vpfA13fq4t3e/Ch/78L0yi47yJI6ypLN0tXfvDO5uR+dDH6gHZY2fiovjob8jeyYC0fdcT+weaK7ZT/Jo7pb2pyVsRVd6Q0IGADz7d1DpvodxjAM3rNxdwX0RBVvFhvmsrJrNk2umkxUsvHExNTRHJRtfmMqTa9aQFbgRLJ7vYvaTa1iTFVh+SwXTY5YAlWzcEVzWWvfKDTckYMWlc+NvGMXP93uYHlEh213m5oZFJHYAIPQgsca6OXhKWb54OaWBAj06/4PzBysPN+AmOmgUPp8ibnBrHg0v26eirmWs3L2INWvuCxyXlcwvcweOlXW+vlA6M+Khsv3jmLis/dgx9UnWPBp4ZN8wn8UbcgPXYQUbFm9k1KI1PDoO6+/5i9mQu4b7soDKjdayawKhhNL4tpo1/VGeJLpboweo3PgCUyPLjsXzcc0OrL9iA/NXBnsphQMLa8aF92N5acSNt2wjx4PTKzYwf+XPKR3/KNPH3ceaRfTyKwABueOZumMLFVYJDFjXEFPvYfSOQGUyazxTXRvZEVG+VOy2XtmK9zqq3LgjdFw9pctZvHIDN6y5j3HTH2VNbuTrEIEyftQi1jw6jlgthomp8/Mh8hgAfOH66NdAwq9rPRouv6J6GJSx8fgi1qwJBhV2WEHzRWuwiojlLF45nzJ3YB5PKcsXv0DpzEeZntX6uAa3Fzgns6Dj+2EH1+G4OK6FhPEd/DUfxzGkGMB6+K//PXXPWA/W1qsDXyS9aJP1QD2jCH/oof5bZJQsImPmpvBDvjMLc+tU6vYGlv3ARtK2zKYxMNnuhJYVU2nEemhPe/gZeOZhWgIP/7bjK6nbvCm07kH3wvnNm6yH/4y9NK4IBAxmbiTzA5GBC7CPdobWTev1BQIXoYQklHHc4IYXwpGzKK2vk47v41bLd9XsJ1kT8YC/vPRJHn30SYjqaRdH2RJ1P7HO63D9wsP+HZW473k08ctsCNxzqpj95JqIB/OV7ddx27tfxbpXdlq36qAsiSdd7aUli0DP1nA5GbXtPlIP8uzfAbO/GN/9c9x9Vh0wuGzgPnHP9Cygo2kiYTbTNEmsfwfYsrES96QCTNOk4I5ZuMpeYHt1ePruMnDf7cZpmpimE/cXZuGC0DogcnoBk9yA+27cTmt6wSQ3VJ2kOmL+2Ms6KZziipr38v8DaP1bNdt/vpFK9yQKItJN62UKJjFqx75w2g/spsw9iYLQ7L2Xz+1vv5rtL5ThfmR2aN9Mp5svzIKNWw5Y+Tf7GZ75ejCPrP10h/bfyu+y3QdC69u3I3g+HWDLRpj1hchlZ/OIu4wXtlf36vEwTRMzKg9jHytwMeuOgsBxKWSKC1yz7ggcK+t8rTxeHddxTJx8t65515RCK18ObGEjs/iC2xmap2D2I7gD5UD19hcoc83ijoLg8gXMfuYZZheEj9GUQmfE+tteQ1HXC5HTW81LjLIDN3cH01YwCTdVnAymy/1IKB3BsomNWzgQXHdkugsm4aaS49Xtp7M38gfTSeGUKnYfCP5ezb4dWMc0dNwC51qofDnA7rLWxz3yX6syp9VxdRZOwRU4jm2OxYEtbKx088jsgqjjGn1fuNz/YufVgQ0rKXNNodAZ7/lgzRt7vYF7YcQ17HR/gVmucHkFhO6VoeUjzjHruLYuM4LnnBP315/hmdnh5a3547sfdnQddr7vPXi+9gDfhTqMgQVYPQKmRr0O0HLoIO1v6TvUr2jVwl+znYa9kctmYRRFbOsf4WBA49/2YqYV4CiClHtvxt64l6ZQi/93qP9HJcboe0gDGtdOpS6yt8CWffhaJ6dmX/j5fuZ12KnEG1zf3odpOl4X1/GIdDmuG9M0cY4K3rtaz0er66ST+3igvAiV0YHz/OvBv62dirtsib6ftKpfVO9jR6WbSQVdPQ49fA3EVWZbx+mZZ74eKndD9eOY9z+6cL/qvG4FHdSt40lXu2mx6jrhelBwfbMpSNh6UCUbF89n/vzwv8UbKyPOf7NVvSSc123WV72dn2+EWd+O2Md4pulfv/4Xj8TrAVCxhzLXLL4dDINljWeK6zl2BluaPKeowsWUyGBWVm6nb7S7RvXh6FfZKh5u3WLvmsW3Z3cWKxzHpFG/Db0GULGnDPek2cCeS5TQnuChqhLKVj3cdpAUd6s5S3/Afz5X2WbyuEluWLWHitnjGOfZz85KN3ePI3DuVFL2nw/zXKtVu2b17F5cTqNyY53b8R/Hy6uS52Ie/2/z9UCE2nOqCirL+M+H28zFLMBTVQmj7u69FhfXqJjb9lgHvO212rsHvFuyxk+h6pVAl1LPfnYyhS9kwf5W87ieq7JeQ/Kcoso1hTsuQaZ4TlWBa0r0MY+jzL/kKp+LcY66eeQZq/W+4mLPh1j3OrLI7fKOjyJmERGhYuPDrAql08WUeJLXwXXYH66F6O72wQfn79By/GbSPrCDzA/QjQEE6zDPRPy59wT+GUUYOWAfmAn1J6IH5ztTg4kzag2tBzNsEwQIzjckCxoPRk1vqfWQltOF5CaiTu7jMcuLdlfV9bJl3CQ3/PYUHsaR5ami0j0pIXoPxlNmh3hK+cF/PhcegPhiL8ueqlt1K11WXWfU3X2pHuRi1re/Ht0DoWIjD6/6LaV3fL0LPRMq2Pifz8Gsb8dYpqNpIuCIN1JweXgo/W0ZVNK2YlX5ChXuWRSYkVGw6Fmif2s1vU1UJDpS0t6yZmSU82J3rxtME3A/wupZBTEnRqfJSndkmgsmjWLVKxW4Z8GeMjeTZpmYB9tb/vKKlYdB7kdWE3uXTTylT7FkUyXg5pHVX6OAgzy3YBWhfCuYhJtV7KmYhfPkTirdd0f0lHBR/MTXYhaIvXstmBER38ifI85PWp+rbZdp/d+OjmPviD7+B59bwKqycGuNlTbAVcwTX4vVFd4kfPrG2IcY13P713D0sY5eptWcscqOWNM7uFY9caWj98qaMBPTWcjkqrVsr/4a4/fvhMnzrJYbCJelzkImu54LXWdR87S76naOW7vlsAkdlMEdlSGXXHvnaGQ6u30+tHdvithGPPeriAmhsiJiGev6C+zL6ulkeUp5asmuuO6H4aS0W4jHed/qPqPzWeJiH5iJecEqWUIP/o2B7vZFzzBoRng/WjbfEdUFP7Pk4zHGAeh54Qf/SlpW3EFj8KsCl1hP3ivaK1/BChq5RjqJur/Fuv47uY9br3y1V45Gn/8d1e9i33Ox6heVv2VftZvhe8pwT5rVy3UHiLvM9pTy1JJNVGLVDb5WECgDoPPjHrkts1Vedlq38kQtG0hSeP1dSFfH987YRyfx6kExyvWCj1LsWsLOfdW4Iw5i+/dID6VPraLM/QirI+pPlo6miVhsvZ2AKJ797Kp0UfzEalavjvj3RDEuythzEMgazigqeTdyMBvPyehBTiSsYBLusj0cPLjH6v7f2+nplJORLqg66Wlnuof9uypxP7Ka1atntbM/gW56e0qteScF5op17vRbnR3HxFAw6wmKXWWseqqUYEqzho+CyndpL5uc1o6RaHuWqOnqnizGT4Zd+w+yfxdMHh+rCSGL8ZNdgeusvXl6ICWxzoc+UOZf9PkQs7zycLLHdvwge8oC99uYwbaOdbR/feta+BY2J/hrNwX+fx3era2628eyZTZ1K6bSeLwOI+dmUuLaViZGZAt80QhsgV4Bvgt1kDEiej05zkCQoxhHTia+f0ylbsXsuF7jb6n1QJozNKAgBHoFJKSD7CmDUcPjSF8n9/HO7h+dzttp2VLAJHclu/aXWo0qCVOp6rzM9uzfRaX7EVavjv1A3P1NX1zd6uLS1VFdp2/UgyLFdQ0AntK1bKp080iMA9bRNJGghAoAePbvotI1mTblVtZ07nZD2Z6DQAEfLXZR9tvgA4OH0rWb2v+WetIrYJK7jFWrysIPwgkti+l3u6nctJbSUJntofSpBTwV/iGiQA9EOlutpWCSG8o2sanSxchQD8rAubPquVArMhzkuQULeO4g/Ux8x7H3ZTF9XjGuyk0sCWZCwUetoEBkphx8jgULrHzLmn437spN/DE0ueP9sip5u9gfmOwp/W2Mb/D2wJ4E0rU2Ih2e0qdYEBHc6Euyxk+GTavYRIwyOWIeV9mmDue5aG3Oh0CZ7747obs2Xvz50La8Clbs7u6xHY+stB/kuSXx30s7ug77zrVQTPrDH8de8/uI9/gjH9KtQf/CPQ2+RUbJDjJmhpd35GRintnecbAggn3sM4GH/GLSpxZhBMYMaNm8HV9aEQPuLQ5v6wMuzOMvhB74bUOC0wLp7mhDW17A2+jCEVxf0TMMiHh1IHGEWyvje17p5D4eKC9+G3HuHXxuAQti3eS7WbYUTHJTuWlTwjWqxFNmRwbmPKVPRbz6czF6oG7V7XQF6zp/DG/bU8pTC56i1NNX6kHAwT+yqTIcUHKOdEHZntA+HfxjRNl88DmWbILiJ2I0gnU0TSRCAr0CcJBXNlXiKp4bsxvp2KJp8MPfUnp7CW53CQurvsKSBVaXu2nFxbgqd4UHOoGoLpJtui3G6lrZ3rKhyb30CkBE2jqaKzLdrdM8tmgalEHR2MB+RXUr7w0mJpVsWrKA6E6TLoqXluAeW8zS4hUsjZjuKl5KiduJaYJ7bjG7li4hkP1MW7iU4t8tZdPuCorHBoq8sUVMo4zXXZMDgwdZPzsD586qBeG7y7SFP2LW2Pa7j10e7XT3jTw/ifj/Zuxlos6XDo9j75zNra8vAJxuShZW8ZUfruKpkUspcWfhLllI1VdWEc6maSz80SzGmiYmYyleWsyKpQtYEJq8kB+5nYR7GkZsY2wxC6d9hR8GjoOreCHFrh9SFbxeIsoHZ+FkXJtWsaDM2l5kN8jgeq3/tOpSbZqYZjBd4XMTVzFLS6yBj8JJi7Us1jlb+UOWLNhlXQeX/eG2VXqchUx2AZMDgzOGT8bw8WgzT3urjj5ubcvk8Hxtyygn7pKlsGIpC4IZPm0hPyoe23tdG+MqQ7t6PrRdr9NdwlJWsDS84yz8UXHgOojjftWm62xkmTGW4oXT+MqqBaHP4xYvXci0pT9k1/5q3O7O1t/BdWg6O9z3XnsFwGl12Y9khkbdB2vgvevIDL7jTx3erb/HN+Pj2McWw97W07HGAYi7+38d3jNO0kp2kAbWawahMQS+Q/0KyChZRGbJolDagq8WNOy4mUEzwtN8/1iJd+wiHFd+C4g1DkHwE4fBZSrxHq/D0cUxAHr0FQCAsshy3eIqXsqP3FmhbUWeZ5HpCP7V8X3cGbh/tD73xmKaUDjZxaZVCyibtpAfzSrouGxpXS4FBeoXFPViGQR0tcx2uudSvGtpqO7MtIUsLf4dSzftpqJ4bGi0idjHPXpbre+VBR3mScdlSVYX0hX73hmo64Qy0dq222liOhOxHtR+/XdsqOy3jknweE5buJBpZb8D06Rit/Vbm3VMW8hC2p/2I/UIkAjG2bNnEyUCICIifYqHshXrYG5vBCwkeQgr9wAAIABJREFU2dl//rHeTkK/5/viH3o7CQnoIJsW7qXoh8VqZRWRhPPkk092Ok8C9QAQEZE+xVPOLibzeWerFjIR6RdUR4zh4B5ev6mIe3utF6WIyMVJqDEARESkbzi46REe+fYuJn9+Wu99klFE5LLx8PrTj/DIalhQrLZ/Eem7DI/HowCmiIiI9Ckpay/9Z/CSXcu83/d2EkREpAu++93vdjqPegCIiIiIiIiIJAGNASAiIiIibaiOKCLS/ygAICIiIiJtqI4oItL/KAAgIiIiIm2ojigi0v9oDAARERERERGRJKAeACIiIiLShuqIIiL9jwIAIiIiItKG6ogiIv2PXgEQERERERERSQLqASAiIiIibaiOKCLS/xjn/utmle4iIiLSt/iaezsF/Z89tbdTICIiXbD0+A2dzuPAMC5DUkRERESkT1EdUUSk33HgbertNIiIiIhIolEdUUSk39EggCIiIiIiIiJJQAEAERERERERkSSgAICIiIiIiIhIElAAQERERERERCQJKAAgIiIiIiIikgQUABARERERERFJAgoAiIiIiIiIiCQBBQBEREREREREkoACACIiIiIiIiJJQAEAERERERERkSSgAICIiIiIiIhIElAAQERERERERCQJKAAgIiIiIiIikgQUABARERERERFJAgoAiIiIiIiIiCQBBQBEREREREREkoACACIiIiIiIiJJQAEAERERERERkSTgMM3eToKIiIiIiIiIXGoOPf+LiIiIiIiI9H8OU10ARERERERERPo99QAQERERERERSQIaA0BEREREREQkCagHgIiIiIiIiEgS0BgAIiIiIiIiIklAPQBEREREREREkoDGABARERERERFJAgoAiIiIiIiIiCQBjQEgIiIiIiIikgQ0BoCIiIiIiIhIEnD4FQEQERERERER6fccfr0CICIiIiIiItLvaRBAERERERERkSSgMQBEREREREREkoDDr0EARERERERERPo9DQIoIiIiIiIikgT0CoCIiIiIiIhIEtBXAERERERERESSgMMxeFhvp0FERERERERELsb5zmcxTFNdAERERERERET6spKSkk7nsV2GdIiIiIiIiIhIL1MAQERERERERCQJKAAgIiIiIiIikgQUABARERERERFJAgoAiIiIiIiIiCQBBQBEREREREREkoACACIiIiIiIiJJQAEAERERERERkSSgAICIiIiIiIhIElAAQERERERERCQJKAAgIiIiIiIikgQUABARERERERFJAgoAiIiIiIiIiCQBBQBEREREREREkoDjUqy0traWc+fO4fV6L8XqRURERERERPoch8PB4MGDGTJkSO9sv6dXWFtby/nz58nMzMThuCTxBREREREREZE+x+v1cv78eYBeCQL0+BP6uXPnGDJkiB7+RURERERERCKkpqZis9mora3tHwEAr9eL3W7HNM2eXrWIiIiIiIhIn2a323vtdXkNAigiIiIiIiKSBBQAEBEREREREUkCl+RFfXX/FxEREREREUks6gEgIiIiIiIikgTUA0BEREREREQkCagHgIiIiIiIiEgSUABAREREREREJAnoFQARERERERGRJKAeACIiIiIiIiJJICF7ABx87iv88PUYExyZjCyYzEc/81Em5WZc1Dba56FsxVI2UczSEjdZFz1fbwukc+RCfjSroLcTIyIiIiIiIr3kkgQAekY6rslFjIxIYcOpcsoPvsq67+zi7//2DeZdP7j3kiciIiIiIiLShyRwACCXyR+bhbt103r9fp77zo95fe3/UPCtkrbTRURERERERKSNhHwFwAz8r2matFlVeiHF/3YLe5/exu+2HmHaZ1yBCfVU7foNv/nD21TWNOAFHJkjuf5j93OvexShFwbqqyjb/Cx/+Pu71HljzRPcZgv1Fa+wadMfKD/txZE+jOs/MTfmfJ59v2LtL17naAOkD7ueT8y9F/eo6FcU6qt28Zvf/I69h+rw4iBzbBGf/PSnmRw1Xzz74KFsxRNsHvV5vuL4Az/edhoyb2Tu4w9wfQac2/9r1j37OofqvDiGFXH///lEIJ2mBmcUERERERFJYgncA6ADLje3O7fx4qFKPLjIAk798WmWv1jDyBs/zf1FTtLr3uX1P/+BvZufpiF9Kf9n0mDAQ9mPl7O5Ziy3fPrzFDqhZu+r/Gbzcqq8j/OtW3PD23j3dzz941yKPn0/X3Z6KX9xE9s2Pw2D/y9zr0+Jmu/HPxtM4Sfv58uZDex99TdsXn6Qd7+ylOICa776g5v47o9ep2HkjXz680U4vYfY9oc/8+zyciq/8jjFBdajfXz7ELDrWX6cO5niL3+Mlpp0XBlwbs+PWfqLchh5C/ffXwiHtvHij9aReelzRERERERERBJc3wwAkIkzFyg/RQ2QRSV/f72OzGn/h68WF2A9do9nfFEu6/7jZ+w9dAomDQZPObuOwo1fXshnxgdWNb6Q9IZvsfnvB/HcmhsezM/r5GOP/wcfDcQExhekU/cfP2Pv3w8y9/rx4aR4nXzs8W+F55tUQO53vsuLv9vF7SVusqjkDz97nbq8T7Ok5NbA+sczfnIRv/vOcl7d9Ca3futWcuPdh9B2C7n/K8VMCnUgqOTXm8sh714eDw5KOH48E8b+kif++2hPHnwRERERERHpgxLzFQAz/H9iryqdzKEQek2APG5f8n1uDy4TnM1xJWNHwt76eppNk5TMTJwO2PvicxRmfowJowaTQjpFX1pBUWjZwNIjpzFxWMT2g+s6VUO1aZIVnG/s7dwYOR/DmDhtJC8+v4vy2mlMq9nDmw0w8fabcEamjZHccvtYXt3wZ/5+8hZuz41zH4JT8grJS4/Y7qmDvN0AE26/MWo76YW3c7vzTV409QqAiIiIiIhIMuujPQDOcfrdWL+3UO85xbunT3P6YDl/f/ttDp0GqOMckJVyPZ+4fwJHn32DX/zgDXCk43RN4Pbbb2diYS5Rb+07UmJtoK1hTlp/iyBrZB7wFqdqgJYWGnAyKrft+gY7hwGH8JwDQm8fdLIP7aXjnIcanExrs51MnMPi2xURERERERHpv/poAKCGU6eBvFE4A7949v6M1c++TY01ch7OwbnkTbyRCW9t462IJbOKvsSSonNUlb/Nm39+nb2H3mTzf7/Jb/Lu5Ztfndb+A3aXpTM4HWiJf4l496FrUnCkd3thERERERER6ScS8hWA0Hpo5xWAyr282QDDivKt7u7n3mTDL96mYeIc/vO+IpyhRvBTvPrWNt7CjO5WTyYjr72JT117E5+ihVPbVrPs+RfZduQmPuUKf4Ugepm2v5sANeeoN00in7Fr3j0KDGNopolZn0I6NVSdasYcFt06f67mNDCSXKeJWRv/PsRMX6YTZ8zteDh1FLi25/JFRERERERE+h5bbyegyxrK2fzzbTQ4ruXOiYF+86crOQRMuDHywRl4903erAn/2VL+PN9+bDHPV0auMIXBma078XfBP7dFbYOGQ7z66rswtoix6YBrIjemw1uvvkFN1ILvsu3VQ5B5LWOd8e9Du3ILmZjZdjsNh7axLZ7lRUREREREpF9L4FcATvPmy5t5NyKFDaff5u1DdXjJ5KYFn6co+Nw+bCzXOt7gzZ//gPR77+LazAZq3trGS3vfpSVi+ZSxE7jWsY1tq3/AuTtv4caRmdS9+wbbXn4bR97nuMXVjWRm1vDq937Au5/6CBNT3mXby9v4Z0Men7vvxsDYAC7u/OJN7F39PN/7wbt86iMTrc8AvryNf9ZkctOC2xnZhX1o30hu//xNvBmxnfS6N3jpxbep68ZuiYiIiIiISP+SkK8AWEs3cPTNN4j8gJ0jbSh5Ez/OR+66nUJnxHYyJzJnUT3/u/4lXt/wE7Y50hiadyOf/dpDON/4NqveOERV800MTcnnc489zND1z7P95Q28FXjXPv+mB3nsU4UMDXwFINjF3ox6BaD174G/J8xmUf5f+Mn/buDNRkjLm8i/PngfRUPDry+k5X+Ox76Wx/PPv8Tz69/Ei4PM/Jv41wfvpCg3zdqPuPehvfQFt3Ml/7ve2g5pw5hwz78y8S//jz+hrwCIiIiIiIgkM8Ps4afCI0eOMHjwRXSpFxEREREREenHzp07x5gxY3p0nSUlJZ3O0/fGABARERERERGRLlMAQERERERERCQJKAAgIiIiIiIikgQSchBAEREREREREelZ6gEgIiIiIiIikgQUABARERERERFJAgoAiIiIiIiIiCQBBQBEREREREREkoACACIiIiIiIiJJQAEAERERERERkSSgAICIiIiIiIhIElAAQERERERERCQJOHp6hWlpadTV1fX0akVERERERET6hbS0tF7Zbo8HABobGxkxfHhPr1ZERERERESkXzhx8mSvbFevAIiIiIiIiIgkAQUARERERERERJKAAgAiIiIiIiIiSUABABEREREREZEkoACAiIiIiIiISBJQAEBEREREREQkCSgAICIiIiIiIpIEFAAQERERERERSQIKAIiIiIiIiIgkAQUARERERERERJKAAgAiIiIiIiIiSUABABEREREREZEkoACAiIiIiIiISBJQAEBEREREREQkCSgAICIiIiIiIpIEFAAQERERERERSQKO3k5AzznALx96mu2RP425j+994xayu7CW6m3f55sbjjDmvu/y2C2dLRnc5s2U/OR+rul85Sx7fANHupGuy6eL+yQiIiIiIiJ9Qv8IABx4lgef3t729yMb+OZDVV16kM2+5Rv89JYeTZ2IiIiIiIhIr+sHAYBqtj0fePi/+av89P5rwr9//3GePbKdFc/eEPg9Rut2IHgQbPGP1QMg+JtlDPd/9xvE7BwQbOHvaJ5Ote3JcPNXf8IDgd068OxDrNge+Vtg/mCvgoheBveP3sCzgRW17tEQ1z6F9odWx1ZERERERET6mr4/BkD1Pt44gtXdP+oBNZtbvvFVbgbYvpsD3V191IMywBGeffz7bKtuPecBfhl4WL75q919+K9m2/dbvcYAbH/62a6n/0j44d/682ehNMe3T9tZEXz4txLBL7t7EEVERERERKTXJVwPgJY1t3Vp/pSPfNF6SB09PMY79dfw4Zth+/bjnKyGa7r8UH6AlzccIbKFPPjw/Ma+am4JvSpwnN98fztWHOK7odb6rsvmlm/8hPAbCMFeDN1JfzDNwXUc4bgHyI53n8K9DILTjwcS0dU8EhERkcSSMv+13k6CiIj0goQLACSU6pMcBxgzlesCD9/RYwR4Av89wpFAU/no4T0ztF+wq3+3hdKczXVTxxBKYNz7dDMfDgQysoePBiJ7DIiIiIiIiEhfk7ABgLgj09XbGAMcOX6Saq4hO9Bq/sbU7/LYdfv4TScP0dUnj190WgEYM4YxR46w/flt3NntEf6DrfVjuP+7P+Gn9wf/7miRwAP9ZaRWAxERkb5JvfhERJJb3x8DIPs6bhqDNeL/sweAbG750n2w4XEeDL3DPprohnmrSz1Us29HB0/X2cMZjbXul4Pvvx94lgcfeogHn418If5mSr7xDT59c6t5uyo0nkGwdd7D8XaSd9zaAar37eha23zc+yQiIiIiIiL9ScL2AIhfNrd86maefXo7bH+aB2O0+I+5b2bgM4BZjB4DHDnCs48/xLOdrvsa7rxvDNs3HGH70w9FDM43hvtnWl8ViJp75n2M2b6h814ARzbwzYc2tE4k3/tSB9MDskaNAY5wZMPjPBh7lh7dJxEREREREekf+n4PAIBr7uenPwmM+N8hq3fAmNDfN1Py1Y6Xyr7lG3zvvjFRv7U7yn/2LfzbfWO63wsguHx4Q/z0qzcD1gB91ixf4v6oWeLZ79ab6cI+iYiIiIiISL9gmKZp9uQKjxw5wojhw7u9fPDdtJ57z/wAv3zoaQiMaC8iIiKSrHq+niUiIt1x4uRJxowZ0/mMXVBSUtLpPP3gFYDOXMMDP/lJbydCREREREREpFclQQCgY6ZpUl9fT319PX7TZMCAVGw2e28nKya/309TUxOGYTAwI4OMjAwMw+jtZPUo5UdiUX4kFuVHYlF+JBblh4iISOeSOgBgmia1585hmn6G5ebgcKRgvRFh0rMvRlw8q15gYBjg9Xo5e/Z93q+tZcjgwdhs/WMoB+VHYlF+JBblR2JRfiQW5YeIiEh8kjoA0NDQgGn6yMnJwTRNvF4vPTwkQo8zDAObzUZ2dhbV1R4aGhoYOHBgbyerRyg/EovyI7EoPxKL8iOxKD9ERETik9QBgAsXLpAzLBvTNPH5/Pj9iV1ZsJiYplVpuOKKIVSf8fSbCoPyI7EoPxKL8iOxKD8Si/JDREQkPkkdAPD5/aSkpNDS4sXn8yd8a0GQaVrvCTocDvx9JM3xUH4kFuVHYlF+JBblR2JRfoiIiMQnqV82s9vt+P1WRaGvVBaAUHpN08RuT8wBjrpD+ZFYlB+JRfmRWJQfiUX5ISIiEp+k7gEQHHG3r1UYgD6X3ngoPxKL8iOxKD8Si/IjsSg/RERE4pPUPQBEREREREREkkVS9wCA6O53F8vn83LhXC1nTlRx8G+7eeuNrZx+712avT4cqWmMyBvLDdM/woenz2CI09kj6e5vejI/Lqe+mOZ4XIr8CHbTjWQYRuhfT1B+dE7l1cVTeZVYVF6JiIh0LukDABD8TnD3br6maeJraeZE5UH+WvYn9v/tLU6fqaap/jz4/dhsBg4bmC0NHC3/K5UH9vGPvX/hY8X3c3XBtTgc3cuC4PeN+5+u50dTUxPNzc2kpaWRkpLSZrrf76ehoQHgko2wrPzoZC2mCaYPms7gqHmNFM8fcVz4O4avCd/AcbRccQst2R/Dn+ECW+pFV6yVH+0srfKqh6m8Siwqr0RERDqjAAAQrCt0p9Lg9/l4Z99bbNnwU469c5jaBi9e02BgWiotmDQ3+nDYDew2sNtsmPj4246tnD59ijkP/zvjxn+gy9vsqVaHRNVZfpimSVNTEy0tLZimyVtvvcX+/fuZNm0aLperzfwNDQ1s2bKFlJQUPv7xj4d+NwyD1NRUUlMvrgKX7PkR30q82M7tI7Xqp6Se+T2G91xokqPhPRw1O3B4ttI0+sv4sm7BtKd3e1PKj/apvOp5Kq8Si8orERGRjiV9AMA0L67b4PvVp/jTr/8flYcqaPLZaPIZpDjsGEB6ago+n0GD14fP58cwTFLs4LAZHCn/O5vX/oz5//EthmZldSPdJhfZyJGQOssPv9/P6eoqDh7byZmaKrxeL9Xv+Thb4+Mvf/895cfbDmvhbTE5ccqLYcAfSn8c+j0lJZVhWVeRP/rD5DivvKgRmJM1P+JbiR+jvpKUY+tIOfkS+C5gthl+pAVH9U7wQaNjKL4rJoGh/GhN5VViUXmVWFReiYiIdC7pAwBhXb/7mn4/+/5Sxv6/7sWwp3Ch2aTZBwPT7dgddky/yYBUO4YBzYaNFp+PZq+JaTdJG5DC3958g62v/IFPfm5WF7vWWmnt3xWG2DtX7TnJrn3/y/6qX9PQUg02E7t/BLYhORxrOIbZ8n6MVTmwZ4wFTPadPhD62TBsDKzO5WzdZ5j8gXvJGpqLzdadcTGTNz/i4r1AyslXSDn5J2hqxKS9irKJzfM3HJl/xDewAFKHdnODyo+YS6i8uoRUXiUWlVciIiLtSfIAgBn6F2w56Irmpkb+trOUhhY/Pq+f881+Uu02BqWnMDYvm/2HTuH3+62ZDUhNsYNp4vcDhkmqw8YfX/odt9w+E2d2dhe2bES8M9ifag0d50dzczMHjrzBUc/LGCkehg624UgBg9PA6cBcsSprJnAw5nTTPI2n6c+cOD2RKwZnd7M7ZnLmR7yMljrsp16H854OKtMBLU3Yqt/CGFmDP+WKbm1P+RGbyquepvIqsai8EhERiUeSBwAgOGCQafq7HIE/934Np997lyYfNHj92AyTQQPsjM3L4Y5pBWSkpVK2+zCYYABer4nP9OPzmRiGic+0c+zoUaqOVXaxW62Jtcb+WFloPz9qamo437iftAEnyBnmYOAgG45Ug4t5hdI0wfSepPac1T23e91qkzM/4mXzNmDUHsVsia+10qh9F1rOX8Q7vMqPWFReXQoqrxKLyisREZHOKABwES6cq6WluQkMO+kpBiNzh3LDh8YyqTCXXGcGd912HaNGXMHefVVUnXyfhoYWmr3QhA+vD7w+PzZsHK6o4AMfKupSa04ydhesr69nYEYDo9IMnFkO0tJtGDar6tRdJmD6fVyoarqoQaOSMT/iZZpgNoPZEt/DitligP/itynRVF5dXiqv+iaVVyIi0t8lfQDA6irYvUF40gYOwm9PxWGDq/NdfOpzdzNuVCZmXRV+byPpjgHcMqWQKZPGccZTx4lT73Pac47qmvPUnm/g+KlzlB+pjvmd4c7T3T8HDeooP0zTZFB6OkPSs7jC6cDR9gta3WKQQtXJlIsaOCoZ8yPuddgGYA4YDe+fiG/+lCsx7ekX+YCj/GhN5VXPU3mVWFReiYiIdC7pAwAQvvl29QY+aMhQBgzMJGVALR/9xCe58eaP0FR9mIZGDzbDBoadZhPsqQajRg0i76oR4PfR0lgPvib2v3OaR//rFVxX54fSEZ9gG1L/rDF0lB9XZj3ImDHLemAjfmipx2yoxXe+muZzu7Adfx3/oGyMwSMxUwdh2Bxgi6cVKHnzI67lHQPxZt+IceoANF/oeGbDhu+K6/GnDL2ICrXyIxaVV5eGyqvEovJKRESkY0kfAIi8Z3f1Bp46II1xEyYxNHMAk268AcM+AOxp2FIHYdocYNhCr/e1mCYtXh9+n4mv2STFMPH5/YwcPZrRY8Z0o/LQPysLHeVHsMXL7/fT0NBAbW0tDoeDIUOGcO7cOVpaWjAMg6ysLGpqavD7/WRmZjJw4ECqq6vxer0MHz4cs+k8zcf/gq1qF4a3EdtAJ+NyB2OYHnwnD+E95MGXOhhzeBFmzrUwYLCVlx2nvOcPRgK4mOsjyO8YSMvVd2HUHMde+SfwNcee0bDjzxlPS95M/AOGXFSLmvKjLZVXPU/lVWJReSUiItK5pA8AgB/T9HerWyvADdNv5W/eWhyGD8NmwzZgEPa0Ifib7VEVahMTfD7wNuFvaQK/n5o6L5+e/QBXDHV2s0ttf6w0tJ8fkRXq9957j507dzJ48GAmT57MW2+9hcfjISUlhY9+9KO8/vrr1NfXU1RUxDXXXMObb77J2bNnmf3pj9Oy/3ecK/8TWXnXYXMWYBgGxoBBGPYB2IeMItXvxet5h+b9m2kZNBJz3L+AcyzY2r9ckjE/4mUC5sCRGIXF0NyM7d090Hw+orZuQMoA/M4CvIWfw+u8Fr8ZXLJ7lB+xqbzqaSqvEovKKxERkc4oAMDFDcAzynU1TZOmU33mDJlZI7APGIQ9Y0h4htDgviam3Wvd5G12vKaDjOHXMtE9o1ufcjIvssKRyDrKj2BFyeVy4XK5Qr/ffvvtUfN98pOfjFpm5syZ0FyH72/rsZ38B9lXXw+mH8PfAoYNv+cdjPShmDYHhmFgSx1E6qjroXIXLbt/hvmhz8OwwnYr1cmaH3Gvw7DTMmwC5g1fxjHoJWxVezHOnwa/DzNjKOawQrzXfAzviA/hd6T3UJqVH62pvOp5Kq8Si8orERGRjikAENDdCLzDkYKr8Hr850/jbTgPKWnY051ggultBsMI3N1N/L5maG7EMGyYGblcXXQ9aRkZ3Yz89+/KQqz8CLam+Xw+Lly4QHV1NampqTidTjweDy0tLdjtdoYNG0Z1dTUtLS1kZmaSmppK7fs1OE/8nozK35PimoHZUofv7HGw2TFS0jH9Pmg6b1WuTRP/+1XYhlxJyvBr8R94De8/NmFOWQgDc9pL8aU/KL3ooluovI3Y3j+KcfYdzIE5+ApuB8MBGOBvwfA3YTv1dxxn38E3eBR+ZwH+QblxdGVuN8XdT2sfoPIqsai8Siwqr0RERNqX9AGA8IjB3a8wpAxIx+YYTlNLPam2FuxpmYCJv/lCuDnC9ONvtLolGimDwDmOQUNyL2IU555p6Ug0HeVHsELt9/upr6/n9OnTZGRkMHDgQM6ePUt9fT1paWlcccUV1NTU0NDQAEBGRgaN7+4m5eivcKRnQv1RjIwR2IeOxPA3QlMzYGC2nLc+52SYGKnp0HIBwz4AW2YutmOv4xv5YcyCf4k50FYy5kd8K/Bjf7+SlHdexVH1Jrbzp6yHzLQhmAMywbBhNJ+H+hqMxlqwOfCnXYF/6BhaxtxCy9UfxXSkdTPdXU9uolN5lVhUXiUWlVciIiKdUwAgorJwMS0GfnsqDT4fNq+X1LRU7GlXYLOlWq1o+PG3NGOaYDjSMQeOxD9wONbLtt2tUPvpj60GneWHaZr4GhsYcP4so4YMwt7chKO5kdzcXFpaWnA4HDgcDnJzc/F6vaSnp+Ow2xhi/pX0tCZsQ64GswnDX49ps2H6vOA3wDSsrPBbrZ9gYPqawHBgSxsE/maMipfwu26F1EEx0pWc+RHJZrO1mcd+6m0G/GMTNl8j5FyDb9QkjAvV2N7bi626AgMT07BhDhmNr+AOzAwnRmMttrOVDHj7OeyewzRefx/mwGGhdRqGgd/f8Ye3lR8dU3nVM1ReJRaVVyIiIp1L+gBAzzHw2dKoPV/NFYaNtMyh+G128DVjepsxTD82RwpN3kH4MkZg2NMIf/5H4mWaJn6fj6bjlbz/lzJSRrpIGZrF6do6GhoaSEtLIzU1ldOnT9PQ0EB2djaD7ecY0rAPR3oKZloqBjb8vlrAhoEDE5vVkhb4Z/qt5hjTBAw7YGLYHRin/4HhOYA5YlKvHoNE5DPqqPUeIcWWSbojGwMHBuAd4aI5Zz51LUepaTlIs7+WDPtYcqfOIqt0LY5Dr+K95l/wTL2XU017aPBVM8A2AmfKrQxyjMJmT8ewD8A06jHxUu9TLuC+AAAgAElEQVQ9hdfXwCD71djNgb29232YyqvLQeVVYlJ5JSIiyUwBAHqmRc1i0HjhHJXv7GVE4YcZemU+KQb4vY00vX+KmoN/o7nFR8agPGxwUX3+TDPY8tPfWg3az49Ql1rDwLTZ8TdcwNvYgM/np7m5mZaWFgB8Ph/Nzc14vV68Xi/25uOk2OqxO3zABfx+wxrIzHQAdgzThmlaDzd+DPD5MX0EGtZs4G3EAGy+ZvxnyvEPL2qb6iTMj0heGqk8//9xqmEHGfZcUmyDrZYv00ujz0Ojt5oW8wKm6cNmpDJ0wHYmzighp/BuTuYO4m81T3O2qQLTbMEwHKQYA0l3ZJPmyMbAaqlr9tfS4DvNlRm3ck3mXGxmRvupTvL8iI/Kq4un8iqxqLwSERHpTNIHAMzgiNcXUaE2Teu27TXBbjcw6o5T/soBMkYWMnREHs31dbx/bD8DWqoZOPIazrf4SXX4SLEZ2Gzdb1Xrj+8MdpQf/z979x4fVZnn+/6zqipXrmKCgFrpGLox3tqeFgRnuCT07O6exunuQeg5opHsufSG2Vv3IZ6zRY4CepDe+0WY7ZwZ2fb0PsGgnmmQ3T0jznTPtOE2Awhq0ypGbGJMEAgkhHtudVnnj7XqltQtN6qS+r5fr7yUqlXPetZ6qp71PL/nedbKy8vjypUreLs6IX8MWQu/R5bPixM/EyZMIDc3l6ysLBwOBxMmTKCnp4e8vDxyOjtwuPwYznFgdOOkBwdZmIYT03SAw4HfNMDnwIGBaYDfMO2RNSem9xoGXkyHgdFxNub3JNPKI5zTyMNpZNPpbaXT2xo3TZ/ZRVvXUd5t28DcW/47B794hE5fW9g+e+g2e+juuQA9v+3zeZcjDwc5CX+vmVweidJQfTU0VF+lF9VXIiIiiWV8ACA84j6QBrUJdPoNzvc4ON8DN3d5KJp2C/njO2k510TT6UZcOXlMnDiGmyZNpgcX/9ZyhbNeg1vHOXBPzOGGPBfOfjSsjYEvxR0BYpfHDTfcwNmzZ2m7co1JJaVMCXsc2Y29UikoKAj+f5bXicPhxTHxToybvo3/1N9jdLZi+rsB8JOFw755s990gNPAYWJNq/UbGL4rGA4/DpeBL0q+MrU8AgzDwGnkMDF7OpNz78Pjv0qnr5Uu3/m4Kfv83fT4L0c0pqMzyHXeSJ6rkCxjDBOybsNhZFnjZVHylOnlkejTqq+Gkuqr9KL6SkREJBEFAIKjBf5+N6i9QKvXSUOXk1NdLorHuyjwO3CZeRTcPI3xJfdzubsHHAb5eZPI6mnHde0cRTfewN8d6uCzptPMvHkcC6ZP5KvTxjEuJ7niCNzpeHROF4xdHg6Hg2nTpnH27NngaJnT2fcO1330wHiHC64cwyx6BL7yOMbVjzE6ToPPg4ET8/yvMTsvYDrtlrXdqDb9PjCvQjaYXgdm3oQoU30zszwCnIaPnJ4vuL0nh1LnAq45uzid28nHHW9zqacxZsp+0wTTwO+Pf95uyJlOad58pvnyyScHsxs8xim6nDdbI6G9c5zh5RGL6qvhoPoqvai+EhERSUQBACLvHJysbgw+7nHwhT+bi34HHZgUOw1ck27BvOTDl5VHl+sGOk//NQ5fEz1j55Mz7n7yJt1JftaNODnBb89d4vSFq3zUcpE/uKOQP7h9MjfmZyWRXwbUARgp4pXHuHHj8Pv9XLp0iWvXriW8uzLAVb9JgZmLy3Ma/2d/Q8vYpXS6inE5byPb5WGip55c85o13dbpwI+BicMasfF1grMbI8fA78rCN+nLMRrUmVkehmGQ7WtlbNNfknVhD4b3MvnZhUwo/B6eG/+Id85uipmu3+HHNMHniX/evnLDIkrPHyOrdRcOTxumayI9Ny7ELFpDB7E6OJlZHrGovho+qq/Si+orERGR+DI+ABBaM5j8Z7zAu14nn+IiN9tJh2lywWNyoPUajhvG87XCezA6urh6+i2mdf9Pcsdco6PzIJeufY32/G9hji/n3902iWuXCnn38zYa2i7z+vtdeHx+Ft89lQm58YtlNLcTEpWHw+Fg4sSJjBkzhq6uLnw+X8KGUxb5+C+7ofM8xpWPcLaf52LXl/CRz8Sca0zIOYnBFXA4MEwDw2lYN9fye/A7OiEXTJcDf44b38QZMfI8OiXz+8jytOE6XYfp67DuUN51nqyOnbjdv+Bfu/5rzM957dE6T5cvbh5uyf06ruYXwHsJPw7gMq7Of8Z1y3/CNMbHyPPolG711ffvmsINefGDAJlcHqqvri/VVyIiIollfAAAIm8clIzPDBe/drgoyMviYrfJWdOHL8vgks9g+6lrfHzOz/3mWW67UMvE8QaGzyQ36yxjjX/hatf7XLj6Fl/L+S5fmreQ1V3dfH7uIueuXOPnH3zB5LHZfGN6ATkuR5L5Hn2SKY+srCyyshKPPlom0uFYiPPacbId15ic1cI4Zyt+nGQZkI2BYTgAB9ajzkychg+/w4Mj28RwGpguB9emluHPGhfzxGdsefj8+K94gPDyuEaOYyLeOI1lj+EDk7jbAOQY4zEvd2BGpN8Dfj84Y6/1zdjy6GU466sJuS6+c/tk1Veqr9KG6isREZH4FADo52O1LhtO9vmduPKy6MLgpN/LFcNPlgOMHIMesrnY1oLn8lvclPUx/lv+L8zu0zjP7yDHPE12zjnG59Zx/uo7TBj7l5Tdfi+vXOnEd62H5raL/OzoF9w8Ppd7poy1Hv0Ug7UOcTS2GIbyMWeW7u5u2nu+gun9NpO69jB1zCXGuHqwxkYN68/0BU+nYS31xOEE02FgOky6xt9D5+QFmFYLrs8+Mrk8TJ8Ts3MMmN7Qa85cPL4uejpjT3n22lNq420D4PF24++egOHrCr1oZGH6HZiO6PnK5PIIN9z11c+PnuS2Sfmqr1RfpQnVVyIiIokkHrbJEMm03UzgBA4uZbvIczk54/PTYnq54vBzxWFy1ekny3uFSa3HcF/+R/J9XhyN/4Qj7x68t/0/eCdUQFcB2d0+Jo/pYUxeDn6XC3Jc1qOdPF7eO3GO3fXnuNoTf5RhtBvK0ZDf/vZT3vv1h4yd8cdcm/ZnfH65gC5fNlZjGrCfv2zYfxgmhsPEcFqNal/eNK5M/WN8OVOtWzZnoHjl4XHdiGfi7+LvyMHfkY2/I5eem7/HR1/8HE+XP/Zftx/Tb8bfpstP/dlf4ZnyB2Hp5+C5cQEex7iMXTebLvXVB41tqq9QfZVuVF+JiIjEluEzAEJ3CzZNM+ENmroMB58bBo4sJx7DpA0/VxxWs8xlmDj9Xiae+pyprfuYMv483hnPYnSfxnHsv+Oa+BX8U7+Fb+zXoeXHXPa7+ejaXbzZ2AImmH4Tw+/H4+mh/vRFWq9MYUxW9PiMw+EgNMVxNDUo+lceyWo5c4b333+fk198wbe/9U2yJj3E6cs7KRp3FqcR1nGxZtNaj2UCTCMLj2sqlyb9EV15d2AN0vTNUyaXh2EYdGXfiPOrP8SVeytcPk3PDW46p3+D9z58Ou56WV+WH9NPwjW1v25+i9tmPEU+Y8i6eApz4q34ZiyiyzEW0993RC2TyyNc93Wor7wen+or1VdpQvWViIhIMjI8ABCQ3PTNCz64YBjkGA66TJMLfj/XMHE4wGlC/vlzTPjsXb7i/Q35rvHQdBDj5tn4S/4DXHgfR+NPcebk0t2dTVP27/Payctc7uzB9Hrw93jwe72YPoMv2q5w4Wo3X5qUFz23QzjdND0N7fEZhoOOjmuc/uILdu7cydzfe4COrG8z1vE+Ex1fYHq78PkJPqLJ6QRH1gS68u7k6rh5dOXNACP2+t1MLg/TNOnxgW/CDHLm3cWFq59x/OQvqX//KS5cbYo7FOfNtRrr3u74HafTrR/zevd6St2L+Mrv/IAJeW66uz34fNEb4plcHuEu+VVfXR+qr9KL6isREZF4FAAgdM1PdBH2+k16vH66fT56DIOrPpNO08QBuLq6GPfpx0xvOUTx5PO4vrQEspz4P9+HIysX86a78Be4MU/9nNPdU9jHrRw+fRmzoxPflWuY3d3gMzH8Bk4TjDiNGGtW5+htMCRbHsmaOHEiHo+Hnp4ePF4P773/G7761XvIyZlOQXYLDs8lur0GPT4HPT3d+LqukZdbTO4NX8eRNTYyU1GoPMDr9eLwQOPpf+NI/St0dl9MmG7gcVpeT6KRUz8tbce5crWNvOxJ5N08Fa/XG3NrlYfF5/fTY6q+Gm6qr9KL6isREZH4Mj4AYJqhCHyiBtyNho8Z3h6OXnPQlu2iw+unx29aKzPbLzKp8UPu9Tdw49WzOD76FUz/Xcyihfi72zHbTuDoaedKVzYfdt7Nry77uHTxMr4rnZidXeA1cThcFIzJY95XJjN1fG6cUQwj7E7HQ31GUqs/5ZGsW269lRsLCvi8sZH8MWNobm5mwoQJ5OXfQaf/y1y8dJFLly5Zje7uHLq7shg/3keJeYEpU3NxOp0J8qzyADD9BrlZN+Ay8jD9iRvU1o2vos5SjsrlGEOOayKmP37jXuVhmYg57PXVpPxc1Veqr9KG6isREZHEMj4AEIi8J9N4yzXgaw4f4z2dvO9x0uExcfj9XDIM/D1eTJ+J15GD6TdwNL2P2XICY+pX8JfMhkl34v3sFzS2ZfOv3QWcuObB2+Eny28wMT+fiRNc3Dw+l5lFNzD7tgImjc2OnWMzkOehOQPpJfnySNbEiROZPXsOLWfOcPXqVTw9PZw/f57zbW38tr2dz5uauNDejsfjwe/3k52dxU2Tb2LMmDEUFBYm0aBWeQD4fD5umnQXU268g6tdrfj9sUe9+svpyGZawT3cOP4rMafSBqg8LDnXob762q0T+b3phaqvVF+lCdVXIiIiiSgAAPSn0TDWgLvwcYvpY64TPvebfOGDy7l5XJzyZf7+o5O0efP5vbGncHtbMBrfxTzzW8zCm7nsyOHXl+7iytjJzL61kHynkwnZTibnZTNtQg435mdx49hscrOc1v2dYk6pNUb5DYOGtlHtcDi4++578Hq87N5Tx9UrVyksLOTixYu8//57dHd34/P58fm8+P1+rl2zhngcTgdOpzNhPlQeFq/Xy5jsqdw3YzkdXRc41fprzLjnJLnz5TCc3Dr56/zOV5aRnz0Zjyd+Q13lETLc9dWkMdnkZau+AtVX6UP1lYiISDwKAAzgOc4OYJIBk5zgdkCPaeLNzuHa7N/hs4n5vPebX3PoVCNzJ51jwdiTTPacwTzbwGeuu7g0djrf/WoJN9xwA04HuAwDl8Mgy2mEnqNtJmiG2Hc6Hp2G/rnaADk5OXz9vvu45dZbOHeuleIvfYnLVy7T0tJCQ0MDPp8X0zQxDIPJk2/iq/feS8n0L+NwGAnzofII8Xi83DjuTv7drLUc/e3f8UXr+7icuYwfM5WxeZPJzR6Hafq5cOUkF6804/N5yckay/Rbypk49hYMw6Cz5zJXO85y+VoLXn83X5pyP/fctoT87Jvp6fEkzrHKI4Lqq+Gk+iq9qL4SERFJRAGAoIFdgLMMyDIMcMD4CeO4aebXuat0Bh8eq+cXh97lrbM38QdTz/OlMR3svVxM4W1f4ktTbrQf/SOxDX2DKCsri5tvvoVp027GMAwmTJzIQ0uWcu7cOc6fb8Xn8zN27FimTp3KuHHj7am0mfkc7b6SKw/TNPF6TPKctzLvnv8THN04HC6cRg49PV5M0zqjuXnZNJ89Ql7OBL479y/50pQH6O7qAawRsewcJ15/N36/B9OXi9djJnHzrUyi+iq9qL5KL6qvREREYsn4AED4TYOG4jnOhmEwftw4fnf2LO65s5T3fv0bfvmbY2R3mcz4cgl33v4VgEHtyzDCnxs8ugx1ecTej3XucnNzcbvduN3uqNskc45VHn35/X68XjAMJ9a56Yx4v6vLQ+G4r+Ht9nHT+Jlcungt4v3OTuwRZhemmXgULZzKI3mqrwZH9VV6UX0lIiKSWMYHACDUaBhq48aNY8G83+PrX/sqpmkyZsyYhDdoSsZof27wcJXHcFF5xPts7M91d3cP+LOJPqfy6D/VVwOj+iq9qL4SERGJL6MDANYaysBzeIevETd27NiIfQ6etf42uAZ3lLhe5TH0VB7pReUxGKqvkqPfR3pReYiIiCQnoxd2+nx+XC4HTqcDh2PkXHwNw8DhMHC5HMM67fR6U3mkF5VHelF5pBeVR3pReYiIiCQno2cAOB3WTZNycrLweKwb/vj9ftJ14MAwrEdEZWW5yMnJAgycztFThCqP9KLySC8qj/Si8kgvKg8REZHkZPTVZuzYsVy+fI3x4/MxTROXy4PX60vbqYOGYeB0OsjNzSY/P4crVzrJzclNdbaGjMojvag80ovKI72oPNKLykNERCQ5GR0AyM3Npbunh8uXOxk3Lpe8vJywBkO6NRqsNYIul3VTritXugAneXl5qc3WEFJ5pBeVR3pReaQXlUd6UXmIiIgkJ6MDAIZhMG7sWHp6erhw4Rp+vy/t1w76/X6cDid5efnk5eWNqudzqzzSi8ojvag80ovKI72oPERERJKT0QEAAKfTiror8p4eVB7pReWRXlQe6UXlkV5UHiIiIokp3CwiIiIiIiKSARQAEBEREREREckAoyAA0MKOpfnk5eeTt3QHLUOW7mE2DXma1yPt9PfOpnzy8peyI10PvmUHS/Pzydt0OMbbS8nLzyfG2+nt8CbrtxL1bxPvpOq7meCcj172+R6WYx94WY7o7/hwCf/tRJyYsDLM38Q7/UxW5zrsGt7ruhA4N3n5+Szt1wUjPM2+f0t3tKTsvKf99U9EREa9kR8AaNnPjl32/+/awX5dVCXNtOxYmj6N+1lP0tnRQWdHB3ueA1hE7Wcd9mtPcn+q8zcsDrMpXYNth/fxTOD/n93X786jpMjhptD3KbwMZZB20dQc+P8W9gcv7v01hSXb7Xrts1d4EOC5PcG6b/uSKUOS23STVtcaERFJWyM+ANCyfwdvAs8/9xywix1DFgGYxZMdHXRuX8LobCrIQE1Zsp3Ojg6enJV425YdSyl+bKCN2FQYbd/7w2zKX5C2HbR39j0LLOL55xYBz7JfjfeRISzY3NJ0GFjEg4tSmqNR45l9gR9BM0274MFFw3Ni+1OPjwQj71ojIiKpMsIDAIERgueY++Q8ngfe3LG/10hf+PTMvlM0rel4ob9Q9Lz39NnIKYWbNm2KmJYYnE64w57KPNhp1C1h6fSZphjjmOzPhE+V7DPNMWIKeLpOQ+w1fTPmdNvUHHufdHuVVbDcD28KNsieWTBSprdHfu+jfq/zN/FO+LmM+J4PoOwidr8pcj9hb0X8Vnv/tqKWbQs7ltqd/12PURx8PYl8XBeH2f8ssGgJjzyyhAcJ7/yE5XPpJjZFnSKd6P3wpCLrKxjsVOR45dx7+nV4efQqu95LP+LWe+nhweee48FgsNm+Bi2aRbAfqXM9QM/x/HOEZsLYMytmzQqc2Vb7WMN+r4NYOhRRjwfLbEdY3bCUHYd3xKyP4l1PwpcuxFq+sOPxGO/HLZcY34URea0REZFUGdkBgMD0/+fmcT+zmPscfZYBvLNpAc/wHHuCUwGfZUHYRXPBs/D8ng46Oz6jdhE8syB6Z6Blx+NU7AptW3T42ahZeqapiO0dHTS+sgh2PcarA7kOt+xg6W2P8aY9ZbHxlUU8s6BXp2bRKzT2PqYpc1myCN587FX7GAKN01d4ZJZ1vHkLnuXBVz6zp4DvouK2VHV+Ymlhx9LbqNgVVmbPLrAbSOl47C3sePwx3gzkac9zsOsxHt/RArOetL4H2N+bETzUFPG95lkWbCqiMex7/niwfGKVXYLfYsCuWVRFef+dTfkseDawXGEPz+96jOKw33H0sp3Cku17eB5g0Ss0dmxnyZQk83E92B2cB5fMZYr9/Y26DGDXYYr+KlBHRfneJnofYNYj1C4KD5CGgg9z+z3VI1E5h73XsYfn2UXF4ztoYQpzl0TWi9YMrkXUPjIrQb2XRoqKmAW82dRMcJR6yTyKAu/rXA9YUdEi4DDNLYGZFc8xd17g3UKWPPkc4TNlgjMA5w1N3frmDngkUI+zi4oFTVZ9tMfa74KEdQ7QsoPHH9sV9h68+djjvc7tLlgS5f2E1/4Y34VRdK0REZHhN6IDAL0v/vfPi7UM4FkW5OezqXkJ2zv6XhytiHmzvWYw2jrosJkGswCm2A2RvgJ5mVJk/fdwU/9bVL2Pa8rcJWEjTvbaxu1FvJqfT95tj/Fm8JN2oy/QQLIDJA8umcsUQtONl9itUOt8pdm044igDqGO/Y79tKTzsQdGmN1Pjso1pg8WuYHQ9zpwXgP/BhKUXUD832Los1Yny1pr3bsDZQf77M7ywMo2QT6ug8h89/r+hgsed4xtEr1P2HuBAGl48KG/GU9Qzvc/2UFnxyM0L80nr9fyC6suC8x0CATprPzHr/fSydzQ9y8wSm3/Piw61wPlDubjsJ3folBgBWCWNdMv4piC1+UhMKvIKiN3kX3fAPu8B/5tS6bOefOx28hbuoOiJzvotIOPIaHPWkEP694HccslqfpVREQksREcAIhy8bcv0uEXxPsfeSV44X5mQa/pdvZIDQDPLogzbd8a5enTGBlmgfwGOrrWiFNgCuACDr/yWegGR7YpS54MNpACIz5LIoaddlFxm53uAmsWw0CCFMMuUB75t1GxC9jVRFNaHnt4MCiU/mibgTmrqB9dl6hll+C3mIxdj1FsT321is8aKbTfTLpsB52PIdF3VDgQTIlcBhApUWAx3vvhnYneHZgBiVHO1nT326iYtccelQ7PxBKqAp3nXkG6gOj1XnoJjFRXb3qWaB1QnesBsgN/b+7YFDW/EcG/3h3iIfBgRCAnkRh1TuC8Q1id1b/ZZnHLJcZ3QUREJFkjNwAQvPu/NZIXfrGMWAYwxR7hC05fDp+OF+VOwcHpzOHcWEH663uhtZYbhP09OStsFGBPjFHmQANpE4+HjfiEhN/1PY3viBx2x+bgHerT9dj73Fk/9lKSjBCt7CDBbzEJgWUWwb/wUbV+lO1g8zEUAneODwtqBDoR8Z4GYE2Ljh2Qift+cMTwcaoHPCU9TNRyDgQ2XqExxqyKwGhp9ePRgnQx6r00E+jgvxkrMKxzPUCBpXy7eJPo3+PIYxq66f/9F7vOsWZmBJZlAP1cZhS3XGLVryIiIkkasQGAwFS5wDq7zogGfegGTeE3DZqyZLvdQZuFe0qvmwBNWcJ2u/fWt9HRe2ptCzs2Rb8HwFCInLoZ4znR9mOo3nk1fBq8JbAU4s1d8PyTobu5914ikZbPI+69FjraTZ7S6tgjb5p3/5PWvSQCnYKIKfKjXdyyi/9bjK/3/T16nfO4ZWsH74IGk4+hY40K923oW3npNYU/uI47xpTnRO8HBaamW52rAU1Jh+R+o3awtGXHpr5PYLCncb+5axc892QwiJNUvZcuAktUiHUeda4Hqij4g43xPQ4/pqGc/t8PceuciJtAzuJJe3AhmdkFccslwXcho641IiIyKK5UZ2BgAg3dviMawZGZHftpWbKEJds/g6W3sSA/0GFfRO1ndsR8yXYaWUrxgvxgw+nBVz6L+ligKUv+itodu6hYkM8zLKL2ledg1yCDALseozj/sYiXHnzlM7YvWYKV7QXkPds7X0v4q1d28OZj9mcXPcfzi57lmcNNtDDLamQG1kn2bhzNepLOPZC34Dby7N0+v6f32sTrxZo+WRH+0qJXaNwepcyCI1yzru+xPxs6/wHP7+ngkYhXZvFkxx7IXxBWls+xp2NJZH4W5Fs3Lxw1j9eLZkqcsiP+bzGB+5/sYA/5LAh+Z55jT+Bcxi1buyNmf2ee39PBk4PIx9CwR26jdF4Co5vP7DscqocWvULRvnzyFsTIa6L3wwTrxySnpD8TVjdanmNPx5Nxy/nJPc/xzIJn7fee4/nndvHMs1Yn1dpjYKZOr9HbKfHqvXQTOIbAeYy95ELnun+C5y3m1P7QMQ3l9P9+iVfnTOn7Hs/toTOZC23ccolfv2bWtUZERAbDME3THMoEGxsbmTpl4Jcdz0vlAGStrBuqLA0P+y7Az+8ZPc8RFpF0cphN+QviNOYTvR9F4C7j6iAMP53rYWM9FQRdfwdoxLSzRERGuTMtLRQXFw9pmlVVVQm3GbFLAK63wDPIAzcLs9baLqJf9wwSEUmh4NKpgU5Jl6TpXA+X2DNoREREJDEFAJJ0/5PWzXzefOw28vLzKX5sVwqnz4uI9Id174Pix3bBolf4K1Vcw0jnetgc3hR83OHze3TzOxERkYHQEgARERGRDKF2lohIetASABEREREREREZNgoAiIiIiIiIiGQABQBEREREREREMoACACIiIiIiIiIZQAEAERERERERkQygAICIiIiIiIhIBlAAQERERERERCQDKAAgIiIiIiIikgEUABARERERERHJAAoAiIiIiIiIiGQABQBEREREREREMoACACIiIiIiIiIZwJXqDMTieak81VkQERERERERGTU0A0BEREREREQkA6TdDICslXWpzoKIiIiIiIjIqKMZACIiIiIiIiIZQAEAERERERERkQygAICIiIiIiIhIBlAAQERERERERCQDKAAgIiIiIiIikgEUABARERERERHJAAoAiIiIiIiIiGQABQBEREREREREMoACACIiIiIiIiIZQAEAERERERERkQygAICIiIiIiIhIBlAAQERERERERCQDKAAgIiIiIiIikgEUABARERERERHJAAoAiIiIiIiIiGQABQBEREREREREMoACACIiIiIiIiIZQAEAERERERERkQygAICIiIiIiIhIBlAAQERERERERCQDKAAgIiIiIiIikgEUABARERERERHJAAoAiIiIiIiIiGQABQBEREREREREMoACACIiIiIiIiIZQAEAERERERERkQzgSnUGBu84r94IV90AACAASURBVP5wM/tivFv88AZWzy8Ynj2/9kOq98G8VS/zyIxh2cUgxD4vvfPb/+M4zqs/fJeZLy8j9uaB/c+j6uVlzGjby8Y1r9NY/DAvPDWfgZdIG3t/9BP406eYXwBte3/E0683Dms5D9s+Auck8O9+npvrcewQ7fsRWQYyGL1+J6nOTtLsfA/69ywiI1fsdsZwX5cC17/AdWn422MjrK7u3b4INwLr7ba9P+Jv+dNh/U6JZBLNAMhA+zb/kI1724L/nrHsZX78cn86/7EDLiEzeOTll/nxkF4o29j7ozW8FnZFK5j/FD9++eUReFE4zqu9L86Nr/P0j/bSFusjKRL5/ehbBiIiIuEaX18T0c4Ybv1rx2S4xtd5+rXjqc5F0gLBHhEZOqNgBkBAvKhsoNNSzLKHb+W1163uqxWhJqxDE5ZG2Ij1sltf5zW7x5swqn38Nf58c6h7HNo+WvS472uRFV0xyzZEjrIGotyJjznGNnb+Gl//CXvvtNLuEznvdQyhaHF4538f1T/cx7xVL/OtFnsket482LePRopZtuH7nFwTPVp+7LUfRj2ffSP44aOMd3IsWE6NvLbmhxx4eAN/xk/6joL3jnzPW8WPlwVyEDrnyx4+yWuBcx2xTSzHePWHr9vHHyibsO9WsKyivdbL8XetdIL7tfPVeJBjbfOZXxDl+2KXS9/vYLR8BYo73jmdT0ES3/NQGhu49Wd9y2DkBV9GnuTrhbDfXsQoT6/AXfj3Pcm6Lrzumbdq1TAdqYiMPDHaGV+cByKvI323T/KaHH5dL36YqjmROYi81g0gzXmreOGWn0XMKhiQXu2PyHq0bwA9+H6063ugLda7nRA8jUm0W/qM9ttp7HuX48tmRLZ3o+a51/Vn3sMsO/k6rzWGyjBhO2MA5yWQVvi+G19fw58ftNOM2U4VkWRk2AyAxmDnH6Dx9Z+wMaLS2Ud176hoY6hBbP1zDa/GCpz2rpDs7f/8tePADGbOs/ZxJPD5YCfwviidfzu/a14juHnEBdTOb39HjGcso2qelfbJ81Heb9vLxl7HkGy0uHHfPvviPIc7Y9XC/TmfAxFt2tu+zfx5n/O0L9QosLdJlI/G118Pm/kQKJsC7pxTDDRy4Ji9h7ZjHGgk/nm48RaKI/YbmDHR/2n10fPVT33K5Sdcx8EbiSNRvdC290dh9UIjr/3kZ5yMSCHKrJ19m/uOzsX5DkTuA/ZtTmYWkIhIsm2XeNfkXjPmGl+nOqkR4X6kuW8zf3swmaOJI0r7I7yNc/y1vrPngvXsjPuYBzQePBY8L8fftU7avPuidP7tPA96lkWCPHP8tcjrz77X+z8DcADnZd/mH8VugwyinSoilrSbAeB5qbxf22et3GL/nzUiHanvSFkg6mhdkBpp5GFeeDksmniyhTZmhEURQ2kEGuL73j3OIzN6R13b2Pszu7LuHQXd9zP2fvMp5t9njZCfbGmDGQW9Kvc2jh1shCgjvv9r7zdZPf88R/YREeW08vM6vzg+v1/R6htvsTqsgXxEFSOy/MjLq6D3rIWW4MmNGHGMLtnz2VsB85/aAL1G1tv2Rm51/JfWRSYUXQ5Elvuep95rB+Oej4jjC6S5jyPHl/HInXMopjE42tF27KCVhzl3xo5GF9zJA8XQ2GgtybC/CQNbWxgjXwlPaWQivWY02AGiiAOIXgb9/c1KSKj+iiVxvfALu3EWMWIS3piyA419fhOv/5Lj88O/b7G+A8f77KN3sFPfAZHME7/9Feq4Jtt2iXVNbtv7M+sa2edalziPyadptdcGM9E8cO3v0wb82V6+9dR8a5nCstD2gXaoVc9ag0T79oVmAR6xRoiYOYN+1OO9NL7O0z98vc/LxQ9/02q/Jcjz+XfDZ8wWxL+3wADPi52j6DMm5z/FC/S631Gg4RejnarrUWbKWlmX6iyMKGkXABhexTxgD8kGOsHBTpo9ItunUpv3/WCFVDD/+8x7fTP77CBBhOCo78N8K/jWDL71cDH7Xrcr+Bn3MY997Dt4jLb5d9JyEoKVO+c52QjRLqSNX5yHthZrVC9KZZ6w49ofgY7pvs38ebLLHmxxO7wB4ecz0HGOdj4HJHTB/KNgfguY//15vLY5EHgJZsQ+7zDDDswkznoguGGP+jcGgiiBc2ZNqeOLRsK/a9EVMP+pl5kSMTKyj+ofnoy9bKDf+epHIsHZCqE0JB0kWS+E1TvBesrers2qaKzZSBFVx0kifhKxvgNR9hGsy4buQEVkFAl29hK2XYKfiHlNPv+FHYCMcq1LkIt+pBlqrw1UIM1QUN/W+AXh8fRYa9oDeTxwrI35UwIdfrujnqgeT/pyH9nRjp/nNrudGtaeCRu8SFai8xI47tfW/JDXgISDIYNop4qIJW0DAMlHcgIjzcN0Z9Y+MwJiKJjCrUQJIEQIi/AexwoY2NP/E+chtvB1dskIVMa3Ton2GatjOj9sulnEuquk9xJDsucTQg2HpN3IrVGjOEMjdqc60BjZx5Hj92FdteNM/w8TGhEInG9rKcH8+X23DTQAks9XFP0+p4kp6tp3xKH/9dcAJKgXErMDkzcOKhFA3wGRkWzw9dfA2l9W2yUTWJ10fhlaK//jl6MsjQgbJNp76z4SDyRAsB6PtVnv+/0E2xiJ0rXzPBBJtzPs4MWMZfz45WVhgZHQPaaiz25N0E7V9SijaMbHwKRtACBtBG/KRmjK2K1TKAAiL12Bzmf4tLbA1NlibrUb2cFI52Y7+nzfjF6fj3UhPW4FGAZ7o5O2vfyv8GllMVlr0h8JTrULnYdBCT+f9rSw3uczOEUv8H7SCphyK9AYmB5tT5Ozl2ZYAY+BNzgaDx6jbb41/dCalh0KogRmM+zbvBlIPBui7yP8Yo0+BKL7oX32J1/BVAZ8TiW1kqwXwuqdYD1lK7B+FLFHSBI18gLBzTj7EBGJKlB/xGy7JA6CBmZsBqaMFxBaljRQw5lm9I7rcV6NaHsFRtfDBQaJ7HX2YQMJCevxRArms3rVF31uAh0/z3DcqvxDQYPjv4y59CJWOyPRPkJZfIofzye4xCzx8tBhaqeKZIBRFACIvgbNWiM0mCGuxrBpSXaS90WrkEJTzftMcwqb9h45dTa8Ex4aRe59HFalGbowRE6ji3OneSDWeQlMK+sjyo0MrQ/0HtG20i1+eAN/FmvXUcU+n4GLRN8pbjHSmLeKF26JfGfGNx+meN/rfdOIWJoxQH2mMIaVX8S0uMRR++Dyhz7HGvqs1fHre776k6/kz2l/hcog8dMTJLFov1Or05+oXggEjoL1TnFx5HKmQJ0T5TeRXDAxyj5ERJIy0LZLSHBZU4z17AMRLc3i4mTmtseuq2cEBwJ6twFXha39j9FWtQXbMPQaSBh0PY59E+h9VO9r5LWf7OXOp+aHDV5Ey/OM4KBVvDZEonZG/H3cGPN+Dr3b2lb686haBdVJtVNFJJYMewrAABQ/zLJ54f/cEDuCOWMZP141L+Kl4oc39OogBZ4GQJ/p/wXzn+KFh4v7fD6wvxnLXrbv4B8yb1X/7xo/b9XLsSPIUY4B5lH1VOQ6uQGLcz4L5v8py8KSnrdqFZE5sYIscRXMZ/WGh4nI4bxV/HgIli8UP/xwWH6KWbYhfEQ28DQAkrsIRctnRIOogPl/Gv7+PKr6lEvifCU+p/2VRBnIkEpULxTMfyqsXphH1VPf59aIrWfwyMu9yz38N51cHqoifrcPD/J7JCKZYvBtlxk8siHyerhsMO2QKGkWP7yBP5sT9wOJRbuuFz/MC8tmWPtbNS/ydXvbfe+GzYKwBxP6DiQMvh4HmLHMTqPxdf52b1uCPAMzlkVcf4ofXhXRprAOO0E7I+4+rJsL904z8hr3/cj0ErZTRSQRwzRNcygTbGxsZOqUKQP+fGAtR8rXlIY9G3uony3a95mpMhr0ndYvmWLga2gHK3Q37D53adZzkUUkCamrv1IoONsx3vPspa/ANWeY7rsl0k9p028coDMtLdbsoyFUVVWVcJtRtARgpOj1aBcZJQLr75O5aY/IUAnc96Lv3aGTeiqHiEgmCj75qfeUfLXNRGT0UwDgOgp/9Mu8VYqcjhph900ofvhPdQMa4djHHw9JOnfecUfCbWYs28Cyk73WUM5bpVkoIjIgV65eTXUWhl/u1/mPKxqp2nIw7EU3i9d8l2lXr3IlZRlLdx10+QA8dOg8SRrITXUGRigtARARGaTeU2g/XfDXSXXe4zn28ceDTkNEJJHe9VdXxT+kKCciIv2TW/uHwMjtN2oJgIjIKNPx7h8M6HP59/3jEOdERERERERPARARERERERHJCAoAiIiIiIiIiGQABQBEREREREREMoACACIi6aq1jnUVFayra+31Wg31CT+XYJsBZ2k9j9YMR8rx06+v6XUeEqqnpqKCR4N/ic5HK2+vr2DwhxaeTj01Fet5uz/ZFhERERlGugmgiEiaa9i6i/rySkqT/UBbEw3DlJfC8rVsG6a0Y2vldDNQlPwn6ms2Ule2mm2Vpfa/K3hhfRGb15ZTODyZtBWycG2t9b+tZ2gC3MO6PxEREZHkKQAgIpLWSli+HF6oqQ92ZsO11q1n1Varu1+yvJp15W3UbNwNwAs1s3t9ppW311exNRAdKFlud4jrqanYSOAhOuWra6kstTvNu+0X7c50a916VjUtZVtlaej9kjLK2Q1La6ksraemYjuUQd3uBiv/1WtZWIg1M6Fqqx2cKOPpWjuoUV/Doxt3AyWUl/U9A611L1l5bniJt+9ey8LC8PyGpRN2nKeboWRuQfCV0spaO3BhnYP9c6tZV15o7Xt7EZvX3m1teCiQl8B5iL39B+uraHaXUbe77/bNS6txb7eOteGlOu5ZO5VdUc6xiIiIyPWkJQAiIunu7kUsb97edyp5fQ2rtrp5uraWbbWrKdpaRU19KZWry4Aynu7dw2xtY9rKWrbZ25c37OeDVmit226NltfWsm11GXXb62htreOnu8uCaZfv7rX/+hpeCLy/soimiCkHDTQVrWRbbS1PlzWwdVc9UE9N1X7mVlv737y8mRdq7Nc37qZ8dS3balfibu47d6GwfCXLS6Bk+UoWFrby9vqNNC2vDqWzvo7IU1PIwpXLYWuVNf2/z/ux1TUXsTlwHjYmXkZRx2w7HyXWeeuVhxJKWL6yHKKd4yTzJCIiIjJUNANARgzD4cBhGPhN8PpN/IBpWlEsp8uJy2HgcjnxeH30eHx0ebx0e3x09Xjp7PbgnjyBsc5LeNoPY7jGYrjGYDjzwZmLw5kPjhwMRw44ssHfDYYT09eD3zTAkYffNDH9fkzTTPWpkIxTyMKVc1m3q56Fi0Kvtp5phrKl9uh3KbPL4KdnWmFqrGRKKY2YBVDCcqDw7rmUbN3Io7utkeltawFamVuylRcqdluj/7VrrX3aSdUfsl4vBSi8m7kl0By2q6Kp1kT7gqISaMKeDt9AXVUFW4NbHaJ+NtRRxtNWQtwz194+pjaaG0qYu9JK38p7E20QObW/sJx1teVWXmsqWFWx1Z7FUNAnxXAlc++20imdTTnbOZ2gl15SZKVXODX+RP/o51hERETk+lIAQNKTYdDt8WMaBtkuJ3k52bRdvsaJ0xfw+f109dgd/B4vXYE/j/XfWJbOu4P87DNcO1GdVBYcOYU4827BmXcLjjw3zjG34cq/FUd2Aaa3A9PXjR8HJjn4TUOBARleheX8gApqPlw+8DTsqfblq2vZFpiqb6e9rrbcfr/C6pDXVrJwbS0L7eUBgY7rovh7SCDKdP36mkGlmIzSylq2LapjXdUh6isHdwQDFuMcaxWAjCwneKNqCwfnrKD6oelhr7dz4MUNnP5ONREvJ5PiG1VsORjljT77uN6sYzoycw1PPDAphfmI1H7gRTbshMVrnmDQ2Wo/wIsbjjBzzRM8QNj/x0u3Pd526XnORCSSAgCScoY9qt/Z48PpdDIuP4e2yx2cvXCVMxeu0tJ+ldZLHdc9X/7uVvzdrXgu/rrPe87caTjs4ADOceTe9A0cOZPxe67iN3Lx+R0KCAj59/3jkKZXWrmaQxUbacBaKF841Q1bD1FfWUop9RzaDUWrE9zirmQ5i0qB+kPUAcux7iPwN6xkXXkl26qLWFfVZK3Xfwn+Ym05lbXVuNdXRYzwl84ug432vls/ZH9Dgnv0FU6liK38tG4R68oLrXsJ7J/L5rWzKWcjh+orKS1t5YP9DQnumleAu6SB/R+2srC8kNYP99NQMpfIcX0raNG03F63Hzz2IgooBDc0NFlzBuoP7bbPgqVh/4e0lpdTWH+IOtw8XRh/+2RFPcciI9XBtzhQPgQd0IDenf32A7y4YQtv3Nv/gMLo1s4nR2DOHDjySTsPqJMtIgOgAIBcdw6HA8PpxOv1k52dxbWuHk6fv8KZ9iu0tF+l5cI1/GneefZ1ncbXdRrPhcMAdJ18BZz5ZE34KlkTvkbWpFk4cqfh77mM6cjFZ7ow/f4U51qup2MffzwMqZayaHkJdYE59KWVbF6+nlUVFYB9E8BSoLWIErb2vQlg6WzKGzba0+GXs7xkN81tsLB8JXPXV/GonW756lpKC+Ev5q63tgVr+nwptJ4J7fvpsgpriUBJGeUlifNeWb2cdVWB/ZTxdK11R/7K1WX2qHgJ5WXREipkmhsatto3AVy7muaKvunE3ldgu0oKgcLZZbDRntVQFnnXwRJ3E39TUUFD4DwAxNk+rsKpFNHA1pfq2Lw2yjlOPiWRtOJ2w85tB7j9iQcYli7opAf4zpydbDl6goemKwIQdKKOncxkzb2n2bCljhMPPMSgzs6kB3ii+gHr/9uHIoMiMhIY5hAPUzY2NjJ1ypQBf97zkrVmM2tlXYItZSRxOByYDidZTieNLRc4e+Eap+wOf4/Xd13ysHTeHUzN/pzLH/zn67I/HLlWQGDi18i6YRbOfDfezrP4jTH4yb4+eZDrIlBvBWRc/dVax7qq/cwN3O1fREaM3vVXV8U/xNnaWgLAihWwZQunFgemevddAmBNVbfnDbkXsyZGsODEG1Vsoe90/96vx02v/QAvbthpz1JyR0yPj1hiEDbT4MQbVbzFHDh4kOZAeuHpuOcwh4OcCkxnP/EGVcGE3HGm4FvnYmdwytQcVlRbHfWE+4ybrv35aWt44oF2uxzs833iDax/BgICvabiR+Qd3IFyi7cEICJfYecu8JnFN7Nz58HI9KIsAYh1/kWGQm7tHwIjt911pqWF4uLiIU2zqqoq4TaaASDDxjAM/Bg4nC4ud3Tzm8bTfNzUet06/Cnn78Jz4R08F96Bxv8BRhauib9D7pRvk3Pj7+HtOIPpugG/Xw/jkBGoPvS4PLBmH6jzL5IppvPQijlUxRqFPvEGG3bezIrqJ5hudwo3vDE5+c5f+wHeOghzVkyPkp7VqQyld4I3Nuzk5hXVPBHoDG94g8nVDzHpwItsObWYNdUPMMkOXrw4LdQ5bT4IK6qrQ53mbTth8Rqqg51mcM/E2seWUyxeU211jk+8QVWMGRDtB7ax8+YVVD8xnUCH+K0D5TH2GTvvfc/UCY4edDNzzSRgEuWL3WwIzJCYfi9z2MLREw8xfTrQ/glHmt3MfHRS9LwnnD1gnYtgvtoP8OIGe9mHdRTsPDKTNdXVdgBjA29M7rtcoz3i/Fvn4sUDuj+ASKopACBDrstnkuV04fX5+bDxLPUn27jc0Z3qbKWe6cF74R2uXngHcJA9+Rvk3PRNcsaV4uu+jM85UcsERomhmv5/5x13DEk6w6K0km21lanOhYikyvSHWDGnii1v3Ev1Q5EduhNHD8KcFXYHcxIPfGcOO7cc5cRD06N3Og9uoarXjQDdi9cEO5Qnjh7EvXhN8LPTyxfj3mCnd+IoB5nDiuCbD1FdDdDOgSPNuGc+anfSp1ud5iOf0P6APe19zr2h/ER0moHp5Sx2H+RIMEfN7Kw7wQMPTbf28UT00zLpgScI3Wq4ndPNwMywDcL3eeIoB92LWRM6MBa7N4Q68uFOHOXgnO9QbWdv0u0zce8MnNPp3DuH0JKJ9tM0z/kOT0yyjvuhsMy2nzsF3Bw986Gj4IEnwm6Y3H6aPofxHTv4EbFcI/x70M4nR5qZ850n7PNvfw/ess6/QgAiqaMAgAwJ0+HA6wOXy8mJk+eob27lXApu3Ddy+Ok598/0nPtnDNc4sgsXkjv1OzhypuLzevGRo5sIjnCD7bwPzz0ERESGjtUR38Ib965hWvDVds6dAvfMfnTx5vSe6n8z3wmOElvpNR/cQNXO8A+5OdcOk6ydRelQWp3vm7+TZD7aT9PMzYQ2n8TkYD95Og9Vr4CqsEBFrOnsvZYKuOPc1LTdOjA2RB4Y7nPt0KszfeCtg9B8sE+gJDC7IDwowtGDzLn3odBnw5YkuONlKOIwwqbuu9297s3qZlpY9iZNc8PpPkfH6WY4uKWKyCzPoR0UABBJIQUAZMAcTid+HGS7nHxyso2Pms5xsvVyqrM14pjeK3Sf+TndZ36OI+cmsid/g6yJ9+HIK8JHPn7NChixftE8sOUd33KrzEVkBJj0AI8uPsKGt+qYE3qRyTdD8+mBdfMmPfAEK05XseXFafY6fys9d6xHy1k7i9KpnMQ0Nxzp05mOteNpuDlCaHMr8BCKbEznoepqHoI4TymwOup91sTH2qV1YDHvjxBK9hOONM8JW+Nvv3zgxeCMhkmTbmemeydHT9wLB+cQ7P+fqGNn+GftpQ1xtR/grYNh9yOw1/3H3Px0c5RXrfM/ZwCPhhSR4aXFx9JvDqcTZ1Y2p85f45/fa+Avf3aIf3r3hDr/Q8DffZauk69x5cP/nY4T/w2H5yTZrh4cTiPVWRMREelj0gOPspiDHAzrA06/dw4cPMoJIDh6HT71PYHpD61gTvNOth1oD6bXvLPOTs/q+FZVvWH9e/q9zOEgR0Nv8mLVixxon8TtM900H/nEvsH9Cep2NuOeeXv0zvak25nptqb5W+l8wpHm3mkGtp3Mzb1GwcNZwQ/szne8A72XOc07qYvIexVvnIjcrP2TIzRHOX+Tbp+Ju/kIn7QDWMd7cMsWTi0u77XtKc61Q7AsktJM6DB20tzrvdB5su/XcG+f3Fn5eetA8AEDJ96oourFA3rggEiKaQaAJM3hcOA3HLRc7OBf3v+Mi9e6Up2lUc3TfghP+yFc4+8ir6iSnDFfxut34vMrGCAiIukisMY/rGM5/SHWLH6RDYG7UbsXs6Zfw8D2ev2dgZvL9UoPN4vXBEbDp/PQmsW8uKGKwLtzVtg3vLNnEwSn2M9ZYd3gL9ZxPLGC08Fp/nOYMwdOgfW4vBWnqdpQRWCyvnvxGh7qk1TgXNhpzFnBijkH2RJzNkTfvIff+8BiBS6CN0SM2J016h+4N8Gk22fiBmbeHrYv+74COzdUsRM3i1csxr3FnukQ40wE1/Xb0/fnrFjBnINbCB2Gm8XTjlJlTyXom+dAMr3OP3NYUa31/yKppscASmKGgR8n5690Une0kbbLI3Nt/3V/DOAQc+S5yS+qJGvS/Xi9Pnx+Z6qzJLbej9H6dMFfc+cddwxqCcCxjz9O75sAisio0L/HAIqIpA89BrCvZB4DqCUAEpOJQY/p4PzVHn5+8BO27zs2Yjv/o4G/s5mrn6zn4pFl+M7/itzcbFxGT6qzJddDax3rKiqoqY+3yXoejbdBhHpqKtbzduvA0+vf/uy91lSwrq41qf2LiIiIyNDTEgDpwzAMun0GnT0e9n7YpLX9acb0XKCj4UU6PnuJnJsXk3/ro3h8BrpX4OjV+uF+KCuj6VA9lJYOQYqlVNaujbtFYflatsV5v62poZ/7bLUeh1WU3P5FREREZOgpACBBhmHgw0G3x8fuDxppbLmY6ixJPKaH7i/+jp5z/8LYr6wme0wJHn+uHh846rTywX6Yu3IRvPQSb7euZWGh/VZ9DY9u3A2UUF4W2L6emortuJe72brVem959VKaqzZSB5Qsr2ZdeZu1TfVa7vlwPaua3JTv3k0dQNlqtlWW0lq3nlVNS9lWCTUV1mcBylfXUkkNL+wG2EjN7Grc26todpdRt7uZ5dVrWdgWyFfoM4vOvMTWBqDhJd6+eynNVdb+Fxa28vb6Kus9SqzP269Zae4O7XcoYh8iIiIiGUxLAAQAw+nCZzh5+2gj/+8/H1XnfwQxe85z5aMnufbpC2Q5OnE5vKnOkgyl1g/Z717KwsJC7pkL+z8MzJuvp2bjbspX17KtdiXu5vAR+Qa2Ns1mW20tT5c1sLXqELNra9m8vISG/R/SZ+b9bphdW8u26uWU7N4eMTW/tW47dWWr2VZby7bVZdRtr6O1tJKny4Cy1cFOeR2z2VZrBSfqsfa9zd5n3aF6CstXsrwESpavDAUwgPqaKra6A+m72VpVQ2BhQZ2dzublJdZ+h/K8ioiIiGQgBQAynNPlIjsnm8PHz7Bl17t8ekoPZxmpPBeOcPGdP6LnzHZyc7NxOvXzHg1aP9xP0Wyrl11491wIdODrD1FHGdZbhdwztyTic+X2ZwqKSqBsNqVA4VR39J2UFFEAUDjVmqEfpvDuuZTs3sijFRXUUMm2teUURk2iIPj/paWl1uyEigpWbY23VMBaFhDIK6WzKaeZ062RacbMt4iIiIj0i5YAZDCXC9q/2MfV9hPMvPvfc/jTU6nOkgyBrpOv0nXqDcaVPkP2+HvxeB1aFjBi1bNrawN1VBC6v20JH7SWs/B6ZaGwnHW15fZygwrqKOPp2so4H7Cn9LOczbW1ULeeVU3XK7MiIiIiEo8CABnI6XTiynLywb88yfnm/QDcfOf/xty73Oz/qDnFuZMh4e/iyrE1uMbdQX7J45BbhNerIMD19i33IO/MWH+IupLlbA4bdW+tW8+qXfUsrJxNORs5VF9JaWkrH+xvgGEYKG+tW8/fsJJ15ZVsqy5iXVVy3lQdaQAAIABJREFUvfnypeUU0srbcfNVyDQ3bD1UT2VpqT2rwc3ThXB6yI5ARERERAIUAMgwLidcafuAX//jf4h4/b2fL+OBP35TAYBRxnvlYy4f/Q/klzxO9uRv0uMxUp2ljHHs448HnUb9od2UzK2OmHJfePdcSrYeor6yksrVZfaofAnlZSUx0xmMwvKVzF1fxaNbrX+Xr66lFGgtKoGt9k0AIz/BPXNL2Grna/nyMth/hlZKmeaGhq3WTQADSiurWb6+ikcrIHATwFJaFQAQERERGQaGOcRzgxsbG5k6ZcqAP+95qRyArJV1CbaU/nA4HGRlZ/HJ/uc58+mbUbf56re24B17B6++/cF1zt31sXTeHUzN/pzLH/znVGclJVwTvsr4u6vp8Xjx+/TMwKEUqLcCVH+JyEjRu/7qqviHFOVERKR/cmv/EBi57a4zLS0UFxcPaZpVVVUJt9FdwjKA02XQfaWRPTUPxOz8A/zmFyuYPCGPoskTrmPu5HrxXvoN7f/6DYyu35Ll0nIAEREREZFMoyUAo5jhcJDlcvDZuy/R/OG2pD7z6cFNfHdOFX/194eHOXeSKld+85/IveWPybu1gh6voRsEDoOhmP4PcOcddwxJOiIiIiIioADAqOV0gLenjX/bUYmnK/lH+536eDtF9/4J3/jabfzq158NYw4llbq++Dt62vYz/t6X8JGDz6slAUNtsJ33oQoiiIiIiIgEKAAwCjkcPs437+XjvWsH9PlD27/LguX/qgDAKOfvOsXFQ99lbOl6XOO+itefneosjTofLVkyoM/dtWPHEOdERCQ548aOTXUWRESS4kl1BkYo3QNglHEYXr74aNuAO/8Afm8X5z7fx/Lfv3cIcybp6mr9Wjo/+0uys3ypzoqIiIiIiAwjBQBGEZfTx/F/28Dnv/6fg07ro1+t4oax2Xzl5klDkDNJd562vVz96ClyclQliIiIiIiMVmrtjxLZ2S7e3/VntDb+asjSrN+7lm/P/PKQpSfpzXvlGBePLCM3Lw/DMFKdHRERERERGWIKAIxwhgFZWQb7X/0GV9t/O6Rpn234Bd3XzvIdBQEyhtlznvb9ZWQ5u3Godkgb9TUVPFoR+Kuh3n69tW49j9bUA/XUVKzn7dYBJN5ax7qwNCPfWh+23wrW1Q1kB73U1/Do+jqGICURERER6Sc18Ucwh+HH19PG3q2/h89zbVj28c72B7ndXaAvSoa5eOh7OH1ncRq6L0BqtfL2+gpeYDXbamutv9XwQp8OeymVtWtZWDiAXbQ10RB113X8zVZYXm3vt3o5bK2iJlqkoD9KK9m2tpyBZFVEREREBkdPARihDLOHqxeOc/QfVw77vk5/+hZ/8u1v8Lf/9P6w70vSx6X3Khl313/FmTcDn6knBKRE64fsbyjj6bWloddKK9lcXU/kEHo9NRXbcVdbQYD6mgpe2G29U7K8mnXlhbTWrWdVk5vy3bupAyhbzbZKqNlobfhCzWy2VYbtp62JBtz8INBTLyxnXW15KGt161m11Q4dlK22Pltfw6PboZzd1BV+k5JDPfygtpLSwPb757J5aROrthexeW05hfU1PGrvP5gG0fNPax3rqrbawYoSllcPMOAhIiIiksE0sDsC+XsucL757evS+Qf4ZN9a8rMN7im+6brsT9LHlY/+C/4L+3H4L6Y6Kxmp9cP9NJQUUdDr9cLCUgpjdH5b69aHzRhYTdHWl0JLA3bDbHs0v2T3dt5uLaVydRlQxtPhnX+A0kqeLtvNC/b0/4iR//oaqzNfW8u22mqWN28Mvd/QjHtlLdtW/jvmluzmkP16W1MD5UvDR/7rqdm4m/LVkWnEyn/9rq2wvJpttbVsXg5bdw12KoKIiIhI5tEMgBHGMDu5eOYQn/zrC9d1vx+9/X+w8Pf/Ox80nr2u+5XUu3aimvzpT+KaOBsv+anOTkYpnOru92famhpg90Ye3R16reTDVu4BCAQTCqdSlERapZW1bKvEHn2v4FF75P2eM83QsJtVFVtDGx+qp3I2gJtphQCF3DO3hP1nWqG0jUO7y5hdCaEbGJyhiTJ+UGptu3BtLQD1h6Lnf93sMho2VvHoVisP20KTEUREREQkSQoAjCRmN62f/4pPD/y3677r9pP/xrVLTXzvgdv5+YFPrvv+JbU6Tmwiv+Q/4pz0DS0HuJ4KiihpaKINItbM19dU8NOiav4ixseC0+bDtNYNIh/29P/6mgp+GggmhE3ZD2XsUOTH7p4LL31I69Qm6spmU5nk7qLlHyrZVltpLSWoqmBryXJrGcEAD0lEREQkEykAMEIYeLh09r2UdP4Djux8iPI/fZcxuVlc6/KkLB+SGh0Nf80Y10Sc4+9TECBJd+3YMbgECu9mbsnWyPX59TW8sLuMp2sLIUqnvqCohIatu6gvr6SUemoqNsLqWhb1c9fWGn83T9tr+AOKphZSiBu2buftRWtZWNjK2+ur2D+3mnVTo+Sfl/ib7Q2UL+3V/S+cShFbOVRfSWlpKI2/iJH/2YcqODS7lsrytWybat1rQERERET6RwGAEcFH58UTfPT2f0l1Rmg+tp1HFn6Pl996L9VZkRS4dvz/Ztxd/w1n3u34TFUf8Rz7+OMhSKWQhWurYX0Vj1YEXisLdsqjPUqvsHwtTzdV8EKFNYe+ZHk160qh9UyMXRQUUcLWPjcB7J1OeFpQyebl9kg8WLMBygvp+yzBQhYudbN1o9ue6h+ulMrq5fbSAqBkOZvLCykkev4pXc2hCntbSlheXanRfxEREZF+MkzTNIcywcbGRqZOmTLgz3teshZ2Zq0czHzVUcQw8XWd4503Hkp1ToLmVuznwPFzvPvp6VRnpV+WzruDqdmfc/mD/5zqrIx44+/dgj/bjd9vpDoraSFQbwWo/hKRkUL1l4iMVCO933impYXi4uIhTbOqqirhNhrCS2OGAQ66OZBGnX+Ao/+0gnl/WDPiAgAydC4fXcHE+17FY9yAaSoI0NvQjP7DnXfcMSTpiIiIiIiAAgBpLSvLxZ6a3091Nvq40voRl9s+Yem8O9m+71iqsyMpcvHdR7hh9s/p8WUztPOIRofBdt6HKoggIiIiIhKgAECaysnJYm/tglRnI6b3/v5Ryv7kCDeOz+P85c5UZ0dS5MKh73HD7/6S7m5fqrOSlpb+/Q8G9Lnt3/3pEOdERERERAQcqc6A9JXl8nNwx2L83q5UZyWuz4/+T34w785UZ0NS7OLhPyZHDwUQEREREUl7CgCkGcPs4P23VtB15VSqs5JQ43v/A6fZxe/deWuqsyIpZHoucO23m8hy6tGQIiIiIiLpTAGANOJw+Dh74i2utI2ctb/v/UMF999+S6qzISnW01qH98JBXA7dDEBEREREJF3pHgBpwuFw4Ok8w4nDf5XqrPRL5+WTtJ9+n2Vld/Pa7g9TnR1JoWuf/oiJM+/BMG5giJ8umrla61hXtZWGXi+XLK9mXXlhPxOrp6ZiO+7qtSzs70fTIn0RERERGSwFANJEVraLA/9fRaqzMSBH//HPKfuTw9xSMI4v2q6kOjuSQhff+/dMemAXXV09qc7KKFLC8iHpVJdSWbt2KDKUovRFREREZLAUAPj/2bvz+Kjqe//jrzNLEpKwJBAgLAkQRAMCtnVBJUqCu7gL2lpiorZV9D5c0msFrUC9ldoWem0rePVnE0MXxa1XvdqNpDatouAGhSgSICgECRAIJCQzc875/TEJBNmyzMyZSd7Px4M/mDnn+/0kmDHfz/fz/Zwo4DL8rF0+L+qb/h3PZ+/+gmvOvYdf/e97TociTrKa2Lf2QRJPfhB/QB8v4RXccScXysqrOCxRUFnMzAXlQBZ5uVDGDJYWcnCHfsKa+dxXnUFeeTllALmzWVqYHRy1OJ9Hy4MztK00ONrrtWWHxqkuuIPMkr+cYPxals8voqQKyM0lr3yLKgZEREREIkg9ABzmMizqtr7Njs3LnQ6lS7749x8wm/eQd9pIp0MRh/nr3sW/4y+43ToGEBpVlBTlMzP/0J/iykPvVWfOYmlpKXNyqyh5vRKopHhBOXmzS1laOouMLV89QNCiHCaVlrJ0YQFZ5ctYXgu1ZfN5lNksLS1laelsMksWH/f1tuPMy+vXjvEXU0IBi0pLWTqJYHJARERERCJGW3QOMgwDAx9ryx9yOpSQWPnS9ZyXX07ZR5ucDkUc1rjx1/Tt93VszxAsy3I6nBh3/CMAmenBNwZkZkE1ULmCMnKZkw2QxoScltePGDaTAQBp6WS2vLSzugrKFzCzvM1la2oZcozXJ7Qd54Tj17K6ooqsnFmkAWRPIo8t7foOiIiIiEhoKAHgILcrwMo/3up0GCET8O2jtvofFFx4OiV//djpcMRhez+4hX5nvoCPJKdDkQ44WoPByuKjv16rLXwRERGRmKIEgEMMfGz64BkO1HevHbA1f72P8wtXMHpIKhu27XY6HHFY4+anSBx5Nz6zZ542WnbV85GfNHsSeSxgRWUh2dnBXXcy2nfrgMwsqkpepzKvkGwqKc5fALNLmXas1zsUWLAaoaRiDbV5eaRVrqAMKOj4VygiIiIinaQEgAMMw6axbgOf//v3TocSFp/+87+4fPLDPP7Hd50ORRzm2/FXEoZchytuRI87CrB23boQjRTsAVDS9qWsAhbNTT/G9dkUzs5l5oJ8ysgiLzer3TOl5c1lTnU+j+aXt0yzkHnZQPbRX6+t6dhXkpY3i4KKIu7LLwk2AezY7SIiIiLSRYYd4gd2b9q0ifTBgzt9v39x8FdC76zuW1vq9bp5q+Qcp8MIq0k3vE51nYc3Vn7mdCgHzThvLOlxm6lffY/TofQoRlx/Us74PU3NptOhhE3r51ar6Pn8Cnbdr8g5snzfcZXFzFwAc0oLyXY6FpEeLHo/v0REji/W140127czcmRoG6gXFRWd8BpVAESY1RzHzi0mUwpXsO7vD7JjU2x3/z+WFc9PI++2VVGVABBn2L5dHNj6It5B1xDovjmAKBIs0T/4v8KsAhZFyeK/tmw+95UceipB3uxSLf5FREREIkgJgAgyDIPmenjx9v2MnOzl4rkLGHHaRt575UanQwuLms/e5LZL8vh/f/rA6VDEYQc2P0384MsxjHhCXHQUlUJV/j9u7NhO3JVNYWkphSGJILTS8uayVHX/IiIiIo5RAiCCrKY4yn+2H4BN//Tz5IV7mPaT4eTeupKNq56g+uOSE4wQWyrf+iHnF0zl1BFp/Htz7YlvkG5t/7ofkjzuJ/j8htOhRETnFu+HhK6HgIiIiIhIkBIAEeLCTc2nJjX/Dhz2+usPNNB/1AGu/dUdDM2ewdvPXeZQhOGxtuwBLrjg50oACIH6NZh7P8Td+3RMs2c0BHzmsgOduu/WN3qFOBIREREREeiZz+Zygu2l/Of7j/rWro0WT1++l43/6EPebasYc84DEQ4ufHZu+QcH6j/nqrNPdjoUiQL71j2ENy7e6TBERERERHokJQAiIeDhkz8307Dz+Gefy3/WyJILd5My8Gpyvl1OfFLnn6YQTd578TpGD0klIU4FJwL7P/sZHk/37wMgIiIiIhJtlACIgPhkLxW/bGzXtVYASqbX8+Hzbs795utMuHBRmKOLjM/XvcjNF0x0OgyJAr7tb+C2D2AYPaMXgIiIiIhItFACIMysZi///HVDh+9bWdLEE7m7cdlnc/7Nb5My5PQwRBc5n739E+I9JqeflO50KBIFGjYuwePWMwFPqLaMefn5zPzKn+LKWpbPz6e40ukARURERCSWqCY7jAzDAMvF6pebOz3GHwr3ccqlceQWLWbfrnW8/2pBCCOMrNV/+g/Om/Y0qz6rcToUcZivdjmJo2ZhGIk94rGAXZNFwcK5TE37ystzSx2JRkRERERilxIAYRRo9PL3n3d89/+rPnnTxydv+rjm8THk3voe6//1E7Z+8nIIIoysvV9+RP2u9UzPGcsLFXrEWU/XuOkpEkfdjS9w4mvlq2pZPr+ILTNKKaSYmcsgj3LKqoCsAhbNzSMNqCzO59Hy1ntymVNaSHZl+67Pm11KYTZAJcX5CygDjpmMEBEREZGYoCMAYWLgYv+XNpvf8YdszFfu3s8f791P1hkPMGn6KyEbN5Le/+NNDE/rQ2rvBKdDEYf5dvwZA596AZxQFSVFbY4AHK3uv2oLGbNKWVo6m7yqEl6vBKiESaUsLS1laelCCrLKWVF5nOsri3m0PJc5paUsXVhA9YJiKqll+fwFMLtlnNkZlCwuQw/1FBEREYlNqgAIE6vZy7+ePPpj/7pi28cB/ueSPVz0cBp5t62i+uMSqlb+OuTzhFP16me58fybWPz6KqdDEYc1bnqKhJF34g8oCXBsR9t1/+oSPIMhaQADyMiCLQBkk539lV3941xfW7MFcmeQDZCWx7xSgEpWVEHZgvyWCoBgPKtr81QFICIiIhKDlAAIA8Mw8DdDzerw1Tb/5UeN/POJRr75m2+TPuYq3n7+CqxAU9jmC6WNK3/NkFOu55zs4bxd+bnT4YiDmr98g8RRd4DhAfUCCK3aMuYVlUDBQpaWEjwy0KmBVPYvIiIi0l0oARAGZpOb939/IOzzNO6CZ66q59w7EplS8E+2b/gT6/7+UNjnDYUPXi1k0vQXlAAQGjc/TULm97plFcCtb/RyOIJcbshLg9oyKqog8zhXpqVnQMkKKguzya4tY15RBTkLZ5GRVUXJ65VMLcyGymJmLiDYSyBiX4OIiIiIhIoSAGHQq6+Xta/ui9h8/1rSyL+WNDLzD1M5L/98Pvi/77B/1ycRm78zGvduoq7mQ76Veyq/L/+30+GIg5prXiVx5PecDiPk1q5zuNFl2nhyskp4NL8csgooyIWKmlo41pM4swtZVDCf+/LzAcgqWMjUtDSYO5st+QuYWQ6t1QBa/IuIiIjEJsMO8TO4Nm3aRPrgwZ2+3784eErVO6vsBFdGJxce1v/N5K1FjY7MP/H6eM69I5G6mlV89OYdjsTQEVNueY/n/7GObbvCnzCZcd5Y0uM2U7/6nrDPJR0TP/gy4jPuIGC5nQ6lU1o/t1rF6ueXiPQ8+vwSkVgV6+vGmu3bGTlyZEjHLCoqOuE1egpAqFkePnrOubP4H7/YzOKpdZgNE5lSuIKBI6c6Fkt7VK38Jdeee4rTYYjDmrf/CU98ktNhiIiIiIh0azoCEEIul4vdG032brOcDoVl39vPyHO9XDx3AZmnbWTlKzc6HdJRfb7mtwwffzO5E0dQ/vFmp8MRx1j4dr2Nu/cZmKbpdDBdFqry/3Fjx4ZkHBERERERUAIgpAJNbt7/Xfib/7XXpn/5efKiPUx7bDi5t66kauUTbFld4nRYR1j58g3kfPsvSgD0cE1bXyQ5ewJmN/lY6uri3fEeAiIiIiLS7XSP37SjgGEYuAw3m9/xOx3KEV7/QQMpIw5w/a9vZ9jY6bz93OVOh3QYf9Nudm75F/kXfI3Sv33sdDjikMDejzAMG8MwCHFrEse8/bucTt13zk0VIY5EREREREQ9AELG8rn50MGz/ydSt9ni6Wn1bHyrH3m3reKUybOdDukwq/9yN/17x5M1OMXpUMRBTdtexe3Rx5KIiIiISDjoN+0QiU/y8vFL0VP+fyzlP29gyYW76Zt2FefNLCch+VjPBIu8T/+1gGmTTnI6DHFQc82ruA3ne2iIiIiIiHRHSgCEgNvl5pM3mjF9TkfSPlYASq6v5/3fuznnxteYcOEip0MCoObTP+I/sItLTh/tdCjiEMtXi3ngc1wufTSJiIiIiISafssOgUCzi6qKGFn9t7GqtIkncnfjZhLnF7xNypCznA6Jd567jHGZaU6HIQ5q2roMtyv2nwQQErVlzMufz/Lar75WTKVjQbXGkM/Mr/wpdjQoERERETkRJQBCIKG3my0ro6/5X3v9vmA/5T/3cdrFv+b0K591Ohy2b/gLt17yNafDEIf4dvwNtyfB6TDkhLIoWFjK0tLgn0UFWZQtK6P2xDeKiIiIiEP0FIAucrlc1KyO/d3KT//s49M/+7jmv08i99b3WP+vx9j6yUuOxLLu73M4v/AdxmYMYN2WnY7EIM5q/vJN3KkXYpqx/7MVTrVl87mvIodFc/NIo5Li/GVkLJzLhDXzua86h4ItJZRUAbmzWZS5jPuCf2FOaSHZ1LJ8flHwfYCsguA4lcXMXAZ5lFNW1eb1E8SSNj6HrJJqdgJpQGVxPo+Wtw69kHl5acHKgaISglNmUbBwLlPTACopzl9AGbSJL/gas0spzG75WqtnsLQQivOXQS6UlWcwp3Qa2w5+HW3GPGyu1jEPj4vc2SwtzA7Bv4SIiIhIbFAFQBfZAQ/rlzc7HUbIvHLPfl65ez9ZZ/yASdNfcSyOtWUPctE3shybX5zl21mBi+7zc9U1VZQUtSm1P7ioPYHyCphVytKFBWSVL+AJZrG0dDZ5lLOiEqjdyZBZrTv4s8mrqmB16/Z91RYyZrW+XsLr7Sjtr11TQVVWJgMILtYfZfbBsTNLFrO8FipfL4GChS0VA1DyeiVQy/L5C6g++PoWHp1/okqCKqozZ7G0tJABZYspoYBFpaUsnZ1ByeIyaqmkuKiCnIWlh8YsroTaMp4vz2VO69dcvuzw4xUiIiIi3ZwqALrI5XKx+Z3YO/9/PDVrAvzPJXu46OE08m5bRfXHz1K18lcRjWFndRkH9n3BlZPG8OqK9RGdW5zn37MKtzcJv6kkwOE75bTsbFe347YcJqQBpJNJFhnjgwNkZMEWgLTsr1QBZFFw8OYMhqQBDDh0/RGCiYmSw+IMVgpUVldB+QJmlh+6OmtNLfMm5VK1oIiZJcGvaWkeQCVbqrLImRWM71AlwfGfUJKZHrx+Z3UVWTmzghUK2YUsnRv8HlVTRdlh8a2gsnAaOVklPJpfHtz9L517ou+iiIiISLeiBEAXGIZB016bhp2206GExV9+1EjFLxv51rM3kX7Slby97CqsQGPE5n/vhWvJu20VcR4XvoAeDdej2CZm4yZcnmFYlv7tw6KymJkLysmbXcrS7ODxgY45lJhoPYowoc05gYNl/4cpZGlpYfD6onxKsgpYNDdcjyI9VPbfVvbcUqa2HC+YWQ55LUcMRERERHoCJQC6wGW42VgRu83/2uPAHnjmqnrOuaMXUwr+wfYNf2Ld3x+K2PxbK1+m4MLLeerNDyI2p0QHX+1beIfeRCyv/8+5qSKs46elZ0BVy7n7yhWUQZtd/HbIKmBaNtCZe9vGkTeXOdX53FecztLCbAZkZlFV8jqVeYef5Z+0Ip8Vk0opzJvL0vRgr4FglUEVFWtqmZqX1nKUIIcBLdUHFTW1kA2rK6og48i5B2RmUVWxhtq8lv4FC2BO6SQyKeH5smnMy0s71CthFjyxGO6cm0dh6UIy5hcdo7pBREREpHtSAqALzGYXVW8dcDqMiHh7yQHeXnKAmb+fyvk3n88Hr3+XfbvC/8yvT//1KOeddBlfyxrMh1Xbwz6fRA9f3XvED51OrH5MrV23LvyTZE8ijwUtJe255HX03qoF3JdfArkFFGSV05Wem9mFs8nLX8BMZrO0MJgQeDQ/eAYgq2Ah87KB7NmsyM9nZvBVChYWkgZMnTubLflFzCyB4M598CjBhJwsSkqCRwbyco/eE+Rg8iE/WOyfN7uUbCB7YQHzio4c886c+QevJXc2S7X7LyIiIj2IYdt2SOvXN23aRPrgwZ2+3784+Cusd1ZZqEIKG6+nF09etNvpMCJu/LXx5NyZyJ7t7/PhG7eHfb5+g7/B1y5/kkUvr+jSODPOG0t63GbqV98Tosgk3FLO+RPNvugvAWj93GoVC59fIiKgzy8RiV2xtG48mprt2xk5cmRIxywqKjrhNXoKQCe53W4+f797Nf9rrzUvN7N4ah2BfROYUriCgaMuCut8e7a/z77dG7husrbqeppA/ce43G6nwxARERER6RZis7Y2CphNLj77W5PTYThq2e37GXGOl0vmPcLI027l3ZdvCNtcq175Jnm3raJvUjx7G9QZvqfw7fwHCcnjsGIsVxmq8v9xY8eGZBwREREREVACoNO8CW42r+jeDQDbY/Pbfp68aC+XLxhG3q0rqXp/MdUfFYdlrurVpXwr90aWvP5+WMaX6OOvW0XiqNha/Lfq6uI9Ij0ERERERKRHUQKgEwzDoH67ha+hez7+rzP+b3YDKZkHuH7x9xh2ynT+9dxlIZ+j6r1fkn7ytUw6ZSgrPtka8vEl+ljNX2KbBzCMRELcriQinnjjo07dd+dlp4U4EhERERER9QDoFJfLxd5tptNhRJ26aounL6+n6q0+5N22ijHnzg75HB++/h3OGTs85ONK9PLVLsfl0keViIiIiEhX6bfqTrAtF9vXKgFwLOU/b+SJ3N2kDLySnG+Xk9B7aMjGbqj7jD1fruGbU8aFbEyJbmbTdgwj4HQYIiIiIiIxTwmATrD8BruqtCA5kZLr9/HB792cc8P/MuGiX4Rs3A9fv4X01GQGpySFbEyJXmbDJlzo501EREREpKuUAOgEt8fFrk2qAGiPVUubeCJ3Ny77LKYUvE3q0LNDMm7VqsVcn6MO6T2B2bgZlzve6TCcU1nMzPz8Q3+KK090A8X581le2+WJKW6dc34ZRx+u9ZpiDouqtox57Yq17VDFR45zHLVl81vGr2X5/Hw6MpWIiIhIT6UEQCe4vbBvu+V0GDHlDwX7Wf5THxMuepzTr3y2y+Nt+bgEAvs5f3xmCKKTaGb767DtnvrzVknxgnLyZpeytLSUpaWzyStfwLyyLq/uT6i2bBnVBQtZWlrKnIwSXj/mAjuLrKxyVrR5v3ZNBVVhjm9ndesMaUydW0phdpgnFBEREekG9BSADjJcLvZu66mLka5Z/1cf6//q45rHR5N7y3usf+enbK18sdPjrXzlm0z+1pu8taY6hFFKNLKatuHyDMNumNw7AAAgAElEQVSyetjPXm0N1WSRM6D1hWwKS0sPvV9ZzMwF5Qf/mjf7yIVwZXE+j7ZcklWwkHl5acEd+qKSlkV6FgUL5zI17fD70tIzqFq2htq8dFaU5zKp8Nhh5uTkUlFTC9lpQC2rKyAvN4uy48ZZy/L5RWzJyKWsfAsFd2Qc+rLL5nNfCS1xVVKcv6BlrJZYdxa3fE0LKJ60kIxlRWyZUcq0mvncV51BXnl58Prc2SwtzCZYJVBESRWQm0te+RYyjvI1i4iIiHR3qgDoIJdhsKtK5f9d8crdDbx8935GfeM/OXv6Hzs9jq+xll1fvEP+BRNDGJ1EI399JUZPfBJAWh53FkBJUbAU/6s7/5VMaqkMKGVRQRZlKw7fpq8tm8+jzD5YPZBZspjltVD5egm07O4vKoCSo23vZxcyJ6OE+/JXMKm0kONusKdnQsWa4DGB2jVUkMOkNsU5x4uzjEksLZ3L1H6tFxdzX0UOi0rnMjWtluXzF0BrBcTsDEoWl1GbXcicXCB39pE7/+UwqbSUpQsLyCpfxvJaqC1bTAkFLCotZekkDiUmRERERHoYVQB0kGG7+LLS53QYMW/7vwM8deleLvrhAPJuW0X1x6VUrfxlh8f5+E//wZRb3mXEoL5s/nJvGCKVaGA2bMDTfwrgdjqUiEvLm8vSPAiety9iZsmhnf7s7OzDd9dzD793Z3UVlC9g5qHNd7LW1DJvUi5VC4qYWRLcUQ+O31Zw153ZCynYUsTzZdO4k8XcVz2jZUf9KwaMJ4fFrK7NY8KaCsiZxQAqDr59vDizMge0GaicRxdkUbCwkODm/E62VEHZgvw2i/YsVtfmMeRY37CsTAYApKUTzEHUsrqiiqycWcExsyeRx5Zj3S0iIiLSrSkB0EEBn8HOjepIHip/eaSRf/yykW89+03Sx1zBiheuJeDb16Ex1r/9U66cdD+//N/3whSlOM1s3IzLsOiJCYBDguX/08rmc9+KSgqzBwTL2lt2timbz31HOQ1zsOz/MIUsLS0MltoX5VOSVcCiuXm0XtV6/n9edhrMnc2W/CLuA/JmH6sOII0JOfDEmkqogJxZabCm9b3adsUZlMuc2fDo4jImHIzn6EcU1PNPREREpOOUAOggt9fFbj0BIKSa9sJvrt7HOXf04rz8cr6s+hNryx9q9/3bPnmJjNNu5eJvZPHn98PdekycYDZswuVOgEBs/ezdedlpXRugspiZC7YcsQBuu2ueNyOPNGpZXlEFGYffPiAzi6qS16nMKyT74K5+KZNW5LNiUimFeXNZml7MzGWH33fo/H8eaWQzrSCLshLIGMAxpY3PgcXLqKjK4IajnK0/XpyHyS5kTkY+T5SNZ17eADKyqih5vZKpha1VBDCn9DgNCY6MjAk5WZRUtHw9lSsoAwo6MIKIiIhId6EEQCc07radDqFbenvJAd5ecoCZv8/jvJsr+PCN29lXu7Zd97637Gqm3PK2EgDdlB2ox7YDgOF0KO22dt26rg+SXciigpZd+tbXcmeztDC4wp6Qk0XJgnzKyKKgIBcqaqgl/eDtaXlzmVOdz6P5wdL7rIKFzMsGsmezIj+fmcFX25TcH5p3TkY+9+WXHJpzYQ3ziooZcqx+AGnjyaGEktwZBNvuHXzjGHEeO5uQPa0AihazfPxcps6dzZb81mMMwWqAbKA2MwtKWpoAnuDbmJY3i4KKouDXk5vLESceRERERHoIw7btkK5mN23aRPrgwZ2+3784+KuZd1b0tWlyuVy4iOPAHpv9tSb1NRZ7vjDZtdGkdr3J/h09rEN5GJ16TTzn3ZXI3u0f8MEb32vXPePyfkJc2rn85i8fHfX9GeeNJT1uM/Wr7wllqBIhfb/+NAHPcOwofBJA6+dWq2j8/JIWbaoI9ORAEX1+iUjsiuZ1Y3vUbN/OyJEjQzpmUVHRCa9RBUBHGAbbDnzO2vq1pA9IZ/DwdIbn9CHOk4jHEzybbAVs/E3QtNemfnuAfdst6raY7NxgsuOTAL5Gh7+GGPHvV5r59yvNTH/yVKbc8i7r/v4wOzb++bj3rC17gCmFKzhl+AA++XxnhCKVSLHNJgwPqP5GOir4WMFD1UF5s0u1+BcREZEeSQmADjCAL+q/YMn7S476fkpCCqNTR5PZN5OhfYYyNHMYaWMGMDIumXhvIi6XATYE/Db+RpsDe2zqt5vUb7PYvdlk54YAX1bG1hnncHvh9gYyz/Jw6Y9+xMiv3cK7L91w3OvXvfUwl0z5LyUAuiHLtwcjIXaOAEj0OPQkBREREZGeTQmAjjAM9vv2H/PtuqY6Vm5bycptK495TXpyOqNTRpPZL5MhvYeQftJQho9P5WRvIl5PMElgWzamH5r32zTustlbE2Dv1mCSoPazAHWbo68EOpyq3w3w5MV7uXzBUPJuXUnV+0uo/ug3R712x8a/MOIbdzDtrDG8/u76CEcq4WT7d2MYSgCIiIiIiHSWEgAdYAB7mvZ0aYya/TXU7K+h4vOKY14zKmUUWSlZDO8znCG9hzB4whDGnJlCgjcBj9uNYRjYFvibLJr3cXg/giqTHesDNNR2v0Lp/5vdSL/hTUxf8l2GnnI9bz932VGve++Fa8i7bRV/WukiEIXnxaVzTN8u3EoAiIiIiIh0mhIAHWBh0+gP/yH+jXUb2Vi38ZjvJ3gSOCn1JEb0G8Gw3sMYkjaUQcMHMfy8ln4E7rb9CGya9nKwH8Hu6pYkQYz2I9jzucXT0+rJLepN3m2r2PrJy3z6z0ePuG7rJ3+k8OJLePrNDx2IUsLB9tdj2H6nwxARERERiVlKAHRAwA5wIHDA6TBoCjSxZsca1uxYc8xrWvsRjOw3MnjUYHg6aWMGMio+mbjWowZ2MEnga7Q5UGeztybYj6CuOvr7EZQvPED5wgMUvHgFOTMvZNX/5nOg/vOD73/6z//ivJsvYeKoQXy88UsHI5VQsQP1YAfQx5aIiIiISOfoN+kOsG0rIhUAodDefgQnpZ5ERt+MYJJgzBAyJ/TnFG+vw/oRBPzg22/TsMuivsYM9iPYFKD2M5O6amdL7Euu38c3vp3A2be8ws7PK1j9l3sPvrfmr0XkXfprJQCOIX78ayT1A3/VFezbBox5ltRBLU9UD3xEwzv30sx19D77Lryetq9B0jfK8ezLZW8E2yxY/vrITSYiIiIi0g0pAdABFjYH/M5XAIRKaz+C4xmdMpqRKSMP60dw0pn9SPQm4na7DvUjaLZprrfYX2tRX2NR97nJ7o2R6Ufw/m+beP+3TXyz+EymFL7D6r8WsfuLt6nb9i4NdVVcNzmbl/5ZGdYYYs6QX9CrXzLQ2tTyB/QdlIG159fsWQO9z76LXuOvo3nXZNyeLTRXrMOTM5m4IdDML/DGfcSBCPdYtAP1qAWAiIiIiEjnKQHQAQZGVBwBiKQNdRvYULfhmO+39iMY2W8kw/oMIz0tnUEZgxmW04d476F+BGbAJtBk07TXZt92i73bTOo+D/Yj2P5JgEAICiv+UNjAmAu8TH3gv9lf9wmr/pjPypdvJO+2VfTuFdf1CbqN6+ideRoE9h/6BBgyGAOwm18CwPLdhTd5MvG7jrw7Kf007F25NEcs3iA7sA/DpY8sEREREZHO0m/THWEQM0cAIqW9/QhamxYO6T2E9IwhDBqTRtbR+hE02DTWWdRvt6jfFnz04c4NAXZ80r5+BOv/5mf93/Zw9S+yyL3lPda/8zO2/Pt3fHvqDHbV698OIH58AV4+omFXKkmDUoMvbtuOnQVG/HUAuOIATyqeba9iZt5FfE4GNP6JvfyCfg7s/kOwCSDYBJ/HISIiIiIiHaUEQAe4DbcSAJ1Q11THe9ve471t7x3zmqG9h5KVknVkP4K4RLzuNv0IfC1Jgt2wd1uAvV9Y7N58ZD+CP97bwKBsN1ctKiLQXIPH8NG7VzxEb1/DyBjyC3r1A3/VvTQnP0vSwTceY++XY0kddBepOWAFWo8GvMS+d146eFXSN8qxd+XC+NdI7ZcMbKG54mYaIhC6bZtgxAF6EoCIiIiISGcoAdABbpe7xx0BiJSt+7aydd/W414zOmU0WSlZDO87nMHJgxk8YQhjzkyhV5t+BJYFgWYb3z6bfTssqv5hknbSYPqP9NIvDgJ7I/QFRan4/qNxkYwrq5yWvX+8Wa/RmyvYt/5mdrfs7Cd9o5x4NhBoe/OQ1rP/PyAhB/xVv4bMu/COvw7WvES4GS4vBs42nRQRERERiWVKAHSA26UKACe1px/BmNQxjOg3gmF9hjF4wGAGDR9MQnxfAqYLj9uNKzErghFHn+Y1Vxw6uz/mWVIHpbY8BeAH9M25BHfjn9j9PngSwdrzz8PO+R86+/8DEhyIHcND8AiAiIiIiIh0hhIAHeAzffhMn9NhyDE0BZpYvWM1q3esPuK9gtMKuPaUa7F8Ox2ILBa0HgG4hNQcoPFP7G67qz+kbef/x2jaM5mkrLuALTRHYPcfwHDFYdtKAIiIiIiIdJYSAB2Q4E7AZbiwbJUhx5LsAdlce/I1mKbd0t1OAGhT8n/Uv7e17V72bDv018MqCSLF5QXbBFyRnllEREREpFvQb9Id4LN89I7r7XQY0kGPXfAYdiDA7iYlAGKZYXiwdQRARERERKTTlADoANMMkByX7HQY0gEvXL+M3RUVmIaLPT4wXPFOhySd5YoDHQEQEREREek0JQA6wMKmT3wfp8OQdnri0ido+PBjeo8fz8a9Nn7TxnB5nQ5LOskwvNr/FxERERHpAiUAOsC2bB0BiBH3nHUP/X1x1Pz293j69mXdThOfaYPhdjo06SyXB8PpGEREREREYpiaAHaAC4PkeB0BiHY5GTlMGZ7DB1dfQ/bjj7OjIdi00W/aGIZyXjHL8OopACIiIiIiXaDVUAe4DbcqAKKcCxf/ec5/8sHV1wCQlJXFu1sDADSbgPaQY5gBlul0ECIiIiIiMUsJgA7wuDz0je/rdBhyHC9Of4ENP/4xAFn338/+pgCtD230magCIIa5EwZiq4eDiIiIiEinaTXUAbZtk9or1ekw5BiKr/wNu5aXseeddwDod+65rK61Dr7fZFrHulVigCthCBh6ioOIiIiISGcpAdABNpDSK8XpMOQo5p0/l/id+/j8l78CYPD06QQs2NF46My4L+BUdBIK7sQM9QAQEREREekCNQHsCFuPAYxG12Zfy/h+2Xw8fcbB1wZfdx3r9xx9x98V1w/LtydS4UmIuHsNw1QCQERERESk01QB0AG2bZMcp6cARJP05HQKJt582OK/92mn4U5MYv3uYyQAvKriiEWuuP5YSgCIiIiIiHSaEgAdYANJ3iSnw5A2lly+hHX33HvYaxnfu51t+4/eLd62bQyPGjnGHheGJxmUABARERER6TQlADrCtvFbfqejkBa/u+Z31Dz/PI0bNhx60eOh1/BhrKw5RgIAMLxKAMQaV8IgbLPJ6TBERERERGKaEgAdlOBJIC0xzekweryFFy7E3LCZmt/+7rDXT3rwQfY2Hrvbn20rARCLXPGDsS11cRQRERER6QolADooEAgwOnW002H0aLd97TYyPGls+MHsI97r841v8NGOo+/+Q7ACwOVRH4dY40oYhIXb6TBERERERGKaEgAdlOCO5+T+JzsdRo81ceBEpp10OWtu+vYR7w0tKMAXsKhrPvb9pkXwLLnEFHfCEMDrdBgiIiIiIjFNCYAOsi2b8YPGOx1Gj/VI3iN8fJTFP8DAy6fxSd3xm8RZKAEQi1xxKXoCgIiIiIhIFykB0EGWZZHRN8PpMHqkF65/gc1PPIG5b98R76VMnowrPo5Ne47+6L9WpmVjuBPDFaKEiTd1ErZ1/H9bERERERE5PiUAOsGyLAYnD3Y6jB7lycuWsH/l++x8882jvj+ssJAt+068QxywwOXWoxxjieFOwvD0xVYFgIiIiIhIlygB0AkBK8DoFDUCjJTvn/N9+h1wsenHjx71fW///sQPGsSH20/cJT5gG9iuhFCHKGHk6TMWK6BHAIqIiIiIdJUSAJ2Q4IrnlLRTnA6jR8gbkce56ZNYd+t3jnlN1n/+J7sb2veIONMCw6seALHE02cithHvdBgiIiIiIjHP43QAsci2bMaljXM4iiv48bXfYXzTcq584/GW1+5m8Y1TGQbAftZ88C0eXN9yXRzgW8PTLz/Ia8Ddl73KybuuZNa7TsV/YgmeBO6ZdA+rpk077nXJp57KX6qO0/q/jYBlg0c9AGKJN+V0LEvl/yIiIiIiXaUKgE6wLIvMvpkORtBmUX/Ya1MZVr+cK597mjW+ZMaf+mOuGDOJkXFfsPy55XwRN5JJY4AxP+ashDW8GcWLf4A/XPsH1s+de9xrMmfN4kBzgMb2FQDgtwBX3Amvk+jhSR6FpQaAIiIiIiJdpgqATvKbPob2HsrWfVsjPHPr4n8/+33JHCxmHzOJkXHwxdZgNcCDL7/W8vqP+eZXRrh79Hj2bL2S1yIVcic8e2UJO998k/r33z/udf0vvJAPa9u/O+y3wHCpnDxWuBNHYJl+wHA6FBERERGRmKcKgE6yLIvRqU41AvyC5c/9gU1HvL6ffkNf5dUbX+XVG3/Pj8cA61ewyTeMqTdOZVj9uzxI9O/+PzLlETzb6/h8yZPHvW7ApZdiGy4+39f+3WG/aWO4vF0NUSLE03sstu12OgwRERERkW5BFQCdFOeK5+T+J/NW9VsRnvm1lt39K/jxEe8lw56nubKMYJXAqT/mivUPHqoGIHj2f8/WKyHv97w6MJlgMmEWjx8xljNmjJ3B2D6j+fi2G0547dBvfYuNezt2Ntxn2mBoQRkrvKlnYdna/RcRERERCQVVAHSSZVmkJw92Oowj7Gl4DXiNFXv2Q1wKo9q+efDs/91cOhDWfPA0a3zDOCvvCoeiPVxm30xuGn8TH8848eK/14gRePr1Y+1Os0Nz+E0bw9B/9rHC02eczv+LiIiIiISIVkKdZFsWYweOIzUh1elQgtavYJMPhvW/G4BRCcngq2Njm0uCZ/8fjNqz/7+85JesvfPOdl078p57qG3o+MKw2QSdJ48Nhrs34MK29QQAEREREZFQUAKgC8yAyeSMyU6H0eI1Hnx5OV/0mcqrN77K1D5fsPzlNov9wzr/P86bO2D817/D+LgveLfM+ZTAH679A1t/9zuatmxp1/WJo0fzXk07W/+34TNRBUCMiBt0AbZLj2wUEREREQkV9QDoAq/h5aKsi3h1/asOzP7aYWf7gx5n1nPHOM2//kG+tb7N3WXfippKgMcv/m/8n3zG9ueea9f1o77/fRqaAgQ6URneZKqcPFYkDJ6G2bETHiIiIiIichzaCu0C27IYkDiAAYkDnA4lZt3+jdtJpy8b5jzU7ntScnL4eGfnFvK+jhcNiAMMT2/cicN1/l9EREREJISUAOgqyyYnI8fpKGLS6emnc8moi/j3zJvbfc/g667DtGx2NHTtXLgrrl+X7pfwihswBbMzJR4iIiIiInJMSgB0kdt2c+GoC50OIyY9fP7DfHTDjR26Z/D06Xy2t+tzu7wpXR9EwiY+fRo6rSEiIiIiElpKAHSRbdv0T+zPwKSBTocSU16c/iIbFy3Campq9z29J0zAnZTEp7u6djDctm0MT98ujSFh5E7EkzRK5f8iIiIiIiGmBEAomDbnZZ7ndBQx46lpT7H37XfYXVbWofsyb7+dmn1d7wpnA4ZXCYBoFT/gfExTzRpEREREREJNCYAQcNkuHQNop9mTH6D3PpPqx37WsRtdLhIyMnivJgQJAFsJgGgWnz4N0zScDkNEREREpNtRAiAEbNumb3xf0pPTnQ4lql2SdQlnDPw6ld/5XofvHf3gg9QfCM2usA24PMkhGUtCzBWPJ/lklf+LiIiIiISBEgAhYtgG54843+kwolafuD7MOmMWH117fafu73vGGXy4IzQPhTctMJQAiErelDMxfY1OhyEiIiIi0i0pARAiLsvggpEXOB1G1Cq9ppRP58zp1L1D8/MJmDZ17e8XeFwWSgBEq6RRtxOwvU6HISIiIiLSLSkBECK2bdPL04shvYc4HUrUKb26lC9fe419q1d36v6BV1zBJ7tDVxJuWjaGOzFk40loePqcCp4+2LbtdCgiIiIiIt2SEgAhFGfEce0p1zodRlRZkLcA1+dfsvWppzt1f79zzsGIi6dqT+gSAAELXO6kkI0nodEro4CAFed0GCIiIiIi3ZYSACFkmxa5I3Pp5enldChR4abxNzE6cTjr7y3q9BjDb72VL/aHdkc4YBvYroSQjildY8QNwNNnHJYZmj4PIiIiIiJyJCUAQsz0B7hp/E1Oh+G40SmjmTF2Omtu/Fanx/CkpBA/aBAfbA/tM+FNCwyvegBEk17Dv41p6eNIRERERCSc9Bt3qFlwxZgrcBk9+1u76OKFrPluxx/319bo+++nrjG0i3+AgGWDSz0AoknCkCsJBLT7LyIiIiISTj17lRomB3wH+Oap33Q6DMc8f93zfF5cjK+mpkvjJJ96Kqu2h35R6LcAl86aR4uEIdcR8Dc7HYaIiIiISLenBEAYuCyD68d27nn3se5Xl/yKA2vW8uVLL3dpnIzbb6fJZ9LgD1FgbfgtMFzxoR9YOiUh49vo6L+IiIiISPgpARAmPl8z12Vf53QYEXXXGXcxyEpi48PzujzWgIsuZu3u8DwOzm/aGC49az4aeFMnYePVo/9ERERERCJACYAwMSyDG0+90ekwIuacYecwNTOXf+cXdHmsARdfjO1y8Xl96B7915bPtMFwh2Vs6Zj49GswLY/TYYiIiIiI9AhKAISRGTC57KTLnA4jIh6Y/AAfXn1NSMYaetNNbK4PyVBH5TdtjB7epDEaxKWejafPBCwrPIkeERERERE5nFZBYeSyXcwcP9PpMMLu5RkvUfXYYyEZKyEjA29KCmtqQ9/9v1WzCWCEbXxpn6Qx9+MP3z+ziIiIiIh8hRIA4WTb2JbF1JFTnY4kbJ654v+x++//oK6iIiTjjbz3Xmobwrsj7DNRBYDDEoZej2X00tl/EREREZEI0ioozLx4yZ+Y73QYYfHDnIdIrGtiy6JfhGzMpJNO4t2a8G4LN5kqOXda4sjb8fv17yAiIiIiEklKAISZbdu4bBenDznd6VBC6qqTr+K0/uOpvH1WyMYcVVREQ5OfQJjXhT6VnTsqcfTdBAL6RxARERERiTQlACIgnjgeOPcBp8MImf69+nPr127l4+unh3TclJwc1uwM6ZDH5YrrF7nJBADD24/4QZcRCHeWR0REREREjqAEQIT4/X7uPvNup8MIiWeueIbK738/pGMOuvZaTNtge5jP/7fl8qZEbC4JShpzP9r8FxERERFxhhIAEeK2XZw59ExO6X+K06F0ye+u+S3bX3qJhk8+Cem46dOn89neyDWEs20bw9M3YvMJuJPH4OkzEdM0nQ5FRERERKRHUgIgguJsLw+e96DTYXTaTy/4KdamL9j27LMhHTd53Dg8ycl8uityC0MbMLxKAERS8smzCZhup8MQEREREemxlACIoNaGgLd87RanQ+mwgtMKGBU/hM++f3/Ix86cNYua/ZHdFbZtJQAiKX7Q5die/liWzv6LiIiIiDhFCYAI89oeLhx5AcP7DHc6lHYbO2As15x8Nau/+a2wjN8rM5N3t0U4AQC4PMkRnbOnMjx9SBp9NwHT43QoIiIiIiI9mhIADvBYHh7KecjpMNrtJxf8hI9vLgjL2KMfeoh9ByLfFc60wFACICL6THwcn187/yIiIiIiTlMCwAG2bdPH25vrs693OpQTeuH6ZWz5n/8hsHt3WMbve+aZfLgj8k3hLJQAiIReGfngSVPpv4iIiIhIFFACwCFu282McTNITUh1OpRjeuLSJ2j48GN2vPZaWMYf8u1v4w9Y7G4Ky/DHZVo2hjsx8hP3IK5ew0gYegN+Ux8zIiIiIiLRQL+ZO8hlGvzw/B86HcZR3XvWvQzwxbNx/iNhm2PwVVfx6Z7IPfqvrYAFLneSI3P3FH0m/De+gD5iRERERESihX47d5BlWQzsNZBLR1/qdCiHOS/zPM4bPpm1heF7WkG/s8+GuHiq6pwpDQ/YBrYrwZG5e4Kk0fdg2r2wbWcSPCIiIiIiciQlABzmtT1cc8o1eF1ep0MBwIWL75/9fT68+pqwzjP81lv5Yp9z58JNCwyvegCEg6f3WLxpF2JahtOhiIiIiIhIG0oARIG+nr4UX1XsdBgAvDjjRT57JHxl/wCePn2IHzyYD76MfPO/VgHLBpd6AIRD7/E/w+fX4l9EREREJNooARAFDDvYD+CnF/zU0TiKryxm11//xt533w3rPKPuv589jZF/9F9bfgtwxTkaQ3fUe8J/49e5fxERERGRqKTf1KOEx/CQnjiYu8+625H5550/l/id9Xz+q1+Hfa4+Eyeyartzu/8QTAAYrnhHY+huEkffC/FZWJbO/YuIiIiIRCMlAKJIvBHP1wd/natOviqi816bfS3j+2Xzyaz/CPtcw7/3PZp8Jvv9YZ/quPymjRElfRe6g/j0K/GmTsG03U6HIiIiIiIix6AEQJTpRQLXZ1/PxEETIzJfenI6BRNu5uPpMyIyX9rFF7Nut/M7xD7TBkOL1VDw9BlPr8zv4LeUUBERERERiWYepwOQI8XbcczJmcOs/5vFrgO7wjrXksuXsPaee8I6R6v+F1yA7XKzpd7Z8//QUgFgKP/VVYanD30mLKSpyfl/UxERERGRnqyoqOiE12gFFKUMPzx1xVNhneN31/yOmuef50BVVVjnaTV0Zj6b90VkqhNqNgHUqb6r+p35vBb/IiIiIiIxQgmAKBZo9vPk5U+GZexFFy3C/GwTNb/9XVjG/6qE4cOJS01hzY7oWCz6TFQB0EV9T38Wf0BJFBERERGRWKEVUBQzMOjr6cMPz/thSMf97te/y3B3fzY8MENVP+4AABDgSURBVCek4x7PyHvuobYhOhb/AE2m5XQIMa33qT/Dcg3AsvR9FBERERGJFUoARDk3bk5JPYW7zrgrJONNHDiRy0dfypqbZoZkvPZKOvlkVtZEz2LRFz25iJiTdPKDWPEjMC3t/ouIiIiIxBIlAGKA1/YwMW0ihRMLuzzWI3mP8NFN3w5BVO034p57aGwK4Iue9f9Brrh+TocQU5LG/ABX37OwjSSnQxERERERkQ5SAiBG9PX24cIRF3DXmZ2vBHjh+hfY/KtfYe6LbCe+/lOmsHqn84/+OxqXN8XpEGJG0skP4ep7Lqalh4eIiIiIiMQiJQBiiAcPZ6dP4qGchzp875OXP8m+d1ey889/DkNkxzbo6qsxMdjeEH3b/7ZtY3j6Oh1GTEge+wjuvmdh2lr8i4iIiIjEKiUAYowXL+NSx/KzC3/W7nvuP/d++jbA5gU/CWNkR5c+YwZVe6Jz998GDK8SACeSPO4xSP4aAcvtdCgiIiIiItIFSgDEIDduMpMz2/WIwAtHXcjZg8+g8rbvRiCywyVlZ+NOTqZylxnxudvDtpUAOJE+E36BkTQOy9JHhYiIiIhIrNNv9bHKskmNS+W31/z2mJckeBL4jzP/gw+vuS6CgR0y4s47o7L0v5UNuDzJTocRtXpP/DV2/BhMLf5FRERERLoF/WYfyyybeDuOl2a8hNflPeLtP1z7B9bPnetAYEG9Rozg3W3RufsPYFpgKAFwVMljH8VOGIVp61F/IiIiIiLdhRIAMc62bczmAC9Mf4EBvQYcfP3ZK0vY+eab1L//viNxjZ4zh32Nfkfmbi8LJQC+yhWXRso5b0DSRKzozd2IiIiIiEgnKAHQTfiamlkybQlZKVk8MuURPNt38/mSE/cICJd+kybx0c7oLf8HMC0bw53odBhRw9v/PPqeUUqzDyzt/IuIiIiIdDt6plc3YvssHrvgMcx9+1h7282OxTHkppvwmxa7DjgWQrsELEhwJzkdRlRIHDULb9pFNDdH5xMbRERERESk61QB0M1YPhOPO45R99/vWAwDr7qKT+qifyEZsA1sV4LTYTiuz8Rf4R5wMX4zzulQREREREQkjJQA6IZMj4fkM85gQkkJ7t69Izp337POwhWfQFVddJf/Q0sTQG/P7QHgih9IytmvY8WNxLSObCIpIiIiIiLdixIA3ZQF2MnJnFZaSsq550Zs3uG33sbW/dG/+AcIWDa4emYPgLj+OfT9+m9o9ruwbH0MiIiIiIj0BPrNvxuzbZvmQICMu+5ixN13h30+V3IyCUPSeX97bLSP91uAq+eVvSeNvpteWffQ7NePv4iIiIhIT6IVQA9gejz0nTyZ8U89Ra8RI8I2z+gHHmBPYyBs44ea3wLDFe90GBHj6Xc6Kee8gTslF7/Vy+lwREREREQkwpQA6CFMgNRUTvn5z8mYNSssc/SZOJH3v4yN3X8Av2ljuHrG2ffkUx4m+eQHafZBwO55VQ8iIiIiIqIEQI9i2zZ+2yYlL4/TnnuO5OzskI097Dvfodlvss8XsiHDzmfaYLidDiOsvP0nkzr5b9DnDHxmz6l2EBERERGRIykB0AOZto3p8XDSf/0XI4uKQjLmwEsuYd2u6H/0X1t+08YwuuuPgIve435CYtZ9NDX5sKzunegQEREREZET666rHzkB27bxWxZ9Jk/m1Keeon9eXqfHSp06FTwequtjo/t/q2YTwHA6jJCLG3ghqZP/Conj8FsJTocjIiIiIiJRQgmAHs4MBCAlhYxZs5jwzDMkjx3b4TGGzZzJ5vrY2v0H8Jl0qwoAT+9xJI97lIQRd9DU1Ixpa9dfREREREQO8TgdgEQHv21j9OvHST/6EQc2bKDqscfw19Wd8L74IUOI6z+A1eubIxBlaDWZsVWxcCzupCwSR83C1SsT004gYHWfpIaIiIiIiISOEgBykG1Z+IG4MWMY/5vfsKu8nOpf/vK494y89152NsTOo//a8sVm2Ae5EoaQOGoW3t5j8Vtx+LXwFxERERGR41ACQI5gmSY+IGXKFFLOOYe6igo+f+YZrKamI65Nzs7mH5/F3u5/W664fli+PU6H0W6GN5XEUXcQl3oWgYBBs6lSfxEREREROTElAOSYAqYJbjcpU6cy4KKL2P3WW3xRXHzwaMCIu++msSmAL8Yr6V3elNhIALjiSRx1J/EDp+IPWDT7tfAXEREREZH2UwJATihgmgRMkz6TJzP+3HPZu3IlX5SWkjoll5U7Yq/5X1u2bWN4+jodxnG5k8eQMORavCmnY1oemn0GoMW/iIiIiIh0jBIA0m6maWICyWeeybgzzsCywYjxp+jZgOGNzgRA/ODLSRg6HcPTh4Adh8/UGX8REREREek8JQCkw1oTAS4XTEjzcMYQL1v2mlTvMdndFFsVAbYdXQkAd1IWCUOuJn7wNAIHagkYvbHN2PqeioiIiIhIdFICQDrNsiywfDQHID3Rw+AkLxgGG+sCbNlrciAGuuzbgMuT7HQYxA28mIRh03F7++O3PTQdOAAkBzMUIiIiIiIiIaAEgISEFQgAAQzDYFQfDyelxrPfZ7GxzmRLffR2CTQtMJxIALji8KaeTXz/yXj7n4Ppb8Q0ehMwo/d7JSIiIiIisU0JAAkp27bB9BMw/SS6XIwb4OHr6V627bOo3hNgd5ONP4rWuBaRqwBwJQwNLvoH5uJOHoPZvBubxJamfklgR9E3RkREeqT8gkKnQxARaZdnznQ6gtikBICETesRgaYApMW7SR3kxutx0WxCbaPFjgaLnY0WzaZzMZqWjdudGLbxPX2/RnzaeXj752C44jEtG8uOI9DkB3qHbV4REREREZGvUgJAIsI0TcDEb4LbMEhPdDMo0YXH7SVg2exosKhttNh1wKLRH7m4AhYkuJNCMpbhTcWTfBKe3qfgTswkbsB5WIFGTBLwm2abZn7a6RcRERERkchTAkAizrZt7ECwQ2AgAIZhMLiXi4GJHtxuD5YNOxttavaZNJvQ6Ldp9NuEox1ewDawXQkdvs+VkI47aTTevhPw9DkVd2ImhuHGNP3YRhyWadHU5CP4IxYD3RBFRERERKTbUwJAHGfbNnZLhYAZAAyDgfEu+sW5cLlcuF0GcW6DpoDNfp99MCHQGDiUHGj0dy49YFpgeA/vAWC44jHiUnG1/vGmYnhTcfcahDtpDK5eQwELy7Sw8WJZFgGfBcGHI6IFv4iIiIiIRCMlACT62DamaeLGBCtYMN9EsFKgj9ugl2HQN84FGLhdLrxug3iPQVMA9jRbxLtai+wNLMvGCg6JTUuyoc3fg08uHEif05a0LPb7guHGNpuxLH+wqSFucMVh2y5M28Z/sGmBgRb7IiIiIiISK5QAkJhh2za2beOGYHIAwAo2z29q6RvQz/WVm776968ywY8XPJnBrEGzRcuzAYD4Q9dZdvBiERERERGRGHWi5ZGIiIiIiIiIdANKAIiIiIiIiIj0AEoAiIiIiIiIiPQASgCIiIiIiIiI9ABqAigiIiIi4XPHQpZNGdrylwbWltzK/DcdjeiQOxaybAr8/YYiFh/rmksfpng6vHDLj3jjeOOctIEZ9y0JT5zSPVz6MMUFY0k66psh+tm49GGKCzLZ3Jmx2sbXsI6S4/03zx384vnRfHa0n50OjSORpgoAEREREQmPSx+meEo/1pbcyIwbbqRkLYwrWMgsB0Oateg5li26o51XX8rc6ZlsfuEEC5glRfyd8/lFe4eVnunNH1F4Q/BnYUbJOhpoOPizMeOG4y/YO/bfbWdcytzpY2Hts8y44VnWMpbpD196nMvT6Newl81dHUciTgkAEREREQmPN39EYZuFzRsrq2mgH2mxsh644wLG7VnVrp3UxX9dR78zHuay8EclEnqXnsGIpAY2r3wTeJP5K7eSNOKMY/73fNkZmbB55ZGJsQ6OI5GnIwAiIiIiEhGXnZFJUkM1K4+2oG4px1+7th/jxgWLpLf+/UY+O+k5Wk8QbP37jdzbWmV/WDl1m/LplhLoPVth6NCWYuutbzHjviVc9vAzLWOdz7JFMOOz4NtpDz/DspY5G9Y++//bu3+YNs88DuDfStfJQ7xEauXhHOlYzmvoCqrawZnb3BhyncjGZQ8Ke5QtnvLnbgLSGQ+tKroeXclCpJDBuUoszuCpQzrYENtnG4cAhryfzwjmeR9Lz/uK5/f+fr8nt9e6E7wzV0lr7+7QHMeUMzQP0l66nvl6snVRShy4ZJbzcGMhhyvscL3/37r9V2NoLQ6u2/HDP8jm/NvRKfnVKymlnYP+IUpXUh05UD3z1WT/+YjrfdA4zIIMAAAAzlb9Xp5urGepVkprZ1I6fSXV/NgrF+iksrieub1uivR2K6kcvWFfzsOlv6e9Pa60oJRKfnufal3ppudvrf2Q7VaOAgLD17y53Uqp9l1W691rzFU6aR/lOC/nYV85w83tdmrf97/xb2SvVUp1/rKkN3Cx1LP6ZCHl3X8frcXK4uOs1ket2+G12Eqp9s3xpTWNu7k5qR6/P6V//206Yweqplwa2uSfaBxmQQAAAICzdVj7/OxFyovrE2rlW9npvcXcOmgnaWWvt0/fb/dtI5b/lkrf77bWfksrlcwdjdvJ7k+9XzYP0p44uffXHNis1K+mPPwmM6XUvu1dZMxmqlT2rpMTGEidT9L4ObudcQGlRlb6SmtuXC2f2zSTdO+/1svxjTO50JQAAABwPppr2fl2PYtzy0lO3jH/xtVy0nk9ogHZWWpk5R/Jw42FbG4sdH80kEnQC1Kc816MT8So1Pmx6ll9ciu9qpV0Oqf0jr0/Vb96ZcxpBd37r9OecPdNOQ6zIQMAAIBzUs/VciZvHqawddCeUV1xIyv9Xdwrg53/q2VbHU5o/+30DTKXv0mt1Mp2by3e3pmc4zL99YeM6fI/X837TIUTj8OsCAAAAHA26vfydONxr6Y+vY1LZ/zmYVqNlwMp/zfuXR8oCTgVzYO0+zdkw9+leZB2+nsEdH1scIOCau5kvz/l/9h75XBt1rM6XxnzmQ+9fiXz9+pHY3bGdfnPmEaeHzIOMyMAAADA2Wiu5fZ2O7Wl9WxurGdzsZLW9uTzzqfTyEqvn8DmxnqWasnus7tT1SQ/2msllYVsPjnuyL5uU7+jkv7h77KxkPLuj33fpds08KODGxRUM/f/+WvatVsj75WBddvrD9Bdi98lOy+myx5YfjBh3Tdz//mLpHYrmxu3UsuLPB91qkD1Skrtgwkb+inHYWY+e/fu3bvTHPDVq1f58osvTvz3fzz6Okny+Z1fTmtKAGfq8Ll1yPMLuCyGn18//PevM5rJBbX8IJtzLwfq/Cd+dtwRa8Cpe/zV6ySX9/+u//3+e65du3aqY7558+bYz8gAAACAURo/Z7d8/X3a/wR35irHHHEIMHsCAAAAMFIz95+/TvX7Y8oFlh9kMb9m5TR7EACcAccAAgDAOM213D6uhLlxNzfPZTIAH0cGAAAAABSAAAAAAAAUgAAAAAAAFIAAAAAAABSAAAAAAAAUgAAAAAAAFIAAAAAAABSAAAAAAAAUgAAAAAAAFMBfZj0BAAAuhv88ezrrKQBM5Y9HX896CpeSDAAAAAAoAAEAAAAAKAABAAAAACgAAQAAAAAoAAEAAAAAKIALewqAro7AZeX5BVxWnl8AnzYZAAAAAFAAFy4D4PM7v8x6CgAAAPDJkQEAAAAABSAAAAAAAAUgAAAAAAAFIAAAAAAABSAAAAAAAAUgAAAAAAAFIAAAAAAABfAnO2411e+qejoAAAAASUVORK5CYII=" height="600" width="800" />
<img src="data:image/png;base64,iVBORw0KGgoAAAANSUhEUgAABAAAAAKOCAYAAAA4d2sRAAAAAXNSR0IArs4c6QAAIABJREFUeJzs3XecldWd+PHPU26ZO70xM8wwlKH3pqLSbRhrxNhiUNSYrGluSH4bTCK6boIplsRUzQaCGBVFFNGAUUBBRekiDF06M3Onl1uf5zm/P+6dywwMzKgUWb/vfe1u5j7nOc95Lve1rz3f8z3foymlFEIIIYQQQgghhDhrTZs2rd02+mkYhxBCCCGEEEIIIc4wCQAIIYQQQgghhBBfAhIAEEIIIYQQQgghvgQkACCEEEIIIYQQQnwJSABACCGEEEIIIYT4EpAAgBBCCCGEEEII8SUgAQAhhBBCCCGEEOJLQAIAQgghhBBCCCHEl4AEAIQQQgghhBBCiC8BCQAIIYQQQgghhBBfAhIAEEIIIYQQQgghvgQkACCEEEIIIYQQQnwJSABACCGEEEIIIYT4EjDP9ABOlppQLfsaDrKnbi8HGg9xqOkw1aEaQnYIRzmg4g01cJTiwoJzuXvwVHRNYiBCCCGEEEIIIf7vO6sDABE7wqbKUlYcfJdNlVuoCddgE5vsa2homgaApoGmtFgMQIOoE2VEp2Ey+RdCCCGEEEII8aVx1gYASqt38NzWF9hQtQkU6Ghouo6JAcRW+W3HJtOTgYOiKdqIpmlYjsXQnMEMyxt8ht9ACCGEEEIIIYQ4fc7KAMC26p38/L3/IepEMHQTTVOo+Kq/oxwsxyLbm834wtFEnAjvHl4VW/1XCge4te+NmPpZ+epCCCGEEEIIIcRnctbNguvD9fxqzaNYTgRTN1CxmT9KU0QdizRXCjf0uo6+Wb1Zeeh9lux9EweFrmlE7AgTCsfRO7PkTL+GEEIIIYQQQghxWp11AYBXdy/mcKACn+FNfBZ1LEzN5LoeV3F1yVeoCdXw+Po/s69hP6ZuxjMDFC7DzZT+NyZqAwghhBBCCCGEEF8WZ1UAoDZUx2t73sCju1GAUgpb2YzKP5eb+1xPcVoRiz95k6c2zwbApZsoQNM0IlaYKX1vIceXc0bfQQghhBBCCCGEOBPOqgDAztrd1EXq8epuosoiy5PJXQNu48LC8wjbYf64/knePLAMQzPR0VEoNA0sx6JrWjFXlkw6068ghBBCCCGEEEKcEWdVAGB7zQ6UcrCUzfjCMXyj303k+rKpDFbz6zW/Y2vNVkzNhaZxpDaAUigU3xvybXyupDP9CkIIIYQQQgghxBlx1gQAHOXwUdUWDM3gO4Pv5uKu49A1nfKmCn615nF21O7CbbhQCmIl/0EDAlaIewbdRd/sXmdy+EIIIYQQQgghxBl11gQAglYQt+7igVH3MSJvCAD+QBUPrHqYg42HcOsuILbfvzkKELTCXFdyNV8pufQMjlwIIYQQQgghhDjzzpoAgK7pfG/ot8iNF/GL2lF+t/7P7G88GCsKqClQKlEYUNd0buo1mVv6fQ1DM87w6IUQQgghhBBCiDPrrAkAJJlJJJmxPfxKKf659UVWV6zFYyYRwkJTGm7DTWFyAed2Gsb5BefSK6PbGR61EEIIIYQQQgjxxXDWBABa2l23j2XlH3J+0Vi6JeXQLbmATsl55CbnkePLQdP0Mz1EIYQQQgghhBDiC+WsDAB0Scnnb+MeRrMtnKZKzGAdKhJF2RVgWyhvBprbd6aHKYQQQgghhBBCfGF8cQIAykGFGyEaBE8KmisJjrOS76o7gLP5NZxtS7FqDhBSKlb8TzdQhhsjqwi9aChmyRiMgkFontTT/DJCCCGEEEIIIcQXi6aUUmdyAKrJT3TXCuxdK7Ard0MkCN40jMwuGAX9MLqdj5HbG0zPkXtCdTh1B1ENFTg1+7APbsQuK8Vp8ENzMAAADT23J+6h12L2vwLNnXxmXlIIIYQQQgghhDiFpk2b1m6bMxcAcCwiHy8k8v5snNqDoOuxvfuajnIcNByUAk03MDoPxDXsq5i9LkIzvW12p5qqsP07sHYsJ7r1DQg2gK6jAE0pjM4D8Iz5D4zic0/vewohhBBCCCGEEKfYFzYAoML1hJc/TnTDK6Absf8GcBxQ9pF2mo5GrOq/BhhdR+AZew9GweAT9u/UHiCy6RWiHz6DsqNohomyLdA0vBN/gHvYjaB/cXY/CCGEEEIIIYQQn8cXMgCgogGCL/8Ia/cHaKYb0GKTfgV64QCMLiPQk7NQtoWqO4jj34ldvj22NUA5YLjwXvdbXD1Gt/ss27+N0JJf4BzaAoYLlELZUTzn3Ypn3PdBM079CwshhBBCCCGEEKfYFy8AoByC/55JdN18NFd8T79joSdn47nohxglY49N8bejOHUHsHYsI7JhAarmIBgmSV/7HWa389t/ZKiO0L8fxip9EwwTBWBF8F72X7iH3nDSX1EIIYQQQgghhDjdOhIAaLvM/ikS/fgVrLUvtpj822jJ2bHJfJ9L297fb7jQs7rjPu8Okm/9O+7zvoFybIKv/AQVrG33mZo3He+k+zH7TgQrigZohovwkoexq3af3BcUQgghhBBCCCG+oE5bAMCpP0xo2e/BdMc+UIBySLrmYfTcPh3qQ0vOxTPhP/FN/i0qUEPko5c7dp8rCe+lP0XL6wW2HTteUNMIL30UHOtTv0s4HCYQDOI4zgnbKaUIhUI0BQKEw+FP/Zz2RCIRmgIBQqHP33c0GiUQCBAIBIlEIliWddz362jSiGXbBINBAoEAkUjkc4/xTHCUQ3nAT9AKfeY+InaUikAlzpk9cEMIIYQQQgjxJXfaKuFF1z0Hwbojx/lZIVwX3IFROPRT92X2nIDvhicILX8C9/Ab0VxJ7d6jedPwXnofwblTAQcMN9bu97DKNmN2HtKqbXl5Bas++IDMzAxsx2HMhRdimib19fXMX7CAJUuWUN/QyBOPP05JSY9jnnXw0CFWrFjJ22+/wyd79hAKBcnOymLgoEGMHTuG0RdcgMfjOea+lmpqa3n//VWkpKRQW1vL6AsvICsrC6UUGzZ+xOLFi9n08cfU1tbi8yVR0qOEcePGMWH8OJKS2v8+AJoCAdat38CypUtZv2EDTU1NoGkYuk5mZga5uZ1I9vnwer34fD7qGuqprPDzve99j/79+rbZZzRqsWHjBpa//TarVn1AdXU1SilSU1Pp368fF110EeecM5LMjIw2799es4sPy9aQYiZTFaphWKchDM87cdFHgA/L1rGrZjcew0NluJrLu15El7Qi1patZ71/E7ayyHRnELRDNEUD1EcasbHwmT7yfJ3ok9mL/tl9SDoqC6Ux0sj3lv2Yc/KGM23Ed9G1TxczUyj+9+OnWXHwPR4b90vykjt9qvuFEEIIIYQQ4mQ5LQEA1VRJZNOiWCE+AKXAk4x72Gffg2+WjCPJlxXrq6P35PfD6DoCe+86MEw0TSP60cJjAgAfb9nMj370IxQwatR5TBg3jsNlZXz7nu+w+eNNGLqBpuu4j5rENzY2MvsfT/OHP/4Bl8vFwIEDKS7uQiQcZt26daxdu5bnnnuOsWPH8uADD9C5IP+4Yw0Gg9z3058SCAQwDINXF76C1+vl4V//mmeffRYNDdNlohxFOBJh48aNvPTSS5w3ahQPz/wlRYWFJ/wuNm8pZcaMGaxZs4Zu3btz1513Mnz4MAzd4KNNm5g1axbvvfceqalpfO1rX8OybCr9ldTW1REOt70avm37dh59/HHeevNNDMPk5ptvZtSoUaT4fOzcvYsFCxbw7HPP0bdfXx64/34uOP/YGg7haIhntr2ASzdRStEjo+sJ36NZRZOfOVufxRX/jZ2ffw5dgA3+j5m/6xWSjCQcHL7e+wa6pHYh4oTZVfsJSw+8Q9gOYWouuqUWM23E9+iSduS7qwhUEnbCvHPwPa7pcTm9s3p1aDzNDtYfYtGef2FqBmHr7MyCEEIIIYQQQvzfcFoCAFZ5KaqpGs0VX121o5gDLkdP/XyroUbBoE93g25i9p6IvXdN4m9797uoUB2aNz3RLNmXjMvlIhqN0rNnTwKBIN/9znfZuH49mdlZWJEo4UiYZJ8vcU8gGOTub/8Ha9eu5eGZMxkzejQZmRmYhoFl25SXV/DY44+zcOFCli1bSn1dHU/P+Qdut7vNoSb7ksnNzWXfvn2kpaXhdrm594c/Yvu2rcz85S8ZOHAgWZlZVFVXsWzZcv74pz+hlMOq99/ne9//Ac8+Mxevt42aCsCW0q3ceNONNNQ3cOONNzLj/p+TnJycuN6nT28uu/QS/t9/Teffb/2bpsYm/uvBH+HxeI67LWDtuvXcfscdNDbU06dPX574/e/p1bMkcX306Au55aabeOHF+fzsZz/jttun8te//JmJEya06sfWFB7djaHrKKUwNNeJ/03j3KYbt+HG0Aw0NNxG7Hs1dRO37kbhkOZK4aqSSXhbrPJfU3IFv1n7e/Y27GN3wyf8YvVveWzsL0mKZ5XUhOtiWx40WLDzNX58zvc7nAXgKIentz6PhoYC6iMNHbpPCCGEEEIIIU6F01IDwN67Gq3FpEmhMHtcCGin4/Gt6NndUc3P1XScxkqchrJWbXKys7EcG4DkpGSe/NtTlFVU8PdZs3j5pZd48cUXeOCBB4lGj6zoNtQ3UF9Xz2uvvspXr72GnJxsTCN2zKBpGBR2LuAXD/0348ePxzAM1qxZw8JFrx13nKZpkOT1oGkapmHw05//HI/bxasLX+H6yZPp26cPnTrl0q9vX+75j2/z6COPoBR4k5JYv349by1d3ma/wWCQH/34x4TDYXJyc/nJf/2/VpP/Zmlpafzifx4iPT2dfz77DE/97W+x70/X0fXWP5vq6mru+c53CAeDZGVl89e//KXV5L+Z2+3mlptv4itXXIFj23z7nnvYs3dvqzapZjKapqEUOCgy3WnH/Y5a8uru+M9JoWkaKa54cEbX0DQdDQ1NNwnZrVfhi1I78+1Bd6CUg0tzc7DpEJsqtySulzWVxQIKusl7ZR+wu/aTDo0HYEvlVt49/AFuPRaMqAj6O3yvEEIIIYQQQpxspycAcHgL6EeSDTTdRM/ofDoefSzNQDNarCorcPy7WjWpq6/DNAw8Hg8LXlnA4sWLefGFeUwcP46uxcX06d2bW266kby8vMQ9SUleHn30t/RsY+LbzOPxcM9/fBvLdjBdJgsWLCAajbbZ1jRNDJcbTdOorqlh85YtzPzlL0hNTW2z/WWXXsKtt95KMBjE43Ezf/4LWNaxBQ4/3ryFraWlgMbVV19NVlbWccebnZ3FRRMvwu328Oc//4Wy8vJj2iil+P0Tf8Tvr8B2HH7w/e/TtbjLcfvUNI1v3nUXhmlgWxZ//OOfWhUVtJQFaKCBrumEVdvfz9F8ZlJsN4imgaYRVbEATqqZjFIOtlJ4dBdu/dikl84p+SS7UnBw0NHZ27Avca0+3ICDA0pDoXh+20s46sTFHwEsx+Lprc+ja1pzXIKaUPunVgghhBBCCCHEqXJaAgCqqTJWeT/2V2wF3tt2EbhTPxgnNkkkNunUdB2nuvUqtCI2+UTTqPD7+fGPfkxB/vH360Nsxbx3r/b3hxcWFpKZkYGm6ezfv5/QcU4HMAyDZJ8Px3EIh8N8/7vfJSUl5YR933D99Yl7t5RupSkQOKbN6tWr4yv4iiFDhhxz/Wh9evdG13VC4RDr1q8/5vrhsjKee/45vN4kkn0+Lr30knb77NatK/n5+bhcbhYvXkJ1dU3imqGbR36UCrzGiYslNgs4EVyaEd82oOMzYmn+me50LGWjaxqmptNW1ont2LGfBLGsgyxPZuJaRbASVDxrRTP5sGIdu2v3tDueNWXr+bh6C6ZmgBa7vzZS36F3EUIIIYQQQohT4fQcA6gUzRPuxAQsWHO81qeWpoMVpeVEUIVbT5RdLjcKhW1ZFBYWcu4555y0x3vcbrKzs1HKwbKs4x4PaBgGSR4Ptm1jGgZDBrdfCT8rO4vMzEyUA4FAE42Njce0+WTPHkyXCWikphyb+n+0lNTURKHFgwcOHXN9xYqVRKNRbNtm5MgR5ObktN9ncjIlPUpixySGQ2zZciTlPsnwxn4pSqFQiYl8e5IMLw4OSik0NDzxGgBNdgBTM9A1DUc1Zxi0VhHw0xCJfVce3cXwTrGTKcJ2hMNNZRi6QWwKH/uvuVvnYcczDNoSjAb5R+mzmJqJocUyDjRNwx/wo5CjAIUQQgghhBBnxukJAGhG67+dKE7DmdkPrYK1qJYp3I5z5HSCuOa9+5ZtM6B/f3wtiv19Xo5SBIOBxHNMs+06jErF9rJrmobH6yU7+/ip+i3HnZ2VFZ+mQih0bHAhOzsb245NlB27/VT22toaNF2L7YN3t/6eHMfhw9WrMQwDy7I477xRGIZxnJ5ajNM0Y4EKpbCsKA0tAhWu+G9FQatifu1JcSUlivVpxDIJAOojjZjxEwXQdMyjtgA0RBqZu/V5FArLsbiz/xQyk2LZKbZjURmsAuCKbpPwGh5MzWB1+Vp2VLfeNtLS+4dWs6v+E3pllHBtyZVYjo2GRmWwiojdsS0NQgghhBBCCHGynZZTALSUbJzaA2iJQICGvfdDXL3Gn47Ht+L4d8ZrssdzEnSdo4u6G4YBKrZTIDk5GcP4fHESpRS1dXXs3LmLZ/75DBUVfnRNRzd03K62q9xrmkZdQwNutxtd19A7MLF2HIeoFUXXY0XvPJ5j0+dHjhjOX//yFwzTYO/+/e32uXPHrsTe+t69e7e6FolE2L17N7quYxgGby1dSn19A9XVVaSmpePxuPB6vDjKIRQMEwqHCAaDdMrNZc3atRiGQVNThMaGFpkK8Vx8Lf4/XtjxMp2ScjB0kwarEV0z8BpedHSCTgjbieIzkjgcKEfT9FZBAAA93l/zv3jEjuA1PNSHG9havYOnS5/lk4a9ZHrSmdL3Fi7pduRUgkA0SF2kHtux+Eq3S3DrLp7bOR9TN/nb5jn8avSD8eyAI4LRIHO2PoupGXyt17X4TB/P75iPoRnUR+oJRoOJ7AQhhBBCCCGEOJ1OSwDA6NQLZ/86IDZZ0gwTa+sbqNHfanX83ilnR7H3fgjxSVusOJuDltG6aJ2mxUIESoGutz/xPlpNTS179u5h1+7dbN+2ne07d1BdVUMkEqJ7t+5kZWVRXVWF0U4GQHMWgK7rNLWRzn80J35P8zuktlEzYPjw4WRlZVFXX8dbb77FbVO+ges4Y6hvaODtd5ajaRoFBfkMHDig1fWmQAC/3x8LOGgalZV+3lnxDr7kZJJ9PjweD+FwGNPQcbvdWJaNZVvs2r2brl27UlzcBaUUBQVH1VeIl2jQ0fikYS/lIT86Bm7DjUs3sR2HiIqCclDKIclMojZcd+TeY/pS8RV4Pz97739Id6VQHqykOlTNkJzBXFQ8gfMKRlCYUtDqVn+wEgsbt+EhxZ3M5d0vYd7OBRi6wdaa7Xzk/5hhea3rKCzavZjDgXKG5gxiZN4wdtftQY8Pqjba0KECgkIIIYQQQghxKpyeAEDBQKLq+SMfaDpOg5/o9mW4B197OoYAgF13EPvQ5lYnEqBs9Px+rdrF9pHH//Nxzr1vy8FDh5j3wgvMmzePmppaevbsySWXXMKUW79Bly5FFBYWEgoGueXWb1BdXYVpuggEArjd7a8Ia1r7RyY2V5vXNA23200oHCKd1sfoZWVm8uCDD/KDe3/AmrVrWLToNb567TXH9OUoxZNPPkVlVRWGbnD//fcfE1BwmSaReA2DQCDAjJ/fz+jRF7Yaq67rrYIZLSv+N//no48VbC66Bxr3Dr2HHhnd2n33zf5S7nv/vzkmAqBAxYMAGd4sQGNj1WZMzcQ0TG7qfR19stsu3lgTqsWyo2T7stB1nRxPNhd3GcdbB97B0Az+vmUuj+b0xxXfQlITrGHezpfRNLit380YukGqKxXiJwFE7Qj1kQaykjLbfJ4QQgghhBBCnEqnJwDQeRC4vODYR1K8TS/h5Y9jllyInpx7OoZB9ONXwY6A6SU2M1TgTUc/akLmOE4sjVyLTYQ7YvOWLUy94w7Kyyso7tqV//3fvzFy+PBj0vDr6+tpamoCYscCakdPfuM0TUsU3+sowzBwxwsHulyu4wYNvnL5JGpqHuDxxx/jvp/eR31DPZdecgmZGRkopajw+/n732cxe/ZssrKy+OnPfspFEyYc048CzPgWBtMwCASCbdYAaK5lkHivDtGwlY1bb3uLxLFiq/zHfKrFagk4KJJMHz8Z8QOe2PhXtlRvxbItfrv+CX514YNtTsoPN5XhoMj0puOJn0Zwfa9refvgeygUn9Tv5d2DqxhfPAaAl3Yuoi5SxwV559EnKxZUcBsufIaXkB1GKYfqUA3d0os7+E5CCCGEEEIIcfKcliKAenpn9G7noZwWFdh1A4INhJb8EnUaCqPZtfuJrnkODDeJEwkcG6NwIHpy68r1TstV/w5MwuvrG5g69Q6qq2voXNiZZ55+mgvPP7/NPfhW1MKyLBxH4XG7EgUHj6aUIjklGcuyjh3Tcei6gQaxkwNMA19S28ULdV3nG7d+nd/97vdoms4vf/lLbv3GFO785jeZeuddfGPKbbz//vv8cNo0Xl24kOuvu67NiXuS10tRUSG2HQvsHDx0oN0xtkcdlSLfVtX+tljNVfm15n7i2QUqlnWgAyErQH5KJ+4d9h+kuWOZEeWBch5d/0eibfwGDzQeRkcj3Z0WOxYSKEztzBXdLiPqRDE1k6e3zSNsR6ho8rPwk9dx6W5u7XtDojaApumkutNivzgNygMVn+4LEUIIIYQQQoiT5LRkAKAZeEbeSGDH8hYfKjDd2DtWEH7rV3gv+n/xyfnJpyKNhN/4JcoKo7Ws+K9sXP0uS9QEaBabbGuA1qEMgLeWvkWFvwKX6eL6yddT3KXohO0dx8ZxHAzDPDb9PU7TNEzThRWNYrvdpLSxn/9o4UiYqBVF08DQDUzz+PULPvhwNQ8+9BBTp97BTTd8Dbfbhb+qCqUUOVnZZGZm4PWe+Ag+t9vNsGHDWb9uPWgaW0q3JVL9P6uoY8eyL+Jfu2V3LAAQsGPvrYhN+KPxYFOON5uoE8VluNCAoBUiPzmPn5/zY3787s8xNZON/k3M3vJP7ho0JZFFYDs2ZYFyFIpsb3YiAABwebeLeW3vElCKikAF/9r9bw42HSJkh7is+CJKMnsk2vpcXlJdqZQHKrBRieMGhRBCCCGEEOJ0Oz3HAAJG4TDMoqFw9ITOdBFdv4DQm79CRQIn/bkqGiT0xi+w96w+avLvgC8Ts8foY+5pXm3XNHCcEwcAlFKsWPkuHo8XNI2iwsITto9EI1iWjdvtJhgKttoTf/QYIpFIfMuE6tBRhLZlEY1GMQ0ThSIcPvYYQAC/v5JvTPkGdjTK975zD126FJGXl8fA/v0ZNGAABQX57U7+m1191ZUoLRYMWLr0LSoqPt/xjk12MPYftNjRgw1Wx34TlhNBQ0cHHOUQtENALKNAEfs+Dc3ApcViXn2ye/HNAbcRdiK4dRcv736NlQdWJfoLWiEqAn40dNLdqa2e1Tm1gMu6XERU2bgNF3O2Psdb+9/G1Eyu6nF5qwCIS3eR4vbFahooRU249rN/OUIIIYQQQgjxOZy2AIBmuPGM/37bE17TTXTjQoIv/xCncudJe6ZTf5jQq9OJbnkTjNZ7yZUVxT3qNrQ29n5btsWRw+jazwCIRCI0HzZX31B/wrYu00VTU1Oiuv/xWJZFU1MTpmmgFFTXtD9xVErF0/FjOxcikba3Vix4+WWiUYuc3Bxcrs+XBNKvb18unngR4XCYxsZGnp4791PdX1lZ2eo34dYNHOWgAbGpe8fqIPhMb3y7QGy/f8SJvXtlqBaXbqBpsW0CzZ8DXNHjMiYWjUsEAR5b/0d21XwCQHWohrpIPZoOGd6MY553dcnleHVPfIeIIuJEmFA4hpKM7q3a6ZpOmjsNhULXNMqb/NjN2xWEEEIIIYQQ4jQ6bQEAAKNwCO7zb4NoqI2LLuw9a2maeyeRNc+gGj/7XmkVbiT68SsE/nkX1s6VrVf+0cCx0LOLcQ+ZfJwOFI6KTdjCkchxV+khlqo/fNhQIpEIhq7z9rLliX37RwtHIjz22GNYloVt2yfcAmBZFqFwKFE5PxhsfyU8FAoTCoVxHIWua6Smtr1tIBwOY5ompaVbWbhoEf7KSgKBAJZlEQgECAaDhMPh475HS7quM2PG/aSlpWEYBn/73//l+RdeaPc+pRQvvDifP//1yVYr5mErghZP448dxdixUxhqQnUY6IBCKXBpse0PlorEQwgaETuC3vKEAk3nrgFTyEvqhFIOtrL5xerf0hhpImJHiDgRNKWR4U475nkFKflM7DKOqBNNFIv8Wu9rW20VaJbpTUeh0NApD1Z0eFuDEEIIIYQQQpxMp6cGQIKGZ9Qd2HtXYx/ajGZ6OLLCq8AwwQoTfutRImufwzX4KsyeE9AzitBcSSfu2rFx6g5i7V2F9dFC7PJtgBZf+W8xgVc2KEXSlQ+huZPb7Co9PQPLtjB0AyvafoHCyyddzqOPPY5t26xeu5Y///VJvnnnHa3S6Ldu3caD//3fDBgwgB49erB37x727dtHdU0NnQsKjunTsm2ikSjEJ8PHW81vyZfsIxIOo5TCcdRxAxcTJ07g9088QSQS4b7p95GVnU16ejoetxsFuF0uPF4vHo+HvLw8+vfrxwUXnE/3bm0fx1eQn8/fnnqKb3/7W1RX1zBjxgwOHDjILTfdSMFR7xaJRtmypZS/z/o7L7/8Mn/9y19bXQ/bYRzlYOoGmnJojAbbfW8AUzeIKgu3Fvv3ro3UU0hnwnY8gKPFAgD2UcUU071p/NfIe5m24qe4dBf+oJ+/fPR3+mb2QimFoRnHrWkwuedV/HvfUsJ2lJGdhtElre3aDx7Dg46OpmlUh6oJWEE85rEFIoUQQgghhBDiVDrNAQDQ3MkkXfsbAs/cgaqviE36WzXQwHSjGioIr3iSyLuz0Dv1xMjvj55bgp5eEDvGz7bAMFAN5djV+7APb8YpK4VVaSkKAAAgAElEQVRwE6CB3sarKYVyHLyTpmMUDDruGA8fPoxtWYSjIaKRSLxg3/EL6hUU5PObX/+aH9x7L0opfve7x3l35UrOG3UeLtPFR5s+Yt36DUz7z//kphtvoPeLvfmvn/yE6qoq7vrm3YwdM4bJkyfTq2dJos9QMER5eVliH39jY0O7321NTQ2RaIRoJEptTQ2BQJCkpGMDJ/379eOxRx/l9088wf79+/H7/ZSXl8e2DwCGoRObM2vomoam63g8Hm6++SZ+8P3v42ujz+HDhjLv+Xn8+re/4c033+KJ3/+eOf/4B2PGjqVH9+74kpOpq61l9ZrVbNr0Md26deMfs//B2DGtazA4ysFRDgoDBUTttusYHPPuobr46rsW20IQj33o6FjKxqMZhJ0oNeFa0jyt9/T3zurJ1H5fZ1bpM7gNNysPreKDsjW4dTcODmZbvyWgU3IulxRP4OXdr3Fzr8ltrv4DJJvJNB9TGLYjVAaryWxjW4EQQgghhBBCnEqaOlF++ylk1x0k9Pw92LUHj0rRb4PjQKyMGhA/S17TUM2rufEVXk3T40Xz2qAUyrHwjLsHz3lTSZwX14YdO3Yy/6UFZOdkY9sWU2+7rc0j/Y628aOPeHruXFat+oDqqip0wyA9PY2JEy5i6u230aNHbH+4bdsseu11PvzwQ3RdZ+TIEYwdM4bMzCP1CMrKy5kz52lycnKpqKjgqquuYED//id8/o6dO1nw8ivkZOfgr6zkrjunkp2V1WbbhsZGHn3sMZ599lmGDBlK7z69KcgvIDsri9raWsorytmxbQfrN27AsiwMwyAYDHDLLV/nwRn3HzcgYlkWH320iUWvv867K1dy6PBhLMvCNAySfD4uvPACrvjKFVxw/qg2CxsebCyjvKkcl+HCcizyfJ3onJLf7ne/q/YTGiONaLqObVt0T+9GhjedT2r3UhepR9d1bMemX1ZvvOaxBQ7DdoR15RvwmUm4DDfJppeIY9NkNdE9rSvpnmO3AQDUhxvYVb+HITkDjhsAqAj42d9wEJfhwnZseqR3O25/QgghhBBCCPFZTJs2rd02ZywAAODU7iP02gPYBzaC6YL4Hu4TUbSeuh/9d9sPiq1seyZ8H/eIW+A4E7XjPvNTHG2nlKKysgq/v4Ikn49OubkkJ7e91eBMWfXBB0y/76dkZ2XzwAMz6N2rJ273sUcwRqNRtu/cycMP/4oPP/wAl8tNKBRi4Suv0L9f33af09QUoKa2hrq6OpKSksjJziYtTSa+QgghhBBCCHGyfeEDAAAqVEd41d+Jrn42tpJ/9JaAjvbD0YGAeB1520JP7YT3KzMwu573+Qd8livduo0rr7qK3r1789w/nyE9Pb3de+rrG7j9jjvYsmUL0WiEGTNmMOXWW0/DaIUQQgghhGitMlTN7zf9hVXlq6kO15zp4YijZHkyGZV3Dt8f9G1yvG1nI4tToyMBgNN6CkBbNG863vH/SdJNf8ToMhQcK7Fi/6n6afmHAuwoOA7uYdfh+/rfZPJP7BSC+2fcTzQaYdoPf9ihyT9AWloqt9xyM9FoFEM3qKysOsUjFUIIIYQQom2PbvwDr+97Qyb/X1DV4Rpe3/cGj278w5keimjDaS8CeDxml3Mwrh+IvWs5kY0LsPdvjAUCNAOlae2n4CsFzUfG6Tpm/0txD7seo3DYqR/8WWLXrt1s+mgTaWlpdO/edkX/4ynuUoxhGFiWRdfi4lM0QiGEEEIIIU7svbIPzvQQRAfIv9MX0xcmAACguZIw+16O2XMidtlmrL0fYu1+F8e/O5YZED8bXnNs0GMV32NF/2InBxidemN0Oxez90SM7JLjFwT8kqquriYSjeL2eDpU1LAVDVAK0zTp1bv3CZs6jsPBQ4eIRiIkJyeTl5cHQDgcwV/pT5w2kJ6WRkZGBkopyssriERiR/YpFIZh0LmggIbGRqxolJycHABqamuxLSvxd7NIJBI7vcG2yczMIjPzSJX9pqYAfr8fUGRlZSXqEFRXV2NZFp06dQKgtrYWK953ZVUVgaZA7EQBNDIyM0hvUb+gqSlARUUFuq6Rl5eH1+vFsizKyyuwbAtUrB6E2+OmID8/EcAKh8P4Kyvp1KkTbpeLaDRKeUUF+Xl5RKMW/kp/7DtQiqSkJDrl5rYKftm2TXlFBUopCvLz0XWdpqYm/JWVZGVmJt7NsiwOHjpEQX5+or5DKBSisrKKzp0L0HU9Pt5y8vPzE0UdGxoaaGhsPOZoStt2KC8vJxwO4fV6yY+/UyQSoay8PHbUooqd4pCakkJmZiZl5eXompZo29DQQHV1DdnZWXg8HsorKnBsG6Viv5mUlGRycnIoLy8nJSWFlJQUAPx+P0lJSdi2TXVNDaZpomkaVjSK15tEfn7eCX+PQgghhPi/pdFqOtNDEB0g/05fTF+oAECC6cEoGo5RNBz3ubehGitwavbh1B1CBWtjk6toCN3tQ0tKR8ssRs/qiu7LAjlf/bhcbhemYRCJRKitraOosLDD9+7bs49QKMTQ4cPo06vncdtFo1H+teQN9uz5hMzMTKprahg8cBDjx42lpqaaF+bPj5124Chq6+r4yqRJlJT0YMHCVzANg5SUVBzHIcnr5fJJl/HRxo9Ys349d995BykpKaxevYaGhnomX3dd4pmRcJiFixZR39iIoRtU11Rz3TXX0LVrV8rKyljwykJMw8B0uWhoaOCr11xDly5FvP/BB1TX1PCNW24BYMOGDVRWVXP95OtYvvxtDh4+TGZGOlbUIhgOcfVXrqBLcRcqKyt54aUFuF0mkXAE0+Xi5htvAGDe/PlkpKfj9XpwHIesjEzyLu2UmGBXVFTw4ksL+PotN9MpN5e6unpenP8St33jViorK1n42mvkxQMS1dXVDBk8mDGjR6Prsd06oVCIVxa+SmNTI3dNnUpmZibvvvc+Gz7ayIXnn8+FF1wAxE6yeOmVV7hi0iSGDh0CQHl5OfNenM9XJl3GgAEDaGho4IWXXuKu228nJTUVpRT/WrKEPXv38a277kxsEYlEIrz+r8XsP3iAjLR0/FVVDOzfj4svuoiq6mqef+FFOseDEY7j0KNHDwYNHMCL81/Ctm3uumMqaWlpLH/7bUq3befSiy+iqLCIeS+8SFZWFh6Pm2jUokf37mRkZPCvxUtwud3cfOMNGIbBm0uX0q9PH9xuN2vWraOpqYlIJEpmRgb5+Xnk51/S4d+xEEIIIYQQX2ZfzABAC5orCS2zK3pm1zM9lLNe/759ycjMoLy8gvXr1zNwwImPFWwWCod5+pmn0XSNn06/74TZAxs2bGDfvn1MufVWUlNTKS8v59l5L9CrZwlebxLKUUy+9lpSUlJ4+50VvLNyJQUF+ViWxfgxY+jbN366gAJN1wBFKBRixcp3uXzSZWi6hnZUucfKqir27j/AlK/fQm5uLh+uXk1dfT22bbP4jX/To3t3Jowfh67rrFu3jldefZW77piKy3S17kvT4s+ESDTC0MGDGDd2LEopXnn1Vd7/8AMKiwr51+LF9O3dizGjRxOJRFi85A0qq6rIzclBOQ5XXD6J3Nzc2GsolZi8H3mMhtvlan5kYoXfcRS+pCRuuP56XC4XO3bs4NXXXmfI4MFkZBzJaHC5XLhMF4cOHSYtLY1Dhw7hcXtwHBXvx2HT5s0U5OWx/qONDBw4ILZqTmwrzZtLl1FSUtLiKMfY82tqaqio8JOensa27Ts495yRAKzfsIHDhw9zW/zf9PChw3y4ejXhcBgNMHSdydd9tdXvIhAIYBixLIOqqiqSkpIoL/fj8bhju3XitUevvvKKVsdfOo6D2+1iz/59bNu2jf79++MoheMo+vXrR58+fXj33fc4cOggN0yejH6c4yiFEEIIIYQQx/rCBwDEyZOamsqPf/T/mPajH/LIo49yzjkj6dunzwnvCYZC3P/AA6xdu5af/GR6YlLYFqUU23ftYtiQIxPWzp0706WokG3bdzBo4AA0XaempoZQKITf7yctNRXTNPG4XKzdsJF9Bw7E0vJzczln5EhsR9G1uJhdu3ezb98+UlNTqa+tb/XcrKwsOuXm8ML8l+ha3IU+vXvTo0cPGhoaqKqqYtKllyTS4AcMGMB7H3xARYUfXW9j8hg/E8M0TcorKtiypRTbtvFX+Dnv3HNoaGigrKKCyydNwjRNTNPkuq9eC0BDfQOGYbBi5bukpKZgWRbdunZjQP9+ie41XUeheHvFCjxuD4FgACd+zKSua0SjUUpLS/F4POze/QmdOuXi8/lafMfgMk169ezJ4bIyOnXKxTBN8vPzsW0LiGUOVFVVcvONN/LsvBcoKyujqKgIRzmkZ2TgdpmsfPddRo4YgWkYiQqaH23aRP++fSkp6cFrixczbOgQTNNk08ebGT5sGGlpaYRCIXzJPsaNG4tpmiilcJTDm28txeVyEQqHGT92DF6vF8MwKelRxP79+/F6vXi8bpJ8XhzHjr+vztvvrMDn8xGNRunfrx/dunVF1w369OzJ8ndWUFhYSJI3CcuKomlaLGgR/99mPIgihBBCCCGE6BgJAHzJXPfVa6iuruLXv/kNX71uMg/PnMnYsWPISE9vtde8obGRjzd9zKOPPcb6DRt44IEHmHrbbe0WY7QtC9Ns/bMydINoNBL/S7HoX4sxdZ209PTE5NxyFCnJPjrl5GJZsfRuiG0p6FrchcEDB/DmW0spKirEMFqvqHu9Xq6/7jp27NjJ9h07ePnVVxl74YWUlJQAtFqB17RYBoHj2Og6eNwtJpEK9Hjfuq5TV1fPx1u2sGfPHsaNGcPgwYOpqKhI9HO05slweloa2dnZWLZFakpym+183iSS49dUvHilpmlYls3uPXvZtXs3Bfn5fG3y5ETwItYGopZFcZcubN2+jU0fb6ZzQQHhcJjmmXzp1q2kJCejlCI7K5O169dTVFSEhobH5eKSiy7ixQULSElOxu12o+s60WiUjzdvZtS55+J2uwk0BSkrK6NLly5EwmFc8cn29u3bWfnee0SjFtdcdSU+XzIaGtlZmXg8HqLRKKZhoJTCtm26d+vGjp07iUSjFBd1obqmOr76r3CUIj09jcyMTKLRKElJXiBWJ+HckSPZsWsny99ZgeM4rYI1zV997PMzfpCJEEIIIYQQZw0JAHzJGIbBt+7+Jueccw6zZs/mZz/7Ob5kH3379iU7KwsHRX1dHZ98soeG+nrGjh/H//zPQ/Rpp/AfxCawhZ07s6V0G8OHD8flctHY2Mi+Awe47OKL0XUdXdO55qoryc7KSkw+w+EwtmUxcMAAesYn7c2UUgQDQc4fNYrNpaVs3LSJ/n36tmqzdds29u3fz6UXX8zgwYN4//332bR5CwMHDsTt8bBz565Eob/9+/ZjWRa5ublU+Cs5dPhwop9gOIRyYpPxSCRC3z69ueD883lr6VJKt21l6NAhZGbGJrqHDh0iOzsbpRSLFy+hd+9e5OXloRzFueeekyjGdzTlOGiaznnnnUtaWho1NTVs3b4tFjxwHJKSkrj6yivYv38/Ly98lfLycrp2PbL9RQGWbZGekY5pmKxZt45rr76KnTt2YrpMotEoW0q3omkar772OpYV5cCBgwQCAVwuF8FQkNxOuYwdPZol//43yT4fpmlSVlZGMBhiy9ZtlG7bjsfjZv2GDXTp0oVevXqxbcd2hgwZzODBg8nPL+Cfzz9HJBLF51OgaZx33nmtJuMNDQ1Ytk1mZmxyv3HTJq696ioqKv3xLQCxf9tR556LL/lIkMS2bWzHAU1j7OjR/G3WbKKWRc8e3Vt9B0IIIYQQQohPTwIAX1LDhw1l+LDHOVxWxp49e9m/fz+1tbUkJXnxepMoLu5Cj+7dE3vZO2rk8OHs3LWbeS+8SPdu3Sjdto3c7Gx69+pJZVUVitiKvdfrTdyjVGwSuWbtWsrKymOp7ApGjhyBrmuEQ2EMw+DiiROZNWcO4Uik1TML8vJZ9NrrBAJBOhfks27DRoYMGYzP5+PiCeNZ9Pq/aGhswGW6WLdhA2MuvJDk5GS6d+vKOytXsnDRItLT0ti8eQtXXvEVIBYAiITDaJrG6Asv5KlZs1i6dBmTJl3GZZdcwsJFr+GvrKS2to5du3czatR5qHgq/9vvrCAjIwPbtkjyJjF8+LDECrqjFMpxCAZDpKWlYVlWYjLsOA62bWHbNt26dWPwoEEseGUhd069ndTU1OYvi1AwhNfjobBzZ3bu3kV2VhYbAwFycnPZu3cvwWCQu++8E7fHjWVZ/OPpuWz8aBOFnTtjWTaObTNgQH/Wb9xIVVUV4XCYVR9+yNChQxg/diyaplFZWcmcZ55hbG0tF5w/ijlzn+HZ5+dR0r0H+w7sQ9M0MjMzcBwHpRyWLl2Gx+PGsm3y8/Lo3Lkz4XAYr9dDXqdOlJWXk5WdTVNjE47jED8mgWVvv01aWjq2bZGaksKAAQNQjh3fapDM+HFjeX3xkvg9MbZlY0Wjn/5HL4QQQgghxJec8cADDzxwpgchzpzUlBS6FBUxYEB/RowYzpDBgxnQvz9FhYUkJx+bvt4er9dLr54lBEMh/FVV9OjejfHjxuHxerFtB9M0KC4qSkyImxm6gWmaRCJhbNshakUp7tIFj9tNekYGOTk5+Hw+kn0+cnJyEpXym5/Zs6SEqsoqqmqqGdC/PyOGDcMwDHJzcykq7Ey5v5JwJMyF549i0KCBaJpGcnIyxUVFVPj9BEMhzj3nHPr26YOmaTiOQ35eHpmZmZimSVHnzlTX1lJUWEheXh4FefkcPHQIn8/HpEsvIScnJxEAQINoNEI0aqHrGkWFhUcK7imF6XJR3KVLIrVf0zS6FhdjmiZebxJdiorQdZ3OnQuwLAufz9fqCEJd1+lcUEBqahopKSmUlPRAocjOyiIcCdOje3cKCzuj6zqmaZKREZtg5+bmkJSUREFBAS6Xi84FBfEj/fKob2hgxLBh+Hw+dF3H5/OhaRqpKSlkZWXRq2cJ0WiUCr+fTp06MXHcOHJzcxPF/GzlYEWjRKIWvqQk8vI6YRg63bt1Iy0tlYyMdLp17Zo4vjAtLT2RMRCNRohaFoZhUlRYiG4Y5Bfkk5KcTHZWNoahU1RYmMiqUEqRnp6eOF5QCCGEEF8uT5bOPtNDEB10d//bT1nffr+flStXsmzZMpYsWcLWrVuprKwkPT39M81jPq9YzbSfUFxcTOfOnU/78wHeeOONdttoqvn/gxdCCCGEEEKIL7iR88efmo5HzGFNt+JWH+3ZM57r13a8i5vHLmJa+k4eefVenj3Jw2tTz8dZNqQn2zdeybd2woxLl3MVixn5xsOn4+ntWjN5+UnvMxAI8Mwzz7BixYrEZ9nZ2VRVVSX+HjNmDF//+tdbFdM+1Z588klWrlzJmDFj+OY3v3nantvStGnT2m0jWwCEEEIIIYToCP9SHpw2m+Lpc5ja7zNcb0fprCnMZDpzPvXNpcyaMo+uj8xgYru7N0uZNWUmfMYx/l9189hFTMut5tX543mw+cOej7NsyHKWJf+BCe+8eCaHd3w772XCzjM9iNNn7969zJw5k0AgwOjRo7nsssta1cvau3cvS5YsYcWKFaxdu5bp06e3un4qrFixggULFlBZWZn4u7S0lK9+9auMGTPmlD77s5AS2kIIIYQQQnRYCfvmPchS/9GflzJr2mx2nYkhic/pesanp9DgX3hk8g+w816e9DeSmj6am8/U0ERCIBBg5syZKKV46KGHuPvuu+natSt+v5+tW7fi9/vp2rUrd999N9OnT0cplQgWnCpz587lqaeeSkz+m1VWVvLUU0/x0ksvnbJnA1A6iykPLuWY/3N0ApIBIIQQQgghxKcwZkwxKzb5mdhyub10FcsmTGDCsmVHPotnBBwJCpRwe/MqvX8pD/4JxhTPZvYyYMJ0prd6ip+lD05j9q4JTJ8zlX6Jv5u7up1HZkwkN76ivwxg2hT2Tp/DlYcfZNreG5jOTGbGhzOhnayFNsfYxvWS2x9hRvPF0llMmXnkfY/7jLNEqrfnMZ89+86VLVL5f8KLkydBq20BbX0G4y9dzrR4DWciG1ptCYhlG6Qk2jb4W2cYHPd6z8dZNiSL7f4sRuSmxPothbtbbAGIyeevVy1nRPNJ0g1HbQno+TjLhgwlleNc/4KaO3cugUCAhx56KLGqP3fu3Fb73vv27cu9995Lv379uPfee5k5cyZz587l7rvvPunj2bt3b7t77l9++WVGjBhx6rIQcrpSsmsFm/wTO5D9EyMZAEIIIYQQQnwag0ZRvGJTq1W30lXLmDBq1JEPWmwHmDNnDnPmPMLtJbuY/acWq3W7ZrOi6yOx661mzvHJfvF05rSY/K8YE287Zw7Ti2czbVYp0I+pc6YzgRJuf6TFBHzZTOY19/3I7eybOYVZpUe9R7tjjGU1HLk+neLZ02L9lM4itpNgTotntJUZcTZ4kW8d2gepk1gzeTlrJi/ir8fGAjrOPZTeoT8wcv54Rs7/A2sZyrRLfxK7NmJOYqvByPnjGblxA+TennhebPIPaze2vP5dXhzR3HkxI7wrY9eOV2cgdSjZh+L3z1/MntRJLBt7feL5a4b0ZHtz//P/wFrPJNY0j+8Lqrng3+jRo9uc/Pft25ekpCS2bt3Kk08+CUC/fv0YPXo0K1euxO8/+T/MJUuWdKhdy1oFJ13uIMaU7GJvZftNm0kAQAghhBBCiE+lH6OKV7ApMacoZdWyCYxqOYfPnciMOS1XxHMZNKbkqH5KGDPo2GW70lnTmM3tPNJ8c+kiZnM797RY4us3dToTls07/oS7pEX73IncMAGWrToqAtDOGP1L57Gs5HauTFzvx9Q5c5jaz8/SecuYMH0q/Vr0dc/tMHvR0VGGs8TaKbHJcAQghRFDlseDAXOY8Wn7imzgycSK/ot8q3QDDamj+WtPuDk5q3XbnfcyYX7z6n3zVoTZR1bzd97LhPmtswv2VLWzWt+wuEX7h7l+zz5Sc69mBjAju7h1/0eN74tq3bp1AFx22WWJz8aMGcPw4cN56KGHuO+++xKr/M1tW7Zv+dnJcnTa//Hs27fvpD/7iFwKimHf4Y4HOGQLgBBCCCGEEJ9Sv1HFzGveBlC6imUTRjEVWHVMyxYp+gAl7RQFWzaTmUDJ7YNIZOEf3ge7ljFtytHH35Vw3EPWigtoGVrI6VoCKw7jp6CNxm2PsXLvLii+gWNDFJXs3QXLZk5h2dGXJhz3zc4CL/KtV1sU+4ufCnDVVY+z/dNU9Q+XtW67s4yqIUPJTodn31nJ5MmTuGrycq7i6PT/nmS7oarpRAUHG6mqO/HjG0JHVQWsq6aBnnTueT14IDX1u6yZ/N1j+v0i27t3L0CrVPquXbty7733ArEMgeYV+ezs7FZtWt5/Mm3durVD7U5tAAD6jZrArnmb8E+c2KH2EgAQQgghhBDi0+o3iuKZiyidOBVWLWPCqKlAy9XvI5PqktsfYc7EXPxLH2Rae9nAJbfzyD3wp2l/YumgFnvxE3v+T6bPOMa4s33Pf7vWTmEkc1jTrSfje8KzJ6Xa/sNcPz+2gh9L949NxmOBgJPR/4nEAgxH1xw4G1RWVpKTk9PmtdLSUn73u98RCATIzs5OBAWaZWdnd3i1/lQ4lUUIgXgdgL109A1lC4AQQgghhBCfWj9GTVjGqtI20v8hlhVQcjuPzJlzpGheRxQXkJs7kRsmHNmLn1tQzP9n797jo7oL/P+/EgIhabnNAEEIzbBNsoTdut8mbCHJTLVaQR8rLVVLGPRRW7vr2gg0Fc13q025pNqvsbTh0uzlax91fdik4KoIfn8KdlWYgZQuxO/DfgWasMuwBCw0Ay0ogUIyvz/OmZkzt2RCJuT2fj4esXI+53zO53zO9XMd+vCBD8B//yFijgKjNT+yV0BvaZyad3tMPGYIRtCwHPAfq+T7icf9v3eeSz1tmz8De/SyzBmRvxqQPwN7nJb7pn2fZP6PPszG0C8NHMf/Pthv+cwNHERYzGSGk2xM4Dxnjhvxx5vscKibOnVqwkK8x+Ph8uXLzJ49m29+85sxE+75/f6ElQc3qq89CgaiB0LItDtw3f7f/CHJeQ5UASAiIiIicgOKFt7Dr599ll/fs5C4DeHWQvvRl1nzveR/JLDokSe55z+/R8Ov3oGiT/Lw7b/mWessfkdf5qGHXibhiPv//B6h4fjv/Irtv76dhz8ZJ5U9pHHaR5ZxjzUe3uFX6x9i/a/gI8vu4T+/12CZgyAYNgwrBQ7v5PD7t1LyV7Hj/df+2f9gwiWvOWbeKEA7ZtaHCvhr/8wym37QuP/BF4OT7vEZ/rkoHIf77p9FzStgjvt/z0sT/8Zv3vtjaLx+aPslvwlP4peMCR+3TBr4D/yb4zbzJw7Dkx2Gw+OlaejpqSv/Aw88wN/93d9RVVVFdnZ2RFi8oQOpkOwEgDe6ft9M4wO3/Scnk+zloCEAIiIiIiI3omgh9/BrYpv/gaJHePKeh3j2IXOU/O0Ps/HJe1jzrPmTXb1HziNP3sNDz5pDAdY+ycmHnuWh0KD74M8DGusuvOc/eXbNQ3ge3kglwO33wPaHeMgsz9/z5PdjfyastzROK+KRjQ+zfs1DPBTa7ZN8/yPTgEfY+PB61qx5iODMBBE/ETisGGP/3Xf/jDXm2PygS+9sZb51Qr9d+fzbpz/Omk//hjWAz2fMsh/h/f9L63jLOHvLz+w17fskhYt+E5oDIBRu7qNp3ychKh3hnwF0Jnc4l/4v/pm/4ZAjanuwDGsIh8N/s+tHD7E+udgHRXFxMa+88gq7d++O+Um/3bt3s2fPHhYtWsTnPve5mLDg9qly9OhRvF5vn7bxer0sXrx4wH4OsGjhPWx/PXYGknjSAoFAYEBSISIiIiIiN50xjt81AHMGDA3zf/ThwU6CJOnQp3+Tsrj+5V/+Ba/Xy5NPPklRUbjS7Rvf+JoLZGUAACAASURBVAanTp1i7ty5fP3rXw8tP3r0KM8++yxOpzOm0qA//v7v/57Ozs4+b5ednc0//dM/pSwdEcyf9Lw4rfc7Xj0AREREREREZEj73Oc+x+HDh9m0aRNPPvlkqDX9i1/8IocPH6akJDyuITgxYFZWVkyvgP5yuVw3NLP/bbfdltJ0RJj2EdZ+/yOsWbOm11VVASAiIiIiIiJDWnZ2Nl//+tf51re+RU1NDS6Xi0WLFpGXlxcxR8CePXvweDxkZWXx9a9/PWZegP6KV6Fw8uTJiF4BWVlZA9bdv780BEBERERERIYNDQEYPlI5BCDo8uXL/OAHP4gYhx/9KwFOp5PPfe5zKS/8J7J7925eeeWV0L8/+9nPsnjx4puybyv1ABAREREREZERIzs7my9+8Ys88MADtLS0cPLkSTo6Opg7dy55eXkUFxczLYmx8Knkcrk4evQoLS0tFBcX43K5bur++0IVACIiIiIiIjKsTJs2bVBa2ePJzs6mqqpqsJORlPTBToCIiIiIiIiIDDxVAIiIiIiIiIiMAqoAEBERERGRYePWjFsGOwmSBJ2noUkVACIiIiIiMmyUzVgw2EmQJOg8DU2aBFBERERERIaNr/zVSjLSM3j97H9w/uqFwU6ORLFlTmFhzl+z+o4vDXZSJA5VAIiIjGCBP/m5um8r130HCVzu7SMpYP43baCTdZOkkT7pA2Td/23Sp+UPdmJERCRFpo63seGvvz7YyRAZljQEQERkBLvy63quHflFr4X/QCCAUfAfKYV/gADd753h8k++OtgJERERERkSVAEgIjKCXT/RnNR6I6nYHy1w6exgJ0FERERkSMj405/+NNhpEBGRgfJ+ks/4tJFcBQB614mIiIhAhtHtU0REZOTSu05EREREQwBERERERERERgVVAIiIiIiIiIiMAqoAEBERERERERkFVAEgIiIiIiIiMgqoAkBERERERERkFFAFgIiIiIiIiMgooAoAERERERERkVFAFQAiIiIiIiIio4AqAERERERERERGAVUAiIiIiIiIiIwCGYOdgIRaG6ms9+Jw11Ltsve8rt9DXU0zpbXV9LZqSre9CfyeOmqafLEBDje11S6MJLfSWFkPVQ2sKAxuk0tVwwoKE8aZOHzgtdJYuYPZQzTPbxq/h7qaJuKcXYOziobFZ4f09dk3xnXqjRfkrKJhxSBdjY2V1GPs3++po+bU0sFJS2sjlTtmW+7rm+0pstf8Demn6vnj9m03EN6DxU1M+Eu4ttHNlT6kZQzAlRauvPhlrvVtjwPLfD/FcvbzuWq5RyKe8dJfCd+lKXz2WJ8lcUIj3tODwe+po6a5dNCuq2TPwcCl04+nroZTSwfvHKSWcU21J/xO7i08Ul/yfVDflcNaou8gB+4R8Z0nw8UQrQDw49nhxel04m3aTatrAAuqdhfVDa6Bij014nygtDZWUlNH4ge1o50ddR4ejQ5vbTRfwLkDl15JTsS1l+jDpHDoX599Eu8lZ7wQ62Yn95GSaoUrGmi46XsdwqY9SvbibVzebV1YQdaXjQJ54GakYfFfMGYoFvyt4hTQ/Z46aiobb7wSoPUQXhX8B07Mu9R47lY2Dl4F5KiTxDmwu6oZUa+9gdb8Eo051VHfDn48dUZB05FkNMr3myX2O8jvqaOmppGcQWuYk9FmaFYA+I/Q7HOytHo+eOs51LqCwqg7orWxkmADjMPptIYYrctVpTTXm62rDje11TnsDtW6WW6+iB4A5rbuXJqagvVz/W3RGRiFi904ak7hhwQfiqWU5jZzxO+KeMi0HjIrVuI2ww4hUS1szqhWE+v5N1cwPh5aGzEaWSznzO+hruYUS81lka0QQ7zW1Xp9Yh5HFdQHDz7USyDYkyDqeu0lH4eGQha7HdQ0H8HvChZ8jI/C8GmKKhRF9Z4I9RTye6h7CUpzm2jyAs4qamfviGrViGyJC7ba1c7eYV4X9VS2G/vzN1ayY3YVpc31ZlqM6yVnt+X5E9G6ElW7b/nYNVpMSnG3N4WOK7St5TzVVJ4a1GdO9zttpM98CngmvLD4bsbgo+uKwxg3Vvwit95TQNevF9HZYq7Th1b+8Y80k/GnFrpnFxut/EDX/yvl8m4Yu2wP42dPAByMX9PM2P9XyuXdFWR9uYqM8ebK5/8Pl15+JkHsg8fuWoqzaQdn/VBoh96uh5coJbepCS8w/yMODv3KuDBqKptC92rk88p6f7fSWHmI2e52mpp84HDzldJmnj+1lCrqCT8iGlh81hJHRAEs6j7Dej0n8T5MdB+G0hf/2IcOO67qKk5V1tM4P/hs7ClP6OWYAQ5FHHfMM/eQ5ZkcU9kTmWfRcSd875lhh2a7aW9qwhd6r1njcxDxqTRkxJ4Da0s0UfdJ/Psi+j0e79qzh89rfaWlVTzqfFuv0+j3yR13wJuTIu6Bwe5VAZBbWkr7oVYiPpT9R2jGidPhpd26ckzvpfA9HZ3vid5X4bwPvyvt9HROkniW9JauRO/O4OH2dD0Mg+8g+7xSHJwK/TumN5H1W9Afvweaw11Ldc7uxGFD9kNXBsOQrADwH2nG51xKIYXghPpDraywPNhaGyupb3dT2+DCHnx446A0tIaPph2l1DY0YDdfBDWVDty1DTTYze13t+KK+wTw0dQc3NaIu75x/hD8cOndvPm5vHTEj8vyQXbI62R+FUO7AiBUiG8wXg5+D3U1dXjMB3rk+Q+uH/x4mI+TyEqj8PVkecE1VIe3HVa1rl7qD1XR0LDCzJd6Kr1OM6+M63WHZ7GlUJk4H4cu4ziaS2tpqDaL7I2V1DTmmPdhK401TeRWNVBdiPHvyhoacxpYYQd8Tca2DWZVgie5vdpd1dQS2a3RD/iadlBqfXbUVOJwm/G3NlJZH+ylFK5YaLAUJOo8lhevt4lTwfDWRirrX8IzrxpX4QoaqhjkIQCm9/bRNW0p4yFUkB+bXwDv7CMwzWxLatlHV2kxY/IroMUYDjB+poPAqfoku/hD2uwCAr8u5VKLWej/yybG73ZzZfsiri1uYkL+ebMHgFn4v/x/uPTiM2D+e8IjDMlKgLDerwdfU3Po2gL4wgcjh4GEh2tVh59fET0MvDSdqqKhIVip0GxUmlc1YDwi6qipr8TrNNfxe6ir2YFncTUuu/nuzK2iodpSSdVkXpN26Pl92MN9WJjEvTBkFDLfCTvO+qGQXvKkp2M2o/O2M9s8p0b+NzLf8n7xesPP5MiefOHu2g2hCpga6jDyrOf3nhl306nw8z46PrPiAkf4S2nosJ6D2Osj+j7p+T1utHyH89Fy7VXXQkRPu+h7IE6PkIj3iZGn4e8LP0eafTiXVg/uMztnHqXNu2k1vpoB47uH0qXMbrZUALQ2Ulnfjru2wVIwr0/8jZvofRXvXdnrt1UPz5Jk0pUoLXbMnq3h52TEvofJd5D/SDO4H03uO7RwhfENGNzWfE8sddmBnsJEwtIDgQBD6+8tdjf5cJYUEAgEKFi0HId3B/s6wuGHvOC834ktECAQsOH8wnIcEIoDrOEFlDgB5/04bUZ4QYkT2t+mw7J+/G1tFC10RKx78/8Aopd1sO+lJnzOEgos6SZ6m4IScpt/H077W4fwOksoCK0+eOc58f472LfDi/Nxd+jYAjYnX1gOTbvfMs6f+0Ve/FrwHBnH6Qwdv3G+vYfeCsX3++bg9fQWu5tg+Res27p53Ollx76OQc2PQCBgdK3uJa/AwfJFBWa+FLHQAY7li8y8Mq5X36mOpPJx6Jx34553LCwyzstbu2liOV9w2kLrFLgfx2k+Bzr27cDrWM6iguD2BbhffBF3QTiPFhbZLPHH3kMR9wvW8Kh1ifPswMn9wbQVlOCknbeD6XI+HkpH8NlE027eCsZtTXdBCU58nOpInM5U5XnfbOP6O3bSFwf/XUHGNOg63ha1ziXSpt3NWACeIt12ia7jfZgb4Py+UO+Ba8fbCGAnrTjOeouXkjHex7VQYX8bnc0tBGx3kxVv/QRSm68Q71y91ViP17GQIluy14Oxbvx4zXeh5R62Ob/Ackf4eQWE3pWh7S3XmK1oIY6YZ0bwmrPh/NqLvOgOb2+sn9z7sKf7sPdjH4y/+OcsEAhgyw0+N5PLk9CzI+rZE/28MLY1ng+h/LScz4JFy3H4mvm95bkWfu4V4H7cic/Ms57fe8F9h78JAm8dwmt9VtmcfGG5I2EeDJ1zEL1e9H3Sy3v8rd00+SzHbZ7TrwX/bc0zc93HQ+fb/J60fHNGvk+ivi86fk+zz0lJQV/zIXV/xvVoo2hhO4feCi7v4PfNGOm2Hm+Bmxdf/Fro+gx9H8d9/9GH91Xv31Y9PUuSSlfCtBjfOuHvoGB8bgqG7HeQj6aaSiorw381TT7L9R+I+i4Jn+uY+Dr28VITLN9gOcZkwvQ3ov+SMfR6ALQexutYzoZgNZh9Hgsdr/J6sCXbf5Z2HCy0VmbZc3od0e7IHca1X95NfDm6xd6xnA3u3uoKCynJ/WloGEDrYS/OEjdweIASmgp+2n3g3fTl2ElSorov+j3f4elXfTHBhSVO2HSYVnchhf4jvO5zcn8h5rXjw/v0l3k1KmrH8tQexc2UmxPv2k4+H28uH6/Gzf8NfM2sofafbQefl6e/HLMWywF/uw9y7x+8FhdHbtx9+40Mj71XBzfDb8i1421k/pU5DKD4bsbQxtUWyCiNWme2jTHAteIPkH7FWCfVxk6yw5U2uqwLW/5A9z0Fqd9ZX/hejXONOnn8RaOFtrW/10O8dx12cvo8fUsucR8RFq1NX2ZTKJ0OFiaTvB7uw5FwL8TPk0IWLXfwdPC56nycF3t9D1s5yI35dvHR7oecePlpz8UR2YE74Xsvmv9sOzgWErm7ETD3Ty/v8XjHnTiqOOv28j1ZWOKEn57FTyF2fzs+Z8mQ6D1on7eQ9j3mMAD/EV5nIV+ww5F4K/s9fOfpV8MTEPf3tkzVt9UNpcv41sm9fzh9BzlYvuFrkT0QWpv48qaf4ln0tT70TGil6elXYfmGONv0FCYCGcnWFNwcfjw/9YKP2A8r3x5ancspCFhrwSJXiVwWFR5TKxJZU5Jo24C1lrO/h3cDAgHA+Thbl8f52I1Jk5Fua5oLSnLZtKcV53I47HVSsjxAoC3R9jdXvHMY5Hx8K/EPOYDf8xxrt/kAJ49v/SoFtPHqyk2EzltBCU42cbh1Oba3X8fnvN/SU8JBxfqvxn0gDu69ELDU+FoXW65Poq/V2G2i/9tTPg6OyPxve3Ulm7zh1hojbYCjgvVfjdcVPkD48o1zDHHu58T3cGReR24TtWa8Z0e88B7uVX9S6Uj9sybtRjZq2UdX6aNkFcP1/AJ45yWuEVVj3LKPrtIq0hfD2EnhdYaqlF/zia5R6/m74esh0bvJso9k3leWgNCzwrKNcf+Zx7LVhd3v4bm1B5N6H4aTkvAhnuR76+ZIdG+DUWHhmGU8g3rLE5vzq2x1Am2vsnKTUcnhqFjPVy0vlUBkhsU8W2KTkCA/LfF09Pbei9q+5+fe0D4HEddZ3Gs68XvcGPKV6Bgjr/+evu/iv3Mxvi98P+X3HU5mHPbiLFk+yN8OAAECtiIWtL/Mvo6vMu/I67DgEaO1HcLfv34Pz63dhg/j2+CrBeYzAHrPd+u+AlHnstdvK3/EtmaSwvH3IV09vzvj587Q+w6K8xwo+BgVjrW8/vsOnEk9S/x4ntuE1/k4Wy3fT4aewkQM6YOdgAj+Ixz0OahYv5WtWy1/6ytw4OVwG2CfQS4+Tp+3bvd2VB25hBSU4PQepq3tsNH9f7DT0ysbsxzQ/rY/QbifIwd9OB/fytatyxMcj9lN77DHWLfEXCvetTNi9ZaPQ0PB8vVUOLxses5DMKX2GbngO02i02QzDoyhdmRDNV03ZhvX34Ex+U+Z3f/jde03hgGMmfliD+v037X3/DDeFposEIDiDwyxl1esfl8PcZ9Xft5O2cuujcNe830bt7KtZz0d3/C6F9o47IXcGXb6lCcFy9m6dSvrKxz4Dh5J8ljjfbs4mGVLkGfnT5utocm89yLFe476U3fxpJj1HPSil/d4b++PXtft9XuygBKnj4NHPEajypD5qLIzbwEcPNLGkYOwYF5sXvqPHMTnfJytW+MXiG981/37tupfunr61hke30FWSd0DgN/zMtt8Th6Pk2E9hYkEDalvKP+Rg/gcC4h5btld3O8E7+E2oICPVTjw/jRYYPDjeXlb4t9SH/UKKHF62bTJGy4ID2l2XPc78W17GU/ome3H89xKngsvsDzQzZrOqFgKSpzg3cY2n/FxZS41rp1NrxIezdzGqytX8mobI0xy+Tj47LgeqcDh28ba4Eko+JhRKWA9KW2vsnKlcd7srvtx+rbxy1Bwz8dlfOQd5IgZ7Pf8NM5v8KbgSMx0vWxJh9/zHCstlRvDybXjbTD7b8igjesJuvZfO95GwFbc4zr9tnsH1684GPvIU+aCCrJKi0mzzCEwFPX/eoh9XgU/7O5PWZ9O60d7G6+uTf5d2tN9OHzuhXBLWfhbuac8iX5fGAVzx4J5SVegxHy7OO/HZY93vbTx6iYvjoqPhQr8vb33IpjP0Z96Qg8+Xt42FL+U4p2DnvTyHo8+bozW5JXxXvIx75rIc5IwBSVOfNu2DblGFfu8BbBtE9uI8x0dZKlk8nueswxz6Y8UfFvdcLqC3zq/DO/b7+G5lc/h8Q+X7yCg7Zds84UrlGyzHOA9HDqmtl9ankNtr7J2G1Ssj1MZ2FOYiMUQGgLQxp5tPhwVD4e7LVnkF5fD5p/iuXcNTucaVrevYu1Ko8WpvKICh+9geKITiOgiGdNtMV7XykTbhoIHqcucJW09rWVNd3Sa84vLwQvF+eZxWY9/ANPec3p9bFu7ksg2QwcV69bgzK9gXcVG1lnCHRXrWOO0EQiA8+EKDq5bi3n6KV+9joqd69h2qJWKfPORl19MOV72OxaYkwcZi23mtbNpZfjtUr56C8vzE3cfuzkSdPe1Xp9Y/n8g/jYR10uP+Tg4V3P0/QWAzcma1e2s2ryJ52atY43TjnPNatpXbSJ8mspZvWU5+YEAAfKpWFfBxnUrWRkKXs0Wp41wT0PLPvIrWF2+is1mPjgqVlPh2Ex78H6xPB9sRQtwbNvESq+xP2s3yGC8xn+iulQHAgQCwXSFr00cFaxbY0x8FE5avG0xrlnfZtauPGjcBykq493QEAAIz/T/zr7EXfuTWaffttH5IsbM/2v+xlh0Az8DmNJrPqlnaF+vh9h4bc41rGMj61YGr/RyVm+pMO+DJN5XMV1nrc+MfCpWl7Nq08rQz8RVrFtN+brNHDzSgdPZW/w93IcBW4/HPmjvUq/1mRJM1jq2OO3m9dFbnkSHYznmqC7UoZ1i+b5wULGgnbXB8+moYF1FfnjfW1bz6qpwnvXlvRezb2zmczS4TTkVFQ6MT6WhfA4irzMs/z90ZD2+x6OPG/PayycQgKIFDrZtWom3fDVblhfgXLMONq4jfIutZkvwnEScP0uCze8LivMZnHdpUNQ9aitigQNYYE6oGz4A4/3mfJiKg+tC386Ur2ZdxU7WbTtEa0U+wbaS+Pkeua/od2VBj+ek52eJvQ/piv/uNL91QifR2LfTFiBgG4rfQYm/f/NDz34jT4L5Wb56NeXenRAI0HrIWBYTR/lqVpM4bIt6BIhF2oULF4ZKDYCIiKTYmJc+MYCxV5D15UehedGQbo0H6Hr054OdBBEZEdrYtrqF4s0VamUVkSGntra213WGUA8AEREZViy/EDDU6V0nIinRdpj9ZcUsG7RelCIi/TP0fgZQRESGvPGPNDPWdonrv140pGf/FxFJDT/7n9/A9pNlrNyktn8RGb7UA0BERPrsysulXBnsRPSB3nUi0j82yp6opwwi5+URERlmhtSvAIiIiIiIiIjIwFAPABERGfH0rhMRERFRBYCIiIwCeteJiIiIqAJARERGAb3rRERERDQHgIiIiIiIiMiooB4AIiIy4uldJyIiIqIKABERGQX0rhMRERHREAARERERERGRUUE9AEREZMTTu05EREQE0i6+cLe+ikRERqqu9wc7BUPDmHGDnQIRERGRAbXu1Pxe18kgLe0mJEVERGQQ6V0nIiIiQgbXrw52GkRERAaW3nUiIiIimgRQREREREREZDRQBYCIiIiIiIjIKKAKABEREREREZFRQBUAIiIiIiIiIqOAKgBERERERERERgFVAIiIiIiIiIiMAqoAEBERERERERkFVAEgIiIiIiIiMgqoAkBERERERERkFFAFgIiIiIiIiMgooAoAERERERERkVFAFQAiIiIiIiIio4AqAERERERERERGAVUAiIiIiIiIiIwCqgAQERERERERGQVUASAiIiIiIiIyCqgCQERERERERGQUUAWAiIiIiIiIyCiQEQgMdhJEREREREREZKBlqPwvIiIiIiIiMvJlBNQFQERERERERGTEUw8AERERERERkVFAcwCIiIiIiIiIjALqASAiIiIiIiIyCmgOABEREREREZFRQD0AREREREREREYBzQEgIiIiIiIiMgqoAkBERERERERkFNAcACIiIiIiIiKjgOYAEBERERERERkFMrpVAyAiIiIiIiIy4mV0awiAiIiIiIiIyIinSQBFRERERERERgHNASAiIiIiIiIyCmR0axIAERERERERkRFPkwCKiIiIiIiIjAIaAiAiIiIiIiIyCuhXAERERERERERGgYyMidMHOw0iIiIiIiIi0h9/7H2VtEBAXQBEREREREREhrM1a9b0uk76TUiHiIiIiIiIiAwyVQCIiIiIiIiIjAKqABAREREREREZBVQBICIiIiIiIjIKqAJAREREREREZBRQBYCIiIiIiIjIKKAKABEREREREZFRQBUAIiIiIiIiIqOAKgBERERERERERgFVAIiIiIiIiIiMAqoAEBERERERERkFVAEgIiIiIiIiMgqoAkBERERERERkFFAFgIiIiIiIiMgokDEQkb733ntcvHiR69evD0T0IsNSRkYGEydOZNKkSSmNV/ebiIiIiIgkI+UVAO+99x5//OMfmTBhAhkZA1K/IDIsXb9+nT/+8Y8AKasE0P0mIiIiIiLJSnmJ4eLFiyqMiMSRkZHBLbfcwsWLF1NWARCMS/ebiIiIiIj0JuWlhuvXr6swIpJARkZGSrvqX79+nTFjxhAIBFIWp4iIiIiIjEyaBFBERERERERkFFAFgIiIiIiIiMgooL76IsOcuv+LiIiIiEgy1ANAREREREREZBRQDwCRYU49AEREREREJBnqASAiIiIiIiIyCqgCQERERERERGQU0BAAkWFOQwBERERERCQZ6gEgIiIiIiIiMgqoB4DIMNffHgBtr65i8/54IRlMsDmY94lP86mFuWT3ay/DgR/vxnVsm7WaLcsLEq6VML8yJjCrYAEf+/THKMm5wdy63I73B0fJ+eLHSJyCeMy0U8G6NU7sSR6LiIiIiIwuqgAQESALx4JiZkU8ETo53fI7Dr6ykfbOf+Af7skZrMQNQbH51Xn2KEfbXuN7zxzkd3/3DzzywYl9jtXfso1tb85idQpTKiIiIiISNOQqAFobK6n3Jgp14K6txmWPWuz3UFfTTGm8sCGnlcbKeqhqYEVhbKjfU0dNky/uls6qBlbY+3GsrY1U7phNbbWLIZ9NcpPlsOATy3FGXxjLz/LL2mfYufP/43fOR/jg2EFJ3BCUIL8uH+HVZ/6R/S//bwqeWhMbPmDsONdswXmzdiciIiIiw9KQqwAoXNFAwwrzH8kWWO0uqhtcNyF1N4mzioZ4tQMAjLBjlX7r7xCAgPm/gUCA2Kimc6dzFjt/7Oe99wIEgjei/wg/euUV9h+/xHUymJBfzH2f+hQLcoNd3/14N65ne+7nWZXxc/5x7zmYcBcPf+NzfJB2vNtf4ee/O82l65AxYRYf/MRnWeaMHGZwuf0gP/7xTlp63ceXeOaOo3zvlf0cv3SdjKzpfHDJw1HxXab94I/58c/fxHe+k+vE22/w+AM95mmP+ZVVRMXffYiW5/ey89cnKP+0IxzWS561bVvNlv0APjav2g/lq9hcUZBk2s28YBlr1zixxzuWy8nlu4iIiIiMXEOuAqB3rTRWHmK2u52mJh843NQ+Ci9ZW8VbG6kMdiNwuHHnNtFEuFBt7WXgcLvJbWqKbJG3bo/Z8l5IaNtDs920NzXhC/VIMFr1veENIgrwEa36Tmf/WukiejvEyYvqHHbHS4vlmGoqT1HVsAK7p46aU6W425sIJs/hrqU61LXAj6euBmuHhHB4K42VO5hdVUpzfRM+M68j9x/dY6PnfJKh6ZL/PDAdzNb/a20/4pv/uJeLOXfxqc8XY+M8La/9mFfqjuJb9Q0qCizFyYOv8I85C6j40ie4dj4LR7Yf78Y6tp/P50Of+jxFNjjf8ho/3l5H+/Vv8NSHjWEGl9u28c0t++mcZe7j+nH2/vw38ffxu1f49sGJFH3qs3wpq5OW137MG9ufh4nf5mGzy8LZXz5P3a7zzLrrU3y22EbWpdPs/83Padn+PJ1Z63ispO/d9RNyOLnXtpddx334cWBPMs9yyr/EZ69t55U3bCz50r3MmpiTwrT78f5j7/kuIiIiIiPbMKwAAPDSdKqKhgaz8Oj3hIP8HurqveFCe2sjlfUQLHX7PXXUe51UNazACK7EEhxav6qhgcJgfDV1eCwFWW/TqXC4pUu/kRyj0FznMQrKRuE/l6qG6vj7S2leGPtud9fS4LJHpWUFDVVE9KjwGwfDqWDaWxuprH8Jz7xqXHaz8J9bRUN1YSjvapqC4QA+mnaUUtvQgN3Mh5pKB+7aBhrs5rHubsVlnIge80mGomucPfwK/3tvJ+QtoGgiwFn2b9vLxQ9+nmceLgm1HM8rKeaD33uK7257gw8/9WFCxcnrRXx254bYAQAAIABJREFUVQUloUZ7LwdPwl1fWs2n5wU3LiKr8ym2/64N/4dzsOPj59/dz6W8T7F2zYfN3j/zmLegmJ3P1PFa9D4u2fjY2jV82B5MSw5jv7KF/Ud9PPzBAsDH7/ZfYkL5Y3ylosCsx5jHvOIcvvc/v0vL8bOQygoAJmDLAY6e5TxgTzbPcueR75gAb+TgmDfPnAQwRWn3H00i30VERERkpBumFQDgnB+/5dh/pBmfs4rqYHDhYtwOL01GKEeafTirqgkHu3F4m4Jb49lhVB6EYre7eNTdTE2oIAs454fC/Z4deJ1VNIQ3wPWom+aa3bS6FnO22YfD/Wh4fyuqcHrrez44bz2VUfMgRLbMJ5cXYMdV3UCPAwYcbhaHEjcfJ15O+QF77Lb2eaU4aI7c99Lg8IxC5jvBy9JQRUnhfCfsOIufQugxn1agfgA3rt9DAAIAJ9m+fjXb460w4Q4+//lybIEAAf8RDp6DnCLwHTkSsdrljIlw7jBtHR9iut1MU14ReVmWrvITJmDLgJZdr1I04RPckTuRsWRR/LcbKTYTE/Ad5o1OuPPeMmOfoT3M4kP35vNa42/43dsf4t4cM2RWMX9ps3bHn8KsWUD7WToC+djJ4961/4t7g/EHV8uYSf4saLl8mfcDAcYGQwK9DAEIYFkv3hpZTJgCoWECSedZ1PACIwP7lnYwt406lmTyPeERi4iIiMhIMWwrABLxn/LhmG0tKNvJyQ2FcsrnIDI4h1ys4eCtryRmHsIETfZ+Y4OYAruxgRFf7tLI9Mx2wKmeDuKGu8bbcS110lRfQ2UTZpf8/k/4Fzkxo4PSHtaNzPuwnvNJBl8WeXfdGfkrAFm5FHwwnzscOYTm/jt/ltMAe/+Vf9obL56LtBvN3vGN/SBLPnsHJ185wL9+5wBkZGFz3MG9997LnUU5Ruv4tWt0YiM3J3bGwYm26cBx/Bch1AUgI9mZCa9x2X+W0+fOca7tKL97802OnwO4xMUektx3Fzl32vLP/uYZ0O+0J5PvIiIiIjLijbgKgFRwJpihv4cNEhTYWzmUqkQlq3AFDQ0rzKELTdRUNt1whUKo4O9wU9vgwm7OP3DDNOZ/CJvOgo9XUJ5kKbhs5SYqbvDn5e3Ff8va4ou0H32TN36zn5bjb7D9n97gx3nL+PpXygekK7q/5btsfeVNzhsz6GGbmEPenXdxx2/38tuU7+08Z88BebnYLEtvNM9SlfbByHcRERERGVpGXAWAfbYDn9GH3Vzi52w7GM38dmY7fEQGnyUUbLbON5/1Q2Fyn8N2YwP8FMb5gI4Xn9ErYMAFfxmhtZHK+kO0rijsYzf7Vg55E/zs4o0kp8d8kv7o7xCAUDwk6tJuMcGGDTjme5tAfs8TxwW7s8fvXj6BWXPLeGBuGQ9wjbN7t/LsT3ax90QZD2SMJYvztJ99n8D0yNb9i+fPAbPIMbv8J9pHxPKLb9D4r2/SeedDPL2iGFsoyrO89tu9/Nayfbh3f+95mjC/fC280QnTi283hjD0Ic+wDi8A6HPaezuWHvLd8oMFIiIiIjIypQ92AlLNPq8Uh7eexlZzQetuyyz2duaVOvDWNxIONmewN8NdS534ml7C4w8u8+Opq6QuvCByf66lOH1NvGQJ93vqqKzz4A/Ftzu8v8b62OEFKROb1tZD3og5C/rGrCwxYqKxxppXfdNzPsmwkXMHH5oO5//93znaaQ3o5Gjjk3z1yUbe7Ey0MVw7+hM2PFnDTyIupLFMnGCZyM5xJ3dlwW9fO8D5iK1Ps/e14zBhLvk2knfOx3HgjrusBWjg9Bu8cT7RRjeo8yjbX9pLZ8ZcPn6nWdjvT56lKO1J5buIiIiIjHgjrgcAdhfVVaeoDI7jd7hxO6HZHJtud1VTdaqSenMwusPtxklzeF6AwhXUuuuoqakkODVgTxPwQSErat3U1Zjj7s19hsbeB+OrrLTsrylBXP0VnFgvOi1m8b9wPk5fPTWVzbhrq5mXMB6AQlZUOcP5iAN3bRXOmnqaj/hx9TizYIL4esonGSZyuGtZGa9tPcA/15zmQ8s+ydyM8xx749/Zf+wasx78OHdkJd56bP4dzM3Yy96t3+Hixz/EXbMmcOn0Afb+4k0y8h7kQw4ABx9/tIyWrT/hW985zQMfvdP4GcBf7OXY+QmUrbyXWX1J8vR85mYc4I2XvkPWsk8yd0In53+7l5+1nObaDT8Bz/HGL7Zz2rJ957k3efP4Ja4zgbKVn6c4VLZOPs+ysrKA3/Laa/lcK8qnKEVpTy7fRURERGSkSwukqv+w6cSJE0ybNi2VUfZba2MlO2YnKsSbv2efoq7uIr155513mDNnTkriOnHiBBMn9q8V9/gPn+DFA3l8pqaK8iRb1jtPv8FPfvIzfvufl7hOBuOn5HHXgyt4oCgYwXn219fyb3yGmqryiLHwdB7nte//hH3Hz3DJHNd+e5mbFQ8URawXvY8Jt5ex9MGPU5yT1cs+Ypd3nt7PD7//M948d4XrGeOZkncXn3zw49gObGDTgSK+8K2HuGOsud2sL/PCg/m95Ffs8ozxU8grKuOjn7yXojj52HueAZ0+fvbP/8zek1e4nvcZ1leVM7YvaQ8dc5xjSTLfRURERGR4+ta3vtXrOiOuAsDvqaOmuTTcsmxOXFdaG/5t++bScGVAzPoiA2yoVQCIiIiIiMjwl0wFwIgbAmB3PYq7ucaY/R4wuq4HW/cTdZFX4V9ERERERERGthFXAQB2XNUNJByiHpwdX0RERERERGQUGXG/AiAiIiIiIiIisUZgDwCR0SXF03iIiIiIiMgIpR4AIiIiIiIiIqOAKgBERERERERERgFVAIiIiIiIiIiMAqoAEBERERERERkFhlwFQGtjJZWVif7q8PjjbOT3UJcobMhppbGyksbWBKGNlVTWeUh0KJHhPcfl99T1Hldw42GVhyIiIiIiItJXQ+5XAApXNNCwwvxHayOVO2ZTW+3C3tNGdhfVDa6bkLqbpZmXGnOoXlEYsdTvqaPeCziCSwpZ0dBwsxMnIiIiIiIiw9CQqwDoXSuNlYeY7W6nqckHDje1j8JLNc2U1lbjsmNUHNR7jdUdbty5TTRRRYNZoG5trCQc7Ca3qQmqGgiVt63bA05LWGtjJYdmu2lvasKHA3dtNS57K42V9XjDG4T2BUbBvabJZ4Y5cfZ2iLmllLYfopVCLLFwpBmcTgfedmte1FvSbk2HA2f0jvwe6mqaMFLijA2PkPiY/J46ak6V4m5vInhYDnct1a5gNY0fT11NKCwyvJXGyh3Mriqlud5Mi8NNbXUOuy1pdwfPZS9pERERERERkeQMwwoAAC9Np6poaDALgX5POMjvoa7eGy60tzZSWQ/BUrfRiu6kqmEFRnAlluDQ+lUNDUbh2++hrqYOj6VA6m06FQ63FMKN5BiF3zqPUeA1Cv+5VDVUx99fXDnMK21mdysUBsu5/iM0U8rS2c2WCgArIx3t7loaXPZQYR9HaThfaprIrWqgOk6+xIsr0TGZmcCpYHhrI5X1L+GZV43Lbhb+c6toqLZUGDQFwwF8NO0opbahAbu5r5pKB+7aBhrsZh7tbsVlnMDe0yIiIiIiIiK9GqYVAOCcH78F2H+kGZ+ziupgcOFi3A4vTUYoR5p9OKuqCQe7cXibglvj2WFUHoRit7t41N1MTahACjjnh8L9nh14nVU0hDfA9aib5prdtLoWc7bZh8P9aHh/K6pweut7PT77vFLaLTUA/iPNUPoodprjb9B6CC9OqoKF4mC6my354nDzaDghVDm9xEtJz8e0whiO4XCzOBTXfJx4OeUH7HZc1Q1YB2TY55XiiEq3c2lwWEch853gZWmogqVwvhN2nMVPIfSSltHeD2D8+PFcunRpsJMhIiIiIiLDwLCtAEjEf8qHY7a1ZdhOTm4olFM+B5HBOeRiDQdvfWW4u3lQgiZ7v7EBlXE3MOLLXRqZntkOONXbgdjnUdq+2xwGYHT/L33UDkcSpONsOzhKiTw0y5EZCYkMT5CQno8pedahFuCgtId1I89Z6tMyUl25coUPzJgx2MkQEREREZFhYMRVAKSCdcx/khskGJPeyqEbToWdeaXtvOTxUz3P6P7/6M3s8d7DOPvefiggVPB3uKltcGH3e6irSdBzoZ9pERERERERkeQMSAVAenqKfl0wPQ3S0khPT7f8XmE6acZOCO0mPY000khLT2fabXPwnbpAevo0M9DPudNAbjrp6XZum+Pj1IV0wsHnMILTSU+fxm1zoPncBdLnxi9tpxs7Dx3jNGMDLqTPjfNLBfHiu0C7D9Ks6U8Q/7S/LCPtu0c5nvY6aWV/y7T0dPxp1jwJ58W0D8wGXzsX0tMJH9ppSLvNiCtOOi8YCTGOJSoPEx8TpKdFnxfrOWnlsHcOK775P7nbHtogFHd6euz5M05zOE+t5723tIiIiIiIiEhyUlRSjxQIBFL0BxC73NxJzLJAIIBt3kLmeJ7nlbfMsLd+QeOJYDw25i2cg+f5V3jL3O6tXzRyIhSfDddSFycav8vejmDcHez99pf49t4O499EpsnmWorrRCPfDYYHAnTs/TZf+vZeOkLx/SK8v1eexxMn/aE/a/y2eSykkecbYeE8W9w8CeVFwWLcczz8JJiOjr18t/FEaN1gOn8RypdXeN4TG1fvxxT/vFjPCZzgVCj/3uKVbxh5nPD8xeQHMelOnJbh9yciIiIiIjIYRt4QAPvdVD/RzmMvPGYUtOe4cbvg9Vy7GVzNE+2P8cJjxi8HzHG7cfE6ucHm5cIVPOOu46mnHiM4NeAc9zNU352o/bmQFc+4qXvqKR4Lb8Az1XcbLdbB+B57zLK/pgRxxRwMf7FwDrCQv+i1+dvO3dVP0P5YMB0u3O45nHg9Op2P8ZglX+KnpOdj6nkIQCErnnCF8585uJ95AtdTL/D67/3cfXfvR92XtIiIiIiIiEhy0gIpbpI8ceIE06dPT2WU/dba+Bg7chMV4ltpfGwHuc9Uk7CML5JC586dY86cOSmJ68SJE5oEUERERERE+MZTT/W6zhAfAtD3v4593+axb+8Ldw/v2MdPPA6zC30H+779GN/eZ+lOvu8neBwLmWcb/K7h+hsdfyIiIiIiIoNhxA0BsLsexd1cQ01lsL+4A3dttfkb88HfkK8hHOymttql7uQiIiIiIiIyog1IBcDgtnLacH7txahfiQ8QSpLNyddejPoN+UAAtcuKiIiIiIjISDYgQwBEREREREREZGhRBYCIiIiIiIjIKDAChwCIiIiIiIiISDT1ABAREREREREZBdQDQERERERERGQUUA8AERERERERkVFgQHoA9Efbq6vYvD9RqIOKdWtw2qMW+71sXHeQBfHChpw2Xl21GVZvYXlBbKjfu5F17fexJV5gv/e7k9xhkUciIiIiIiKSakNuCEB+xWY2V5j/aNvG6p2zWLvGSbjMGiAmels5X9lcHj9syDETGIifViPvAgMwjCIc79DPIxEREREREUm1IdcDoHdtbFvdwqxl7WzffhLylrH2Yfje+oMsWGu2brdtY/UWsxtB3jKW5W5nO6vYXGG0qrdtW004eBm527fDqs1UBBvdrdsD5Zawtm2raZm1jPbt2zlJHsvWrsFpb2Pb6i3sD28Q2hcYrfrrt580w8op78/h+71sXL+dk6EFwTSE0xdOejmrNldQgCV961dzetVmKmxeNq4/zYJgPpp5Za1siYwr8rjatq1m56xVLDi4BWNzIx05r1nzdi1rQt0N/Hg3rie4q+h9iYiIiIiIyMAahhUAAPvZfnoVmzebhWy/Nxzk97Jxy/5wob1tG6u3QLDU7fduZMv+YMHYLOSGg0Prr9q8mYJgfOs34rUUsvdvPx0ONwvXrNqMkRyjoLvRaxR+jcJ/Lqs2r4m/v74wC/+5qzazxrKv7d/zUrTGCd6NbGlfxtrNRsHa793I+o1e1q5xUrF5Fazeyazgcfij89E4ju95i1jjtBvptMRl5MsWthWHK0NObt/JgrWb2Ww3j2v9avKWrWWzsYDVW16jzVlBgZnOgwvWsnmN3czm1azflhNRUSIiIiIiIiIDZ0AmATS6mafmL258QNmd+ZZloR3TcfQgJ8tWsizfDMv/KMvyMLvcd3D04EnKVi4j39w2/6PLyAvtowPvzv0R4QFbOZ9fBtt/2RreV9mdofAO7072W/cXsFFubECrub+8ZR8N72/ZSsp6yiOCaY3zZyvnK5s2Rexr7oK8cB5F5b+t/Cts+ko5trhxA+Sx7KPBfMznzjI42e4307kpctv8O6PSDZQtodxmHtedZUAZS8ptlvXbOdsRIND6S7azjM8Hw4L5sH8n3o7UXSvD5U9ERERERGQwDNMeAImdbz9JXq7NssTO9FmhUNpP5hEZPJ1ZWMPhwNbHORAdcVni/XFgK4/H3cCIb9YSa0d3G7l50J70EcXTxrbHt4bTmLcAAHv5Esq2b2XD49uBPJY9/RXK+9nH3r//eTZsDw84SJANZjpyscVZ7D93Gk4eMNMVsQHL+pc8ERERERERSdKIqwBIhbKVm+hTz/SylWyKu0EbLalKlBlfsOCft+xpNpXbjQL6wWB4ARWbNlGBn/3Pb2D7hsfZThkrN1XQ14724YJ/GSs3fcWYR+DxrTee9LxlPP2Vco35FxERERERGSRD7lcA4sRmdFuPszy8m0BwCbZZeZxsP08gEGyLPs/Z08AsCARszMo7Sfv5AOHgsxjBATMc3jjrJ5Afry3bsndz5zZjA/yB/Dit3/HiM3oFJPzFgtCPBMQJPN7CgbwHefqJcmzBdQLx8shG2RP1lHGc7VVbaWlbRn5+KNfM/Qai/m09Nr85VKKeZflExR25fmQ6Y89VgAC26bPgZDvnA4G4PQRERERERERk4A3IHACDyVZ0F3kHtrL9uLng+Gv8MNSD3UbRXXkc2LqdcPAPLTPq2yhfUsbJH/4r+88Hl51n/wtVvBBeELm/8iWUnfwh/2oJP7//Bape2M/5UHyvhfe3fWvs8IK+OHma0J6Ob2dD+OAs+w2Gt3CAMorzb2xXp88GYzrP/hf6ke78e3kw7wBbQycFOL6dqqrweRAREREREZGBNfKGANjKeWLlaaq2VhkF1rwHebAM3phlM4OfYOXpKrZWGcXZvAcfpIw3mBVsms5fxtMPvsCGDVX80FyU9+DTPFGeqO06n2VPP8gLGzZQFd4g1Eofiq+qyrK/HyaIy3RgK1XRpe2yldQvW8bKsnDayXuQp1eWsWHrGxw9X055+ed58I0NbAgnhAeffoJ8M53FZSfZuqGKNx58mieKesxEyj//IG9Yjqls5dM8uGsDP2w5zrL8vtYo2Ch/YiWnq6zHVcbK+mXcYN2EiIiIiIiI9FFaIMXTkp84cYKJEyemMsp+O/7DJ/jZzBqq4hbij/PDJ37GzJoqEpbxRVLo4sWLzJkzJyVxnThxgg/MmJGSuEREREREZPj6xlNP9brOiBsCcH5/PU/UW7rBn9/Pzw7k8ddFNuA8++ufoD6iu/7POJD31xSp8C8iIiIiIiIj2IgbAmArf4jP/EcttU/8m7kkj8+EWvdtlD/0Gf6jtpZw8GeoqSrX5HQiIiIiIiIyoo24CgCwUV71AuUJg8upeiFhqIiIiIiIiMiINOKGAIiIiIiIiIhIrAHpAZDieQVFREREREREpJ/UA0BERERERERkFFAFgIiIpN65n7Pnn38fJ6CDQ3t2sXNX1J+nDdo87NxzmI5k99FxmN27PLRFL2/zsHPXLjxtUcv6ErfIUGde5zs9kXdAx+E9luu/Dc+uPRyKvvAT3g/h9TsO74mJu+fk7GJn1P3Y5tnF7sO662SY6+V91v9rPMF9GnxfRtyrxrI+3JoiMUbgJIAiIjKYOnZ/jeZfw+Q5t7Hn079izo9WURC1TubMUhaXTI1aWsB90Sv25MJlrvYUfOIwHQUlRO9FZMTIzCTz3bdpo8C8xzrw+a13RQGuJX25qfrrXf7rcAcFMfe2yPCUzPus/zu5yGUgK1H41TMcbSvBdTNvZRnRVAEgIiIpNXXxd1gyawu7fpBP6Y8+kXwBvM3DzhPZlC3Kw7enmc6syVx4t5OZpYuYdHQXR98115s8l/tc4DlmLDjqaaMg5stoMjPtfg4f7ohT0dDBoT3NnAmWkzJnUraoBA7v4cBlOzM7zxhhk+dSln2CA8Y/KFriogCjZfRAcOPJc7lPX2UyaOzYJ/t5rwOYCnScxM9kpmQGb5Y2PLtOkFW6iPkcZnfzGa4CUyZPtsRhuR8mT2ZKvN10hLe13gsxJs/E7m/hUMci5sfcdtY4gpWAcGhPM532mVw+Y6ZtbilZJ5pD92Dw/mrzhJ8B8SsQRVLvht9nca/3qZHvj8yZxvuuxVjvTMthOhbFVlpnzpwJxzy0FcS579o87Dz2buifU+YuwVVg3vczszhz5l0gk5mlc+hsPsYFrPdPG55dxjJjnTj3rYxIGgIgIiKpde7n7PlBPqWfO05z3G6TcPVMs2UIQJxu/MAFZnDfEqPg8l/vTqZoyRLuWzKXKe+e4FBHAa65k4HJFCUogE8qmUP2maOxcXdcYFLxEu4LxnfVjy/Yv/JdPxQv4b7SmWS+e4zDFBvr8C5vtwFtHg747ZQtWcJ9S0qZ2XlMXTFlUE3KBv9J4wLuOOkH+4w4LYkdHGo5AzNLuW/JEmYQLjB0HG7hDDONa3oGZmHAqg1Psx97qXHPlM3s5GjCi34i8+dkceZobHjHhYmULDHvu7mTueo/GerWfMEPJUuWUDYzkwvHWox7cO5kePdt2jAq3Y4yN3TPZp9pidNdWmQAJPE+iyf+9d7G0TMws9R8f3CGo21TmV88k0wymVmcqMdaHkUzO/mvOEMN2phh3hfm/fN28N67ypnLRljR5KucaX6bGeY6Rlo6OLTnGMwNpjHLqIC4kTySYUc9AEREJLWmf4JF/8v4v0v+Mv4qybTgZWabbZFT87BnNnN01y6OTp7LfUsWGctjSypRCnDNfZvdhzsomGhZPLWAgoheAJnhAlOmHcdUgIlk4ycrz0hjViZ0Ah0XO+HquxzYdSYc39ttUKBeADI4puTZocUoTPv8YC+eAv6old47if9qJnbzei6YMZmjJyA4ZCDTnmcUPApmMOXYichtOy5ymatcaN7FztBC67CDKAUuit7ew6GOAiZZFk8tKIhsFc3MDoWF9j8xC/zZ5j2YTSaXAbhw+Sq8e4ydu46Ftrl8sgOmqrlSBlgS77N44l/vBcyYfIyjzbvYmTmTskVLjOs+iVL31JJi7HuO0kZRxPKCgoLIXgCWzj1TZhh36JTsTGCGcb9OzDKfDxfovAoXju1iZ+i26sSn22pUUAWAiIgMcVOZv2gJwe6KO3cdM7o5JrNpQRH2PS0csraJmh9LU+Yu4T6zq2SfqNu/DCVT87DTgq8N/NgpmQq+lO+kh27/cRQU2dndcpjI224XR82ePAVtHnb28bZTt38ZThJd7wWuJaEK6AO7zhjXdV4yMU5l/hzY6TnJzNAysyKbmZQtcZnD2PqSSnX7H600BEBERIa2jsPs3nOYDgpwLSllZmZfNp7K/GI7/jPvRi7OnElRAdD2du8dCayxTcyCd0+Y3Y9TNQO0SH9MxWEH/wk/V7Mmxu9CPCkPe+bV0FCBtrfftWybGe6OH+9+mDqRbHNyPzB/HaC3X9SYWkKJ3U/sbVdEQcT+kzMlO5OroeE8bXiif+VDZAiKvd7b8Ozy0GZWahdN7mnrOApcFHEmPH+NacqcEqbGTADamylkZV4ND9dp8yQcjicjT8p7AIwfP55Lly6lOlqREWP8+PGDnQSR4WVqCSX2PRzYtcv49+S5xq8FdGSTyZkEkwBGbv9nk89wtNP8d8EMphw7ZnTjnzyTmZnv0plsLUCBi7KLezgQ7A49eS73qVVSBtnUPDucOcOUOQXE709sjDPe3dzMzjORkwBOLSlmptkaGX8SwAJcpRdD2xq9AXr/dY2pJXOYcuYYwQbJghmTOXrM3P/MmWS+eznpyrepJYsourzLGAaE2RtAnXBkiLh6JnhvQKhVPe71XoJr7tvsNK9jMmdS5poKXCCbMwknAbQqKJrJfzUHd2ZU4B04toudxzKZOXMy+C/SwcQeYgiayvxFc0O96oLp1m01OqQFAoFAKiM8ceIEFy4Yj/Tu7m66u7tJS0sjPd3obDB16lSmT59OWloa3YFuII30tLRUJqHPLl26hM/nIz09nUAgQJqZnrRBTFfwtKSlpUWkSYa/KVOmMGfOnJTEdeLECT4wY0ZK4hIRERERkeHrG0891es6AzoHwKlTp2hrayM7O5vS0tLIQu31q7T/8RyTMicwMXMCV66+T1dXF2PHjqW7OwAYf13Xuwh0d3H5/S4yM9K55dZbGDt2XL/SFQgE6Orq4urVq4wfP56MjAy6urq4cuUKf/jDH7j11luZPn06195/n+5AgEB3N9cDATLS0xkzZgyBQICxY8eGKjVSJZiGzEyjf+v169cZO3YsZ8+eZfLkyYwfPz7l+5TeBQIBrl+/DkBGRkZMZUxnZyednZ3YbLaYbbu6urh27Rpjx45lzJgxNyW9IiIiIiIi8QxoBcD58+cZN24cV6/GjknpfqeVzMxssi776Uofx9tnz3Lp3YtkZY/jT1e7SO8OcO39K2SNzyK96wr/de4yE7PSmVv050ydOq3fabt48SInT57kz//8z0Ot7BcuXODtt99m3LhxTJkyhT/98SLvvHOeAN1c6Q4wOTuTq9fGMKbrKh+4bTa3ZGf3vqM+eP/993nrrbe4/fbbyc7ODlVUnD17lszMzFDFgNx8wQqAMWPGxFQAvPPOO5w6dYry8vKY7a5evYrf78dut5Od4utFRERERESkLwa0AmDGjBlMmjQpbvf1tMwJTL18nvQpt8HYTHKm52CfbKObbiZ3dXP1cifRDlr5AAAgAElEQVTp6WlMnDiJ9LRupt3WTRrd3HLLLSlJ2y233ILD4WDcuHFcu3aNtLQ0Jk2axPTp07n11lvJyMhg4qTJjBkzlrQxYwgAY8ekc+HCRTLH3cq4sWNTkg6rcePG4XA4IgqK48aNY86cOUye3NeZQiRV0tLSyMqK/VXloGnTpjFp0qS4YZmZmUydOpWxA3C9iIiIiIiI9MWAVAB0dXUBxnj/rq4uY7x/dzcQHlefNvk20ibkQEYmaWnpRqHXLPcGAgECU4xx78H1swmPi0/FtAXjxo1j3DhjKEFwroKsrCwcDodlDoB0bp0wIWK76dPHhdIVPM5UChYkA4FAaGjCrbfeOiD7ktQIXkuJzlHwOtM5FBERERGRwTQgFQB33HFHr+ukpadDevxWVWvBPygQCAzYZHhjx47lzjvvTHm8MvC6u7tJT08flEkSA4EAWK7LtCTnZ/jDH/4wwCkTERERERGJNaBDAAAuX75MRkZGqBXUylqotxbgurq6+NOf/sR7773H1KlTycrKIhAIMGbMGMaNM1rg33vvPQAmTpxIWloa165fI2NMRkyB8Pr166SlpfV5ArarV6/2acx9sBdBRoaRpVc7rzBm3FgyEuy3u6uLbiBjzBi6u7tDxxfMl66urlBc169fNyYf7O6GtHQgAGlppJn7DeZfcC6D999/38zvAIEAoYkDu7u76O4OxB3HPlwEJ9UbN24c6enpXLlyJbJnyLXzdL4PWdlTIgrk3d3dvPvuu6Snp4eGeHR1dYXy/Nq1a1y8eBG73R6zz46ODmNIyMSJobwMBAIEurq4euFdujqvkJGdTabt/2fv3oPjuO5Ev39Pd0/PC4/BgyQAAiSgFyWRkmjv2LvSKuC9G+3K2UW8tq7vrRtSlbASRkwqqRSvnMqVrVvJ/BHZun9YYSXlP6hlqviHpSR3XfbdKtysvavkLhlZXq/HXq5NWaJJCRAJkiAxwAweg3n04+SPnhnM4MUnAAL8faooYaZfpxvd6D6//p1zErccBBBCCCGEEEKI9bamAYByucxHH31Ea2srnZ2dS9qxu65bq9zWBwiKxSKZTIZ8Po9hGOzcubM2rVpxvXbtGpFIBNu2iUajTE1OYpoGczNz2NE4lgEtiQRzs7O4TpHZfIlQyGIulyPS0oqlNBqF5/o0NzcxN5vFtKKATzgcIZOZxDI0ph3FQGMYBp2dbUxN5XBReI6DaRqEQxazM7MYoRDFYpF4rAnD0Exey9DevQ3f82luaUF7DhqF65SZL5Rpa09g+B6ObxAOm8znC9hhm0RbO9O5SQqFMvGmeK2S77ku2vfwjRCmdlChKHbIxCkV8QmaWFiGAsPCKRWwIxHwXIouhO0QnlNCWSEswwhS0bWPxiAWi9LU1LQpeqj3fZ+pqSnm5uaIx+N0di4aKbV0lfHLv+ba1Uvsf/4/R7FQGZ+dneXTTz8lFArx0EMP0dzcjOM4mKZJuVzm0qVLzM7OMjs7S39/f8NqP/zwQ+bn53nmmWfo6empfe8VS0xc/JTpyUm6du3CisewopHa9KmpqdrIFvdvHw7n+d7RtzizzJTBV0/w8p7Vls1w+s3X+eDZN/jG3g/59us/5bk3XuPAol9L5vSbfPNdOLR42vl3eOWHvXzrtQM3HU9abD7ZbJZcLlfrQFMIsZRlWSQSCdra2u5oebnOhLg5uc6EaLSmAQDDCNr2h8PhZTMA6t9c16sOu7Zaz/e+72Pb9kLv7JaF6ziUykXypTLxSBhlKHxf4/maK1fGaGpupjQ3ixmJUXRLlEpltK8plcqYhktupkBLUwzTMCiWyvhugXizhdIuhWKZWDTE+I0Mza3NzExPE4vFyM3PciOTZXf/AK7rUiiViNgWnuviuC6F/ByGZVIuzIMy0NqnVHKJO02EtEPZNfC1ouyU8X2X+XCU69fHaW7pYHZ6GtfzaGlpYX5+Hq197KiJdh1QIcrFOaKxZor5WXwNrlIo5eI5ZcquR9gyKRbLGCqO75RBKzANCoUChtKYVhjHcfB8f1MEACDIzLh06RKGYSytVHuzOHOX2dk2hzIa98eyLMrlMqFQaEkfEoZhkM1ma8d5sba2Ni5evEhXV1dDAABN8Hsulyt9XDSu17bthsyO+9nNK/t3a4R3fnyeA4fWdCPiPpHN5cjmcti2TTgSufkCQjygfN8nm80C3HblJJvNks1mscNhuc6EWIVcZ0I0WtMAgGVZ7NkTPPAvN369aZrLVo7i8Ti7d+8GWNJ7erXJQHX4vmrwoKO9A60127Ztx1+mQtvZuR3DMDAMhVLGkkpgNX2+ur6eStZB9XN1Wuf2HgxD1ZbP5bI8/blWLMsMvquk5j/80MMoY2Gdy21veYp47ElCoVCt40TDMGD7doIKZuNySil0e+MfM9/30b6Pad3817uZmgIopejp6aGpqQmlFKFQqHGIyeij7Ny3E8OwWLxXsViMZDIJLJxT1aCUZVl87nOfWzYYBfDkk0/S29u7ZCQAKxah67FHaevuJpJoxVx0Y2hqarrLPd5CBgYYOPMW30uudaBB3A9y2SzhcHhT/X0RYiMYhoEdDpPL5W67YpLL5bDD4WWfr4QQC+Q6E6LRmgQAqhXXm31Xb3EFub7iX1222mTgfhKJRHGcMo5zb9d7T/bzXhfqPlE9N6pv6xcCLAplxtEsdNBXr9qnQrXvCaAxyFKx+FytzzZomKYU4W0dhLd1LFnvclzXpVwu3+bebrDM6UWp/UGTAW47Y+BZXjoI33nrHb5w4hDLLpo5zbdff5eR6ufBV3n70B4WmhocpO/dd4PmCgMH+dYR+LPq/AMH65oSNDZrWPvsBrGY67rypkSIW2QYxh3d8+U6E+LWyXUmxIJ1CwDcC/di+D+x9WyWt4znzp3jZz/7GV/5ylc2uihLnHnraEM/AAMH3+Abixvz36WOA0c49NPX+cHpF5dZd4bTJ9+l79UTfGMPlWDADzn94kK/ASPvjvHSiRO8XKngf/PkQb514gSdlcDBj84f4OU9GU6/+RaXD77B2wc6K+t5k9PL9E0ghBBCCCHEg2ZNAgCS+izEUq7rcuPGjY0uxrLW5y15JweOHOSD109yeu9rHFg87bUTCx8nxxgBnqubY+Dgi5XMgQ76BmDg2b3BG//OLvqqM2U+5IORQV56rVLb7zzAS4Pv8oMPMxyQCIAQQgghhHjArfkwgPWKbpGfXP0ZH05+RE+8m3/y2JdRS1prCyG2rEqF/DsnT7P3q42Tzr9zlO9U0xAGBhi4k/VPjjHCGb5zdNG4BoOTIGMNCCGEEEKIB9y6BQC01mSLOX6bvcCn06P84a5/vF6bFkLcR/YcepXBo2/xo/TgwpeZ0/zgzMDCUIGVvgduW0cvAwzy0kr9DAghhBBCCPEAW5cAgHZK+IVp2pTii5EuBnf28kh0+3Kd2gsh7iedXfQxwgfVFPrzac4AgzddcDV7ePnVQV556wwMHKz7foTLlRf153/8LiMMNDQBuLXy7uW5gXfr+hkI+gu4vAZ9Gog7Mzqc4lR6hYnJw6SG+hcvQOoUHE4N0b/8UhssR/rkcc7uP8aR5KKhSXNpTh4fZmzJMr0MHTtCMne/75vYrB7I66x3iGNHkiQaJp3k+PBYbZ9Hh1OcYpn9h5scg1GGg4kMJdKcPH6W/ceOsLgo4sHy4F1nct5vFWseANCeS/nsn6M9FyPRwzOtD6Hzk3i//Deo3znI1Yks4UgE0zCYny+wc2cP4+PXcV2H1tZWTNNkfn6esuPQ2tJCsVTCdRw6t3cy58wRsSLMludQSuF4Dk12E/FQjKJbxDJCRKzwWu+iEFvYHr50cIBvvvs6r7wLDB7k0ABcvuvVvsihgTO8U/1cbRpQ6Yxw8NVXGTzzVi0gcOs6OfDaq1w+WikvBKMJSOX/vtE/lCI1FPy86sP4llGp7C/3wJS7szXm0ic5fnb/ksqOEFUP4nXWy1ku5pJ111qOi2eXht+EuFcevOvsHpOgwoZZ8wCAPz+Fe+kXxP70X4MywHeg63G8y7+gcOVDzvzsEw4MDmKaJqdP/w1f+cpX+Onf/pS+vj6uXr3K5OQUe/fu5aOPPyYajWLbIbLZHLv37OaqdZ2dTd1cyH7Cjtg2Rmcu0RPvYndLH6Ozl+lr6uGRtofXeheF2MT28PKJE6vO0XngNd5u6LGv+iHouO9A5btvnDiweNEVll+8bKUkh07w9qG6L2rlWjzv4s+L9yH4/PKqeyU2jf4hUqmNLsQa2cr7JjaXTX8udtHVlebsxRzJWk0ix/hYkmQyTfUlbf9Qik29m2Jz2/TXmdgq1jwAoMwQupDDz09itnaDaaF9F3/2OmiNYRhorZmYyDA5OUW5XKZcLtPX28tHH3+MYRhMZCaIRMLMzs7Q0tJCf38/dsRmcm6KplCM6dI0V/PXeCzxMJPFLDPOLJ7vY5u2BACEEGITGR1O8R5JSKeDlN4XxjlenzI5OkyqmnOZTJJMp4O03H4aU+57kyRJM16XytiQrllLzwxSHse7kqTT6YXvG9L3F73FX7KdO97ZWjooi/f7SJJcfXmr6c2jw0FKM2McPwnHvgbfP36WriSk02OL9o3a/g3XXoQma8cyeGM1xND4cGV6ksOpfZxLnapUmJINqarLHz+xGW3F62zfviTp9y6SS1YyY0bPkU7u4zALAYDFb2nry5pMLtrC4mOw0oZX2ofK2025Nh9cW/E6W9HiJm/152H9fta2P8pwZf6xhZsZZ7sqxytYycrnef1+VO6lQ0PjDFcuqOThFPvO1V3f1eO6pKyrZOltYWseADCiCUKP/gHz/9d/Tfj3j2K0duN89GP0fA6r5yns0FWuXrvGZGYSDeRyudrIAKZhYIUsfvnLv6d/9y62bdtGJpPBsix2d+2m3WmlM9rBpdkxnuzYw99P/Jreph46ox0YGEw7s2u9e0IIIe6xsTQcTqVqD0gLRhk+la7dyHPpkxyHygNLjvT3h2HoGKlkovZA0Ls/WDKXPsmp8SGOpZIkKg9JJ9PHOFJ52kmPd3Eslaqk1AcPJl2HUxwJnsZJHR+mMzVE/022s8zeMHw8Rf1eNDyIrLLfx2vlDR58vp9+hCPJIY4NjS80AcilgTHSHCaVqj7onWJ4X/UYfZ/hrsOkjiw8HL6Xfn6hfWf6LBxLkUoE006lgjIMVdo8V+dd+fg9YE9NW8jWus6A/n0kx96rNQMYPZcmuW8Izq0w/+gwp9LVCkZQVmrVn9WOQcNKVtkHkGtTbLnrbFnBemrbyKU5efw90s9XKvqnxhk6llqorH8/zSNHkgwdG2K81gQgR7rheFXO++F9QSBhdLhunyvBgPdHSdZupmnOcoxUKrgmjgcXDKmhyrzvpXn+SJLETa/ZB8PadwKoFPYXDqKiLTi/+gu0M4+54wmif/w/QTTGV77ypxiGQbFY5MUX/wiA3bt3YxgGO3bs4Ec//iu+9rV/wqVLlwB47tln8TyPcCjCc52/i2GYdO/cASgeb3oMz/OxLAsFKKXITU9jmSYAvq9Rqloshe/7AHieh2VZeL5PJBwmHA6jlPROuJGOnj7GvFu4o2UVsL/zaV595r+5t4USQqyP5L7lb8Sj50iT5HBlYiL5AsnhU8GH3EXOjvWy/2uVh97+5xnqTXM2mMjFs2MkXzhSeSBKkHwhyfB7F8klHwGgd/8jC+3pR8+R7h3iWLUQ/c8z1Hucc6ND9CdW285ybuPtwuL9Hhvm/dEkQ/1B6vKR1bbxfPWgdNJVNyWRPFKX8pxjfAyof7hLvlApW4LOLqCrWoYEXb0wXllu5eMn/RBsWlvqOgPoZ19yjHM5IDHKuXQvXc+vPPfoueANafV8T76QpLqbqx6DxcdqxX0AuTbF1rvOlpMgeaSubUNunMbTeYzhamW9f4jUyjczeoeer53nnfUXTMNyOTLj0HBBkeSFyo02EVww7Kse24ULZvXj8QBFANZlFABlmISe+jKhJ/8j8F2wwqAMlFIYhgFALBZbdtldu/rIz83R0tJCe1sbc/k8xUIRTY6QZWFaFo7jAOD7Pr7vEwqFCNs2ANPT08TjcRzXxXNdDMNEozFNE8/z0L5PsVSmtaWFQqFAT0834bB0HHi3yqUShmXhuR7hsI3rupimie97KGWitY8yDIwVAi2/yAR/fhQm26Pt+Non78zTbLdQ8gr4OsgQCasQKJOCN0/BLVD2g3MhakUXylIuMzk5iWVZtLe3Y1YCQjMzM0xPT7Nz587aeVgul2vnkNbBebI4GFQqFnE9n3g8hu97aBS+5/HRRx/xxBNPEAqF7vnxFEJALjMOvfuXf6jNjTNGFy8sP5HxMUifStVSgQNJcjyy/HbG0hxPDTd835vJAYu3s+gh5V7pHyJ1GFJ1ZV4pc2BVi1Ive3vvpDCrHT+kkrHFbObrLNHVS/rcKEOcI927n2OJlfraDCoQvfsT9QvTW61WLzkG9ZXuW9yHm10Ycm0+0DbzdbachvT83l4WTud+hoKbGam7aaayKG3/zq6XmxyP/gfnilmXAAAEb9yxbMC+reWe2rcP13UxjCBg0NTUhGEYeJ5XqZgpgvEEgwBAUMkM3uybpsn27dsxDKP2nVIKrYP5Pc+rVfx0pT8Cy7Lk7f89MDWVIT9fwHFcorE48/k5YtEI5VKBULQF5bv4GuxIFKeYp3N7F03xpUEg0wjxcMtDdMd2cmn2Ii3hdgwMim6eaKiJcqmAHWrCNOE3U//Apfz1ytmwYGxsjGw2y+zsLE899RQdHR0A/PVf/zVXr17l5Zdfpq2tDYDpqUmmpqfROmiIkmhro1wq4GnwPZdQOIozP4+nFLalUMqgJdFBsTDP2bNn6e7upqWlRc4lIdZAorMLxsaXf7BNdNHLWZa/hwcP78kXlqtA58gst53eFXrZzy3eznJvIu6R/iFSlS6mg5TGYfalhm7joT5H+r00vUPVdODKEE+3XZDVjp/YajbzdZZ4ZD+9w+cYJk3v/mMEZ/2ycxLsZt1eVt5a1srWcAwqb+hvax9WK6lcmw+6zXydLZFL8156af8XC/oZSqUYojqt0hTmNurbo+8PM5Zc1H/HbRYTbnI8HiDGRhfgVliWVQsA2LaNZVmEw2Fs28a2Q5X/20QikeDtfyWN37Ks2vzVeUKhhfmj0Wht3kgkgm3btYCAuDshO4xpmBgKfK0JWRau76OUQTY7het5uK7D7Oxs8BbdX1xtD3h+iWvzNzibOYvr+3w2e5kr+TGuFye5PPsZH89+wsjcZ3w2+xmzTnFJ5R+gVCoRDodpaWmpZYs4jsOFCxfI5/NkMgt/LltamwmHo6B9TEMxl59nfn4eywyalXiuRzQWZ2dPF4X5eQqFElprrl67yp49e7hx40YtwCSEuMf695EkzbnR4GMu/d7CG5DEI+zvHePsxcpT9+j7dZ1rJXhkfy/p99K1Z/LR4RSpk+nln9H795EcG+b9ynbIpTmZSjE8urCd4erE3EXWYqSxXPpkQ/mCh5auO3pgCSo5LDomt+M2j5/Y3DbzdZZ4hP29adLpXvY/svrV0r8vCen3SFd35Vy6fiJJ0ry3MHHR29Zb2IdbINfmA2wzX2fLGmPhdK7rDDCX5mTqZO06C5rC9NJ1Jzez8Uywj7k07y17Qd6Cu7xmt4p1ywAQD5aOjk46Ou5+7HWNZmR2ZNV5xovXV53+xBNP8Mknn9DW1kZXVxDWDIVCvPrqq0xMTLBz587avOFoE/39TbdUtsef3Ff72Xz44VoWifQhIcRa6WfocLKWFt87NERy4Z0dya8Ncfb4cVLDQHKIoV5qb9QSySMcHk/Vpf0lOVzpQGnZ7Rwb4uTxhSHDeoeOVd62JEgeOcx4LZ0xSTK5NDX4bi0tby9Dxypv/x/ZT+/wMMdT4xw+ttqrmmq75kpZk4c5nExzanzZd063WZ7q8RNbz2a+zoLKEeznJvV/6B/i2NBJjlc66exNJhvTlo8NcbK6n71JksumHK+yD6vWwOXaFJvxOlvaqW2Qzp/kheQwpyr7kjx8mGT6VBAQ6E9y5PA4qbrleoeOVd7+P8L+3mGGj6cYP3xs1cSD/ueH6D0+HOxz7xCHh3o5dTZDjv7bPNdXOx4PDqXv8evKkZERdu3atfBFcQbnF/8HurRyj/zKjmPtHUK19d3LoohN7EeX3yPvzN/RsgpFX9NOvrD98/e4VHfn/fff50c/+hGvvPIKAwMD92SdIyMjdHetRe6xEHfuwoULxJtuLZB2d0YZTr1H17Kd7FWGQ5LUWLEJ5OfmePTRR29rGbnOhLg9cp2JB8F3v/vdm86zJhkAhcJC7+16agzODUMhu/ICdhxn+z5U5O7fGIut4UDn79/1OurPw/tBtfmBEOIO5dKcPD7OC5XheoKUyS4OB4N+Nz48jb7P8FjvbbUxFEIg15kQ60GuM7GB1q8JgDIxtj2CLs6AYYJTBCOEdvLge7XZfN9n4sYNfA2e56LR9PU2ZgZMT0/T0tLC3OwshmmilIHve9jhCHaobpe0z8joZzQ1txCyTCzLwgqFiCzq5f/6+Dg+iqZ4FNO0KDsukUiY6ewEoUgzIdMApfBdh3LZpb2zA7Our4Ds1CSeVqA1bW2tZKemCdkWc3NztHd0EI1EavM6jsPU1CSWZROJhJmdmcYIhYmEQ8FwhGYIz3MI2WF8zwOtCUej2It6lr8yNoYdiWBbFr4OukEslwokEm2Uy05tuMNCqcT2zsbAyvXr4/g+xGMRlGGitaZYLBIJhzEtC2UYRMLhhv4QcrksM7OztCcSuJ6HYZi4rosVsvGcMpFoFNd10ZX2/o7r0dLS3LDdyckMhWKZbZ3tlEolXMelqbkF25Ze84UQtyCR5IVkilOphZ6zh45Vx+7t5/khaum8EPSaL0NhC3Gb5DoTYu3JdSY20JoEAKo97gcfghYGRudjGD170eUChOIwexmj/Qm8sZ/gTY2B1mjfx/M8prJZLCvEVOY6jm+ws2dnw/onJyfxfZdzv/o14XgLCo3Co61jBwO7G4MFxWIZ388yPzdLwfFoamrm8cca038mbkxQch2K+VlisWbMcAQrZDGfHSfS2o1bnKVQcuhsb2XiRo4vtrfjs7CPU5kpZvKzKMPEMDQXz3/C9p5OJieu4yuT7h3bMSoV8nK5zPT0NMViCbc0TygSx9WKkHJxdIiWeJirlz8jnthByIJiqUhraxuPPNSYMj6Tm8b1bjCVncEKx2hpjqO1x8ULn5BItDI7N0dTcyumqehsb29YNpubplQs4xbnMKNNGNql7JtEQzBXKNPdtZ3Ojk4idYGL6VyW0ctXmEnkyEzcYEdPH/mZabQZImZ4zHkhQqoEVhTtlXFcny8mf6dhu5mJG1y7MUkhP4vjevi+ZiAaxbLMWzirNj+ttXQQKMRd6h9KUekYf4lE8gip5PqWR4itSK4zIdaeXGdio6xJAMB13YUPnocF6KlPcCcvgB0P3vj7Dt7YOfCKYNp4noeuvEHu7+9HKUVX1w5QRuP6gO3btlEolXn6mf0YphkM8+d5WHZ4yby7d/cBGt/vqnTSZi6Z56FHHsavBB9M00ApA8dxsXZ24/kQsnbiuC6WadLV1Y3jupjGQidvXTt3skP7FAoFrFCYvc88WRmCcAdKKXzPrYULLMti167daN/D83XDsISgUErR0d6BaYUq5faxw0v3a1vXDqKxOL2lAoZpYZombrlM+JEIpVIZpYJhEH3NkmW7tm/HNC2UAmUEx1cphfZ9UArXczHMxuO0Y0c37R3b8X2PXbv7sSwT3+vB9zWGofB8vzZSA0rhOu6S7fbs7GPb9m5MM9im4ziwTPm2qobAmBBCCCGEEEKsszUJAHhzdaNQzmexfB+8cvC5OF03Zyn4n2HhF2bw65bTdYWrLlplAk0G4Ff+URnP0J3Da5wVVbdMrXylpfOY1XkqKwgDlCvfuWBX/h9sJ9+wnWqifJMJVNt5OwvbXLy9+v1YThjAqWu/Pp9fsl9xAyiWiVTKhVtZX6FArYGDF3znLWp6Hq4uU2EvWrcN6HxpyTYbTha38ZjVHzsq33tz+SXLW5X5bFXZUCm34vHZavzSHCw7UKEQW4tlWWitZTQMIW6B7/tY1u0/jlmWhV8JvgshVifXmRAL1iQAYP38f6/9rMt5pudL+O4qad6Oh3fur9Gf3N6gjlHTJ2pKhUpsDsY1HzzJAhBbXyKRIJfLEbJteWgSYhW+71MulWhtbb3tZVtbW8nlctiL+uwRQjSS60yIRmsTABg9U/s5Wzb588sJ5lYLAAB8ehW4esvbUGieaCnype6VhxcU4n5iznWh9O6NLoYQa66trQ2tNdPT0w9MEx8h7oRlWSQSCdoX9dVzK6rLyHUmxOrkOhOi0ZqPApB3FR/NRHHDbXilAkopiuUgp18pRXdXF9Mzs+Tzczddlx2y8X0P1/NQ6Mrb/0oAIJqAQg7CcShVU88VtZRrZaLad6HnbtRNBzDAssEtgjKDPgoWjUzQQClUax+6mIPiTPBdWx94HszdAN8FuxnwoZxffh1VzV3gloNmEXYM3AJ4lT8uhgWxjsr0HMumjsc6UOEoOjsWfG7thXwm2JcqMwK2DYWZ+p1Yfn1CCHGPtLe339HDlhDi1sl1JsTak+tMbDVrPgqA1sF/dnTtgtIMTz75JNF4jLlsjvd/9hP+0T/+fbIzZWzDYOr6dZp7duLN5jCjMUztk8/PEG3dhjs3Q9iMcunyRcanprg+fg100EkeZghz2yOocAdGawL3k5/hT42iOh9GT/wWAKOtF12YxXz6JfTsdZTZjIpG0TOTaFVZR2sPfn4K7c6D1Yw/9j667KELU8GwhQCGhdW2G+VtRzV3okJNEI3jz5egmMFo6UHPTkFzB3pmHBVpQReu4136FUSa0VOfLRz8xB6M3U+gc9dR4RB+YRoj1oI/ncFoGwC/hC4UMFo68GfG8MZ/gz8xUlve3P4Yfu4q1pNDYBh8BkgAACAASURBVHloWjAMjV8oopSHDlmocCeqfAntxcDQuJ/8BKJtteMi1k91uEYhhBBCCCGE2AhrEgAoeQvVnLKn0cDVK5/S293FP5z7NeFIhMLMLPNFhw9+msb3fMKWTS6bozU7RaI5jjMxweTUJPP5OeKt7ehSEe0r5vLTzFQ6l/O0puRplDIxZyfRMznUFPhzU/iuB+O/pVrlUtlxjNZu+O0ZVCiO0bwd/9oVdHEe1dyGLuVRE5+gyyUwCP5fzuHPz9JQbfM9vNw1CIVhfjR442+AXyxihKOo3Dh+IRcMdegUCLrDc/Hz00FgoG5dzrV/QM1eAhTKUKBMtFdCl8sY2evgldCej7KjaCePns/h1x1bY/wTjFgL7rXfoN05tGdgdfYHnSrOXEe7JTAiKKOExoZyPijH9ARSFV1/nkQAhBBCCCGEEBtobQIAzkItx9IuD8UK5L0SXJ+gOrJ8DHgoCtz4EAjqRa0AVz4jV5knUvnHjSu19UWBbbEgib07XAq25czDlQvLlKSutuUUoTiyzDxA5rPlv1+WR+nKx7cx/yqcDMxkVph4+ebLT10N/tXLjN11scTacHyp/QshhBBCCCE2zpoEAOwnX6z93An8070mvr63w0EpIGz42Kb0qi42B/OaA59JBzJCCCGEEEKIjbEmAYDOP/mXDZ+3rcVGhNhkmj74W9SV/2ejiyGEEEIIIYR4QK1JAMCMNAOgtaQ8C6FUkP2irDBB7ooQQgghhBBCrL81HQbQ931KpVLDqABCPEhM0yQajW50MYQQQgghhBBibQMAEGQBaK3Rvs/MzAzRWBzbDgFQLpexbXvJ/KVSEdO0MC0LQ8kbU7F5SfBLCCGEEEIIcb9Y0wCA1hrf9/E8D89zuHjxIp3btmMZmnyhTKlUpKWlBd/3cV0Hwwyxq6+XK1fGsEwLX4WwlI+PQamQJ9bURGdHB6FQaC2LLcQd01qTzWYJh8PE4/Fa+r8QQgghhBBCbLQ1zwDwfT+o4DsOrg/j167Q1NzM1StjaCvC1OQkVjhMPBYHP4/X001mIoMdDpOdyeMV8zQlOrAtRW56mnA4TKK1da2LLcQd0Vpj2zamadbOfSGEEEIIIYS4H6xLEwDf9zEtmycef4x8Pk8kEqFn504idhjH9QCNYRhA0GHa3n1PAeBrjaHA1wpDaUBhWZZUqsR9LRKJAJL+L4QQQgghhLi/rHkAoF44HCYcDjd+Z5pL5pMUfyGEEEIIIYQQ4t5a8wCAZVm1t/tCPGjMZQJcQgghhBBCCLER1jQAoJTCMk2QSpB4QOmNLoAQQgghhBBCVKzbq3nfdSkUSziOs16bvGccx6FQKCy06daamelppqdn8H1NsVjc2AKuIjs5SWZyqva5XC6jdWO11Pdd5gvF+2o/tNbM5+eYmZnD9/1Ned4IIYQQQgghxP1k3foA8Jw8o2NTFGemKDo+be0J3MIMnorgeQ4h02C+7PK7yc+vV5Fu2ezsDBM3xsmXfNz5aRLbuglbFjcmMjS3tJCdvM6Onl081L9ro4u6xPXx67R1JEin/55oxKJcLmOGwsRiEbJTWTwfHurbwafXpgjhopSBZYUoFed5+LG9tCeaNqTcWmsmJjLkpqcplsrEbFCRDsKGw67+hwnb69p9xZZ1bXx8o4sghBBCCCGEWCfrVosy7TgtsTkS8W58rYg3xdBuC7nZEtFoGMtQePr+HDM9bIdpa+sg5vpYqp1ovJmwHSJk2yjDoLkpQnNLYqOLuayObZ2YlklfXy+uU8TXgDIol0s89NAAjuPR1Bzj8VgLNzKTNMdjhEI2nusQi4Vvuv61opSiuaUZ27YpuR7xqM3MXJG2lhYksf7e6e7q2ugiCCGEEEIIIdbJugUANIqdvb0sruK3d65XCVbnuu6KHbbF4nFiTU0o1Vj6aCy2HkVblfZ9tNYrdrTY0dlZ2y+tNSiFAjzPa9jfONDW1rYOJV5QbVKx+LhWJdraG/Zr2/Z1KdYt8TwPUzq3FEIIIYQQQmwi6xcA0BqlIJ+fxw5HMNAYpkVhfg7H18SjUSKRyIqVwbW2WhtzpRRWKMTsdBZMC8O0aY5H17F0K/M8D6dcXnG6MgymZ3K4jkeivR18H9cto4wQbtkhEgkzNzdLqZDHirTSFA2hDBNf+4Rte01/H47jLPSrsAxDKexQiNz0NOVikc6urvXrtOImioXCRhdBCCGEEEIIIW7LujakLpfL/Pajc3hmhOaIxfjENDs6mig4mtJ8gc998Yu0bFDFerWKrlIKwzC4cuUKmcwN+h97mtbm+DqWbqmZmRnOnz/P43v2rDrUnAKmp2eIhS3SP08TiUXByUOkk+LcJP27+/Fcj1jI5dfnPibRbJCdzGKEY/zeF79ANLJ2zQBUJRthtenz+VnOX7iIXyzQ3tOzvifsMj755BO01uzs6dngkgghhBBCCCHE7VnX+lQ0GmPfM59HA+VSiV0DFpZp4Ps+5VKZcMha9Y3wRtEE6er9Dz3Cjq4uovGWDS9nU1MTn//854Me8lfJANBAd3cX8/MlnnnmaUzLQvseyrBwyz1YoRBaa3zPI/m5bhynxMCAief7hCxzTfdTa42GFYMAWmssO8rTe59gbq6A6fts9NkxMDAABBkAG5WtIoQQQgghhBB3Yt0CAEopXMfBsoJNhqzGTdt2GO17lMveehVpgV69UzldGYbOsqxaZ3/lVSrd60nfpIKufR/LsmlpsRe+rGQMWNG6bItQCAC7rnd913XvXUGX4ft+UPlfoSLt+z6GqTCtEK2J0KqBjvUm3RAKIYQQQgghNpv1GwWgmqZ+k8r2Rlk1jb5aQb0Py66UWvVNtGEY92W5IWjjv5Laft2nZZcOAIUQQgghhBCbjdRihBBCCCGEEEKIB8C6ZQD4vo9/n77NFeJeMw1D+ggQQgghhBBC3FfWLQBgGIakGwghhBBCCCGEEBtk3QIAju9wvTBxW8sopdgR2Yb2NHNzc7e8nG3bRKPRoP27EEIIIYQQQggh1i8AcHHmU/63j/4MfRv9pxsY/Pf7/lv8CY+/+7u/u+XlunbsIJlM0tzcfCdFFUIIIYQQQgghtpx1CwBMlXL8KvshAGEzzp7WAS5Mf0zBaxxqbke0neuFqdrnGWcOf8bh6tWrAMSbmmlubiI3maFYdmrzxeNx8vk8EDQ3KDsOQgghhBBCCCGECKxbAKBeU6iZ9kg7/7zznwGaaDjBXCnLx1Mf8Xj7fn5+7T0+mr2y7LKtiQTbtm1nV18fYTuEsmzccpHifJ5fnv3V+u6IEEIIIYQQQgixSWxIAKDsF8kWc0yXpnA8l9ZwgoniFJaCv7n6N5Sc/IrLzkznmJrK0rOjg/lCCdu2cZ0yruet4x4IIYQQQgghhBCby7oFACJmmLgZQ6PxvBIXpi8sTJz9bMn8MTOKoQxsI4RvK2zbBqBcKgEwduXakmWq89i2LR0ACiGEEEIIIYQQddYtAPBwywDfePpf3F4ngErRG+9B92le/KM/uuXl4vE48VjsToophBBCCCGEEEJsSesWAEjYrfyj7ufvbOEQtEiP/kIIsWlks1lyuRyu6958ZiEeUJZlkUgkaGtr2+iiCCGWIfcysRWtaQBAKYUGfN9fy80Icd8yTXOji3AT5/ne0bc4s9ykgYN867UDdN6zTb3DK2/B108cYs+9WuealCXD6Tdf54Nn3+AbB+7Z3j9Qstks2WwWOxwmHIlsdHGEuG/5vk82mwWQIMA9Efz9fmek+nmAQ2+8xop/ytfsvnSz+0hw7+XVE7y84TdEsRK5l4mtak0DAIZhEI1G13ITQoh7YFAeQsQ9lMvlsMNh6YtFiJswDAM7HCaXy0kA4K4FlerLB9/g7dcqle7Mab79+lE+OFitiEvFW9w6uZeJrUrOaCGEEPeU67rywCTELTIMQ9KL74Hz77zFmcFXG9+4dx7gG68OMvLujzm/cUUTm5Tcy8RWtaYZAFprPM9D61vv+E+IrcQwjE3QDOAmKimShw5e5p13g7zKwVdP8IX0Ub5TaTtQzSA4/85RvsNBDl1+t5KCObhiamXm9Jt8s7K+heYGQdrk5a8uvJ3JnH6Tb459lbcP7akUZ2G7DL5a+37ldd6CzGm+/fq7jAAMDDJ4ywdHCCHExjvPz8/A4KvL3G32JBnkLX5+/kXGf1hp8vbW0SALoDLL+Ok3+U7l3jFwsD5tv7GZ3EK2XOVe1TfImTNnltyLli/iO7zyVvWmKfcZIcTGWdMAgO/7QVRbAgDiAeUB5iZoBnPmraNL+gFobBZwhg94g7dPdAaV7MrD09uHKhXyH57mS68dqMz6LpdfPcHb1YDAm71LK+Ln3+Gb7/bx9ROvsafyIPXNd7p4+9Ae9j47wDvp87y8Zw+Q4cOfjjD41aAgmdNv8p3LB/nWiYVgwbdPVx7WGtYZbLu6ztVlOH3yXTj4Bm9X1vPKWzDw7F0eVCGEEOsjM85lBniuY7mJHfQNwAfj8PJrr3K5vgnAeai/vwV//09yeu9rHOjMcPrNSpOCA52VQPGbnK7rU+DM5V6+deLELQSaz/O9t87U7quZ02/yTZAggBBiQ6x9Xkul8q+1xvGdW/qntcb3PHzHua1/kmkg7jeb5YwcfPUEb59o/NfYPnKQlypPPJ1dfcAgX6hM7+gdaFzZwEG+VJm258WDDIz8lA8zjbOcT5+BwWQlM6CTA18dhDNpzgOde59loPIzmQ/5YKS6rWowoBpMCJYb+emHZCrrHDj4Yi3bYM+LBxfWs5rMh3wwMsBzezurC3JoYPVFhBBCbBUL9zc6eqn9+a/cf2rTOg/w0uAIH9Td0Aae3XtrWWbn05ypu292HviqVP6FEBtm3YYBvFGY4IeX/h36JlWisGHz1Z4vMX/2H5gZvXhb2+j7gz+hqaf3boophLhbfV0LD0SdXfQtmSHD+GUYeHbZVzXQuZfnBt7l5+cPsYcxRmqBgkkujyyXrTDIZGWdI2de55V366cNMJ6BPas9oU2OMUIfLy0Umq6lhRZCCHG/6uyijxEuT8LSGnlw7+j7aicweevrnBxjhDN85+ii/LjBSWCF+9cKMsFNr26pICvh8m2tRQgh7o11CwBcnB3he5/+m9rn7ZFt3ChOELdiONrD8z087RI1I3wxvIfCT/5fxv/ufQDs1jZM26Y4OYEZjuAWC1ixOG5+rmEbzbsfkgCAEBvt8jgZ9gTPYJlxLsOiIEBQwR4ZW/ZJDeisNQP4AmcYTB6qfB88MA1+dYXem/tg4E6G7uvoZYCf1gUKgmAC8qdk7eXSnDw+zgupIfobvhtmrPo5eZjUUHVqjvTJ4wyPLTetYcWkTx7n7P5jHEkmgq9Gh0mdStfN08vQsSNUJwshNrM9fGEQvlNrPlan8vb967fb639HLwMM8tIKw8Xejs7gpsfCXS8ISgghxEbYkK4tI1Yzf7zrBb7Q+TS/u/1zPN2+j6ZQfMX5W/sHCMVb6X/xy3T/3n9I/x99me7fe56e5/6AaPvtRWGFEGusLuX//I/fZWTgWfYuqpPvSS6k/EOG0z+sbxJQbQbwFt85M0Bf7RIPAgNnfni69uh1/p2jvPJm8HlPsrGn58zpN3nl6Ds3bwLQuZfnBkZ458eVOTMf8oE8mK29xRV9AEYZPj5M1+EUqVSKVOowyfQpTqZzwdTh4wx3HV52WuOqv78QJKh+lxkPAgap6rql8i/EVrLn0KsMnnmLb5+uq5xnTvPttxqbh92yzr08N3CGH9TWd57vHT3auP5bLlySQerWdT69pN8dIYRYL+uWAVCv3W7i/778N/zutn3Mu0UAfO2tOL9bKhNOtFGcvIGvTULRMM78HNoD35Ohc4S4W8t1ArhaD/6rGuzj8utHeaW2jmV64t9ziG8dfJNvHj0afB44yLfqO+vr3MtzAzBCY/Cg88BrfH3sKN88Ws3zr1v/4nUywKE3bqX8nRyodAz1yplgnYODkpq5lnLpkxwfHiOZTDJW/1KefoZSqYbP+5KQHs8BCfqHUqRWmLZglPeHoXdRBkdufIzeLqnxC7F17eHlE29w+s36pmADHHrjBAuJYZVMgbeOcvngG3yja7X1Ve8NdesbfDXoEPA2MwBgDy+/cZBvv15Z18Agg9LXjBBigyh9j3vOGxkZYWAg+KvmeR5OuQzABzf+jn+ZTq22KABRM8pbT3yDwv/5b2tNAG7V54/9K3Y+/8LtF1qINaKBaGUUgDNnzvCXf/mXvPLKK7Vr5G6NjIzQ3bXqE8y6CoYBvIXhkG5xXT/ovYOUfrHhLly4QLypacXpudFR6O8nMTpM6hQcrm8CsMjocIpTLJfqP8pwsDD1k0aHU5zbd4yu9+qbAARNAsZfaJxXiPtFfm6ORx99dKOLIYSoc7N7mRD3o+9+97s3nWfdMgB2xXfyH/d96aadAEaMMDtadzL/ud/Dbm69rW0073r4booohLhvnOfnZwZ47g2p/G9Fif5brIXn0ryXhuThxvlHh1OcSgO9QxzrXzT/+BBfG4LGLmRzjI9B+lSKasJB71Bd/wBCCCGEEA+IdQsA9MZ38j889d/d+gJ/OMTuPxxauwIJIe5P59/hlbfOMHDwDV6W+v8DLOgPYCx5mCOL4gX9QylSQ0Eg4PhJOHYkSYIc6e+fZf/XjpBgUb8AuQzjQLKaLZBLc/L4cYY7JSNACCGEEA+WdQsAaK3xfX+9NifExlEKQymUUhtdknW359AJ3r77lfD2iUM3n09sYUF6f3rFXv4D/c8P0Xv8LBdzSZK59xnueoHUci/1E0mOpJINn19IDnPq3ChDt5qNIIQQQgixBaxrJ4CGsSGDDgghhNg0gsr/+NAxUjdL0c+NM0YXLyRg9P00pNOk6jsVHDtOanzlIIJ0CiiEEEKIB826BQAM7eN/+v81fKeiCXRh6RBOW5UKhdFOaaOLscAwQBnwoIyksF77G03AtsfAjq3tdoTYcnKkT1be/C9T+W/sEDBHOuggIOhAsNIsYGE9dZ0ALu5scHSYU+leho5JAEAIIYQQD5b1ywDwSpT/6n/GNaMo7WH5Rcyep/Cv/nrdirDhmrfD7I2NLsUC0wbLhtLcRpdkfazT/qqd+zEHj4G9a023I8SWk7vI2TFg7FTjm/zeIY4dSdI/dIyhk8epjRTYO8SxW2nE3z9E6vAwqbohBpOHU0gfgEIIIYR40KxrEwAvksB58qv4U5eIX/qb4EvTRsW3ge8CPmgflAm+F1TWvDJamTB3H1Wcb5XdBKYF9VkOpo2KtQU/V/fNczDiHWi3CL6P9h3IT65ZsVSiFz0zXvd5ALQD2gXfD8rs+2i3iDJMtO+hTAtCcfCKoDWgwHfRxRnwnDUr610xLFS8A53PBOdThWrpBisClMDRoD3QLno+F5x/dyoUQ4VluBghbln/EKn60WEXt9VfIkHySIrV5lhxvv4hUinpWFYIIYQQD7Z1DQBow8Zp3oVfKKCp9AdgxzG6n0aFwyirBT1/Hd+ZwWjqAzz0zBVU56O4v/pzKBXXs7h3z46hrHBjMwcrirHtUVRzF+CBpfB++xOMns8DPsoAbfi4f/9v16xYqrUHPXu99tnoeAQVjeLnbmAkdoHhoJ15MEyUFUMphT9zGcLtKCuEatmOP3Ye1boNb/R99Mz1Vba2gcwQxNphPgvUBQBinRjbH0PZPrpsBdNMhfvhj6Ccv+PNKTsWpP8LIYQQQgghxH1oXQMAofnrtLz/LdA+yq+8NS7k8C68BwpAVd4u+/jqF4AO3she+iV45fUs6r0xN4Fe3BF8aQZv9G+DtuhVnoP7m79Yt2L5l34RvPU27WDzI/8elAoOd+4zdCEDWqESXejpSqaA9gAVzKeM4I36mAH+ffr2H8ApoG+cX/JW37/+If7Ex5VPCqhkNNzlOabzkzA/hep5+q7WI4QQQgghhBBrYf2GAVQGPDRIfX3Yb9uFjrSvVxE2XqQVitMbXYoFhhX8cxcyKzQAjy38nBjYgIKtkWX2d02090NIOgAUQgghhBBC3F/WLQDgqRCF5/4FjuNgGAaWZT2Q46SLrc80TYxwGHOjCyKEEEIIIYQQdda3DwCtMQwD13UxTROlFOVymUKhQMi28VwHy7QoFAoYlkXIChGNRjAM4+Yr3yTK5TL5/Cyu66MBywrR3rax7canpiZRyiBk22g/SJdXhoH2PayQjVMq4boudjiMaZq4nodlmoQjEYxNGMTJ5XIYhoFhBh0c+r6HMizsUIi5/DydHQ9QVooQa8CyLHzf31J/u4VYK77vY1nr+jgmhLgFci8TW9W63nF838d1XRzHwbZt0JpyqcjFixdpaW0hP50l3LINd34GKxKmXHZ4fM8ewra9nsVcU+VyicnMBKWSg1NpVr/RAYD83Czj49dp79gObpHZkkdzPMLMdI7evt0U5udRhsm18Wtoz6XoGTRHQ+zs201TfPOluk9mMvheGR2KU85ng2CMYeE5Dk0trRIAEOIutba2ksvlsMNheXASYhW+71MulWhtbd3oogghFpF7mdiMvv71r990nnUNAFiWhWVZRCIRIGhjblohurq6MAyDcMjGDIVRMRsNeJ6PucUuuEgkwrbt3YAiUglybLREWzvbtnfhuh6WZeD5GtMw6O7uRhkWra2teJ5He3sbWmt8rbEMg0g0utFFvyNdXTtwXJdwJIbntFc6NlQYysD13I0unhCbXnt7EESbnp7GdeWaEmIllmWRSCRq14wQ4v4h9zKxGVXr2atZ1wDActGzWCxGLLb53iLfqVDIJpFYyGi4lV/SWmtpebDePDQ1tyx8iG788RdiK2pvb5dKjRBCiE1N7mVis5nKZm86z7oFAAzDIBwOr9fmhNgwSqlN2TeCEEIIIYQQYmtbtwCAUoqQdHIjhBBCCCGEEEJsiDVtYK+UQm2xNvxC3A7TlMEAhRBCCCGEEPeHNX0lL2n/QgghhBBCCCHE/UFezwshhBBCCCGEEA8AaZS/BTiOg+e5mKaFqut8zvd9AFzXQaHQyiBkKlAmrlsmZIexJEVdCCGEEEIIIR4IEgDYAvL5PNnMdTwjjFuYwwjH0G6JsqexQyFCBpRLJXQoQiIexjfCFGan6NzRS6K1aaOLL4QQQgghhBBiHUgA4D7heR7FUpFwOMzcbB6lwDQNNIp4LIbWPrOzeQwDbDuMUgZK+xQdl2g0grm9C18rXKcJx/OZysxj2xGa4zFCloUVstAYxKNhyq5PzFaYhqJcdlAKLMuiXHYwTQNr1dEafMplH9uWU0cIIYQQQgghNhOpxd0nZmemuXH9Oh1dPUxlJnAKcziEiEcjtDY30dTSzI3r42itCcfiGIbCKRbRvk8mm8UyFa5nUC7P09zcykxuCssOM3HdJxQK8cwzT/GbDz9GKcXAI48yncsxM3+NUCiC8ssUPQNnbopQPEE0HALtU3YcyqUSygoTCSlm82VaWyO0tHTR092x0YdMCCGEEEIIIcRtkADAfaK5uQUrZGOZBn6iDbOtDdMyUYZJUzyOUyrS1tGJwicSjWGZJnOzM8zM5tnW2YllWTilMo7XRCQWpaO9jaA3AI2LwdzcPJ3btuG6ZXzPY3v3Tjp9H1CgXcauTfDw7qdwPI1pGIQsk2KphDIUWivCdohisYihwAjJyA53orm5mZ07d250MYQQQgghhBAPKAkA3CdMy6KpKWiPH4nGlkwPR2NsW/R9JBKhc9u92f7jza1LvovF4w2f44s+i9vz6KOP0tXVRbFY3OiiCCGEEEIIIR5AaxIA+KvT7684rbdrB309XQ291W92vu9zcfQSmWwu+EJXJizeRV33nV742jQNYtEoiw+J1jBfLOK53tKFllhmxcsWArTWS45/7TtdXUv9etRNtr2y+l2ufrH4u8WHSy/5YnERljt3ljvoy61o0TpWm6X6/Z3t+pJ1F4tFPNfl88/sucMVCiGEEEIIIcSdW5MAwL/61/9LrTKrdWOt9z/50z/hP/unX8XcQsPPlcsO7/7wLzj9t79AqYUKbK0qulp9FYhGIvR2d2GaBrUap1J4ns+Va+Pk5+eXLre4crzMehtVGwToJfMopSq/p6XL68WfVqsMV/dbqeBHXRdGCHaJytcrl1WB9pcpuiYYynDJ+iplrxwHBQQNG9Sy+1q/UlVflsZNLdktBcGICqEQth0CrXFcj2gkzFy+gGkazM7OL1qqfq2gtU9booVT302tVCghhBBCCCGEWDNrEgDITE0BQYWppbmJXTu7+eWvPwQgP19AKYVhGExOTlIsFunu7kYphed5S3qg930fwzAavqtWVlfKItB1tbp1yTRQMDObJzM1hVKKtkQrhlJM5qbx/cbabDhso32NaZqUiiV8rYlGIsRjMcoDz5D53QOo+DQ7f/2X+D+/TiabZS4/z588OUGuFOfybIKJrEOhHKw3Eg7z/Bd/h6eeeJy/+PF7jF66jO8HVVbTDLFz++eJx3YweuWXzBcvg4Z4NMrv7d+L4zqUSmXOj1wmNztXOXhgofnnu+f5d9eiTJUXjr2xIwJfbCfS1YrKlMn/4GJt2rbOTr785T8i/fdn+fg3FyiVHDRg2yH6erqJRiJc+GSUUrkMQE/Xdrp3bMdzPXztUy67fHzhk6AIdXVnwzCIxuJ4rkOpVKrUqxWGEWQr+JWZtd/4O/erwQdlBtVv3yMctnn0od1cuXaDbG4G0zQwlIHvazwvyLIw1EKQoXru+L5Ga03Istj7xCNYpklLS5zrE1Ps7u0hFo3w2eVrfDoyVivDQwN99PXsAOAXZ3/DXH6+cqpsncwXIYQQQgghxOaypn0A/Kf/7CUOvfRlOtvaeOoP/rhhmtaajz/+mL6+PmZmZrBDFud/e5H+3X1oZaD9oPf6yclJ2traKBWLmFYIpRRNUYvxyTnaE82gFE6phDIMisUikWgU7RSZK/ns2LGDcGh9Mg2q1bqBXb309QQBjSvXxrkw8lltHtM0eXj3Lgxl4DgOn3x2fmKg1gAAIABJREFUGd91AfDsGMWmh4lcmMDffZXQ3gLObxZe7/+P/+XTTLODpjC8fuIi//7sLIZh8B/83hf4/S98ntHLY3z9v/ov+F//7BS//XSUkNVCcu9LKN2H5Y5jxB7no+IVPHwikTBXL37ItWvXmMvPo/9/9u4/KK4zv/f8G2h+SICEREuDbBjTHhxyB7LR1W02hTO3GV07YjzWekfeiR2BayMnjljHW1sa2D9kyZmQlCVr6y6Mdqt8J2iUjLIrYOQ7Ncq6NOORrlUeemdFErgqTUZMQozdeEAWkpofEiCBgO7945xuTjcNNKilBvrzqlKV+pznPOfpI8Rznu/5Ps/JskNKWvCLfGk6mZufZjCRkhx8Iu7LTuax39nGUMYYdxklJQXziXsS/qQk/u1/2Mm/+Q+78Geu43pfPzcnpwAozH+cFyqfITNzPWfO/pjuTzwA2FJslDv/LSMjt/nY8xkz0+NzrmlKSgrl//4rfPOP/ifuD9+g4X/7jwzeuEne1ly22HMZHR3Hj5/bt+/gHTSmX2RmrmfjhiwGbg4ylbEJ3xO/wxcz7nPrn37G1i251P3Pr/J/n3mfj/7ff+R3/t1/w5d/40tc/qd/puufe0hJSebxx77A4NAIMzM+tuXZsaXY6Pm0j3sTEyQlJ/FZ3+ekpqaSesPG7Tuj9PffIDkl2TJNw/Dff30n/758BzPTU7z9H/+KX/7qUzMosdz5BCKry/DwMCMjI0ybv+NEZC6bzUZOTg6bNm2Kd1NEJAL1ZbLa5Nrti5Z5qAGA6zdu8IuufyF/2xfm7BsaGmLjxo3YbDYyMzNJTU1lc042ly9fxpa2DlsybM61k4SfX/d9xo1r19mQs4mkFBvFTz6O55NPuL05h3Xr1uG9dZO09HT6f/1rCp4sIiN5hvGJ+2TnbH5kAYDAsG5mxsfQ8G1Igpmwp/9+v5/RMWOgO3V/Cr9lf0ZyMv/dlkm2pE/R2PkvjG6cIG1i9mlx+0Aevxx1kJc2yKA5Vk5OSuILW3J55itP09P7Gb/51JdYv34dfr8fn2+aweEbpCVtZs/MDVK3TvFXN3z024x2XfmnXzI5OcmGDTnYwjIspv1p/IoUJrD8spvx4x+eZNI/xL3PZ0i+l0y635hSkJKRQf/d+3T3XSNp4i4zU1PBw+5OTHDt+g02bMhidHw8mJ3xha12vvH1Z9i2dQsDtwY52vhdurp7Qtphs9nI3LCRvutDzIzfJtmWRlKSsfjhxuwsBm7cIm+rnRs3vcFj0tJSGbk9is2Wwv11G7Fv3cQrO/8NJ3svc//+ff61p5fx8XsADI/cYf36dcbUiyTIydlgXjsf09Mz3L07QWpaKsnJSdhsNtZlGG8/SElJ5u69CdLT00hLTWNqehpbcgqbclIYHrkDwK/+5RPy7BsZGbrBti2Z9KQnMz4xQ+T5IPHUzemaRtzhmx1VHD1Ywby/Qrqb2d8IdU3VxGpFg+7mGhqo5UR19DUudMxy6nvkvG28c7gFqo7wZoX1andzuuYsBUcOUrH47/FoT0bbscNcKg8/V+wNDw8zPDxMWno66RkZD/VcIquZz+djeHgYQEGAB2L0ZdQ28cqcX/mP7nffg/C2HeNQiyfiPlfE7xWlGPXX3c01NMy9WaA6pv3UyqK+TNaqhxoA+Pk//Fe6unvYYK5ub5WWlkZJSUlIin7etsewpa8nPS2V9PR00tKMp9J+vx/HE09iSzWam56exr/bkQlJSaSlpbJtWx7Jyck4HA5jBX3fDElJSaSmpz3MrxdR37XP2brFThJw45Y3ZJ/P5+PWoDE9wjfjCw0QTN9j7MYnjGZsZrLXRnZgPQAzsvB/tvQAPYCfG7eMAeyMz8dHP/97Puu7BiTh8/n4pPfXRnUz9/ikr40NWb3cGunnqcI8UnwzQApj4+Os2/pF1gEpKTZ8ScmzEQw/fJYyjQ9fyLPq5Ht+rnX0M5MxRWpyMknTSYARXPHdv8+vL/2c8X/9Z1Im73JnbDJ43PUbt/j5P/5XbCkp3Lg1GNx+46aX/+vM/0POxmympqa5fuNWcF9gTYLJyUl+duEC//CPV5i6d4fx2yMkJ6Xw+cBNvIND3Bkd587oeDB9H2B4+Haw3SlTvYz/w03e+3U7Y3fuMOOb4cSp9xi/dw+/38+/ftJL72efMz09zdT0NINDI9zy+UgiiftTU9yfmsLn9zE9ZUwf2GLfTHZWJjMzPtLSbPj9kJWVSXJSEr2fXSPVZgsGAC62/T09H3/MkwWbSUpJITllvlUGV4bQmwvjZunQMRYOAjwEjvzcR3i2lcPTcp7uitgFU+JtZGSEtPT0OdO3RCRUcnIyaenpjIyMKAAgiwff480VGlT3th3j0OFjEE0QwNvGO4fbeXoVBQzUl8la9VADALdHR7k9OhqybXp6mrt375KSksJd6+J2po0bsgFjEGhNt0lOSQ7Op793b4LklORgfYEBY3p6On6fMRj0+/1MTtxjkodv8v794NN8n9/PwM1b85edvB+yRgFASvp6MvJ+g3+5vw7f5H1+40tbSSGXmekp0kbusS2/mPu2NALL0W3KhmlPF5N373Bt4AbXBm7MVuYHkpLI+cIXyc7dBklJfJi/gf8ycZfhLzxGytgwWxylpKSlh7Th5qdX8ftm+MKXfttaEX7fDAM9vyA7dxtZudvMB9h+/H64c6OPu7eH+MKTXyY5JRWfH3xpdrb8xjZufPwLMjZsZtNjDgCmgW0bC7g3OsLwtU+5n5HL//fJEEkM4Qfup21m3YbN3LszhHWQPDkxweTAr2e/nt/H3bv3CPzkjN+9O/+Y2jfD1L1Rej+Z/RkcDLypAWORxXvTs6/km5y8H3L41PR08N/q/v0pen99jfS0NO5PTZOWZmNm2gdJSSQnJTF5/37I/P7p6Rk8/bcYvj0GJDF+LxCkWGkZAJHYqThYS19NIz/troj81KG4mhNNsT1rbr6DgrzY3RUUVzdxIma1PUwOHA43Dc3OlZ2tsATT09N6WiISpeTkZKUXP1R2Kg42URHvZsTLQ+ivA+wVB6nrr6HhfDcVa6T/slJfJmvVQwkAfPr3Hz2Male07zUei3cTZJXweCKn+K0suRQ44NKAF4rtdDfX8CNc4HbjcVRxdE8/hxqh7kg+PwqL6Iem3odOMZjNNDCyDPoKXLjdbvOpwkFeCZy+u5n9jYGjlpdiGD4FICS9MuQpyzxtNJ9WFLjA7fYEds4O0hdqo5na74my/U/vqYLGRk47I6R5znlqYk11DaS2VlHQ0mJ8B0cVR1+D7wXOP+eJUhenayxlLftCUjwt33XOv/9KfkIlIhIifArAfP3SAv2EmUbvcrlxuwO7Z6cUhPzuDPsdOX/fszTGOVyzqfzdzexv7KP6yEHyztfQQBXVfS00ewDCy5lTALqb2X8WXLhxexw8+996+KTIMjWiu5n9Z/OX1MbcfAe0D+ClGHv4tQj2f92cNvskjyVjIFbXRkSW5qFmAIjIamUnrwA8/YNgdsceN9Q1NQVvKIxiJTztaOFSl5cK88aqww2u2mKMm65G+qqOcMLo6Xnn8DHaLINhd18+R5uawjr8bk439lF9pMko193M/pNtlDzIjUF3M4daCqhrOkgxxg3KoeY8TlTnzt9G41vjppYTTcXmvsAgfaE2Gjc6BbVNvFls7jvcTN5C8y9zK/iTqnYOnW3ja8v4np6Wfl5sauIV88b20Mkq47qagQhrJoenpZ2njzRxwm5O9WjO40R1Md62YzT0VXG0qQK7ecP8TtvsjWHIv7+IyKq0QL80OF8/Efit56Yv/wgnmuzmoPokbSXGcbO/O43jvtdWYvzunLfvmec3qaeFQzUtodvMgXFxdRN11JjZYnC60Y2r1uiDugHcLfTVNnGi2ByEH5tnIO9xg1nOGPB34a0w297pxlF+ZEl9kN24WWAQsHfPvRaB7IBXjlTRZw1mL/XaiEjMaFKLiETH5Yww+LNTUu7A096FF8A7QJ+jiq8VA94uLnlcvBgY7dsreNHl4VLX7NoYjvKSeW40PDSf7zb+WlzNiQd8KtDd6Q5pf3F1k3GTsWgbHVRXmkfZ8yiIpo3dnbgD1wCguJJqh5uO7oXbaK94jWpa+F6bd+GCETiqKs3vZmRuBK/rnDYDrj1mAMZOxR4XuDvpxktXuwfXnsB1NvYF/11hnn9/EZFVxNvFJY+Dp0tmf+e/2WQMSLs73ZbfpVBcWYXD3cnsr25LX5Gbj8Nar6eFnwa7g6bZzIBF6wzjMIK3J6x/LP1fcXUtLncj+2sacbtqQzPGLP1OcWUVDk87XRG7ExdlwQY5cQXLddPhtlyb5Qjpr70M9M1fdMnXRkRiRhkAIhKB0XE7yhdflM9esQdXy1m6vBWUdLVD+WtG5z/Yjwc3DTVhywa7BoGF6i3mlaZaqGlkf4R09KVb4Lss1MaSheqcv43egT7wuOc8xXGY0ynmZwy6mxtP0layJ4rvtTwhCy3m5uOgHxikzwPuxpqwN0K4GEREZI0Y7MdDAS/O+VVs9BMe92H2h/zqdjDgZeHgZ3E1J2phv+X3p8ucorVgncsaZxfztSoH7pYC6sL7xIK82UB5pODvPPWVuTz8qMtLRckAfY5yvrbEdnmNDtbo1cOmvzkc8x71EK6NiERLAQARmcvbxSUPFOyJphcO3EB0Qzs8/Zr1CYmLFyOmvi/2lLuYV5qajDUBQlLvl/g9gEjTGYIWaqN3YHltzCsAR/ny5jIWV1PnqqHhfCeupR67HIP95o2akTng2hP5GuuJjIisCbn5OGiPMMg0+gnHfK8KXCwSWlzNiaZqwJzX3thMWVP1wnUuh7eN77UQeeHYvtl5+HgH6IOoggDFThees110YwngR98guto9ULDHSPk/34InbP2YhojHLXK9ZUUa6TzJ8SvbOfCak5zwnb3nqD8F++p3UxiPxsmSaAqAiITx0nayBY81jX0RxU4XnpZGmgv2zC52Zy/haYebHwVT2rs5XVPDO4uluHvbeKfmGMFi9jwKcFDwAG8ILHYGUt0DpzjG/mNteB9GG4uduCzpoEbZGk5HOYo2Ujzds0/i7XkUYJmW0N3JnFcxL4Gn5bx5Hby0nQ1MjTCmcrjPtgVDM93NNcY1eoBziYisKPYSnnZYp3kZv/NPdwf6sfOh/URN86IB0GB/EjhFXgE48jG6g+XVOc+ZaDvZAlWv8eZBYypASL9iSfnvPt+Cx1FOVNn8Zp/V0OJZ8pt4vG0nafZYpsqBGYgAvG38aIHOKrbXRkSWQhkAIjI39XupKffFTly4wWk9JvA6QUuKn6vWWHhpoWGlvYI3a/vZf7gGc6lBHFVHeGW++xK3JQ3fKG2sihzSvmqOVh3jUE1NoCHUmYsUzdvGhUa+C7bRWOzoncM17Lfui/pyBlI8Qz8fajHb6Kqi2gELTK1ckKMqn44a86mMo4qj5r9z4HVOs1MXZq+RpgGIyGowpy9zVHH0oHU+19x+yVF1xFiwlfB+wkH1kQUWbw3UOOd3p3Gc0R0ssc5IiwACjqr/lafb/3eaqeJohR2w80qti/2NxygI9HeuAvqC/c7s7+/FFVPmArfbsjbAfOb0t5a3DWDO4z9sfgdHFXVVDhoCbwgwFw1uPlxDX20Tryz12ohIzCT5w19K/4A8Hg+O+Sf9iCS8WP4f8Xg8bMvLW7ygyCP08ccfk5mVFe9miKwa42NjPPXUU/FuhqxS4a+9XSpv2zEO9e/RCvxhFurLes/V82HeAV5z5gQ2UP9hHge+CT88PsCzwVT4ETpPHmfg2XpKry79mN1z8umNfVe27ybv3Dk6AfJ3m3Wcoz/w+TUnOUsqG4lx/DmjIE4ndA7MTgHoPVfPqU6jpNPppLNTUwBWgoyMjEXLaAqAiIiIiEhCMt8C49TgfykKS530X+lhxPzce7WT/O1F5OQUsT2/k6u95o6RHq70OyktXN4x8+k/N0BpfT319ftw9p/j+A/hm/X11B/YTX7/OX7eu7yyViOdP+QcuzlQX099/bPQ2T+7s/ccpzqd7Kuvp77+AHkDnUu/iBI3CgCIiIiIiCQabxvv1BymuaB2mYvsJrDCUpz9V+gZAejlamc+24tygByKtufTaY7mR3qu0O8sNZ6KL+eYeeTv/oq5P4e8fIxAAkCOnfC80KWUnTVCz5X+2bIU8pXd+cG9vVc7IdjGHJzPOhe7YrKCaA0AEREREZFVqri6iRPLOdBewZtNFbFuToIopNTZz4c9IziLvAzkb+crZh59TtF28s9dpXd3IQz04ww+yl/6MSOdJzl+LvDk3cm++q88lG8z9zylDPRD3rOzkwNy7IFwwQjeAcjfbpk4kJNHPou9PUlWCgUARERERERElqCw1En/hz30cgW2f3N2Hn1OEdvzz3G1txQ6nZTuXv4xOc7XqA95uD7yUN7OE/E8+XDFOwKFRitHvANAHpCDPQ/6B0Yg8A1GBuhHVgtNARAREREREVmKwlKc/ec4da6fPLt1GT0zpf/UKTrz80IX2FvOMXFhtKf/3M8xJybQc2V2iF9Y6oTOD+k0FzTovao1AFYTZQCIiIiIiIgsSSGlTujsnLtgX07RdvLph+Ac+gc5Jj5ynK+xb6CeU/XG4N7pdBLM8i/czYHdJzl+vJ5zQL7TSf68NclKo9cAijxieg2grHV6DaDI0ug1gCIrTzR92UjnSY4PPEv9nPf19XKu/kPyDryGM+fBjxGJll4DKCIiIiIiEnNGWrwz0vv6eq/Smb+dojkD+eUcIxJbmgIgIiIiIiISrZFOTh4/R79zH/VhY/nec/Wc6sxn94Hdoan8yzlG5CHQFACRR0xTAGSt0xQAkaXRFACRlUd9maxGmgIgIiIiIiIiIoACACIiEmM2mw2fzxfvZoisCj6fD5tNMzJFVhr1ZbJWKQAgIiIxtXHjRu5PTurGSWQRPp+P+5OTbNiwId5NEZEw6stkrVLIWUREYmrz5s0A3L59m+np6Ti3RmTlstls5OTkBP/PiMjKob5MVqNo1gBQAEBERGJu8+bNGtSIiMiqpr5MVpuh4eFFy2gKgIiIiIiIiEgCUABAREREREREJAEoACAiIiIiIiKSABQAEBEREREREUkACgCIiIiIiIiIJAAFAEREREREREQSgAIAIiIiIiIiIglAAQARERERERGRBKAAgIiIiIiIiEgCUABAREREREREJAEoACAiIiIiIiKSABQAEBEREREREUkACgCIiIiIiIiIJAAFAEREREREREQSgC3eDRARkbVneHiYkZERpqen490UkRXLZrORk5PDpk2b4t0UEYlAfZmsNrl2+6JlFAAQSXhe2o4dptkzu8VV28QrxdYy3ZyuacQd/Oyg+shBKszfMd3NNTS4XdQ1VWM9zNt2jEP9ezhRHVLZso9Ztu5m9jcy51zycAwPDzM8PExaejrpGRnxbo7IiuXz+RgeHgZQEOCBLdaXGf0Y5jb1W7IY9WWyVmkKgEhCM2+YCmo50dRk/qmFxhpOdwfKGDdNfVVHZsscKefS4WO0ea11uflR6IYoLOcYWelGRkZIS08nOVldjMhCkpOTSUtPZ2RkJN5NWeWi6csiUb8l81NfJmuVfqJFEtogfR5wOa3PF4r5WpUDd6d51+QdoA8HT5dYUorsFbzo8nCpy3IT5HBAy0mWdF+0nGNkxZuentYNk0iUkpOTlV78wKLoyyJRvyULUF8ma5V+qkUSWi4FDubcINkrDs6mMtrzKCBssA8UVzfxZoUlKFCwhxddHppPthH1fdFix3Q3s7+mmWDrvG28U2NmHgT+3tbM/poa9tfU8E6bF2/bsZDPVgOWfaFPhbo5bW4P3eel7VgNp5vNczQv+ChJRETiIoq+LBL1WyKSgBQAEElodipeq8Lhbpz35gOKeaXWhafl8Dw3IZaS1bW4PC38dAn3G8s5ZpaH5n6nke5ptvF7vMaJpiaOVjnwtJyfvQnDTXP/nmBZd2NgCoOXtmOWKQ5HquhrDJ3e4O7L52hTU2znd4qISIxE05dFpn5LRBKNAgAiic5ewZvmnEnj5uPw3EF+cXVwXmWdC9yNNeyvCV8DAALBAnej5enHopZzTICD6krz5iY3H4dlqoI9r2D+ssWVVDvMrAZvF5c8Ll4MZDNEmN7gKC9h8TVVRUQkbqLpyyJSvyUiiUVvARCRIHvFQU5UmCsaNzZTFmH14eLqJk5Um6shn2yj5GBFWIFKqh2HaWh2cjQ/yhMv55glKyAveDdkJ3ifNdiPBzcNNe7Q4q5BIPdhNUZERB6SaPqyEOq3RCSBKAAgksi6m9l/Np+jBytCnhRYn0LM93qj3HwH9EWq1EjFvHT4LD91RduQ5RzzILwM9AH5mE9gXLwY8QZRqzyJiKx4UfRlC1O/JSKJQ1MARBJZsROXp4VDIYsEeWk76waXk2LAXlKOw90YNp+ym5+2eOZPMbRX8CdV4HZ7Iu2NLNIxufk4cNMReCFBVztLqDGM5dVN3edp9phpl/YSnnZYX+tkLKwU7fxRERGJsyj6skWp3xKRBKEMAJGEVswrTUcoOHaY/TWzWx1VRzhhmVv4ZlMep2sOs79ltoyrtok3F7irslfswdXSiHv+IosfY6/gRVcLDY01uAFHVRUu2pdQo5WLpznJ/hpPsP3GV7RTcbCWPuv3c9Wa3183UyIiK18UfVkU1G+JSCJI8vv9/lhW6PF4cDgcsaxSZE2J5f8Rj8fDtry8mNQlEisff/wxmVlZ8W6GyKoxPjbGU089Fe9miIiF+jJZjTIyMhYtoykAIiIiIiIiIglAAQARERERERGRBKAAgIiIiIiIiEgCUABAREREREREJAEoACAiIiIiIiKSABQAEBEREREREUkACgCIiIiIiIiIJAAFAEREREREREQSgAIAIiIiIiIiIglAAQARERERERGRBKAAgIiIiIiIiEgCUABARERiymaz4fP54t0MkVXB5/Nhs9ni3QwRCaO+TNYqBQBERCSmNm7cyP3JSd04iSzC5/Nxf3KSDRs2xLspIhJGfZmsVQo5i4hITG3evBmA27dvMz09HefWiKxcNpuNnJyc4P8ZEVk51JfJapSRkbFoGQUAREQk5jZv3qxBjYiIrGrqy2S1GRoeXrSMpgCIiIiIiIiIJAAFAEREREREREQSgAIAIiIiIiIiIglAAQARERERERGRBKAAgIiIiIiIiEgCUABAREREREREJAEoACAiIiIiIiKSABQAEBEREREREUkACgCIiIiIiIiIJAAFAEREREREREQSgAIAIiIiIiIiIglAAQARERERERGRBKAAgIiIiIiIiEgCUABAREREREREJAEoACAiIiIiIiKSABQAEBEREREREUkAtng3QETi5/rAQLybICIiIiIiMZCenr5oGQUARBLYtry8eDdBRERERERiYGh4eNEymgIgIiIiIiIikgAUABARERERERFJAAoAiIiIiIiIiCQABQBEREREREREEkDMAwBJSUlMTU3FulqRNWFqaoqkpKR4N0NERERERBJQzAMA69evZ3h4WEEAkTBTU1Ncv36d9evXx7spIiIiIiKSgGL+GsDc3FyGhoa4fv06MzMzsa5eZNVKSUlh3bp1bNy4Md5NERERERGRBBTzAEBKSgpbtmyJdbUiIiIiIiIi8gC0CKCIiIiIiIhIAlAAQERERERERCQBKAAgIiIiIiIikgAUABARERERERFJAAoAiIiIiIiIiCQABQBEREREREREEoACACIiIiIiIiIJQAEAERERERERkQSgAICIiIiIiIhIArDFuwEiIiIiIsvXzemaRty4qGuqpjhkVzP7G93gqOLowQrsS625uYYGajlRXbx44QBvG+8cbufpIwepiHTCQJsCltk2efjGxsYYGxvD5/PFuykiUclYt27RMgoAiIiIiMgq58DhcNPRXU2xZaze3eme/5AlWlYwYG4l7G/so/pIUzA44G07xqFjBIMASzlPTNokEY2NjTE2Pk5qaiokJcW7OSIxoykAIiIiIrLqFRQ4cHd2W7Z4Gehz4HI5ll1ncXVTTAfX3oE+cJRTYnncb6/Yg8vTTpc3ZqeRGBgbGyPVZtPgX9YcZQCICOCl7dhhmj2zWxxVR3gzYu7iA+puZn8jc9M0RUREHkCBsxxHYyfd1cVG/+Lt4hLlvJjfjrvPUjAsBT/Y33nbeOdwPwUuN243uGqbKOs0nrAfzT9Lgxugkf2BJ+7eNt453EKw63Qt/iTenlcAnna6vBWW6QHFvNJ0EDCyAaI9z5yyzs7Q/jVsKkJ3c41ZHk07iILP59PgX9YkZQCIJLxuTtccprmglhNNTeafWgpaDrO/uXvxw0VERFaC3BKedrjpMLsub1c7lJeQG1Kom9NmCv6JpiZO1LrwtJxntrdz05d/hBNNTbxiGcvbKw5S58IyyPfSdrKFglqzniNVONxnaVvsKX5xNXUuD82Ha9hfU8P+mmasPe1SzjO37AK6m2noq+Ko2c/XFbTwvUUbKyJrkTIARBJcd3MjbkcVR0NuHop5pdaF2/okRWQZpqamuHHjBvenppiemsKWmkpaWhp5X/gCNtva6YIS5XuKrGx2SsodXBrwQjF0tXso2GOHAWuZ2aftYKbkU2DZ7+Dpkmiei9upONg0+3GwHw/wdBRHGtMKILB4YUPNQosULv88c3ha+Gl3Ba8UG214czl1iMiqp7sSkYTWTYcbXLURbjqKqznRFFrWWGXZ4KoNPB0xpg9cKnCB222mKIauxGxNO3S5XKHnCUltdFAdWDU5QirmK4pErCq379zhxo0bbN26lfT0dNLT05mcnGRycpJPPv2UvLw8Nm7YEOHIGK3ovdhK3DGy7O8ZntYbZPl/8LA9omsk8qjY8wrwnO3CWwKXPC5eLCYsABA65c3hWP76AKEp9Q6WXlMxrzQ18Yr5O+97bSURp949+Hkw+vRa2N9YE6EfF5FEogCASCLzDtCHg6f+Mi5QAAAgAElEQVRzFy1I27FG+qqOcCI4T/IYbZZBg8cNdU1NFJs3Vw3NTiMlsbuZBndgIGfsg0AQoJvTh43UxjeLMQZ3h5vJCw76AqmYGpmsNrfv3GFoaIiioqKQ7YEB8oYNG+jt7QWYJwjw8Ff0joVYfM9HNtgXSQTFTlyes/z0PHhcezCS6C26z9PssQQXzXVplszbxo/c4UHr9sUOou3YYfr2hA+8cylwQF/EQ5ZznnkUV3Oiqdqs9hiHGpsp03o8cTXec4H3OwZnNxQ9w96yrdEcSc+F9/n0yRfYVZT50Nona5PWABCREN3NgXmJxp/T3RgLKXlcvBgYpdgreNHl4ZJlyWJHVaV5E2Enz5JN2d3pBpczuK9ij8u6E7ejiq8F7j6KK6m2zN+MPhVTVpJAOvwTTzyxYLnCwkJu3LjB1NRUxP0PY0XvWIrV9xSRWCqmzOXB7fbgcs43tO1jwAvgpe3sgwQVPfSZY7fu85GyecIZUxTcjcdC1wroPk+zZ6H+Lsrz5ObjIHQNhEBZb9sx9h9rCwZD7HkF4Mhn0fi/PDTG4H8Tz+zdy17zzzNcpLXj5qNqABdaL9Az/mhOJytHzDMAfGNeJt3vMvPZP+C/Oxzr6mWN8vsjbJtTxr/I/uiO9YdsX7w90Rwbuj1y+eTMzaQ7fodNz/wvpGSvkEGtPY+CwI2F2aTwuYmAOefQbcxTtHINwoK3D16MNx5ZyuTm46Df2DvQBx43h2paQo5yDHgXrlZWtEA6fDS2bt3KLa+Xx7Ztm7PvgVf0nmO+aSzLE6vvuaAFp8i083RVAc0txjdyVB3hTzjJoRZP8HPwOsTpGonEQ7HTBW4oi/SzW1xJteMwzYdraMZBdW0VjsZ2zGUDFq+3sZH9fcYUpBddLTSYKfWu2lpc7kajP12g/7JXHOREXjP7D9fQHNzqoq7pYPD8UZ/HvnBZR1UVLtqD563rr7H0tw6qj1TrLQBxND48CEXbsfYiW79cRu77n3GzbCvR9S4iSxfzAMDkz/4Pprs/jHW1Iqueb3yIu7/8AGamsf8PR+PdHFMxZS5oONvG1xaaT52bjwMXL0ZMFVxoFWEjG8DTb4kwmAsYQeAJRHnkudxanHjVun//Punp6VGVTUtLY3hoKPLO3BKedrQEpwEYK3q/Ri7W9NfZFb0r7JgD3fN0V4T/rC4+jSU+39NjDkRmzQ66F5si46G5f4+R0tvdzP7Gw3yvypgy4207xqGWwHWI3zUSeTRCF/YLX8PGXnGQExXBT1QcbKLCcnRFU+BTBW82WfeYQfGQeqtn6w0GzE1NgZPOrSes0pB6Fts//3miKFtRYSkatk/iKnNTLnSEDfYzi9i111rqJh2tF+kxPxU9s5fIMwQWLnezo5WLszvZWwYd73cwCAy+fwFe2IVmEiSOmE8BmPYsc16SSIK498mleDchRHF1LS5PC4eaQ1Ot247NPgXEbrxa6UfBnMVuTtfU8E4UrxAynsTMvhopZA53sROXp4WfBk7tbeOdwLQDWbWmp6ejHhhnZGQskBpvpMv2DXgBr7Gid174SNS48Q8MUI0VvSOIYhrLUsXmezpmX0dm/gk+cY9iikx1pbkzNx+HZcqM3ToPJ47XSEREIsss+l3Kcnu42NpKa2srrRd6CM3GH6fnwkWGy14wpgi8UMbwxUgp+wuXG++5wMXhMl7Yu5e9e1+gbPgiF3oyKXuhjFxyKdPgP+HEfhHA+5pIIrIQ/+RK+z9irEJc1lzD/hrLZkcVR5sCT+btVByspa/mMPsD2YOuWuMp4WKP6ourOVp1jEPmU06Hy2VZwbiYV45U8c7hGvYHT3vEGABpzLFq2Ww2JicnoxocT0xMkJqaOu/+mK3oveA0luU93o7l94wkdlNk4neNRERkPpkU7dpLERjz8d/v4P3WjtmFAMev8+lgEdt3maPzzCK2F3Vw5fo4IevOLlLu+qeD5D75u2TOOeej+6aysugtACICRJMaGHhdUbi56ZQhKZOEp18C1SE7I6dKzrddVryMjIwlDYzT0tLmLxCrFb0XnMayPDH9nhHEbIpMHK+RiEgiCF3Nv4hnXtjEFTPFHhZK3TdlFrFrb5EZCLhIxxN7KWOYQXq42NoTWrZoHLA8sh9fqBwMD8Km7Ut7xP/A30dWNAUAREQkprZu3cqnn37KhoivvQvlvXWLJ598coESxoreDW5w1S68onexPbCit2tuEbuxnsCP2irNxe+Mxe765l0Mb3Gx/Z4RFDtxeRr5aXeFmRVjLAhYUNvEK0teJDM+10hEJBFkFu1ib+jbYI0B/bxu0tF6hU3h6feZG9gU/Psmcili+96yCAsCWh7fL1JuUy58emcctkYfBFj695HVRK8BFBGRmLLZbHwhL4/e3t4Fy3k8HvK2bcNmWzgWXex0Aa4FVvQ2FtLbX3MS9lThCL7iy8qYxlLQcth8xWUjblftAw1sY/095zKmyPQ1mq/lPNwCgSkyS6omftdIREQi2coTRYN0vN+B9aV/4z1X6KGIJ7YCmdt4MreHK8FJ/zfpaG3lQvgiAAuWy2Tbk7kMfno9GDK42dH66F41KCtSkj/83WoPaLShfN59t6dS+M+/zqHrzjruTKXE8rQiK0KWbYbirLu8sG2QbNvMvK8q/OKfdcTkfB6Ph215eTGpSyTWbt+5w80bN9iydStpaWlkZGQwMTHBxMQE3lu3yNu2jQ3Z2fFu5gNLlO8pIpJIPv/8c9IzMh7qOUJT7YHcMl7YVWRJ8A9d3T+4PgDj9Fx4n0+ffIFdRZkLlDNrsb4FIHgOo46OQaX0ryVJSUmLl3mUAYC/6rHTMaRlJmXt275xjP/xizcUAJCENzU1xa1bt5icnGRqaorU1FTS0tP5wtaty3givnIlyvcUEUkUjyIAIBJr0QQAHuldSdeI/hNJYugeXRfvJoisCKmpqTz22GPxbsZDlyjfU0RERFa3R7oGwF2f0v4lMdzTz7qIiIiIiKwwWgRQREREREREJAEoACAiIiIiIiKSABQAEBERERERsUhOTp5dvVlkDVEAQERERERExCIrK4up6WkFAWTNWUHvJnqd75yp4PHwzeO/4tQf/SU/iUeTluhPG3/AV2njpdrvhu15tN9tth29/Pnf/CGFvX/Lq3/5QYzPIiIiIiKyNmVlZeEHxsfG8Pl88W6OSFQy1i3+JrIVFAAwXPvZH/Ct4Pj5Of78b/6QfY2v85M5g+rVJ+J3+5tvQxRBgK9/+6/ZV/jZqgmGiIiIiIisZtlZWWRnZcW7GSJRGxoeXrTMCp8C8AF/0XENHi/iT+PdlJj7gL/4ozauZX6Z33s9tjX/p9o/iJCFICIiIiIiIolsxWUALOq5b/P9fV8mE4Bxuk79MX/xQWD7RkauPc7jj5tP22ngva8GEu8tZRet5wlGrsHjjxt7uWZN6zee3JdkBhp0jZ+9XMd/WtaX6WVkvILCLc8BRsP+tPEHBJscOO/rDewryQS+bMkYmL8d1ikAIV5f4HqIiIiIiIjImrbCMwCe48/LHodrPeYA+3W+s+/LjPzsD3jp5T/gpZ+NULKvwZId8Dg5I3/LSy//Ad/67ut856s5dJ2ylP39b/P1CPWc6iKsnkwep9M47tSvGH+8gu+YT+m//u1vUjLSZux7+W/pGn+csm8/t8zv9wG3RiAzp9Cs+6/5as6vOBWoO6eC73/7OfhuHae6xkPWDFh6Oxa6HiIiIiIiIrLWrbgMgMe/+gPe+6plw/ivOBV4+v56EY+P/4pTgYfx3/2QrrI/5KnXgV6AcXo7rI+0Myn5vdfhg+/Cd+t4KXDc60U8zjV+Zn7+yV928ntnKkLq6fov5s4PbjGyb7bGn/zlH1vm4BeSk0mMPEdZYSbXOgJz/D/gLzqe5b2yMr7O3Mf0y2vHPNdDRERERERE1rwVFwAIXSgv1Ne35EDm4+w78wMsY3LGtzxnDtytvsu3XobvnKngvTMVZuVGSv3Xt+TA+GdzD4lGWBr9+PhyKgl4ji05MN7bS2AQPycAAhQS4estuR3zXw8RERERERFZ+1ZcAGAhP7k1wr7xeVbCf64swhHf5VsvmwPc577N9/dV8J3Xv8u3bo2wr2QjhUtugTElYbwr8Fo9Yx7+0uuZbXNhJozcMuoaGa+AjsgBkNBU/eW2Y57roRiAiIiIiIjImrfC1wAI892e0FXzn/s23z/zg+D8/BDPfZvvn/lr/jwwLf6DW4wwzkivWQ+PGyn/wNe/7eRxrvFxlAPhwJx9Xn/WsgjfUj3Hn//+l8kc/xXGbIMP6Ogd5/Gy2Xn5f9r4A977m/nn6S+pHQtdDxEREREREVnzVlUGAHyXb53awvf3zabJj3f9rfEEO3z9uw/+klcLG3hv3w94b5+l7AeR6hmn61Q0K/mb8/K/aqbRX2vjZ9ce56s50eUAzEnvD0vB/8lf/jGFjT+wTHG4xs9eNrMdOj7j90u+zL4zDRS+XLf0dix4PURERERERGStS/L7/f5YVjjaUD7vvj/+xydieSqRFa3xtz4h/D9X4H/bF/+sIybn8Hg8bMvLi0ldIiIiIiKyeg0NDy9aZnVNARARERERERGRZVEAQERERERERCQBKAAgIiIiIiIikgAUABARERERERFJAAoAiIiIiIiIiCSAR/oawPXJM9z1pTzKU4rExbrkmXg3QUREREQewPDwMCMjI0xPT8e7KSJRybXbFy3zSAMAJTkTdAxlPspTisRFcfa9eDchSt2crmnE7arlRHWxZbuXtmOH6dvTxCvF8x4cgXHcpfIjvFmx+C+gZeluZn8j1DVVU2z9+8M5myzT2NgYY2Nj+Hy+eDdFZMVKTk4mKyuLrKyseDdllTP7svDNjiqOHqzgIfVGUZptm6MqtG/0th3jUIsnrLyD6iMHMYotoU/1tvHO4XaeDh4rD2p4eJjh4WHS0tNJz8iId3NEYuaRBgD2PjGMLclP15113JlSJoCsPVm2GYqz7vLCtsF4N2Vp3Gdpq1zeTYO37RiH2svjfpO1Utoh5uB/fJzU1FRISop3c0RWLr+fsfFxAAUBYsBVaw1aG4PnQ8eIql94WH2It+0s7oUCEWH7vG3HOHS4mbwoAtvq9x6ukZER0tLTSU7WjGlZWx5pAGBj6gyvfWmVDYzkkfD7I2ybU8a/yP7ojvWHbF+8PdEcG7p9nkpXMIcDmk+2UfLANxF2Kg42URGjdi2quJoTTcZfvY/qnLKosbExDf5FopGURKrNxtjYmAIAMWen4mAtfTWN/LS7YonZbDFWkBd132ovKcdBOwNeKLY/4j5VQkxPT+vJv6xJjzQAICIrU8GePRQ0NvK9tpJ50wy7m2toCOZXmimKg81m+qLHfMpSQldIumJoWubs0xkzrbHABW43RgKkKySVP+L5wpsWmAJQCw3Wduzp59DZfMtTkW5O15ylQKmRj4TP59PgXyRaSUmaKvPQ5FLggEvGaBqIti8z+o6QsnOmyllF7utmU/wb2e92RTVdzdvVjsdRzp+ETwEo6eKdw/0UuNy43eD6fRfu/2xp82tmBV3N7G9xR9FmEUlUCgCICFDMK7Uu9jeep7siwg1KdzMNfVUcbbLcFJ3vpqK6mqNVfZYUROtzeC9txxrpqzrCiQq7OVg/FjII97ihrqmJYvMmp6HZadyszHu+eW5kisPb0Y3Lc5Yub4Vxru5O3I5yjmrwLyKSQOzkFYCnfxCwL6EvMwbvs2WNPuqdtkhz8Rfo6yoOcpRF0vQ9LRyqabFscFHXNF82npu+/COcaDL2fi3V0mZvG+ChuX8PJ5qqzTUBGjntXOpaPiKy1mlSi4gYiqupc7lpaO6OuO9E8ObFy0BfFPV5u7jkcfB0iXkbU1xJtcPDpa7ZIIGjqtIMNhg3aQ90vtAGU+aaPVd3pxtHeYnmSIqIJLKo+xYvXe0eXHsCZe1U7HHhae+aO90sir5uQY4qjjY1cSLwpxYaao7RFvFwy3kiV0Z1pTnat+dRsEBJEUlcygAQkaDiyiochxs57TwSeuPgbeOdwy1mqr4DhyOKygb78VDAi8sZdS/nfGGKnS48Z7vwVpQw0Ofg6UoN/0VEEosxyHeU55ofo+1bBunzgLuxJuzNAi7MXAJL0Qfo6yIprqTacZhLXV4qNPlfRB4CBQBEZJa9gj+paufQ2fO4LJu7z7fgscwl7G6uoWGxunLzLQsZLa0ZyzpfuGKnMQ2gGy4RmE8pa8V4zwXe77AsKlv0DHvLtkZzJD0X3ufTJ19gV5FeSyuypnm7uOSBgj3m/P+o+xZj7QBXNK/CfYC+TmQ1Gek8yfEr2znwmpOc8J2956g/Bfvqd1MYj8bJkmgKgIiEsFe8RjVu3OGvJu4bMFIfvW38aM7LliNVVMLT1jTI7vM0exZLX3yA881hTANobmzBs4QVmGXlMwb/m3hm7172mn+e4SKtHTcfVQO40HqBnvFHczoRWQ4vbSdb8Diq+Jp1EB9V32KnpNyB+2xbMOW/u7mG/cfa5k4BeNC+LtyDHi8isghlAIhIGGOuY3Pj7J2RMTXAXKjIUUVdlYOG9gG8FBuvLGpp4VBNP3VNlaH1HKylr+Yw+831jVy1TVGtwr/g+eZrdUg7jIUMi53GWwZcTq2AtJaMDw9C0Xasz/u3frmM3Pc/42bZVqLJAxB5mH75y1/ym8XFpKalhWyfun+f7u5uSn/rt+LUsrVtTsp+2Cr40fdl1RRXHKSuv8ayQN98i/Mtv68DIiwCGP3xIW0+kh/lCUUk0SX5Y/zS8tGG8lhWJwki0k9h+KbwH9W5+6M71h+yffH2RHNs6PbI5a3HfPHPOiKfeIk8Hg/b8vJiUtea5G3jncP9vBjFq5ckdj7//POH+u7k2QyAsgUG+zfpaL1Ij/mp6Jm9GDMEwqcAzFfOrKWjlYuzO9lbhqV8LmUv7EIzCcTql7/8JVevXmVTTg7PPPNMMAgwdf8+Fy9eZHhkhNLSUn7LEgSYnJjgsccei1eTRSSCjz/+mMysrIj7es/V82HeAV5z5gQ2UP9hHge+CT88PsCzwVT4ETpPHmfg2XpKry79mN1z8umNfVe27ybv3Dk6AfJ3m3Wcoz/w+TUnOUsqG4lx/DmjIE4ndA7MTgHoPVfPqU6jpNPppLNTUwBWgowo7r80BUBE1ixvVzsel1OD/zUms+h3Kcvt4WJrK62trbRe6CE0G3+cngsXGS57wZgi8EIZwxcjpewvXG685wIXh8t4Ye9e9u59gbLhi1zoyaTshTJyNfiXefxmcTE5OTkMj4xw8eJFpu7fDxn85+Tk8JvF+q0kspoVljrpv9LDiPm592on+duLyMkpYnt+J1d7zR0jPVzpd1JauLxj5tN/boDS+nrq6/fh7D/H8R/CN+vrqT+wm/z+c/y8d3llrUY6f8g5dnOgvp76+mehs392Z+85TnU62VdfT339AfIGOpd+ESVuFAAQkTXIS9uxGg61FFBXrRvttSeTol17g4P23MEO3m9tnV0DYPw6nw4WsT0wOs8sYnvRIJ9eD4sALFhunOufDpL75DYyLefUwoGymNS0NJ595pmQIIB18P+sJStARFapwlKc/VfoGQHo5WpnPtuLcoAcirbn02mO5kd6rtDvLDWeii/nmHnk7/6KuT+HvHyMQAJAjp3wvNCllJ01Qs+V/tmyFPKV3bPTTHqvdkKwjTk4n3UudsVkBdEaACKyBtmpONiE3qC08oWu5l/EMy9s4sr7HQS3hKXkz5FZxK69RcbCfO9fpOOJvZQxzCA9XGztCS1bNA5YBvDjC5WD4UHYtH1pA/4H/j6yJgSCAB+aA39Ag3+RNaWQUmc/H/aM4CzyMpC/na+YefQ5RdvJP3eV3t2FMNCPM/gof+nHjHSe5Pi5wJN3J/vqv/JQvs3c85Qy0A95z85ODsixB8IFI3gHIH+7ZeJATh75DDyUtknsKQAgIiJxk1m0i71Fodt2hW8IcZOO1itsCk+/z9zApuDfN5FLEdsjrhFgyQJYpNymXPj0zjhsjT4IsPTvI2uVNQgAaPAvssYUljrp/7CHXq7A9m/OzqPPKWJ7/jmu9pZCp5PS3cs/Jsf5GvUhD9dH5r6JIgYinicfrnhHoNBo5Yh3AMgDcrDnQf/ACAS+wcgA/chqsQKnALzF+rp2soN/Wnl4S0nFVupLFyztnv2zvnLxY5essnX22lj/LiKypm3liaJBOt7vwPrSv/GeK/RQxBNbgcxtPJnbw5XgpP+bdLS2ciF8EYAFy2Wy7clcBj+9HgwZ3OxofXSvGpQ1IRAE0OBfZA0qLMXZf45T5/rJs1uX0TNT+k+dojM/L3SBveUcExdGe/rP/RxzYgI9V2aH+IWlTuj8kE5zQYPeq1oDYDVZWRkAO94la+cO6DvO6HtnAGNQnVHXCg17mXjgup9i5qNd3Lu8/GoyXm0nlR8z+v23IxeYuMzEu28wFfhc2Up2aTvrKefu+cVqf4v1dc/D1WjKiogkpq1le3lh0wXeb22d3Zhbxgt7iyzz9Z9huPV9WgMv3Ch6hr1FmYRkACxYznia/8xwK+8HduaW8cKurUAmT+Z20PF+K8NK6ZdFaOAvslYVUuqEzs65C/blFG0nn34IzqF/kGPiI8f5GvsG6jlVbwzunU4nwSz/wt0c2H2S48frOQfkO53oRZSrx4p6DWDkwfXLrHvjACm3jjNmBgWW5REEAFJfukDGlo9DAwALbJ9rmQGAylayS2HqQYMkcaTXAC6PXgMoK9HDfg2gyFqj1wCKrDwLvQYwYKTzJMcHnqV+zvv6ejlX/yF5B17DmfPgx4hEK5rXAK6gDIC3SN4MM1fDB9ZnuPdu6MA/9aULZBRkGx8sT9yNwXkvM5sLSQFglOmPdnHv8lus37mDJMC28wLrMIIAGa+2k7o5UGugrPnRzEZIsuybLrpgln+e7FeZPwsgzNTtQTIKNpMCRgAgQt33Lr/MujeeN9ptzRiobCXbEiL095mBkHkH/UbAxBb4tx9aIFtBRERERESWwUiLdz4bYb3+3qt05m/nwJyB/HKOEYmtlbMGwI5tJDOK/9Yi5SpbySgYZKqhnNGG40yzg4xX35rdvzkX/0fljDaUMzWUja38XVJ5m7sfXcZvHeRXtpK6/jITDZayvx2oxwgY+K4a+0avDmLb2UrKe7uYGmLpg+pbQ/jJJWnH/HVncIZ77/6YGWAmmAHwFutLc5n+KFC2l6SCbyw41z/1pT/GdvfHRvmG40yvf/7hrEEgIiIiIpKIRjo5WX+cc3n7CH+Q33uunvpTA+z+pjM0lX85x4g8BCsoAyA6GY8VwtCPzafeZ7jX8w2yS0tmB8VD7uBT/JnxUVLXz1PR+b2MBtPsXyZpPXDX/FhZQgq9TJ2fW/aBk1orS0iZuMxEsO6/Y7roAMmVwJy0/7e52zD7KXVjLgRfJrWAzS7W7YB7l+dmT4iIiIiIyAPIcfJa6LL5QYW766nfHWHHco4ReQhWTgDg8nV8O3eQtGWhQsZA3X/r4wc/X1gavt+SR5+6MRcmPmbmwc9i2LKZJAbxX4bUl3Iho5CMuvaQYIJ/48sRDgxN5/dPjC56qqn3dsFLF8jY2U72TpgztUFEREREREQS0soJAPA2vqHnSX3sLSA0vd668J7/7gGSMp964LNl/PYOkiyp/MY5DHPm7D/ouR4rhInLzATqnndBwLdCP1Z+A1tG7+w8f3Pe/2Km3tsVrDvj1XZSy98l9fJiCxCKiMRGcnKyseJlUlK8myKy8vn9xv8ZEVlRbDYbPp9P/z9lzVlRP9ETv7iMf/PzZL1keRpe2Urq5lGmf2EM1Cc+74XNgZT/l1lXVAhDXctb/X79NmPQv+NdbJst2893MUOhkZZv7s+qu8C6Hcs4R2UrqZthpsccgJ/vYiZjB6khdbcvME8/sHaA+V0XkfFqO9mWNRFmxkfh7nUN/kXkkcnKymJqenr+12yIiMHvZ2pqiszMzHi3RETCbNy4kfuTk/h8vng3RSSmVlAGAHD5DcYuv8X6ugNk1x0wN/Yy1bBrdoB/fi8TGy+QUWc+sZ+4zEQ0C/JddjNTvgPbznbWbynn7i8uY9u5w0jFn7jMVN8oqVuMgMAUb3P3o21k7WwPPnGfuVpupNFv6SW19Hmy39gW+Sl+xo6w9P5Rpj8qt6Tgz63b33fcXPTPzIIobSdr43HG3jPWB7DtbCd75yjTVy/jL33KDAhENvH94yS9cYDsuuct109vARCRRycrKws/MD42phsnkQUkJyeTmZVF9iKvGhORR2/zZuPp4O3bt5meno5za0SiE81rAJP84S9Xf0CjDeWxrE4SRKSfwvBN4T+qc/dHd6w/ZPvi7Ynm2NDtkctbj/nin3VEPvESeTwetuXlxaQuERERERFZvYaGhxcts6KmAIiIiIiIiIjIw6EAgIiIiIiIiEgCUABAREREREREJAEoACAiIiIiIiKSABQAEBEREREREUkACgCIiIiIiIiIJIBHGwBIUrxBEkNSckq8myAiIiIiIhLi0Y7IU9drYCRrXkqKjbR1mfFuhoiIiIiISAjbIz3b9D186dlgS4ckBQJkYUmLfF6JfL4Zpu9PcH9sJN5NERERERERCfFoAwC+GZLuaWAkc/n9EbbNKeNfZH90x/pDti/enmiODd0+T6UiIiIiIiJxpEn5IiIiIiIiIglAAQARERERERGRBKAAgIiIiIiIiEgCUABAREREREREJAEoACAiIiIiIiKSABQAEBEREREREUkAj/Y1gCKyolwfGIh3E0REREREJAbS09MXLaMAgEgC25aXF+8miIiIiIhIDAwNDy9aRlMARERERERERBKAAgAiIiIiIiIiCUABABEREREREZEEoACAiIiIiIiISAJYQYsAvsX6uudJibRr4jIT777B1KNu0gqS8Wo7qZtnP89cLefu+fi1R0RERERERFaXFRQAMGhgG+5l1r1xABuXmWgwgyA73iVrZzvreULhjk8AABp6SURBVPBrlfFqO6n8mNHvv73sOlJfukDGlo8TPkgjIiIiIiKykmkKwEpX+Q1sGb1MWQfXl99gsm+UlKJ3SY1n20RERERERGTVWHEZAAuqbCW7FKb7crEVZANGxoDvsdn0eGsGQepLF8gwy4VMI6hsJbsIZigkJWOU6Y92cY93ydq5gySAiV5mKCT51nHG3jsDhKXgD80+MTeeoPcys7nQnL5g1nfZLLvDUm9g35ZWsouGLE/M32J9nQu/9ThTxmOFMPRjJsIuxdR7u0Kftkc6z+XA9qfwDUHK5uyQ9qe+dMH8Ts+T/SrGd6psJbu0MFitv2/2GoRP05i5Ws5dWs1rvIOMN96Fd99gKqSOsOshIiIiIiIicbHiMgBSStvJrgv9s77SWqKQFP6a0YZyJvpGSSltJ/nzckYbypkaYvapeGUrGQWDTDWY++7uIOPVt2arySiEnnJGG3Zx7/LLrCvfAX3HGW0oZ7QHUjJmi6a+dIHU9ZeZaChntOE40+ufJ+ull2cLbM7F/1GgDdnYygNP5t9i/c4d+K4a+0avDmLb2UrG+S5mMp7CtsM8vrKElImPmZ4zSH6ZpPXgH/94kasWep6JPozzBPdnk4LbaMNHl/Fvfp71lWYQYQhLQOMt1pfmMv1RoL29JBV8w6znZda98TzJgWv00WWSSy+w7tZeJvpGLQGW8DoGLddDRERERERE4mXFZQAsvgZAL9PmE+mp24NkFAziM8vPjI+Sut74e8Zjhfj7jgefnE/84jK2nSVkgLmtN3gcO1ykZIwy02M+6T7/d0wXHTCfdL+MbUs2Mz2Bp/VnuNfzDbKLXKRilh9yB59wW9tAZQkp9DIVOM/5vYyaf88YasdW9DJcPmO09dbfLX/+fNh5pt5zk1r3PMmVwC2AUaZ/Yc7xv3wd3875Knqbuw2zn1I35gKDxofwa3T5DcbM75xaFF5PNrbffgsuvx3ynUVERERERCR+VlwAIDaMJ+dJmw+QXXfAsn2UpB0Rim/ZTBKD+COmqT9FUoaZmVAauifiGwssUjfmwsTHzETYN/F5rxlEgKT1o8z84kyEUmfw3z1AUuZTyz7P0pgLDpqpA/6J0dldC14jKyOIsL7uebLrnjc2DT3YIoMiIiIiIiLy4NZoAMAYOPtvWeevW1SGfb41hJ+njODAnAHux/gnYKYncmZCxtxNQUaGwmZSYO7T/fNdzJS6sFVCCh8zOc/AeuLzXlJLrZkLge9grIcw1bCXiYXOsxSBBQcb9hrnMs8BLHKNwr3N3QZzwL/jXbJ2Ps/6yrf1dgcREREREZE4WnFrAMTKxOfW+evGPP7sutbIA/bLbmYmskkpMuf1V34j+BQczjB9K3TF/YxX28l+I4p57ee7jMUEAwGHHe+SVXeBdTsA3sY3lI2tdAdJd6/PP3A//3dMTxSSGnK+t1hfWoi/7++MgXrYeVJfcpFineKwJLlmlsTLrCuaXQxwzjXiLdbPWZ8h/DtiTDlgFP+t5bRFREREREREYmXFZQBESrUHy1PpaJ3fy8TGC2TUtZsD51GmP5qvjjPca3eRtdOcMjB0memJwmCK/9R7u0h5tZ2MunYzgNDLVIOxJsDC0wDe5u5H28jaOfudZq6WB9cLmPi8l9TNhcx8vlB6/BnuvXuGjJDzG/WMBQf44edZ6LuGMjIMnif7jW1MvGusfWDb2U72zlGmr17GXxp46n+Ge+8+xfq62WkV/r7jRht2fEx6wQ4y6lpJadjL2JZWsne2k22uNeDvOx5cL0BERERERETiI8nv9/tjWeFoQ3ksq4sTYy580jxp/zGz412ydm5meqnBjTUo0k9h+KbwH9W5+6M71h+yffH2RHNs6PbI5a3HfPHPOiKfeIk8Hg/b8vJiUpeIiIiIiKxeQ8PDi5ZZs1MAluYt1lvT1iu/gS3j4aetpxY9RdJQV8IP/kVEREREROThW3FTAOLj/2/vfkLbOtM9jv/0x7HsxOPUccFpoxJBg+6MAwPGGVC5HBO4NAPdTLJIqJ1NaK+18CZYG9dJd0nqjUw2Xsi3Qze1g7NoZhMYlwvFWtSLGMNAM3OFCwoomQSiWA5OHDeWpbs4kn0kS7acyJYUfT8QqM95z3seBaev3uc873uuaS32o1yWsnVrqX75ZXfbf6C1ILvjA3j3JBIJLS0tKZlMVjoUoGo5nU4dPnxY7733XqVDAQDUCRIAGWu3P327HfR3xVzXD1ReRN/7RxU2BjXe57Ucj2tm5IpiZ0O66JUiE34Fld8mv6sJ9Y9KgVCftmlV8j1RuxKJhBKJhA40NqrRtd27UoD6lkqllMiUa5IEeFvmGDIR3TxiDO7BeFLyWAcA1YklAACk8B3NxOvgntgXS0tLOtDYKLudIQbYjt1u14HGRi0tLVU6lBqXmfy7BzUeCmX+DEqjfn0fqXRsAFBdqAAAII9Hmvh2Rp1DPWovcN7bF9L4Pt8TtSuZTPLkHyiR3W5nqcxbe6ZYVDLOWp/Je/XnXo+G5yK66OVZPXYvnU7r4aNHerWyovX19aLtHA6HmpqbdezDD2Wz2fYxQuDNkAAAIPfZs3KPjup/Zjr1Vc/W6Xj+EoDIhF/BcObkllJ+aeNpjHp1o8gEf6d7bi3nNDZKLs14etUXm8ycNxQIdeuef1ThvLalxQsAqF1H5PZIE3mT/faeoc3kdaZ0v683polJc2AxBkM6Nbc5PliXDMRnRjScaSdPsbFs61hXbLyJTPj1gwwpHFa0aH+oJg8fPZLdbtfHJ07s2Pbx48d6+OiR3MeO7UNkwNvZ3/pMG+WgqA82u6PSIeySVxcHDUUnp7VTtWR8ZkTBWK9uhEIaD11XX2xU3+TU8ptfiH72Xdf4tl9wtr9nfOZbSznndfV5wvrBep/wrPTl5rmgf06nMmWfhjbb7hwvAKC2tavny155wqPq9/vV7/cX+f98WD/rS42HQrrR61F41K973eaSgYAhhe/MKC5JkQkNT7oVyI4bmtTwRP5ItXWs22m8iYalc6HQDmMjqsXKy5c6evRoSW2PHj2qlZcv9zgioDz2d0be0FyDEyNgdxwOpw40Hax0GLvn7VPACCu45UuOVVz3Z6Py+DozX17a1TMUsjzBj+mHzBeiwk/1S79ne8+Q5Um9Wd6Zwzgr8xbt6nBLMrozT/zNJ0HWeI2zPZvxnjUUnb0vUgAA8A5p79FXmfX/N3o9ik5eUb8/fw8AQ+cyY1O7OXDoVGaYOXJsY+BQZC5sGVPMcUPhOUuyutBYV8J4s9EnasF2Zf/laA9Uyv4uAUi+UqqxRXI2SjYSAdhe/iqqWlhVlUqtK/l6Va9f1OaGTt4zvfJcGdX33dflLtjCnIi7zxab3Eclecyn+j2l7ZBc9J6RCfWPZusoPfJ4Cly8IzPe8Khf4Zzjhp5JPIEBgHdQe8+QxnsyZfyjEzq1qx3743oSkzy+I9u0KTTWbT/eAEC12N8EQGpdtle1OTHC3kqnCxzb0ia9w/nSrk3nHN85nlKuzT1epNNa0N6j/+6d1fCdaRkFG5hP139+Epe8habPhs4N9UkTfgUnuktba1/wnnHN3AnL05t9upIptdz1BzLjNXi1IAC8uyIT6r9zbMu6evMp/26ZVWXRh9uliQuNdduPN7yMAEC1YFE+gBztPV+qT2GF80vuzbPq9HlyShojE37155Xwe/sGZYRHS379UrF7ml/AJEWmc97tXDoz3o11ndl4R2ZYAgAA7wpvt4xo/jp9M5H8JmX33m5ryX/xfnLHOsYbALWBtwAAyGOuW5wYDRc+2zOkwEO/hv2T5gFPr24MeaXInKVV5vVLJZde5t8z+/Oo+sOSjEFzr4Btn8gU6Tk/XhkKhNiACQDeHV5dDF2Xe+SK+v2bRz291zVeyn40W7rr043eEQ37/dmOdKNgRVveWLfNeMMyAADVwpYuc73yctBXzu5QJ97VJQDFYvzo63uFb7xL0WhURzs6ytIXUC4LCws6eOhQpcMAasbLFy90ooRXjQHYP//85z/1H7//fcnt/+9f/9If/vCHPYwI2NliIrFjG5YAAAAAAABQB0gAAAAAAICFw7G7N5bttj1QKSQAAAAAAMCi+eBBPX78uKS2jx8/VvPBg3scEVAebAIIAAAAABbHPvxQDx890q8LC1pfXy/azuFwqKm5Wcc+/HAfowPeHAkAAAAAALCw2WxyHztW6TCAsmMJAAAAAAAAdYAEAAAAAAAAdYAEAAAAAAAAdYAEAAAAAAAAdaCKNgG8qubAZ9ryBs3Vea2ODWitEiEV0XD+R7neX6i6uAAAAAAAKKbqKgDWf/FpOZj9c1NJdck1MKaGSgdWdlfVHJhV85lKxwEAAAAAqAdVlwDINaVXY3e17upSAxNlAKgJTqdTqVSq0mEANSGVSsnprKKCTADAO60GRpwFpVclR+sFSVOSMiX47hbztGWJgOvSrBo0r2Rzl5wuSXqgteDnWs121TWmQ6e7ZJMkLSv506d6NZ89fkKpRcnRlul38a6Wv7uWufCCmgYuZ/pc1vpiboTF4tGZW2o5Ka0vHpejzTydjt3Ui9tS00BmucPJWTXLp5Wn1tjMSoiV6bL8BQLAvmptbdXS0pIONDbKbq/yPDNQQalUSq9/+02tra2VDgUAUCdqIAEwpfTKZdkOnjB/PHNLLvczrQU/1arMSb/r0lWtZSfrbV2y/eLT8nQmITAwpvWxAa3pqppPdymVnVifuaWW07fkms8mCFrk0F0tB69lEgKfqfnMNa1MSw3nv5BT81oNZvoJfKaNrMJO8ei47C9vavm7qUxC4As1dX2qV2MnzH5+8Wll+oKaBiyxdY3p0Olbck1bkhcAUCPa2syM5/Pnz5VMJiscDVC9nE6nDh8+vPFvBgCAvVYDCYBcrg+OKx27uTExXv3HvJynO+XKNlid19q09dwJObuktfc75Vid12r2qfr035T8+LLsZyQ9laRlJf+RmbTPP1bqdLbDC3K+36L003Bmw79rWosZcry/czzmsQdK3jYrF/R0UWkdKfrZHB+PqWF6QGvzA3ox/2Z/PwBQDdra2pjUAAAAVJkaSABckK1ZSj9d2PhvW9tltQQuW9osy9YlpSVp5fHmzvzzj5U6bVYONLQekVzH5QrMbiYLJKVbL2QSAMWckM0lpZ5PbRxZe/5Mrvc3YysWT+mm9GpMahq4vBlfFb79AAAAAABQu6o/AdBlyGGZgKdXLiv99KZe3J7a0tT1R0nNR9UgmRPnrqOyS1pXdtJe5NV9XcY2ARTYg6D1iKRFZZcnFItHu9q4cEqvxrJ9mMsMGs9f0FqhfgEAAAAA2KUq353pgpp8XbJZy/r//UA29182nuI3nP9RLYFbm0/1XWbJvyS5/tgl2+qCkvOSpu/nvk2ga0yHSnoN35SST5ct9zSXBGTtGE9J8l8JaCYdrFUHAAAAAAC8jaqrAHCcnFXLScuBnN34JU1/rtXWH+UKzKpBkrmbv7lZnkuSFp/JdnpWLacl8y0AAxtr91d+OqpDpzf7T8duZjbd2z6mtdufynFpVg2Ze64vPpCad45ne9eUWvxMDSdndaj1pl78NJ8Tmxbvapm3AAAAAAAAysSWTqfT5exwOegrZ3e7Yr4GMC9hgJpQ6Lcw/1D+r+rW86Vdm845vnM8pVybe7xwe+s1H319r/CNdykajepoR0dZ+gIAAABQuxYTiR3bVPkSAAAAAAAAUA4kAAAAAAAAqANVtwfA21j9zlfC2nsAAAAAAOoPFQAAAAAAANQBEgAAAAAAANQBEgAAAAAAANSB/U0A2Mg3oD7Y7I5KhwAAAAAAOfZ3Rt7QzMQI7zyHw6kDTQcrHQYAAAAA5NjftwAkXynV2CI5GyUbiQBsz7bDz9UolVpX8vWqXr9YqnQoAAAAAJBjfxMAqXXZXjExwlbpdIFjW9qkdzhf2rXpnOM7x1PKtbnHi3QK1JFEIqGlpSUlk8lKhwJULafTqcOHD+u9996rdCgAgDqxvwkAAFUmou/9owrLUCDUJ2/OqQn1j4YlT69uDPWoPTKh/lGZ7Sz/rQm/ghrUeJ+32E32MO4sj/quD6mnvcx3qchnq32JREKJREIHGhvV6HJVOhygaqVSKSUSCUkiCQAA2BfsygfUPY88nrDuRXKPRubChZtvIz4zov6RGcXLFFlh5uQ/1ntd46GQ+ee6Tz9fGdHM3t4YJVpaWtKBxkbZ7QwxwHbsdrsONDZqaYnqSADA/uDbGQC53R6F56wZgLiexDwyDM/mIW+fxvOrBCR5+0L7+4Q8/kQxefRJp+Vxf3uPzhlR/Xy/vBmAff9s74hkMsnkHyiR3W5nqQwAYN+wBACA3N0+eUbnFOnzmhP8+H39LJ/OHZtVOJZpZF0CYLl2o0y+e07Dk1FJUQ2PyFw2EJ/RN1cmFc02NrLl9HHNjFxRzG0oHA5Lxhfqi/1VsbMhXcx0Hp8Z0fDDs1sn4O0dcsuc7PdYav69fSF9ZWkWnxnJxKPNZQzZz3FHMhRWOOrRf/0pqv91Wcr84zP65sqsPrk+pI7p3CUARfvMW5JgDG5+DgAAAKBa8IgGgHSkU59YlgHE789Kvk4d2U0f3j7d6PVYJsZxzXw7Kfdgtky/V57wnZwy/XDsmG6EQhrv+5M6fdYqhLjuz0ZldBeaRXt1cdBQdPKK+v1+9fv9+j5v+YIiExqedCuQWSIQcE9qeMLSKBqWzoY0HhrS+f80pPCcNu58f1ZRj0+d+fsJFO0zrpkRy5KE672KjbIcAQAAANWHBAAASe3q9HkUexJXdvLt7njbHfXa1TNkeRL+7OFmJUCGx9ep7F3aO33yZCfi8fv6OWroVLGn6N6+jfX/AUMKj/rV79+cdEfmwvL0ntmoVPCe6d3sW5Jk6dvbLUObyY9nD6MyzvZoy/x/LiwZ3Zt9ZpcHZGI9l61G2KPlCAAAAMDbYgkAAElSe4db0Tv3Fe+UOaH1Snrydn1GJvwKZuviPR55tmvc3qlPPJO6F+mTVw8VtUy2t2NOxDP3+nZGnUOdehKTouEr6p+0tvToSVwF+vTqz70eDc9FdNEr3QsbOtWX3yauJzHJ4ytQE/HsoaIKK+jP2zTReCZtSSMAAAAAlUMCAIDJ2y0jekd/n5aixlmZK/XfQnxGP4Qtr+fLrK0vzqxCmJiL6JTCMrq3zMIz3RbeG+DIMY8UM/vpcEse33V9Vei9gM8K3LnTJ8/knCLdUtjo1sUCsXW4pejDApP6I8fkkaFzBTZIBAAAAKoJSwAAZHh1yogqHC629v5NRBXLTLgj05NblgDkM5cBjCoY9shdZAOCbJtvchbZR/T3yejGkgJvt6Ho5PTmuv6ZEfX7J5S/VYClU33iCSs4GlPfmcKf3dudt1dA9pWHmWt/2Ignou/9/rz4AAAAgMqjAgDABnOSq+Jr73dgPkmf1LD/oQKhPp0zJhUc9SssyRgclBEeNRMCxSrj2zv1iUeKqsAmfBttevRVqEPf+3NL/I3BkL7aXKCvG70jGvb7Mwc86ru+3RN6s/pA2913S5+GAiFzr4CeoUHFrPEYgxovVH0AAAAAVJAtnU6ny9nhctBXzu5QJwr9FuYfyv9V3Xq+tGvTOcd3jqeUa3OPF25vveajr+8VvvEuRaNRHe3oKEtf1SIy4dcPx4qU76MmLCws6OChQ5UOA6gZL1+80IkTJyodBgCgxi0mEju2YQkAgCoS0b2wR58UfQwPAAAA4E1VUQLggpoGZnXo/IUav4fkujSrlktX9/QewDsnMqF+/6hivV+Kh/8AAABA+bEHQFlcVXPgM+kXn1amKx0LUKO8fRoPFd75HwAAAMDbq7MEwJRejU3t+V1Wv/Npdc/vAgAAAABA6ao2AeC6NKsGzSvZ3CWnS5IeaC14X/bAZ3Io+/PnWt1V2wtqGrgsx9ObenF7Ssr8bF6zrPVFydG8oNWxATkuzcqpB1LbcdlW57U6NqC1M7fUcvL4Rozp2E29uC01DWTuc3JWzfIp9cGsGnRXy99dkyQ1nP9RLneLeVG2L0k6c0stJ6X1xeNytFn73PskBQAAAACgvlTRHgAFtJ2QZn1aDt5UcvW4GgKdSgV9Wg7e1bqOy2ldy7+bthkN57+QU/NaDfq0HAxLbS05521tUjLo0/LYgNZ0Vc0njyj5k0/LQZ+Wf3kgm/svcmlKr8bual3SeqElAGduyeV+prVgJjZ1yZWzP8Bx2V/etPT5hZq6yvY3CAAAAACApGpPACyG9WpekqaUXpG0eD9TWr+gdH6N/W7aSpIuyPl+i9JPw+bTeF3TWmw5r8/7llL+a1oJfpq5h9TQeqSkj+D64Lilnym9+vWB1NYp10aLB0pmn/g/Xdzy2jgAAAAAAMqhapcA7L0Tsrmk1PNSy+2tywWk9Ory9s0z19iapfTThTcNEgAAAACAsqjuCoA9ZVYG2FtLfCXgmb/I6XqQKeX36cWvz0q4yKxGsB088VaRAgAAAADwtuo4ATCl5NNl2d431CBJuqoGd8sO1xyRrUuSLqjp4+M7tDWt/tta8p+5LmdpAQAAAAAAe6+OEwDS2u2/mpvyBWbVEuhUOn8PAKvpvym52iLn6Vm1BL6Qfp1XeiMhcE2pRclxclaH8jcbnP5cq7EjagjMqiVw2dx0MPN2AAAAAAAA9ostnU6Xdd+55aCvnN3tq4bzP8p1MLzx+j7sn0K/hfmH8n9Vt54v7dp0zvGd4ynl2tzjhdtbr/no63uFb7xL0WhURzs6ytIXUC7RaFQNBw7Ibq/rHDNQklQqpbXXr+XxeCodCgCgxi0mEju2qetvZ65L1if25hKA9Es27AOAt9Ha2qrXv/2mVCpV6VCAqpZKpfT6t9/0u9/9rtKhAADqRB2/BUBa/ce8Dp2+rJbAZfPA4l0t3y71rQAAgELa2tokSc+fP1cymaxwNED1cjqdOnz48Ma/GQAA9pptcHCQV88DAAAAeCcEAoFKhwBUxAcffLBjm7peAgAAAAAAQL0gAQAAAAAAQB0gAQAAAAAAQB0gAQAAAAAAQB0gAQAAAAAAQB0gAQAAAAAAQB0gAQAAAAAAQB0gAQAAAAAAQB34f0DVwy2RoyYXAAAAAElFTkSuQmCC" height="600" width="800" />
Actual:[Personal Details, Contact Details, Emergency Contacts, Dependents, Immigration, Job, Salary, Tax Exemptions, Report-to, Qualifications, Memberships]-->Expected:[Personal Details, Contact Details, Emergency Contacts, Dependents, Immigration, Job, Salary, Tax Exemptions, Report-to, Qualifications, Memberships]]]>
  </system-out>
  <testcase name="getMyInfoSideMenuItemsCount_007" time="9.715" classname="testcases.MyInfoTest"/>
  <system-out>
    <![CDATA[<img src="data:image/png;base64,iVBORw0KGgoAAAANSUhEUgAABAAAAAKOCAYAAAA4d2sRAAAAAXNSR0IArs4c6QAAIABJREFUeJzs3Xd8VfX9+PHXGXfkZi+SkBBG2HupqITlwrpHXbUoam2/dvkt7a/SIVLbYoejtUvtt1DUqiiiiBasggoOZIsQtmxIbva485zz+f1xby4JJASVIfX97ANL7jnncz7n5pJHPu/P+/P+aEophRBCCCGEEEIIIU5bU6ZM6fAc/ST0QwghhBBCCCGEEKeYBACEEEIIIYQQQogvAQkACCGEEEIIIYQQXwISABBCCCGEEEIIIb4EJAAghBBCCCGEEEJ8CUgAQAghhBBCCCGE+BKQAIAQQgghhBBCCPElIAEAIYQQQgghhBDiS0ACAEIIIYQQQgghxJeABACEEEIIIYQQQogvAQkACCGEEEIIIYQQXwISABBCCCGEEEIIIb4EJAAghBBCCCGEEEJ8CZinugPHS02olt0N+9hZt4u9jfvZ33SA6lANITuEoxxQ8RM1cJTi3IIzuXPwZHRNYiBCCCGEEEIIIf77ndYBgIgdYX1lGUv3vcv6yo3UhGuwiQ32NTQ0TQNA00BTWiwGoEHUiTKi0zAZ/AshhBBCCCGE+NI4bQMAZdVbeXbT86ytWg8KdDQ0XcfEAGKz/LZjk+nJwEHRFG1E0zQsx2JozmCG5Q0+xU8ghBBCCCGEEEKcPKdlAGBz9TZ+/t4viToRDN1E0xQqPuvvKAfLscj2ZjOucDQRJ8K7Bz6Izf4rhQPc3Pd6TP20fHQhhBBCCCGEEOIzOe1GwfXhen6z8iEsJ4KpG6jYyB+lKaKORZorhet6XU3frN4s2/8+i3a9gYNC1zQidoTxhWPpnVlyqh9DCCGEEEIIIYQ4qU67AMArOxZyIFCBz/AmXos6FqZmcnWPy7i85CvUhGp4ZM1f2d2wB1M345kBCpfhZlL/6xO1AYQQQgghhBBCiC+L0yoAUBuq49Wdr+PR3ShAKYWtbEbln8mNfa6lOK2IhZ+8wRMbZgHg0k0UoGkaESvMpL43kePLOaXPIIQQQgghhBBCnAqnVQBgW+0O6iL1eHU3UWWR5cnkjgG3cG7hWYTtMH9e8zhv7F2CoZno6CgUmgaWY9E1rZhLSyae6kcQQgghhBBCCCFOidMqALClZitKOVjKZlxhKV/vdwO5vmwqg9X8duUf2FSzCVNzoWkcqg2gFArFd4d8C58r6VQ/ghBCCCGEEEIIcUqcNgEARzl8VLURQzP49uA7Ob/rWHRNp7ypgt+sfISttdtxGy6UgljJf9CAgBXirkF30De716nsvhBCCCGEEEIIcUqdNgGAoBXErbu4b9RPGJE3BAB/oIr7PniAfY37cesuILbevzkKELTCXF1yOV8pufAU9lwIIYQQQgghhDj1TpsAgK7pfHfoN8mNF/GL2lH+sOav7GncFysKqClQKlEYUNd0buh1DTf1+yqGZpzi3gshhBBCCCGEEKfWaRMASDKTSDJja/iVUvxr0wusqFiFx0wihIWmNNyGm8LkAs7sNIyzC86kV0a3U9xrIYQQQgghhBDii+G0CQC0tKNuN0vKP+TsojF0S8qhW3IBnZLzyE3OI8eXg6bpp7qLQgghhBBCCCHEF8ppGQDokpLP38c+gGZbOE2VmME6VCSKsivAtlDeDDS371R3UwghhBBCCCGE+ML44gQAlIMKN0I0CJ4UNFcStDOT76rbi7PhVZzNi7Fq9hJSKlb8TzdQhhsjqwi9aChmSSlGwSA0T+pJfhghhBBCCCGEEOKLRVNKqVPZAdXkJ7p9Kfb2pdiVOyASBG8aRmYXjIJ+GN3OxsjtDabn0DWhOpy6faiGCpya3dj71mEfLMNp8ENzMAAADT23J+6hV2L2vwTNnXxqHlIIIYQQQgghhDiBpkyZ0uE5py4A4FhEPp5P5P1ZOLX7QNdja/c1HeU4aDgoBZpuYHQeiGvYVZi9zkMzvW02p5qqsP1bsba+RXTT6xBsAF1HAZpSGJ0H4Cn9H4ziM0/ucwohhBBCCCGEECfYFzYAoML1hN96hOjal0E3Yn8AHAeUfeg8TUcjVvVfA4yuI/CMuQujYPBR23dq9xJZ/zLRD59G2VE0w0TZFmga3gnfxz3setC/OKsfhBBCCCGEEEKIz+MLGQBQ0QDBl36ItWM5mukGtNigX4FeOACjywj05CyUbaHq9uH4t2GXb4ktDVAOGC68V/8eV4/RHd7L9m8mtOhXOPs3guECpVB2FM9ZN+MZ+z3QjBP/wEIIIYQQQgghxAn2xQsAKIfgf2YQXT0XzRVf0+9Y6MnZeM77AUbJmCNT/O0oTt1erK1LiKydh6rZB4ZJ0lf/gNnt7I5vGaoj9J8HsMreAMNEAVgRvBf9GPfQ6477IwohhBBCCCGEECfbsQQA2i6zf4JEP34Za9ULLQb/Nlpydmww3+fCttf3Gy70rO64z7qN5Jv/gfusr6Mcm+DL96CCtR3eU/Om4514L2bfCWBF0QDNcBFe9AB21Y7j+4BCCCGEEEIIIcQX1EkLADj1Bwgt+SOY7tgLClAOSVc8gJ7b55ja0JJz8Yz/X3zX/B4VqCHy0UvHdp0rCe+FP0XL6wW2HdteUNMIL34IHOtTP0s4HCYQDOI4zlHPU0oRCoVoCgQIh8Of+j4diUQiNAUChEKfv+1oNEogECAQCBKJRLAsq93nO9akEcu2CQaDBAIBIpHI5+7jqeAoh/KAn6AV+sxtROwoFYFKnFO74YYQQgghhBDiS+6kVcKLrn4WgnWHtvOzQrjOuQ2jcOinbsvsOR7fdY8SeutR3MOvR3MldXiN5k3De+FPCD41GXDAcGPteA/r4AbMzkNanVteXsEHy5eTmZmB7TiUnnsupmlSX1/P3HnzWLRoEfUNjTz6yCOUlPQ44l779u9n6dJlvP32O3yycyehUJDsrCwGDhrEmDGljD7nHDwezxHXtVRTW8v7739ASkoKtbW1jD73HLKyslBKsXbdRyxcuJD1H39MbW0tPl8SJT1KGDt2LOPHjSUpqeP3A6ApEGD1mrUsWbyYNWvX0tTUBJqGoetkZmaQm9uJZJ8Pr9eLz+ejrqGeygo/3/3ud+nfr2+bbUajFmvXreWtt9/mgw+WU11djVKK1NRU+vfrx3nnnccZZ4wkMyOjzeu31Gznw4MrSTGTqQrVMKzTEIbnHb3oI8CHB1ezvWYHHsNDZbiai7ueR5e0IlYdXMMa/3psZZHpziBoh2iKBqiPNGJj4TN95Pk60SezF/2z+5B0WBZKY6SR7y75EWfkDWfKiO+ga58uZqZQ/N/HT7J033s8PPbX5CV3+lTXCyGEEEIIIcTxclICAKqpksj6BbFCfABKgScZ97DPvgbfLBlLki8r1taxXpPfD6PrCOxdq8Ew0TSN6EfzjwgAfLxxAz/84Q9RwKhRZzF+7FgOHDzIt+76Nhs+Xo+hG2i6jvuwQXxjYyOz/vkkf/rzn3C5XAwcOJDi4i5EwmFWr17NqlWrePbZZxkzZgzT77uPzgX57fY1GAzyk5/+lEAggGEYvDL/ZbxeLw/89rc888wzaGiYLhPlKMKRCOvWrePFF1/krFGjeGDGrykqLDzqe7FhYxnTpk1j5cqVdOvenTtuv53hw4dh6AYfrV/PzJkzee+990hNTeOrX/0qlmVT6a+ktq6OcLjt2fDNW7bw0COP8OYbb2AYJjfeeCOjRo0ixedj247tzJs3j2eefZa+/fpy3733cs7ZR9ZwCEdDPL35eVy6iVKKHhldj/oczSqa/Mze9Ayu+Gfs7Pwz6AKs9X/M3O0vk2Qk4eDwtd7X0SW1CxEnzPbaT1i89x3CdghTc9EttZgpI75Ll7RD711FoJKwE+adfe9xRY+L6Z3V65j602xf/X4W7Pw3pmYQtk7PLAghhBBCCCHEf4eTEgCwystQTdVorvjsqh3FHHAxeurnmw01CgZ9ugt0E7P3BOxdKxNf2zveRYXq0LzpidOSfcm4XC6i0Sg9e/YkEAjynW9/h3Vr1pCZnYUViRKOhEn2+RLXBIJB7vzW/7Bq1SoemDGD0tGjycjMwDQMLNumvLyChx95hPnz57NkyWLq6+p4cvY/cbvdbXY12ZdMbm4uu3fvJi0tDbfLzd0/+CFbNm9ixq9/zcCBA8nKzKKquoolS97iz3/5C0o5fPD++3z3e9/nmaefwutto6YCsLFsE9ffcD0N9Q1cf/31TLv35yQnJyeO9+nTm4suvID/9+Op/OfN/9DU2MSPp/8Qj8fT7rKAVavXcOttt9HYUE+fPn159I9/pFfPksTx0aPP5aYbbuD5F+bys5/9jFtuncxjf/srE8aPb9WOrSk8uhtD11FKYWiuo39P49ymG7fhxtAMNDTcRux9NXUTt+5G4ZDmSuGykol4W8zyX1FyCb9b9Ud2NexmR8Mn/GrF73l4zK9JimeV1ITrYkseNJi37VV+dMb3jjkLwFEOT256Dg0NBdRHGo7pOiGEEEIIIYQ4EU5KDQB71wq0FoMmhcLscS6gnYzbt6Jnd0c131fTcRorcRoOtjonJzsby7EBSE5K5vG/P8HBigr+MXMmL734Ii+88Dz33TedaPTQjG5DfQP1dfW8+sorXHXlFeTkZGMasW0GTcOgsHMBv7r/F4wbNw7DMFi5ciXzF7zabj9N0yDJ60HTNEzD4Kc//zket4tX5r/MtddcQ98+fejUKZd+ffty1/98i4cefBClwJuUxJo1a3hz8VttthsMBvnhj35EOBwmJzeXe378/1oN/pulpaXxq1/eT3p6Ov965mme+PvfY++frqPrrT821dXV3PXtbxMOBsnKyuaxv/2t1eC/mdvt5qYbb+Arl1yCY9t866672LlrV6tzUs1kNE1DKXBQZLrT2n2PWvLq7vjHSaFpGimueHBG19A0HQ0NTTcJ2a1n4YtSO/OtQbehlINLc7OvaT/rKzcmjh9sOhgLKOgm7x1czo7aT46pPwAbKzfx7oHluPVYMKIi6D/ma4UQQgghhBDieDs5AYADG0E/lGyg6SZ6RueTcesjaQaa0WJWWYHj397qlLr6OkzDwOPxMO/leSxcuJAXnp/DhHFj6VpcTJ/evbnphuvJy8tLXJOU5OWhh35PzzYGvs08Hg93/c+3sGwH02Uyb948otFom+eaponhcqNpGtU1NWzYuJEZv/4VqampbZ5/0YUXcPPNNxMMBvF43Myd+zyWdWSBw483bGRTWRmgcfnll5OVldVuf7Ozszhvwnm43R7++te/cbC8/IhzlFL88dE/4/dXYDsO3//e9+ha3KXdNjVN4xt33IFhGtiWxZ///JdWRQUtZQEaaKBrOmHV9vtzOJ+ZFFsNommgaURVLICTaiajlIOtFB7dhVs/Mumlc0o+ya4UHBx0dHY17E4cqw834OCA0lAontv8Io46evFHAMuxeHLTc+ia1hyXoCbU8a4VQgghhBBCCHGinJQAgGqqjFXej30Vm4H3tl0E7sR3xokNEokNOjVdx6luPQutiA0+0TQq/H5+9MMfUZDf/np9iM2Y9+7V8frwwsJCMjMy0DSdPXv2EGpndwDDMEj2+XAch3A4zPe+8x1SUlKO2vZ1116buHZj2SaaAoEjzlmxYkV8Bl8xZMiQI44frk/v3ui6TigcYvWaNUccP3DwIM8+9yxebxLJPh8XXnhBh21269aV/Px8XC43Cxcuorq6JnHM0M1DH0oFXuPoxRKbBZwILs2ILxvQ8RmxNP9MdzqWstE1DVPTaSvrxHbs2EeCWNZBliczcawiWAkqnrWimXxYsZodtTs77M/Kg2v4uHojpmaAFru+NlJ/TM8ihBBCCCGEECfCydkGUCmaB9yJAViwpr2zTyxNBytKy4GgCrceKLtcbhQK27IoLCzkzDPOOG6397jdZGdno5SDZVntbg9oGAZJHg+2bWMaBkMGd1wJPys7i8zMTJQDgUATjY2NR5zzyc6dmC4T0EhNOTL1/3ApqamJQov79u4/4vjSpcuIRqPYts3IkSPIzcnpuM3kZEp6lMS2SQyH2LjxUMp9kuGNfVKUQqESA/mOJBleHByUUmhoeOI1AJrsAKZmoGsajmrOMGitIuCnIRJ7rzy6i+GdYjtThO0IB5oOYugGsSF87H9PbZqDHc8waEswGuSfZc9gaiaGFss40DQNf8CPQrYCFEIIIYQQQpwaJycAoBmtv3aiOA2nZj20CtaiWqZwO86h3QnimtfuW7bNgP798bUo9vd5OUoRDAYS9zHNtuswKhVby65pGh6vl+zs9lP1W/Y7OysrPkyFUOjI4EJ2dja2HRsoO3bHqey1tTVouhZbB+9u/T45jsOHK1ZgGAaWZXHWWaMwDKOdllr00zRjgQqlsKwoDS0CFa74Z0VBq2J+HUlxJSWK9WnEMgkA6iONmPEdBdB0zMOWADREGnlq03MoFJZjcXv/SWQmxbJTbMeiMlgFwCXdJuI1PJiawYryVWytbr1spKX3969ge/0n9Moo4cqSS7EcGw2NymAVEfvYljQIIYQQQgghxPF2UnYB0FKycWr3oiUCARr2rg9x9Rp3Mm7fiuPfFq/JHs9J0HUOL+puGAao2EqB5ORkDOPzxUmUUtTW1bFt23ae/tfTVFT40TUd3dBxu9qucq9pGnUNDbjdbnRdQz+GgbXjOEStKLoeK3rn8RyZPj9yxHAe+9vfMEyDXXv2dNjmtq3bE2vre/fu3epYJBJhx44d6LqOYRi8uXgx9fUNVFdXkZqWjsfjwuvx4iiHUDBMKBwiGAzSKTeXlatWYRgGTU0RGhtaZCrEc/G1+H+e3/oSnZJyMHSTBqsRXTPwGl50dIJOCNuJ4jOSOBAoR9P0VkEAAD3eXvN3PGJH8Boe6sMNbKreypNlz/BJwy4yPelM6nsTF3Q7tCtBIBqkLlKP7Vh8pdsFuHUXz26bi6mb/H3DbH4zeno8O+CQYDTI7E3PYGoGX+11JT7Tx3Nb52JoBvWReoLRYCI7QQghhBBCCCFOppMSADA69cLZsxqIDZY0w8Ta9Dpq9Ddbbb93wtlR7F0fQnzQFivO5qBltC5ap2mxEIFSoOsdD7wPV1NTy85dO9m+YwdbNm9hy7atVFfVEImE6N6tO1lZWVRXVWF0kAHQnAWg6zpNbaTzH86JX9P8DKlt1AwYPnw4WVlZ1NXX8eYbb3LLpK/jaqcP9Q0NvP3OW2iaRkFBPgMHDmh1vCkQwO/3xwIOmkZlpZ93lr6DLzmZZJ8Pj8dDOBzGNHTcbjeWZWPZFtt37KBr164UF3dBKUVBwWH1FeIlGnQ0PmnYRXnIj46B23Dj0k1sxyGioqAclHJIMpOoDdcduvaItlR8Bt7Pz977JemuFMqDlVSHqhmSM5jzisdzVsEIClMKWl3qD1ZiYeM2PKS4k7m4+wXM2TYPQzfYVLOFj/wfMyyvdR2FBTsWciBQztCcQYzMG8aOup3o8U7VRhuOqYCgEEIIIYQQQpwIJycAUDCQqHru0AuajtPgJ7plCe7BV56MLgBg1+3D3r+h1Y4EKBs9v1+r82LryON/b2ff+7bs27+fOc8/z5w5c6ipqaVnz55ccMEFTLr563TpUkRhYSGhYJCbbv461dVVmKaLQCCA293xjLCmdbxlYnO1eU3TcLvdhMIh0mm9jV5WZibTp0/n+3d/n5WrVrJgwatcdeUVR7TlKMXjjz9BZVUVhm5w7733HhFQcJkmkXgNg0AgwLSf38vo0ee26quu662CGS0r/jf//fBtBZuL7oHG3UPvokdGtw6ffYO/jJ+8/wuOiAAoUPEgQIY3C9BYV7UBUzMxDZMbel9Nn+y2izfWhGqx7CjZvix0XSfHk835Xcby5t53MDSDf2x8iody+uOKLyGpCdYwZ9tLaBrc0u9GDN0g1ZUK8Z0AonaE+kgDWUmZbd5PCCGEEEIIIU6kkxMA6DwIXF5w7EMp3qaX8FuPYJaci56cezK6QfTjV8COgOklNjJU4E1HP2xA5jhOLI1ciw2Ej8WGjRuZfNttlJdXUNy1K//3f39n5PDhR6Th19fX09TUBMS2BdQOH/zGaZqWKL53rAzDwB0vHOhyudoNGnzl4onU1NzHI488zE9++hPqG+q58IILyMzIQClFhd/PP/4xk1mzZpGVlcVPf/ZTzhs//oh2FGDGlzCYhkEgEGyzBkBzLYPEcx0TDVvZuPW2l0gcKTbLf8SrWqyWgIMiyfRxz4jv8+i6x9hYvQnLtvj9mkf5zbnT2xyUH2g6iIMi05uOJ74bwbW9ruTtfe+hUHxSv4t3933AuOJSAF7ctoC6SB3n5J1Fn6xYUMFtuPAZXkJ2GKUcqkM1dEsvPsZnEkIIIYQQQojj56QUAdTTO6N3OwvltKjArhsQbCC06Neok1AYza7dQ3Tls2C4SexI4NgYhQPRk1tXrndazvofwyC8vr6ByZNvo7q6hs6FnXn6ySc59+yz21yDb0UtLMvCcRQetytRcPBwSimSU5KxLOvIPrVD1w00iO0cYBr4ktouXqjrOl+/+Wv84Q9/RNN0fv3rX3Pz1ydx+ze+weTb7+Drk27h/fff5wdTpvDK/Plce/XVbQ7ck7xeiooKse1YYGff/r0d9rEj6rAU+baq9rfFaq7KrzW3E88uULGsAx0IWQHyUzpx97D/Ic0dy4woD5Tz0Jo/E23jM7i38QA6GunutNi2kEBhamcu6XYRUSeKqZk8uXkOYTtCRZOf+Z+8hkt3c3Pf6xK1ATRNJ9WdFvvEaVAeqPh0b4gQQgghhBBCHCcnJQMAzcAz8noCW99q8aIC0429dSnhN3+D97z/Fx+cH38q0kj49V+jrDBay4r/ysbV76JETYBmscG2BmjHlAHw5uI3qfBX4DJdXHvNtRR3KTrq+Y5j4zgOhmEemf4ep2kapunCikax3W5S2ljPf7hwJEzUiqJpYOgGptl+/YLlH65g+v33M3nybdxw3Vdxu134q6pQSpGTlU1mZgZe79G34HO73QwbNpw1q9eAprGxbHMi1f+zijp2LPsi/rZb9rEFAAJ27LkVsQF/NB5syvFmE3WiuAwXGhC0QuQn5/HzM37Ej979OaZmss6/nlkb/8UdgyYlsghsx+ZgoByFItubnQgAAFzc7Xxe3bUIlKIiUMG/d/yHfU37CdkhLio+j5LMHolzfS4vqa5UygMV2KjEdoNCCCGEEEIIcbKdnG0AAaNwGGbRUDh8QGe6iK6ZR+iN36AigeN+XxUNEnr9V9g7Vxw2+HfAl4nZY/QR1zTPtmsaOM7RAwBKKZYuexePxwuaRlFh4VHPj0QjWJaN2+0mGAq2WhN/eB8ikUh8yYQ6pq0IbcsiGo1iGiYKRTh85DaAAH5/JV+f9HXsaJTvfvsuunQpIi8vj4H9+zNowAAKCvI7HPw3u/yyS1FaLBiwePGbVFR8vu0dm+xg7C9abOvBBuvYPhOWE0FDRwcc5RC0Q0Aso0ARez8NzcClxWJefbJ78Y0BtxB2Irh1Fy/teJVlez9ItBe0QlQE/GjopLtTW92rc2oBF3U5j6iycRsuZm96ljf3vI2pmVzW4+JWARCX7iLF7YvVNFCKmnDtZ39zhBBCCCGEEOJzOGkBAM1w4xn3vbYHvKab6Lr5BF/6AU7ltuN2T6f+AKFXphLd+AYYrdeSKyuKe9QtaG2s/bZsi0Ob0XWcARCJRGjebK6+of6o57pMF01NTYnq/u2xLIumpiZM00ApqK7peOColIqn48dWLkQibS+tmPfSS0SjFjm5Obhcny8JpF/fvpw/4TzC4TCNjY08+dRTn+r6ysrKVp8Jt27gKAcNiA3dj60Ogs/0xpcLxNb7R5zYs1eGanHpBpoWWybQ/DrAJT0uYkLR2EQQ4OE1f2Z7zScAVIdqqIvUo+mQ4c044n6Xl1yMV/fEV4goIk6E8YWllGR0b3WerumkudNQKHRNo7zJj928XEEIIYQQQgghTqKTFgAAMAqH4D77FoiG2jjowt65iqanbiey8mlU42dfK63CjUQ/fpnAv+7A2ras9cw/GjgWenYx7iHXtNOAwlGxAVs4Eml3lh5iqfrDhw0lEolg6DpvL3krsW7/cOFIhIcffhjLsrBt+6hLACzLIhQOJSrnB4Mdz4SHQmFCoTCOo9B1jdTUtpcNhMNhTNOkrGwT8xcswF9ZSSAQwLIsAoEAwWCQcDjc7nO0pOs606bdS1paGoZh8Pf/+z+ee/75Dq9TSvH8C3P562OPt5oxD1sRtHgaf2wrxmPbhaEmVIeBDiiUApcWW/5gqUg8hKARsSPoLXco0HTuGDCJvKROKOVgK5tfrfg9jZEmInaEiBNBUxoZ7rQj7leQks+ELmOJOtFEsciv9r6y1VKBZpnedBQKDZ3yYMUxL2sQQgghhBBCiOPp5NQASNDwjLoNe9cK7P0b0EwPh2Z4FRgmWGHCbz5EZNWzuAZfhtlzPHpGEZor6ehNOzZO3T6sXR9gfTQfu3wzoMVn/lsM4JUNSpF06f1o7uQ2m0pPz8CyLQzdwIp2XKDw4okX89DDj2DbNitWreKvjz3ON26/rVUa/aZNm5n+i18wYMAAevTowa5dO9m9ezfVNTV0Lig4ok3LtolGohAfDLc3m9+SL9lHJBxGKYXjqHYDFxMmjOePjz5KJBLhJ1N/QlZ2Nunp6XjcbhTgdrnweL14PB7y8vLo368f55xzNt27tb0dX0F+Pn9/4gm+9a1vUl1dw7Rp09i7dx833XA9BYc9WyQaZePGMv4x8x+89NJLPPa3x1odD9thHOVg6gaacmiMBjt8bgBTN4gqC7cW+37XRuoppDNhOx7A0WIBAPuwYorp3jR+PPJupiz9KS7dhT/o528f/YO+mb1QSmFoRrs1Da7peRn/2b2YsB1lZKdhdElru/aDx/Cgo6NpGtWhagJWEI95ZIFIIYQQQgghhDiRTnIAADR3MklX/o7A07eh6itig/5WJ2hgulENFYSXPk7k3ZnonXpi5PdHzy1BTy+IbeNnW2AYqIZy7Ord2Ac24Bwsg3B9eIi1AAAgAElEQVQToIHexqMphXIcvBOnYhQMarePBw4cwLYswtEQ0UgkXrCv/YJ6BQX5/O63v+X7d9+NUoo//OER3l22jLNGnYXLdPHR+o9YvWYtU/73f7nh+uvo/UJvfnzPPVRXVXHHN+5kTGkp11xzDb16liTaDAVDlJcfTKzjb2xs6PC9rampIRKNEI1Eqa2pIRAIkpR0ZOCkf79+PPzQQ/zx0UfZs2cPfr+f8vLy2PIBwDB0YmNmDV3T0HQdj8fDjTfewPe/9z18bbQ5fNhQ5jw3h9/+/ne88cabPPrHPzL7n/+kdMwYenTvji85mbraWlasXMH69R/TrVs3/jnrn4wpbV2DwVEOjnJQGCggarddx+CIZw/VxWfftdgSgnjsQ0fHUjYezSDsRKkJ15Lmab2mv3dWTyb3+xozy57GbbhZtv8Dlh9ciVt34+BgtvVZAjol53JB8Xhe2vEqN/a6ps3Zf4BkM5nmbQrDdoTKYDWZbSwrEEIIIYQQQogTSVNHy28/gey6fYSeuwu7dt9hKfptcByIlVED4nvJaxqqeTY3PsOraXq8aF4blEI5Fp6xd+E5azKJ/eLasHXrNua+OI/snGxs22LyLbe0uaXf4dZ99BFPPvUUH3ywnOqqKnTDID09jQnjz2PyrbfQo0dsfbht2yx49TU+/PBDdF1n5MgRjCktJTPzUD2Cg+XlzJ79JDk5uVRUVHDZZZcwoH//o95/67ZtzHvpZXKyc/BXVnLH7ZPJzspq89yGxkYeevhhnnnmGYYMGUrvPr0pyC8gOyuL2tpayivK2bp5K2vWrcWyLAzDIBgMcNNNX2P6tHvbDYhYlsVHH61nwWuv8e6yZew/cADLsjANgySfj3PPPYdLvnIJ55w9qs3ChvsaD1LeVI7LcGE5Fnm+TnROye/wvd9e+wmNkUY0Xce2LbqndyPDm84ntbuoi9Sj6zq2Y9Mvqzde88gCh2E7wurytfjMJFyGm2TTS8SxabKa6J7WlXTPkcsAAOrDDWyv38mQnAHtBgAqAn72NOzDZbiwHZse6d3abU8IIYQQQgghPospU6Z0eM4pCwAAOLW7Cb16H/bedWC6IL6G+2gUrYfuh3/d9o1iM9ue8d/DPeImaGeg1u49P8XWdkopKiur8PsrSPL56JSbS3Jy20sNTpUPli9n6k9+SnZWNvfdN43evXridh+5BWM0GmXLtm088MBv+PDD5bhcbkKhEPNffpn+/fp2eJ+mpgA1tTXU1dWRlJRETnY2aWky8BVCCCGEEEKI4+0LHwAAUKE6wh/8g+iKZ2Iz+YcvCTjWdjg8EBCvI29b6Kmd8H5lGmbXsz5/h09zZZs2c+lll9G7d2+e/dfTpKend3hNfX0Dt952Gxs3biQajTBt2jQm3XzzSeitEEIIcfJUhqr54/q/8UH5CqrDNae6O+IwWZ5MRuWdwfcGfYscb9sZjkII8WV2LAGAk7oLQFs0bzrecf9L0g1/xugyFBwrMWP/qdpp+YUC7Cg4Du5hV+P72t9l8E9sF4J7p91LNBphyg9+cEyDf4C0tFRuuulGotEohm5QWVl1gnsqhBBCnHwPrfsTr+1+XQb/X1DV4Rpe2/06D63706nuihBCnLZOehHA9phdzsC4diD29reIrJuHvWddLBCgGShN6zgFXylo3jJO1zH7X4h72LUYhcNOfOdPE9u372D9R+tJS0uje/e2K/q3p7hLMYZhYFkWXYuLT1APhRBCiFPnvYPLT3UXxDGQ75MQQnx2X5gAAIDmSsLsezFmzwnYBzdg7foQa8e7OP4dscyA+N7wmmODHqv4Hiv6F9s5wOjUG6PbmZi9J2Bkl7RfEPBLqrq6mkg0itvjOaaihq1ogFKYpkmv3r2PeqrjOOzbv59oJEJycjJ5eXkAhMMR/JX+xG4D6WlpZGRkoJSivLyCSCS2ZZ9CYRgGnQsKaGhsxIpGycnJAaCmthbbshJfN4tEIrHdG2ybzMwsMjMPVdlvagrg9/sBRVZWVqIOQXV1NZZl0alTJwBqa2ux4m1XVlURaArEdhRAIyMzg/QW9QuamgJUVFSg6xp5eXl4vV4sy6K8vALLtkDF6kG4PW4K8vMTAaxwOIy/spJOnTrhdrmIRqOUV1SQn5dHNGrhr/TH3gOlSEpKolNubqvgl23blFdUoJSiID8fXddpamrCX1lJVmZm4tksy2Lf/v0U5Ocn6juEQiEqK6vo3LkAXdfj/S0nPz8/UdSxoaGBhsbGI7amtG2H8vJywuEQXq+X/PgzRSIRDpaXx7ZaVLFdHFJTUsjMzORgeTm6piXObWhooLq6huzsLDweD+UVFTi2jVKxz0xKSjI5OTmUl5eTkpJCSkoKAH6/n6SkJGzbprqmBtM00TQNKxrF600iPz/vqJ9HIYQ4Vo1W06nugjgG8n0SQojP7gsVAEgwPRhFwzGKhuM+8xZUYwVOzW6cuv2oYG1scBUNobt9aEnpaJnF6Fld0X1ZIPurt8vldmEaBpFIhNraOooKC4/52t07dxMKhRg6fBh9evVs97xoNMq/F73Ozp2fkJmZSXVNDYMHDmLc2DHU1FTz/Ny5sd0OHEVtXR1fmTiRkpIezJv/MqZhkJKSiuM4JHm9XDzxIj5a9xEr16zhzttvIyUlhRUrVtLQUM81V1+duGckHGb+ggXUNzZi6AbVNdVcfcUVdO3alYMHDzLv5fmYhoHpctHQ0MBVV1xBly5FvL98OdU1NXz9ppsAWLt2LZVV1Vx7zdW89dbb7DtwgMyMdKyoRTAc4vKvXEKX4i5UVlby/IvzcLtMIuEIpsvFjddfB8CcuXPJSE/H6/XgOA5ZGZnkXdgpMcCuqKjghRfn8bWbbqRTbi51dfW8MPdFbvn6zVRWVjL/1VfJiwckqqurGTJ4MKWjR6PrsdU6oVCIl+e/QmNTI3dMnkxmZibvvvc+az9ax7lnn82555wDxHayePHll7lk4kSGDh0CQHl5OXNemMtXJl7EgAEDaGho4PkXX+SOW28lJTUVpRT/XrSInbt28807bk8sEYlEIrz274Xs2beXjLR0/FVVDOzfj/PPO4+q6mqee/4FOseDEY7j0KNHDwYNHMALc1/Etm3uuG0yaWlpvPX225Rt3sKF559HUWERc55/gaysLDweN9GoRY/u3cnIyODfCxfhcru58frrMAyDNxYvpl+fPrjdblauXk1TUxORSJTMjAzy8/PIz7/gmD/HQgghhBBCfJl9MQMALWiuJLTMruiZXU91V057/fv2JSMzg/LyCtasWcPAAUffVrBZKBzmyaefRNM1fjr1J0fNHli7di27d+9m0s03k5qaSnl5Oc/MeZ5ePUvwepNQjuKaK68kJSWFt99ZyjvLllFQkI9lWYwrLaVv3/juAgo0XQMUoVCIpcve5eKJF6HpGtph5R4rq6rYtWcvk752E7m5uXy4YgV19fXYts3C1/9Dj+7dGT9uLLqus3r1al5+5RXuuG0yLtPVui1Ni98TItEIQwcPYuyYMSilePmVV3j/w+UUFhXy74UL6du7F6WjRxOJRFi46HUqq6rIzclBOQ6XXDyR3Nzc2GMolRi8H7qNhtvlar5lYobfcRS+pCSuu/ZaXC4XW7du5ZVXX2PI4MFkZBzKaHC5XLhMF/v3HyAtLY39+/fjcXtwHBVvx2H9hg0U5OWx5qN1DBw4IDZrTmwpzRuLl1BSUtJiK8fY/Wtqaqio8JOensbmLVs584yRAKxZu5YDBw5wS/x7emD/AT5csYJwOIwGGLrONVdf1epzEQgEMIxYlkFVVRVJSUmUl/vxeNyx1Trx2qOXX3pJq+0vHcfB7Xaxc89uNm/eTP/+/XGUwnEU/fr1o0+fPrz77nvs3b+P6665Br2d7SiFEEIIIYQQR/rCBwDE8ZOamsqPfvj/mPLDH/DgQw9xxhkj6dunz1GvCYZC3HvffaxatYp77pmaGBS2RSnFlu3bGTbk0IC1c+fOdCkqZPOWrQwaOABN16mpqSEUCuH3+0lLTcU0TTwuF6vWrmP33r2xtPzcXM4YORLbUXQtLmb7jh3s3r2b1NRU6mvrW903KyuLTrk5PD/3RboWd6FP79706NGDhoYGqqqqmHjhBYk0+AEDBvDe8uVUVPjR9TYGj/E9MUzTpLyigo0by7BtG3+Fn7POPIOGhgYOVlRw8cSJmKaJaZpcfdWVADTUN2AYBkuXvUtKagqWZdGtazcG9O+XaF7TdRSKt5cuxeP2EAgGcOLbTOq6RjQapaysDI/Hw44dn9CpUy4+n6/Fewwu06RXz54cOHiQTp1yMUyT/Px8bNsCYpkDVVWV3Hj99Twz53kOHjxIUVERjnJIz8jA7TJZ9u67jBwxAtMwEhU0P1q/nv59+1JS0oNXFy5k2NAhmKbJ+o83MHzYMNLS0giFQviSfYwdOwbTNFFK4SiHN95cjMvlIhQOM25MKV6vF8MwKelRxJ49e/B6vXi8bpJ8XhzHjj+vztvvLMXn8xGNRunfrx/dunVF1w369OzJW+8spbCwkCRvEpYVRdO0WNAi/v9mPIgihBBCCCGEODYSAPiSufqqK6iuruK3v/sdV119DQ/MmMGYMaVkpKe3Wmve0NjIx+s/5qGHH2bN2rXcd999TL7llg6LMdqWhWm2/lgZukE0Gol/pVjw74WYuk5aenpicG45ipRkH51ycrGsWHo3xJYUdC3uwuCBA3jjzcUUFRViGK1n1L1eL9defTVbt25jy9atvPTKK4w591xKSkoAWs3Aa1osg8BxbHQdPO4Wg0gFerxtXdepq6vn440b2blzJ2NLSxk8eDAVFRWJdg7XPBhOT0sjOzsby7ZITUlu8zyfN4nk+DEVL16paRqWZbNj5y6279hBQX4+X73mmkTwInYORC2L4i5d2LRlM+s/3kDnggLC4TDNI/myTZtISU5GKUV2Viar1qyhqKgIDQ2Py8UF553HC/PmkZKcjNvtRtd1otEoH2/YwKgzz8TtdhNoCnLw4EG6dOlCJBzGFR9sb9myhWXvvUc0anHFZZfi8yWjoZGdlYnH4yEajWIaBkopbNume7dubN22jUg0SnFRF6prquOz/wpHKdLT08jMyCQajZKU5AVidRLOHDmSrdu38dY7S3Ecp1Wwpvmtj71+yjcyEUIIIYQQ4rQhAYAvGcMw+Oad3+CMM85g5qxZ/OxnP8eX7KNv375kZ2XhoKivq+OTT3bSUF/PmHFj+eUv76dPB4X/IDaALezcmY1lmxk+fDgul4vGxkZ2793LReefj67r6JrOFZddSnZWVmLwGQ6HsS2LgQMG0DM+aG+mlCIYCHL2qFFsKCtj3fr19O/Tt9U5mzZvZveePVx4/vkMHjyI999/n/UbNjJw4EDcHg/btm1PFPrbs3sPlmWRm5tLhb+S/QcOJNoJhkMoJzYYj0Qi9O3Tm3POPps3Fy+mbPMmhg4dQmZmbKC7f/9+srOzUUqxcOEievfuRV5eHspRnHnmGYlifIdTjoOm6Zx11pmkpaVRU1PDpi2bY8EDxyEpKYnLL72EPXv28NL8VygvL6dr10PLXxRg2RbpGemYhsnK1au58vLL2LZ1G6bLJBqNsrFsE5qm8cqrr2FZUfbu3UcgEMDlchEMBcntlMuY0aNZ9J//kOzzYZomBw8eJBgMsXHTZso2b8HjcbNm7Vq6dOlCr1692Lx1C0OGDGbw4MHk5xfwr+eeJRKJ4vMp0DTOOuusVoPxhoYGLNsmMzM2uF+3fj1XXnYZFZX++BKA2Pd21Jln4ks+FCSxbRvbcUDTGDN6NH+fOYuoZdGzR/dW74EQQgghhBDi05MAwJfU8GFDGT7sEQ4cPMjOnbvYs2cPtbW1JCV58XqTKC7uQo/u3RNr2Y/VyOHD2bZ9B3Oef4Hu3bpRtnkzudnZ9O7Vk8qqKhSxGXuv15u4RqnYIHLlqlUcPFgeS2VXMHLkCHRdIxwKYxgG50+YwMzZswlHIq3uWZCXz4JXXyMQCNK5IJ/Va9cxZMhgfD4f548fx4LX/k1DYwMu08XqtWspPfdckpOT6d6tK+8sW8b8BQtIT0tjw4aNXHrJV4BYACASDqNpGqPPPZcnZs5k8eIlTJx4ERddcAHzF7yKv7KS2to6tu/YwahRZ6Hiqfxvv7OUjIwMbNsiyZvE8OHDEjPojlIoxyEYDJGWloZlWYnBsOM42LaFbdt069aNwYMGMe/l+dw++VZSU1Ob3yxCwRBej4fCzp3ZtmM72VlZrAsEyMnNZdeuXQSDQe68/XbcHjeWZfHPJ59i3UfrKezcGcuycWybAQP6s2bdOqqqqgiHw3zw4YcMHTqEcWPGoGkalZWVzH76acbU1nLO2aOY/dTTPPPcHEq692D33t1omkZmZgaO46CUw+LFS/B43Fi2TX5eHp07dyYcDuP1esjr1ImD5eVkZWfT1NiE4zjEt0lgydtvk5aWjm1bpKakMGDAAJRjx5caJDNu7BheW7gofk2MbdlY0ein/9ALIYQQQgjxJWfcd999953qTohTJzUlhS5FRQwY0J8RI4YzZPBgBvTvT1FhIcnJR6avd8Tr9dKrZwnBUAh/VRU9undj3NixeLxebNvBNA2Ki4oSA+Jmhm5gmiaRSBjbdohaUYq7dMHjdpOekUFOTg4+n49kn4+cnJxEpfzme/YsKaGqsoqqmmoG9O/PiGHDMAyD3Nxcigo7U+6vJBwJc+7Zoxg0aCCappGcnExxUREVfj/BUIgzzziDvn36oGkajuOQn5dHZmYmpmlS1Lkz1bW1FBUWkpeXR0FePvv278fn8zHxwgvIyclJBADQIBqNEI1a6LpGUWHhoYJ7SmG6XBR36ZJI7dc0ja7FxZimidebRJeiInRdp3PnAizLwufztdqCUNd1OhcUkJqaRkpKCiUlPVAosrOyCEfC9OjencLCzui6jmmaZGTEBti5uTkkJSVRUFCAy+Wic0FBfEu/POobGhgxbBg+nw9d1/H5fGiaRmpKCllZWfTqWUI0GqXC76dTp05MGDuW3NzcRDE/WzlY0SiRqIUvKYm8vE4Yhk73bt1IS0slIyOdbl27JrYvTEtLT2QMRKMRopaFYZgUFRaiGwb5BfmkJCeTnZWNYegUFRYmsiqUUqSnpye2FxRCiOPl8bJZp7oL4hjd2f/WE9a23+9n2bJlLFmyhEWLFrFp0yYqKytJT0//TL8bfV6xOkz3UFxcTOfOnU/6/YX4b/OLX/yChx56iH/961+sW7eO0aNHHzE2OV29/vrrHZ6jqebf4IUQQgghvsRGzh13YhoeMZuV3YpbvbRz5ziuXXXsTdw4ZgFT0rfx4Ct388xx7l6bej7CkiE92bLuUr65DaZd+BaXsZCRrz9wMu7eoZXXvHXc2wwEAjz99NMsXbo08Vp2djZVVVWJr0tLS/na177WqkDvifb444+zbNkySktL+cY3vnHS7ivEf6N77rmH5cuXY9t24rVBgwbxu9/97qT+uz5RpkyZ0uE5sgRACCGEONX8i5k+ZRbFU2czud9nON6BspmTmMFUZn/qi8uYOWkOXR+cxoQOV4SVMXPSDPiMffxvdeOYBUzJreaVueOY3vxiz0dYMuQtliT/ifHvvHAqu9e+bXczftup7sTJs2vXLmbMmEEgEGD06NFcdNFFrWrw7Nq1i0WLFrF06VJWrVrF1KlTWx0/EZYuXcq8efOorKxMfF1WVsZVV11FaWnpCb23EP+tFi9eTENDAwDTp09nxowZLF68GMuyTnHPTh4poS2EEEJ8IZSwe850FvsPf72MmVNmsf1UdEl8TtcyLj2FBv/8Q4N/gG1387i/kdT00dx4qromEgKBADNmzEApxf3338+dd95J165d8fv9bNq0Cb/fT9euXbnzzjuZOnUqSqlEsOBEeeqpp3jiiScSg/9mlZWVPPHEE7z44osn7N4AlM1k0vTF+A9/bdIkZpa1fNHP4umTmH7kD67DmpvEpNYXnnr+xUyfNIlJbf5p62fxsT3rqeRfPP3I71tc2cx2nnVmGafDsx0Py5cvp7q6mrq6Os4++2zOP/98xo4dS1NTE8uXL//SBAEkA0AIIYT4gigtLWbpej8TWk63l33AkvHjGb9kyaHX4hkBh4ICJdzaPEvvX8z0v0Bp8SxmLQHGT2Vqq7v4WTx9CrO2j2fq7Mn0S3zd3NStPDhtArnxGf0lAFMmsWvqbC49MJ0pu65jKjOYEe/O+A6yFtrsYxvHS259kGnNB8tmMmnGoedt9x6niVRvzyNee+adS1uk8t/DC9dMhFbLAtp6DcZd+BZT4nVhiaxttSQglm2Qkji3wd86w6Dd4z0fYcmQLLb4sxiRmxJrtwzubLEEICafxy57ixHNu9M2HLYkoOcjLBkylFTaOf4F9dRTTxEIBLj//vsTs/pPPfVUq7W0ffv25e6776Zfv37cfffdzJgxg6eeeoo777zzuPdn165dHa7jfemllxgxYsSJy0LI6UrJ9qWs909I/Jv1H9hNSUkJSz4oY3K/+D9I/3qWbi+h9K5PVzT6CyF3AtNmT4j93b+Y6VOWUnpM2U6nsfHtZYJ9xoH/afa+LVmyhPPPP5/777+fpKQkAH75y19y4MAB3n77bUpLS4/Yzvy/kWQACCGEEF8Ug0ZRvHR9q1/Fyj5YwvhRow690GI5wOzZs5k9+0FuLdnOrL+0mPXZPoulXR+MHW/1y158sF88ldktBv9LS+Pnzp7N1OJZTJlZBvRj8uypjKeEWx9sMQBfMoM5zW0/eCu7Zxw+I3gsfYxlNRw6PpXiWVNi7ZTNJLaSYHaLe7Q1G3c6eIFv7t8NqRNZec1brLxmAY8dGQs4du6h9A79iZFzxzFy7p9YxVCmXHhP7NiI2YmlBiPnjmPkurWQe2vifrHBP6xa1/L4d3hhRHPjxYzwLosda6/OQOpQsvfHr5+7kJ2pE1ky5trE/VcO6cmW5vbn/olVnomsbO7fF1Rzwb/Ro0e3Ofjv27cvSUlJbNq0iccffxyAfv36MXr0aJYtW4bff/w/mIsWLTqm81rWKjjucgdRWrKdXYkEBD/rl0LpdaWU7D5w6GdN5S62l5Qy6DQY/H1+uUyYNvtQoPK/yn/zs7V20UUXARCNRhN/brnlFjwezynu2cnz3x/iEEIIIU4b/RhVPKfFrFsZHywZz6jJ8EHzKS1nrWIvMKi0BFqNBUoobeM38rKZU5jFrTzYPJovWxD7usUvff0mT2X8pDksvrSdGZ2SW7mr+UDuBK4bP4sZH5S1nqHvoI/+xXNYUnIrDyau6cfk2bOJBSiWMH7qbPq1aOuuW5cyZUEZE07HNIBVkxi56loeu+w7jHCnMGLIW6wcArCbV+ZOar00oCORtTyemNF/gW+WjWbJkNE81hPeSs4Cqg+d22oNf/NShD8dms1veTweJNhZ1cFsfcPCFtkID3Dtzv6s7HY503gBsotbt39Y/775Ba0nsHr1auDQoABihf4qKyu56qqr6Nq1K6tWreIPf/hD4tzm85ctW8bq1atbXXs8HJ72357du3cf1/u2lktBMSw94Id+uUAlu7YXM6rfIEr5S+JnlP/AbigeRfOPirKZkxLZQe3PNh/lvFaZQYdlNk1ZSumtxcyaFbuw5NYHuYu/MCWevtQqi6i9dj4N/2KmT9lF8fglLFkC46c+SNc5sYDptAm5re9RMp7xLGF387FWmVUljB8PS3aXxrOrYqn6zf0+lHVFLAA6B8azhCXbD/W7/ff1yPt8NoeCwdMGrT/suWczmZZZWc39OrQ8bfuU6fDgNP4/e3cfH0V57///NbubkAQCskkICJjFEDRYbAlWQBYVa8We2mrvDKiHQtuj/SJFTtN6ai0HrG3pl4oHWqSnPe0DyreCcNpqq/1VrJVCooAFbGshJYAEiHKXDYZAbnd3fn/M3iabZBMC2WTfz8eD2uzcXTPXzDXXfK5rrhnx0hyWYfVY2xo1b2DRVr27Qnl2mfL3zjvvZP/+/Zw6dYrs7GxsNhtnz56ltraWmTNndtj67/V6aengFQGH3d5nviSgAICIiEgCKZxyFZuDrwGU72TrjCnMIyIAEBLRRR8gv5NBwbYuYxmQP3dCqLJ+5sQxOLyVkjmtP3+XT7sfWbtqBJH1rOy8fCg9wRlGxJg5dhqrjx6Gq+6lbX2tmqOHYeuyOWxtPanbFdtE8CseejFisL/AVwE+8YmVVHRlVP+mk9HzHjqJ54MfImsIbNxexmc+cyef+Myf+QStu/+PJSsVPBc6GnDwPJ7ajjdf19jqKb62hjrGcuXYz8IAyMxcwO7PLGiz3kR29OhRgKiu9Hl5eSxatAiweggEW+SzsrKi5olcvif985//jGu+SxsAgMIpMzi8+W3O3HYbOaGyKAeuOhwqo6qPHmbGFOth9MxrT7Ds2FxWrL+NnMAD5ROvrWjTqtz+fNWhnkFLCgMPySVrGbF+XiAgeJh1R+9l/fp5gQfJEtbMXcH69TmBB+qXKL9tHoURPYyWFGLNG7WertjKsTxrG3CG18J7wWtr1sHcFay3ntCZsyxcDJ95bY0VXF0ffp0qNLF8LSXrruKx9UuwkjeHkrUjwg/1h7fCY+tZH4qJtH9cO9xOzN1ZxpzIwjUy+NDufpezds4x5q5Ybz1kl69lzprXmLDkNuatmMuxiFcAygG2HiNvxXrWBwMXgXlzKGftslbrWRbMM7jU+btu3To++MEPsmPHDt577z0++9nPkpqayh//+Ef27dtHQUEBv/jFL3jggQfa7Q1QfeZM1NcDIg0fPlwBABEREemGwilcFagUsXMrM6bMI1CtCgg/VOcHKp9nXnuCks56A+fPZcV8WFOyhtcmRLSWtFsBvBjdTGNAX3/nv1N75nAD69ntGsutY2Fjj7SOf5/P/tpqwbe6+1sP41YgoCfW3xErwNB6zIG+oLq6muzs7JjTysvLWbVqFfX19WRlZYWCAkFZWVlxt9ZfCgs2m7YAACAASURBVJdyEEIgMA7AUaoBThwjP+8uIBAY2FkNVId6KFmvCBxmxr1LAmVJDrfdO4N1gQBCmDVf/vT54fmWrOc2gPKX2MoMHgtc+zm33cuMdcvYWT6PwmyAfObeVRhOW0RPp5wREZ/ZLN8Z3cOo8C7m5pdY6+lyuRK7N1WbsQ8K72Ju/tZAJ6fW+1jIXXPz2VoaTN5W8ueuIJy8ueSX7KR8XmHgtxlMCaWzo+M6ocPtxNRBr4yO9/sw64K9sArnsX5JR9u4N3R/yc7Lh1CcqpB5EQueOXEMiPw86qXJ3/fee4+XXnqJMWPGkJ2dzfjx4zl9+jTr1oUD39dccw3Z2dnk5+ezdu1aPvKRjzBmzJioHgEOh4PMzExqa2sxTTNqG4MGDeozD/+gAICIiEiCKWTKjGXsLJ8Cocp1hGDlp6sP7VeNICen0OqyH2yRGXEVBCr4ca/r2AnOUBiaP2ZrfidpDPcaKGw1PRtrUrDbcR83aT27XU72RA2kF1BbQx3O9pcdO5wswBP524DhzIZwL4Cxw8niPBWtWu6DAwzOvvklSoa4mU0ZnmYYN/CzQPcf0NsMZjjESSY1vHfoEBSCK8Zgh4kuOzu73Rb30tJS6uvrGT16NI8//nibb4R7PB4Ku/5E2aGu9ig4evTopRsIMGcC0/NLOXHmDCdKiXjYncKMZTspvyuPY/l5WGGB9nrvzKDVdwywioy21/eZE8cgfzqxwzHxa69nU35PlivVRznMVcTYDTraRziDlbwSopOXz4kzxGjB7ui4jmiznagH5R5jjQfDnIjeA3EHEiJFDzibn5/frdR0NX//8pe/MHHiRIYNGwbAzTffzJEjRzhx4gSmaTJs2DCuvvpqbDYb+fn5DBkyhH379nHllVe2eSVg8ODBnL9wAW9LS/hHw2Dw4MHYbH1naD0FAERERBJM4ZQZLFu2DGY8RuvnfyD6ob18rfWOZGevAATXPe8xZsxZxprXJrDkNqvlZNnaKeHKXGgQvna6Ux5ex0vlt1kt9GdeY/PWfOauKCS6l0LHaQy27IXWE/n+6b0zWLcsspdCxLS+NkDVnt+x58oFTPrgepYcin7ff8nVHyKz7uVAYOAQnmaYdOVKZu+xXglYcrU1mn5UACD1Qzx482fZuP1XwGf5SWF4HVarf03EuAKB9/5ry9jIr6B2LpNyrPf1g9N/8okFjKtdzYz34tyfzDv51aTvB8YB+Aa/clnv/T/Br+C9T7LbFTk9VpoST15eHmVlZTEfpD/1qU9RWFjItdde2+bhP9arAz0h3gEAI+e/FF8isOQw4qrD7KyuhsNXMSV0+WWTl3+ME28D0+8KBPGs4N2Me2P33gmXDu0H+boVkIyV6hFXQf70S9CzKUJ2HvmUEvuZs6NApjW2Qn575VmbDiUdHdcznGi1HatV/VIEhKxxWqzOHq/xRMky1k5Zz7yuRGvKX4r4+gyhe01XdTV/33nnHa699lr8fj9+v5+MjAyuu+46rrvuuqj5gl37r7jiCkpLS2N+EtBmszE4M5P3338fv98PwODMTBwOB4ZhdH1neknfCVWIiIgki8IpzIDQu7XR0+bx2IytLAt+w3lzHisemwGHS3k7rgHJC5n32AwOr1vDa2dyuG3JY8zYuiz8Teioh/9Cpsw4zLqSiO9D58+AzYF5S9Zx1WMxBl/qNI2F1rujy4Lfora+TLDkthwonMeKubCuJDytTz78A9a7/7ey4oyTT3zmz4EvAVj/bm1cHfGJvF/x0IsvU5n6IUoC0yd4Xqay9eqa/0pF2oLAOhYwqSn8mb2N2+/ixbqrIrZjTQ92yd+4/a5W6Qg8/Hely37dX/FcGVz+TrIiu/zvmcMNlcdwucL7mOgP/wBFRUVA7AfvLVu28D//8z/tTotcvieUl5dTVlbWpWWCwYtLpXDKDI7t3MmxGVMiAoI5TJgOpaXHuGpETsRv+WzdHP4aSfnaOTG+SW/NdzjiayflawPfoi+cwgy2sjMQLTjz2ma2RnWHjzvRzDi8jpeCUYczr/HEnBhfK7kYga8klAYL3fKXwp9SbbOP5bwUnmi9QrHuJcLJe4I5c9a2DqFGrSv2cQ1sJ7Qu63WBHnfmNZ6YE/EllpwRXEU+ed3qqnGME2cAzvDa5jYjvcSnC/l79uxZDMOgpaWF5ubmuP8ZhkFtbW3M9/0HDRqEzW63/jAMBg0a1Kce/kE9AERERHpfm1Hzg6Pix/67cN561rfqGhCe3Hpdgfmjf4iYP6JlJ4bIbZ15DSCPu5bEmr8raSTGPkdOWkI7k/qkYJf8joXf4Q/ZE/47nnU88cqtHT5st7uOqC8GxP6ts3UDgS8edDZTYsnJyQl90m/69OlRXfrLy60nitaD7QUf1N1uNzk5PReYWrlyZbeWW7ZsGf/93//dY+mIkp0HW9fB3Luifs4ZcRWHD8O9EQ/nObct4bGjcyK6Zs/gsfVWK21kw3ab+fLnsmKJtaJ5K+byRMkc5lgTmLuiOwP3FbZajzUWSc+OK5LDbfPnUloS6Mo/Yy5zIz7GknPbfOaWlgT2cQZzIycWzmPF3CcomRNKXYf72dFxJTBtWaBv/owZMyLeue+pXb2NJY8dZU7JHIIpyJ+7gnk5ABOYnr+OdSVzOPrYeqZ0sJrgu/rrSuawjnzmPjaX/GWl7bz60OGK4s7fs2fPYrfbaYnssh8Hu93OuXPnGDFiBPbgw36AzWZj8ODBvH/2LIP6YOs/gGG2HsVAREREJAZrIL9L3LW2F93w61t7OwkSp92f+XOPrau+vp5///d/xzAMHnvssagR/vfs2cOkSZNCvwUHBjRNk//6r/9q82rAxfjlL3/ZrZH9r7rqKh544IEeS4d0h/Wq0tF2XoE489oTlBy9txvvzcvF+POf/8zBgweZOHFih5/4a+2tt95i1KhRTJ8+nbS0tJjznDlzBqfT2SZA0NtKSko6nUc9AEREREQkaWVkZPDNb36T733veyxevJjp06dzxx13kJeXFxUMeOWVVygtLSU9PZ1vfvObPfrwD8R8iD969CgNDQ2hv9PT0y/doH/SBeWsnbOZvOD358tfYt3hfOYGusWXr53D5rzgq0vWKwD5cy92eEPpqgsXLmCz2fD5fF1qpbfb7dTX14fe84+lJ3v/XG7qASAiIiKCegD0JT3ZAyCovr6eX/7yl1Hv4WdnZ0d96s/tdvPAAw/0+MN/e7Zs2cKzzz4b+vv+++9n5syZl2Xb0jHr2/Thd+6jPl965jWeKFnH4fBEtf73goqKClavXk1TUxMDBgxg4MCBZGZmMnDgQNLS0jAMg8bGRi5cuEBdXR0XLlygsbERgC996Ut86EMf6lOf94P4egAoACAiIiKCAgB9yaUIAASdOXOGvXv3cvToUaqrq8nOziYvL4+ioqLL3upXX1/PT3/6U/bu3UtRUREPPvjgZQs+iEjfo1cARERERES6ICcnJ2Fa2TMyMli0aFFvJ0NE+hF9BlBEREREREQkCSgAICIiIiIiIpIEFAAQERERAQY5BvZ2EiQOyicRke5TAEBEREQEuGn45N5OgsRB+SQi0n0aBFBEREQE+OoHF+CwOdh56i/UNJ3t7eRIK84BQ5mS+2EWTvhybydFRKTPUgBARERE+hzzgoem7avxVu7CrO/sYT34xWOjw7kGAF/vicT1aQa2ISNIv/v/YssZ29uJERGRHqZXAERERKTPady6kpb9L3f68G+aJtaDf8cP/xJk4q99j/rnv9bbCRERkUtAAQARERHpc7xHdsQ1nx77u8esO9XbSRARkUvAceHChd5Og4iIiEjXNMdZfzEUAugu1RFFRPofh9U1TkREREQkTHVEEZH+R68AiIiIiIiIiCQBBQBEREREREREkoACACIiIiIiIiJJQAEAERERERERkSSgAICIiIiIiIhIElAAQERERERERCQJKAAgIiIiIiIikgQUABARERERERFJAgoAiIiIiIiIiCQBBQBEREREREREkoCjtxPQrooNzF9Zhmv2kzw6PavjeT2lLF+8g6lPPkpns/bospeBp3Q5izdWtp3gms2Tj07HSnIFG+avhEVruG9ccJlRLFpzH+PaXWf70y+9CjbMf4HRCXrMLxtPKcsXbyRG7lrci1gz81RCn59dY52nZbEmuRex5r5eOhs3zGcl1vY9pctZfPye3klLxQbmvzA64rq+7Algw/yVVLVb5nY2vaNVb8AqouItcyLOlaiyLkEE7k9tuS+yXE3w/e7DUu59hbTRmW0n1PyeurXf6ZFtpM3bQQrtre9bZJR8HP4xlfotPbK5Lku59xXScg7S+MzDtPTC9tutz7Qq/z2ly1m8Y+olOP89lC5fzPF7rLpS39ezZXZXjnuv3iv7tPbqQS5m94t6nvQVCRoA8FD6Qhlut5uyjVuomH4JH1SzpvPomumXau09I8bDUcWG+SxeTvsFtauKF5aX8sXW0ys2BG7Aoy5deiU+UedeexWTcYl/fnZJrJucdUNcProbD5Y9YNx9a1hz2beawHb8nA25j7Y6Dz2ULrcqLa7LkYaK3ZQl+gNwjPR5SpezeP6G7gcB+sJ+92VtHvaLSX94EZnz6LEggHSiTX3GuvfN3xD+PWv6o/Sr296l1kNlto775dK2HuQpXc7ixRvI7bWGOUk2iRkA8OxnR6Wbex69AcpWsrviPsa1uiIqNswn2ADjcrsjp1ity4umsmNloHXVNZsnH81lSyjqFnHxRfUACCw7exQbNwbjcxfbonNpjJs5G9fi43ignYriVKaO2sF+z/SoQqZidyCwErMZNoG0amFzL4p+MI7M/8AMVuUhVkujp5Tli49zT+C36FaIBI+6Rp6fBPZjEawM7nyol0CwJ0Gr87WT45gYxjFztovFO/bjmR588LEqheFsavVQ1Kr3RKinkKeU5T+HqaM2srEMcC/iydEvtGrViO4xE+wB8OToFwLnxUrmV1nb82yYzwujFzF1x8pAWqzzJXdLRPkT1brSKrofUdm1WkymMrtqY2i/QstG5NPi+cd7tcwZNXUqVbsriCp0PfvZgRu3q4wqiN1zqgut/BUb5vPC6NmM2rgxdKzcUT2YrAO0eP7GwO+tzode7DHSkazp9+De+AKnPDAuCzo7H37O1NAxuOE2F7tfa73frcuryOu7gg3zdzN6dhUbN1aCazZfnbqDp4/fwyJWEi4i1jDzVMQ6oo5dq+NK5Pkcx/2wveswlL7Y+544NtHwTAEZJR8nY+Z3Ai3zVlDAkRaeyzy+kvObN1l/FD3DoBlFGLGmAXAdGSU7sAf+8rVu8b9yI5klgUeyxr2tWuOtXgLBZVuvO23eDlKcEeuKCGikzduB7cJebKOLMKjDu/UOGvZGrq8OX03Xj9Cll8X0RxdxfP5KNtwQcc4HymxaXSexr4vW9/FY515W+FxfOT+iVbyDsqX1/WTCBHh7SNQ1cOl6K8QvrjI7qE3vpfA13fq4t3e/Ch/78L0yi47yJI6ypLN0tXfvDO5uR+dDH6gHZY2fiovjob8jeyYC0fdcT+weaK7ZT/Jo7pb2pyVsRVd6Q0IGADz7d1DpvodxjAM3rNxdwX0RBVvFhvmsrJrNk2umkxUsvHExNTRHJRtfmMqTa9aQFbgRLJ7vYvaTa1iTFVh+SwXTY5YAlWzcEVzWWvfKDTckYMWlc+NvGMXP93uYHlEh213m5oZFJHYAIPQgsca6OXhKWb54OaWBAj06/4PzBysPN+AmOmgUPp8ibnBrHg0v26eirmWs3L2INWvuCxyXlcwvcweOlXW+vlA6M+Khsv3jmLis/dgx9UnWPBp4ZN8wn8UbcgPXYQUbFm9k1KI1PDoO6+/5i9mQu4b7soDKjdayawKhhNL4tpo1/VGeJLpboweo3PgCUyPLjsXzcc0OrL9iA/NXBnsphQMLa8aF92N5acSNt2wjx4PTKzYwf+XPKR3/KNPH3ceaRfTyKwABueOZumMLFVYJDFjXEFPvYfSOQGUyazxTXRvZEVG+VOy2XtmK9zqq3LgjdFw9pctZvHIDN6y5j3HTH2VNbuTrEIEyftQi1jw6jlgthomp8/Mh8hgAfOH66NdAwq9rPRouv6J6GJSx8fgi1qwJBhV2WEHzRWuwiojlLF45nzJ3YB5PKcsXv0DpzEeZntX6uAa3Fzgns6Dj+2EH1+G4OK6FhPEd/DUfxzGkGMB6+K//PXXPWA/W1qsDXyS9aJP1QD2jCH/oof5bZJQsImPmpvBDvjMLc+tU6vYGlv3ARtK2zKYxMNnuhJYVU2nEemhPe/gZeOZhWgIP/7bjK6nbvCm07kH3wvnNm6yH/4y9NK4IBAxmbiTzA5GBC7CPdobWTev1BQIXoYQklHHc4IYXwpGzKK2vk47v41bLd9XsJ1kT8YC/vPRJHn30SYjqaRdH2RJ1P7HO63D9wsP+HZW473k08ctsCNxzqpj95JqIB/OV7ddx27tfxbpXdlq36qAsiSdd7aUli0DP1nA5GbXtPlIP8uzfAbO/GN/9c9x9Vh0wuGzgPnHP9Cygo2kiYTbTNEmsfwfYsrES96QCTNOk4I5ZuMpeYHt1ePruMnDf7cZpmpimE/cXZuGC0DogcnoBk9yA+27cTmt6wSQ3VJ2kOmL+2Ms6KZziipr38v8DaP1bNdt/vpFK9yQKItJN62UKJjFqx75w2g/spsw9iYLQ7L2Xz+1vv5rtL5ThfmR2aN9Mp5svzIKNWw5Y+Tf7GZ75ejCPrP10h/bfyu+y3QdC69u3I3g+HWDLRpj1hchlZ/OIu4wXtlf36vEwTRMzKg9jHytwMeuOgsBxKWSKC1yz7ggcK+t8rTxeHddxTJx8t65515RCK18ObGEjs/iC2xmap2D2I7gD5UD19hcoc83ijoLg8gXMfuYZZheEj9GUQmfE+tteQ1HXC5HTW81LjLIDN3cH01YwCTdVnAymy/1IKB3BsomNWzgQXHdkugsm4aaS49Xtp7M38gfTSeGUKnYfCP5ezb4dWMc0dNwC51qofDnA7rLWxz3yX6syp9VxdRZOwRU4jm2OxYEtbKx088jsgqjjGn1fuNz/YufVgQ0rKXNNodAZ7/lgzRt7vYF7YcQ17HR/gVmucHkFhO6VoeUjzjHruLYuM4LnnBP315/hmdnh5a3547sfdnQddr7vPXi+9gDfhTqMgQVYPQKmRr0O0HLoIO1v6TvUr2jVwl+znYa9kctmYRRFbOsf4WBA49/2YqYV4CiClHtvxt64l6ZQi/93qP9HJcboe0gDGtdOpS6yt8CWffhaJ6dmX/j5fuZ12KnEG1zf3odpOl4X1/GIdDmuG9M0cY4K3rtaz0er66ST+3igvAiV0YHz/OvBv62dirtsib6ftKpfVO9jR6WbSQVdPQ49fA3EVWZbx+mZZ74eKndD9eOY9z+6cL/qvG4FHdSt40lXu2mx6jrhelBwfbMpSNh6UCUbF89n/vzwv8UbKyPOf7NVvSSc123WV72dn2+EWd+O2Md4pulfv/4Xj8TrAVCxhzLXLL4dDINljWeK6zl2BluaPKeowsWUyGBWVm6nb7S7RvXh6FfZKh5u3WLvmsW3Z3cWKxzHpFG/Db0GULGnDPek2cCeS5TQnuChqhLKVj3cdpAUd6s5S3/Afz5X2WbyuEluWLWHitnjGOfZz85KN3ePI3DuVFL2nw/zXKtVu2b17F5cTqNyY53b8R/Hy6uS52Ie/2/z9UCE2nOqCirL+M+H28zFLMBTVQmj7u69FhfXqJjb9lgHvO212rsHvFuyxk+h6pVAl1LPfnYyhS9kwf5W87ieq7JeQ/Kcoso1hTsuQaZ4TlWBa0r0MY+jzL/kKp+LcY66eeQZq/W+4mLPh1j3OrLI7fKOjyJmERGhYuPDrAql08WUeJLXwXXYH66F6O72wQfn79By/GbSPrCDzA/QjQEE6zDPRPy59wT+GUUYOWAfmAn1J6IH5ztTg4kzag2tBzNsEwQIzjckCxoPRk1vqfWQltOF5CaiTu7jMcuLdlfV9bJl3CQ3/PYUHsaR5ami0j0pIXoPxlNmh3hK+cF/PhcegPhiL8ueqlt1K11WXWfU3X2pHuRi1re/Ht0DoWIjD6/6LaV3fL0LPRMq2Pifz8Gsb8dYpqNpIuCIN1JweXgo/W0ZVNK2YlX5ChXuWRSYkVGw6Fmif2s1vU1UJDpS0t6yZmSU82J3rxtME3A/wupZBTEnRqfJSndkmgsmjWLVKxW4Z8GeMjeTZpmYB9tb/vKKlYdB7kdWE3uXTTylT7FkUyXg5pHVX6OAgzy3YBWhfCuYhJtV7KmYhfPkTirdd0f0lHBR/MTXYhaIvXstmBER38ifI85PWp+rbZdp/d+OjmPviD7+B59bwKqycGuNlTbAVcwTX4vVFd4kfPrG2IcY13P713D0sY5eptWcscqOWNM7uFY9caWj98qaMBPTWcjkqrVsr/4a4/fvhMnzrJYbCJelzkImu54LXWdR87S76naOW7vlsAkdlMEdlSGXXHvnaGQ6u30+tHdvithGPPeriAmhsiJiGev6C+zL6ulkeUp5asmuuO6H4aS0W4jHed/qPqPzWeJiH5iJecEqWUIP/o2B7vZFzzBoRng/WjbfEdUFP7Pk4zHGAeh54Qf/SlpW3EFj8KsCl1hP3ivaK1/BChq5RjqJur/Fuv47uY9br3y1V45Gn/8d1e9i33Ox6heVv2VftZvhe8pwT5rVy3UHiLvM9pTy1JJNVGLVDb5WECgDoPPjHrkts1Vedlq38kQtG0hSeP1dSFfH987YRyfx6kExyvWCj1LsWsLOfdW4Iw5i+/dID6VPraLM/QirI+pPlo6miVhsvZ2AKJ797Kp0UfzEalavjvj3RDEuythzEMgazigqeTdyMBvPyehBTiSsYBLusj0cPLjH6v7f2+nplJORLqg66Wlnuof9uypxP7Ka1atntbM/gW56e0qteScF5op17vRbnR3HxFAw6wmKXWWseqqUYEqzho+CyndpL5uc1o6RaHuWqOnqnizGT4Zd+w+yfxdMHh+rCSGL8ZNdgeusvXl6ICWxzoc+UOZf9PkQs7zycLLHdvwge8oC99uYwbaOdbR/feta+BY2J/hrNwX+fx3era2628eyZTZ1K6bSeLwOI+dmUuLaViZGZAt80QhsgV4Bvgt1kDEiej05zkCQoxhHTia+f0ylbsXsuF7jb6n1QJozNKAgBHoFJKSD7CmDUcPjSF8n9/HO7h+dzttp2VLAJHclu/aXWo0qCVOp6rzM9uzfRaX7EVavjv1A3P1NX1zd6uLS1VFdp2/UgyLFdQ0AntK1bKp080iMA9bRNJGghAoAePbvotI1mTblVtZ07nZD2Z6DQAEfLXZR9tvgA4OH0rWb2v+WetIrYJK7jFWrysIPwgkti+l3u6nctJbSUJntofSpBTwV/iGiQA9EOlutpWCSG8o2sanSxchQD8rAubPquVArMhzkuQULeO4g/Ux8x7H3ZTF9XjGuyk0sCWZCwUetoEBkphx8jgULrHzLmn437spN/DE0ueP9sip5u9gfmOwp/W2Mb/D2wJ4E0rU2Ih2e0qdYEBHc6Euyxk+GTavYRIwyOWIeV9mmDue5aG3Oh0CZ7747obs2Xvz50La8Clbs7u6xHY+stB/kuSXx30s7ug77zrVQTPrDH8de8/uI9/gjH9KtQf/CPQ2+RUbJDjJmhpd35GRintnecbAggn3sM4GH/GLSpxZhBMYMaNm8HV9aEQPuLQ5v6wMuzOMvhB74bUOC0wLp7mhDW17A2+jCEVxf0TMMiHh1IHGEWyvje17p5D4eKC9+G3HuHXxuAQti3eS7WbYUTHJTuWlTwjWqxFNmRwbmPKVPRbz6czF6oG7V7XQF6zp/DG/bU8pTC56i1NNX6kHAwT+yqTIcUHKOdEHZntA+HfxjRNl88DmWbILiJ2I0gnU0TSRCAr0CcJBXNlXiKp4bsxvp2KJp8MPfUnp7CW53CQurvsKSBVaXu2nFxbgqd4UHOoGoLpJtui3G6lrZ3rKhyb30CkBE2jqaKzLdrdM8tmgalEHR2MB+RXUr7w0mJpVsWrKA6E6TLoqXluAeW8zS4hUsjZjuKl5KiduJaYJ7bjG7li4hkP1MW7iU4t8tZdPuCorHBoq8sUVMo4zXXZMDgwdZPzsD586qBeG7y7SFP2LW2Pa7j10e7XT3jTw/ifj/Zuxlos6XDo9j75zNra8vAJxuShZW8ZUfruKpkUspcWfhLllI1VdWEc6maSz80SzGmiYmYyleWsyKpQtYEJq8kB+5nYR7GkZsY2wxC6d9hR8GjoOreCHFrh9SFbxeIsoHZ+FkXJtWsaDM2l5kN8jgeq3/tOpSbZqYZjBd4XMTVzFLS6yBj8JJi7Us1jlb+UOWLNhlXQeX/eG2VXqchUx2AZMDgzOGT8bw8WgzT3urjj5ubcvk8Hxtyygn7pKlsGIpC4IZPm0hPyoe23tdG+MqQ7t6PrRdr9NdwlJWsDS84yz8UXHgOojjftWm62xkmTGW4oXT+MqqBaHP4xYvXci0pT9k1/5q3O7O1t/BdWg6O9z3XnsFwGl12Y9khkbdB2vgvevIDL7jTx3erb/HN+Pj2McWw97W07HGAYi7+38d3jNO0kp2kAbWawahMQS+Q/0KyChZRGbJolDagq8WNOy4mUEzwtN8/1iJd+wiHFd+C4g1DkHwE4fBZSrxHq/D0cUxAHr0FQCAsshy3eIqXsqP3FmhbUWeZ5HpCP7V8X3cGbh/tD73xmKaUDjZxaZVCyibtpAfzSrouGxpXS4FBeoXFPViGQR0tcx2uudSvGtpqO7MtIUsLf4dSzftpqJ4bGi0idjHPXpbre+VBR3mScdlSVYX0hX73hmo64Qy0dq222liOhOxHtR+/XdsqOy3jknweE5buJBpZb8D06Rit/Vbm3VMW8hC2p/2I/UIkAjG2bNnEyUCICIifYqHshXrYG5vBCwkeQgr9wAAIABJREFU2dl//rHeTkK/5/viH3o7CQnoIJsW7qXoh8VqZRWRhPPkk092Ok8C9QAQEZE+xVPOLibzeWerFjIR6RdUR4zh4B5ev6mIe3utF6WIyMVJqDEARESkbzi46REe+fYuJn9+Wu99klFE5LLx8PrTj/DIalhQrLZ/Eem7DI/HowCmiIiI9Ckpay/9Z/CSXcu83/d2EkREpAu++93vdjqPegCIiIiIiIiIJAGNASAiIiIibaiOKCLS/ygAICIiIiJtqI4oItL/KAAgIiIiIm2ojigi0v9oDAARERERERGRJKAeACIiIiLShuqIIiL9jwIAIiIiItKG6ogiIv2PXgEQERERERERSQLqASAiIiIibaiOKCLS/xjn/utmle4iIiLSt/iaezsF/Z89tbdTICIiXbD0+A2dzuPAMC5DUkRERESkT1EdUUSk33HgbertNIiIiIhIolEdUUSk39EggCIiIiIiIiJJQAEAERERERERkSSgAICIiIiIiIhIElAAQERERERERCQJKAAgIiIiIiIikgQUABARERERERFJAgoAiIiIiIiIiCQBBQBEREREREREkoACACIiIiIiIiJJQAEAERERERERkSSgAICIiIiIiIhIElAAQERERERERCQJKAAgIiIiIiIikgQUABARERERERFJAgoAiIiIiIiIiCQBBQBEREREREREkoACACIiIiIiIiJJQAEAERERERERkSTgMM3eToKIiIiIiIiIXGoOPf+LiIiIiIiI9H8OU10ARERERERERPo99QAQERERERERSQIaA0BEREREREQkCagHgIiIiIiIiEgS0BgAIiIiIiIiIklAPQBEREREREREkoDGABARERERERFJAgoAiIiIiIiIiCQBjQEgIiIiIiIikgQ0BoCIiIiIiIhIEnD4FQEQERERERER6fccfr0CICIiIiIiItLvaRBAERERERERkSSgMQBEREREREREkoDDr0EARERERERERPo9DQIoIiIiIiIikgT0CoCIiIiIiIhIEtBXAERERERERESSgMMxeFhvp0FERERERERELsb5zmcxTFNdAERERERERET6spKSkk7nsV2GdIiIiIiIiIhIL1MAQERERERERCQJKAAgIiIiIiIikgQUABARERERERFJAgoAiIiIiIiIiCQBBQBEREREREREkoACACIiIiIiIiJJQAEAERERERERkSSgAICIiIiIiIhIElAAQERERERERCQJKAAgIiIiIiIikgQUABARERERERFJAgoAiIiIiIiIiCQBBQBEREREREREkoDjUqy0traWc+fO4fV6L8XqRURERERERPoch8PB4MGDGTJkSO9sv6dXWFtby/nz58nMzMThuCTxBREREREREZE+x+v1cv78eYBeCQL0+BP6uXPnGDJkiB7+RURERERERCKkpqZis9mora3tHwEAr9eL3W7HNM2eXrWIiIiIiIhIn2a323vtdXkNAigiIiIiIiKSBBQAEBEREREREUkCl+RFfXX/FxEREREREUks6gEgIiIiIiIikgTUA0BEREREREQkCagHgIiIiIiIiEgSUABAREREREREJAnoFQARERERERGRJKAeACIiIiIiIiJJICF7ABx87iv88PUYExyZjCyYzEc/81Em5WZc1Dba56FsxVI2UczSEjdZFz1fbwukc+RCfjSroLcTIyIiIiIiIr3kkgQAekY6rslFjIxIYcOpcsoPvsq67+zi7//2DeZdP7j3kiciIiIiIiLShyRwACCXyR+bhbt103r9fp77zo95fe3/UPCtkrbTRURERERERKSNhHwFwAz8r2matFlVeiHF/3YLe5/exu+2HmHaZ1yBCfVU7foNv/nD21TWNOAFHJkjuf5j93OvexShFwbqqyjb/Cx/+Pu71HljzRPcZgv1Fa+wadMfKD/txZE+jOs/MTfmfJ59v2LtL17naAOkD7ueT8y9F/eo6FcU6qt28Zvf/I69h+rw4iBzbBGf/PSnmRw1Xzz74KFsxRNsHvV5vuL4Az/edhoyb2Tu4w9wfQac2/9r1j37OofqvDiGFXH///lEIJ2mBmcUERERERFJYgncA6ADLje3O7fx4qFKPLjIAk798WmWv1jDyBs/zf1FTtLr3uX1P/+BvZufpiF9Kf9n0mDAQ9mPl7O5Ziy3fPrzFDqhZu+r/Gbzcqq8j/OtW3PD23j3dzz941yKPn0/X3Z6KX9xE9s2Pw2D/y9zr0+Jmu/HPxtM4Sfv58uZDex99TdsXn6Qd7+ylOICa776g5v47o9ep2HkjXz680U4vYfY9oc/8+zyciq/8jjFBdajfXz7ELDrWX6cO5niL3+Mlpp0XBlwbs+PWfqLchh5C/ffXwiHtvHij9aReelzRERERERERBJc3wwAkIkzFyg/RQ2QRSV/f72OzGn/h68WF2A9do9nfFEu6/7jZ+w9dAomDQZPObuOwo1fXshnxgdWNb6Q9IZvsfnvB/HcmhsezM/r5GOP/wcfDcQExhekU/cfP2Pv3w8y9/rx4aR4nXzs8W+F55tUQO53vsuLv9vF7SVusqjkDz97nbq8T7Ok5NbA+sczfnIRv/vOcl7d9Ca3futWcuPdh9B2C7n/K8VMCnUgqOTXm8sh714eDw5KOH48E8b+kif++2hPHnwRERERERHpgxLzFQAz/H9iryqdzKEQek2APG5f8n1uDy4TnM1xJWNHwt76eppNk5TMTJwO2PvicxRmfowJowaTQjpFX1pBUWjZwNIjpzFxWMT2g+s6VUO1aZIVnG/s7dwYOR/DmDhtJC8+v4vy2mlMq9nDmw0w8fabcEamjZHccvtYXt3wZ/5+8hZuz41zH4JT8grJS4/Y7qmDvN0AE26/MWo76YW3c7vzTV409QqAiIiIiIhIMuujPQDOcfrdWL+3UO85xbunT3P6YDl/f/ttDp0GqOMckJVyPZ+4fwJHn32DX/zgDXCk43RN4Pbbb2diYS5Rb+07UmJtoK1hTlp/iyBrZB7wFqdqgJYWGnAyKrft+gY7hwGH8JwDQm8fdLIP7aXjnIcanExrs51MnMPi2xURERERERHpv/poAKCGU6eBvFE4A7949v6M1c++TY01ch7OwbnkTbyRCW9t462IJbOKvsSSonNUlb/Nm39+nb2H3mTzf7/Jb/Lu5Ztfndb+A3aXpTM4HWiJf4l496FrUnCkd3thERERERER6ScS8hWA0Hpo5xWAyr282QDDivKt7u7n3mTDL96mYeIc/vO+IpyhRvBTvPrWNt7CjO5WTyYjr72JT117E5+ihVPbVrPs+RfZduQmPuUKf4Ugepm2v5sANeeoN00in7Fr3j0KDGNopolZn0I6NVSdasYcFt06f67mNDCSXKeJWRv/PsRMX6YTZ8zteDh1FLi25/JFRERERERE+h5bbyegyxrK2fzzbTQ4ruXOiYF+86crOQRMuDHywRl4903erAn/2VL+PN9+bDHPV0auMIXBma078XfBP7dFbYOGQ7z66rswtoix6YBrIjemw1uvvkFN1ILvsu3VQ5B5LWOd8e9Du3ILmZjZdjsNh7axLZ7lRUREREREpF9L4FcATvPmy5t5NyKFDaff5u1DdXjJ5KYFn6co+Nw+bCzXOt7gzZ//gPR77+LazAZq3trGS3vfpSVi+ZSxE7jWsY1tq3/AuTtv4caRmdS9+wbbXn4bR97nuMXVjWRm1vDq937Au5/6CBNT3mXby9v4Z0Men7vvxsDYAC7u/OJN7F39PN/7wbt86iMTrc8AvryNf9ZkctOC2xnZhX1o30hu//xNvBmxnfS6N3jpxbep68ZuiYiIiIiISP+SkK8AWEs3cPTNN4j8gJ0jbSh5Ez/OR+66nUJnxHYyJzJnUT3/u/4lXt/wE7Y50hiadyOf/dpDON/4NqveOERV800MTcnnc489zND1z7P95Q28FXjXPv+mB3nsU4UMDXwFINjF3ox6BaD174G/J8xmUf5f+Mn/buDNRkjLm8i/PngfRUPDry+k5X+Ox76Wx/PPv8Tz69/Ei4PM/Jv41wfvpCg3zdqPuPehvfQFt3Ml/7ve2g5pw5hwz78y8S//jz+hrwCIiIiIiIgkM8Ps4afCI0eOMHjwRXSpFxEREREREenHzp07x5gxY3p0nSUlJZ3O0/fGABARERERERGRLlMAQERERERERCQJKAAgIiIiIiIikgQSchBAEREREREREelZ6gEgIiIiIiIikgQUABARERERERFJAgoAiIiIiIiIiCQBBQBEREREREREkoACACIiIiIiIiJJQAEAERERERERkSSgAICIiIiIiIhIElAAQERERERERCQJOHp6hWlpadTV1fX0akVERERERET6hbS0tF7Zbo8HABobGxkxfHhPr1ZERERERESkXzhx8mSvbFevAIiIiIiIiIgkAQUARERERERERJKAAgAiIiIiIiIiSUABABEREREREZEkoACAiIiIiIiISBJQAEBEREREREQkCSgAICIiIiIiIpIEFAAQERERERERSQIKAIiIiIiIiIgkAQUARERERERERJKAAgAiIiIiIiIiSUABABEREREREZEkoACAiIiIiIiISBJQAEBEREREREQkCSgAICIiIiIiIpIEFAAQERERERERSQKO3k5AzznALx96mu2RP425j+994xayu7CW6m3f55sbjjDmvu/y2C2dLRnc5s2U/OR+rul85Sx7fANHupGuy6eL+yQiIiIiIiJ9Qv8IABx4lgef3t729yMb+OZDVV16kM2+5Rv89JYeTZ2IiIiIiIhIr+sHAYBqtj0fePi/+av89P5rwr9//3GePbKdFc/eEPg9Rut2IHgQbPGP1QMg+JtlDPd/9xvE7BwQbOHvaJ5Ote3JcPNXf8IDgd068OxDrNge+Vtg/mCvgoheBveP3sCzgRW17tEQ1z6F9odWx1ZERERERET6mr4/BkD1Pt44gtXdP+oBNZtbvvFVbgbYvpsD3V191IMywBGeffz7bKtuPecBfhl4WL75q919+K9m2/dbvcYAbH/62a6n/0j44d/682ehNMe3T9tZEXz4txLBL7t7EEVERERERKTXJVwPgJY1t3Vp/pSPfNF6SB09PMY79dfw4Zth+/bjnKyGa7r8UH6AlzccIbKFPPjw/Ma+am4JvSpwnN98fztWHOK7odb6rsvmlm/8hPAbCMFeDN1JfzDNwXUc4bgHyI53n8K9DILTjwcS0dU8EhERkcSSMv+13k6CiIj0goQLACSU6pMcBxgzlesCD9/RYwR4Av89wpFAU/no4T0ztF+wq3+3hdKczXVTxxBKYNz7dDMfDgQysoePBiJ7DIiIiIiIiEhfk7ABgLgj09XbGAMcOX6Saq4hO9Bq/sbU7/LYdfv4TScP0dUnj190WgEYM4YxR46w/flt3NntEf6DrfVjuP+7P+Gn9wf/7miRwAP9ZaRWAxERkb5JvfhERJJb3x8DIPs6bhqDNeL/sweAbG750n2w4XEeDL3DPprohnmrSz1Us29HB0/X2cMZjbXul4Pvvx94lgcfeogHn418If5mSr7xDT59c6t5uyo0nkGwdd7D8XaSd9zaAar37eha23zc+yQiIiIiIiL9ScL2AIhfNrd86maefXo7bH+aB2O0+I+5b2bgM4BZjB4DHDnCs48/xLOdrvsa7rxvDNs3HGH70w9FDM43hvtnWl8ViJp75n2M2b6h814ARzbwzYc2tE4k3/tSB9MDskaNAY5wZMPjPBh7lh7dJxEREREREekf+n4PAIBr7uenPwmM+N8hq3fAmNDfN1Py1Y6Xyr7lG3zvvjFRv7U7yn/2LfzbfWO63wsguHx4Q/z0qzcD1gB91ixf4v6oWeLZ79ab6cI+iYiIiIiISL9gmKZp9uQKjxw5wojhw7u9fPDdtJ57z/wAv3zoaQiMaC8iIiKSrHq+niUiIt1x4uRJxowZ0/mMXVBSUtLpPP3gFYDOXMMDP/lJbydCREREREREpFclQQCgY6ZpUl9fT319PX7TZMCAVGw2e28nKya/309TUxOGYTAwI4OMjAwMw+jtZPUo5UdiUX4kFuVHYlF+JBblh4iISOeSOgBgmia1585hmn6G5ebgcKRgvRFh0rMvRlw8q15gYBjg9Xo5e/Z93q+tZcjgwdhs/WMoB+VHYlF+JBblR2JRfiQW5YeIiEh8kjoA0NDQgGn6yMnJwTRNvF4vPTwkQo8zDAObzUZ2dhbV1R4aGhoYOHBgbyerRyg/EovyI7EoPxKL8iOxKD9ERETik9QBgAsXLpAzLBvTNPH5/Pj9iV1ZsJiYplVpuOKKIVSf8fSbCoPyI7EoPxKL8iOxKD8Si/JDREQkPkkdAPD5/aSkpNDS4sXn8yd8a0GQaVrvCTocDvx9JM3xUH4kFuVHYlF+JBblR2JRfoiIiMQnqV82s9vt+P1WRaGvVBaAUHpN08RuT8wBjrpD+ZFYlB+JRfmRWJQfiUX5ISIiEp+k7gEQHHG3r1UYgD6X3ngoPxKL8iOxKD8Si/IjsSg/RERE4pPUPQBEREREREREkkVS9wCA6O53F8vn83LhXC1nTlRx8G+7eeuNrZx+712avT4cqWmMyBvLDdM/woenz2CI09kj6e5vejI/Lqe+mOZ4XIr8CHbTjWQYRuhfT1B+dE7l1cVTeZVYVF6JiIh0LukDABD8TnD3br6maeJraeZE5UH+WvYn9v/tLU6fqaap/jz4/dhsBg4bmC0NHC3/K5UH9vGPvX/hY8X3c3XBtTgc3cuC4PeN+5+u50dTUxPNzc2kpaWRkpLSZrrf76ehoQHgko2wrPzoZC2mCaYPms7gqHmNFM8fcVz4O4avCd/AcbRccQst2R/Dn+ECW+pFV6yVH+0srfKqh6m8Siwqr0RERDqjAAAQrCt0p9Lg9/l4Z99bbNnwU469c5jaBi9e02BgWiotmDQ3+nDYDew2sNtsmPj4246tnD59ijkP/zvjxn+gy9vsqVaHRNVZfpimSVNTEy0tLZimyVtvvcX+/fuZNm0aLperzfwNDQ1s2bKFlJQUPv7xj4d+NwyD1NRUUlMvrgKX7PkR30q82M7tI7Xqp6Se+T2G91xokqPhPRw1O3B4ttI0+sv4sm7BtKd3e1PKj/apvOp5Kq8Si8orERGRjiV9AMA0L67b4PvVp/jTr/8flYcqaPLZaPIZpDjsGEB6ago+n0GD14fP58cwTFLs4LAZHCn/O5vX/oz5//EthmZldSPdJhfZyJGQOssPv9/P6eoqDh7byZmaKrxeL9Xv+Thb4+Mvf/895cfbDmvhbTE5ccqLYcAfSn8c+j0lJZVhWVeRP/rD5DivvKgRmJM1P+JbiR+jvpKUY+tIOfkS+C5gthl+pAVH9U7wQaNjKL4rJoGh/GhN5VViUXmVWFReiYiIdC7pAwBhXb/7mn4/+/5Sxv6/7sWwp3Ch2aTZBwPT7dgddky/yYBUO4YBzYaNFp+PZq+JaTdJG5DC3958g62v/IFPfm5WF7vWWmnt3xWG2DtX7TnJrn3/y/6qX9PQUg02E7t/BLYhORxrOIbZ8n6MVTmwZ4wFTPadPhD62TBsDKzO5WzdZ5j8gXvJGpqLzdadcTGTNz/i4r1AyslXSDn5J2hqxKS9irKJzfM3HJl/xDewAFKHdnODyo+YS6i8uoRUXiUWlVciIiLtSfIAgBn6F2w56Irmpkb+trOUhhY/Pq+f881+Uu02BqWnMDYvm/2HTuH3+62ZDUhNsYNp4vcDhkmqw8YfX/odt9w+E2d2dhe2bES8M9ifag0d50dzczMHjrzBUc/LGCkehg624UgBg9PA6cBcsSprJnAw5nTTPI2n6c+cOD2RKwZnd7M7ZnLmR7yMljrsp16H854OKtMBLU3Yqt/CGFmDP+WKbm1P+RGbyquepvIqsai8EhERiUeSBwAgOGCQafq7HIE/934Np997lyYfNHj92AyTQQPsjM3L4Y5pBWSkpVK2+zCYYABer4nP9OPzmRiGic+0c+zoUaqOVXaxW62Jtcb+WFloPz9qamo437iftAEnyBnmYOAgG45Ug4t5hdI0wfSepPac1T23e91qkzM/4mXzNmDUHsVsia+10qh9F1rOX8Q7vMqPWFReXQoqrxKLyisREZHOKABwES6cq6WluQkMO+kpBiNzh3LDh8YyqTCXXGcGd912HaNGXMHefVVUnXyfhoYWmr3QhA+vD7w+PzZsHK6o4AMfKupSa04ydhesr69nYEYDo9IMnFkO0tJtGDar6tRdJmD6fVyoarqoQaOSMT/iZZpgNoPZEt/DitligP/itynRVF5dXiqv+iaVVyIi0t8lfQDA6irYvUF40gYOwm9PxWGDq/NdfOpzdzNuVCZmXRV+byPpjgHcMqWQKZPGccZTx4lT73Pac47qmvPUnm/g+KlzlB+pjvmd4c7T3T8HDeooP0zTZFB6OkPSs7jC6cDR9gta3WKQQtXJlIsaOCoZ8yPuddgGYA4YDe+fiG/+lCsx7ekX+YCj/GhN5VXPU3mVWFReiYiIdC7pAwAQvvl29QY+aMhQBgzMJGVALR/9xCe58eaP0FR9mIZGDzbDBoadZhPsqQajRg0i76oR4PfR0lgPvib2v3OaR//rFVxX54fSEZ9gG1L/rDF0lB9XZj3ImDHLemAjfmipx2yoxXe+muZzu7Adfx3/oGyMwSMxUwdh2Bxgi6cVKHnzI67lHQPxZt+IceoANF/oeGbDhu+K6/GnDL2ICrXyIxaVV5eGyqvEovJKRESkY0kfAIi8Z3f1Bp46II1xEyYxNHMAk268AcM+AOxp2FIHYdocYNhCr/e1mCYtXh9+n4mv2STFMPH5/YwcPZrRY8Z0o/LQPysLHeVHsMXL7/fT0NBAbW0tDoeDIUOGcO7cOVpaWjAMg6ysLGpqavD7/WRmZjJw4ECqq6vxer0MHz4cs+k8zcf/gq1qF4a3EdtAJ+NyB2OYHnwnD+E95MGXOhhzeBFmzrUwYLCVlx2nvOcPRgK4mOsjyO8YSMvVd2HUHMde+SfwNcee0bDjzxlPS95M/AOGXFSLmvKjLZVXPU/lVWJReSUiItK5pA8AgB/T9HerWyvADdNv5W/eWhyGD8NmwzZgEPa0Ifib7VEVahMTfD7wNuFvaQK/n5o6L5+e/QBXDHV2s0ttf6w0tJ8fkRXq9957j507dzJ48GAmT57MW2+9hcfjISUlhY9+9KO8/vrr1NfXU1RUxDXXXMObb77J2bNnmf3pj9Oy/3ecK/8TWXnXYXMWYBgGxoBBGPYB2IeMItXvxet5h+b9m2kZNBJz3L+AcyzY2r9ckjE/4mUC5sCRGIXF0NyM7d090Hw+orZuQMoA/M4CvIWfw+u8Fr8ZXLJ7lB+xqbzqaSqvEovKKxERkc4oAMDFDcAzynU1TZOmU33mDJlZI7APGIQ9Y0h4htDgviam3Wvd5G12vKaDjOHXMtE9o1ufcjIvssKRyDrKj2BFyeVy4XK5Qr/ffvvtUfN98pOfjFpm5syZ0FyH72/rsZ38B9lXXw+mH8PfAoYNv+cdjPShmDYHhmFgSx1E6qjroXIXLbt/hvmhz8OwwnYr1cmaH3Gvw7DTMmwC5g1fxjHoJWxVezHOnwa/DzNjKOawQrzXfAzviA/hd6T3UJqVH62pvOp5Kq8Si8orERGRjikAENDdCLzDkYKr8Hr850/jbTgPKWnY051ggultBsMI3N1N/L5maG7EMGyYGblcXXQ9aRkZ3Yz89+/KQqz8CLam+Xw+Lly4QHV1NampqTidTjweDy0tLdjtdoYNG0Z1dTUtLS1kZmaSmppK7fs1OE/8nozK35PimoHZUofv7HGw2TFS0jH9Pmg6b1WuTRP/+1XYhlxJyvBr8R94De8/NmFOWQgDc9pL8aU/KL3ooluovI3Y3j+KcfYdzIE5+ApuB8MBGOBvwfA3YTv1dxxn38E3eBR+ZwH+QblxdGVuN8XdT2sfoPIqsai8Siwqr0RERNqX9AGA8IjB3a8wpAxIx+YYTlNLPam2FuxpmYCJv/lCuDnC9ONvtLolGimDwDmOQUNyL2IU555p6Ug0HeVHsELt9/upr6/n9OnTZGRkMHDgQM6ePUt9fT1paWlcccUV1NTU0NDQAEBGRgaN7+4m5eivcKRnQv1RjIwR2IeOxPA3QlMzYGC2nLc+52SYGKnp0HIBwz4AW2YutmOv4xv5YcyCf4k50FYy5kd8K/Bjf7+SlHdexVH1Jrbzp6yHzLQhmAMywbBhNJ+H+hqMxlqwOfCnXYF/6BhaxtxCy9UfxXSkdTPdXU9uolN5lVhUXiUWlVciIiKdUwAgorJwMS0GfnsqDT4fNq+X1LRU7GlXYLOlWq1o+PG3NGOaYDjSMQeOxD9wONbLtt2tUPvpj60GneWHaZr4GhsYcP4so4YMwt7chKO5kdzcXFpaWnA4HDgcDnJzc/F6vaSnp+Ow2xhi/pX0tCZsQ64GswnDX49ps2H6vOA3wDSsrPBbrZ9gYPqawHBgSxsE/maMipfwu26F1EEx0pWc+RHJZrO1mcd+6m0G/GMTNl8j5FyDb9QkjAvV2N7bi626AgMT07BhDhmNr+AOzAwnRmMttrOVDHj7OeyewzRefx/mwGGhdRqGgd/f8Ye3lR8dU3nVM1ReJRaVVyIiIp1L+gBAzzHw2dKoPV/NFYaNtMyh+G128DVjepsxTD82RwpN3kH4MkZg2NMIf/5H4mWaJn6fj6bjlbz/lzJSRrpIGZrF6do6GhoaSEtLIzU1ldOnT9PQ0EB2djaD7ecY0rAPR3oKZloqBjb8vlrAhoEDE5vVkhb4Z/qt5hjTBAw7YGLYHRin/4HhOYA5YlKvHoNE5DPqqPUeIcWWSbojGwMHBuAd4aI5Zz51LUepaTlIs7+WDPtYcqfOIqt0LY5Dr+K95l/wTL2XU017aPBVM8A2AmfKrQxyjMJmT8ewD8A06jHxUu9TLuC+AAAgAElEQVQ9hdfXwCD71djNgb29232YyqvLQeVVYlJ5JSIiyUwBAHqmRc1i0HjhHJXv7GVE4YcZemU+KQb4vY00vX+KmoN/o7nFR8agPGxwUX3+TDPY8tPfWg3az49Ql1rDwLTZ8TdcwNvYgM/np7m5mZaWFgB8Ph/Nzc14vV68Xi/25uOk2OqxO3zABfx+wxrIzHQAdgzThmlaDzd+DPD5MX0EGtZs4G3EAGy+ZvxnyvEPL2qb6iTMj0heGqk8//9xqmEHGfZcUmyDrZYv00ujz0Ojt5oW8wKm6cNmpDJ0wHYmzighp/BuTuYO4m81T3O2qQLTbMEwHKQYA0l3ZJPmyMbAaqlr9tfS4DvNlRm3ck3mXGxmRvupTvL8iI/Kq4un8iqxqLwSERHpTNIHAMzgiNcXUaE2Teu27TXBbjcw6o5T/soBMkYWMnREHs31dbx/bD8DWqoZOPIazrf4SXX4SLEZ2Gzdb1Xrj+8MdpQf/z979x4fVZnn+/6zqipXrmKCgFrpGLox3tqeFgRnuCT07O6exunuQeg5opHsufSG2Vv3IZ6zRY4CepDe+0WY7ZwZ2fb0PsGgnmmQ3T0jznTPtOE2Awhq0ypGbGJMEAgkhHtudVnnj7XqltQtN6qS+r5fr7yUqlXPetZ6qp71PL/nedbKy8vjypUreLs6IX8MWQu/R5bPixM/EyZMIDc3l6ysLBwOBxMmTKCnp4e8vDxyOjtwuPwYznFgdOOkBwdZmIYT03SAw4HfNMDnwIGBaYDfMO2RNSem9xoGXkyHgdFxNub3JNPKI5zTyMNpZNPpbaXT2xo3TZ/ZRVvXUd5t28DcW/47B794hE5fW9g+e+g2e+juuQA9v+3zeZcjDwc5CX+vmVweidJQfTU0VF+lF9VXIiIiiWV8ACA84j6QBrUJdPoNzvc4ON8DN3d5KJp2C/njO2k510TT6UZcOXlMnDiGmyZNpgcX/9ZyhbNeg1vHOXBPzOGGPBfOfjSsjYEvxR0BYpfHDTfcwNmzZ2m7co1JJaVMCXsc2Y29UikoKAj+f5bXicPhxTHxToybvo3/1N9jdLZi+rsB8JOFw755s990gNPAYWJNq/UbGL4rGA4/DpeBL0q+MrU8AgzDwGnkMDF7OpNz78Pjv0qnr5Uu3/m4Kfv83fT4L0c0pqMzyHXeSJ6rkCxjDBOybsNhZFnjZVHylOnlkejTqq+Gkuqr9KL6SkREJBEFAIKjBf5+N6i9QKvXSUOXk1NdLorHuyjwO3CZeRTcPI3xJfdzubsHHAb5eZPI6mnHde0cRTfewN8d6uCzptPMvHkcC6ZP5KvTxjEuJ7niCNzpeHROF4xdHg6Hg2nTpnH27NngaJnT2fcO1330wHiHC64cwyx6BL7yOMbVjzE6ToPPg4ET8/yvMTsvYDrtlrXdqDb9PjCvQjaYXgdm3oQoU30zszwCnIaPnJ4vuL0nh1LnAq45uzid28nHHW9zqacxZsp+0wTTwO+Pf95uyJlOad58pvnyyScHsxs8xim6nDdbI6G9c5zh5RGL6qvhoPoqvai+EhERSUQBACLvHJysbgw+7nHwhT+bi34HHZgUOw1ck27BvOTDl5VHl+sGOk//NQ5fEz1j55Mz7n7yJt1JftaNODnBb89d4vSFq3zUcpE/uKOQP7h9MjfmZyWRXwbUARgp4pXHuHHj8Pv9XLp0iWvXriW8uzLAVb9JgZmLy3Ma/2d/Q8vYpXS6inE5byPb5WGip55c85o13dbpwI+BicMasfF1grMbI8fA78rCN+nLMRrUmVkehmGQ7WtlbNNfknVhD4b3MvnZhUwo/B6eG/+Id85uipmu3+HHNMHniX/evnLDIkrPHyOrdRcOTxumayI9Ny7ELFpDB7E6OJlZHrGovho+qq/Si+orERGR+DI+ABBaM5j8Z7zAu14nn+IiN9tJh2lywWNyoPUajhvG87XCezA6urh6+i2mdf9Pcsdco6PzIJeufY32/G9hji/n3902iWuXCnn38zYa2i7z+vtdeHx+Ft89lQm58YtlNLcTEpWHw+Fg4sSJjBkzhq6uLnw+X8KGUxb5+C+7ofM8xpWPcLaf52LXl/CRz8Sca0zIOYnBFXA4MEwDw2lYN9fye/A7OiEXTJcDf44b38QZMfI8OiXz+8jytOE6XYfp67DuUN51nqyOnbjdv+Bfu/5rzM957dE6T5cvbh5uyf06ruYXwHsJPw7gMq7Of8Z1y3/CNMbHyPPolG711ffvmsINefGDAJlcHqqvri/VVyIiIollfAAAIm8clIzPDBe/drgoyMviYrfJWdOHL8vgks9g+6lrfHzOz/3mWW67UMvE8QaGzyQ36yxjjX/hatf7XLj6Fl/L+S5fmreQ1V3dfH7uIueuXOPnH3zB5LHZfGN6ATkuR5L5Hn2SKY+srCyyshKPPlom0uFYiPPacbId15ic1cI4Zyt+nGQZkI2BYTgAB9ajzkychg+/w4Mj28RwGpguB9emluHPGhfzxGdsefj8+K94gPDyuEaOYyLeOI1lj+EDk7jbAOQY4zEvd2BGpN8Dfj84Y6/1zdjy6GU466sJuS6+c/tk1Veqr9KG6isREZH4FADo52O1LhtO9vmduPKy6MLgpN/LFcNPlgOMHIMesrnY1oLn8lvclPUx/lv+L8zu0zjP7yDHPE12zjnG59Zx/uo7TBj7l5Tdfi+vXOnEd62H5raL/OzoF9w8Ppd7poy1Hv0Ug7UOcTS2GIbyMWeW7u5u2nu+gun9NpO69jB1zCXGuHqwxkYN68/0BU+nYS31xOEE02FgOky6xt9D5+QFmFYLrs8+Mrk8TJ8Ts3MMmN7Qa85cPL4uejpjT3n22lNq420D4PF24++egOHrCr1oZGH6HZiO6PnK5PIIN9z11c+PnuS2Sfmqr1RfpQnVVyIiIokkHrbJEMm03UzgBA4uZbvIczk54/PTYnq54vBzxWFy1ekny3uFSa3HcF/+R/J9XhyN/4Qj7x68t/0/eCdUQFcB2d0+Jo/pYUxeDn6XC3Jc1qOdPF7eO3GO3fXnuNoTf5RhtBvK0ZDf/vZT3vv1h4yd8cdcm/ZnfH65gC5fNlZjGrCfv2zYfxgmhsPEcFqNal/eNK5M/WN8OVOtWzZnoHjl4XHdiGfi7+LvyMHfkY2/I5eem7/HR1/8HE+XP/Zftx/Tb8bfpstP/dlf4ZnyB2Hp5+C5cQEex7iMXTebLvXVB41tqq9QfZVuVF+JiIjEluEzAEJ3CzZNM+ENmroMB58bBo4sJx7DpA0/VxxWs8xlmDj9Xiae+pyprfuYMv483hnPYnSfxnHsv+Oa+BX8U7+Fb+zXoeXHXPa7+ejaXbzZ2AImmH4Tw+/H4+mh/vRFWq9MYUxW9PiMw+EgNMVxNDUo+lceyWo5c4b333+fk198wbe/9U2yJj3E6cs7KRp3FqcR1nGxZtNaj2UCTCMLj2sqlyb9EV15d2AN0vTNUyaXh2EYdGXfiPOrP8SVeytcPk3PDW46p3+D9z58Ou56WV+WH9NPwjW1v25+i9tmPEU+Y8i6eApz4q34ZiyiyzEW0993RC2TyyNc93Wor7wen+or1VdpQvWViIhIMjI8ABCQ3PTNCz64YBjkGA66TJMLfj/XMHE4wGlC/vlzTPjsXb7i/Q35rvHQdBDj5tn4S/4DXHgfR+NPcebk0t2dTVP27/Payctc7uzB9Hrw93jwe72YPoMv2q5w4Wo3X5qUFz23QzjdND0N7fEZhoOOjmuc/uILdu7cydzfe4COrG8z1vE+Ex1fYHq78PkJPqLJ6QRH1gS68u7k6rh5dOXNACP2+t1MLg/TNOnxgW/CDHLm3cWFq59x/OQvqX//KS5cbYo7FOfNtRrr3u74HafTrR/zevd6St2L+Mrv/IAJeW66uz34fNEb4plcHuEu+VVfXR+qr9KL6isREZF4FAAgdM1PdBH2+k16vH66fT56DIOrPpNO08QBuLq6GPfpx0xvOUTx5PO4vrQEspz4P9+HIysX86a78Be4MU/9nNPdU9jHrRw+fRmzoxPflWuY3d3gMzH8Bk4TjDiNGGtW5+htMCRbHsmaOHEiHo+Hnp4ePF4P773/G7761XvIyZlOQXYLDs8lur0GPT4HPT3d+LqukZdbTO4NX8eRNTYyU1GoPMDr9eLwQOPpf+NI/St0dl9MmG7gcVpeT6KRUz8tbce5crWNvOxJ5N08Fa/XG3NrlYfF5/fTY6q+Gm6qr9KL6isREZH4Mj4AYJqhCHyiBtyNho8Z3h6OXnPQlu2iw+unx29aKzPbLzKp8UPu9Tdw49WzOD76FUz/Xcyihfi72zHbTuDoaedKVzYfdt7Nry77uHTxMr4rnZidXeA1cThcFIzJY95XJjN1fG6cUQwj7E7HQ31GUqs/5ZGsW269lRsLCvi8sZH8MWNobm5mwoQJ5OXfQaf/y1y8dJFLly5Zje7uHLq7shg/3keJeYEpU3NxOp0J8qzyADD9BrlZN+Ay8jD9iRvU1o2vos5SjsrlGEOOayKmP37jXuVhmYg57PXVpPxc1Veqr9KG6isREZHEMj4AEIi8J9N4yzXgaw4f4z2dvO9x0uExcfj9XDIM/D1eTJ+J15GD6TdwNL2P2XICY+pX8JfMhkl34v3sFzS2ZfOv3QWcuObB2+Eny28wMT+fiRNc3Dw+l5lFNzD7tgImjc2OnWMzkOehOQPpJfnySNbEiROZPXsOLWfOcPXqVTw9PZw/f57zbW38tr2dz5uauNDejsfjwe/3k52dxU2Tb2LMmDEUFBYm0aBWeQD4fD5umnQXU268g6tdrfj9sUe9+svpyGZawT3cOP4rMafSBqg8LDnXob762q0T+b3phaqvVF+lCdVXIiIiiSgAAPSn0TDWgLvwcYvpY64TPvebfOGDy7l5XJzyZf7+o5O0efP5vbGncHtbMBrfxTzzW8zCm7nsyOHXl+7iytjJzL61kHynkwnZTibnZTNtQg435mdx49hscrOc1v2dYk6pNUb5DYOGtlHtcDi4++578Hq87N5Tx9UrVyksLOTixYu8//57dHd34/P58fm8+P1+rl2zhngcTgdOpzNhPlQeFq/Xy5jsqdw3YzkdXRc41fprzLjnJLnz5TCc3Dr56/zOV5aRnz0Zjyd+Q13lETLc9dWkMdnkZau+AtVX6UP1lYiISDwKAAzgOc4OYJIBk5zgdkCPaeLNzuHa7N/hs4n5vPebX3PoVCNzJ51jwdiTTPacwTzbwGeuu7g0djrf/WoJN9xwA04HuAwDl8Mgy2mEnqNtJmiG2Hc6Hp2G/rnaADk5OXz9vvu45dZbOHeuleIvfYnLVy7T0tJCQ0MDPp8X0zQxDIPJk2/iq/feS8n0L+NwGAnzofII8Xi83DjuTv7drLUc/e3f8UXr+7icuYwfM5WxeZPJzR6Hafq5cOUkF6804/N5yckay/Rbypk49hYMw6Cz5zJXO85y+VoLXn83X5pyP/fctoT87Jvp6fEkzrHKI4Lqq+Gk+iq9qL4SERFJRAGAoIFdgLMMyDIMcMD4CeO4aebXuat0Bh8eq+cXh97lrbM38QdTz/OlMR3svVxM4W1f4ktTbrQf/SOxDX2DKCsri5tvvoVp027GMAwmTJzIQ0uWcu7cOc6fb8Xn8zN27FimTp3KuHHj7am0mfkc7b6SKw/TNPF6TPKctzLvnv8THN04HC6cRg49PV5M0zqjuXnZNJ89Ql7OBL479y/50pQH6O7qAawRsewcJ15/N36/B9OXi9djJnHzrUyi+iq9qL5KL6qvREREYsn4AED4TYOG4jnOhmEwftw4fnf2LO65s5T3fv0bfvmbY2R3mcz4cgl33v4VgEHtyzDCnxs8ugx1ecTej3XucnNzcbvduN3uqNskc45VHn35/X68XjAMJ9a56Yx4v6vLQ+G4r+Ht9nHT+Jlcungt4v3OTuwRZhemmXgULZzKI3mqrwZH9VV6UX0lIiKSWMYHACDUaBhq48aNY8G83+PrX/sqpmkyZsyYhDdoSsZof27wcJXHcFF5xPts7M91d3cP+LOJPqfy6D/VVwOj+iq9qL4SERGJL6MDANYaysBzeIevETd27NiIfQ6etf42uAZ3lLhe5TH0VB7pReUxGKqvkqPfR3pReYiIiCQnoxd2+nx+XC4HTqcDh2PkXHwNw8DhMHC5HMM67fR6U3mkF5VHelF5pBeVR3pReYiIiCQno2cAOB3WTZNycrLweKwb/vj9ftJ14MAwrEdEZWW5yMnJAgycztFThCqP9KLySC8qj/Si8kgvKg8REZHkZPTVZuzYsVy+fI3x4/MxTROXy4PX60vbqYOGYeB0OsjNzSY/P4crVzrJzclNdbaGjMojvag80ovKI72oPNKLykNERCQ5GR0AyM3Npbunh8uXOxk3Lpe8vJywBkO6NRqsNYIul3VTritXugAneXl5qc3WEFJ5pBeVR3pReaQXlUd6UXmIiIgkJ6MDAIZhMG7sWHp6erhw4Rp+vy/t1w76/X6cDid5efnk5eWNqudzqzzSi8ojvag80ovKI72oPERERJKT0QEAAKfTiror8p4eVB7pReWRXlQe6UXlkV5UHiIiIokp3CwiIiIiIiKSARQAEBEREREREckAoyAA0MKOpfnk5eeTt3QHLUOW7mE2DXma1yPt9PfOpnzy8peyI10PvmUHS/Pzydt0OMbbS8nLzyfG2+nt8CbrtxL1bxPvpOq7meCcj172+R6WYx94WY7o7/hwCf/tRJyYsDLM38Q7/UxW5zrsGt7ruhA4N3n5+Szt1wUjPM2+f0t3tKTsvKf99U9EREa9kR8AaNnPjl32/+/awX5dVCXNtOxYmj6N+1lP0tnRQWdHB3ueA1hE7Wcd9mtPcn+q8zcsDrMpXYNth/fxTOD/n93X786jpMjhptD3KbwMZZB20dQc+P8W9gcv7v01hSXb7Xrts1d4EOC5PcG6b/uSKUOS23STVtcaERFJWyM+ANCyfwdvAs8/9xywix1DFgGYxZMdHXRuX8LobCrIQE1Zsp3Ojg6enJV425YdSyl+bKCN2FQYbd/7w2zKX5C2HbR39j0LLOL55xYBz7JfjfeRISzY3NJ0GFjEg4tSmqNR45l9gR9BM0274MFFw3Ni+1OPjwQj71ojIiKpMsIDAIERgueY++Q8ngfe3LG/10hf+PTMvlM0rel4ob9Q9Lz39NnIKYWbNm2KmJYYnE64w57KPNhp1C1h6fSZphjjmOzPhE+V7DPNMWIKeLpOQ+w1fTPmdNvUHHufdHuVVbDcD28KNsieWTBSprdHfu+jfq/zN/FO+LmM+J4PoOwidr8pcj9hb0X8Vnv/tqKWbQs7ltqd/12PURx8PYl8XBeH2f8ssGgJjzyyhAcJ7/yE5XPpJjZFnSKd6P3wpCLrKxjsVOR45dx7+nV4efQqu95LP+LWe+nhweee48FgsNm+Bi2aRbAfqXM9QM/x/HOEZsLYMytmzQqc2Vb7WMN+r4NYOhRRjwfLbEdY3bCUHYd3xKyP4l1PwpcuxFq+sOPxGO/HLZcY34URea0REZFUGdkBgMD0/+fmcT+zmPscfZYBvLNpAc/wHHuCUwGfZUHYRXPBs/D8ng46Oz6jdhE8syB6Z6Blx+NU7AptW3T42ahZeqapiO0dHTS+sgh2PcarA7kOt+xg6W2P8aY9ZbHxlUU8s6BXp2bRKzT2PqYpc1myCN587FX7GAKN01d4ZJZ1vHkLnuXBVz6zp4DvouK2VHV+Ymlhx9LbqNgVVmbPLrAbSOl47C3sePwx3gzkac9zsOsxHt/RArOetL4H2N+bETzUFPG95lkWbCqiMex7/niwfGKVXYLfYsCuWVRFef+dTfkseDawXGEPz+96jOKw33H0sp3Cku17eB5g0Ss0dmxnyZQk83E92B2cB5fMZYr9/Y26DGDXYYr+KlBHRfneJnofYNYj1C4KD5CGgg9z+z3VI1E5h73XsYfn2UXF4ztoYQpzl0TWi9YMrkXUPjIrQb2XRoqKmAW82dRMcJR6yTyKAu/rXA9YUdEi4DDNLYGZFc8xd17g3UKWPPkc4TNlgjMA5w1N3frmDngkUI+zi4oFTVZ9tMfa74KEdQ7QsoPHH9sV9h68+djjvc7tLlgS5f2E1/4Y34VRdK0REZHhN6IDAL0v/vfPi7UM4FkW5OezqXkJ2zv6XhytiHmzvWYw2jrosJkGswCm2A2RvgJ5mVJk/fdwU/9bVL2Pa8rcJWEjTvbaxu1FvJqfT95tj/Fm8JN2oy/QQLIDJA8umcsUQtONl9itUOt8pdm044igDqGO/Y79tKTzsQdGmN1Pjso1pg8WuYHQ9zpwXgP/BhKUXUD832Los1Yny1pr3bsDZQf77M7ywMo2QT6ug8h89/r+hgsed4xtEr1P2HuBAGl48KG/GU9Qzvc/2UFnxyM0L80nr9fyC6suC8x0CATprPzHr/fSydzQ9y8wSm3/Piw61wPlDubjsJ3folBgBWCWNdMv4piC1+UhMKvIKiN3kX3fAPu8B/5tS6bOefOx28hbuoOiJzvotIOPIaHPWkEP694HccslqfpVREQksREcAIhy8bcv0uEXxPsfeSV44X5mQa/pdvZIDQDPLogzbd8a5enTGBlmgfwGOrrWiFNgCuACDr/yWegGR7YpS54MNpACIz5LIoaddlFxm53uAmsWw0CCFMMuUB75t1GxC9jVRFNaHnt4MCiU/mibgTmrqB9dl6hll+C3mIxdj1FsT321is8aKbTfTLpsB52PIdF3VDgQTIlcBhApUWAx3vvhnYneHZgBiVHO1nT326iYtccelQ7PxBKqAp3nXkG6gOj1XnoJjFRXb3qWaB1QnesBsgN/b+7YFDW/EcG/3h3iIfBgRCAnkRh1TuC8Q1id1b/ZZnHLJcZ3QUREJFkjNwAQvPu/NZIXfrGMWAYwxR7hC05fDp+OF+VOwcHpzOHcWEH663uhtZYbhP09OStsFGBPjFHmQANpE4+HjfiEhN/1PY3viBx2x+bgHerT9dj73Fk/9lKSjBCt7CDBbzEJgWUWwb/wUbV+lO1g8zEUAneODwtqBDoR8Z4GYE2Ljh2Qift+cMTwcaoHPCU9TNRyDgQ2XqExxqyKwGhp9ePRgnQx6r00E+jgvxkrMKxzPUCBpXy7eJPo3+PIYxq66f/9F7vOsWZmBJZlAP1cZhS3XGLVryIiIkkasQGAwFS5wDq7zogGfegGTeE3DZqyZLvdQZuFe0qvmwBNWcJ2u/fWt9HRe2ptCzs2Rb8HwFCInLoZ4znR9mOo3nk1fBq8JbAU4s1d8PyTobu5914ikZbPI+69FjraTZ7S6tgjb5p3/5PWvSQCnYKIKfKjXdyyi/9bjK/3/T16nfO4ZWsH74IGk4+hY40K923oW3npNYU/uI47xpTnRO8HBaamW52rAU1Jh+R+o3awtGXHpr5PYLCncb+5axc892QwiJNUvZcuAktUiHUeda4Hqij4g43xPQ4/pqGc/t8PceuciJtAzuJJe3AhmdkFccslwXcho641IiIyKK5UZ2BgAg3dviMawZGZHftpWbKEJds/g6W3sSA/0GFfRO1ndsR8yXYaWUrxgvxgw+nBVz6L+ligKUv+itodu6hYkM8zLKL2ledg1yCDALseozj/sYiXHnzlM7YvWYKV7QXkPds7X0v4q1d28OZj9mcXPcfzi57lmcNNtDDLamQG1kn2bhzNepLOPZC34Dby7N0+v6f32sTrxZo+WRH+0qJXaNwepcyCI1yzru+xPxs6/wHP7+ngkYhXZvFkxx7IXxBWls+xp2NJZH4W5Fs3Lxw1j9eLZkqcsiP+bzGB+5/sYA/5LAh+Z55jT+Bcxi1buyNmf2ee39PBk4PIx9CwR26jdF4Co5vP7DscqocWvULRvnzyFsTIa6L3wwTrxySnpD8TVjdanmNPx5Nxy/nJPc/xzIJn7fee4/nndvHMs1Yn1dpjYKZOr9HbKfHqvXQTOIbAeYy95ELnun+C5y3m1P7QMQ3l9P9+iVfnTOn7Hs/toTOZC23ccolfv2bWtUZERAbDME3THMoEGxsbmTpl4Jcdz0vlAGStrBuqLA0P+y7Az+8ZPc8RFpF0cphN+QviNOYTvR9F4C7j6iAMP53rYWM9FQRdfwdoxLSzRERGuTMtLRQXFw9pmlVVVQm3GbFLAK63wDPIAzcLs9baLqJf9wwSEUmh4NKpgU5Jl6TpXA+X2DNoREREJDEFAJJ0/5PWzXzefOw28vLzKX5sVwqnz4uI9Id174Pix3bBolf4K1Vcw0jnetgc3hR83OHze3TzOxERkYHQEgARERGRDKF2lohIetASABEREREREREZNgoAiIiIiIiIiGQABQBEREREREREMoACACIiIiIiIiIZQAEAERERERERkQygAICIiIiIiIhIBlAAQERERERERCQDKAAgIiIiIiIikgEUABARERERERHJAAoAiIiIiIiIiGQABQBEREREREREMoACACIiIiIiIiIZwJXqDMTieak81VkQERERERERGTU0A0BEREREREQkA6TdDICslXWpzoKIiIiIiIjIqKMZACIiIiIiIiIZQAEAERERERERkQygAICIiIiIiIhIBlAAQERERERERCQDKAAgIiIiIiIikgEUABARERERERHJAAoAiIiIiIiIiGQABQBEREREREREMoACACIiIiIiIiIZQAEAERERERERkQygAICIiIiIiIhIBlAAQERERERERCQDKAAgIiIiIiIikgEUABARERERERHJAAoAiIiIiIiIiGQABQBEREREREREMoACACIiIiIiIiIZQAEAERERERERkQygAICIiIiIiIhIBlAAQERERERERCQDKAAgIiIiIiIikgEUABARERERERHJAAoAiIiIiIiIiGQABQBEREREREREMoACACIiIiIiIiIZQAEAERERERERkQzgSnUGBu84r94IV90AACAASURBVP5wM/tivFv88AZWzy8Ynj2/9kOq98G8VS/zyIxh2cUgxD4vvfPb/+M4zqs/fJeZLy8j9uaB/c+j6uVlzGjby8Y1r9NY/DAvPDWfgZdIG3t/9BP406eYXwBte3/E0683Dms5D9s+Auck8O9+npvrcewQ7fsRWQYyGL1+J6nOTtLsfA/69ywiI1fsdsZwX5cC17/AdWn422MjrK7u3b4INwLr7ba9P+Jv+dNh/U6JZBLNAMhA+zb/kI1724L/nrHsZX78cn86/7EDLiEzeOTll/nxkF4o29j7ozW8FnZFK5j/FD9++eUReFE4zqu9L86Nr/P0j/bSFusjKRL5/ehbBiIiIuEaX18T0c4Ybv1rx2S4xtd5+rXjqc5F0gLBHhEZOqNgBkBAvKhsoNNSzLKHb+W1163uqxWhJqxDE5ZG2Ij1sltf5zW7x5swqn38Nf58c6h7HNo+WvS472uRFV0xyzZEjrIGotyJjznGNnb+Gl//CXvvtNLuEznvdQyhaHF4538f1T/cx7xVL/OtFnsket482LePRopZtuH7nFwTPVp+7LUfRj2ffSP44aOMd3IsWE6NvLbmhxx4eAN/xk/6joL3jnzPW8WPlwVyEDrnyx4+yWuBcx2xTSzHePWHr9vHHyibsO9WsKyivdbL8XetdIL7tfPVeJBjbfOZXxDl+2KXS9/vYLR8BYo73jmdT0ES3/NQGhu49Wd9y2DkBV9GnuTrhbDfXsQoT6/AXfj3Pcm6Lrzumbdq1TAdqYiMPDHaGV+cByKvI323T/KaHH5dL36YqjmROYi81g0gzXmreOGWn0XMKhiQXu2PyHq0bwA9+H6063ugLda7nRA8jUm0W/qM9ttp7HuX48tmRLZ3o+a51/Vn3sMsO/k6rzWGyjBhO2MA5yWQVvi+G19fw58ftNOM2U4VkWRk2AyAxmDnH6Dx9Z+wMaLS2Ud176hoY6hBbP1zDa/GCpz2rpDs7f/8tePADGbOs/ZxJPD5YCfwviidfzu/a14juHnEBdTOb39HjGcso2qelfbJ81Heb9vLxl7HkGy0uHHfPvviPIc7Y9XC/TmfAxFt2tu+zfx5n/O0L9QosLdJlI/G118Pm/kQKJsC7pxTDDRy4Ji9h7ZjHGgk/nm48RaKI/YbmDHR/2n10fPVT33K5Sdcx8EbiSNRvdC290dh9UIjr/3kZ5yMSCHKrJ19m/uOzsX5DkTuA/ZtTmYWkIhIsm2XeNfkXjPmGl+nOqkR4X6kuW8zf3swmaOJI0r7I7yNc/y1vrPngvXsjPuYBzQePBY8L8fftU7avPuidP7tPA96lkWCPHP8tcjrz77X+z8DcADnZd/mH8VugwyinSoilrSbAeB5qbxf22et3GL/nzUiHanvSFkg6mhdkBpp5GFeeDksmniyhTZmhEURQ2kEGuL73j3OIzN6R13b2Pszu7LuHQXd9zP2fvMp5t9njZCfbGmDGQW9Kvc2jh1shCgjvv9r7zdZPf88R/YREeW08vM6vzg+v1/R6htvsTqsgXxEFSOy/MjLq6D3rIWW4MmNGHGMLtnz2VsB85/aAL1G1tv2Rm51/JfWRSYUXQ5Elvuep95rB+Oej4jjC6S5jyPHl/HInXMopjE42tF27KCVhzl3xo5GF9zJA8XQ2GgtybC/CQNbWxgjXwlPaWQivWY02AGiiAOIXgb9/c1KSKj+iiVxvfALu3EWMWIS3piyA419fhOv/5Lj88O/b7G+A8f77KN3sFPfAZHME7/9Feq4Jtt2iXVNbtv7M+sa2edalziPyadptdcGM9E8cO3v0wb82V6+9dR8a5nCstD2gXaoVc9ag0T79oVmAR6xRoiYOYN+1OO9NL7O0z98vc/LxQ9/02q/Jcjz+XfDZ8wWxL+3wADPi52j6DMm5z/FC/S631Gg4RejnarrUWbKWlmX6iyMKGkXABhexTxgD8kGOsHBTpo9ItunUpv3/WCFVDD/+8x7fTP77CBBhOCo78N8K/jWDL71cDH7Xrcr+Bn3MY997Dt4jLb5d9JyEoKVO+c52QjRLqSNX5yHthZrVC9KZZ6w49ofgY7pvs38ebLLHmxxO7wB4ecz0HGOdj4HJHTB/KNgfguY//15vLY5EHgJZsQ+7zDDDswkznoguGGP+jcGgiiBc2ZNqeOLRsK/a9EVMP+pl5kSMTKyj+ofnoy9bKDf+epHIsHZCqE0JB0kWS+E1TvBesrers2qaKzZSBFVx0kifhKxvgNR9hGsy4buQEVkFAl29hK2XYKfiHlNPv+FHYCMcq1LkIt+pBlqrw1UIM1QUN/W+AXh8fRYa9oDeTxwrI35UwIdfrujnqgeT/pyH9nRjp/nNrudGtaeCRu8SFai8xI47tfW/JDXgISDIYNop4qIJW0DAMlHcgIjzcN0Z9Y+MwJiKJjCrUQJIEQIi/AexwoY2NP/E+chtvB1dskIVMa3Ton2GatjOj9sulnEuquk9xJDsucTQg2HpN3IrVGjOEMjdqc60BjZx5Hj92FdteNM/w8TGhEInG9rKcH8+X23DTQAks9XFP0+p4kp6tp3xKH/9dcAJKgXErMDkzcOKhFA3wGRkWzw9dfA2l9W2yUTWJ10fhlaK//jl6MsjQgbJNp76z4SDyRAsB6PtVnv+/0E2xiJ0rXzPBBJtzPs4MWMZfz45WVhgZHQPaaiz25N0E7V9SijaMbHwKRtACBtBG/KRmjK2K1TKAAiL12Bzmf4tLbA1NlibrUb2cFI52Y7+nzfjF6fj3UhPW4FGAZ7o5O2vfyv8GllMVlr0h8JTrULnYdBCT+f9rSw3uczOEUv8H7SCphyK9AYmB5tT5Ozl2ZYAY+BNzgaDx6jbb41/dCalh0KogRmM+zbvBlIPBui7yP8Yo0+BKL7oX32J1/BVAZ8TiW1kqwXwuqdYD1lK7B+FLFHSBI18gLBzTj7EBGJKlB/xGy7JA6CBmZsBqaMFxBaljRQw5lm9I7rcV6NaHsFRtfDBQaJ7HX2YQMJCevxRArms3rVF31uAh0/z3DcqvxDQYPjv4y59CJWOyPRPkJZfIofzye4xCzx8tBhaqeKZIBRFACIvgbNWiM0mCGuxrBpSXaS90WrkEJTzftMcwqb9h45dTa8Ex4aRe59HFalGbowRE6ji3OneSDWeQlMK+sjyo0MrQ/0HtG20i1+eAN/FmvXUcU+n4GLRN8pbjHSmLeKF26JfGfGNx+meN/rfdOIWJoxQH2mMIaVX8S0uMRR++Dyhz7HGvqs1fHre776k6/kz2l/hcog8dMTJLFov1Or05+oXggEjoL1TnFx5HKmQJ0T5TeRXDAxyj5ERJIy0LZLSHBZU4z17AMRLc3i4mTmtseuq2cEBwJ6twFXha39j9FWtQXbMPQaSBh0PY59E+h9VO9r5LWf7OXOp+aHDV5Ey/OM4KBVvDZEonZG/H3cGPN+Dr3b2lb686haBdVJtVNFJJYMewrAABQ/zLJ54f/cEDuCOWMZP141L+Kl4oc39OogBZ4GQJ/p/wXzn+KFh4v7fD6wvxnLXrbv4B8yb1X/7xo/b9XLsSPIUY4B5lH1VOQ6uQGLcz4L5v8py8KSnrdqFZE5sYIscRXMZ/WGh4nI4bxV/HgIli8UP/xwWH6KWbYhfEQ28DQAkrsIRctnRIOogPl/Gv7+PKr6lEvifCU+p/2VRBnIkEpULxTMfyqsXphH1VPf59aIrWfwyMu9yz38N51cHqoifrcPD/J7JCKZYvBtlxk8siHyerhsMO2QKGkWP7yBP5sT9wOJRbuuFz/MC8tmWPtbNS/ydXvbfe+GzYKwBxP6DiQMvh4HmLHMTqPxdf52b1uCPAMzlkVcf4ofXhXRprAOO0E7I+4+rJsL904z8hr3/cj0ErZTRSQRwzRNcygTbGxsZOqUKQP+fGAtR8rXlIY9G3uony3a95mpMhr0ndYvmWLga2gHK3Q37D53adZzkUUkCamrv1IoONsx3vPspa/ANWeY7rsl0k9p028coDMtLdbsoyFUVVWVcJtRtARgpOj1aBcZJQLr75O5aY/IUAnc96Lv3aGTeiqHiEgmCj75qfeUfLXNRGT0UwDgOgp/9Mu8VYqcjhph900ofvhPdQMa4djHHw9JOnfecUfCbWYs28Cyk73WUM5bpVkoIjIgV65eTXUWhl/u1/mPKxqp2nIw7EU3i9d8l2lXr3IlZRlLdx10+QA8dOg8SRrITXUGRigtARARGaTeU2g/XfDXSXXe4zn28ceDTkNEJJHe9VdXxT+kKCciIv2TW/uHwMjtN2oJgIjIKNPx7h8M6HP59/3jEOdERERERERPARARERERERHJCAoAiIiIiIiIiGQABQBEREREREREMoACACIi6aq1jnUVFayra+31Wg31CT+XYJsBZ2k9j9YMR8rx06+v6XUeEqqnpqKCR4N/ic5HK2+vr2DwhxaeTj01Fet5uz/ZFhERERlGugmgiEiaa9i6i/rySkqT/UBbEw3DlJfC8rVsG6a0Y2vldDNQlPwn6ms2Ule2mm2Vpfa/K3hhfRGb15ZTODyZtBWycG2t9b+tZ2gC3MO6PxEREZHkKQAgIpLWSli+HF6oqQ92ZsO11q1n1Varu1+yvJp15W3UbNwNwAs1s3t9ppW311exNRAdKFlud4jrqanYSOAhOuWra6kstTvNu+0X7c50a916VjUtZVtlaej9kjLK2Q1La6ksraemYjuUQd3uBiv/1WtZWIg1M6Fqqx2cKOPpWjuoUV/Doxt3AyWUl/U9A611L1l5bniJt+9ey8LC8PyGpRN2nKeboWRuQfCV0spaO3BhnYP9c6tZV15o7Xt7EZvX3m1teCiQl8B5iL39B+uraHaXUbe77/bNS6txb7eOteGlOu5ZO5VdUc6xiIiIyPWkJQAiIunu7kUsb97edyp5fQ2rtrp5uraWbbWrKdpaRU19KZWry4Aynu7dw2xtY9rKWrbZ25c37OeDVmit226NltfWsm11GXXb62htreOnu8uCaZfv7rX/+hpeCLy/soimiCkHDTQVrWRbbS1PlzWwdVc9UE9N1X7mVlv737y8mRdq7Nc37qZ8dS3balfibu47d6GwfCXLS6Bk+UoWFrby9vqNNC2vDqWzvo7IU1PIwpXLYWuVNf2/z/ux1TUXsTlwHjYmXkZRx2w7HyXWeeuVhxJKWL6yHKKd4yTzJCIiIjJUNANARgzD4cBhGPhN8PpN/IBpWlEsp8uJy2HgcjnxeH30eHx0ebx0e3x09Xjp7PbgnjyBsc5LeNoPY7jGYrjGYDjzwZmLw5kPjhwMRw44ssHfDYYT09eD3zTAkYffNDH9fkzTTPWpkIxTyMKVc1m3q56Fi0Kvtp5phrKl9uh3KbPL4KdnWmFqrGRKKY2YBVDCcqDw7rmUbN3Io7utkeltawFamVuylRcqdluj/7VrrX3aSdUfsl4vBSi8m7kl0By2q6Kp1kT7gqISaMKeDt9AXVUFW4NbHaJ+NtRRxtNWQtwz194+pjaaG0qYu9JK38p7E20QObW/sJx1teVWXmsqWFWx1Z7FUNAnxXAlc++20imdTTnbOZ2gl15SZKVXODX+RP/o51hERETk+lIAQNKTYdDt8WMaBtkuJ3k52bRdvsaJ0xfw+f109dgd/B4vXYE/j/XfWJbOu4P87DNcO1GdVBYcOYU4827BmXcLjjw3zjG34cq/FUd2Aaa3A9PXjR8HJjn4TUOBARleheX8gApqPlw+8DTsqfblq2vZFpiqb6e9rrbcfr/C6pDXVrJwbS0L7eUBgY7rovh7SCDKdP36mkGlmIzSylq2LapjXdUh6isHdwQDFuMcaxWAjCwneKNqCwfnrKD6oelhr7dz4MUNnP5ONREvJ5PiG1VsORjljT77uN6sYzoycw1PPDAphfmI1H7gRTbshMVrnmDQ2Wo/wIsbjjBzzRM8QNj/x0u3Pd526XnORCSSAgCScoY9qt/Z48PpdDIuP4e2yx2cvXCVMxeu0tJ+ldZLHdc9X/7uVvzdrXgu/rrPe87caTjs4ADOceTe9A0cOZPxe67iN3Lx+R0KCAj59/3jkKZXWrmaQxUbacBaKF841Q1bD1FfWUop9RzaDUWrE9zirmQ5i0qB+kPUAcux7iPwN6xkXXkl26qLWFfVZK3Xfwn+Ym05lbXVuNdXRYzwl84ug432vls/ZH9Dgnv0FU6liK38tG4R68oLrXsJ7J/L5rWzKWcjh+orKS1t5YP9DQnumleAu6SB/R+2srC8kNYP99NQMpfIcX0raNG03F63Hzz2IgooBDc0NFlzBuoP7bbPgqVh/4e0lpdTWH+IOtw8XRh/+2RFPcciI9XBtzhQPgQd0IDenf32A7y4YQtv3Nv/gMLo1s4nR2DOHDjySTsPqJMtIgOgAIBcdw6HA8PpxOv1k52dxbWuHk6fv8KZ9iu0tF+l5cI1/GneefZ1ncbXdRrPhcMAdJ18BZz5ZE34KlkTvkbWpFk4cqfh77mM6cjFZ7ow/f4U51qup2MffzwMqZayaHkJdYE59KWVbF6+nlUVFYB9E8BSoLWIErb2vQlg6WzKGzba0+GXs7xkN81tsLB8JXPXV/GonW756lpKC+Ev5q63tgVr+nwptJ4J7fvpsgpriUBJGeUlifNeWb2cdVWB/ZTxdK11R/7K1WX2qHgJ5WXREipkmhsatto3AVy7muaKvunE3ldgu0oKgcLZZbDRntVQFnnXwRJ3E39TUUFD4DwAxNk+rsKpFNHA1pfq2Lw2yjlOPiWRtOJ2w85tB7j9iQcYli7opAf4zpydbDl6goemKwIQdKKOncxkzb2n2bCljhMPPMSgzs6kB3ii+gHr/9uHIoMiMhIY5hAPUzY2NjJ1ypQBf97zkrVmM2tlXYItZSRxOByYDidZTieNLRc4e+Eap+wOf4/Xd13ysHTeHUzN/pzLH/zn67I/HLlWQGDi18i6YRbOfDfezrP4jTH4yb4+eZDrIlBvBWRc/dVax7qq/cwN3O1fREaM3vVXV8U/xNnaWgLAihWwZQunFgemevddAmBNVbfnDbkXsyZGsODEG1Vsoe90/96vx02v/QAvbthpz1JyR0yPj1hiEDbT4MQbVbzFHDh4kOZAeuHpuOcwh4OcCkxnP/EGVcGE3HGm4FvnYmdwytQcVlRbHfWE+4ybrv35aWt44oF2uxzs833iDax/BgICvabiR+Qd3IFyi7cEICJfYecu8JnFN7Nz58HI9KIsAYh1/kWGQm7tHwIjt911pqWF4uLiIU2zqqoq4TaaASDDxjAM/Bg4nC4ud3Tzm8bTfNzUet06/Cnn78Jz4R08F96Bxv8BRhauib9D7pRvk3Pj7+HtOIPpugG/Xw/jkBGoPvS4PLBmH6jzL5IppvPQijlUxRqFPvEGG3bezIrqJ5hudwo3vDE5+c5f+wHeOghzVkyPkp7VqQyld4I3Nuzk5hXVPBHoDG94g8nVDzHpwItsObWYNdUPMMkOXrw4LdQ5bT4IK6qrQ53mbTth8Rqqg51mcM/E2seWUyxeU211jk+8QVWMGRDtB7ax8+YVVD8xnUCH+K0D5TH2GTvvfc/UCY4edDNzzSRgEuWL3WwIzJCYfi9z2MLREw8xfTrQ/glHmt3MfHRS9LwnnD1gnYtgvtoP8OIGe9mHdRTsPDKTNdXVdgBjA29M7rtcoz3i/Fvn4sUDuj+ASKopACBDrstnkuV04fX5+bDxLPUn27jc0Z3qbKWe6cF74R2uXngHcJA9+Rvk3PRNcsaV4uu+jM85UcsERomhmv5/5x13DEk6w6K0km21lanOhYikyvSHWDGnii1v3Ev1Q5EduhNHD8KcFXYHcxIPfGcOO7cc5cRD06N3Og9uoarXjQDdi9cEO5Qnjh7EvXhN8LPTyxfj3mCnd+IoB5nDiuCbD1FdDdDOgSPNuGc+anfSp1ud5iOf0P6APe19zr2h/ER0moHp5Sx2H+RIMEfN7Kw7wQMPTbf28UT00zLpgScI3Wq4ndPNwMywDcL3eeIoB92LWRM6MBa7N4Q68uFOHOXgnO9QbWdv0u0zce8MnNPp3DuH0JKJ9tM0z/kOT0yyjvuhsMy2nzsF3Bw986Gj4IEnwm6Y3H6aPofxHTv4EbFcI/x70M4nR5qZ850n7PNvfw/ess6/QgAiqaMAgAwJ0+HA6wOXy8mJk+eob27lXApu3Ddy+Ok598/0nPtnDNc4sgsXkjv1OzhypuLzevGRo5sIjnCD7bwPzz0ERESGjtUR38Ib965hWvDVds6dAvfMfnTx5vSe6n8z3wmOElvpNR/cQNXO8A+5OdcOk6ydRelQWp3vm7+TZD7aT9PMzYQ2n8TkYD95Og9Vr4CqsEBFrOnsvZYKuOPc1LTdOjA2RB4Y7nPt0KszfeCtg9B8sE+gJDC7IDwowtGDzLn3odBnw5YkuONlKOIwwqbuu9297s3qZlpY9iZNc8PpPkfH6WY4uKWKyCzPoR0UABBJIQUAZMAcTid+HGS7nHxyso2Pms5xsvVyqrM14pjeK3Sf+TndZ36OI+cmsid/g6yJ9+HIK8JHPn7NChixftE8sOUd33KrzEVkBJj0AI8uPsKGt+qYE3qRyTdD8+mBdfMmPfAEK05XseXFafY6fys9d6xHy1k7i9KpnMQ0Nxzp05mOteNpuDlCaHMr8BCKbEznoepqHoI4TymwOup91sTH2qV1YDHvjxBK9hOONM8JW+Nvv3zgxeCMhkmTbmemeydHT9wLB+cQ7P+fqGNn+GftpQ1xtR/grYNh9yOw1/3H3Px0c5RXrfM/ZwCPhhSR4aXFx9JvDqcTZ1Y2p85f45/fa+Avf3aIf3r3hDr/Q8DffZauk69x5cP/nY4T/w2H5yTZrh4cTiPVWRMREelj0gOPspiDHAzrA06/dw4cPMoJIDh6HT71PYHpD61gTvNOth1oD6bXvLPOTs/q+FZVvWH9e/q9zOEgR0Nv8mLVixxon8TtM900H/nEvsH9Cep2NuOeeXv0zvak25nptqb5W+l8wpHm3mkGtp3Mzb1GwcNZwQ/szne8A72XOc07qYvIexVvnIjcrP2TIzRHOX+Tbp+Ju/kIn7QDWMd7cMsWTi0u77XtKc61Q7AsktJM6DB20tzrvdB5su/XcG+f3Fn5eetA8AEDJ96oourFA3rggEiKaQaAJM3hcOA3HLRc7OBf3v+Mi9e6Up2lUc3TfghP+yFc4+8ir6iSnDFfxut34vMrGCAiIukisMY/rGM5/SHWLH6RDYG7UbsXs6Zfw8D2ev2dgZvL9UoPN4vXBEbDp/PQmsW8uKGKwLtzVtg3vLNnEwSn2M9ZYd3gL9ZxPLGC08Fp/nOYMwdOgfW4vBWnqdpQRWCyvnvxGh7qk1TgXNhpzFnBijkH2RJzNkTfvIff+8BiBS6CN0SM2J016h+4N8Gk22fiBmbeHrYv+74COzdUsRM3i1csxr3FnukQ40wE1/Xb0/fnrFjBnINbCB2Gm8XTjlJlTyXom+dAMr3OP3NYUa31/yKppscASmKGgR8n5690Une0kbbLI3Nt/3V/DOAQc+S5yS+qJGvS/Xi9Pnx+Z6qzJLbej9H6dMFfc+cddwxqCcCxjz9O75sAisio0L/HAIqIpA89BrCvZB4DqCUAEpOJQY/p4PzVHn5+8BO27zs2Yjv/o4G/s5mrn6zn4pFl+M7/itzcbFxGT6qzJddDax3rKiqoqY+3yXoejbdBhHpqKtbzduvA0+vf/uy91lSwrq41qf2LiIiIyNDTEgDpwzAMun0GnT0e9n7YpLX9acb0XKCj4UU6PnuJnJsXk3/ro3h8BrpX4OjV+uF+KCuj6VA9lJYOQYqlVNaujbtFYflatsV5v62poZ/7bLUeh1WU3P5FREREZOgpACBBhmHgw0G3x8fuDxppbLmY6ixJPKaH7i/+jp5z/8LYr6wme0wJHn+uHh846rTywX6Yu3IRvPQSb7euZWGh/VZ9DY9u3A2UUF4W2L6emortuJe72brVem959VKaqzZSB5Qsr2ZdeZu1TfVa7vlwPaua3JTv3k0dQNlqtlWW0lq3nlVNS9lWCTUV1mcBylfXUkkNL+wG2EjN7Grc26todpdRt7uZ5dVrWdgWyFfoM4vOvMTWBqDhJd6+eynNVdb+Fxa28vb6Kus9SqzP269Zae4O7XcoYh8iIiIiGUxLAAQAw+nCZzh5+2gj/+8/H1XnfwQxe85z5aMnufbpC2Q5OnE5vKnOkgyl1g/Z717KwsJC7pkL+z8MzJuvp2bjbspX17KtdiXu5vAR+Qa2Ns1mW20tT5c1sLXqELNra9m8vISG/R/SZ+b9bphdW8u26uWU7N4eMTW/tW47dWWr2VZby7bVZdRtr6O1tJKny4Cy1cFOeR2z2VZrBSfqsfa9zd5n3aF6CstXsrwESpavDAUwgPqaKra6A+m72VpVQ2BhQZ2dzublJdZ+h/K8ioiIiGQgBQAynNPlIjsnm8PHz7Bl17t8ekoPZxmpPBeOcPGdP6LnzHZyc7NxOvXzHg1aP9xP0Wyrl11491wIdODrD1FHGdZbhdwztyTic+X2ZwqKSqBsNqVA4VR39J2UFFEAUDjVmqEfpvDuuZTs3sijFRXUUMm2teUURk2iIPj/paWl1uyEigpWbY23VMBaFhDIK6WzKaeZ062RacbMt4iIiIj0i5YAZDCXC9q/2MfV9hPMvPvfc/jTU6nOkgyBrpOv0nXqDcaVPkP2+HvxeB1aFjBi1bNrawN1VBC6v20JH7SWs/B6ZaGwnHW15fZygwrqKOPp2so4H7Cn9LOczbW1ULeeVU3XK7MiIiIiEo8CABnI6XTiynLywb88yfnm/QDcfOf/xty73Oz/qDnFuZMh4e/iyrE1uMbdQX7J45BbhNerIMD19i33IO/MWH+IupLlbA4bdW+tW8+qXfUsrJxNORs5VF9JaWkrH+xvgGEYKG+tW8/fsJJ15ZVsqy5iXVVy3lQdaQAAIABJREFUvfnypeUU0srbcfNVyDQ3bD1UT2VpqT2rwc3ThXB6yI5ARERERAIUAMgwLidcafuAX//jf4h4/b2fL+OBP35TAYBRxnvlYy4f/Q/klzxO9uRv0uMxUp2ljHHs448HnUb9od2UzK2OmHJfePdcSrYeor6yksrVZfaofAnlZSUx0xmMwvKVzF1fxaNbrX+Xr66lFGgtKoGt9k0AIz/BPXNL2Grna/nyMth/hlZKmeaGhq3WTQADSiurWb6+ikcrIHATwFJaFQAQERERGQaGOcRzgxsbG5k6ZcqAP+95qRyArJV1CbaU/nA4HGRlZ/HJ/uc58+mbUbf56re24B17B6++/cF1zt31sXTeHUzN/pzLH/znVGclJVwTvsr4u6vp8Xjx+/TMwKEUqLcCVH+JyEjRu/7qqviHFOVERKR/cmv/EBi57a4zLS0UFxcPaZpVVVUJt9FdwjKA02XQfaWRPTUPxOz8A/zmFyuYPCGPoskTrmPu5HrxXvoN7f/6DYyu35Ll0nIAEREREZFMoyUAo5jhcJDlcvDZuy/R/OG2pD7z6cFNfHdOFX/194eHOXeSKld+85/IveWPybu1gh6voRsEDoOhmP4PcOcddwxJOiIiIiIioADAqOV0gLenjX/bUYmnK/lH+536eDtF9/4J3/jabfzq158NYw4llbq++Dt62vYz/t6X8JGDz6slAUNtsJ33oQoiiIiIiIgEKAAwCjkcPs437+XjvWsH9PlD27/LguX/qgDAKOfvOsXFQ99lbOl6XOO+itefneosjTofLVkyoM/dtWPHEOdERCQ548aOTXUWRESS4kl1BkYo3QNglHEYXr74aNuAO/8Afm8X5z7fx/Lfv3cIcybp6mr9Wjo/+0uys3ypzoqIiIiIiAwjBQBGEZfTx/F/28Dnv/6fg07ro1+t4oax2Xzl5klDkDNJd562vVz96ClyclQliIiIiIiMVmrtjxLZ2S7e3/VntDb+asjSrN+7lm/P/PKQpSfpzXvlGBePLCM3Lw/DMFKdHRERERERGWIKAIxwhgFZWQb7X/0GV9t/O6Rpn234Bd3XzvIdBQEyhtlznvb9ZWQ5u3Godkgb9TUVPFoR+Kuh3n69tW49j9bUA/XUVKzn7dYBJN5ax7qwNCPfWh+23wrW1Q1kB73U1/Do+jqGICURERER6Sc18Ucwh+HH19PG3q2/h89zbVj28c72B7ndXaAvSoa5eOh7OH1ncRq6L0BqtfL2+gpeYDXbamutv9XwQp8OeymVtWtZWDiAXbQ10RB113X8zVZYXm3vt3o5bK2iJlqkoD9KK9m2tpyBZFVEREREBkdPARihDLOHqxeOc/QfVw77vk5/+hZ/8u1v8Lf/9P6w70vSx6X3Khl313/FmTcDn6knBKRE64fsbyjj6bWloddKK9lcXU/kEHo9NRXbcVdbQYD6mgpe2G29U7K8mnXlhbTWrWdVk5vy3bupAyhbzbZKqNlobfhCzWy2VYbtp62JBtz8INBTLyxnXW15KGt161m11Q4dlK22Pltfw6PboZzd1BV+k5JDPfygtpLSwPb757J5aROrthexeW05hfU1PGrvP5gG0fNPax3rqrbawYoSllcPMOAhIiIiksE0sDsC+XsucL757evS+Qf4ZN9a8rMN7im+6brsT9LHlY/+C/4L+3H4L6Y6Kxmp9cP9NJQUUdDr9cLCUgpjdH5b69aHzRhYTdHWl0JLA3bDbHs0v2T3dt5uLaVydRlQxtPhnX+A0kqeLtvNC/b0/4iR//oaqzNfW8u22mqWN28Mvd/QjHtlLdtW/jvmluzmkP16W1MD5UvDR/7rqdm4m/LVkWnEyn/9rq2wvJpttbVsXg5bdw12KoKIiIhI5tEMgBHGMDu5eOYQn/zrC9d1vx+9/X+w8Pf/Ox80nr2u+5XUu3aimvzpT+KaOBsv+anOTkYpnOru92famhpg90Ye3R16reTDVu4BCAQTCqdSlERapZW1bKvEHn2v4FF75P2eM83QsJtVFVtDGx+qp3I2gJtphQCF3DO3hP1nWqG0jUO7y5hdCaEbGJyhiTJ+UGptu3BtLQD1h6Lnf93sMho2VvHoVisP20KTEUREREQkSQoAjCRmN62f/4pPD/y3677r9pP/xrVLTXzvgdv5+YFPrvv+JbU6Tmwiv+Q/4pz0DS0HuJ4KiihpaKINItbM19dU8NOiav4ixseC0+bDtNYNIh/29P/6mgp+GggmhE3ZD2XsUOTH7p4LL31I69Qm6spmU5nk7qLlHyrZVltpLSWoqmBryXJrGcEAD0lEREQkEykAMEIYeLh09r2UdP4Djux8iPI/fZcxuVlc6/KkLB+SGh0Nf80Y10Sc4+9TECBJd+3YMbgECu9mbsnWyPX59TW8sLuMp2sLIUqnvqCohIatu6gvr6SUemoqNsLqWhb1c9fWGn83T9tr+AOKphZSiBu2buftRWtZWNjK2+ur2D+3mnVTo+Sfl/ib7Q2UL+3V/S+cShFbOVRfSWlpKI2/iJH/2YcqODS7lsrytWybat1rQERERET6RwGAEcFH58UTfPT2f0l1Rmg+tp1HFn6Pl996L9VZkRS4dvz/Ztxd/w1n3u34TFUf8Rz7+OMhSKWQhWurYX0Vj1YEXisLdsqjPUqvsHwtTzdV8EKFNYe+ZHk160qh9UyMXRQUUcLWPjcB7J1OeFpQyebl9kg8WLMBygvp+yzBQhYudbN1o9ue6h+ulMrq5fbSAqBkOZvLCykkev4pXc2hCntbSlheXanRfxEREZF+MkzTNIcywcbGRqZOmTLgz3teshZ2Zq0czHzVUcQw8XWd4503Hkp1ToLmVuznwPFzvPvp6VRnpV+WzruDqdmfc/mD/5zqrIx44+/dgj/bjd9vpDoraSFQbwWo/hKRkUL1l4iMVCO933impYXi4uIhTbOqqirhNhrCS2OGAQ66OZBGnX+Ao/+0gnl/WDPiAgAydC4fXcHE+17FY9yAaSoI0NvQjP7DnXfcMSTpiIiIiIiAAgBpLSvLxZ6a3091Nvq40voRl9s+Yem8O9m+71iqsyMpcvHdR7hh9s/p8WUztPOIRofBdt6HKoggIiIiIhKgAECaysnJYm/tglRnI6b3/v5Ryv7kCDeOz+P85c5UZ0dS5MKh73HD7/6S7m5fqrOSlpb+/Q8G9Lnt3/3pEOdERERERAQcqc6A9JXl8nNwx2L83q5UZyWuz4/+T34w785UZ0NS7OLhPyZHDwUQEREREUl7CgCkGcPs4P23VtB15VSqs5JQ43v/A6fZxe/deWuqsyIpZHoucO23m8hy6tGQIiIiIiLpTAGANOJw+Dh74i2utI2ctb/v/UMF999+S6qzISnW01qH98JBXA7dDEBEREREJF3pHgBpwuFw4Ok8w4nDf5XqrPRL5+WTtJ9+n2Vld/Pa7g9TnR1JoWuf/oiJM+/BMG5giJ8umrla61hXtZWGXi+XLK9mXXlhPxOrp6ZiO+7qtSzs70fTIn0RERERGSwFANJEVraLA/9fRaqzMSBH//HPKfuTw9xSMI4v2q6kOjuSQhff+/dMemAXXV09qc7KKFLC8iHpVJdSWbt2KDKUovRFREREZLAUAPj/2bvz+Kjqe//jrzNLEpKwJBAgLAkQRAMCtnVBJUqCu7gL2lpiorZV9D5c0msFrUC9ldoWem0rePVnE0MXxa1XvdqNpDatouAGhSgSICgECRAIJCQzc875/TEJBNmyzMyZSd7Px4M/mDnn+/0kmDHfz/fz/Zwo4DL8rF0+L+qb/h3PZ+/+gmvOvYdf/e97TociTrKa2Lf2QRJPfhB/QB8v4RXccScXysqrOCxRUFnMzAXlQBZ5uVDGDJYWcnCHfsKa+dxXnUFeeTllALmzWVqYHRy1OJ9Hy4MztK00ONrrtWWHxqkuuIPMkr+cYPxals8voqQKyM0lr3yLKgZEREREIkg9ABzmMizqtr7Njs3LnQ6lS7749x8wm/eQd9pIp0MRh/nr3sW/4y+43ToGEBpVlBTlMzP/0J/iykPvVWfOYmlpKXNyqyh5vRKopHhBOXmzS1laOouMLV89QNCiHCaVlrJ0YQFZ5ctYXgu1ZfN5lNksLS1laelsMksWH/f1tuPMy+vXjvEXU0IBi0pLWTqJYHJARERERCJGW3QOMgwDAx9ryx9yOpSQWPnS9ZyXX07ZR5ucDkUc1rjx1/Tt93VszxAsy3I6nBh3/CMAmenBNwZkZkE1ULmCMnKZkw2QxoScltePGDaTAQBp6WS2vLSzugrKFzCzvM1la2oZcozXJ7Qd54Tj17K6ooqsnFmkAWRPIo8t7foOiIiIiEhoKAHgILcrwMo/3up0GCET8O2jtvofFFx4OiV//djpcMRhez+4hX5nvoCPJKdDkQ44WoPByuKjv16rLXwRERGRmKIEgEMMfGz64BkO1HevHbA1f72P8wtXMHpIKhu27XY6HHFY4+anSBx5Nz6zZ542WnbV85GfNHsSeSxgRWUh2dnBXXcy2nfrgMwsqkpepzKvkGwqKc5fALNLmXas1zsUWLAaoaRiDbV5eaRVrqAMKOj4VygiIiIinaQEgAMMw6axbgOf//v3TocSFp/+87+4fPLDPP7Hd50ORRzm2/FXEoZchytuRI87CrB23boQjRTsAVDS9qWsAhbNTT/G9dkUzs5l5oJ8ysgiLzer3TOl5c1lTnU+j+aXt0yzkHnZQPbRX6+t6dhXkpY3i4KKIu7LLwk2AezY7SIiIiLSRYYd4gd2b9q0ifTBgzt9v39x8FdC76zuW1vq9bp5q+Qcp8MIq0k3vE51nYc3Vn7mdCgHzThvLOlxm6lffY/TofQoRlx/Us74PU3NptOhhE3r51ar6Pn8Cnbdr8g5snzfcZXFzFwAc0oLyXY6FpEeLHo/v0REji/W140127czcmRoG6gXFRWd8BpVAESY1RzHzi0mUwpXsO7vD7JjU2x3/z+WFc9PI++2VVGVABBn2L5dHNj6It5B1xDovjmAKBIs0T/4v8KsAhZFyeK/tmw+95UceipB3uxSLf5FREREIkgJgAgyDIPmenjx9v2MnOzl4rkLGHHaRt575UanQwuLms/e5LZL8vh/f/rA6VDEYQc2P0384MsxjHhCXHQUlUJV/j9u7NhO3JVNYWkphSGJILTS8uayVHX/IiIiIo5RAiCCrKY4yn+2H4BN//Tz5IV7mPaT4eTeupKNq56g+uOSE4wQWyrf+iHnF0zl1BFp/Htz7YlvkG5t/7ofkjzuJ/j8htOhRETnFu+HhK6HgIiIiIhIkBIAEeLCTc2nJjX/Dhz2+usPNNB/1AGu/dUdDM2ewdvPXeZQhOGxtuwBLrjg50oACIH6NZh7P8Td+3RMs2c0BHzmsgOduu/WN3qFOBIREREREeiZz+Zygu2l/Of7j/rWro0WT1++l43/6EPebasYc84DEQ4ufHZu+QcH6j/nqrNPdjoUiQL71j2ENy7e6TBERERERHokJQAiIeDhkz8307Dz+Gefy3/WyJILd5My8Gpyvl1OfFLnn6YQTd578TpGD0klIU4FJwL7P/sZHk/37wMgIiIiIhJtlACIgPhkLxW/bGzXtVYASqbX8+Hzbs795utMuHBRmKOLjM/XvcjNF0x0OgyJAr7tb+C2D2AYPaMXgIiIiIhItFACIMysZi///HVDh+9bWdLEE7m7cdlnc/7Nb5My5PQwRBc5n739E+I9JqeflO50KBIFGjYuwePWMwFPqLaMefn5zPzKn+LKWpbPz6e40ukARURERCSWqCY7jAzDAMvF6pebOz3GHwr3ccqlceQWLWbfrnW8/2pBCCOMrNV/+g/Om/Y0qz6rcToUcZivdjmJo2ZhGIk94rGAXZNFwcK5TE37ystzSx2JRkRERERilxIAYRRo9PL3n3d89/+rPnnTxydv+rjm8THk3voe6//1E7Z+8nIIIoysvV9+RP2u9UzPGcsLFXrEWU/XuOkpEkfdjS9w4mvlq2pZPr+ILTNKKaSYmcsgj3LKqoCsAhbNzSMNqCzO59Hy1ntymVNaSHZl+67Pm11KYTZAJcX5CygDjpmMEBEREZGYoCMAYWLgYv+XNpvf8YdszFfu3s8f791P1hkPMGn6KyEbN5Le/+NNDE/rQ2rvBKdDEYf5dvwZA596AZxQFSVFbY4AHK3uv2oLGbNKWVo6m7yqEl6vBKiESaUsLS1laelCCrLKWVF5nOsri3m0PJc5paUsXVhA9YJiKqll+fwFMLtlnNkZlCwuQw/1FBEREYlNqgAIE6vZy7+ePPpj/7pi28cB/ueSPVz0cBp5t62i+uMSqlb+OuTzhFP16me58fybWPz6KqdDEYc1bnqKhJF34g8oCXBsR9t1/+oSPIMhaQADyMiCLQBkk539lV3941xfW7MFcmeQDZCWx7xSgEpWVEHZgvyWCoBgPKtr81QFICIiIhKDlAAIA8Mw8DdDzerw1Tb/5UeN/POJRr75m2+TPuYq3n7+CqxAU9jmC6WNK3/NkFOu55zs4bxd+bnT4YiDmr98g8RRd4DhAfUCCK3aMuYVlUDBQpaWEjwy0KmBVPYvIiIi0l0oARAGZpOb939/IOzzNO6CZ66q59w7EplS8E+2b/gT6/7+UNjnDYUPXi1k0vQXlAAQGjc/TULm97plFcCtb/RyOIJcbshLg9oyKqog8zhXpqVnQMkKKguzya4tY15RBTkLZ5GRVUXJ65VMLcyGymJmLiDYSyBiX4OIiIiIhIoSAGHQq6+Xta/ui9h8/1rSyL+WNDLzD1M5L/98Pvi/77B/1ycRm78zGvduoq7mQ76Veyq/L/+30+GIg5prXiVx5PecDiPk1q5zuNFl2nhyskp4NL8csgooyIWKmlo41pM4swtZVDCf+/LzAcgqWMjUtDSYO5st+QuYWQ6t1QBa/IuIiIjEJsMO8TO4Nm3aRPrgwZ2+3784eErVO6vsBFdGJxce1v/N5K1FjY7MP/H6eM69I5G6mlV89OYdjsTQEVNueY/n/7GObbvCnzCZcd5Y0uM2U7/6nrDPJR0TP/gy4jPuIGC5nQ6lU1o/t1rF6ueXiPQ8+vwSkVgV6+vGmu3bGTlyZEjHLCoqOuE1egpAqFkePnrOubP4H7/YzOKpdZgNE5lSuIKBI6c6Fkt7VK38Jdeee4rTYYjDmrf/CU98ktNhiIiIiIh0azoCEEIul4vdG032brOcDoVl39vPyHO9XDx3AZmnbWTlKzc6HdJRfb7mtwwffzO5E0dQ/vFmp8MRx1j4dr2Nu/cZmKbpdDBdFqry/3Fjx4ZkHBERERERUAIgpAJNbt7/Xfib/7XXpn/5efKiPUx7bDi5t66kauUTbFld4nRYR1j58g3kfPsvSgD0cE1bXyQ5ewJmN/lY6uri3fEeAiIiIiLS7XSP37SjgGEYuAw3m9/xOx3KEV7/QQMpIw5w/a9vZ9jY6bz93OVOh3QYf9Nudm75F/kXfI3Sv33sdDjikMDejzAMG8MwCHFrEse8/bucTt13zk0VIY5EREREREQ9AELG8rn50MGz/ydSt9ni6Wn1bHyrH3m3reKUybOdDukwq/9yN/17x5M1OMXpUMRBTdtexe3Rx5KIiIiISDjoN+0QiU/y8vFL0VP+fyzlP29gyYW76Zt2FefNLCch+VjPBIu8T/+1gGmTTnI6DHFQc82ruA3ne2iIiIiIiHRHSgCEgNvl5pM3mjF9TkfSPlYASq6v5/3fuznnxteYcOEip0MCoObTP+I/sItLTh/tdCjiEMtXi3ngc1wufTSJiIiIiISafssOgUCzi6qKGFn9t7GqtIkncnfjZhLnF7xNypCznA6Jd567jHGZaU6HIQ5q2roMtyv2nwQQErVlzMufz/Lar75WTKVjQbXGkM/Mr/wpdjQoERERETkRJQBCIKG3my0ro6/5X3v9vmA/5T/3cdrFv+b0K591Ohy2b/gLt17yNafDEIf4dvwNtyfB6TDkhLIoWFjK0tLgn0UFWZQtK6P2xDeKiIiIiEP0FIAucrlc1KyO/d3KT//s49M/+7jmv08i99b3WP+vx9j6yUuOxLLu73M4v/AdxmYMYN2WnY7EIM5q/vJN3KkXYpqx/7MVTrVl87mvIodFc/NIo5Li/GVkLJzLhDXzua86h4ItJZRUAbmzWZS5jPuCf2FOaSHZ1LJ8flHwfYCsguA4lcXMXAZ5lFNW1eb1E8SSNj6HrJJqdgJpQGVxPo+Wtw69kHl5acHKgaISglNmUbBwLlPTACopzl9AGbSJL/gas0spzG75WqtnsLQQivOXQS6UlWcwp3Qa2w5+HW3GPGyu1jEPj4vc2SwtzA7Bv4SIiIhIbFAFQBfZAQ/rlzc7HUbIvHLPfl65ez9ZZ/yASdNfcSyOtWUPctE3shybX5zl21mBi+7zc9U1VZQUtSm1P7ioPYHyCphVytKFBWSVL+AJZrG0dDZ5lLOiEqjdyZBZrTv4s8mrqmB16/Z91RYyZrW+XsLr7Sjtr11TQVVWJgMILtYfZfbBsTNLFrO8FipfL4GChS0VA1DyeiVQy/L5C6g++PoWHp1/okqCKqozZ7G0tJABZYspoYBFpaUsnZ1ByeIyaqmkuKiCnIWlh8YsroTaMp4vz2VO69dcvuzw4xUiIiIi3ZwqALrI5XKx+Z3YO/9/PDVrAvzPJXu46OE08m5bRfXHz1K18lcRjWFndRkH9n3BlZPG8OqK9RGdW5zn37MKtzcJv6kkwOE75bTsbFe347YcJqQBpJNJFhnjgwNkZMEWgLTsr1QBZFFw8OYMhqQBDDh0/RGCiYmSw+IMVgpUVldB+QJmlh+6OmtNLfMm5VK1oIiZJcGvaWkeQCVbqrLImRWM71AlwfGfUJKZHrx+Z3UVWTmzghUK2YUsnRv8HlVTRdlh8a2gsnAaOVklPJpfHtz9L517ou+iiIiISLeiBEAXGIZB016bhp2206GExV9+1EjFLxv51rM3kX7Slby97CqsQGPE5n/vhWvJu20VcR4XvoAeDdej2CZm4yZcnmFYlv7tw6KymJkLysmbXcrS7ODxgY45lJhoPYowoc05gYNl/4cpZGlpYfD6onxKsgpYNDdcjyI9VPbfVvbcUqa2HC+YWQ55LUcMRERERHoCJQC6wGW42VgRu83/2uPAHnjmqnrOuaMXUwr+wfYNf2Ld3x+K2PxbK1+m4MLLeerNDyI2p0QHX+1beIfeRCyv/8+5qSKs46elZ0BVy7n7yhWUQZtd/HbIKmBaNtCZe9vGkTeXOdX53FecztLCbAZkZlFV8jqVeYef5Z+0Ip8Vk0opzJvL0vRgr4FglUEVFWtqmZqX1nKUIIcBLdUHFTW1kA2rK6og48i5B2RmUVWxhtq8lv4FC2BO6SQyKeH5smnMy0s71CthFjyxGO6cm0dh6UIy5hcdo7pBREREpHtSAqALzGYXVW8dcDqMiHh7yQHeXnKAmb+fyvk3n88Hr3+XfbvC/8yvT//1KOeddBlfyxrMh1Xbwz6fRA9f3XvED51OrH5MrV23LvyTZE8ijwUtJe255HX03qoF3JdfArkFFGSV05Wem9mFs8nLX8BMZrO0MJgQeDQ/eAYgq2Ah87KB7NmsyM9nZvBVChYWkgZMnTubLflFzCyB4M598CjBhJwsSkqCRwbyco/eE+Rg8iE/WOyfN7uUbCB7YQHzio4c886c+QevJXc2S7X7LyIiIj2IYdt2SOvXN23aRPrgwZ2+3784+Cusd1ZZqEIKG6+nF09etNvpMCJu/LXx5NyZyJ7t7/PhG7eHfb5+g7/B1y5/kkUvr+jSODPOG0t63GbqV98Tosgk3FLO+RPNvugvAWj93GoVC59fIiKgzy8RiV2xtG48mprt2xk5cmRIxywqKjrhNXoKQCe53W4+f797Nf9rrzUvN7N4ah2BfROYUriCgaMuCut8e7a/z77dG7husrbqeppA/ce43G6nwxARERER6RZis7Y2CphNLj77W5PTYThq2e37GXGOl0vmPcLI027l3ZdvCNtcq175Jnm3raJvUjx7G9QZvqfw7fwHCcnjsGIsVxmq8v9xY8eGZBwREREREVACoNO8CW42r+jeDQDbY/Pbfp68aC+XLxhG3q0rqXp/MdUfFYdlrurVpXwr90aWvP5+WMaX6OOvW0XiqNha/Lfq6uI9Ij0ERERERKRHUQKgEwzDoH67ha+hez7+rzP+b3YDKZkHuH7x9xh2ynT+9dxlIZ+j6r1fkn7ytUw6ZSgrPtka8vEl+ljNX2KbBzCMRELcriQinnjjo07dd+dlp4U4EhERERER9QDoFJfLxd5tptNhRJ26aounL6+n6q0+5N22ijHnzg75HB++/h3OGTs85ONK9PLVLsfl0keViIiIiEhX6bfqTrAtF9vXKgFwLOU/b+SJ3N2kDLySnG+Xk9B7aMjGbqj7jD1fruGbU8aFbEyJbmbTdgwj4HQYIiIiIiIxTwmATrD8BruqtCA5kZLr9/HB792cc8P/MuGiX4Rs3A9fv4X01GQGpySFbEyJXmbDJlzo501EREREpKuUAOgEt8fFrk2qAGiPVUubeCJ3Ny77LKYUvE3q0LNDMm7VqsVcn6MO6T2B2bgZlzve6TCcU1nMzPz8Q3+KK090A8X581le2+WJKW6dc34ZRx+u9ZpiDouqtox57Yq17VDFR45zHLVl81vGr2X5/Hw6MpWIiIhIT6UEQCe4vbBvu+V0GDHlDwX7Wf5THxMuepzTr3y2y+Nt+bgEAvs5f3xmCKKTaGb767DtnvrzVknxgnLyZpeytLSUpaWzyStfwLyyLq/uT6i2bBnVBQtZWlrKnIwSXj/mAjuLrKxyVrR5v3ZNBVVhjm9ndesMaUydW0phdpgnFBEREekG9BSADjJcLvZu66mLka5Z/1cf6//q45rHR5N7y3usf+enbK18sdPjrXzlm0z+1pu8taY6hFFKNLKatuHyDMNumNw7AAAgAElEQVSyetjPXm0N1WSRM6D1hWwKS0sPvV9ZzMwF5Qf/mjf7yIVwZXE+j7ZcklWwkHl5acEd+qKSlkV6FgUL5zI17fD70tIzqFq2htq8dFaU5zKp8Nhh5uTkUlFTC9lpQC2rKyAvN4uy48ZZy/L5RWzJyKWsfAsFd2Qc+rLL5nNfCS1xVVKcv6BlrJZYdxa3fE0LKJ60kIxlRWyZUcq0mvncV51BXnl58Prc2SwtzCZYJVBESRWQm0te+RYyjvI1i4iIiHR3qgDoIJdhsKtK5f9d8crdDbx8935GfeM/OXv6Hzs9jq+xll1fvEP+BRNDGJ1EI399JUZPfBJAWh53FkBJUbAU/6s7/5VMaqkMKGVRQRZlKw7fpq8tm8+jzD5YPZBZspjltVD5egm07O4vKoCSo23vZxcyJ6OE+/JXMKm0kONusKdnQsWa4DGB2jVUkMOkNsU5x4uzjEksLZ3L1H6tFxdzX0UOi0rnMjWtluXzF0BrBcTsDEoWl1GbXcicXCB39pE7/+UwqbSUpQsLyCpfxvJaqC1bTAkFLCotZekkDiUmRERERHoYVQB0kGG7+LLS53QYMW/7vwM8deleLvrhAPJuW0X1x6VUrfxlh8f5+E//wZRb3mXEoL5s/nJvGCKVaGA2bMDTfwrgdjqUiEvLm8vSPAiety9iZsmhnf7s7OzDd9dzD793Z3UVlC9g5qHNd7LW1DJvUi5VC4qYWRLcUQ+O31Zw153ZCynYUsTzZdO4k8XcVz2jZUf9KwaMJ4fFrK7NY8KaCsiZxQAqDr59vDizMge0GaicRxdkUbCwkODm/E62VEHZgvw2i/YsVtfmMeRY37CsTAYApKUTzEHUsrqiiqycWcExsyeRx5Zj3S0iIiLSrSkB0EEBn8HOjepIHip/eaSRf/yykW89+03Sx1zBiheuJeDb16Ex1r/9U66cdD+//N/3whSlOM1s3IzLsOiJCYBDguX/08rmc9+KSgqzBwTL2lt2timbz31HOQ1zsOz/MIUsLS0MltoX5VOSVcCiuXm0XtV6/n9edhrMnc2W/CLuA/JmH6sOII0JOfDEmkqogJxZabCm9b3adsUZlMuc2fDo4jImHIzn6EcU1PNPREREpOOUAOggt9fFbj0BIKSa9sJvrt7HOXf04rz8cr6s+hNryx9q9/3bPnmJjNNu5eJvZPHn98PdekycYDZswuVOgEBs/ezdedlpXRugspiZC7YcsQBuu2ueNyOPNGpZXlEFGYffPiAzi6qS16nMKyT74K5+KZNW5LNiUimFeXNZml7MzGWH33fo/H8eaWQzrSCLshLIGMAxpY3PgcXLqKjK4IajnK0/XpyHyS5kTkY+T5SNZ17eADKyqih5vZKpha1VBDCn9DgNCY6MjAk5WZRUtHw9lSsoAwo6MIKIiIhId6EEQCc07radDqFbenvJAd5ecoCZv8/jvJsr+PCN29lXu7Zd97637Gqm3PK2EgDdlB2ox7YDgOF0KO22dt26rg+SXciigpZd+tbXcmeztDC4wp6Qk0XJgnzKyKKgIBcqaqgl/eDtaXlzmVOdz6P5wdL7rIKFzMsGsmezIj+fmcFX25TcH5p3TkY+9+WXHJpzYQ3ziooZcqx+AGnjyaGEktwZBNvuHXzjGHEeO5uQPa0AihazfPxcps6dzZb81mMMwWqAbKA2MwtKWpoAnuDbmJY3i4KKouDXk5vLESceRERERHoIw7btkK5mN23aRPrgwZ2+3784+KuZd1b0tWlyuVy4iOPAHpv9tSb1NRZ7vjDZtdGkdr3J/h09rEN5GJ16TTzn3ZXI3u0f8MEb32vXPePyfkJc2rn85i8fHfX9GeeNJT1uM/Wr7wllqBIhfb/+NAHPcOwofBJA6+dWq2j8/JIWbaoI9ORAEX1+iUjsiuZ1Y3vUbN/OyJEjQzpmUVHRCa9RBUBHGAbbDnzO2vq1pA9IZ/DwdIbn9CHOk4jHEzybbAVs/E3QtNemfnuAfdst6raY7NxgsuOTAL5Gh7+GGPHvV5r59yvNTH/yVKbc8i7r/v4wOzb++bj3rC17gCmFKzhl+AA++XxnhCKVSLHNJgwPqP5GOir4WMFD1UF5s0u1+BcREZEeSQmADjCAL+q/YMn7S476fkpCCqNTR5PZN5OhfYYyNHMYaWMGMDIumXhvIi6XATYE/Db+RpsDe2zqt5vUb7PYvdlk54YAX1bG1hnncHvh9gYyz/Jw6Y9+xMiv3cK7L91w3OvXvfUwl0z5LyUAuiHLtwcjIXaOAEj0OPQkBREREZGeTQmAjjAM9vv2H/PtuqY6Vm5bycptK495TXpyOqNTRpPZL5MhvYeQftJQho9P5WRvIl5PMElgWzamH5r32zTustlbE2Dv1mCSoPazAHWbo68EOpyq3w3w5MV7uXzBUPJuXUnV+0uo/ug3R712x8a/MOIbdzDtrDG8/u76CEcq4WT7d2MYSgCIiIiIiHSWEgAdYAB7mvZ0aYya/TXU7K+h4vOKY14zKmUUWSlZDO8znCG9hzB4whDGnJlCgjcBj9uNYRjYFvibLJr3cXg/giqTHesDNNR2v0Lp/5vdSL/hTUxf8l2GnnI9bz932VGve++Fa8i7bRV/WukiEIXnxaVzTN8u3EoAiIiIiIh0mhIAHWBh0+gP/yH+jXUb2Vi38ZjvJ3gSOCn1JEb0G8Gw3sMYkjaUQcMHMfy8ln4E7rb9CGya9nKwH8Hu6pYkQYz2I9jzucXT0+rJLepN3m2r2PrJy3z6z0ePuG7rJ3+k8OJLePrNDx2IUsLB9tdj2H6nwxARERERiVlKAHRAwA5wIHDA6TBoCjSxZsca1uxYc8xrWvsRjOw3MnjUYHg6aWMGMio+mbjWowZ2MEnga7Q5UGeztybYj6CuOvr7EZQvPED5wgMUvHgFOTMvZNX/5nOg/vOD73/6z//ivJsvYeKoQXy88UsHI5VQsQP1YAfQx5aIiIiISOfoN+kOsG0rIhUAodDefgQnpZ5ERt+MYJJgzBAyJ/TnFG+vw/oRBPzg22/TsMuivsYM9iPYFKD2M5O6amdL7Euu38c3vp3A2be8ws7PK1j9l3sPvrfmr0XkXfprJQCOIX78ayT1A3/VFezbBox5ltRBLU9UD3xEwzv30sx19D77Lryetq9B0jfK8ezLZW8E2yxY/vrITSYiIiIi0g0pAdABFjYH/M5XAIRKaz+C4xmdMpqRKSMP60dw0pn9SPQm4na7DvUjaLZprrfYX2tRX2NR97nJ7o2R6Ufw/m+beP+3TXyz+EymFL7D6r8WsfuLt6nb9i4NdVVcNzmbl/5ZGdYYYs6QX9CrXzLQ2tTyB/QdlIG159fsWQO9z76LXuOvo3nXZNyeLTRXrMOTM5m4IdDML/DGfcSBCPdYtAP1qAWAiIiIiEjnKQHQAQZGVBwBiKQNdRvYULfhmO+39iMY2W8kw/oMIz0tnUEZgxmW04d476F+BGbAJtBk07TXZt92i73bTOo+D/Yj2P5JgEAICiv+UNjAmAu8TH3gv9lf9wmr/pjPypdvJO+2VfTuFdf1CbqN6+ideRoE9h/6BBgyGAOwm18CwPLdhTd5MvG7jrw7Kf007F25NEcs3iA7sA/DpY8sEREREZHO0m/THWEQM0cAIqW9/QhamxYO6T2E9IwhDBqTRtbR+hE02DTWWdRvt6jfFnz04c4NAXZ80r5+BOv/5mf93/Zw9S+yyL3lPda/8zO2/Pt3fHvqDHbV698OIH58AV4+omFXKkmDUoMvbtuOnQVG/HUAuOIATyqeba9iZt5FfE4GNP6JvfyCfg7s/kOwCSDYBJ/HISIiIiIiHaUEQAe4DbcSAJ1Q11THe9ve471t7x3zmqG9h5KVknVkP4K4RLzuNv0IfC1Jgt2wd1uAvV9Y7N58ZD+CP97bwKBsN1ctKiLQXIPH8NG7VzxEb1/DyBjyC3r1A3/VvTQnP0vSwTceY++XY0kddBepOWAFWo8GvMS+d146eFXSN8qxd+XC+NdI7ZcMbKG54mYaIhC6bZtgxAF6EoCIiIiISGcoAdABbpe7xx0BiJSt+7aydd/W414zOmU0WSlZDO87nMHJgxk8YQhjzkyhV5t+BJYFgWYb3z6bfTssqv5hknbSYPqP9NIvDgJ7I/QFRan4/qNxkYwrq5yWvX+8Wa/RmyvYt/5mdrfs7Cd9o5x4NhBoe/OQ1rP/PyAhB/xVv4bMu/COvw7WvES4GS4vBs42nRQRERERiWVKAHSA26UKACe1px/BmNQxjOg3gmF9hjF4wGAGDR9MQnxfAqYLj9uNKzErghFHn+Y1Vxw6uz/mWVIHpbY8BeAH9M25BHfjn9j9PngSwdrzz8PO+R86+/8DEhyIHcND8AiAiIiIiIh0hhIAHeAzffhMn9NhyDE0BZpYvWM1q3esPuK9gtMKuPaUa7F8Ox2ILBa0HgG4hNQcoPFP7G67qz+kbef/x2jaM5mkrLuALTRHYPcfwHDFYdtKAIiIiIiIdJYSAB2Q4E7AZbiwbJUhx5LsAdlce/I1mKbd0t1OAGhT8n/Uv7e17V72bDv018MqCSLF5QXbBFyRnllEREREpFvQb9Id4LN89I7r7XQY0kGPXfAYdiDA7iYlAGKZYXiwdQRARERERKTTlADoANMMkByX7HQY0gEvXL+M3RUVmIaLPT4wXPFOhySd5YoDHQEQEREREek0JQA6wMKmT3wfp8OQdnri0ido+PBjeo8fz8a9Nn7TxnB5nQ5LOskwvNr/FxERERHpAiUAOsC2bB0BiBH3nHUP/X1x1Pz293j69mXdThOfaYPhdjo06SyXB8PpGEREREREYpiaAHaAC4PkeB0BiHY5GTlMGZ7DB1dfQ/bjj7OjIdi00W/aGIZyXjHL8OopACIiIiIiXaDVUAe4DbcqAKKcCxf/ec5/8sHV1wCQlJXFu1sDADSbgPaQY5gBlul0ECIiIiIiMUsJgA7wuDz0je/rdBhyHC9Of4ENP/4xAFn338/+pgCtD230magCIIa5EwZiq4eDiIiIiEinaTXUAbZtk9or1ekw5BiKr/wNu5aXseeddwDod+65rK61Dr7fZFrHulVigCthCBh6ioOIiIiISGcpAdABNpDSK8XpMOQo5p0/l/id+/j8l78CYPD06QQs2NF46My4L+BUdBIK7sQM9QAQEREREekCNQHsCFuPAYxG12Zfy/h+2Xw8fcbB1wZfdx3r9xx9x98V1w/LtydS4UmIuHsNw1QCQERERESk01QB0AG2bZMcp6cARJP05HQKJt582OK/92mn4U5MYv3uYyQAvKriiEWuuP5YSgCIiIiIiHSaEgAdYANJ3iSnw5A2lly+hHX33HvYaxnfu51t+4/eLd62bQyPGjnGHheGJxmUABARERER6TQlADrCtvFbfqejkBa/u+Z31Dz/PI0bNhx60eOh1/BhrKw5RgIAMLxKAMQaV8IgbLPJ6TBERERERGKaEgAdlOBJIC0xzekweryFFy7E3LCZmt/+7rDXT3rwQfY2Hrvbn20rARCLXPGDsS11cRQRERER6QolADooEAgwOnW002H0aLd97TYyPGls+MHsI97r841v8NGOo+/+Q7ACwOVRH4dY40oYhIXb6TBERERERGKaEgAdlOCO5+T+JzsdRo81ceBEpp10OWtu+vYR7w0tKMAXsKhrPvb9pkXwLLnEFHfCEMDrdBgiIiIiIjFNCYAOsi2b8YPGOx1Gj/VI3iN8fJTFP8DAy6fxSd3xm8RZKAEQi1xxKXoCgIiIiIhIFykB0EGWZZHRN8PpMHqkF65/gc1PPIG5b98R76VMnowrPo5Ne47+6L9WpmVjuBPDFaKEiTd1ErZ1/H9bERERERE5PiUAOsGyLAYnD3Y6jB7lycuWsH/l++x8882jvj+ssJAt+068QxywwOXWoxxjieFOwvD0xVYFgIiIiIhIlygB0AkBK8DoFDUCjJTvn/N9+h1wsenHjx71fW///sQPGsSH20/cJT5gG9iuhFCHKGHk6TMWK6BHAIqIiIiIdJUSAJ2Q4IrnlLRTnA6jR8gbkce56ZNYd+t3jnlN1n/+J7sb2veIONMCw6seALHE02cithHvdBgiIiIiIjHP43QAsci2bMaljXM4iiv48bXfYXzTcq584/GW1+5m8Y1TGQbAftZ88C0eXN9yXRzgW8PTLz/Ia8Ddl73KybuuZNa7TsV/YgmeBO6ZdA+rpk077nXJp57KX6qO0/q/jYBlg0c9AGKJN+V0LEvl/yIiIiIiXaUKgE6wLIvMvpkORtBmUX/Ya1MZVr+cK597mjW+ZMaf+mOuGDOJkXFfsPy55XwRN5JJY4AxP+ashDW8GcWLf4A/XPsH1s+de9xrMmfN4kBzgMb2FQDgtwBX3Amvk+jhSR6FpQaAIiIiIiJdpgqATvKbPob2HsrWfVsjPHPr4n8/+33JHCxmHzOJkXHwxdZgNcCDL7/W8vqP+eZXRrh79Hj2bL2S1yIVcic8e2UJO998k/r33z/udf0vvJAPa9u/O+y3wHCpnDxWuBNHYJl+wHA6FBERERGRmKcKgE6yLIvRqU41AvyC5c/9gU1HvL6ffkNf5dUbX+XVG3/Pj8cA61ewyTeMqTdOZVj9uzxI9O/+PzLlETzb6/h8yZPHvW7ApZdiGy4+39f+3WG/aWO4vF0NUSLE03sstu12OgwRERERkW5BFQCdFOeK5+T+J/NW9VsRnvm1lt39K/jxEe8lw56nubKMYJXAqT/mivUPHqoGIHj2f8/WKyHv97w6MJlgMmEWjx8xljNmjJ3B2D6j+fi2G0547dBvfYuNezt2Ntxn2mBoQRkrvKlnYdna/RcRERERCQVVAHSSZVmkJw92Oowj7Gl4DXiNFXv2Q1wKo9q+efDs/91cOhDWfPA0a3zDOCvvCoeiPVxm30xuGn8TH8848eK/14gRePr1Y+1Os0Nz+E0bw9B/9rHC02eczv+LiIiIiISIVkKdZFsWYweOIzUh1elQgtavYJMPhvW/G4BRCcngq2Njm0uCZ/8fjNqz/7+85JesvfPOdl078p57qG3o+MKw2QSdJ48Nhrs34MK29QQAEREREZFQUAKgC8yAyeSMyU6H0eI1Hnx5OV/0mcqrN77K1D5fsPzlNov9wzr/P86bO2D817/D+LgveLfM+ZTAH679A1t/9zuatmxp1/WJo0fzXk07W/+34TNRBUCMiBt0AbZLj2wUEREREQkV9QDoAq/h5aKsi3h1/asOzP7aYWf7gx5n1nPHOM2//kG+tb7N3WXfippKgMcv/m/8n3zG9ueea9f1o77/fRqaAgQ6URneZKqcPFYkDJ6G2bETHiIiIiIichzaCu0C27IYkDiAAYkDnA4lZt3+jdtJpy8b5jzU7ntScnL4eGfnFvK+jhcNiAMMT2/cicN1/l9EREREJISUAOgqyyYnI8fpKGLS6emnc8moi/j3zJvbfc/g667DtGx2NHTtXLgrrl+X7pfwihswBbMzJR4iIiIiInJMSgB0kdt2c+GoC50OIyY9fP7DfHTDjR26Z/D06Xy2t+tzu7wpXR9EwiY+fRo6rSEiIiIiElpKAHSRbdv0T+zPwKSBTocSU16c/iIbFy3Campq9z29J0zAnZTEp7u6djDctm0MT98ujSFh5E7EkzRK5f8iIiIiIiGmBEAomDbnZZ7ndBQx46lpT7H37XfYXVbWofsyb7+dmn1d7wpnA4ZXCYBoFT/gfExTzRpEREREREJNCYAQcNkuHQNop9mTH6D3PpPqx37WsRtdLhIyMnivJgQJAFsJgGgWnz4N0zScDkNEREREpNtRAiAEbNumb3xf0pPTnQ4lql2SdQlnDPw6ld/5XofvHf3gg9QfCM2usA24PMkhGUtCzBWPJ/lklf+LiIiIiISBEgAhYtgG54843+kwolafuD7MOmMWH117fafu73vGGXy4IzQPhTctMJQAiErelDMxfY1OhyEiIiIi0i0pARAiLsvggpEXOB1G1Cq9ppRP58zp1L1D8/MJmDZ17e8XeFwWSgBEq6RRtxOwvU6HISIiIiLSLSkBECK2bdPL04shvYc4HUrUKb26lC9fe419q1d36v6BV1zBJ7tDVxJuWjaGOzFk40loePqcCp4+2LbtdCgiIiIiIt2SEgAhFGfEce0p1zodRlRZkLcA1+dfsvWppzt1f79zzsGIi6dqT+gSAAELXO6kkI0nodEro4CAFed0GCIiIiIi3ZYSACFkmxa5I3Pp5enldChR4abxNzE6cTjr7y3q9BjDb72VL/aHdkc4YBvYroSQjildY8QNwNNnHJYZmj4PIiIiIiJyJCUAQsz0B7hp/E1Oh+G40SmjmTF2Omtu/Fanx/CkpBA/aBAfbA/tM+FNCwyvegBEk17Dv41p6eNIRERERCSc9Bt3qFlwxZgrcBk9+1u76OKFrPluxx/319bo+++nrjG0i3+AgGWDSz0AoknCkCsJBLT7LyIiIiISTj17lRomB3wH+Oap33Q6DMc8f93zfF5cjK+mpkvjJJ96Kqu2h35R6LcAl86aR4uEIdcR8Dc7HYaIiIiISLenBEAYuCyD68d27nn3se5Xl/yKA2vW8uVLL3dpnIzbb6fJZ9LgD1FgbfgtMFzxoR9YOiUh49vo6L+IiIiISPgpARAmPl8z12Vf53QYEXXXGXcxyEpi48PzujzWgIsuZu3u8DwOzm/aGC49az4aeFMnYePVo/9ERERERCJACYAwMSyDG0+90ekwIuacYecwNTOXf+cXdHmsARdfjO1y8Xl96B7915bPtMFwh2Vs6Zj49GswLY/TYYiIiIiI9AhKAISRGTC57KTLnA4jIh6Y/AAfXn1NSMYaetNNbK4PyVBH5TdtjB7epDEaxKWejafPBCwrPIkeERERERE5nFZBYeSyXcwcP9PpMMLu5RkvUfXYYyEZKyEjA29KCmtqQ9/9v1WzCWCEbXxpn6Qx9+MP3z+ziIiIiIh8hRIA4WTb2JbF1JFTnY4kbJ654v+x++//oK6iIiTjjbz3Xmobwrsj7DNRBYDDEoZej2X00tl/EREREZEI0ioozLx4yZ+Y73QYYfHDnIdIrGtiy6JfhGzMpJNO4t2a8G4LN5kqOXda4sjb8fv17yAiIiIiEklKAISZbdu4bBenDznd6VBC6qqTr+K0/uOpvH1WyMYcVVREQ5OfQJjXhT6VnTsqcfTdBAL6RxARERERiTQlACIgnjgeOPcBp8MImf69+nPr127l4+unh3TclJwc1uwM6ZDH5YrrF7nJBADD24/4QZcRCHeWR0REREREjqAEQIT4/X7uPvNup8MIiWeueIbK738/pGMOuvZaTNtge5jP/7fl8qZEbC4JShpzP9r8FxERERFxhhIAEeK2XZw59ExO6X+K06F0ye+u+S3bX3qJhk8+Cem46dOn89neyDWEs20bw9M3YvMJuJPH4OkzEdM0nQ5FRERERKRHUgIgguJsLw+e96DTYXTaTy/4KdamL9j27LMhHTd53Dg8ycl8uityC0MbMLxKAERS8smzCZhup8MQEREREemxlACIoNaGgLd87RanQ+mwgtMKGBU/hM++f3/Ix86cNYua/ZHdFbZtJQAiKX7Q5die/liWzv6LiIiIiDhFCYAI89oeLhx5AcP7DHc6lHYbO2As15x8Nau/+a2wjN8rM5N3t0U4AQC4PMkRnbOnMjx9SBp9NwHT43QoIiIiIiI9mhIADvBYHh7KecjpMNrtJxf8hI9vLgjL2KMfeoh9ByLfFc60wFACICL6THwcn187/yIiIiIiTlMCwAG2bdPH25vrs693OpQTeuH6ZWz5n/8hsHt3WMbve+aZfLgj8k3hLJQAiIReGfngSVPpv4iIiIhIFFACwCFu282McTNITUh1OpRjeuLSJ2j48GN2vPZaWMYf8u1v4w9Y7G4Ky/DHZVo2hjsx8hP3IK5ew0gYegN+Ux8zIiIiIiLRQL+ZO8hlGvzw/B86HcZR3XvWvQzwxbNx/iNhm2PwVVfx6Z7IPfqvrYAFLneSI3P3FH0m/De+gD5iRERERESihX47d5BlWQzsNZBLR1/qdCiHOS/zPM4bPpm1heF7WkG/s8+GuHiq6pwpDQ/YBrYrwZG5e4Kk0fdg2r2wbWcSPCIiIiIiciQlABzmtT1cc8o1eF1ep0MBwIWL75/9fT68+pqwzjP81lv5Yp9z58JNCwyvegCEg6f3WLxpF2JahtOhiIiIiIhIG0oARIG+nr4UX1XsdBgAvDjjRT57JHxl/wCePn2IHzyYD76MfPO/VgHLBpd6AIRD7/E/w+fX4l9EREREJNooARAFDDvYD+CnF/zU0TiKryxm11//xt533w3rPKPuv589jZF/9F9bfgtwxTkaQ3fUe8J/49e5fxERERGRqKTf1KOEx/CQnjiYu8+625H5550/l/id9Xz+q1+Hfa4+Eyeyartzu/8QTAAYrnhHY+huEkffC/FZWJbO/YuIiIiIRCMlAKJIvBHP1wd/natOviqi816bfS3j+2Xzyaz/CPtcw7/3PZp8Jvv9YZ/quPymjRElfRe6g/j0K/GmTsG03U6HIiIiIiIix6AEQJTpRQLXZ1/PxEETIzJfenI6BRNu5uPpMyIyX9rFF7Nut/M7xD7TBkOL1VDw9BlPr8zv4LeUUBERERERiWYepwOQI8XbcczJmcOs/5vFrgO7wjrXksuXsPaee8I6R6v+F1yA7XKzpd7Z8//QUgFgKP/VVYanD30mLKSpyfl/UxERERGRnqyoqOiE12gFFKUMPzx1xVNhneN31/yOmuef50BVVVjnaTV0Zj6b90VkqhNqNgHUqb6r+p35vBb/IiIiIiIxQgmAKBZo9vPk5U+GZexFFy3C/GwTNb/9XVjG/6qE4cOJS01hzY7oWCz6TFQB0EV9T38Wf0BJFBERERGRWKEVUBQzMOjr6cMPz/thSMf97te/y3B3fzY8MENVP+4AABDgSURBVCek4x7PyHvuobYhOhb/AE2m5XQIMa33qT/Dcg3AsvR9FBERERGJFUoARDk3bk5JPYW7zrgrJONNHDiRy0dfypqbZoZkvPZKOvlkVtZEz2LRFz25iJiTdPKDWPEjMC3t/ouIiIiIxBIlAGKA1/YwMW0ihRMLuzzWI3mP8NFN3w5BVO034p57aGwK4Iue9f9Brrh+TocQU5LG/ABX37OwjSSnQxERERERkQ5SAiBG9PX24cIRF3DXmZ2vBHjh+hfY/KtfYe6LbCe+/lOmsHqn84/+OxqXN8XpEGJG0skP4ep7Lqalh4eIiIiIiMQiJQBiiAcPZ6dP4qGchzp875OXP8m+d1ey889/DkNkxzbo6qsxMdjeEH3b/7ZtY3j6Oh1GTEge+wjuvmdh2lr8i4iIiIjEKiUAYowXL+NSx/KzC3/W7nvuP/d++jbA5gU/CWNkR5c+YwZVe6Jz998GDK8SACeSPO4xSP4aAcvtdCgiIiIiItIFSgDEIDduMpMz2/WIwAtHXcjZg8+g8rbvRiCywyVlZ+NOTqZylxnxudvDtpUAOJE+E36BkTQOy9JHhYiIiIhIrNNv9bHKskmNS+W31/z2mJckeBL4jzP/gw+vuS6CgR0y4s47o7L0v5UNuDzJTocRtXpP/DV2/BhMLf5FRERERLoF/WYfyyybeDuOl2a8hNflPeLtP1z7B9bPnetAYEG9Rozg3W3RufsPYFpgKAFwVMljH8VOGIVp61F/IiIiIiLdhRIAMc62bczmAC9Mf4EBvQYcfP3ZK0vY+eab1L//viNxjZ4zh32Nfkfmbi8LJQC+yhWXRso5b0DSRKzozd2IiIiIiEgnKAHQTfiamlkybQlZKVk8MuURPNt38/mSE/cICJd+kybx0c7oLf8HMC0bw53odBhRw9v/PPqeUUqzDyzt/IuIiIiIdDt6plc3YvssHrvgMcx9+1h7282OxTHkppvwmxa7DjgWQrsELEhwJzkdRlRIHDULb9pFNDdH5xMbRERERESk61QB0M1YPhOPO45R99/vWAwDr7qKT+qifyEZsA1sV4LTYTiuz8Rf4R5wMX4zzulQREREREQkjJQA6IZMj4fkM85gQkkJ7t69Izp337POwhWfQFVddJf/Q0sTQG/P7QHgih9IytmvY8WNxLSObCIpIiIiIiLdixIA3ZQF2MnJnFZaSsq550Zs3uG33sbW/dG/+AcIWDa4emYPgLj+OfT9+m9o9ruwbH0MiIiIiIj0BPrNvxuzbZvmQICMu+5ixN13h30+V3IyCUPSeX97bLSP91uAq+eVvSeNvpteWffQ7NePv4iIiIhIT6IVQA9gejz0nTyZ8U89Ra8RI8I2z+gHHmBPYyBs44ea3wLDFe90GBHj6Xc6Kee8gTslF7/Vy+lwREREREQkwpQA6CFMgNRUTvn5z8mYNSssc/SZOJH3v4yN3X8Av2ljuHrG2ffkUx4m+eQHafZBwO55VQ8iIiIiIqIEQI9i2zZ+2yYlL4/TnnuO5OzskI097Dvfodlvss8XsiHDzmfaYLidDiOsvP0nkzr5b9DnDHxmz6l2EBERERGRIykB0AOZto3p8XDSf/0XI4uKQjLmwEsuYd2u6H/0X1t+08YwuuuPgIve435CYtZ9NDX5sKzunegQEREREZET666rHzkB27bxWxZ9Jk/m1Keeon9eXqfHSp06FTwequtjo/t/q2YTwHA6jJCLG3ghqZP/Conj8FsJTocjIiIiIiJRQgmAHs4MBCAlhYxZs5jwzDMkjx3b4TGGzZzJ5vrY2v0H8Jl0qwoAT+9xJI97lIQRd9DU1Ixpa9dfREREREQO8TgdgEQHv21j9OvHST/6EQc2bKDqscfw19Wd8L74IUOI6z+A1eubIxBlaDWZsVWxcCzupCwSR83C1SsT004gYHWfpIaIiIiIiISOEgBykG1Z+IG4MWMY/5vfsKu8nOpf/vK494y89152NsTOo//a8sVm2Ae5EoaQOGoW3t5j8Vtx+LXwFxERERGR41ACQI5gmSY+IGXKFFLOOYe6igo+f+YZrKamI65Nzs7mH5/F3u5/W664fli+PU6H0W6GN5XEUXcQl3oWgYBBs6lSfxEREREROTElAOSYAqYJbjcpU6cy4KKL2P3WW3xRXHzwaMCIu++msSmAL8Yr6V3elNhIALjiSRx1J/EDp+IPWDT7tfAXEREREZH2UwJATihgmgRMkz6TJzP+3HPZu3IlX5SWkjoll5U7Yq/5X1u2bWN4+jodxnG5k8eQMORavCmnY1oemn0GoMW/iIiIiIh0jBIA0m6maWICyWeeybgzzsCywYjxp+jZgOGNzgRA/ODLSRg6HcPTh4Adh8/UGX8REREREek8JQCkw1oTAS4XTEjzcMYQL1v2mlTvMdndFFsVAbYdXQkAd1IWCUOuJn7wNAIHagkYvbHN2PqeioiIiIhIdFICQDrNsiywfDQHID3Rw+AkLxgGG+sCbNlrciAGuuzbgMuT7HQYxA28mIRh03F7++O3PTQdOAAkBzMUIiIiIiIiIaAEgISEFQgAAQzDYFQfDyelxrPfZ7GxzmRLffR2CTQtMJxIALji8KaeTXz/yXj7n4Ppb8Q0ehMwo/d7JSIiIiIisU0JAAkp27bB9BMw/SS6XIwb4OHr6V627bOo3hNgd5ONP4rWuBaRqwBwJQwNLvoH5uJOHoPZvBubxJamfklgR9E3RkREeqT8gkKnQxARaZdnznQ6gtikBICETesRgaYApMW7SR3kxutx0WxCbaPFjgaLnY0WzaZzMZqWjdudGLbxPX2/RnzaeXj752C44jEtG8uOI9DkB3qHbV4REREREZGvUgJAIsI0TcDEb4LbMEhPdDMo0YXH7SVg2exosKhttNh1wKLRH7m4AhYkuJNCMpbhTcWTfBKe3qfgTswkbsB5WIFGTBLwm2abZn7a6RcRERERkchTAkAizrZt7ECwQ2AgAIZhMLiXi4GJHtxuD5YNOxttavaZNJvQ6Ldp9NuEox1ewDawXQkdvs+VkI47aTTevhPw9DkVd2ImhuHGNP3YRhyWadHU5CP4IxYD3RBFRERERKTbUwJAHGfbNnZLhYAZAAyDgfEu+sW5cLlcuF0GcW6DpoDNfp99MCHQGDiUHGj0dy49YFpgeA/vAWC44jHiUnG1/vGmYnhTcfcahDtpDK5eQwELy7Sw8WJZFgGfBcGHI6IFv4iIiIiIRCMlACT62DamaeLGBCtYMN9EsFKgj9ugl2HQN84FGLhdLrxug3iPQVMA9jRbxLtai+wNLMvGCg6JTUuyoc3fg08uHEif05a0LPb7guHGNpuxLH+wqSFucMVh2y5M28Z/sGmBgRb7IiIiIiISK5QAkJhh2za2beOGYHIAwAo2z29q6RvQz/WVm776968ywY8XPJnBrEGzRcuzAYD4Q9dZdvBiERERERGRGHWi5ZGIiIiIiIiIdANKAIiIiIiIiIj0AEoAiIiIiIiIiPQASgCIiIiIiIiI9ABqAigiIiIi4XPHQpZNGdrylwbWltzK/DcdjeiQOxaybAr8/YYiFh/rmksfpng6vHDLj3jjeOOctIEZ9y0JT5zSPVz6MMUFY0k66psh+tm49GGKCzLZ3Jmx2sbXsI6S4/03zx384vnRfHa0n50OjSORpgoAEREREQmPSx+meEo/1pbcyIwbbqRkLYwrWMgsB0Oateg5li26o51XX8rc6ZlsfuEEC5glRfyd8/lFe4eVnunNH1F4Q/BnYUbJOhpoOPizMeOG4y/YO/bfbWdcytzpY2Hts8y44VnWMpbpD196nMvT6Newl81dHUciTgkAEREREQmPN39EYZuFzRsrq2mgH2mxsh644wLG7VnVrp3UxX9dR78zHuay8EclEnqXnsGIpAY2r3wTeJP5K7eSNOKMY/73fNkZmbB55ZGJsQ6OI5GnIwAiIiIiEhGXnZFJUkM1K4+2oG4px1+7th/jxgWLpLf+/UY+O+k5Wk8QbP37jdzbWmV/WDl1m/LplhLoPVth6NCWYuutbzHjviVc9vAzLWOdz7JFMOOz4NtpDz/DspY5G9Y++//bu3+YNs88DuDfStfJQ7xEauXhHOlYzmvoCqrawZnb3BhyncjGZQ8Ke5QtnvLnbgLSGQ+tKroeXclCpJDBuUoszuCpQzrYENtnG4cAhryfzwjmeR9Lz/uK5/f+fr8nt9e6E7wzV0lr7+7QHMeUMzQP0l66nvl6snVRShy4ZJbzcGMhhyvscL3/37r9V2NoLQ6u2/HDP8jm/NvRKfnVKymlnYP+IUpXUh05UD3z1WT/+YjrfdA4zIIMAAAAzlb9Xp5urGepVkprZ1I6fSXV/NgrF+iksrieub1uivR2K6kcvWFfzsOlv6e9Pa60oJRKfnufal3ppudvrf2Q7VaOAgLD17y53Uqp9l1W691rzFU6aR/lOC/nYV85w83tdmrf97/xb2SvVUp1/rKkN3Cx1LP6ZCHl3X8frcXK4uOs1ket2+G12Eqp9s3xpTWNu7k5qR6/P6V//206Yweqplwa2uSfaBxmQQAAAICzdVj7/OxFyovrE2rlW9npvcXcOmgnaWWvt0/fb/dtI5b/lkrf77bWfksrlcwdjdvJ7k+9XzYP0p44uffXHNis1K+mPPwmM6XUvu1dZMxmqlT2rpMTGEidT9L4ObudcQGlRlb6SmtuXC2f2zSTdO+/1svxjTO50JQAAABwPppr2fl2PYtzy0lO3jH/xtVy0nk9ogHZWWpk5R/Jw42FbG4sdH80kEnQC1Kc816MT8So1Pmx6ll9ciu9qpV0Oqf0jr0/Vb96ZcxpBd37r9OecPdNOQ6zIQMAAIBzUs/VciZvHqawddCeUV1xIyv9Xdwrg53/q2VbHU5o/+30DTKXv0mt1Mp2by3e3pmc4zL99YeM6fI/X837TIUTj8OsCAAAAHA26vfydONxr6Y+vY1LZ/zmYVqNlwMp/zfuXR8oCTgVzYO0+zdkw9+leZB2+nsEdH1scIOCau5kvz/l/9h75XBt1rM6XxnzmQ+9fiXz9+pHY3bGdfnPmEaeHzIOMyMAAADA2Wiu5fZ2O7Wl9WxurGdzsZLW9uTzzqfTyEqvn8DmxnqWasnus7tT1SQ/2msllYVsPjnuyL5uU7+jkv7h77KxkPLuj33fpds08KODGxRUM/f/+WvatVsj75WBddvrD9Bdi98lOy+myx5YfjBh3Tdz//mLpHYrmxu3UsuLPB91qkD1Skrtgwkb+inHYWY+e/fu3bvTHPDVq1f58osvTvz3fzz6Okny+Z1fTmtKAGfq8Ll1yPMLuCyGn18//PevM5rJBbX8IJtzLwfq/Cd+dtwRa8Cpe/zV6ySX9/+u//3+e65du3aqY7558+bYz8gAAACAURo/Z7d8/X3a/wR35irHHHEIMHsCAAAAMFIz95+/TvX7Y8oFlh9kMb9m5TR7EACcAccAAgDAOM213D6uhLlxNzfPZTIAH0cGAAAAABSAAAAAAAAUgAAAAAAAFIAAAAAAABSAAAAAAAAUgAAAAAAAFIAAAAAAABSAAAAAAAAUgAAAAAAAFMBfZj0BAAAuhv88ezrrKQBM5Y9HX896CpeSDAAAAAAoAAEAAAAAKAABAAAAACgAAQAAAAAoAAEAAAAAKIALewqAro7AZeX5BVxWnl8AnzYZAAAAAFAAFy4D4PM7v8x6CgAAAPDJkQEAAAAABSAAAAAAAAUgAAAAAAAFIAAAAAAABSAAAAAAAAUgAAAAAAAFIAAAAAAABfAnO2411e+qejoAAAAASUVORK5CYII=" height="600" width="800" />
<img src="data:image/png;base64,iVBORw0KGgoAAAANSUhEUgAABAAAAAKOCAYAAAA4d2sRAAAAAXNSR0IArs4c6QAAIABJREFUeJzs3XecldWd+PHPU26ZO70xM8wwlKH3pqLSbRhrxNhiUNSYrGluSH4bTCK6boIplsRUzQaCGBVFFNGAUUBBRekiDF06M3Onl1uf5zm/P+6dywwMzKgUWb/vfe1u5j7nOc95Lve1rz3f8z3foymlFEIIIYQQQgghhDhrTZs2rd02+mkYhxBCCCGEEEIIIc4wCQAIIYQQQgghhBBfAhIAEEIIIYQQQgghvgQkACCEEEIIIYQQQnwJSABACCGEEEIIIYT4EpAAgBBCCCGEEEII8SUgAQAhhBBCCCGEEOJLQAIAQgghhBBCCCHEl4AEAIQQQgghhBBCiC8BCQAIIYQQQgghhBBfAhIAEEIIIYQQQgghvgQkACCEEEIIIYQQQnwJSABACCGEEEIIIYT4EjDP9ABOlppQLfsaDrKnbi8HGg9xqOkw1aEaQnYIRzmg4g01cJTiwoJzuXvwVHRNYiBCCCGEEEIIIf7vO6sDABE7wqbKUlYcfJdNlVuoCddgE5vsa2homgaApoGmtFgMQIOoE2VEp2Ey+RdCCCGEEEII8aVx1gYASqt38NzWF9hQtQkU6Ghouo6JAcRW+W3HJtOTgYOiKdqIpmlYjsXQnMEMyxt8ht9ACCGEEEIIIYQ4fc7KAMC26p38/L3/IepEMHQTTVOo+Kq/oxwsxyLbm834wtFEnAjvHl4VW/1XCge4te+NmPpZ+epCCCGEEEIIIcRnctbNguvD9fxqzaNYTgRTN1CxmT9KU0QdizRXCjf0uo6+Wb1Zeeh9lux9EweFrmlE7AgTCsfRO7PkTL+GEEIIIYQQQghxWp11AYBXdy/mcKACn+FNfBZ1LEzN5LoeV3F1yVeoCdXw+Po/s69hP6ZuxjMDFC7DzZT+NyZqAwghhBBCCCGEEF8WZ1UAoDZUx2t73sCju1GAUgpb2YzKP5eb+1xPcVoRiz95k6c2zwbApZsoQNM0IlaYKX1vIceXc0bfQQghhBBCCCGEOBPOqgDAztrd1EXq8epuosoiy5PJXQNu48LC8wjbYf64/knePLAMQzPR0VEoNA0sx6JrWjFXlkw6068ghBBCCCGEEEKcEWdVAGB7zQ6UcrCUzfjCMXyj303k+rKpDFbz6zW/Y2vNVkzNhaZxpDaAUigU3xvybXyupDP9CkIIIYQQQgghxBlx1gQAHOXwUdUWDM3gO4Pv5uKu49A1nfKmCn615nF21O7CbbhQCmIl/0EDAlaIewbdRd/sXmdy+EIIIYQQQgghxBl11gQAglYQt+7igVH3MSJvCAD+QBUPrHqYg42HcOsuILbfvzkKELTCXFdyNV8pufQMjlwIIYQQQgghhDjzzpoAgK7pfG/ot8iNF/GL2lF+t/7P7G88GCsKqClQKlEYUNd0buo1mVv6fQ1DM87w6IUQQgghhBBCiDPrrAkAJJlJJJmxPfxKKf659UVWV6zFYyYRwkJTGm7DTWFyAed2Gsb5BefSK6PbGR61EEIIIYQQQgjxxXDWBABa2l23j2XlH3J+0Vi6JeXQLbmATsl55CbnkePLQdP0Mz1EIYQQQgghhBDiC+WsDAB0Scnnb+MeRrMtnKZKzGAdKhJF2RVgWyhvBprbd6aHKYQQQgghhBBCfGF8cQIAykGFGyEaBE8KmisJjrOS76o7gLP5NZxtS7FqDhBSKlb8TzdQhhsjqwi9aChmyRiMgkFontTT/DJCCCGEEEIIIcQXi6aUUmdyAKrJT3TXCuxdK7Ard0MkCN40jMwuGAX9MLqdj5HbG0zPkXtCdTh1B1ENFTg1+7APbsQuK8Vp8ENzMAAADT23J+6h12L2vwLNnXxmXlIIIYQQQgghhDiFpk2b1m6bMxcAcCwiHy8k8v5snNqDoOuxvfuajnIcNByUAk03MDoPxDXsq5i9LkIzvW12p5qqsP07sHYsJ7r1DQg2gK6jAE0pjM4D8Iz5D4zic0/vewohhBBCCCGEEKfYFzYAoML1hJc/TnTDK6Absf8GcBxQ9pF2mo5GrOq/BhhdR+AZew9GweAT9u/UHiCy6RWiHz6DsqNohomyLdA0vBN/gHvYjaB/cXY/CCGEEEIIIYQQn8cXMgCgogGCL/8Ia/cHaKYb0GKTfgV64QCMLiPQk7NQtoWqO4jj34ldvj22NUA5YLjwXvdbXD1Gt/ss27+N0JJf4BzaAoYLlELZUTzn3Ypn3PdBM079CwshhBBCCCGEEKfYFy8AoByC/55JdN18NFd8T79joSdn47nohxglY49N8bejOHUHsHYsI7JhAarmIBgmSV/7HWa389t/ZKiO0L8fxip9EwwTBWBF8F72X7iH3nDSX1EIIYQQQgghhDjdOhIAaLvM/ikS/fgVrLUvtpj822jJ2bHJfJ9L297fb7jQs7rjPu8Okm/9O+7zvoFybIKv/AQVrG33mZo3He+k+zH7TgQrigZohovwkoexq3af3BcUQgghhBBCCCG+oE5bAMCpP0xo2e/BdMc+UIBySLrmYfTcPh3qQ0vOxTPhP/FN/i0qUEPko5c7dp8rCe+lP0XL6wW2HTteUNMIL30UHOtTv0s4HCYQDOI4zgnbKaUIhUI0BQKEw+FP/Zz2RCIRmgIBQqHP33c0GiUQCBAIBIlEIliWddz362jSiGXbBINBAoEAkUjkc4/xTHCUQ3nAT9AKfeY+InaUikAlzpk9cEMIIYQQQgjxJXfaKuFF1z0Hwbojx/lZIVwX3IFROPRT92X2nIDvhicILX8C9/Ab0VxJ7d6jedPwXnofwblTAQcMN9bu97DKNmN2HtKqbXl5Bas++IDMzAxsx2HMhRdimib19fXMX7CAJUuWUN/QyBOPP05JSY9jnnXw0CFWrFjJ22+/wyd79hAKBcnOymLgoEGMHTuG0RdcgMfjOea+lmpqa3n//VWkpKRQW1vL6AsvICsrC6UUGzZ+xOLFi9n08cfU1tbi8yVR0qOEcePGMWH8OJKS2v8+AJoCAdat38CypUtZv2EDTU1NoGkYuk5mZga5uZ1I9vnwer34fD7qGuqprPDzve99j/79+rbZZzRqsWHjBpa//TarVn1AdXU1SilSU1Pp368fF110EeecM5LMjIw2799es4sPy9aQYiZTFaphWKchDM87cdFHgA/L1rGrZjcew0NluJrLu15El7Qi1patZ71/E7ayyHRnELRDNEUD1EcasbHwmT7yfJ3ok9mL/tl9SDoqC6Ux0sj3lv2Yc/KGM23Ed9G1TxczUyj+9+OnWXHwPR4b90vykjt9qvuFEEIIIYQQ4mQ5LQEA1VRJZNOiWCE+AKXAk4x72Gffg2+WjCPJlxXrq6P35PfD6DoCe+86MEw0TSP60cJjAgAfb9nMj370IxQwatR5TBg3jsNlZXz7nu+w+eNNGLqBpuu4j5rENzY2MvsfT/OHP/4Bl8vFwIEDKS7uQiQcZt26daxdu5bnnnuOsWPH8uADD9C5IP+4Yw0Gg9z3058SCAQwDINXF76C1+vl4V//mmeffRYNDdNlohxFOBJh48aNvPTSS5w3ahQPz/wlRYWFJ/wuNm8pZcaMGaxZs4Zu3btz1513Mnz4MAzd4KNNm5g1axbvvfceqalpfO1rX8OybCr9ldTW1REOt70avm37dh59/HHeevNNDMPk5ptvZtSoUaT4fOzcvYsFCxbw7HPP0bdfXx64/34uOP/YGg7haIhntr2ASzdRStEjo+sJ36NZRZOfOVufxRX/jZ2ffw5dgA3+j5m/6xWSjCQcHL7e+wa6pHYh4oTZVfsJSw+8Q9gOYWouuqUWM23E9+iSduS7qwhUEnbCvHPwPa7pcTm9s3p1aDzNDtYfYtGef2FqBmHr7MyCEEIIIYQQQvzfcFoCAFZ5KaqpGs0VX121o5gDLkdP/XyroUbBoE93g25i9p6IvXdN4m9797uoUB2aNz3RLNmXjMvlIhqN0rNnTwKBIN/9znfZuH49mdlZWJEo4UiYZJ8vcU8gGOTub/8Ha9eu5eGZMxkzejQZmRmYhoFl25SXV/DY44+zcOFCli1bSn1dHU/P+Qdut7vNoSb7ksnNzWXfvn2kpaXhdrm594c/Yvu2rcz85S8ZOHAgWZlZVFVXsWzZcv74pz+hlMOq99/ne9//Ac8+Mxevt42aCsCW0q3ceNONNNQ3cOONNzLj/p+TnJycuN6nT28uu/QS/t9/Teffb/2bpsYm/uvBH+HxeI67LWDtuvXcfscdNDbU06dPX574/e/p1bMkcX306Au55aabeOHF+fzsZz/jttun8te//JmJEya06sfWFB7djaHrKKUwNNeJ/03j3KYbt+HG0Aw0NNxG7Hs1dRO37kbhkOZK4aqSSXhbrPJfU3IFv1n7e/Y27GN3wyf8YvVveWzsL0mKZ5XUhOtiWx40WLDzNX58zvc7nAXgKIentz6PhoYC6iMNHbpPCCGEEEIIIU6F01IDwN67Gq3FpEmhMHtcCGin4/Gt6NndUc3P1XScxkqchrJWbXKys7EcG4DkpGSe/NtTlFVU8PdZs3j5pZd48cUXeOCBB4lGj6zoNtQ3UF9Xz2uvvspXr72GnJxsTCN2zKBpGBR2LuAXD/0348ePxzAM1qxZw8JFrx13nKZpkOT1oGkapmHw05//HI/bxasLX+H6yZPp26cPnTrl0q9vX+75j2/z6COPoBR4k5JYv349by1d3ma/wWCQH/34x4TDYXJyc/nJf/2/VpP/Zmlpafzifx4iPT2dfz77DE/97W+x70/X0fXWP5vq6mru+c53CAeDZGVl89e//KXV5L+Z2+3mlptv4itXXIFj23z7nnvYs3dvqzapZjKapqEUOCgy3WnH/Y5a8uru+M9JoWkaKa54cEbX0DQdDQ1NNwnZrVfhi1I78+1Bd6CUg0tzc7DpEJsqtySulzWVxQIKusl7ZR+wu/aTDo0HYEvlVt49/AFuPRaMqAj6O3yvEEIIIYQQQpxspycAcHgL6EeSDTTdRM/ofDoefSzNQDNarCorcPy7WjWpq6/DNAw8Hg8LXlnA4sWLefGFeUwcP46uxcX06d2bW266kby8vMQ9SUleHn30t/RsY+LbzOPxcM9/fBvLdjBdJgsWLCAajbbZ1jRNDJcbTdOorqlh85YtzPzlL0hNTW2z/WWXXsKtt95KMBjE43Ezf/4LWNaxBQ4/3ryFraWlgMbVV19NVlbWccebnZ3FRRMvwu328Oc//4Wy8vJj2iil+P0Tf8Tvr8B2HH7w/e/TtbjLcfvUNI1v3nUXhmlgWxZ//OOfWhUVtJQFaKCBrumEVdvfz9F8ZlJsN4imgaYRVbEATqqZjFIOtlJ4dBdu/dikl84p+SS7UnBw0NHZ27Avca0+3ICDA0pDoXh+20s46sTFHwEsx+Lprc+ja1pzXIKaUPunVgghhBBCCCHEqXJaAgCqqTJWeT/2V2wF3tt2EbhTPxgnNkkkNunUdB2nuvUqtCI2+UTTqPD7+fGPfkxB/vH360Nsxbx3r/b3hxcWFpKZkYGm6ezfv5/QcU4HMAyDZJ8Px3EIh8N8/7vfJSUl5YR933D99Yl7t5RupSkQOKbN6tWr4yv4iiFDhhxz/Wh9evdG13VC4RDr1q8/5vrhsjKee/45vN4kkn0+Lr30knb77NatK/n5+bhcbhYvXkJ1dU3imqGbR36UCrzGiYslNgs4EVyaEd82oOMzYmn+me50LGWjaxqmptNW1ont2LGfBLGsgyxPZuJaRbASVDxrRTP5sGIdu2v3tDueNWXr+bh6C6ZmgBa7vzZS36F3EUIIIYQQQohT4fQcA6gUzRPuxAQsWHO81qeWpoMVpeVEUIVbT5RdLjcKhW1ZFBYWcu4555y0x3vcbrKzs1HKwbKs4x4PaBgGSR4Ptm1jGgZDBrdfCT8rO4vMzEyUA4FAE42Njce0+WTPHkyXCWikphyb+n+0lNTURKHFgwcOHXN9xYqVRKNRbNtm5MgR5ObktN9ncjIlPUpixySGQ2zZciTlPsnwxn4pSqFQiYl8e5IMLw4OSik0NDzxGgBNdgBTM9A1DUc1Zxi0VhHw0xCJfVce3cXwTrGTKcJ2hMNNZRi6QWwKH/uvuVvnYcczDNoSjAb5R+mzmJqJocUyDjRNwx/wo5CjAIUQQgghhBBnxukJAGhG67+dKE7DmdkPrYK1qJYp3I5z5HSCuOa9+5ZtM6B/f3wtiv19Xo5SBIOBxHNMs+06jErF9rJrmobH6yU7+/ip+i3HnZ2VFZ+mQih0bHAhOzsb245NlB27/VT22toaNF2L7YN3t/6eHMfhw9WrMQwDy7I477xRGIZxnJ5ajNM0Y4EKpbCsKA0tAhWu+G9FQatifu1JcSUlivVpxDIJAOojjZjxEwXQdMyjtgA0RBqZu/V5FArLsbiz/xQyk2LZKbZjURmsAuCKbpPwGh5MzWB1+Vp2VLfeNtLS+4dWs6v+E3pllHBtyZVYjo2GRmWwiojdsS0NQgghhBBCCHGynZZTALSUbJzaA2iJQICGvfdDXL3Gn47Ht+L4d8ZrssdzEnSdo4u6G4YBKrZTIDk5GcP4fHESpRS1dXXs3LmLZ/75DBUVfnRNRzd03K62q9xrmkZdQwNutxtd19A7MLF2HIeoFUXXY0XvPJ5j0+dHjhjOX//yFwzTYO/+/e32uXPHrsTe+t69e7e6FolE2L17N7quYxgGby1dSn19A9XVVaSmpePxuPB6vDjKIRQMEwqHCAaDdMrNZc3atRiGQVNThMaGFpkK8Vx8Lf4/XtjxMp2ScjB0kwarEV0z8BpedHSCTgjbieIzkjgcKEfT9FZBAAA93l/zv3jEjuA1PNSHG9havYOnS5/lk4a9ZHrSmdL3Fi7pduRUgkA0SF2kHtux+Eq3S3DrLp7bOR9TN/nb5jn8avSD8eyAI4LRIHO2PoupGXyt17X4TB/P75iPoRnUR+oJRoOJ7AQhhBBCCCGEOJ1OSwDA6NQLZ/86IDZZ0gwTa+sbqNHfanX83ilnR7H3fgjxSVusOJuDltG6aJ2mxUIESoGutz/xPlpNTS179u5h1+7dbN+2ne07d1BdVUMkEqJ7t+5kZWVRXVWF0U4GQHMWgK7rNLWRzn80J35P8zuktlEzYPjw4WRlZVFXX8dbb77FbVO+ges4Y6hvaODtd5ajaRoFBfkMHDig1fWmQAC/3x8LOGgalZV+3lnxDr7kZJJ9PjweD+FwGNPQcbvdWJaNZVvs2r2brl27UlzcBaUUBQVH1VeIl2jQ0fikYS/lIT86Bm7DjUs3sR2HiIqCclDKIclMojZcd+TeY/pS8RV4Pz97739Id6VQHqykOlTNkJzBXFQ8gfMKRlCYUtDqVn+wEgsbt+EhxZ3M5d0vYd7OBRi6wdaa7Xzk/5hhea3rKCzavZjDgXKG5gxiZN4wdtftQY8Pqjba0KECgkIIIYQQQghxKpyeAEDBQKLq+SMfaDpOg5/o9mW4B197OoYAgF13EPvQ5lYnEqBs9Px+rdrF9pHH//Nxzr1vy8FDh5j3wgvMmzePmppaevbsySWXXMKUW79Bly5FFBYWEgoGueXWb1BdXYVpuggEArjd7a8Ia1r7RyY2V5vXNA23200oHCKd1sfoZWVm8uCDD/KDe3/AmrVrWLToNb567TXH9OUoxZNPPkVlVRWGbnD//fcfE1BwmSaReA2DQCDAjJ/fz+jRF7Yaq67rrYIZLSv+N//no48VbC66Bxr3Dr2HHhnd2n33zf5S7nv/vzkmAqBAxYMAGd4sQGNj1WZMzcQ0TG7qfR19stsu3lgTqsWyo2T7stB1nRxPNhd3GcdbB97B0Az+vmUuj+b0xxXfQlITrGHezpfRNLit380YukGqKxXiJwFE7Qj1kQaykjLbfJ4QQgghhBBCnEqnJwDQeRC4vODYR1K8TS/h5Y9jllyInpx7OoZB9ONXwY6A6SU2M1TgTUc/akLmOE4sjVyLTYQ7YvOWLUy94w7Kyyso7tqV//3fvzFy+PBj0vDr6+tpamoCYscCakdPfuM0TUsU3+sowzBwxwsHulyu4wYNvnL5JGpqHuDxxx/jvp/eR31DPZdecgmZGRkopajw+/n732cxe/ZssrKy+OnPfspFEyYc048CzPgWBtMwCASCbdYAaK5lkHivDtGwlY1bb3uLxLFiq/zHfKrFagk4KJJMHz8Z8QOe2PhXtlRvxbItfrv+CX514YNtTsoPN5XhoMj0puOJn0Zwfa9refvgeygUn9Tv5d2DqxhfPAaAl3Yuoi5SxwV559EnKxZUcBsufIaXkB1GKYfqUA3d0os7+E5CCCGEEEIIcfKcliKAenpn9G7noZwWFdh1A4INhJb8EnUaCqPZtfuJrnkODDeJEwkcG6NwIHpy68r1TstV/w5MwuvrG5g69Q6qq2voXNiZZ55+mgvPP7/NPfhW1MKyLBxH4XG7EgUHj6aUIjklGcuyjh3Tcei6gQaxkwNMA19S28ULdV3nG7d+nd/97vdoms4vf/lLbv3GFO785jeZeuddfGPKbbz//vv8cNo0Xl24kOuvu67NiXuS10tRUSG2HQvsHDx0oN0xtkcdlSLfVtX+tljNVfm15n7i2QUqlnWgAyErQH5KJ+4d9h+kuWOZEeWBch5d/0eibfwGDzQeRkcj3Z0WOxYSKEztzBXdLiPqRDE1k6e3zSNsR6ho8rPwk9dx6W5u7XtDojaApumkutNivzgNygMVn+4LEUIIIYQQQoiT5LRkAKAZeEbeSGDH8hYfKjDd2DtWEH7rV3gv+n/xyfnJpyKNhN/4JcoKo7Ws+K9sXP0uS9QEaBabbGuA1qEMgLeWvkWFvwKX6eL6yddT3KXohO0dx8ZxHAzDPDb9PU7TNEzThRWNYrvdpLSxn/9o4UiYqBVF08DQDUzz+PULPvhwNQ8+9BBTp97BTTd8Dbfbhb+qCqUUOVnZZGZm4PWe+Ag+t9vNsGHDWb9uPWgaW0q3JVL9P6uoY8eyL+Jfu2V3LAAQsGPvrYhN+KPxYFOON5uoE8VluNCAoBUiPzmPn5/zY3787s8xNZON/k3M3vJP7ho0JZFFYDs2ZYFyFIpsb3YiAABwebeLeW3vElCKikAF/9r9bw42HSJkh7is+CJKMnsk2vpcXlJdqZQHKrBRieMGhRBCCCGEEOJ0Oz3HAAJG4TDMoqFw9ITOdBFdv4DQm79CRQIn/bkqGiT0xi+w96w+avLvgC8Ts8foY+5pXm3XNHCcEwcAlFKsWPkuHo8XNI2iwsITto9EI1iWjdvtJhgKttoTf/QYIpFIfMuE6tBRhLZlEY1GMQ0ThSIcPvYYQAC/v5JvTPkGdjTK975zD126FJGXl8fA/v0ZNGAABQX57U7+m1191ZUoLRYMWLr0LSoqPt/xjk12MPYftNjRgw1Wx34TlhNBQ0cHHOUQtENALKNAEfs+Dc3ApcViXn2ye/HNAbcRdiK4dRcv736NlQdWJfoLWiEqAn40dNLdqa2e1Tm1gMu6XERU2bgNF3O2Psdb+9/G1Eyu6nF5qwCIS3eR4vbFahooRU249rN/OUIIIYQQQgjxOZy2AIBmuPGM/37bE17TTXTjQoIv/xCncudJe6ZTf5jQq9OJbnkTjNZ7yZUVxT3qNrQ29n5btsWRw+jazwCIRCI0HzZX31B/wrYu00VTU1Oiuv/xWJZFU1MTpmmgFFTXtD9xVErF0/FjOxcikba3Vix4+WWiUYuc3Bxcrs+XBNKvb18unngR4XCYxsZGnp4791PdX1lZ2eo34dYNHOWgAbGpe8fqIPhMb3y7QGy/f8SJvXtlqBaXbqBpsW0CzZ8DXNHjMiYWjUsEAR5b/0d21XwCQHWohrpIPZoOGd6MY553dcnleHVPfIeIIuJEmFA4hpKM7q3a6ZpOmjsNhULXNMqb/NjN2xWEEEIIIYQQ4jQ6bQEAAKNwCO7zb4NoqI2LLuw9a2maeyeRNc+gGj/7XmkVbiT68SsE/nkX1s6VrVf+0cCx0LOLcQ+ZfJwOFI6KTdjCkchxV+khlqo/fNhQIpEIhq7z9rLliX37RwtHIjz22GNYloVt2yfcAmBZFqFwKFE5PxhsfyU8FAoTCoVxHIWua6Smtr1tIBwOY5ompaVbWbhoEf7KSgKBAJZlEQgECAaDhMPh475HS7quM2PG/aSlpWEYBn/73//l+RdeaPc+pRQvvDifP//1yVYr5mErghZP448dxdixUxhqQnUY6IBCKXBpse0PlorEQwgaETuC3vKEAk3nrgFTyEvqhFIOtrL5xerf0hhpImJHiDgRNKWR4U475nkFKflM7DKOqBNNFIv8Wu9rW20VaJbpTUeh0NApD1Z0eFuDEEIIIYQQQpxMp6cGQIKGZ9Qd2HtXYx/ajGZ6OLLCq8AwwQoTfutRImufwzX4KsyeE9AzitBcSSfu2rFx6g5i7V2F9dFC7PJtgBZf+W8xgVc2KEXSlQ+huZPb7Co9PQPLtjB0AyvafoHCyyddzqOPPY5t26xeu5Y///VJvnnnHa3S6Ldu3caD//3fDBgwgB49erB37x727dtHdU0NnQsKjunTsm2ikSjEJ8PHW81vyZfsIxIOo5TCcdRxAxcTJ07g9088QSQS4b7p95GVnU16ejoetxsFuF0uPF4vHo+HvLw8+vfrxwUXnE/3bm0fx1eQn8/fnnqKb3/7W1RX1zBjxgwOHDjILTfdSMFR7xaJRtmypZS/z/o7L7/8Mn/9y19bXQ/bYRzlYOoGmnJojAbbfW8AUzeIKgu3Fvv3ro3UU0hnwnY8gKPFAgD2UcUU071p/NfIe5m24qe4dBf+oJ+/fPR3+mb2QimFoRnHrWkwuedV/HvfUsJ2lJGdhtElre3aDx7Dg46OpmlUh6oJWEE85rEFIoUQQgghhBDiVDrNAQDQ3MkkXfsbAs/cgaqviE36WzXQwHSjGioIr3iSyLuz0Dv1xMjvj55bgp5eEDvGz7bAMFAN5djV+7APb8YpK4VVaSkKAAAgAElEQVRwE6CB3sarKYVyHLyTpmMUDDruGA8fPoxtWYSjIaKRSLxg3/EL6hUU5PObX/+aH9x7L0opfve7x3l35UrOG3UeLtPFR5s+Yt36DUz7z//kphtvoPeLvfmvn/yE6qoq7vrm3YwdM4bJkyfTq2dJos9QMER5eVliH39jY0O7321NTQ2RaIRoJEptTQ2BQJCkpGMDJ/379eOxRx/l9088wf79+/H7/ZSXl8e2DwCGoRObM2vomoam63g8Hm6++SZ+8P3v42ujz+HDhjLv+Xn8+re/4c033+KJ3/+eOf/4B2PGjqVH9+74kpOpq61l9ZrVbNr0Md26deMfs//B2DGtazA4ysFRDgoDBUTttusYHPPuobr46rsW20IQj33o6FjKxqMZhJ0oNeFa0jyt9/T3zurJ1H5fZ1bpM7gNNysPreKDsjW4dTcODmZbvyWgU3IulxRP4OXdr3Fzr8ltrv4DJJvJNB9TGLYjVAaryWxjW4EQQgghhBBCnEqaOlF++ylk1x0k9Pw92LUHj0rRb4PjQKyMGhA/S17TUM2rufEVXk3T40Xz2qAUyrHwjLsHz3lTSZwX14YdO3Yy/6UFZOdkY9sWU2+7rc0j/Y628aOPeHruXFat+oDqqip0wyA9PY2JEy5i6u230aNHbH+4bdsseu11PvzwQ3RdZ+TIEYwdM4bMzCP1CMrKy5kz52lycnKpqKjgqquuYED//id8/o6dO1nw8ivkZOfgr6zkrjunkp2V1WbbhsZGHn3sMZ599lmGDBlK7z69KcgvIDsri9raWsorytmxbQfrN27AsiwMwyAYDHDLLV/nwRn3HzcgYlkWH320iUWvv867K1dy6PBhLMvCNAySfD4uvPACrvjKFVxw/qg2CxsebCyjvKkcl+HCcizyfJ3onJLf7ne/q/YTGiONaLqObVt0T+9GhjedT2r3UhepR9d1bMemX1ZvvOaxBQ7DdoR15RvwmUm4DDfJppeIY9NkNdE9rSvpnmO3AQDUhxvYVb+HITkDjhsAqAj42d9wEJfhwnZseqR3O25/QgghhBBCCPFZTJs2rd02ZywAAODU7iP02gPYBzaC6YL4Hu4TUbSeuh/9d9sPiq1seyZ8H/eIW+A4E7XjPvNTHG2nlKKysgq/v4Ikn49OubkkJ7e91eBMWfXBB0y/76dkZ2XzwAMz6N2rJ273sUcwRqNRtu/cycMP/4oPP/wAl8tNKBRi4Suv0L9f33af09QUoKa2hrq6OpKSksjJziYtTSa+QgghhBBCCHGyfeEDAAAqVEd41d+Jrn42tpJ/9JaAjvbD0YGAeB1520JP7YT3KzMwu573+Qd8livduo0rr7qK3r1789w/nyE9Pb3de+rrG7j9jjvYsmUL0WiEGTNmMOXWW0/DaIUQQgghhGitMlTN7zf9hVXlq6kO15zp4YijZHkyGZV3Dt8f9G1yvG1nI4tToyMBgNN6CkBbNG863vH/SdJNf8ToMhQcK7Fi/6n6afmHAuwoOA7uYdfh+/rfZPJP7BSC+2fcTzQaYdoPf9ihyT9AWloqt9xyM9FoFEM3qKysOsUjFUIIIYQQom2PbvwDr+97Qyb/X1DV4Rpe3/cGj278w5keimjDaS8CeDxml3Mwrh+IvWs5kY0LsPdvjAUCNAOlae2n4CsFzUfG6Tpm/0txD7seo3DYqR/8WWLXrt1s+mgTaWlpdO/edkX/4ynuUoxhGFiWRdfi4lM0QiGEEEIIIU7svbIPzvQQRAfIv9MX0xcmAACguZIw+16O2XMidtlmrL0fYu1+F8e/O5YZED8bXnNs0GMV32NF/2InBxidemN0Oxez90SM7JLjFwT8kqquriYSjeL2eDpU1LAVDVAK0zTp1bv3CZs6jsPBQ4eIRiIkJyeTl5cHQDgcwV/pT5w2kJ6WRkZGBkopyssriERiR/YpFIZh0LmggIbGRqxolJycHABqamuxLSvxd7NIJBI7vcG2yczMIjPzSJX9pqYAfr8fUGRlZSXqEFRXV2NZFp06dQKgtrYWK953ZVUVgaZA7EQBNDIyM0hvUb+gqSlARUUFuq6Rl5eH1+vFsizKyyuwbAtUrB6E2+OmID8/EcAKh8P4Kyvp1KkTbpeLaDRKeUUF+Xl5RKMW/kp/7DtQiqSkJDrl5rYKftm2TXlFBUopCvLz0XWdpqYm/JWVZGVmJt7NsiwOHjpEQX5+or5DKBSisrKKzp0L0HU9Pt5y8vPzE0UdGxoaaGhsPOZoStt2KC8vJxwO4fV6yY+/UyQSoay8PHbUooqd4pCakkJmZiZl5eXompZo29DQQHV1DdnZWXg8HsorKnBsG6Viv5mUlGRycnIoLy8nJSWFlJQUAPx+P0lJSdi2TXVNDaZpomkaVjSK15tEfn7eCX+PQgghhPi/pdFqOtNDEB0g/05fTF+oAECC6cEoGo5RNBz3ubehGitwavbh1B1CBWtjk6toCN3tQ0tKR8ssRs/qiu7LAjlf/bhcbhemYRCJRKitraOosLDD9+7bs49QKMTQ4cPo06vncdtFo1H+teQN9uz5hMzMTKprahg8cBDjx42lpqaaF+bPj5124Chq6+r4yqRJlJT0YMHCVzANg5SUVBzHIcnr5fJJl/HRxo9Ys349d995BykpKaxevYaGhnomX3dd4pmRcJiFixZR39iIoRtU11Rz3TXX0LVrV8rKyljwykJMw8B0uWhoaOCr11xDly5FvP/BB1TX1PCNW24BYMOGDVRWVXP95OtYvvxtDh4+TGZGOlbUIhgOcfVXrqBLcRcqKyt54aUFuF0mkXAE0+Xi5htvAGDe/PlkpKfj9XpwHIesjEzyLu2UmGBXVFTw4ksL+PotN9MpN5e6unpenP8St33jViorK1n42mvkxQMS1dXVDBk8mDGjR6Prsd06oVCIVxa+SmNTI3dNnUpmZibvvvc+Gz7ayIXnn8+FF1wAxE6yeOmVV7hi0iSGDh0CQHl5OfNenM9XJl3GgAEDaGho4IWXXuKu228nJTUVpRT/WrKEPXv38a277kxsEYlEIrz+r8XsP3iAjLR0/FVVDOzfj4svuoiq6mqef+FFOseDEY7j0KNHDwYNHMCL81/Ctm3uumMqaWlpLH/7bUq3befSiy+iqLCIeS+8SFZWFh6Pm2jUokf37mRkZPCvxUtwud3cfOMNGIbBm0uX0q9PH9xuN2vWraOpqYlIJEpmRgb5+Xnk51/S4d+xEEIIIYQQX2ZfzABAC5orCS2zK3pm1zM9lLNe/759ycjMoLy8gvXr1zNwwImPFWwWCod5+pmn0XSNn06/74TZAxs2bGDfvn1MufVWUlNTKS8v59l5L9CrZwlebxLKUUy+9lpSUlJ4+50VvLNyJQUF+ViWxfgxY+jbN366gAJN1wBFKBRixcp3uXzSZWi6hnZUucfKqir27j/AlK/fQm5uLh+uXk1dfT22bbP4jX/To3t3Jowfh67rrFu3jldefZW77piKy3S17kvT4s+ESDTC0MGDGDd2LEopXnn1Vd7/8AMKiwr51+LF9O3dizGjRxOJRFi85A0qq6rIzclBOQ5XXD6J3Nzc2GsolZi8H3mMhtvlan5kYoXfcRS+pCRuuP56XC4XO3bs4NXXXmfI4MFkZBzJaHC5XLhMF4cOHSYtLY1Dhw7hcXtwHBXvx2HT5s0U5OWx/qONDBw4ILZqTmwrzZtLl1FSUtLiKMfY82tqaqio8JOensa27Ts495yRAKzfsIHDhw9zW/zf9PChw3y4ejXhcBgNMHSdydd9tdXvIhAIYBixLIOqqiqSkpIoL/fj8bhju3XitUevvvKKVsdfOo6D2+1iz/59bNu2jf79++MoheMo+vXrR58+fXj33fc4cOggN0yejH6c4yiFEEIIIYQQx/rCBwDEyZOamsqPf/T/mPajH/LIo49yzjkj6dunzwnvCYZC3P/AA6xdu5af/GR6YlLYFqUU23ftYtiQIxPWzp0706WokG3bdzBo4AA0XaempoZQKITf7yctNRXTNPG4XKzdsJF9Bw7E0vJzczln5EhsR9G1uJhdu3ezb98+UlNTqa+tb/XcrKwsOuXm8ML8l+ha3IU+vXvTo0cPGhoaqKqqYtKllyTS4AcMGMB7H3xARYUfXW9j8hg/E8M0TcorKtiypRTbtvFX+Dnv3HNoaGigrKKCyydNwjRNTNPkuq9eC0BDfQOGYbBi5bukpKZgWRbdunZjQP9+ie41XUeheHvFCjxuD4FgACd+zKSua0SjUUpLS/F4POze/QmdOuXi8/lafMfgMk169ezJ4bIyOnXKxTBN8vPzsW0LiGUOVFVVcvONN/LsvBcoKyujqKgIRzmkZ2TgdpmsfPddRo4YgWkYiQqaH23aRP++fSkp6cFrixczbOgQTNNk08ebGT5sGGlpaYRCIXzJPsaNG4tpmiilcJTDm28txeVyEQqHGT92DF6vF8MwKelRxP79+/F6vXi8bpJ8XhzHjr+vztvvrMDn8xGNRunfrx/dunVF1w369OzJ8ndWUFhYSJI3CcuKomlaLGgR/99mPIgihBBCCCGE6BgJAHzJXPfVa6iuruLXv/kNX71uMg/PnMnYsWPISE9vtde8obGRjzd9zKOPPcb6DRt44IEHmHrbbe0WY7QtC9Ns/bMydINoNBL/S7HoX4sxdZ209PTE5NxyFCnJPjrl5GJZsfRuiG0p6FrchcEDB/DmW0spKirEMFqvqHu9Xq6/7jp27NjJ9h07ePnVVxl74YWUlJQAtFqB17RYBoHj2Og6eNwtJpEK9Hjfuq5TV1fPx1u2sGfPHsaNGcPgwYOpqKhI9HO05slweloa2dnZWLZFakpym+183iSS49dUvHilpmlYls3uPXvZtXs3Bfn5fG3y5ETwItYGopZFcZcubN2+jU0fb6ZzQQHhcJjmmXzp1q2kJCejlCI7K5O169dTVFSEhobH5eKSiy7ixQULSElOxu12o+s60WiUjzdvZtS55+J2uwk0BSkrK6NLly5EwmFc8cn29u3bWfnee0SjFtdcdSU+XzIaGtlZmXg8HqLRKKZhoJTCtm26d+vGjp07iUSjFBd1obqmOr76r3CUIj09jcyMTKLRKElJXiBWJ+HckSPZsWsny99ZgeM4rYI1zV997PMzfpCJEEIIIYQQZw0JAHzJGIbBt+7+Jueccw6zZs/mZz/7Ob5kH3379iU7KwsHRX1dHZ98soeG+nrGjh/H//zPQ/Rpp/AfxCawhZ07s6V0G8OHD8flctHY2Mi+Awe47OKL0XUdXdO55qoryc7KSkw+w+EwtmUxcMAAesYn7c2UUgQDQc4fNYrNpaVs3LSJ/n36tmqzdds29u3fz6UXX8zgwYN4//332bR5CwMHDsTt8bBz565Eob/9+/ZjWRa5ublU+Cs5dPhwop9gOIRyYpPxSCRC3z69ueD883lr6VJKt21l6NAhZGbGJrqHDh0iOzsbpRSLFy+hd+9e5OXloRzFueeekyjGdzTlOGiaznnnnUtaWho1NTVs3b4tFjxwHJKSkrj6yivYv38/Ly98lfLycrp2PbL9RQGWbZGekY5pmKxZt45rr76KnTt2YrpMotEoW0q3omkar772OpYV5cCBgwQCAVwuF8FQkNxOuYwdPZol//43yT4fpmlSVlZGMBhiy9ZtlG7bjsfjZv2GDXTp0oVevXqxbcd2hgwZzODBg8nPL+Cfzz9HJBLF51OgaZx33nmtJuMNDQ1Ytk1mZmxyv3HTJq696ioqKv3xLQCxf9tR556LL/lIkMS2bWzHAU1j7OjR/G3WbKKWRc8e3Vt9B0IIIYQQQohPTwIAX1LDhw1l+LDHOVxWxp49e9m/fz+1tbUkJXnxepMoLu5Cj+7dE3vZO2rk8OHs3LWbeS+8SPdu3Sjdto3c7Gx69+pJZVUVitiKvdfrTdyjVGwSuWbtWsrKymOp7ApGjhyBrmuEQ2EMw+DiiROZNWcO4Uik1TML8vJZ9NrrBAJBOhfks27DRoYMGYzP5+PiCeNZ9Pq/aGhswGW6WLdhA2MuvJDk5GS6d+vKOytXsnDRItLT0ti8eQtXXvEVIBYAiITDaJrG6Asv5KlZs1i6dBmTJl3GZZdcwsJFr+GvrKS2to5du3czatR5qHgq/9vvrCAjIwPbtkjyJjF8+LDECrqjFMpxCAZDpKWlYVlWYjLsOA62bWHbNt26dWPwoEEseGUhd069ndTU1OYvi1AwhNfjobBzZ3bu3kV2VhYbAwFycnPZu3cvwWCQu++8E7fHjWVZ/OPpuWz8aBOFnTtjWTaObTNgQH/Wb9xIVVUV4XCYVR9+yNChQxg/diyaplFZWcmcZ55hbG0tF5w/ijlzn+HZ5+dR0r0H+w7sQ9M0MjMzcBwHpRyWLl2Gx+PGsm3y8/Lo3Lkz4XAYr9dDXqdOlJWXk5WdTVNjE47jED8mgWVvv01aWjq2bZGaksKAAQNQjh3fapDM+HFjeX3xkvg9MbZlY0Wjn/5HL4QQQgghxJec8cADDzxwpgchzpzUlBS6FBUxYEB/RowYzpDBgxnQvz9FhYUkJx+bvt4er9dLr54lBEMh/FVV9OjejfHjxuHxerFtB9M0KC4qSkyImxm6gWmaRCJhbNshakUp7tIFj9tNekYGOTk5+Hw+kn0+cnJyEpXym5/Zs6SEqsoqqmqqGdC/PyOGDcMwDHJzcykq7Ey5v5JwJMyF549i0KCBaJpGcnIyxUVFVPj9BEMhzj3nHPr26YOmaTiOQ35eHpmZmZimSVHnzlTX1lJUWEheXh4FefkcPHQIn8/HpEsvIScnJxEAQINoNEI0aqHrGkWFhUcK7imF6XJR3KVLIrVf0zS6FhdjmiZebxJdiorQdZ3OnQuwLAufz9fqCEJd1+lcUEBqahopKSmUlPRAocjOyiIcCdOje3cKCzuj6zqmaZKREZtg5+bmkJSUREFBAS6Xi84FBfEj/fKob2hgxLBh+Hw+dF3H5/OhaRqpKSlkZWXRq2cJ0WiUCr+fTp06MXHcOHJzcxPF/GzlYEWjRKIWvqQk8vI6YRg63bt1Iy0tlYyMdLp17Zo4vjAtLT2RMRCNRohaFoZhUlRYiG4Y5Bfkk5KcTHZWNoahU1RYmMiqUEqRnp6eOF5QCCGEEF8uT5bOPtNDEB10d//bT1nffr+flStXsmzZMpYsWcLWrVuprKwkPT39M81jPq9YzbSfUFxcTOfOnU/78wHeeOONdttoqvn/gxdCCCGEEEKIL7iR88efmo5HzGFNt+JWH+3ZM57r13a8i5vHLmJa+k4eefVenj3Jw2tTz8dZNqQn2zdeybd2woxLl3MVixn5xsOn4+ntWjN5+UnvMxAI8Mwzz7BixYrEZ9nZ2VRVVSX+HjNmDF//+tdbFdM+1Z588klWrlzJmDFj+OY3v3nantvStGnT2m0jWwCEEEIIIYToCP9SHpw2m+Lpc5ja7zNcb0fprCnMZDpzPvXNpcyaMo+uj8xgYru7N0uZNWUmfMYx/l9189hFTMut5tX543mw+cOej7NsyHKWJf+BCe+8eCaHd3w772XCzjM9iNNn7969zJw5k0AgwOjRo7nsssta1cvau3cvS5YsYcWKFaxdu5bp06e3un4qrFixggULFlBZWZn4u7S0lK9+9auMGTPmlD77s5AS2kIIIYQQQnRYCfvmPchS/9GflzJr2mx2nYkhic/pesanp9DgX3hk8g+w816e9DeSmj6am8/U0ERCIBBg5syZKKV46KGHuPvuu+natSt+v5+tW7fi9/vp2rUrd999N9OnT0cplQgWnCpz587lqaeeSkz+m1VWVvLUU0/x0ksvnbJnA1A6iykPLuWY/3N0ApIBIIQQQgghxKcwZkwxKzb5mdhyub10FcsmTGDCsmVHPotnBBwJCpRwe/MqvX8pD/4JxhTPZvYyYMJ0prd6ip+lD05j9q4JTJ8zlX6Jv5u7up1HZkwkN76ivwxg2hT2Tp/DlYcfZNreG5jOTGbGhzOhnayFNsfYxvWS2x9hRvPF0llMmXnkfY/7jLNEqrfnMZ89+86VLVL5f8KLkydBq20BbX0G4y9dzrR4DWciG1ptCYhlG6Qk2jb4W2cYHPd6z8dZNiSL7f4sRuSmxPothbtbbAGIyeevVy1nRPNJ0g1HbQno+TjLhgwlleNc/4KaO3cugUCAhx56KLGqP3fu3Fb73vv27cu9995Lv379uPfee5k5cyZz587l7rvvPunj2bt3b7t77l9++WVGjBhx6rIQcrpSsmsFm/wTO5D9EyMZAEIIIYQQQnwag0ZRvGJTq1W30lXLmDBq1JEPWmwHmDNnDnPmPMLtJbuY/acWq3W7ZrOi6yOx661mzvHJfvF05rSY/K8YE287Zw7Ti2czbVYp0I+pc6YzgRJuf6TFBHzZTOY19/3I7eybOYVZpUe9R7tjjGU1HLk+neLZ02L9lM4itpNgTotntJUZcTZ4kW8d2gepk1gzeTlrJi/ir8fGAjrOPZTeoT8wcv54Rs7/A2sZyrRLfxK7NmJOYqvByPnjGblxA+TennhebPIPaze2vP5dXhzR3HkxI7wrY9eOV2cgdSjZh+L3z1/MntRJLBt7feL5a4b0ZHtz//P/wFrPJNY0j+8Lqrng3+jRo9uc/Pft25ekpCS2bt3Kk08+CUC/fv0YPXo0K1euxO8/+T/MJUuWdKhdy1oFJ13uIMaU7GJvZftNm0kAQAghhBBCiE+lH6OKV7ApMacoZdWyCYxqOYfPnciMOS1XxHMZNKbkqH5KGDPo2GW70lnTmM3tPNJ8c+kiZnM797RY4us3dToTls07/oS7pEX73IncMAGWrToqAtDOGP1L57Gs5HauTFzvx9Q5c5jaz8/SecuYMH0q/Vr0dc/tMHvR0VGGs8TaKbHJcAQghRFDlseDAXOY8Wn7imzgycSK/ot8q3QDDamj+WtPuDk5q3XbnfcyYX7z6n3zVoTZR1bzd97LhPmtswv2VLWzWt+wuEX7h7l+zz5Sc69mBjAju7h1/0eN74tq3bp1AFx22WWJz8aMGcPw4cN56KGHuO+++xKr/M1tW7Zv+dnJcnTa//Hs27fvpD/7iFwKimHf4Y4HOGQLgBBCCCGEEJ9Sv1HFzGveBlC6imUTRjEVWHVMyxYp+gAl7RQFWzaTmUDJ7YNIZOEf3ge7ljFtytHH35Vw3EPWigtoGVrI6VoCKw7jp6CNxm2PsXLvLii+gWNDFJXs3QXLZk5h2dGXJhz3zc4CL/KtV1sU+4ufCnDVVY+z/dNU9Q+XtW67s4yqIUPJTodn31nJ5MmTuGrycq7i6PT/nmS7oarpRAUHG6mqO/HjG0JHVQWsq6aBnnTueT14IDX1u6yZ/N1j+v0i27t3L0CrVPquXbty7733ArEMgeYV+ezs7FZtWt5/Mm3durVD7U5tAAD6jZrArnmb8E+c2KH2EgAQQgghhBDi0+o3iuKZiyidOBVWLWPCqKlAy9XvI5PqktsfYc7EXPxLH2Rae9nAJbfzyD3wp2l/YumgFnvxE3v+T6bPOMa4s33Pf7vWTmEkc1jTrSfje8KzJ6Xa/sNcPz+2gh9L949NxmOBgJPR/4nEAgxH1xw4G1RWVpKTk9PmtdLSUn73u98RCATIzs5OBAWaZWdnd3i1/lQ4lUUIgXgdgL109A1lC4AQQgghhBCfWj9GTVjGqtI20v8hlhVQcjuPzJlzpGheRxQXkJs7kRsmHNmLn1tQzP9n797jo7oL/P+/EgIhabnNAEEIzbBNsoTdut8mbCHJTLVaQR8rLVVLGPRRW7vr2gg0Fc13q025pNqvsbTh0uzlax91fdik4KoIfn8KdlWYgZQuxO/DfgWasMuwBCw0Ay0ogUIyvz/OmZkzt2RCJuT2fj4esXI+53zO53zO9XMd+vCBD8B//yFijgKjNT+yV0BvaZyad3tMPGYIRtCwHPAfq+T7icf9v3eeSz1tmz8De/SyzBmRvxqQPwN7nJb7pn2fZP6PPszG0C8NHMf/Pthv+cwNHERYzGSGk2xM4Dxnjhvxx5vscKibOnVqwkK8x+Ph8uXLzJ49m29+85sxE+75/f6ElQc3qq89CgaiB0LItDtw3f7f/CHJeQ5UASAiIiIicgOKFt7Dr599ll/fs5C4DeHWQvvRl1nzveR/JLDokSe55z+/R8Ov3oGiT/Lw7b/mWessfkdf5qGHXibhiPv//B6h4fjv/Irtv76dhz8ZJ5U9pHHaR5ZxjzUe3uFX6x9i/a/gI8vu4T+/12CZgyAYNgwrBQ7v5PD7t1LyV7Hj/df+2f9gwiWvOWbeKEA7ZtaHCvhr/8wym37QuP/BF4OT7vEZ/rkoHIf77p9FzStgjvt/z0sT/8Zv3vtjaLx+aPslvwlP4peMCR+3TBr4D/yb4zbzJw7Dkx2Gw+OlaejpqSv/Aw88wN/93d9RVVVFdnZ2RFi8oQOpkOwEgDe6ft9M4wO3/Scnk+zloCEAIiIiIiI3omgh9/BrYpv/gaJHePKeh3j2IXOU/O0Ps/HJe1jzrPmTXb1HziNP3sNDz5pDAdY+ycmHnuWh0KD74M8DGusuvOc/eXbNQ3ge3kglwO33wPaHeMgsz9/z5PdjfyastzROK+KRjQ+zfs1DPBTa7ZN8/yPTgEfY+PB61qx5iODMBBE/ETisGGP/3Xf/jDXm2PygS+9sZb51Qr9d+fzbpz/Omk//hjWAz2fMsh/h/f9L63jLOHvLz+w17fskhYt+E5oDIBRu7qNp3ychKh3hnwF0Jnc4l/4v/pm/4ZAjanuwDGsIh8N/s+tHD7E+udgHRXFxMa+88gq7d++O+Um/3bt3s2fPHhYtWsTnPve5mLDg9qly9OhRvF5vn7bxer0sXrx4wH4OsGjhPWx/PXYGknjSAoFAYEBSISIiIiIiN50xjt81AHMGDA3zf/ThwU6CJOnQp3+Tsrj+5V/+Ba/Xy5NPPklRUbjS7Rvf+JoLZGUAACAASURBVAanTp1i7ty5fP3rXw8tP3r0KM8++yxOpzOm0qA//v7v/57Ozs4+b5ednc0//dM/pSwdEcyf9Lw4rfc7Xj0AREREREREZEj73Oc+x+HDh9m0aRNPPvlkqDX9i1/8IocPH6akJDyuITgxYFZWVkyvgP5yuVw3NLP/bbfdltJ0RJj2EdZ+/yOsWbOm11VVASAiIiIiIiJDWnZ2Nl//+tf51re+RU1NDS6Xi0WLFpGXlxcxR8CePXvweDxkZWXx9a9/PWZegP6KV6Fw8uTJiF4BWVlZA9bdv780BEBERERERIYNDQEYPlI5BCDo8uXL/OAHP4gYhx/9KwFOp5PPfe5zKS/8J7J7925eeeWV0L8/+9nPsnjx4puybyv1ABAREREREZERIzs7my9+8Ys88MADtLS0cPLkSTo6Opg7dy55eXkUFxczLYmx8Knkcrk4evQoLS0tFBcX43K5bur++0IVACIiIiIiIjKsTJs2bVBa2ePJzs6mqqpqsJORlPTBToCIiIiIiIiIDDxVAIiIiIiIiIiMAqoAEBERERGRYePWjFsGOwmSBJ2noUkVACIiIiIiMmyUzVgw2EmQJOg8DU2aBFBERERERIaNr/zVSjLSM3j97H9w/uqFwU6ORLFlTmFhzl+z+o4vDXZSJA5VAIiIjGCBP/m5um8r130HCVzu7SMpYP43baCTdZOkkT7pA2Td/23Sp+UPdmJERCRFpo63seGvvz7YyRAZljQEQERkBLvy63quHflFr4X/QCCAUfAfKYV/gADd753h8k++OtgJERERERkSVAEgIjKCXT/RnNR6I6nYHy1w6exgJ0FERERkSMj405/+NNhpEBGRgfJ+ks/4tJFcBQB614mIiIhAhtHtU0REZOTSu05EREREQwBERERERERERgVVAIiIiIiIiIiMAqoAEBERERERERkFVAEgIiIiIiIiMgqoAkBERERERERkFFAFgIiIiIiIiMgooAoAERERERERkVFAFQAiIiIiIiIio4AqAERERERERERGAVUAiIiIiIiIiIwCGYOdgIRaG6ms9+Jw11Ltsve8rt9DXU0zpbXV9LZqSre9CfyeOmqafLEBDje11S6MJLfSWFkPVQ2sKAxuk0tVwwoKE8aZOHzgtdJYuYPZQzTPbxq/h7qaJuKcXYOziobFZ4f09dk3xnXqjRfkrKJhxSBdjY2V1GPs3++po+bU0sFJS2sjlTtmW+7rm+0pstf8Demn6vnj9m03EN6DxU1M+Eu4ttHNlT6kZQzAlRauvPhlrvVtjwPLfD/FcvbzuWq5RyKe8dJfCd+lKXz2WJ8lcUIj3tODwe+po6a5dNCuq2TPwcCl04+nroZTSwfvHKSWcU21J/xO7i08Ul/yfVDflcNaou8gB+4R8Z0nw8UQrQDw49nhxel04m3aTatrAAuqdhfVDa6Bij014nygtDZWUlNH4ge1o50ddR4ejQ5vbTRfwLkDl15JTsS1l+jDpHDoX599Eu8lZ7wQ62Yn95GSaoUrGmi46XsdwqY9SvbibVzebV1YQdaXjQJ54GakYfFfMGYoFvyt4hTQ/Z46aiobb7wSoPUQXhX8B07Mu9R47lY2Dl4F5KiTxDmwu6oZUa+9gdb8Eo051VHfDn48dUZB05FkNMr3myX2O8jvqaOmppGcQWuYk9FmaFYA+I/Q7HOytHo+eOs51LqCwqg7orWxkmADjMPptIYYrctVpTTXm62rDje11TnsDtW6WW6+iB4A5rbuXJqagvVz/W3RGRiFi904ak7hhwQfiqWU5jZzxO+KeMi0HjIrVuI2ww4hUS1szqhWE+v5N1cwPh5aGzEaWSznzO+hruYUS81lka0QQ7zW1Xp9Yh5HFdQHDz7USyDYkyDqeu0lH4eGQha7HdQ0H8HvChZ8jI/C8GmKKhRF9Z4I9RTye6h7CUpzm2jyAs4qamfviGrViGyJC7ba1c7eYV4X9VS2G/vzN1ayY3YVpc31ZlqM6yVnt+X5E9G6ElW7b/nYNVpMSnG3N4WOK7St5TzVVJ4a1GdO9zttpM98CngmvLD4bsbgo+uKwxg3Vvwit95TQNevF9HZYq7Th1b+8Y80k/GnFrpnFxut/EDX/yvl8m4Yu2wP42dPAByMX9PM2P9XyuXdFWR9uYqM8ebK5/8Pl15+JkHsg8fuWoqzaQdn/VBoh96uh5coJbepCS8w/yMODv3KuDBqKptC92rk88p6f7fSWHmI2e52mpp84HDzldJmnj+1lCrqCT8iGlh81hJHRAEs6j7Dej0n8T5MdB+G0hf/2IcOO67qKk5V1tM4P/hs7ClP6OWYAQ5FHHfMM/eQ5ZkcU9kTmWfRcSd875lhh2a7aW9qwhd6r1njcxDxqTRkxJ4Da0s0UfdJ/Psi+j0e79qzh89rfaWlVTzqfFuv0+j3yR13wJuTIu6Bwe5VAZBbWkr7oVYiPpT9R2jGidPhpd26ckzvpfA9HZ3vid5X4bwPvyvt9HROkniW9JauRO/O4OH2dD0Mg+8g+7xSHJwK/TumN5H1W9Afvweaw11Ldc7uxGFD9kNXBsOQrADwH2nG51xKIYXghPpDraywPNhaGyupb3dT2+DCHnx446A0tIaPph2l1DY0YDdfBDWVDty1DTTYze13t+KK+wTw0dQc3NaIu75x/hD8cOndvPm5vHTEj8vyQXbI62R+FUO7AiBUiG8wXg5+D3U1dXjMB3rk+Q+uH/x4mI+TyEqj8PVkecE1VIe3HVa1rl7qD1XR0LDCzJd6Kr1OM6+M63WHZ7GlUJk4H4cu4ziaS2tpqDaL7I2V1DTmmPdhK401TeRWNVBdiPHvyhoacxpYYQd8Tca2DWZVgie5vdpd1dQS2a3RD/iadlBqfXbUVOJwm/G3NlJZH+ylFK5YaLAUJOo8lhevt4lTwfDWRirrX8IzrxpX4QoaqhjkIQCm9/bRNW0p4yFUkB+bXwDv7CMwzWxLatlHV2kxY/IroMUYDjB+poPAqfoku/hD2uwCAr8u5VKLWej/yybG73ZzZfsiri1uYkL+ebMHgFn4v/x/uPTiM2D+e8IjDMlKgLDerwdfU3Po2gL4wgcjh4GEh2tVh59fET0MvDSdqqKhIVip0GxUmlc1YDwi6qipr8TrNNfxe6ir2YFncTUuu/nuzK2iodpSSdVkXpN26Pl92MN9WJjEvTBkFDLfCTvO+qGQXvKkp2M2o/O2M9s8p0b+NzLf8n7xesPP5MiefOHu2g2hCpga6jDyrOf3nhl306nw8z46PrPiAkf4S2nosJ6D2Osj+j7p+T1utHyH89Fy7VXXQkRPu+h7IE6PkIj3iZGn4e8LP0eafTiXVg/uMztnHqXNu2k1vpoB47uH0qXMbrZUALQ2Ulnfjru2wVIwr0/8jZvofRXvXdnrt1UPz5Jk0pUoLXbMnq3h52TEvofJd5D/SDO4H03uO7RwhfENGNzWfE8sddmBnsJEwtIDgQBD6+8tdjf5cJYUEAgEKFi0HId3B/s6wuGHvOC834ktECAQsOH8wnIcEIoDrOEFlDgB5/04bUZ4QYkT2t+mw7J+/G1tFC10RKx78/8Aopd1sO+lJnzOEgos6SZ6m4IScpt/H077W4fwOksoCK0+eOc58f472LfDi/Nxd+jYAjYnX1gOTbvfMs6f+0Ve/FrwHBnH6Qwdv3G+vYfeCsX3++bg9fQWu5tg+Res27p53Ollx76OQc2PQCBgdK3uJa/AwfJFBWa+FLHQAY7li8y8Mq5X36mOpPJx6Jx34553LCwyzstbu2liOV9w2kLrFLgfx2k+Bzr27cDrWM6iguD2BbhffBF3QTiPFhbZLPHH3kMR9wvW8Kh1ifPswMn9wbQVlOCknbeD6XI+HkpH8NlE027eCsZtTXdBCU58nOpInM5U5XnfbOP6O3bSFwf/XUHGNOg63ha1ziXSpt3NWACeIt12ia7jfZgb4Py+UO+Ba8fbCGAnrTjOeouXkjHex7VQYX8bnc0tBGx3kxVv/QRSm68Q71y91ViP17GQIluy14Oxbvx4zXeh5R62Ob/Ackf4eQWE3pWh7S3XmK1oIY6YZ0bwmrPh/NqLvOgOb2+sn9z7sKf7sPdjH4y/+OcsEAhgyw0+N5PLk9CzI+rZE/28MLY1ng+h/LScz4JFy3H4mvm95bkWfu4V4H7cic/Ms57fe8F9h78JAm8dwmt9VtmcfGG5I2EeDJ1zEL1e9H3Sy3v8rd00+SzHbZ7TrwX/bc0zc93HQ+fb/J60fHNGvk+ivi86fk+zz0lJQV/zIXV/xvVoo2hhO4feCi7v4PfNGOm2Hm+Bmxdf/Fro+gx9H8d9/9GH91Xv31Y9PUuSSlfCtBjfOuHvoGB8bgqG7HeQj6aaSiorw381TT7L9R+I+i4Jn+uY+Dr28VITLN9gOcZkwvQ3ov+SMfR6ALQexutYzoZgNZh9Hgsdr/J6sCXbf5Z2HCy0VmbZc3od0e7IHca1X95NfDm6xd6xnA3u3uoKCynJ/WloGEDrYS/OEjdweIASmgp+2n3g3fTl2ElSorov+j3f4elXfTHBhSVO2HSYVnchhf4jvO5zcn8h5rXjw/v0l3k1KmrH8tQexc2UmxPv2k4+H28uH6/Gzf8NfM2sofafbQefl6e/HLMWywF/uw9y7x+8FhdHbtx9+40Mj71XBzfDb8i1421k/pU5DKD4bsbQxtUWyCiNWme2jTHAteIPkH7FWCfVxk6yw5U2uqwLW/5A9z0Fqd9ZX/hejXONOnn8RaOFtrW/10O8dx12cvo8fUsucR8RFq1NX2ZTKJ0OFiaTvB7uw5FwL8TPk0IWLXfwdPC56nycF3t9D1s5yI35dvHR7oecePlpz8UR2YE74Xsvmv9sOzgWErm7ETD3Ty/v8XjHnTiqOOv28j1ZWOKEn57FTyF2fzs+Z8mQ6D1on7eQ9j3mMAD/EV5nIV+ww5F4K/s9fOfpV8MTEPf3tkzVt9UNpcv41sm9fzh9BzlYvuFrkT0QWpv48qaf4ln0tT70TGil6elXYfmGONv0FCYCGcnWFNwcfjw/9YKP2A8r3x5ancspCFhrwSJXiVwWFR5TKxJZU5Jo24C1lrO/h3cDAgHA+Thbl8f52I1Jk5Fua5oLSnLZtKcV53I47HVSsjxAoC3R9jdXvHMY5Hx8K/EPOYDf8xxrt/kAJ49v/SoFtPHqyk2EzltBCU42cbh1Oba3X8fnvN/SU8JBxfqvxn0gDu69ELDU+FoXW65Poq/V2G2i/9tTPg6OyPxve3Ulm7zh1hojbYCjgvVfjdcVPkD48o1zDHHu58T3cGReR24TtWa8Z0e88B7uVX9S6Uj9sybtRjZq2UdX6aNkFcP1/AJ45yWuEVVj3LKPrtIq0hfD2EnhdYaqlF/zia5R6/m74esh0bvJso9k3leWgNCzwrKNcf+Zx7LVhd3v4bm1B5N6H4aTkvAhnuR76+ZIdG+DUWHhmGU8g3rLE5vzq2x1Am2vsnKTUcnhqFjPVy0vlUBkhsU8W2KTkCA/LfF09Pbei9q+5+fe0D4HEddZ3Gs68XvcGPKV6Bgjr/+evu/iv3Mxvi98P+X3HU5mHPbiLFk+yN8OAAECtiIWtL/Mvo6vMu/I67DgEaO1HcLfv34Pz63dhg/j2+CrBeYzAHrPd+u+AlHnstdvK3/EtmaSwvH3IV09vzvj587Q+w6K8xwo+BgVjrW8/vsOnEk9S/x4ntuE1/k4Wy3fT4aewkQM6YOdgAj+Ixz0OahYv5WtWy1/6ytw4OVwG2CfQS4+Tp+3bvd2VB25hBSU4PQepq3tsNH9f7DT0ysbsxzQ/rY/QbifIwd9OB/fytatyxMcj9lN77DHWLfEXCvetTNi9ZaPQ0PB8vVUOLxses5DMKX2GbngO02i02QzDoyhdmRDNV03ZhvX34Ex+U+Z3f/jde03hgGMmfliD+v037X3/DDeFposEIDiDwyxl1esfl8PcZ9Xft5O2cuujcNe830bt7KtZz0d3/C6F9o47IXcGXb6lCcFy9m6dSvrKxz4Dh5J8ljjfbs4mGVLkGfnT5utocm89yLFe476U3fxpJj1HPSil/d4b++PXtft9XuygBKnj4NHPEajypD5qLIzbwEcPNLGkYOwYF5sXvqPHMTnfJytW+MXiG981/37tupfunr61hke30FWSd0DgN/zMtt8Th6Pk2E9hYkEDalvKP+Rg/gcC4h5btld3O8E7+E2oICPVTjw/jRYYPDjeXlb4t9SH/UKKHF62bTJGy4ID2l2XPc78W17GU/ome3H89xKngsvsDzQzZrOqFgKSpzg3cY2n/FxZS41rp1NrxIezdzGqytX8mobI0xy+Tj47LgeqcDh28ba4Eko+JhRKWA9KW2vsnKlcd7srvtx+rbxy1Bwz8dlfOQd5IgZ7Pf8NM5v8KbgSMx0vWxJh9/zHCstlRvDybXjbTD7b8igjesJuvZfO95GwFbc4zr9tnsH1684GPvIU+aCCrJKi0mzzCEwFPX/eoh9XgU/7O5PWZ9O60d7G6+uTf5d2tN9OHzuhXBLWfhbuac8iX5fGAVzx4J5SVegxHy7OO/HZY93vbTx6iYvjoqPhQr8vb33IpjP0Z96Qg8+Xt42FL+U4p2DnvTyHo8+bozW5JXxXvIx75rIc5IwBSVOfNu2DblGFfu8BbBtE9uI8x0dZKlk8nueswxz6Y8UfFvdcLqC3zq/DO/b7+G5lc/h8Q+X7yCg7Zds84UrlGyzHOA9HDqmtl9ankNtr7J2G1Ssj1MZ2FOYiMUQGgLQxp5tPhwVD4e7LVnkF5fD5p/iuXcNTucaVrevYu1Ko8WpvKICh+9geKITiOgiGdNtMV7XykTbhoIHqcucJW09rWVNd3Sa84vLwQvF+eZxWY9/ANPec3p9bFu7ksg2QwcV69bgzK9gXcVG1lnCHRXrWOO0EQiA8+EKDq5bi3n6KV+9joqd69h2qJWKfPORl19MOV72OxaYkwcZi23mtbNpZfjtUr56C8vzE3cfuzkSdPe1Xp9Y/n8g/jYR10uP+Tg4V3P0/QWAzcma1e2s2ryJ52atY43TjnPNatpXbSJ8mspZvWU5+YEAAfKpWFfBxnUrWRkKXs0Wp41wT0PLPvIrWF2+is1mPjgqVlPh2Ex78H6xPB9sRQtwbNvESq+xP2s3yGC8xn+iulQHAgQCwXSFr00cFaxbY0x8FE5avG0xrlnfZtauPGjcBykq493QEAAIz/T/zr7EXfuTWaffttH5IsbM/2v+xlh0Az8DmNJrPqlnaF+vh9h4bc41rGMj61YGr/RyVm+pMO+DJN5XMV1nrc+MfCpWl7Nq08rQz8RVrFtN+brNHDzSgdPZW/w93IcBW4/HPmjvUq/1mRJM1jq2OO3m9dFbnkSHYznmqC7UoZ1i+b5wULGgnbXB8+moYF1FfnjfW1bz6qpwnvXlvRezb2zmczS4TTkVFQ6MT6WhfA4irzMs/z90ZD2+x6OPG/PayycQgKIFDrZtWom3fDVblhfgXLMONq4jfIutZkvwnEScP0uCze8LivMZnHdpUNQ9aitigQNYYE6oGz4A4/3mfJiKg+tC386Ur2ZdxU7WbTtEa0U+wbaS+Pkeua/od2VBj+ek52eJvQ/piv/uNL91QifR2LfTFiBgG4rfQYm/f/NDz34jT4L5Wb56NeXenRAI0HrIWBYTR/lqVpM4bIt6BIhF2oULF4ZKDYCIiKTYmJc+MYCxV5D15UehedGQbo0H6Hr054OdBBEZEdrYtrqF4s0VamUVkSGntra213WGUA8AEREZViy/EDDU6V0nIinRdpj9ZcUsG7RelCIi/TP0fgZQRESGvPGPNDPWdonrv140pGf/FxFJDT/7n9/A9pNlrNyktn8RGb7UA0BERPrsysulXBnsRPSB3nUi0j82yp6opwwi5+URERlmhtSvAIiIiIiIiIjIwFAPABERGfH0rhMRERFRBYCIiIwCeteJiIiIqAJARERGAb3rRERERDQHgIiIiIiIiMiooB4AIiIy4uldJyIiIqIKABERGQX0rhMRERHREAARERERERGRUUE9AEREZMTTu05EREQE0i6+cLe+ikRERqqu9wc7BUPDmHGDnQIRERGRAbXu1Pxe18kgLe0mJEVERGQQ6V0nIiIiQgbXrw52GkRERAaW3nUiIiIimgRQREREREREZDRQBYCIiIiIiIjIKKAKABEREREREZFRQBUAIiIiIiIiIqOAKgBERERERERERgFVAIiIiIiIiIiMAqoAEBERERERERkFVAEgIiIiIiIiMgqoAkBERERERERkFFAFgIiIiIiIiMgooAoAERERERERkVFAFQAiIiIiIiIio4AqAERERERERERGAVUAiIiIiIiIiIwCqgAQERERERERGQVUASAiIiIiIiIyCqgCQERERERERGQUUAWAiIiIiIiIyCiQEQgMdhJEREREREREZKBlqPwvIiIiIiIiMvJlBNQFQERERERERGTEUw8AERERERERkVFAcwCIiIiIiIiIjALqASAiIiIiIiIyCmgOABEREREREZFRQD0AREREREREREYBzQEgIiIiIiIiMgqoAkBERERERERkFNAcACIiIiIiIiKjgOYAEBERERERERkFMrpVAyAiIiIiIiIy4mV0awiAiIiIiIiIyIinSQBFRERERERERgHNASAiIiIiIiIyCmR0axIAERERERERkRFPkwCKiIiIiIiIjAIaAiAiIiIiIiIyCuhXAERERERERERGgYyMidMHOw0iIiIiIiIi0h9/7H2VtEBAXQBEREREREREhrM1a9b0uk76TUiHiIiIiIiIiAwyVQCIiIiIiIiIjAKqABAREREREREZBVQBICIiIiIiIjIKqAJAREREREREZBRQBYCIiIiIiIjIKKAKABEREREREZFRQBUAIiIiIiIiIqOAKgBERERERERERgFVAIiIiIiIiIiMAqoAEBERERERERkFVAEgIiIiIiIiMgqoAkBERERERERkFFAFgIiIiIiIiMgokDEQkb733ntcvHiR69evD0T0IsNSRkYGEydOZNKkSSmNV/ebiIiIiIgkI+UVAO+99x5//OMfmTBhAhkZA1K/IDIsXb9+nT/+8Y8AKasE0P0mIiIiIiLJSnmJ4eLFiyqMiMSRkZHBLbfcwsWLF1NWARCMS/ebiIiIiIj0JuWlhuvXr6swIpJARkZGSrvqX79+nTFjxhAIBFIWp4iIiIiIjEyaBFBERERERERkFFAFgIiIiIiIiMgooL76IsOcuv+LiIiIiEgy1ANAREREREREZBRQDwCRYU49AEREREREJBnqASAiIiIiIiIyCqgCQERERERERGQU0BAAkWFOQwBERERERCQZ6gEgIiIiIiIiMgqoB4DIMNffHgBtr65i8/54IRlMsDmY94lP86mFuWT3ay/DgR/vxnVsm7WaLcsLEq6VML8yJjCrYAEf+/THKMm5wdy63I73B0fJ+eLHSJyCeMy0U8G6NU7sSR6LiIiIiIwuqgAQESALx4JiZkU8ETo53fI7Dr6ykfbOf+Af7skZrMQNQbH51Xn2KEfbXuN7zxzkd3/3DzzywYl9jtXfso1tb85idQpTKiIiIiISNOQqAFobK6n3Jgp14K6txmWPWuz3UFfTTGm8sCGnlcbKeqhqYEVhbKjfU0dNky/uls6qBlbY+3GsrY1U7phNbbWLIZ9NcpPlsOATy3FGXxjLz/LL2mfYufP/43fOR/jg2EFJ3BCUIL8uH+HVZ/6R/S//bwqeWhMbPmDsONdswXmzdiciIiIiw9KQqwAoXNFAwwrzH8kWWO0uqhtcNyF1N4mzioZ4tQMAjLBjlX7r7xCAgPm/gUCA2Kimc6dzFjt/7Oe99wIEgjei/wg/euUV9h+/xHUymJBfzH2f+hQLcoNd3/14N65ne+7nWZXxc/5x7zmYcBcPf+NzfJB2vNtf4ee/O82l65AxYRYf/MRnWeaMHGZwuf0gP/7xTlp63ceXeOaOo3zvlf0cv3SdjKzpfHDJw1HxXab94I/58c/fxHe+k+vE22/w+AM95mmP+ZVVRMXffYiW5/ey89cnKP+0IxzWS561bVvNlv0APjav2g/lq9hcUZBk2s28YBlr1zixxzuWy8nlu4iIiIiMXEOuAqB3rTRWHmK2u52mJh843NQ+Ci9ZW8VbG6kMdiNwuHHnNtFEuFBt7WXgcLvJbWqKbJG3bo/Z8l5IaNtDs920NzXhC/VIMFr1veENIgrwEa36Tmf/WukiejvEyYvqHHbHS4vlmGoqT1HVsAK7p46aU6W425sIJs/hrqU61LXAj6euBmuHhHB4K42VO5hdVUpzfRM+M68j9x/dY6PnfJKh6ZL/PDAdzNb/a20/4pv/uJeLOXfxqc8XY+M8La/9mFfqjuJb9Q0qCizFyYOv8I85C6j40ie4dj4LR7Yf78Y6tp/P50Of+jxFNjjf8ho/3l5H+/Vv8NSHjWEGl9u28c0t++mcZe7j+nH2/vw38ffxu1f49sGJFH3qs3wpq5OW137MG9ufh4nf5mGzy8LZXz5P3a7zzLrrU3y22EbWpdPs/83Padn+PJ1Z63ispO/d9RNyOLnXtpddx334cWBPMs9yyr/EZ69t55U3bCz50r3MmpiTwrT78f5j7/kuIiIiIiPbMKwAAPDSdKqKhgaz8Oj3hIP8HurqveFCe2sjlfUQLHX7PXXUe51UNazACK7EEhxav6qhgcJgfDV1eCwFWW/TqXC4pUu/kRyj0FznMQrKRuE/l6qG6vj7S2leGPtud9fS4LJHpWUFDVVE9KjwGwfDqWDaWxuprH8Jz7xqXHaz8J9bRUN1YSjvapqC4QA+mnaUUtvQgN3Mh5pKB+7aBhrs5rHubsVlnIge80mGomucPfwK/3tvJ+QtoGgiwFn2b9vLxQ9+nmceLgm1HM8rKeaD33uK7257gw8/9WFCxcnrRXx254bYAQAAIABJREFUVQUloUZ7LwdPwl1fWs2n5wU3LiKr8ym2/64N/4dzsOPj59/dz6W8T7F2zYfN3j/zmLegmJ3P1PFa9D4u2fjY2jV82B5MSw5jv7KF/Ud9PPzBAsDH7/ZfYkL5Y3ylosCsx5jHvOIcvvc/v0vL8bOQygoAJmDLAY6e5TxgTzbPcueR75gAb+TgmDfPnAQwRWn3H00i30VERERkpBumFQDgnB+/5dh/pBmfs4rqYHDhYtwOL01GKEeafTirqgkHu3F4m4Jb49lhVB6EYre7eNTdTE2oIAs454fC/Z4deJ1VNIQ3wPWom+aa3bS6FnO22YfD/Wh4fyuqcHrrez44bz2VUfMgRLbMJ5cXYMdV3UCPAwYcbhaHEjcfJ15O+QF77Lb2eaU4aI7c99Lg8IxC5jvBy9JQRUnhfCfsOIufQugxn1agfgA3rt9DAAIAJ9m+fjXb460w4Q4+//lybIEAAf8RDp6DnCLwHTkSsdrljIlw7jBtHR9iut1MU14ReVmWrvITJmDLgJZdr1I04RPckTuRsWRR/LcbKTYTE/Ad5o1OuPPeMmOfoT3M4kP35vNa42/43dsf4t4cM2RWMX9ps3bHn8KsWUD7WToC+djJ4961/4t7g/EHV8uYSf4saLl8mfcDAcYGQwK9DAEIYFkv3hpZTJgCoWECSedZ1PACIwP7lnYwt406lmTyPeERi4iIiMhIMWwrABLxn/LhmG0tKNvJyQ2FcsrnIDI4h1ys4eCtryRmHsIETfZ+Y4OYAruxgRFf7tLI9Mx2wKmeDuKGu8bbcS110lRfQ2UTZpf8/k/4Fzkxo4PSHtaNzPuwnvNJBl8WeXfdGfkrAFm5FHwwnzscOYTm/jt/ltMAe/+Vf9obL56LtBvN3vGN/SBLPnsHJ185wL9+5wBkZGFz3MG9997LnUU5Ruv4tWt0YiM3J3bGwYm26cBx/Bch1AUgI9mZCa9x2X+W0+fOca7tKL97802OnwO4xMUektx3Fzl32vLP/uYZ0O+0J5PvIiIiIjLijbgKgFRwJpihv4cNEhTYWzmUqkQlq3AFDQ0rzKELTdRUNt1whUKo4O9wU9vgwm7OP3DDNOZ/CJvOgo9XUJ5kKbhs5SYqbvDn5e3Ff8va4ou0H32TN36zn5bjb7D9n97gx3nL+PpXygekK7q/5btsfeVNzhsz6GGbmEPenXdxx2/38tuU7+08Z88BebnYLEtvNM9SlfbByHcRERERGVpGXAWAfbYDn9GH3Vzi52w7GM38dmY7fEQGnyUUbLbON5/1Q2Fyn8N2YwP8FMb5gI4Xn9ErYMAFfxmhtZHK+kO0rijsYzf7Vg55E/zs4o0kp8d8kv7o7xCAUDwk6tJuMcGGDTjme5tAfs8TxwW7s8fvXj6BWXPLeGBuGQ9wjbN7t/LsT3ax90QZD2SMJYvztJ99n8D0yNb9i+fPAbPIMbv8J9pHxPKLb9D4r2/SeedDPL2iGFsoyrO89tu9/Nayfbh3f+95mjC/fC280QnTi283hjD0Ic+wDi8A6HPaezuWHvLd8oMFIiIiIjIypQ92AlLNPq8Uh7eexlZzQetuyyz2duaVOvDWNxIONmewN8NdS534ml7C4w8u8+Opq6QuvCByf66lOH1NvGQJ93vqqKzz4A/Ftzu8v8b62OEFKROb1tZD3og5C/rGrCwxYqKxxppXfdNzPsmwkXMHH5oO5//93znaaQ3o5Gjjk3z1yUbe7Ey0MVw7+hM2PFnDTyIupLFMnGCZyM5xJ3dlwW9fO8D5iK1Ps/e14zBhLvk2knfOx3HgjrusBWjg9Bu8cT7RRjeo8yjbX9pLZ8ZcPn6nWdjvT56lKO1J5buIiIiIjHgjrgcAdhfVVaeoDI7jd7hxO6HZHJtud1VTdaqSenMwusPtxklzeF6AwhXUuuuoqakkODVgTxPwQSErat3U1Zjj7s19hsbeB+OrrLTsrylBXP0VnFgvOi1m8b9wPk5fPTWVzbhrq5mXMB6AQlZUOcP5iAN3bRXOmnqaj/hx9TizYIL4esonGSZyuGtZGa9tPcA/15zmQ8s+ydyM8xx749/Zf+wasx78OHdkJd56bP4dzM3Yy96t3+Hixz/EXbMmcOn0Afb+4k0y8h7kQw4ABx9/tIyWrT/hW985zQMfvdP4GcBf7OXY+QmUrbyXWX1J8vR85mYc4I2XvkPWsk8yd0In53+7l5+1nObaDT8Bz/HGL7Zz2rJ957k3efP4Ja4zgbKVn6c4VLZOPs+ysrKA3/Laa/lcK8qnKEVpTy7fRURERGSkSwukqv+w6cSJE0ybNi2VUfZba2MlO2YnKsSbv2efoq7uIr155513mDNnTkriOnHiBBMn9q8V9/gPn+DFA3l8pqaK8iRb1jtPv8FPfvIzfvufl7hOBuOn5HHXgyt4oCgYwXn219fyb3yGmqryiLHwdB7nte//hH3Hz3DJHNd+e5mbFQ8URawXvY8Jt5ex9MGPU5yT1cs+Ypd3nt7PD7//M948d4XrGeOZkncXn3zw49gObGDTgSK+8K2HuGOsud2sL/PCg/m95Ffs8ozxU8grKuOjn7yXojj52HueAZ0+fvbP/8zek1e4nvcZ1leVM7YvaQ8dc5xjSTLfRURERGR4+ta3vtXrOiOuAsDvqaOmuTTcsmxOXFdaG/5t++bScGVAzPoiA2yoVQCIiIiIiMjwl0wFwIgbAmB3PYq7ucaY/R4wuq4HW/cTdZFX4V9ERERERERGthFXAQB2XNUNJByiHpwdX0RERERERGQUGXG/AiAiIiIiIiIisUZgDwCR0SXF03iIiIiIiMgIpR4AIiIiIiIiIqOAKgBERERERERERgFVAIiIiIiIiIiMAqoAEBERERERERkFhlwFQGtjJZWVif7q8PjjbOT3UJcobMhppbGyksbWBKGNlVTWeUh0KJHhPcfl99T1Hldw42GVhyIiIiIiItJXQ+5XAApXNNCwwvxHayOVO2ZTW+3C3tNGdhfVDa6bkLqbpZmXGnOoXlEYsdTvqaPeCziCSwpZ0dBwsxMnIiIiIiIiw9CQqwDoXSuNlYeY7W6nqckHDje1j8JLNc2U1lbjsmNUHNR7jdUdbty5TTRRRYNZoG5trCQc7Ca3qQmqGgiVt63bA05LWGtjJYdmu2lvasKHA3dtNS57K42V9XjDG4T2BUbBvabJZ4Y5cfZ2iLmllLYfopVCLLFwpBmcTgfedmte1FvSbk2HA2f0jvwe6mqaMFLijA2PkPiY/J46ak6V4m5vInhYDnct1a5gNY0fT11NKCwyvJXGyh3Mriqlud5Mi8NNbXUOuy1pdwfPZS9pERERERERkeQMwwoAAC9Np6poaDALgX5POMjvoa7eGy60tzZSWQ/BUrfRiu6kqmEFRnAlluDQ+lUNDUbh2++hrqYOj6VA6m06FQ63FMKN5BiF3zqPUeA1Cv+5VDVUx99fXDnMK21mdysUBsu5/iM0U8rS2c2WCgArIx3t7loaXPZQYR9HaThfaprIrWqgOk6+xIsr0TGZmcCpYHhrI5X1L+GZV43Lbhb+c6toqLZUGDQFwwF8NO0opbahAbu5r5pKB+7aBhrsZh7tbsVlnMDe0yIiIiIiIiK9GqYVAOCcH78F2H+kGZ+ziupgcOFi3A4vTUYoR5p9OKuqCQe7cXibglvj2WFUHoRit7t41N1MTahACjjnh8L9nh14nVU0hDfA9aib5prdtLoWc7bZh8P9aHh/K6pweut7PT77vFLaLTUA/iPNUPoodprjb9B6CC9OqoKF4mC6my354nDzaDghVDm9xEtJz8e0whiO4XCzOBTXfJx4OeUH7HZc1Q1YB2TY55XiiEq3c2lwWEch853gZWmogqVwvhN2nMVPIfSSltHeD2D8+PFcunRpsJMhIiIiIiLDwLCtAEjEf8qHY7a1ZdhOTm4olFM+B5HBOeRiDQdvfWW4u3lQgiZ7v7EBlXE3MOLLXRqZntkOONXbgdjnUdq+2xwGYHT/L33UDkcSpONsOzhKiTw0y5EZCYkMT5CQno8pedahFuCgtId1I89Z6tMyUl25coUPzJgx2MkQEREREZFhYMRVAKSCdcx/khskGJPeyqEbToWdeaXtvOTxUz3P6P7/6M3s8d7DOPvefiggVPB3uKltcGH3e6irSdBzoZ9pERERERERkeQMSAVAenqKfl0wPQ3S0khPT7f8XmE6acZOCO0mPY000khLT2fabXPwnbpAevo0M9DPudNAbjrp6XZum+Pj1IV0wsHnMILTSU+fxm1zoPncBdLnxi9tpxs7Dx3jNGMDLqTPjfNLBfHiu0C7D9Ks6U8Q/7S/LCPtu0c5nvY6aWV/y7T0dPxp1jwJ58W0D8wGXzsX0tMJH9ppSLvNiCtOOi8YCTGOJSoPEx8TpKdFnxfrOWnlsHcOK775P7nbHtogFHd6euz5M05zOE+t5723tIiIiIiIiEhyUlRSjxQIBFL0BxC73NxJzLJAIIBt3kLmeJ7nlbfMsLd+QeOJYDw25i2cg+f5V3jL3O6tXzRyIhSfDddSFycav8vejmDcHez99pf49t4O499EpsnmWorrRCPfDYYHAnTs/TZf+vZeOkLx/SK8v1eexxMn/aE/a/y2eSykkecbYeE8W9w8CeVFwWLcczz8JJiOjr18t/FEaN1gOn8RypdXeN4TG1fvxxT/vFjPCZzgVCj/3uKVbxh5nPD8xeQHMelOnJbh9yciIiIiIjIYRt4QAPvdVD/RzmMvPGYUtOe4cbvg9Vy7GVzNE+2P8cJjxi8HzHG7cfE6ucHm5cIVPOOu46mnHiM4NeAc9zNU352o/bmQFc+4qXvqKR4Lb8Az1XcbLdbB+B57zLK/pgRxxRwMf7FwDrCQv+i1+dvO3dVP0P5YMB0u3O45nHg9Op2P8ZglX+KnpOdj6nkIQCErnnCF8585uJ95AtdTL/D67/3cfXfvR92XtIiIiIiIiEhy0gIpbpI8ceIE06dPT2WU/dba+Bg7chMV4ltpfGwHuc9Uk7CML5JC586dY86cOSmJ68SJE5oEUERERERE+MZTT/W6zhAfAtD3v4593+axb+8Ldw/v2MdPPA6zC30H+779GN/eZ+lOvu8neBwLmWcb/K7h+hsdfyIiIiIiIoNhxA0BsLsexd1cQ01lsL+4A3dttfkb88HfkK8hHOymttql7uQiIiIiIiIyog1IBcDgtnLacH7txahfiQ8QSpLNyddejPoN+UAAtcuKiIiIiIjISDYgQwBEREREREREZGhRBYCIiIiIiIjIKDAChwCIiIiIiIiISDT1ABAREREREREZBdQDQERERERERGQUUA8AERERERERkVFgQHoA9Efbq6vYvD9RqIOKdWtw2qMW+71sXHeQBfHChpw2Xl21GVZvYXlBbKjfu5F17fexJV5gv/e7k9xhkUciIiIiIiKSakNuCEB+xWY2V5j/aNvG6p2zWLvGSbjMGiAmels5X9lcHj9syDETGIifViPvAgMwjCIc79DPIxEREREREUm1IdcDoHdtbFvdwqxl7WzffhLylrH2Yfje+oMsWGu2brdtY/UWsxtB3jKW5W5nO6vYXGG0qrdtW004eBm527fDqs1UBBvdrdsD5Zawtm2raZm1jPbt2zlJHsvWrsFpb2Pb6i3sD28Q2hcYrfrrt580w8op78/h+71sXL+dk6EFwTSE0xdOejmrNldQgCV961dzetVmKmxeNq4/zYJgPpp5Za1siYwr8rjatq1m56xVLDi4BWNzIx05r1nzdi1rQt0N/Hg3rie4q+h9iYiIiIiIyMAahhUAAPvZfnoVmzebhWy/Nxzk97Jxy/5wob1tG6u3QLDU7fduZMv+YMHYLOSGg0Prr9q8mYJgfOs34rUUsvdvPx0ONwvXrNqMkRyjoLvRaxR+jcJ/Lqs2r4m/v74wC/+5qzazxrKv7d/zUrTGCd6NbGlfxtrNRsHa793I+o1e1q5xUrF5Fazeyazgcfij89E4ju95i1jjtBvptMRl5MsWthWHK0NObt/JgrWb2Ww3j2v9avKWrWWzsYDVW16jzVlBgZnOgwvWsnmN3czm1azflhNRUSIiIiIiIiIDZ0AmATS6mafmL258QNmd+ZZloR3TcfQgJ8tWsizfDMv/KMvyMLvcd3D04EnKVi4j39w2/6PLyAvtowPvzv0R4QFbOZ9fBtt/2RreV9mdofAO7072W/cXsFFubECrub+8ZR8N72/ZSsp6yiOCaY3zZyvnK5s2Rexr7oK8cB5F5b+t/Cts+ko5trhxA+Sx7KPBfMznzjI42e4307kpctv8O6PSDZQtodxmHtedZUAZS8ptlvXbOdsRIND6S7azjM8Hw4L5sH8n3o7UXSvD5U9ERERERGQwDNMeAImdbz9JXq7NssTO9FmhUNpP5hEZPJ1ZWMPhwNbHORAdcVni/XFgK4/H3cCIb9YSa0d3G7l50J70EcXTxrbHt4bTmLcAAHv5Esq2b2XD49uBPJY9/RXK+9nH3r//eTZsDw84SJANZjpyscVZ7D93Gk4eMNMVsQHL+pc8ERERERERSdKIqwBIhbKVm+hTz/SylWyKu0EbLalKlBlfsOCft+xpNpXbjQL6wWB4ARWbNlGBn/3Pb2D7hsfZThkrN1XQ14724YJ/GSs3fcWYR+DxrTee9LxlPP2Vco35FxERERERGSRD7lcA4sRmdFuPszy8m0BwCbZZeZxsP08gEGyLPs/Z08AsCARszMo7Sfv5AOHgsxjBATMc3jjrJ5Afry3bsndz5zZjA/yB/Dit3/HiM3oFJPzFgtCPBMQJPN7CgbwHefqJcmzBdQLx8shG2RP1lHGc7VVbaWlbRn5+KNfM/Qai/m09Nr85VKKeZflExR25fmQ6Y89VgAC26bPgZDvnA4G4PQRERERERERk4A3IHACDyVZ0F3kHtrL9uLng+Gv8MNSD3UbRXXkc2LqdcPAPLTPq2yhfUsbJH/4r+88Hl51n/wtVvBBeELm/8iWUnfwh/2oJP7//Bape2M/5UHyvhfe3fWvs8IK+OHma0J6Ob2dD+OAs+w2Gt3CAMorzb2xXp88GYzrP/hf6ke78e3kw7wBbQycFOL6dqqrweRAREREREZGBNfKGANjKeWLlaaq2VhkF1rwHebAM3phlM4OfYOXpKrZWGcXZvAcfpIw3mBVsms5fxtMPvsCGDVX80FyU9+DTPFGeqO06n2VPP8gLGzZQFd4g1Eofiq+qyrK/HyaIy3RgK1XRpe2yldQvW8bKsnDayXuQp1eWsWHrGxw9X055+ed58I0NbAgnhAeffoJ8M53FZSfZuqGKNx58mieKesxEyj//IG9Yjqls5dM8uGsDP2w5zrL8vtYo2Ch/YiWnq6zHVcbK+mXcYN2EiIiIiIiI9FFaIMXTkp84cYKJEyemMsp+O/7DJ/jZzBqq4hbij/PDJ37GzJoqEpbxRVLo4sWLzJkzJyVxnThxgg/MmJGSuEREREREZPj6xlNP9brOiBsCcH5/PU/UW7rBn9/Pzw7k8ddFNuA8++ufoD6iu/7POJD31xSp8C8iIiIiIiIj2IgbAmArf4jP/EcttU/8m7kkj8+EWvdtlD/0Gf6jtpZw8GeoqSrX5HQiIiIiIiIyoo24CgCwUV71AuUJg8upeiFhqIiIiIiIiMiINOKGAIiIiIiIiIhIrAHpAZDieQVFREREREREpJ/UA0BERERERERkFFAFgIiIpN65n7Pnn38fJ6CDQ3t2sXNX1J+nDdo87NxzmI5k99FxmN27PLRFL2/zsHPXLjxtUcv6ErfIUGde5zs9kXdAx+E9luu/Dc+uPRyKvvAT3g/h9TsO74mJu+fk7GJn1P3Y5tnF7sO662SY6+V91v9rPMF9GnxfRtyrxrI+3JoiMUbgJIAiIjKYOnZ/jeZfw+Q5t7Hn079izo9WURC1TubMUhaXTI1aWsB90Sv25MJlrvYUfOIwHQUlRO9FZMTIzCTz3bdpo8C8xzrw+a13RQGuJX25qfrrXf7rcAcFMfe2yPCUzPus/zu5yGUgK1H41TMcbSvBdTNvZRnRVAEgIiIpNXXxd1gyawu7fpBP6Y8+kXwBvM3DzhPZlC3Kw7enmc6syVx4t5OZpYuYdHQXR98115s8l/tc4DlmLDjqaaMg5stoMjPtfg4f7ohT0dDBoT3NnAmWkzJnUraoBA7v4cBlOzM7zxhhk+dSln2CA8Y/KFriogCjZfRAcOPJc7lPX2UyaOzYJ/t5rwOYCnScxM9kpmQGb5Y2PLtOkFW6iPkcZnfzGa4CUyZPtsRhuR8mT2ZKvN10hLe13gsxJs/E7m/hUMci5sfcdtY4gpWAcGhPM532mVw+Y6ZtbilZJ5pD92Dw/mrzhJ8B8SsQRVLvht9nca/3qZHvj8yZxvuuxVjvTMthOhbFVlpnzpwJxzy0FcS579o87Dz2buifU+YuwVVg3vczszhz5l0gk5mlc+hsPsYFrPdPG55dxjJjnTj3rYxIGgIgIiKpde7n7PlBPqWfO05z3G6TcPVMs2UIQJxu/MAFZnDfEqPg8l/vTqZoyRLuWzKXKe+e4FBHAa65k4HJFCUogE8qmUP2maOxcXdcYFLxEu4LxnfVjy/Yv/JdPxQv4b7SmWS+e4zDFBvr8C5vtwFtHg747ZQtWcJ9S0qZ2XlMXTFlUE3KBv9J4wLuOOkH+4w4LYkdHGo5AzNLuW/JEmYQLjB0HG7hDDONa3oGZmHAqg1Psx97qXHPlM3s5GjCi34i8+dkceZobHjHhYmULDHvu7mTueo/GerWfMEPJUuWUDYzkwvHWox7cO5kePdt2jAq3Y4yN3TPZp9pidNdWmQAJPE+iyf+9d7G0TMws9R8f3CGo21TmV88k0wymVmcqMdaHkUzO/mvOEMN2phh3hfm/fN28N67ypnLRljR5KucaX6bGeY6Rlo6OLTnGMwNpjHLqIC4kTySYUc9AEREJLWmf4JF/8v4v0v+Mv4qybTgZWabbZFT87BnNnN01y6OTp7LfUsWGctjSypRCnDNfZvdhzsomGhZPLWAgoheAJnhAlOmHcdUgIlk4ycrz0hjViZ0Ah0XO+HquxzYdSYc39ttUKBeADI4puTZocUoTPv8YC+eAv6old47if9qJnbzei6YMZmjJyA4ZCDTnmcUPApmMOXYichtOy5ymatcaN7FztBC67CDKAUuit7ew6GOAiZZFk8tKIhsFc3MDoWF9j8xC/zZ5j2YTSaXAbhw+Sq8e4ydu46Ftrl8sgOmqrlSBlgS77N44l/vBcyYfIyjzbvYmTmTskVLjOs+iVL31JJi7HuO0kZRxPKCgoLIXgCWzj1TZhh36JTsTGCGcb9OzDKfDxfovAoXju1iZ+i26sSn22pUUAWAiIgMcVOZv2gJwe6KO3cdM7o5JrNpQRH2PS0csraJmh9LU+Yu4T6zq2SfqNu/DCVT87DTgq8N/NgpmQq+lO+kh27/cRQU2dndcpjI224XR82ePAVtHnb28bZTt38ZThJd7wWuJaEK6AO7zhjXdV4yMU5l/hzY6TnJzNAysyKbmZQtcZnD2PqSSnX7H600BEBERIa2jsPs3nOYDgpwLSllZmZfNp7K/GI7/jPvRi7OnElRAdD2du8dCayxTcyCd0+Y3Y9TNQO0SH9MxWEH/wk/V7Mmxu9CPCkPe+bV0FCBtrfftWybGe6OH+9+mDqRbHNyPzB/HaC3X9SYWkKJ3U/sbVdEQcT+kzMlO5OroeE8bXiif+VDZAiKvd7b8Ozy0GZWahdN7mnrOApcFHEmPH+NacqcEqbGTADamylkZV4ND9dp8yQcjicjT8p7AIwfP55Lly6lOlqREWP8+PGDnQSR4WVqCSX2PRzYtcv49+S5xq8FdGSTyZkEkwBGbv9nk89wtNP8d8EMphw7ZnTjnzyTmZnv0plsLUCBi7KLezgQ7A49eS73qVVSBtnUPDucOcOUOQXE709sjDPe3dzMzjORkwBOLSlmptkaGX8SwAJcpRdD2xq9AXr/dY2pJXOYcuYYwQbJghmTOXrM3P/MmWS+eznpyrepJYsourzLGAaE2RtAnXBkiLh6JnhvQKhVPe71XoJr7tvsNK9jMmdS5poKXCCbMwknAbQqKJrJfzUHd2ZU4B04toudxzKZOXMy+C/SwcQeYgiayvxFc0O96oLp1m01OqQFAoFAKiM8ceIEFy4Yj/Tu7m66u7tJS0sjPd3obDB16lSmT59OWloa3YFuII30tLRUJqHPLl26hM/nIz09nUAgQJqZnrRBTFfwtKSlpUWkSYa/KVOmMGfOnJTEdeLECT4wY0ZK4hIRERERkeHrG0891es6AzoHwKlTp2hrayM7O5vS0tLIQu31q7T/8RyTMicwMXMCV66+T1dXF2PHjqW7OwAYf13Xuwh0d3H5/S4yM9K55dZbGDt2XL/SFQgE6Orq4urVq4wfP56MjAy6urq4cuUKf/jDH7j11luZPn06195/n+5AgEB3N9cDATLS0xkzZgyBQICxY8eGKjVSJZiGzEyjf+v169cZO3YsZ8+eZfLkyYwfPz7l+5TeBQIBrl+/DkBGRkZMZUxnZyednZ3YbLaYbbu6urh27Rpjx45lzJgxNyW9IiIiIiIi8QxoBcD58+cZN24cV6/GjknpfqeVzMxssi776Uofx9tnz3Lp3YtkZY/jT1e7SO8OcO39K2SNzyK96wr/de4yE7PSmVv050ydOq3fabt48SInT57kz//8z0Ot7BcuXODtt99m3LhxTJkyhT/98SLvvHOeAN1c6Q4wOTuTq9fGMKbrKh+4bTa3ZGf3vqM+eP/993nrrbe4/fbbyc7ODlVUnD17lszMzFDFgNx8wQqAMWPGxFQAvPPOO5w6dYry8vKY7a5evYrf78dut5Od4utFRERERESkLwa0AmDGjBlMmjQpbvf1tMwJTL18nvQpt8HYTHKm52CfbKObbiZ3dXP1cifRDlr5AAAgAElEQVTp6WlMnDiJ9LRupt3WTRrd3HLLLSlJ2y233ILD4WDcuHFcu3aNtLQ0Jk2axPTp07n11lvJyMhg4qTJjBkzlrQxYwgAY8ekc+HCRTLH3cq4sWNTkg6rcePG4XA4IgqK48aNY86cOUye3NeZQiRV0tLSyMqK/VXloGnTpjFp0qS4YZmZmUydOpWxA3C9iIiIiIiI9MWAVAB0dXUBxnj/rq4uY7x/dzcQHlefNvk20ibkQEYmaWnpRqHXLPcGAgECU4xx78H1swmPi0/FtAXjxo1j3DhjKEFwroKsrCwcDodlDoB0bp0wIWK76dPHhdIVPM5UChYkA4FAaGjCrbfeOiD7ktQIXkuJzlHwOtM5FBERERGRwTQgFQB33HFHr+ukpadDevxWVWvBPygQCAzYZHhjx47lzjvvTHm8MvC6u7tJT08flEkSA4EAWK7LtCTnZ/jDH/4wwCkTERERERGJNaBDAAAuX75MRkZGqBXUylqotxbgurq6+NOf/sR7773H1KlTycrKIhAIMGbMGMaNM1rg33vvPQAmTpxIWloa165fI2NMRkyB8Pr166SlpfV5ArarV6/2acx9sBdBRoaRpVc7rzBm3FgyEuy3u6uLbiBjzBi6u7tDxxfMl66urlBc169fNyYf7O6GtHQgAGlppJn7DeZfcC6D999/38zvAIEAoYkDu7u76O4OxB3HPlwEJ9UbN24c6enpXLlyJbJnyLXzdL4PWdlTIgrk3d3dvPvuu6Snp4eGeHR1dYXy/Nq1a1y8eBG73R6zz46ODmNIyMSJobwMBAIEurq4euFdujqvkJGdTabt/2fv3oPjuO5Ev39Pd0/PC4/BgyQAAiSgFyWRkmjv2LvSKuC9G+3K2UW8tq7vrRtSlbASRkwqqRSvnMqVrVvJ/BHZun9YYSXlP6hlqviHpSR3XfbdKtysvavkLhlZXq/HXq5NWaJJCRAJkiAxwAweg3n04+SPnhnM4MUnAAL8faooYaZfpxvd6D6//p1zErccBBBCCCGEEEKI9bamAYByucxHH31Ea2srnZ2dS9qxu65bq9zWBwiKxSKZTIZ8Po9hGOzcubM2rVpxvXbtGpFIBNu2iUajTE1OYpoGczNz2NE4lgEtiQRzs7O4TpHZfIlQyGIulyPS0oqlNBqF5/o0NzcxN5vFtKKATzgcIZOZxDI0ph3FQGMYBp2dbUxN5XBReI6DaRqEQxazM7MYoRDFYpF4rAnD0Exey9DevQ3f82luaUF7DhqF65SZL5Rpa09g+B6ObxAOm8znC9hhm0RbO9O5SQqFMvGmeK2S77ku2vfwjRCmdlChKHbIxCkV8QmaWFiGAsPCKRWwIxHwXIouhO0QnlNCWSEswwhS0bWPxiAWi9LU1LQpeqj3fZ+pqSnm5uaIx+N0di4aKbV0lfHLv+ba1Uvsf/4/R7FQGZ+dneXTTz8lFArx0EMP0dzcjOM4mKZJuVzm0qVLzM7OMjs7S39/f8NqP/zwQ+bn53nmmWfo6empfe8VS0xc/JTpyUm6du3CisewopHa9KmpqdrIFvdvHw7n+d7RtzizzJTBV0/w8p7Vls1w+s3X+eDZN/jG3g/59us/5bk3XuPAol9L5vSbfPNdOLR42vl3eOWHvXzrtQM3HU9abD7ZbJZcLlfrQFMIsZRlWSQSCdra2u5oebnOhLg5uc6EaLSmAQDDCNr2h8PhZTMA6t9c16sOu7Zaz/e+72Pb9kLv7JaF6ziUykXypTLxSBhlKHxf4/maK1fGaGpupjQ3ixmJUXRLlEpltK8plcqYhktupkBLUwzTMCiWyvhugXizhdIuhWKZWDTE+I0Mza3NzExPE4vFyM3PciOTZXf/AK7rUiiViNgWnuviuC6F/ByGZVIuzIMy0NqnVHKJO02EtEPZNfC1ouyU8X2X+XCU69fHaW7pYHZ6GtfzaGlpYX5+Hq197KiJdh1QIcrFOaKxZor5WXwNrlIo5eI5ZcquR9gyKRbLGCqO75RBKzANCoUChtKYVhjHcfB8f1MEACDIzLh06RKGYSytVHuzOHOX2dk2hzIa98eyLMrlMqFQaEkfEoZhkM1ma8d5sba2Ni5evEhXV1dDAABN8Hsulyt9XDSu17bthsyO+9nNK/t3a4R3fnyeA4fWdCPiPpHN5cjmcti2TTgSufkCQjygfN8nm80C3HblJJvNks1mscNhuc6EWIVcZ0I0WtMAgGVZ7NkTPPAvN369aZrLVo7i8Ti7d+8GWNJ7erXJQHX4vmrwoKO9A60127Ztx1+mQtvZuR3DMDAMhVLGkkpgNX2+ur6eStZB9XN1Wuf2HgxD1ZbP5bI8/blWLMsMvquk5j/80MMoY2Gdy21veYp47ElCoVCt40TDMGD7doIKZuNySil0e+MfM9/30b6Pad3817uZmgIopejp6aGpqQmlFKFQqHGIyeij7Ny3E8OwWLxXsViMZDIJLJxT1aCUZVl87nOfWzYYBfDkk0/S29u7ZCQAKxah67FHaevuJpJoxVx0Y2hqarrLPd5CBgYYOPMW30uudaBB3A9y2SzhcHhT/X0RYiMYhoEdDpPL5W67YpLL5bDD4WWfr4QQC+Q6E6LRmgQAqhXXm31Xb3EFub7iX1222mTgfhKJRHGcMo5zb9d7T/bzXhfqPlE9N6pv6xcCLAplxtEsdNBXr9qnQrXvCaAxyFKx+FytzzZomKYU4W0dhLd1LFnvclzXpVwu3+bebrDM6UWp/UGTAW47Y+BZXjoI33nrHb5w4hDLLpo5zbdff5eR6ufBV3n70B4WmhocpO/dd4PmCgMH+dYR+LPq/AMH65oSNDZrWPvsBrGY67rypkSIW2QYxh3d8+U6E+LWyXUmxIJ1CwDcC/di+D+x9WyWt4znzp3jZz/7GV/5ylc2uihLnHnraEM/AAMH3+Abixvz36WOA0c49NPX+cHpF5dZd4bTJ9+l79UTfGMPlWDADzn94kK/ASPvjvHSiRO8XKngf/PkQb514gSdlcDBj84f4OU9GU6/+RaXD77B2wc6K+t5k9PL9E0ghBBCCCHEg2ZNAgCS+izEUq7rcuPGjY0uxrLW5y15JweOHOSD109yeu9rHFg87bUTCx8nxxgBnqubY+Dgi5XMgQ76BmDg2b3BG//OLvqqM2U+5IORQV56rVLb7zzAS4Pv8oMPMxyQCIAQQgghhHjArfkwgPWKbpGfXP0ZH05+RE+8m3/y2JdRS1prCyG2rEqF/DsnT7P3q42Tzr9zlO9U0xAGBhi4k/VPjjHCGb5zdNG4BoOTIGMNCCGEEEKIB9y6BQC01mSLOX6bvcCn06P84a5/vF6bFkLcR/YcepXBo2/xo/TgwpeZ0/zgzMDCUIGVvgduW0cvAwzy0kr9DAghhBBCCPEAW5cAgHZK+IVp2pTii5EuBnf28kh0+3Kd2gsh7iedXfQxwgfVFPrzac4AgzddcDV7ePnVQV556wwMHKz7foTLlRf153/8LiMMNDQBuLXy7uW5gXfr+hkI+gu4vAZ9Gog7Mzqc4lR6hYnJw6SG+hcvQOoUHE4N0b/8UhssR/rkcc7uP8aR5KKhSXNpTh4fZmzJMr0MHTtCMne/75vYrB7I66x3iGNHkiQaJp3k+PBYbZ9Hh1OcYpn9h5scg1GGg4kMJdKcPH6W/ceOsLgo4sHy4F1nct5vFWseANCeS/nsn6M9FyPRwzOtD6Hzk3i//Deo3znI1Yks4UgE0zCYny+wc2cP4+PXcV2H1tZWTNNkfn6esuPQ2tJCsVTCdRw6t3cy58wRsSLMludQSuF4Dk12E/FQjKJbxDJCRKzwWu+iEFvYHr50cIBvvvs6r7wLDB7k0ABcvuvVvsihgTO8U/1cbRpQ6Yxw8NVXGTzzVi0gcOs6OfDaq1w+WikvBKMJSOX/vtE/lCI1FPy86sP4llGp7C/3wJS7szXm0ic5fnb/ksqOEFUP4nXWy1ku5pJ111qOi2eXht+EuFcevOvsHpOgwoZZ8wCAPz+Fe+kXxP70X4MywHeg63G8y7+gcOVDzvzsEw4MDmKaJqdP/w1f+cpX+Onf/pS+vj6uXr3K5OQUe/fu5aOPPyYajWLbIbLZHLv37OaqdZ2dTd1cyH7Cjtg2Rmcu0RPvYndLH6Ozl+lr6uGRtofXeheF2MT28PKJE6vO0XngNd5u6LGv+iHouO9A5btvnDiweNEVll+8bKUkh07w9qG6L2rlWjzv4s+L9yH4/PKqeyU2jf4hUqmNLsQa2cr7JjaXTX8udtHVlebsxRzJWk0ix/hYkmQyTfUlbf9Qik29m2Jz2/TXmdgq1jwAoMwQupDDz09itnaDaaF9F3/2OmiNYRhorZmYyDA5OUW5XKZcLtPX28tHH3+MYRhMZCaIRMLMzs7Q0tJCf38/dsRmcm6KplCM6dI0V/PXeCzxMJPFLDPOLJ7vY5u2BACEEGITGR1O8R5JSKeDlN4XxjlenzI5OkyqmnOZTJJMp4O03H4aU+57kyRJM16XytiQrllLzwxSHse7kqTT6YXvG9L3F73FX7KdO97ZWjooi/f7SJJcfXmr6c2jw0FKM2McPwnHvgbfP36WriSk02OL9o3a/g3XXoQma8cyeGM1xND4cGV6ksOpfZxLnapUmJINqarLHz+xGW3F62zfviTp9y6SS1YyY0bPkU7u4zALAYDFb2nry5pMLtrC4mOw0oZX2ofK2025Nh9cW/E6W9HiJm/152H9fta2P8pwZf6xhZsZZ7sqxytYycrnef1+VO6lQ0PjDFcuqOThFPvO1V3f1eO6pKyrZOltYWseADCiCUKP/gHz/9d/Tfj3j2K0duN89GP0fA6r5yns0FWuXrvGZGYSDeRyudrIAKZhYIUsfvnLv6d/9y62bdtGJpPBsix2d+2m3WmlM9rBpdkxnuzYw99P/Jreph46ox0YGEw7s2u9e0IIIe6xsTQcTqVqD0gLRhk+la7dyHPpkxyHygNLjvT3h2HoGKlkovZA0Ls/WDKXPsmp8SGOpZIkKg9JJ9PHOFJ52kmPd3Eslaqk1AcPJl2HUxwJnsZJHR+mMzVE/022s8zeMHw8Rf1eNDyIrLLfx2vlDR58vp9+hCPJIY4NjS80AcilgTHSHCaVqj7onWJ4X/UYfZ/hrsOkjiw8HL6Xfn6hfWf6LBxLkUoE006lgjIMVdo8V+dd+fg9YE9NW8jWus6A/n0kx96rNQMYPZcmuW8Izq0w/+gwp9LVCkZQVmrVn9WOQcNKVtkHkGtTbLnrbFnBemrbyKU5efw90s9XKvqnxhk6llqorH8/zSNHkgwdG2K81gQgR7rheFXO++F9QSBhdLhunyvBgPdHSdZupmnOcoxUKrgmjgcXDKmhyrzvpXn+SJLETa/ZB8PadwKoFPYXDqKiLTi/+gu0M4+54wmif/w/QTTGV77ypxiGQbFY5MUX/wiA3bt3YxgGO3bs4Ec//iu+9rV/wqVLlwB47tln8TyPcCjCc52/i2GYdO/cASgeb3oMz/OxLAsFKKXITU9jmSYAvq9Rqloshe/7AHieh2VZeL5PJBwmHA6jlPROuJGOnj7GvFu4o2UVsL/zaV595r+5t4USQqyP5L7lb8Sj50iT5HBlYiL5AsnhU8GH3EXOjvWy/2uVh97+5xnqTXM2mMjFs2MkXzhSeSBKkHwhyfB7F8klHwGgd/8jC+3pR8+R7h3iWLUQ/c8z1Hucc6ND9CdW285ybuPtwuL9Hhvm/dEkQ/1B6vKR1bbxfPWgdNJVNyWRPFKX8pxjfAyof7hLvlApW4LOLqCrWoYEXb0wXllu5eMn/RBsWlvqOgPoZ19yjHM5IDHKuXQvXc+vPPfoueANafV8T76QpLqbqx6DxcdqxX0AuTbF1rvOlpMgeaSubUNunMbTeYzhamW9f4jUyjczeoeer53nnfUXTMNyOTLj0HBBkeSFyo02EVww7Kse24ULZvXj8QBFANZlFABlmISe+jKhJ/8j8F2wwqAMlFIYhgFALBZbdtldu/rIz83R0tJCe1sbc/k8xUIRTY6QZWFaFo7jAOD7Pr7vEwqFCNs2ANPT08TjcRzXxXNdDMNEozFNE8/z0L5PsVSmtaWFQqFAT0834bB0HHi3yqUShmXhuR7hsI3rupimie97KGWitY8yDIwVAi2/yAR/fhQm26Pt+Non78zTbLdQ8gr4OsgQCasQKJOCN0/BLVD2g3MhakUXylIuMzk5iWVZtLe3Y1YCQjMzM0xPT7Nz587aeVgul2vnkNbBebI4GFQqFnE9n3g8hu97aBS+5/HRRx/xxBNPEAqF7vnxFEJALjMOvfuXf6jNjTNGFy8sP5HxMUifStVSgQNJcjyy/HbG0hxPDTd835vJAYu3s+gh5V7pHyJ1GFJ1ZV4pc2BVi1Ive3vvpDCrHT+kkrHFbObrLNHVS/rcKEOcI927n2OJlfraDCoQvfsT9QvTW61WLzkG9ZXuW9yHm10Ycm0+0DbzdbachvT83l4WTud+hoKbGam7aaayKG3/zq6XmxyP/gfnilmXAAAEb9yxbMC+reWe2rcP13UxjCBg0NTUhGEYeJ5XqZgpgvEEgwBAUMkM3uybpsn27dsxDKP2nVIKrYP5Pc+rVfx0pT8Cy7Lk7f89MDWVIT9fwHFcorE48/k5YtEI5VKBULQF5bv4GuxIFKeYp3N7F03xpUEg0wjxcMtDdMd2cmn2Ii3hdgwMim6eaKiJcqmAHWrCNOE3U//Apfz1ytmwYGxsjGw2y+zsLE899RQdHR0A/PVf/zVXr17l5Zdfpq2tDYDpqUmmpqfROmiIkmhro1wq4GnwPZdQOIozP4+nFLalUMqgJdFBsTDP2bNn6e7upqWlRc4lIdZAorMLxsaXf7BNdNHLWZa/hwcP78kXlqtA58gst53eFXrZzy3eznJvIu6R/iFSlS6mg5TGYfalhm7joT5H+r00vUPVdODKEE+3XZDVjp/YajbzdZZ4ZD+9w+cYJk3v/mMEZ/2ycxLsZt1eVt5a1srWcAwqb+hvax9WK6lcmw+6zXydLZFL8156af8XC/oZSqUYojqt0hTmNurbo+8PM5Zc1H/HbRYTbnI8HiDGRhfgVliWVQsA2LaNZVmEw2Fs28a2Q5X/20QikeDtfyWN37Ks2vzVeUKhhfmj0Wht3kgkgm3btYCAuDshO4xpmBgKfK0JWRau76OUQTY7het5uK7D7Oxs8BbdX1xtD3h+iWvzNzibOYvr+3w2e5kr+TGuFye5PPsZH89+wsjcZ3w2+xmzTnFJ5R+gVCoRDodpaWmpZYs4jsOFCxfI5/NkMgt/LltamwmHo6B9TEMxl59nfn4eywyalXiuRzQWZ2dPF4X5eQqFElprrl67yp49e7hx40YtwCSEuMf695EkzbnR4GMu/d7CG5DEI+zvHePsxcpT9+j7dZ1rJXhkfy/p99K1Z/LR4RSpk+nln9H795EcG+b9ynbIpTmZSjE8urCd4erE3EXWYqSxXPpkQ/mCh5auO3pgCSo5LDomt+M2j5/Y3DbzdZZ4hP29adLpXvY/svrV0r8vCen3SFd35Vy6fiJJ0ry3MHHR29Zb2IdbINfmA2wzX2fLGmPhdK7rDDCX5mTqZO06C5rC9NJ1Jzez8Uywj7k07y17Qd6Cu7xmt4p1ywAQD5aOjk46Ou5+7HWNZmR2ZNV5xovXV53+xBNP8Mknn9DW1kZXVxDWDIVCvPrqq0xMTLBz587avOFoE/39TbdUtsef3Ff72Xz44VoWifQhIcRa6WfocLKWFt87NERy4Z0dya8Ncfb4cVLDQHKIoV5qb9QSySMcHk/Vpf0lOVzpQGnZ7Rwb4uTxhSHDeoeOVd62JEgeOcx4LZ0xSTK5NDX4bi0tby9Dxypv/x/ZT+/wMMdT4xw+ttqrmmq75kpZk4c5nExzanzZd063WZ7q8RNbz2a+zoLKEeznJvV/6B/i2NBJjlc66exNJhvTlo8NcbK6n71JksumHK+yD6vWwOXaFJvxOlvaqW2Qzp/kheQwpyr7kjx8mGT6VBAQ6E9y5PA4qbrleoeOVd7+P8L+3mGGj6cYP3xs1cSD/ueH6D0+HOxz7xCHh3o5dTZDjv7bPNdXOx4PDqXv8evKkZERdu3atfBFcQbnF/8HurRyj/zKjmPtHUK19d3LoohN7EeX3yPvzN/RsgpFX9NOvrD98/e4VHfn/fff50c/+hGvvPIKAwMD92SdIyMjdHetRe6xEHfuwoULxJtuLZB2d0YZTr1H17Kd7FWGQ5LUWLEJ5OfmePTRR29rGbnOhLg9cp2JB8F3v/vdm86zJhkAhcJC7+16agzODUMhu/ICdhxn+z5U5O7fGIut4UDn79/1OurPw/tBtfmBEOIO5dKcPD7OC5XheoKUyS4OB4N+Nz48jb7P8FjvbbUxFEIg15kQ60GuM7GB1q8JgDIxtj2CLs6AYYJTBCOEdvLge7XZfN9n4sYNfA2e56LR9PU2ZgZMT0/T0tLC3OwshmmilIHve9jhCHaobpe0z8joZzQ1txCyTCzLwgqFiCzq5f/6+Dg+iqZ4FNO0KDsukUiY6ewEoUgzIdMApfBdh3LZpb2zA7Our4Ds1CSeVqA1bW2tZKemCdkWc3NztHd0EI1EavM6jsPU1CSWZROJhJmdmcYIhYmEQ8FwhGYIz3MI2WF8zwOtCUej2It6lr8yNoYdiWBbFr4OukEslwokEm2Uy05tuMNCqcT2zsbAyvXr4/g+xGMRlGGitaZYLBIJhzEtC2UYRMLhhv4QcrksM7OztCcSuJ6HYZi4rosVsvGcMpFoFNd10ZX2/o7r0dLS3LDdyckMhWKZbZ3tlEolXMelqbkF25Ze84UQtyCR5IVkilOphZ6zh45Vx+7t5/khaum8EPSaL0NhC3Gb5DoTYu3JdSY20JoEAKo97gcfghYGRudjGD170eUChOIwexmj/Qm8sZ/gTY2B1mjfx/M8prJZLCvEVOY6jm+ws2dnw/onJyfxfZdzv/o14XgLCo3Co61jBwO7G4MFxWIZ388yPzdLwfFoamrm8cca038mbkxQch2K+VlisWbMcAQrZDGfHSfS2o1bnKVQcuhsb2XiRo4vtrfjs7CPU5kpZvKzKMPEMDQXz3/C9p5OJieu4yuT7h3bMSoV8nK5zPT0NMViCbc0TygSx9WKkHJxdIiWeJirlz8jnthByIJiqUhraxuPPNSYMj6Tm8b1bjCVncEKx2hpjqO1x8ULn5BItDI7N0dTcyumqehsb29YNpubplQs4xbnMKNNGNql7JtEQzBXKNPdtZ3Ojk4idYGL6VyW0ctXmEnkyEzcYEdPH/mZabQZImZ4zHkhQqoEVhTtlXFcny8mf6dhu5mJG1y7MUkhP4vjevi+ZiAaxbLMWzirNj+ttXQQKMRd6h9KUekYf4lE8gip5PqWR4itSK4zIdaeXGdio6xJAMB13YUPnocF6KlPcCcvgB0P3vj7Dt7YOfCKYNp4noeuvEHu7+9HKUVX1w5QRuP6gO3btlEolXn6mf0YphkM8+d5WHZ4yby7d/cBGt/vqnTSZi6Z56FHHsavBB9M00ApA8dxsXZ24/kQsnbiuC6WadLV1Y3jupjGQidvXTt3skP7FAoFrFCYvc88WRmCcAdKKXzPrYULLMti167daN/D83XDsISgUErR0d6BaYUq5faxw0v3a1vXDqKxOL2lAoZpYZombrlM+JEIpVIZpYJhEH3NkmW7tm/HNC2UAmUEx1cphfZ9UArXczHMxuO0Y0c37R3b8X2PXbv7sSwT3+vB9zWGofB8vzZSA0rhOu6S7fbs7GPb9m5MM9im4ziwTPm2qobAmBBCCCGEEEKsszUJAHhzdaNQzmexfB+8cvC5OF03Zyn4n2HhF2bw65bTdYWrLlplAk0G4Ff+URnP0J3Da5wVVbdMrXylpfOY1XkqKwgDlCvfuWBX/h9sJ9+wnWqifJMJVNt5OwvbXLy9+v1YThjAqWu/Pp9fsl9xAyiWiVTKhVtZX6FArYGDF3znLWp6Hq4uU2EvWrcN6HxpyTYbTha38ZjVHzsq33tz+SXLW5X5bFXZUCm34vHZavzSHCw7UKEQW4tlWWitZTQMIW6B7/tY1u0/jlmWhV8JvgshVifXmRAL1iQAYP38f6/9rMt5pudL+O4qad6Oh3fur9Gf3N6gjlHTJ2pKhUpsDsY1HzzJAhBbXyKRIJfLEbJteWgSYhW+71MulWhtbb3tZVtbW8nlctiL+uwRQjSS60yIRmsTABg9U/s5Wzb588sJ5lYLAAB8ehW4esvbUGieaCnype6VhxcU4n5iznWh9O6NLoYQa66trQ2tNdPT0w9MEx8h7oRlWSQSCdoX9dVzK6rLyHUmxOrkOhOi0ZqPApB3FR/NRHHDbXilAkopiuUgp18pRXdXF9Mzs+Tzczddlx2y8X0P1/NQ6Mrb/0oAIJqAQg7CcShVU88VtZRrZaLad6HnbtRNBzDAssEtgjKDPgoWjUzQQClUax+6mIPiTPBdWx94HszdAN8FuxnwoZxffh1VzV3gloNmEXYM3AJ4lT8uhgWxjsr0HMumjsc6UOEoOjsWfG7thXwm2JcqMwK2DYWZ+p1Yfn1CCHGPtLe339HDlhDi1sl1JsTak+tMbDVrPgqA1sF/dnTtgtIMTz75JNF4jLlsjvd/9hP+0T/+fbIzZWzDYOr6dZp7duLN5jCjMUztk8/PEG3dhjs3Q9iMcunyRcanprg+fg100EkeZghz2yOocAdGawL3k5/hT42iOh9GT/wWAKOtF12YxXz6JfTsdZTZjIpG0TOTaFVZR2sPfn4K7c6D1Yw/9j667KELU8GwhQCGhdW2G+VtRzV3okJNEI3jz5egmMFo6UHPTkFzB3pmHBVpQReu4136FUSa0VOfLRz8xB6M3U+gc9dR4RB+YRoj1oI/ncFoGwC/hC4UMFo68GfG8MZ/gz8xUlve3P4Yfu4q1pNDYBh8BkgAACAASURBVHloWjAMjV8oopSHDlmocCeqfAntxcDQuJ/8BKJtteMi1k91uEYhhBBCCCGE2AhrEgAoeQvVnLKn0cDVK5/S293FP5z7NeFIhMLMLPNFhw9+msb3fMKWTS6bozU7RaI5jjMxweTUJPP5OeKt7ehSEe0r5vLTzFQ6l/O0puRplDIxZyfRMznUFPhzU/iuB+O/pVrlUtlxjNZu+O0ZVCiO0bwd/9oVdHEe1dyGLuVRE5+gyyUwCP5fzuHPz9JQbfM9vNw1CIVhfjR442+AXyxihKOo3Dh+IRcMdegUCLrDc/Hz00FgoG5dzrV/QM1eAhTKUKBMtFdCl8sY2evgldCej7KjaCePns/h1x1bY/wTjFgL7rXfoN05tGdgdfYHnSrOXEe7JTAiKKOExoZyPijH9ARSFV1/nkQAhBBCCCGEEBtobQIAzkItx9IuD8UK5L0SXJ+gOrJ8DHgoCtz4EAjqRa0AVz4jV5knUvnHjSu19UWBbbEgib07XAq25czDlQvLlKSutuUUoTiyzDxA5rPlv1+WR+nKx7cx/yqcDMxkVph4+ebLT10N/tXLjN11scTacHyp/QshhBBCCCE2zpoEAOwnX6z93An8070mvr63w0EpIGz42Kb0qi42B/OaA59JBzJCCCGEEEKIjbEmAYDOP/mXDZ+3rcVGhNhkmj74W9SV/2ejiyGEEEIIIYR4QK1JAMCMNAOgtaQ8C6FUkP2irDBB7ooQQgghhBBCrL81HQbQ931KpVLDqABCPEhM0yQajW50MYQQQgghhBBibQMAEGQBaK3Rvs/MzAzRWBzbDgFQLpexbXvJ/KVSEdO0MC0LQ8kbU7F5SfBLCCGEEEIIcb9Y0wCA1hrf9/E8D89zuHjxIp3btmMZmnyhTKlUpKWlBd/3cV0Hwwyxq6+XK1fGsEwLX4WwlI+PQamQJ9bURGdHB6FQaC2LLcQd01qTzWYJh8PE4/Fa+r8QQgghhBBCbLQ1zwDwfT+o4DsOrg/j167Q1NzM1StjaCvC1OQkVjhMPBYHP4/X001mIoMdDpOdyeMV8zQlOrAtRW56mnA4TKK1da2LLcQd0Vpj2zamadbOfSGEEEIIIYS4H6xLEwDf9zEtmycef4x8Pk8kEqFn504idhjH9QCNYRhA0GHa3n1PAeBrjaHA1wpDaUBhWZZUqsR9LRKJAJL+L4QQQgghhLi/rHkAoF44HCYcDjd+Z5pL5pMUfyGEEEIIIYQQ4t5a8wCAZVm1t/tCPGjMZQJcQgghhBBCCLER1jQAoJTCMk2QSpB4QOmNLoAQQgghhBBCVKzbq3nfdSkUSziOs16bvGccx6FQKCy06daamelppqdn8H1NsVjc2AKuIjs5SWZyqva5XC6jdWO11Pdd5gvF+2o/tNbM5+eYmZnD9/1Ned4IIYQQQgghxP1k3foA8Jw8o2NTFGemKDo+be0J3MIMnorgeQ4h02C+7PK7yc+vV5Fu2ezsDBM3xsmXfNz5aRLbuglbFjcmMjS3tJCdvM6Onl081L9ro4u6xPXx67R1JEin/55oxKJcLmOGwsRiEbJTWTwfHurbwafXpgjhopSBZYUoFed5+LG9tCeaNqTcWmsmJjLkpqcplsrEbFCRDsKGw67+hwnb69p9xZZ1bXx8o4sghBBCCCGEWCfrVosy7TgtsTkS8W58rYg3xdBuC7nZEtFoGMtQePr+HDM9bIdpa+sg5vpYqp1ovJmwHSJk2yjDoLkpQnNLYqOLuayObZ2YlklfXy+uU8TXgDIol0s89NAAjuPR1Bzj8VgLNzKTNMdjhEI2nusQi4Vvuv61opSiuaUZ27YpuR7xqM3MXJG2lhYksf7e6e7q2ugiCCGEEEIIIdbJugUANIqdvb0sruK3d65XCVbnuu6KHbbF4nFiTU0o1Vj6aCy2HkVblfZ9tNYrdrTY0dlZ2y+tNSiFAjzPa9jfONDW1rYOJV5QbVKx+LhWJdraG/Zr2/Z1KdYt8TwPUzq3FEIIIYQQQmwi6xcA0BqlIJ+fxw5HMNAYpkVhfg7H18SjUSKRyIqVwbW2WhtzpRRWKMTsdBZMC8O0aY5H17F0K/M8D6dcXnG6MgymZ3K4jkeivR18H9cto4wQbtkhEgkzNzdLqZDHirTSFA2hDBNf+4Rte01/H47jLPSrsAxDKexQiNz0NOVikc6urvXrtOImioXCRhdBCCGEEEIIIW7LujakLpfL/Pajc3hmhOaIxfjENDs6mig4mtJ8gc998Yu0bFDFerWKrlIKwzC4cuUKmcwN+h97mtbm+DqWbqmZmRnOnz/P43v2rDrUnAKmp2eIhS3SP08TiUXByUOkk+LcJP27+/Fcj1jI5dfnPibRbJCdzGKEY/zeF79ANLJ2zQBUJRthtenz+VnOX7iIXyzQ3tOzvifsMj755BO01uzs6dngkgghhBBCCCHE7VnX+lQ0GmPfM59HA+VSiV0DFpZp4Ps+5VKZcMha9Y3wRtEE6er9Dz3Cjq4uovGWDS9nU1MTn//854Me8lfJANBAd3cX8/MlnnnmaUzLQvseyrBwyz1YoRBaa3zPI/m5bhynxMCAief7hCxzTfdTa42GFYMAWmssO8rTe59gbq6A6fts9NkxMDAABBkAG5WtIoQQQgghhBB3Yt0CAEopXMfBsoJNhqzGTdt2GO17lMveehVpgV69UzldGYbOsqxaZ3/lVSrd60nfpIKufR/LsmlpsRe+rGQMWNG6bItQCAC7rnd913XvXUGX4ft+UPlfoSLt+z6GqTCtEK2J0KqBjvUm3RAKIYQQQgghNpv1GwWgmqZ+k8r2Rlk1jb5aQb0Py66UWvVNtGEY92W5IWjjv5Laft2nZZcOAIUQQgghhBCbjdRihBBCCCGEEEKIB8C6ZQD4vo9/n77NFeJeMw1D+ggQQgghhBBC3FfWLQBgGIakGwghhBBCCCGEEBtk3QIAju9wvTBxW8sopdgR2Yb2NHNzc7e8nG3bRKPRoP27EEIIIYQQQggh1i8AcHHmU/63j/4MfRv9pxsY/Pf7/lv8CY+/+7u/u+XlunbsIJlM0tzcfCdFFUIIIYQQQgghtpx1CwBMlXL8KvshAGEzzp7WAS5Mf0zBaxxqbke0neuFqdrnGWcOf8bh6tWrAMSbmmlubiI3maFYdmrzxeNx8vk8EDQ3KDsOQgghhBBCCCGECKxbAKBeU6iZ9kg7/7zznwGaaDjBXCnLx1Mf8Xj7fn5+7T0+mr2y7LKtiQTbtm1nV18fYTuEsmzccpHifJ5fnv3V+u6IEEIIIYQQQgixSWxIAKDsF8kWc0yXpnA8l9ZwgoniFJaCv7n6N5Sc/IrLzkznmJrK0rOjg/lCCdu2cZ0yruet4x4IIYQQQgghhBCby7oFACJmmLgZQ6PxvBIXpi8sTJz9bMn8MTOKoQxsI4RvK2zbBqBcKgEwduXakmWq89i2LR0ACiGEEEIIIYQQddYtAPBwywDfePpf3F4ngErRG+9B92le/KM/uuXl4vE48VjsToophBBCCCGEEEJsSesWAEjYrfyj7ufvbOEQtEiP/kIIsWlks1lyuRyu6958ZiEeUJZlkUgkaGtr2+iiCCGWIfcysRWtaQBAKYUGfN9fy80Icd8yTXOji3AT5/ne0bc4s9ykgYN867UDdN6zTb3DK2/B108cYs+9WuealCXD6Tdf54Nn3+AbB+7Z3j9Qstks2WwWOxwmHIlsdHGEuG/5vk82mwWQIMA9Efz9fmek+nmAQ2+8xop/ytfsvnSz+0hw7+XVE7y84TdEsRK5l4mtak0DAIZhEI1G13ITQoh7YFAeQsQ9lMvlsMNh6YtFiJswDAM7HCaXy0kA4K4FlerLB9/g7dcqle7Mab79+lE+OFitiEvFW9w6uZeJrUrOaCGEEPeU67rywCTELTIMQ9KL74Hz77zFmcFXG9+4dx7gG68OMvLujzm/cUUTm5Tcy8RWtaYZAFprPM9D61vv+E+IrcQwjE3QDOAmKimShw5e5p13g7zKwVdP8IX0Ub5TaTtQzSA4/85RvsNBDl1+t5KCObhiamXm9Jt8s7K+heYGQdrk5a8uvJ3JnH6Tb459lbcP7akUZ2G7DL5a+37ldd6CzGm+/fq7jAAMDDJ4ywdHCCHExjvPz8/A4KvL3G32JBnkLX5+/kXGf1hp8vbW0SALoDLL+Ok3+U7l3jFwsD5tv7GZ3EK2XOVe1TfImTNnltyLli/iO7zyVvWmKfcZIcTGWdMAgO/7QVRbAgDiAeUB5iZoBnPmraNL+gFobBZwhg94g7dPdAaV7MrD09uHKhXyH57mS68dqMz6LpdfPcHb1YDAm71LK+Ln3+Gb7/bx9ROvsafyIPXNd7p4+9Ae9j47wDvp87y8Zw+Q4cOfjjD41aAgmdNv8p3LB/nWiYVgwbdPVx7WGtYZbLu6ztVlOH3yXTj4Bm9X1vPKWzDw7F0eVCGEEOsjM85lBniuY7mJHfQNwAfj8PJrr3K5vgnAeai/vwV//09yeu9rHOjMcPrNSpOCA52VQPGbnK7rU+DM5V6+deLELQSaz/O9t87U7quZ02/yTZAggBBiQ6x9Xkul8q+1xvGdW/qntcb3PHzHua1/kmkg7jeb5YwcfPUEb59o/NfYPnKQlypPPJ1dfcAgX6hM7+gdaFzZwEG+VJm258WDDIz8lA8zjbOcT5+BwWQlM6CTA18dhDNpzgOde59loPIzmQ/5YKS6rWowoBpMCJYb+emHZCrrHDj4Yi3bYM+LBxfWs5rMh3wwMsBzezurC3JoYPVFhBBCbBUL9zc6eqn9+a/cf2rTOg/w0uAIH9Td0Aae3XtrWWbn05ypu292HviqVP6FEBtm3YYBvFGY4IeX/h36JlWisGHz1Z4vMX/2H5gZvXhb2+j7gz+hqaf3boophLhbfV0LD0SdXfQtmSHD+GUYeHbZVzXQuZfnBt7l5+cPsYcxRmqBgkkujyyXrTDIZGWdI2de55V366cNMJ6BPas9oU2OMUIfLy0Umq6lhRZCCHG/6uyijxEuT8LSGnlw7+j7aicweevrnBxjhDN85+ii/LjBSWCF+9cKMsFNr26pICvh8m2tRQgh7o11CwBcnB3he5/+m9rn7ZFt3ChOELdiONrD8z087RI1I3wxvIfCT/5fxv/ufQDs1jZM26Y4OYEZjuAWC1ixOG5+rmEbzbsfkgCAEBvt8jgZ9gTPYJlxLsOiIEBQwR4ZW/ZJDeisNQP4AmcYTB6qfB88MA1+dYXem/tg4E6G7uvoZYCf1gUKgmAC8qdk7eXSnDw+zgupIfobvhtmrPo5eZjUUHVqjvTJ4wyPLTetYcWkTx7n7P5jHEkmgq9Gh0mdStfN08vQsSNUJwshNrM9fGEQvlNrPlan8vb967fb639HLwMM8tIKw8Xejs7gpsfCXS8ISgghxEbYkK4tI1Yzf7zrBb7Q+TS/u/1zPN2+j6ZQfMX5W/sHCMVb6X/xy3T/3n9I/x99me7fe56e5/6AaPvtRWGFEGusLuX//I/fZWTgWfYuqpPvSS6k/EOG0z+sbxJQbQbwFt85M0Bf7RIPAgNnfni69uh1/p2jvPJm8HlPsrGn58zpN3nl6Ds3bwLQuZfnBkZ458eVOTMf8oE8mK29xRV9AEYZPj5M1+EUqVSKVOowyfQpTqZzwdTh4wx3HV52WuOqv78QJKh+lxkPAgap6rql8i/EVrLn0KsMnnmLb5+uq5xnTvPttxqbh92yzr08N3CGH9TWd57vHT3auP5bLlySQerWdT69pN8dIYRYL+uWAVCv3W7i/778N/zutn3Mu0UAfO2tOL9bKhNOtFGcvIGvTULRMM78HNoD35Ohc4S4W8t1ArhaD/6rGuzj8utHeaW2jmV64t9ziG8dfJNvHj0afB44yLfqO+vr3MtzAzBCY/Cg88BrfH3sKN88Ws3zr1v/4nUywKE3bqX8nRyodAz1yplgnYODkpq5lnLpkxwfHiOZTDJW/1KefoZSqYbP+5KQHs8BCfqHUqRWmLZglPeHoXdRBkdufIzeLqnxC7F17eHlE29w+s36pmADHHrjBAuJYZVMgbeOcvngG3yja7X1Ve8NdesbfDXoEPA2MwBgDy+/cZBvv15Z18Agg9LXjBBigyh9j3vOGxkZYWAg+KvmeR5OuQzABzf+jn+ZTq22KABRM8pbT3yDwv/5b2tNAG7V54/9K3Y+/8LtF1qINaKBaGUUgDNnzvCXf/mXvPLKK7Vr5G6NjIzQ3bXqE8y6CoYBvIXhkG5xXT/ovYOUfrHhLly4QLypacXpudFR6O8nMTpM6hQcrm8CsMjocIpTLJfqP8pwsDD1k0aHU5zbd4yu9+qbAARNAsZfaJxXiPtFfm6ORx99dKOLIYSoc7N7mRD3o+9+97s3nWfdMgB2xXfyH/d96aadAEaMMDtadzL/ud/Dbm69rW0073r4booohLhvnOfnZwZ47g2p/G9Fif5brIXn0ryXhuThxvlHh1OcSgO9QxzrXzT/+BBfG4LGLmRzjI9B+lSKasJB71Bd/wBCCCGEEA+IdQsA9MZ38j889d/d+gJ/OMTuPxxauwIJIe5P59/hlbfOMHDwDV6W+v8DLOgPYCx5mCOL4gX9QylSQ0Eg4PhJOHYkSYIc6e+fZf/XjpBgUb8AuQzjQLKaLZBLc/L4cYY7JSNACCGEEA+WdQsAaK3xfX+9NifExlEKQymUUhtdknW359AJ3r77lfD2iUM3n09sYUF6f3rFXv4D/c8P0Xv8LBdzSZK59xnueoHUci/1E0mOpJINn19IDnPq3ChDt5qNIIQQQgixBaxrJ4CGsSGDDgghhNg0gsr/+NAxUjdL0c+NM0YXLyRg9P00pNOk6jsVHDtOanzlIIJ0CiiEEEKIB826BQAM7eN/+v81fKeiCXRh6RBOW5UKhdFOaaOLscAwQBnwoIyksF77G03AtsfAjq3tdoTYcnKkT1be/C9T+W/sEDBHOuggIOhAsNIsYGE9dZ0ALu5scHSYU+leho5JAEAIIYQQD5b1ywDwSpT/6n/GNaMo7WH5Rcyep/Cv/nrdirDhmrfD7I2NLsUC0wbLhtLcRpdkfazT/qqd+zEHj4G9a023I8SWk7vI2TFg7FTjm/zeIY4dSdI/dIyhk8epjRTYO8SxW2nE3z9E6vAwqbohBpOHU0gfgEIIIYR40KxrEwAvksB58qv4U5eIX/qb4EvTRsW3ge8CPmgflAm+F1TWvDJamTB3H1Wcb5XdBKYF9VkOpo2KtQU/V/fNczDiHWi3CL6P9h3IT65ZsVSiFz0zXvd5ALQD2gXfD8rs+2i3iDJMtO+hTAtCcfCKoDWgwHfRxRnwnDUr610xLFS8A53PBOdThWrpBisClMDRoD3QLno+F5x/dyoUQ4VluBghbln/EKn60WEXt9VfIkHySIrV5lhxvv4hUinpWFYIIYQQD7Z1DQBow8Zp3oVfKKCp9AdgxzG6n0aFwyirBT1/Hd+ZwWjqAzz0zBVU56O4v/pzKBXXs7h3z46hrHBjMwcrirHtUVRzF+CBpfB++xOMns8DPsoAbfi4f/9v16xYqrUHPXu99tnoeAQVjeLnbmAkdoHhoJ15MEyUFUMphT9zGcLtKCuEatmOP3Ye1boNb/R99Mz1Vba2gcwQxNphPgvUBQBinRjbH0PZPrpsBdNMhfvhj6Ccv+PNKTsWpP8LIYQQQgghxH1oXQMAofnrtLz/LdA+yq+8NS7k8C68BwpAVd4u+/jqF4AO3she+iV45fUs6r0xN4Fe3BF8aQZv9G+DtuhVnoP7m79Yt2L5l34RvPU27WDzI/8elAoOd+4zdCEDWqESXejpSqaA9gAVzKeM4I36mAH+ffr2H8ApoG+cX/JW37/+If7Ex5VPCqhkNNzlOabzkzA/hep5+q7WI4QQQgghhBBrYf2GAVQGPDRIfX3Yb9uFjrSvVxE2XqQVitMbXYoFhhX8cxcyKzQAjy38nBjYgIKtkWX2d02090NIOgAUQgghhBBC3F/WLQDgqRCF5/4FjuNgGAaWZT2Q46SLrc80TYxwGHOjCyKEEEIIIYQQdda3DwCtMQwD13UxTROlFOVymUKhQMi28VwHy7QoFAoYlkXIChGNRjAM4+Yr3yTK5TL5/Cyu66MBywrR3rax7canpiZRyiBk22g/SJdXhoH2PayQjVMq4boudjiMaZq4nodlmoQjEYxNGMTJ5XIYhoFhBh0c+r6HMizsUIi5/DydHQ9QVooQa8CyLHzf31J/u4VYK77vY1nr+jgmhLgFci8TW9W63nF838d1XRzHwbZt0JpyqcjFixdpaW0hP50l3LINd34GKxKmXHZ4fM8ewra9nsVcU+VyicnMBKWSg1NpVr/RAYD83Czj49dp79gObpHZkkdzPMLMdI7evt0U5udRhsm18Wtoz6XoGTRHQ+zs201TfPOluk9mMvheGR2KU85ng2CMYeE5Dk0trRIAEOIutba2ksvlsMNheXASYhW+71MulWhtbd3oogghFpF7mdiMvv71r990nnUNAFiWhWVZRCIRIGhjblohurq6MAyDcMjGDIVRMRsNeJ6PucUuuEgkwrbt3YAiUglybLREWzvbtnfhuh6WZeD5GtMw6O7uRhkWra2teJ5He3sbWmt8rbEMg0g0utFFvyNdXTtwXJdwJIbntFc6NlQYysD13I0unhCbXnt7EESbnp7GdeWaEmIllmWRSCRq14wQ4v4h9zKxGVXr2atZ1wDActGzWCxGLLb53iLfqVDIJpFYyGi4lV/SWmtpebDePDQ1tyx8iG788RdiK2pvb5dKjRBCiE1N7mVis5nKZm86z7oFAAzDIBwOr9fmhNgwSqlN2TeCEEIIIYQQYmtbtwCAUoqQdHIjhBBCCCGEEEJsiDVtYK+UQm2xNvxC3A7TlMEAhRBCCCGEEPeHNX0lL2n/QgghhBBCCCHE/UFezwshhBBCCCGEEA8AaZS/BTiOg+e5mKaFqut8zvd9AFzXQaHQyiBkKlAmrlsmZIexJEVdCCGEEEIIIR4IEgDYAvL5PNnMdTwjjFuYwwjH0G6JsqexQyFCBpRLJXQoQiIexjfCFGan6NzRS6K1aaOLL4QQQgghhBBiHUgA4D7heR7FUpFwOMzcbB6lwDQNNIp4LIbWPrOzeQwDbDuMUgZK+xQdl2g0grm9C18rXKcJx/OZysxj2xGa4zFCloUVstAYxKNhyq5PzFaYhqJcdlAKLMuiXHYwTQNr1dEafMplH9uWU0cIIYQQQgghNhOpxd0nZmemuXH9Oh1dPUxlJnAKcziEiEcjtDY30dTSzI3r42itCcfiGIbCKRbRvk8mm8UyFa5nUC7P09zcykxuCssOM3HdJxQK8cwzT/GbDz9GKcXAI48yncsxM3+NUCiC8ssUPQNnbopQPEE0HALtU3YcyqUSygoTCSlm82VaWyO0tHTR092x0YdMCCGEEEIIIcRtkADAfaK5uQUrZGOZBn6iDbOtDdMyUYZJUzyOUyrS1tGJwicSjWGZJnOzM8zM5tnW2YllWTilMo7XRCQWpaO9jaA3AI2LwdzcPJ3btuG6ZXzPY3v3Tjp9H1CgXcauTfDw7qdwPI1pGIQsk2KphDIUWivCdohisYihwAjJyA53orm5mZ07d250MYQQQgghhBAPKAkA3CdMy6KpKWiPH4nGlkwPR2NsW/R9JBKhc9u92f7jza1LvovF4w2f44s+i9vz6KOP0tXVRbFY3OiiCCGEEEIIIR5AaxIA+KvT7684rbdrB309XQ291W92vu9zcfQSmWwu+EJXJizeRV33nV742jQNYtEoiw+J1jBfLOK53tKFllhmxcsWArTWS45/7TtdXUv9etRNtr2y+l2ufrH4u8WHSy/5YnERljt3ljvoy61o0TpWm6X6/Z3t+pJ1F4tFPNfl88/sucMVCiGEEEIIIcSdW5MAwL/61/9LrTKrdWOt9z/50z/hP/unX8XcQsPPlcsO7/7wLzj9t79AqYUKbK0qulp9FYhGIvR2d2GaBrUap1J4ns+Va+Pk5+eXLre4crzMehtVGwToJfMopSq/p6XL68WfVqsMV/dbqeBHXRdGCHaJytcrl1WB9pcpuiYYynDJ+iplrxwHBQQNG9Sy+1q/UlVflsZNLdktBcGICqEQth0CrXFcj2gkzFy+gGkazM7OL1qqfq2gtU9booVT302tVCghhBBCCCGEWDNrEgDITE0BQYWppbmJXTu7+eWvPwQgP19AKYVhGExOTlIsFunu7kYphed5S3qg930fwzAavqtWVlfKItB1tbp1yTRQMDObJzM1hVKKtkQrhlJM5qbx/cbabDhso32NaZqUiiV8rYlGIsRjMcoDz5D53QOo+DQ7f/2X+D+/TiabZS4/z588OUGuFOfybIKJrEOhHKw3Eg7z/Bd/h6eeeJy/+PF7jF66jO8HVVbTDLFz++eJx3YweuWXzBcvg4Z4NMrv7d+L4zqUSmXOj1wmNztXOXhgofnnu+f5d9eiTJUXjr2xIwJfbCfS1YrKlMn/4GJt2rbOTr785T8i/fdn+fg3FyiVHDRg2yH6erqJRiJc+GSUUrkMQE/Xdrp3bMdzPXztUy67fHzhk6AIdXVnwzCIxuJ4rkOpVKrUqxWGEWQr+JWZtd/4O/erwQdlBtVv3yMctnn0od1cuXaDbG4G0zQwlIHvazwvyLIw1EKQoXru+L5Ga03Istj7xCNYpklLS5zrE1Ps7u0hFo3w2eVrfDoyVivDQwN99PXsAOAXZ3/DXH6+cqpsncwXIYQQQgghxOaypn0A/Kf/7CUOvfRlOtvaeOoP/rhhmtaajz/+mL6+PmZmZrBDFud/e5H+3X1oZaD9oPf6yclJ2traKBWLmFYIpRRNUYvxyTnaE82gFE6phDIMisUikWgU7RSZK/ns2LGDcGh9Mg2q1bqBXb309QQBjSvXxrkw8lltHtM0eXj3Lgxl4DgOn3x2fmKg1gAAIABJREFUGd91AfDsGMWmh4lcmMDffZXQ3gLObxZe7/+P/+XTTLODpjC8fuIi//7sLIZh8B/83hf4/S98ntHLY3z9v/ov+F//7BS//XSUkNVCcu9LKN2H5Y5jxB7no+IVPHwikTBXL37ItWvXmMvPo/9/9u4/KK4zv/f8G2h+SICEREuDbBjTHhxyB7LR1W02hTO3GV07YjzWekfeiR2BayMnjljHW1sa2D9kyZmQlCVr6y6Mdqt8J2iUjLIrYOQ7Ncq6NOORrlUeemdFErgqTUZMQozdeEAWkpofEiCBgO7945xuTjcNNKilBvrzqlKV+pznPOfpI8Rznu/5Ps/JskNKWvCLfGk6mZufZjCRkhx8Iu7LTuax39nGUMYYdxklJQXziXsS/qQk/u1/2Mm/+Q+78Geu43pfPzcnpwAozH+cFyqfITNzPWfO/pjuTzwA2FJslDv/LSMjt/nY8xkz0+NzrmlKSgrl//4rfPOP/ifuD9+g4X/7jwzeuEne1ly22HMZHR3Hj5/bt+/gHTSmX2RmrmfjhiwGbg4ylbEJ3xO/wxcz7nPrn37G1i251P3Pr/J/n3mfj/7ff+R3/t1/w5d/40tc/qd/puufe0hJSebxx77A4NAIMzM+tuXZsaXY6Pm0j3sTEyQlJ/FZ3+ekpqaSesPG7Tuj9PffIDkl2TJNw/Dff30n/758BzPTU7z9H/+KX/7qUzMosdz5BCKry/DwMCMjI0ybv+NEZC6bzUZOTg6bNm2Kd1NEJAL1ZbLa5Nrti5Z5qAGA6zdu8IuufyF/2xfm7BsaGmLjxo3YbDYyMzNJTU1lc042ly9fxpa2DlsybM61k4SfX/d9xo1r19mQs4mkFBvFTz6O55NPuL05h3Xr1uG9dZO09HT6f/1rCp4sIiN5hvGJ+2TnbH5kAYDAsG5mxsfQ8G1Igpmwp/9+v5/RMWOgO3V/Cr9lf0ZyMv/dlkm2pE/R2PkvjG6cIG1i9mlx+0Aevxx1kJc2yKA5Vk5OSuILW3J55itP09P7Gb/51JdYv34dfr8fn2+aweEbpCVtZs/MDVK3TvFXN3z024x2XfmnXzI5OcmGDTnYwjIspv1p/IoUJrD8spvx4x+eZNI/xL3PZ0i+l0y635hSkJKRQf/d+3T3XSNp4i4zU1PBw+5OTHDt+g02bMhidHw8mJ3xha12vvH1Z9i2dQsDtwY52vhdurp7Qtphs9nI3LCRvutDzIzfJtmWRlKSsfjhxuwsBm7cIm+rnRs3vcFj0tJSGbk9is2Wwv11G7Fv3cQrO/8NJ3svc//+ff61p5fx8XsADI/cYf36dcbUiyTIydlgXjsf09Mz3L07QWpaKsnJSdhsNtZlGG8/SElJ5u69CdLT00hLTWNqehpbcgqbclIYHrkDwK/+5RPy7BsZGbrBti2Z9KQnMz4xQ+T5IPHUzemaRtzhmx1VHD1Ywby/Qrqb2d8IdU3VxGpFg+7mGhqo5UR19DUudMxy6nvkvG28c7gFqo7wZoX1andzuuYsBUcOUrH47/FoT0bbscNcKg8/V+wNDw8zPDxMWno66RkZD/VcIquZz+djeHgYQEGAB2L0ZdQ28cqcX/mP7nffg/C2HeNQiyfiPlfE7xWlGPXX3c01NMy9WaA6pv3UyqK+TNaqhxoA+Pk//Fe6unvYYK5ub5WWlkZJSUlIin7etsewpa8nPS2V9PR00tKMp9J+vx/HE09iSzWam56exr/bkQlJSaSlpbJtWx7Jyck4HA5jBX3fDElJSaSmpz3MrxdR37XP2brFThJw45Y3ZJ/P5+PWoDE9wjfjCw0QTN9j7MYnjGZsZrLXRnZgPQAzsvB/tvQAPYCfG7eMAeyMz8dHP/97Puu7BiTh8/n4pPfXRnUz9/ikr40NWb3cGunnqcI8UnwzQApj4+Os2/pF1gEpKTZ8ScmzEQw/fJYyjQ9fyLPq5Ht+rnX0M5MxRWpyMknTSYARXPHdv8+vL/2c8X/9Z1Im73JnbDJ43PUbt/j5P/5XbCkp3Lg1GNx+46aX/+vM/0POxmympqa5fuNWcF9gTYLJyUl+duEC//CPV5i6d4fx2yMkJ6Xw+cBNvIND3Bkd587oeDB9H2B4+Haw3SlTvYz/w03e+3U7Y3fuMOOb4cSp9xi/dw+/38+/ftJL72efMz09zdT0NINDI9zy+UgiiftTU9yfmsLn9zE9ZUwf2GLfTHZWJjMzPtLSbPj9kJWVSXJSEr2fXSPVZgsGAC62/T09H3/MkwWbSUpJITllvlUGV4bQmwvjZunQMRYOAjwEjvzcR3i2lcPTcp7uitgFU+JtZGSEtPT0OdO3RCRUcnIyaenpjIyMKAAgiwff480VGlT3th3j0OFjEE0QwNvGO4fbeXoVBQzUl8la9VADALdHR7k9OhqybXp6mrt375KSksJd6+J2po0bsgFjEGhNt0lOSQ7Op793b4LklORgfYEBY3p6On6fMRj0+/1MTtxjkodv8v794NN8n9/PwM1b85edvB+yRgFASvp6MvJ+g3+5vw7f5H1+40tbSSGXmekp0kbusS2/mPu2NALL0W3KhmlPF5N373Bt4AbXBm7MVuYHkpLI+cIXyc7dBklJfJi/gf8ycZfhLzxGytgwWxylpKSlh7Th5qdX8ftm+MKXfttaEX7fDAM9vyA7dxtZudvMB9h+/H64c6OPu7eH+MKTXyY5JRWfH3xpdrb8xjZufPwLMjZsZtNjDgCmgW0bC7g3OsLwtU+5n5HL//fJEEkM4Qfup21m3YbN3LszhHWQPDkxweTAr2e/nt/H3bv3CPzkjN+9O/+Y2jfD1L1Rej+Z/RkcDLypAWORxXvTs6/km5y8H3L41PR08N/q/v0pen99jfS0NO5PTZOWZmNm2gdJSSQnJTF5/37I/P7p6Rk8/bcYvj0GJDF+LxCkWGkZAJHYqThYS19NIz/troj81KG4mhNNsT1rbr6DgrzY3RUUVzdxIma1PUwOHA43Dc3OlZ2tsATT09N6WiISpeTkZKUXP1R2Kg42URHvZsTLQ+ivA+wVB6nrr6HhfDcVa6T/slJfJmvVQwkAfPr3Hz2Male07zUei3cTZJXweCKn+K0suRQ44NKAF4rtdDfX8CNc4HbjcVRxdE8/hxqh7kg+PwqL6Iem3odOMZjNNDCyDPoKXLjdbvOpwkFeCZy+u5n9jYGjlpdiGD4FICS9MuQpyzxtNJ9WFLjA7fYEds4O0hdqo5na74my/U/vqYLGRk47I6R5znlqYk11DaS2VlHQ0mJ8B0cVR1+D7wXOP+eJUhenayxlLftCUjwt33XOv/9KfkIlIhIifArAfP3SAv2EmUbvcrlxuwO7Z6cUhPzuDPsdOX/fszTGOVyzqfzdzexv7KP6yEHyztfQQBXVfS00ewDCy5lTALqb2X8WXLhxexw8+996+KTIMjWiu5n9Z/OX1MbcfAe0D+ClGHv4tQj2f92cNvskjyVjIFbXRkSW5qFmAIjIamUnrwA8/YNgdsceN9Q1NQVvKIxiJTztaOFSl5cK88aqww2u2mKMm65G+qqOcMLo6Xnn8DHaLINhd18+R5uawjr8bk439lF9pMko193M/pNtlDzIjUF3M4daCqhrOkgxxg3KoeY8TlTnzt9G41vjppYTTcXmvsAgfaE2Gjc6BbVNvFls7jvcTN5C8y9zK/iTqnYOnW3ja8v4np6Wfl5sauIV88b20Mkq47qagQhrJoenpZ2njzRxwm5O9WjO40R1Md62YzT0VXG0qQK7ecP8TtvsjWHIv7+IyKq0QL80OF8/Efit56Yv/wgnmuzmoPokbSXGcbO/O43jvtdWYvzunLfvmec3qaeFQzUtodvMgXFxdRN11JjZYnC60Y2r1uiDugHcLfTVNnGi2ByEH5tnIO9xg1nOGPB34a0w297pxlF+ZEl9kN24WWAQsHfPvRaB7IBXjlTRZw1mL/XaiEjMaFKLiETH5Yww+LNTUu7A096FF8A7QJ+jiq8VA94uLnlcvBgY7dsreNHl4VLX7NoYjvKSeW40PDSf7zb+WlzNiQd8KtDd6Q5pf3F1k3GTsWgbHVRXmkfZ8yiIpo3dnbgD1wCguJJqh5uO7oXbaK94jWpa+F6bd+GCETiqKs3vZmRuBK/rnDYDrj1mAMZOxR4XuDvpxktXuwfXnsB1NvYF/11hnn9/EZFVxNvFJY+Dp0tmf+e/2WQMSLs73ZbfpVBcWYXD3cnsr25LX5Gbj8Nar6eFnwa7g6bZzIBF6wzjMIK3J6x/LP1fcXUtLncj+2sacbtqQzPGLP1OcWUVDk87XRG7ExdlwQY5cQXLddPhtlyb5Qjpr70M9M1fdMnXRkRiRhkAIhKB0XE7yhdflM9esQdXy1m6vBWUdLVD+WtG5z/Yjwc3DTVhywa7BoGF6i3mlaZaqGlkf4R09KVb4Lss1MaSheqcv43egT7wuOc8xXGY0ynmZwy6mxtP0layJ4rvtTwhCy3m5uOgHxikzwPuxpqwN0K4GEREZI0Y7MdDAS/O+VVs9BMe92H2h/zqdjDgZeHgZ3E1J2phv+X3p8ucorVgncsaZxfztSoH7pYC6sL7xIK82UB5pODvPPWVuTz8qMtLRckAfY5yvrbEdnmNDtbo1cOmvzkc8x71EK6NiERLAQARmcvbxSUPFOyJphcO3EB0Qzs8/Zr1CYmLFyOmvi/2lLuYV5qajDUBQlLvl/g9gEjTGYIWaqN3YHltzCsAR/ny5jIWV1PnqqHhfCeupR67HIP95o2akTng2hP5GuuJjIisCbn5OGiPMMg0+gnHfK8KXCwSWlzNiaZqwJzX3thMWVP1wnUuh7eN77UQeeHYvtl5+HgH6IOoggDFThees110YwngR98guto9ULDHSPk/34InbP2YhojHLXK9ZUUa6TzJ8SvbOfCak5zwnb3nqD8F++p3UxiPxsmSaAqAiITx0nayBY81jX0RxU4XnpZGmgv2zC52Zy/haYebHwVT2rs5XVPDO4uluHvbeKfmGMFi9jwKcFDwAG8ILHYGUt0DpzjG/mNteB9GG4uduCzpoEbZGk5HOYo2Ujzds0/i7XkUYJmW0N3JnFcxL4Gn5bx5Hby0nQ1MjTCmcrjPtgVDM93NNcY1eoBziYisKPYSnnZYp3kZv/NPdwf6sfOh/URN86IB0GB/EjhFXgE48jG6g+XVOc+ZaDvZAlWv8eZBYypASL9iSfnvPt+Cx1FOVNn8Zp/V0OJZ8pt4vG0nafZYpsqBGYgAvG38aIHOKrbXRkSWQhkAIjI39XupKffFTly4wWk9JvA6QUuKn6vWWHhpoWGlvYI3a/vZf7gGc6lBHFVHeGW++xK3JQ3fKG2sihzSvmqOVh3jUE1NoCHUmYsUzdvGhUa+C7bRWOzoncM17Lfui/pyBlI8Qz8fajHb6Kqi2gELTK1ckKMqn44a86mMo4qj5r9z4HVOs1MXZq+RpgGIyGowpy9zVHH0oHU+19x+yVF1xFiwlfB+wkH1kQUWbw3UOOd3p3Gc0R0ssc5IiwACjqr/lafb/3eaqeJohR2w80qti/2NxygI9HeuAvqC/c7s7+/FFVPmArfbsjbAfOb0t5a3DWDO4z9sfgdHFXVVDhoCbwgwFw1uPlxDX20Tryz12ohIzCT5w19K/4A8Hg+O+Sf9iCS8WP4f8Xg8bMvLW7ygyCP08ccfk5mVFe9miKwa42NjPPXUU/FuhqxS4a+9XSpv2zEO9e/RCvxhFurLes/V82HeAV5z5gQ2UP9hHge+CT88PsCzwVT4ETpPHmfg2XpKry79mN1z8umNfVe27ybv3Dk6AfJ3m3Wcoz/w+TUnOUsqG4lx/DmjIE4ndA7MTgHoPVfPqU6jpNPppLNTUwBWgoyMjEXLaAqAiIiIiEhCMt8C49TgfykKS530X+lhxPzce7WT/O1F5OQUsT2/k6u95o6RHq70OyktXN4x8+k/N0BpfT319ftw9p/j+A/hm/X11B/YTX7/OX7eu7yyViOdP+QcuzlQX099/bPQ2T+7s/ccpzqd7Kuvp77+AHkDnUu/iBI3CgCIiIiIiCQabxvv1BymuaB2mYvsJrDCUpz9V+gZAejlamc+24tygByKtufTaY7mR3qu0O8sNZ6KL+eYeeTv/oq5P4e8fIxAAkCOnfC80KWUnTVCz5X+2bIU8pXd+cG9vVc7IdjGHJzPOhe7YrKCaA0AEREREZFVqri6iRPLOdBewZtNFbFuToIopNTZz4c9IziLvAzkb+crZh59TtF28s9dpXd3IQz04ww+yl/6MSOdJzl+LvDk3cm++q88lG8z9zylDPRD3rOzkwNy7IFwwQjeAcjfbpk4kJNHPou9PUlWCgUARERERERElqCw1En/hz30cgW2f3N2Hn1OEdvzz3G1txQ6nZTuXv4xOc7XqA95uD7yUN7OE/E8+XDFOwKFRitHvANAHpCDPQ/6B0Yg8A1GBuhHVgtNARAREREREVmKwlKc/ec4da6fPLt1GT0zpf/UKTrz80IX2FvOMXFhtKf/3M8xJybQc2V2iF9Y6oTOD+k0FzTovao1AFYTZQCIiIiIiIgsSSGlTujsnLtgX07RdvLph+Ac+gc5Jj5ynK+xb6CeU/XG4N7pdBLM8i/czYHdJzl+vJ5zQL7TSf68NclKo9cAijxieg2grHV6DaDI0ug1gCIrTzR92UjnSY4PPEv9nPf19XKu/kPyDryGM+fBjxGJll4DKCIiIiIiEnNGWrwz0vv6eq/Smb+dojkD+eUcIxJbmgIgIiIiIiISrZFOTh4/R79zH/VhY/nec/Wc6sxn94Hdoan8yzlG5CHQFACRR0xTAGSt0xQAkaXRFACRlUd9maxGmgIgIiIiIiIiIoACACIiEmM2mw2fzxfvZoisCj6fD5tNMzJFVhr1ZbJWKQAgIiIxtXHjRu5PTurGSWQRPp+P+5OTbNiwId5NEZEw6stkrVLIWUREYmrz5s0A3L59m+np6Ti3RmTlstls5OTkBP/PiMjKob5MVqNo1gBQAEBERGJu8+bNGtSIiMiqpr5MVpuh4eFFy2gKgIiIiIiIiEgCUABAREREREREJAEoACAiIiIiIiKSABQAEBEREREREUkACgCIiIiIiIiIJAAFAEREREREREQSgAIAIiIiIiIiIglAAQARERERERGRBKAAgIiIiIiIiEgCUABAREREREREJAEoACAiIiIiIiKSABQAEBEREREREUkACgCIiIiIiIiIJAAFAEREREREREQSgC3eDRARkbVneHiYkZERpqen490UkRXLZrORk5PDpk2b4t0UEYlAfZmsNrl2+6JlFAAQSXhe2o4dptkzu8VV28QrxdYy3ZyuacQd/Oyg+shBKszfMd3NNTS4XdQ1VWM9zNt2jEP9ezhRHVLZso9Ztu5m9jcy51zycAwPDzM8PExaejrpGRnxbo7IiuXz+RgeHgZQEOCBLdaXGf0Y5jb1W7IY9WWyVmkKgEhCM2+YCmo50dRk/qmFxhpOdwfKGDdNfVVHZsscKefS4WO0ea11uflR6IYoLOcYWelGRkZIS08nOVldjMhCkpOTSUtPZ2RkJN5NWeWi6csiUb8l81NfJmuVfqJFEtogfR5wOa3PF4r5WpUDd6d51+QdoA8HT5dYUorsFbzo8nCpy3IT5HBAy0mWdF+0nGNkxZuentYNk0iUkpOTlV78wKLoyyJRvyULUF8ma5V+qkUSWi4FDubcINkrDs6mMtrzKCBssA8UVzfxZoUlKFCwhxddHppPthH1fdFix3Q3s7+mmWDrvG28U2NmHgT+3tbM/poa9tfU8E6bF2/bsZDPVgOWfaFPhbo5bW4P3eel7VgNp5vNczQv+ChJRETiIoq+LBL1WyKSgBQAEElodipeq8Lhbpz35gOKeaXWhafl8Dw3IZaS1bW4PC38dAn3G8s5ZpaH5n6nke5ptvF7vMaJpiaOVjnwtJyfvQnDTXP/nmBZd2NgCoOXtmOWKQ5HquhrDJ3e4O7L52hTU2znd4qISIxE05dFpn5LRBKNAgAiic5ewZvmnEnj5uPw3EF+cXVwXmWdC9yNNeyvCV8DAALBAnej5enHopZzTICD6krz5iY3H4dlqoI9r2D+ssWVVDvMrAZvF5c8Ll4MZDNEmN7gKC9h8TVVRUQkbqLpyyJSvyUiiUVvARCRIHvFQU5UmCsaNzZTFmH14eLqJk5Um6shn2yj5GBFWIFKqh2HaWh2cjQ/yhMv55glKyAveDdkJ3ifNdiPBzcNNe7Q4q5BIPdhNUZERB6SaPqyEOq3RCSBKAAgksi6m9l/Np+jBytCnhRYn0LM93qj3HwH9EWq1EjFvHT4LD91RduQ5RzzILwM9AH5mE9gXLwY8QZRqzyJiKx4UfRlC1O/JSKJQ1MARBJZsROXp4VDIYsEeWk76waXk2LAXlKOw90YNp+ym5+2eOZPMbRX8CdV4HZ7Iu2NLNIxufk4cNMReCFBVztLqDGM5dVN3edp9phpl/YSnnZYX+tkLKwU7fxRERGJsyj6skWp3xKRBKEMAJGEVswrTUcoOHaY/TWzWx1VRzhhmVv4ZlMep2sOs79ltoyrtok3F7irslfswdXSiHv+IosfY6/gRVcLDY01uAFHVRUu2pdQo5WLpznJ/hpPsP3GV7RTcbCWPuv3c9Wa3183UyIiK18UfVkU1G+JSCJI8vv9/lhW6PF4cDgcsaxSZE2J5f8Rj8fDtry8mNQlEisff/wxmVlZ8W6GyKoxPjbGU089Fe9miIiF+jJZjTIyMhYtoykAIiIiIiIiIglAAQARERERERGRBKAAgIiIiIiIiEgCUABAREREREREJAEoACAiIiIiIiKSABQAEBEREREREUkACgCIiIiIiIiIJAAFAEREREREREQSgAIAIiIiIiIiIglAAQARERERERGRBKAAgIiIiIiIiEgCUABARERiymaz4fP54t0MkVXB5/Nhs9ni3QwRCaO+TNYqBQBERCSmNm7cyP3JSd04iSzC5/Nxf3KSDRs2xLspIhJGfZmsVQo5i4hITG3evBmA27dvMz09HefWiKxcNpuNnJyc4P8ZEVk51JfJapSRkbFoGQUAREQk5jZv3qxBjYiIrGrqy2S1GRoeXrSMpgCIiIiIiIiIJAAFAEREREREREQSgAIAIiIiIiIiIglAAQARERERERGRBKAAgIiIiIiIiEgCUABAREREREREJAEoACAiIiIiIiKSABQAEBEREREREUkACgCIiIiIiIiIJAAFAEREREREREQSgAIAIiIiIiIiIglAAQARERERERGRBKAAgIiIiIiIiEgCUABAREREREREJAEoACAiIiIiIiKSABQAEBEREREREUkAtng3QETi5/rAQLybICIiIiIiMZCenr5oGQUARBLYtry8eDdBRERERERiYGh4eNEymgIgIiIiIiIikgAUABARERERERFJAAoAiIiIiIiIiCQABQBEREREREREEkDMAwBJSUlMTU3FulqRNWFqaoqkpKR4N0NERERERBJQzAMA69evZ3h4WEEAkTBTU1Ncv36d9evXx7spIiIiIiKSgGL+GsDc3FyGhoa4fv06MzMzsa5eZNVKSUlh3bp1bNy4Md5NERERERGRBBTzAEBKSgpbtmyJdbUiIiIiIiIi8gC0CKCIiIiIiIhIAlAAQERERERERCQBKAAgIiIiIiIikgAUABARERERERFJAAoAiIiIiIiIiCQABQBEREREREREEoACACIiIiIiIiIJQAEAERERERERkQSgAICIiIiIiIhIArDFuwEiIiIiIsvXzemaRty4qGuqpjhkVzP7G93gqOLowQrsS625uYYGajlRXbx44QBvG+8cbufpIwepiHTCQJsCltk2efjGxsYYGxvD5/PFuykiUclYt27RMgoAiIiIiMgq58DhcNPRXU2xZaze3eme/5AlWlYwYG4l7G/so/pIUzA44G07xqFjBIMASzlPTNokEY2NjTE2Pk5qaiokJcW7OSIxoykAIiIiIrLqFRQ4cHd2W7Z4Gehz4HI5ll1ncXVTTAfX3oE+cJRTYnncb6/Yg8vTTpc3ZqeRGBgbGyPVZtPgX9YcZQCICOCl7dhhmj2zWxxVR3gzYu7iA+puZn8jc9M0RUREHkCBsxxHYyfd1cVG/+Lt4hLlvJjfjrvPUjAsBT/Y33nbeOdwPwUuN243uGqbKOs0nrAfzT9Lgxugkf2BJ+7eNt453EKw63Qt/iTenlcAnna6vBWW6QHFvNJ0EDCyAaI9z5yyzs7Q/jVsKkJ3c41ZHk07iILP59PgX9YkZQCIJLxuTtccprmglhNNTeafWgpaDrO/uXvxw0VERFaC3BKedrjpMLsub1c7lJeQG1Kom9NmCv6JpiZO1LrwtJxntrdz05d/hBNNTbxiGcvbKw5S58IyyPfSdrKFglqzniNVONxnaVvsKX5xNXUuD82Ha9hfU8P+mmasPe1SzjO37AK6m2noq+Ko2c/XFbTwvUUbKyJrkTIARBJcd3MjbkcVR0NuHop5pdaF2/okRWQZpqamuHHjBvenppiemsKWmkpaWhp5X/gCNtva6YIS5XuKrGx2SsodXBrwQjF0tXso2GOHAWuZ2aftYKbkU2DZ7+Dpkmiei9upONg0+3GwHw/wdBRHGtMKILB4YUPNQosULv88c3ha+Gl3Ba8UG214czl1iMiqp7sSkYTWTYcbXLURbjqKqznRFFrWWGXZ4KoNPB0xpg9cKnCB222mKIauxGxNO3S5XKHnCUltdFAdWDU5QirmK4pErCq379zhxo0bbN26lfT0dNLT05mcnGRycpJPPv2UvLw8Nm7YEOHIGK3ovdhK3DGy7O8ZntYbZPl/8LA9omsk8qjY8wrwnO3CWwKXPC5eLCYsABA65c3hWP76AKEp9Q6WXlMxrzQ18Yr5O+97bSURp949+Hkw+vRa2N9YE6EfF5FEogCASCLzDtCHg6f+Mi5QAAAgAElEQVRzFy1I27FG+qqOcCI4T/IYbZZBg8cNdU1NFJs3Vw3NTiMlsbuZBndgIGfsg0AQoJvTh43UxjeLMQZ3h5vJCw76AqmYGpmsNrfv3GFoaIiioqKQ7YEB8oYNG+jt7QWYJwjw8Ff0joVYfM9HNtgXSQTFTlyes/z0PHhcezCS6C26z9PssQQXzXVplszbxo/c4UHr9sUOou3YYfr2hA+8cylwQF/EQ5ZznnkUV3Oiqdqs9hiHGpsp03o8cTXec4H3OwZnNxQ9w96yrdEcSc+F9/n0yRfYVZT50Nona5PWABCREN3NgXmJxp/T3RgLKXlcvBgYpdgreNHl4ZJlyWJHVaV5E2Enz5JN2d3pBpczuK9ij8u6E7ejiq8F7j6KK6m2zN+MPhVTVpJAOvwTTzyxYLnCwkJu3LjB1NRUxP0PY0XvWIrV9xSRWCqmzOXB7fbgcs43tO1jwAvgpe3sgwQVPfSZY7fu85GyecIZUxTcjcdC1wroPk+zZ6H+Lsrz5ObjIHQNhEBZb9sx9h9rCwZD7HkF4Mhn0fi/PDTG4H8Tz+zdy17zzzNcpLXj5qNqABdaL9Az/mhOJytHzDMAfGNeJt3vMvPZP+C/Oxzr6mWN8vsjbJtTxr/I/uiO9YdsX7w90Rwbuj1y+eTMzaQ7fodNz/wvpGSvkEGtPY+CwI2F2aTwuYmAOefQbcxTtHINwoK3D16MNx5ZyuTm46Df2DvQBx43h2paQo5yDHgXrlZWtEA6fDS2bt3KLa+Xx7Ztm7PvgVf0nmO+aSzLE6vvuaAFp8i083RVAc0txjdyVB3hTzjJoRZP8HPwOsTpGonEQ7HTBW4oi/SzW1xJteMwzYdraMZBdW0VjsZ2zGUDFq+3sZH9fcYUpBddLTSYKfWu2lpc7kajP12g/7JXHOREXjP7D9fQHNzqoq7pYPD8UZ/HvnBZR1UVLtqD563rr7H0tw6qj1TrLQBxND48CEXbsfYiW79cRu77n3GzbCvR9S4iSxfzAMDkz/4Pprs/jHW1Iqueb3yIu7/8AGamsf8PR+PdHFMxZS5oONvG1xaaT52bjwMXL0ZMFVxoFWEjG8DTb4kwmAsYQeAJRHnkudxanHjVun//Punp6VGVTUtLY3hoKPLO3BKedrQEpwEYK3q/Ri7W9NfZFb0r7JgD3fN0V4T/rC4+jSU+39NjDkRmzQ66F5si46G5f4+R0tvdzP7Gw3yvypgy4207xqGWwHWI3zUSeTRCF/YLX8PGXnGQExXBT1QcbKLCcnRFU+BTBW82WfeYQfGQeqtn6w0GzE1NgZPOrSes0pB6Fts//3miKFtRYSkatk/iKnNTLnSEDfYzi9i111rqJh2tF+kxPxU9s5fIMwQWLnezo5WLszvZWwYd73cwCAy+fwFe2IVmEiSOmE8BmPYsc16SSIK498mleDchRHF1LS5PC4eaQ1Ot247NPgXEbrxa6UfBnMVuTtfU8E4UrxAynsTMvhopZA53sROXp4WfBk7tbeOdwLQDWbWmp6ejHhhnZGQskBpvpMv2DXgBr7Gid174SNS48Q8MUI0VvSOIYhrLUsXmezpmX0dm/gk+cY9iikx1pbkzNx+HZcqM3ToPJ47XSEREIsss+l3Kcnu42NpKa2srrRd6CM3GH6fnwkWGy14wpgi8UMbwxUgp+wuXG++5wMXhMl7Yu5e9e1+gbPgiF3oyKXuhjFxyKdPgP+HEfhHA+5pIIrIQ/+RK+z9irEJc1lzD/hrLZkcVR5sCT+btVByspa/mMPsD2YOuWuMp4WKP6ourOVp1jEPmU06Hy2VZwbiYV45U8c7hGvYHT3vEGABpzLFq2Ww2JicnoxocT0xMkJqaOu/+mK3oveA0luU93o7l94wkdlNk4neNRERkPpkU7dpLERjz8d/v4P3WjtmFAMev8+lgEdt3maPzzCK2F3Vw5fo4IevOLlLu+qeD5D75u2TOOeej+6aysugtACICRJMaGHhdUbi56ZQhKZOEp18C1SE7I6dKzrddVryMjIwlDYzT0tLmLxCrFb0XnMayPDH9nhHEbIpMHK+RiEgiCF3Nv4hnXtjEFTPFHhZK3TdlFrFrb5EZCLhIxxN7KWOYQXq42NoTWrZoHLA8sh9fqBwMD8Km7Ut7xP/A30dWNAUAREQkprZu3cqnn37KhoivvQvlvXWLJ598coESxoreDW5w1S68onexPbCit2tuEbuxnsCP2irNxe+Mxe765l0Mb3Gx/Z4RFDtxeRr5aXeFmRVjLAhYUNvEK0teJDM+10hEJBFkFu1ib+jbYI0B/bxu0tF6hU3h6feZG9gU/Psmcili+96yCAsCWh7fL1JuUy58emcctkYfBFj695HVRK8BFBGRmLLZbHwhL4/e3t4Fy3k8HvK2bcNmWzgWXex0Aa4FVvQ2FtLbX3MS9lThCL7iy8qYxlLQcth8xWUjblftAw1sY/095zKmyPQ1mq/lPNwCgSkyS6omftdIREQi2coTRYN0vN+B9aV/4z1X6KGIJ7YCmdt4MreHK8FJ/zfpaG3lQvgiAAuWy2Tbk7kMfno9GDK42dH66F41KCtSkj/83WoPaLShfN59t6dS+M+/zqHrzjruTKXE8rQiK0KWbYbirLu8sG2QbNvMvK8q/OKfdcTkfB6Ph215eTGpSyTWbt+5w80bN9iydStpaWlkZGQwMTHBxMQE3lu3yNu2jQ3Z2fFu5gNLlO8pIpJIPv/8c9IzMh7qOUJT7YHcMl7YVWRJ8A9d3T+4PgDj9Fx4n0+ffIFdRZkLlDNrsb4FIHgOo46OQaX0ryVJSUmLl3mUAYC/6rHTMaRlJmXt275xjP/xizcUAJCENzU1xa1bt5icnGRqaorU1FTS0tP5wtaty3givnIlyvcUEUkUjyIAIBJr0QQAHuldSdeI/hNJYugeXRfvJoisCKmpqTz22GPxbsZDlyjfU0RERFa3R7oGwF2f0v4lMdzTz7qIiIiIiKwwWgRQREREREREJAEoACAiIiIiIiKSABQAEBERERERsUhOTp5dvVlkDVEAQERERERExCIrK4up6WkFAWTNWUHvJnqd75yp4PHwzeO/4tQf/SU/iUeTluhPG3/AV2njpdrvhu15tN9tth29/Pnf/CGFvX/Lq3/5QYzPIiIiIiKyNmVlZeEHxsfG8Pl88W6OSFQy1i3+JrIVFAAwXPvZH/Ct4Pj5Of78b/6QfY2v85M5g+rVJ+J3+5tvQxRBgK9/+6/ZV/jZqgmGiIiIiIisZtlZWWRnZcW7GSJRGxoeXrTMCp8C8AF/0XENHi/iT+PdlJj7gL/4ozauZX6Z33s9tjX/p9o/iJCFICIiIiIiIolsxWUALOq5b/P9fV8mE4Bxuk79MX/xQWD7RkauPc7jj5tP22ngva8GEu8tZRet5wlGrsHjjxt7uWZN6zee3JdkBhp0jZ+9XMd/WtaX6WVkvILCLc8BRsP+tPEHBJscOO/rDewryQS+bMkYmL8d1ikAIV5f4HqIiIiIiIjImrbCMwCe48/LHodrPeYA+3W+s+/LjPzsD3jp5T/gpZ+NULKvwZId8Dg5I3/LSy//Ad/67ut856s5dJ2ylP39b/P1CPWc6iKsnkwep9M47tSvGH+8gu+YT+m//u1vUjLSZux7+W/pGn+csm8/t8zv9wG3RiAzp9Cs+6/5as6vOBWoO6eC73/7OfhuHae6xkPWDFh6Oxa6HiIiIiIiIrLWrbgMgMe/+gPe+6plw/ivOBV4+v56EY+P/4pTgYfx3/2QrrI/5KnXgV6AcXo7rI+0Myn5vdfhg+/Cd+t4KXDc60U8zjV+Zn7+yV928ntnKkLq6fov5s4PbjGyb7bGn/zlH1vm4BeSk0mMPEdZYSbXOgJz/D/gLzqe5b2yMr7O3Mf0y2vHPNdDRERERERE1rwVFwAIXSgv1Ne35EDm4+w78wMsY3LGtzxnDtytvsu3XobvnKngvTMVZuVGSv3Xt+TA+GdzD4lGWBr9+PhyKgl4ji05MN7bS2AQPycAAhQS4estuR3zXw8RERERERFZ+1ZcAGAhP7k1wr7xeVbCf64swhHf5VsvmwPc577N9/dV8J3Xv8u3bo2wr2QjhUtugTElYbwr8Fo9Yx7+0uuZbXNhJozcMuoaGa+AjsgBkNBU/eW2Y57roRiAiIiIiIjImrfC1wAI892e0FXzn/s23z/zg+D8/BDPfZvvn/lr/jwwLf6DW4wwzkivWQ+PGyn/wNe/7eRxrvFxlAPhwJx9Xn/WsgjfUj3Hn//+l8kc/xXGbIMP6Ogd5/Gy2Xn5f9r4A977m/nn6S+pHQtdDxEREREREVnzVlUGAHyXb53awvf3zabJj3f9rfEEO3z9uw/+klcLG3hv3w94b5+l7AeR6hmn61Q0K/mb8/K/aqbRX2vjZ9ce56s50eUAzEnvD0vB/8lf/jGFjT+wTHG4xs9eNrMdOj7j90u+zL4zDRS+XLf0dix4PURERERERGStS/L7/f5YVjjaUD7vvj/+xydieSqRFa3xtz4h/D9X4H/bF/+sIybn8Hg8bMvLi0ldIiIiIiKyeg0NDy9aZnVNARARERERERGRZVEAQERERERERCQBKAAgIiIiIiIikgAUABARERERERFJAAoAiIiIiIiIiCSAR/oawPXJM9z1pTzKU4rExbrkmXg3QUREREQewPDwMCMjI0xPT8e7KSJRybXbFy3zSAMAJTkTdAxlPspTisRFcfa9eDchSt2crmnE7arlRHWxZbuXtmOH6dvTxCvF8x4cgXHcpfIjvFmx+C+gZeluZn8j1DVVU2z9+8M5myzT2NgYY2Nj+Hy+eDdFZMVKTk4mKyuLrKyseDdllTP7svDNjiqOHqzgIfVGUZptm6MqtG/0th3jUIsnrLyD6iMHMYotoU/1tvHO4XaeDh4rD2p4eJjh4WHS0tNJz8iId3NEYuaRBgD2PjGMLclP15113JlSJoCsPVm2GYqz7vLCtsF4N2Vp3Gdpq1zeTYO37RiH2svjfpO1Utoh5uB/fJzU1FRISop3c0RWLr+fsfFxAAUBYsBVaw1aG4PnQ8eIql94WH2It+0s7oUCEWH7vG3HOHS4mbwoAtvq9x6ukZER0tLTSU7WjGlZWx5pAGBj6gyvfWmVDYzkkfD7I2ybU8a/yP7ojvWHbF+8PdEcG7p9nkpXMIcDmk+2UfLANxF2Kg42URGjdi2quJoTTcZfvY/qnLKosbExDf5FopGURKrNxtjYmAIAMWen4mAtfTWN/LS7YonZbDFWkBd132ovKcdBOwNeKLY/4j5VQkxPT+vJv6xJjzQAICIrU8GePRQ0NvK9tpJ50wy7m2toCOZXmimKg81m+qLHfMpSQldIumJoWubs0xkzrbHABW43RgKkKySVP+L5wpsWmAJQCw3Wduzp59DZfMtTkW5O15ylQKmRj4TP59PgXyRaSUmaKvPQ5FLggEvGaBqIti8z+o6QsnOmyllF7utmU/wb2e92RTVdzdvVjsdRzp+ETwEo6eKdw/0UuNy43eD6fRfu/2xp82tmBV3N7G9xR9FmEUlUCgCICFDMK7Uu9jeep7siwg1KdzMNfVUcbbLcFJ3vpqK6mqNVfZYUROtzeC9txxrpqzrCiQq7OVg/FjII97ihrqmJYvMmp6HZadyszHu+eW5kisPb0Y3Lc5Yub4Vxru5O3I5yjmrwLyKSQOzkFYCnfxCwL6EvMwbvs2WNPuqdtkhz8Rfo6yoOcpRF0vQ9LRyqabFscFHXNF82npu+/COcaDL2fi3V0mZvG+ChuX8PJ5qqzTUBGjntXOpaPiKy1mlSi4gYiqupc7lpaO6OuO9E8ObFy0BfFPV5u7jkcfB0iXkbU1xJtcPDpa7ZIIGjqtIMNhg3aQ90vtAGU+aaPVd3pxtHeYnmSIqIJLKo+xYvXe0eXHsCZe1U7HHhae+aO90sir5uQY4qjjY1cSLwpxYaao7RFvFwy3kiV0Z1pTnat+dRsEBJEUlcygAQkaDiyiochxs57TwSeuPgbeOdwy1mqr4DhyOKygb78VDAi8sZdS/nfGGKnS48Z7vwVpQw0Ofg6UoN/0VEEosxyHeU55ofo+1bBunzgLuxJuzNAi7MXAJL0Qfo6yIprqTacZhLXV4qNPlfRB4CBQBEZJa9gj+paufQ2fO4LJu7z7fgscwl7G6uoWGxunLzLQsZLa0ZyzpfuGKnMQ2gGy4RmE8pa8V4zwXe77AsKlv0DHvLtkZzJD0X3ufTJ19gV5FeSyuypnm7uOSBgj3m/P+o+xZj7QBXNK/CfYC+TmQ1Gek8yfEr2znwmpOc8J2956g/Bfvqd1MYj8bJkmgKgIiEsFe8RjVu3OGvJu4bMFIfvW38aM7LliNVVMLT1jTI7vM0exZLX3yA881hTANobmzBs4QVmGXlMwb/m3hm7172mn+e4SKtHTcfVQO40HqBnvFHczoRWQ4vbSdb8Diq+Jp1EB9V32KnpNyB+2xbMOW/u7mG/cfa5k4BeNC+LtyDHi8isghlAIhIGGOuY3Pj7J2RMTXAXKjIUUVdlYOG9gG8FBuvLGpp4VBNP3VNlaH1HKylr+Yw+831jVy1TVGtwr/g+eZrdUg7jIUMi53GWwZcTq2AtJaMDw9C0Xasz/u3frmM3Pc/42bZVqLJAxB5mH75y1/ym8XFpKalhWyfun+f7u5uSn/rt+LUsrVtTsp+2Cr40fdl1RRXHKSuv8ayQN98i/Mtv68DIiwCGP3xIW0+kh/lCUUk0SX5Y/zS8tGG8lhWJwki0k9h+KbwH9W5+6M71h+yffH2RHNs6PbI5a3HfPHPOiKfeIk8Hg/b8vJiUtea5G3jncP9vBjFq5ckdj7//POH+u7k2QyAsgUG+zfpaL1Ij/mp6Jm9GDMEwqcAzFfOrKWjlYuzO9lbhqV8LmUv7EIzCcTql7/8JVevXmVTTg7PPPNMMAgwdf8+Fy9eZHhkhNLSUn7LEgSYnJjgsccei1eTRSSCjz/+mMysrIj7es/V82HeAV5z5gQ2UP9hHge+CT88PsCzwVT4ETpPHmfg2XpKry79mN1z8umNfVe27ybv3Dk6AfJ3m3Wcoz/w+TUnOUsqG4lx/DmjIE4ndA7MTgHoPVfPqU6jpNPppLNTUwBWgowo7r80BUBE1ixvVzsel1OD/zUms+h3Kcvt4WJrK62trbRe6CE0G3+cngsXGS57wZgi8EIZwxcjpewvXG685wIXh8t4Ye9e9u59gbLhi1zoyaTshTJyNfiXefxmcTE5OTkMj4xw8eJFpu7fDxn85+Tk8JvF+q0kspoVljrpv9LDiPm592on+duLyMkpYnt+J1d7zR0jPVzpd1JauLxj5tN/boDS+nrq6/fh7D/H8R/CN+vrqT+wm/z+c/y8d3llrUY6f8g5dnOgvp76+mehs392Z+85TnU62VdfT339AfIGOpd+ESVuFAAQkTXIS9uxGg61FFBXrRvttSeTol17g4P23MEO3m9tnV0DYPw6nw4WsT0wOs8sYnvRIJ9eD4sALFhunOufDpL75DYyLefUwoGymNS0NJ595pmQIIB18P+sJStARFapwlKc/VfoGQHo5WpnPtuLcoAcirbn02mO5kd6rtDvLDWeii/nmHnk7/6KuT+HvHyMQAJAjp3wvNCllJ01Qs+V/tmyFPKV3bPTTHqvdkKwjTk4n3UudsVkBdEaACKyBtmpONiE3qC08oWu5l/EMy9s4sr7HQS3hKXkz5FZxK69RcbCfO9fpOOJvZQxzCA9XGztCS1bNA5YBvDjC5WD4UHYtH1pA/4H/j6yJgSCAB+aA39Ag3+RNaWQUmc/H/aM4CzyMpC/na+YefQ5RdvJP3eV3t2FMNCPM/gof+nHjHSe5Pi5wJN3J/vqv/JQvs3c85Qy0A95z85ODsixB8IFI3gHIH+7ZeJATh75DDyUtknsKQAgIiJxk1m0i71Fodt2hW8IcZOO1itsCk+/z9zApuDfN5FLEdsjrhFgyQJYpNymXPj0zjhsjT4IsPTvI2uVNQgAaPAvssYUljrp/7CHXq7A9m/OzqPPKWJ7/jmu9pZCp5PS3cs/Jsf5GvUhD9dH5r6JIgYinicfrnhHoNBo5Yh3AMgDcrDnQf/ACAS+wcgA/chqsQKnALzF+rp2soN/Wnl4S0nFVupLFyztnv2zvnLxY5essnX22lj/LiKypm3liaJBOt7vwPrSv/GeK/RQxBNbgcxtPJnbw5XgpP+bdLS2ciF8EYAFy2Wy7clcBj+9HgwZ3OxofXSvGpQ1IRAE0OBfZA0qLMXZf45T5/rJs1uX0TNT+k+dojM/L3SBveUcExdGe/rP/RxzYgI9V2aH+IWlTuj8kE5zQYPeq1oDYDVZWRkAO94la+cO6DvO6HtnAGNQnVHXCg17mXjgup9i5qNd3Lu8/GoyXm0nlR8z+v23IxeYuMzEu28wFfhc2Up2aTvrKefu+cVqf4v1dc/D1WjKiogkpq1le3lh0wXeb22d3Zhbxgt7iyzz9Z9huPV9WgMv3Ch6hr1FmYRkACxYznia/8xwK+8HduaW8cKurUAmT+Z20PF+K8NK6ZdFaOAvslYVUuqEzs65C/blFG0nn34IzqF/kGPiI8f5GvsG6jlVbwzunU4nwSz/wt0c2H2S48frOQfkO53oRZSrx4p6DWDkwfXLrHvjACm3jjNmBgWW5REEAFJfukDGlo9DAwALbJ9rmQGAylayS2HqQYMkcaTXAC6PXgMoK9HDfg2gyFqj1wCKrDwLvQYwYKTzJMcHnqV+zvv6ejlX/yF5B17DmfPgx4hEK5rXAK6gDIC3SN4MM1fDB9ZnuPdu6MA/9aULZBRkGx8sT9yNwXkvM5sLSQFglOmPdnHv8lus37mDJMC28wLrMIIAGa+2k7o5UGugrPnRzEZIsuybLrpgln+e7FeZPwsgzNTtQTIKNpMCRgAgQt33Lr/MujeeN9ptzRiobCXbEiL095mBkHkH/UbAxBb4tx9aIFtBRERERESWwUiLdz4bYb3+3qt05m/nwJyB/HKOEYmtlbMGwI5tJDOK/9Yi5SpbySgYZKqhnNGG40yzg4xX35rdvzkX/0fljDaUMzWUja38XVJ5m7sfXcZvHeRXtpK6/jITDZayvx2oxwgY+K4a+0avDmLb2UrKe7uYGmLpg+pbQ/jJJWnH/HVncIZ77/6YGWAmmAHwFutLc5n+KFC2l6SCbyw41z/1pT/GdvfHRvmG40yvf/7hrEEgIiIiIpKIRjo5WX+cc3n7CH+Q33uunvpTA+z+pjM0lX85x4g8BCsoAyA6GY8VwtCPzafeZ7jX8w2yS0tmB8VD7uBT/JnxUVLXz1PR+b2MBtPsXyZpPXDX/FhZQgq9TJ2fW/aBk1orS0iZuMxEsO6/Y7roAMmVwJy0/7e52zD7KXVjLgRfJrWAzS7W7YB7l+dmT4iIiIiIyAPIcfJa6LL5QYW766nfHWHHco4ReQhWTgDg8nV8O3eQtGWhQsZA3X/r4wc/X1gavt+SR5+6MRcmPmbmwc9i2LKZJAbxX4bUl3Iho5CMuvaQYIJ/48sRDgxN5/dPjC56qqn3dsFLF8jY2U72TpgztUFEREREREQS0soJAPA2vqHnSX3sLSA0vd668J7/7gGSMp964LNl/PYOkiyp/MY5DHPm7D/ouR4rhInLzATqnndBwLdCP1Z+A1tG7+w8f3Pe/2Km3tsVrDvj1XZSy98l9fJiCxCKiMRGcnKyseJlUlK8myKy8vn9xv8ZEVlRbDYbPp9P/z9lzVlRP9ETv7iMf/PzZL1keRpe2Urq5lGmf2EM1Cc+74XNgZT/l1lXVAhDXctb/X79NmPQv+NdbJst2893MUOhkZZv7s+qu8C6Hcs4R2UrqZthpsccgJ/vYiZjB6khdbcvME8/sHaA+V0XkfFqO9mWNRFmxkfh7nUN/kXkkcnKymJqenr+12yIiMHvZ2pqiszMzHi3RETCbNy4kfuTk/h8vng3RSSmVlAGAHD5DcYuv8X6ugNk1x0wN/Yy1bBrdoB/fi8TGy+QUWc+sZ+4zEQ0C/JddjNTvgPbznbWbynn7i8uY9u5w0jFn7jMVN8oqVuMgMAUb3P3o21k7WwPPnGfuVpupNFv6SW19Hmy39gW+Sl+xo6w9P5Rpj8qt6Tgz63b33fcXPTPzIIobSdr43HG3jPWB7DtbCd75yjTVy/jL33KDAhENvH94yS9cYDsuuct109vARCRRycrKws/MD42phsnkQUkJyeTmZVF9iKvGhORR2/zZuPp4O3bt5meno5za0SiE81rAJP84S9Xf0CjDeWxrE4SRKSfwvBN4T+qc/dHd6w/ZPvi7Ynm2NDtkctbj/nin3VEPvESeTwetuXlxaQuERERERFZvYaGhxcts6KmAIiIiIiIiIjIw6EAgIiIiIiIiEgCUABAREREREREJAEoACAiIiIiIiKSABQAEBEREREREUkACgCIiIiIiIiIJIBHGwBIUrxBEkNSckq8myAiIiIiIhLi0Y7IU9drYCRrXkqKjbR1mfFuhoiIiIiISAjbIz3b9D186dlgS4ckBQJkYUmLfF6JfL4Zpu9PcH9sJN5NERERERERCfFoAwC+GZLuaWAkc/n9EbbNKeNfZH90x/pDti/enmiODd0+T6UiIiIiIiJxpEn5IiIiIiIiIglAAQARERERERGRBKAAgIiIiIiIiEgCUABAREREREREJAEoACAiIiIiIiKSABQAEBEREREREUkAj/Y1gCKyolwfGIh3E0REREREJAbS09MXLaMAgEgC25aXF+8miIiIiIhIDAwNDy9aRlMARERERERERBKAAgAiIiIiIiIiCUABABEREREREZEEoACAiIiIiIiISAJYQYsAvsX6uudJibRr4jIT777B1KNu0gqS8Wo7qZtnP89cLefu+fi1R0RERERERFaXFRQAMGhgG+5l1r1xABuXmWgwgyA73iVrZzvreULhjk8AABp6SURBVPBrlfFqO6n8mNHvv73sOlJfukDGlo8TPkgjIiIiIiKykmkKwEpX+Q1sGb1MWQfXl99gsm+UlKJ3SY1n20RERERERGTVWHEZAAuqbCW7FKb7crEVZANGxoDvsdn0eGsGQepLF8gwy4VMI6hsJbsIZigkJWOU6Y92cY93ydq5gySAiV5mKCT51nHG3jsDhKXgD80+MTeeoPcys7nQnL5g1nfZLLvDUm9g35ZWsouGLE/M32J9nQu/9ThTxmOFMPRjJsIuxdR7u0Kftkc6z+XA9qfwDUHK5uyQ9qe+dMH8Ts+T/SrGd6psJbu0MFitv2/2GoRP05i5Ws5dWs1rvIOMN96Fd99gKqSOsOshIiIiIiIicbHiMgBSStvJrgv9s77SWqKQFP6a0YZyJvpGSSltJ/nzckYbypkaYvapeGUrGQWDTDWY++7uIOPVt2arySiEnnJGG3Zx7/LLrCvfAX3HGW0oZ7QHUjJmi6a+dIHU9ZeZaChntOE40+ufJ+ull2cLbM7F/1GgDdnYygNP5t9i/c4d+K4a+0avDmLb2UrG+S5mMp7CtsM8vrKElImPmZ4zSH6ZpPXgH/94kasWep6JPozzBPdnk4LbaMNHl/Fvfp71lWYQYQhLQOMt1pfmMv1RoL29JBV8w6znZda98TzJgWv00WWSSy+w7tZeJvpGLQGW8DoGLddDRERERERE4mXFZQAsvgZAL9PmE+mp24NkFAziM8vPjI+Sut74e8Zjhfj7jgefnE/84jK2nSVkgLmtN3gcO1ykZIwy02M+6T7/d0wXHTCfdL+MbUs2Mz2Bp/VnuNfzDbKLXKRilh9yB59wW9tAZQkp9DIVOM/5vYyaf88YasdW9DJcPmO09dbfLX/+fNh5pt5zk1r3PMmVwC2AUaZ/Yc7xv3wd3875Knqbuw2zn1I35gKDxofwa3T5DcbM75xaFF5PNrbffgsuvx3ynUVERERERCR+VlwAIDaMJ+dJmw+QXXfAsn2UpB0Rim/ZTBKD+COmqT9FUoaZmVAauifiGwssUjfmwsTHzETYN/F5rxlEgKT1o8z84kyEUmfw3z1AUuZTyz7P0pgLDpqpA/6J0dldC14jKyOIsL7uebLrnjc2DT3YIoMiIiIiIiLy4NZoAMAYOPtvWeevW1SGfb41hJ+njODAnAHux/gnYKYncmZCxtxNQUaGwmZSYO7T/fNdzJS6sFVCCh8zOc/AeuLzXlJLrZkLge9grIcw1bCXiYXOsxSBBQcb9hrnMs8BLHKNwr3N3QZzwL/jXbJ2Ps/6yrf1dgcREREREZE4WnFrAMTKxOfW+evGPP7sutbIA/bLbmYmskkpMuf1V34j+BQczjB9K3TF/YxX28l+I4p57ee7jMUEAwGHHe+SVXeBdTsA3sY3lI2tdAdJd6/PP3A//3dMTxSSGnK+t1hfWoi/7++MgXrYeVJfcpFineKwJLlmlsTLrCuaXQxwzjXiLdbPWZ8h/DtiTDlgFP+t5bRFREREREREYmXFZQBESrUHy1PpaJ3fy8TGC2TUtZsD51GmP5qvjjPca3eRtdOcMjB0memJwmCK/9R7u0h5tZ2MunYzgNDLVIOxJsDC0wDe5u5H28jaOfudZq6WB9cLmPi8l9TNhcx8vlB6/BnuvXuGjJDzG/WMBQf44edZ6LuGMjIMnif7jW1MvGusfWDb2U72zlGmr17GXxp46n+Ge+8+xfq62WkV/r7jRht2fEx6wQ4y6lpJadjL2JZWsne2k22uNeDvOx5cL0BERERERETiI8nv9/tjWeFoQ3ksq4sTYy580jxp/zGz412ydm5meqnBjTUo0k9h+KbwH9W5+6M71h+yffH2RHNs6PbI5a3HfPHPOiKfeIk8Hg/b8vJiUpeIiIiIiKxeQ8PDi5ZZs1MAluYt1lvT1iu/gS3j4aetpxY9RdJQV8IP/kVEREREROThW3FTAOLj/2/vfkLbOtM9jv/0x7HsxOPUccFpoxJBg+6MAwPGGVC5HBO4NAPdTLJIqJ1NaK+18CZYG9dJd0nqjUw2Xsi3Qze1g7NoZhMYlwvFWtSLGMNAM3OFCwoomQSiWA5OHDeWpbs4kn0kS7acyJYUfT8QqM95z3seBaev3uc873uuaS32o1yWsnVrqX75ZXfbf6C1ILvjA3j3JBIJLS0tKZlMVjoUoGo5nU4dPnxY7733XqVDAQDUCRIAGWu3P327HfR3xVzXD1ReRN/7RxU2BjXe57Ucj2tm5IpiZ0O66JUiE34Fld8mv6sJ9Y9KgVCftmlV8j1RuxKJhBKJhA40NqrRtd27UoD6lkqllMiUa5IEeFvmGDIR3TxiDO7BeFLyWAcA1YklAACk8B3NxOvgntgXS0tLOtDYKLudIQbYjt1u14HGRi0tLVU6lBqXmfy7BzUeCmX+DEqjfn0fqXRsAFBdqAAAII9Hmvh2Rp1DPWovcN7bF9L4Pt8TtSuZTPLkHyiR3W5nqcxbe6ZYVDLOWp/Je/XnXo+G5yK66OVZPXYvnU7r4aNHerWyovX19aLtHA6HmpqbdezDD2Wz2fYxQuDNkAAAIPfZs3KPjup/Zjr1Vc/W6Xj+EoDIhF/BcObkllJ+aeNpjHp1o8gEf6d7bi3nNDZKLs14etUXm8ycNxQIdeuef1ThvLalxQsAqF1H5PZIE3mT/faeoc3kdaZ0v683polJc2AxBkM6Nbc5PliXDMRnRjScaSdPsbFs61hXbLyJTPj1gwwpHFa0aH+oJg8fPZLdbtfHJ07s2Pbx48d6+OiR3MeO7UNkwNvZ3/pMG+WgqA82u6PSIeySVxcHDUUnp7VTtWR8ZkTBWK9uhEIaD11XX2xU3+TU8ptfiH72Xdf4tl9wtr9nfOZbSznndfV5wvrBep/wrPTl5rmgf06nMmWfhjbb7hwvAKC2tavny155wqPq9/vV7/cX+f98WD/rS42HQrrR61F41K973eaSgYAhhe/MKC5JkQkNT7oVyI4bmtTwRP5ItXWs22m8iYalc6HQDmMjqsXKy5c6evRoSW2PHj2qlZcv9zgioDz2d0be0FyDEyNgdxwOpw40Hax0GLvn7VPACCu45UuOVVz3Z6Py+DozX17a1TMUsjzBj+mHzBeiwk/1S79ne8+Q5Um9Wd6Zwzgr8xbt6nBLMrozT/zNJ0HWeI2zPZvxnjUUnb0vUgAA8A5p79FXmfX/N3o9ik5eUb8/fw8AQ+cyY1O7OXDoVGaYOXJsY+BQZC5sGVPMcUPhOUuyutBYV8J4s9EnasF2Zf/laA9Uyv4uAUi+UqqxRXI2SjYSAdhe/iqqWlhVlUqtK/l6Va9f1OaGTt4zvfJcGdX33dflLtjCnIi7zxab3Eclecyn+j2l7ZBc9J6RCfWPZusoPfJ4Cly8IzPe8Khf4Zzjhp5JPIEBgHdQe8+QxnsyZfyjEzq1qx3743oSkzy+I9u0KTTWbT/eAEC12N8EQGpdtle1OTHC3kqnCxzb0ia9w/nSrk3nHN85nlKuzT1epNNa0N6j/+6d1fCdaRkFG5hP139+Epe8habPhs4N9UkTfgUnuktba1/wnnHN3AnL05t9upIptdz1BzLjNXi1IAC8uyIT6r9zbMu6evMp/26ZVWXRh9uliQuNdduPN7yMAEC1YFE+gBztPV+qT2GF80vuzbPq9HlyShojE37155Xwe/sGZYRHS379UrF7ml/AJEWmc97tXDoz3o11ndl4R2ZYAgAA7wpvt4xo/jp9M5H8JmX33m5ryX/xfnLHOsYbALWBtwAAyGOuW5wYDRc+2zOkwEO/hv2T5gFPr24MeaXInKVV5vVLJZde5t8z+/Oo+sOSjEFzr4Btn8gU6Tk/XhkKhNiACQDeHV5dDF2Xe+SK+v2bRz291zVeyn40W7rr043eEQ37/dmOdKNgRVveWLfNeMMyAADVwpYuc73yctBXzu5QJ97VJQDFYvzo63uFb7xL0WhURzs6ytIXUC4LCws6eOhQpcMAasbLFy90ooRXjQHYP//85z/1H7//fcnt/+9f/9If/vCHPYwI2NliIrFjG5YAAAAAAABQB0gAAAAAAICFw7G7N5bttj1QKSQAAAAAAMCi+eBBPX78uKS2jx8/VvPBg3scEVAebAIIAAAAABbHPvxQDx890q8LC1pfXy/azuFwqKm5Wcc+/HAfowPeHAkAAAAAALCw2WxyHztW6TCAsmMJAAAAAAAAdYAEAAAAAAAAdYAEAAAAAAAAdYAEAAAAAAAAdaCKNgG8qubAZ9ryBs3Vea2ODWitEiEV0XD+R7neX6i6uAAAAAAAKKbqKgDWf/FpOZj9c1NJdck1MKaGSgdWdlfVHJhV85lKxwEAAAAAqAdVlwDINaVXY3e17upSAxNlAKgJTqdTqVSq0mEANSGVSsnprKKCTADAO60GRpwFpVclR+sFSVOSMiX47hbztGWJgOvSrBo0r2Rzl5wuSXqgteDnWs121TWmQ6e7ZJMkLSv506d6NZ89fkKpRcnRlul38a6Wv7uWufCCmgYuZ/pc1vpiboTF4tGZW2o5Ka0vHpejzTydjt3Ui9tS00BmucPJWTXLp5Wn1tjMSoiV6bL8BQLAvmptbdXS0pIONDbKbq/yPDNQQalUSq9/+02tra2VDgUAUCdqIAEwpfTKZdkOnjB/PHNLLvczrQU/1arMSb/r0lWtZSfrbV2y/eLT8nQmITAwpvWxAa3pqppPdymVnVifuaWW07fkms8mCFrk0F0tB69lEgKfqfnMNa1MSw3nv5BT81oNZvoJfKaNrMJO8ei47C9vavm7qUxC4As1dX2qV2MnzH5+8Wll+oKaBiyxdY3p0Olbck1bkhcAUCPa2syM5/Pnz5VMJiscDVC9nE6nDh8+vPFvBgCAvVYDCYBcrg+OKx27uTExXv3HvJynO+XKNlid19q09dwJObuktfc75Vid12r2qfr035T8+LLsZyQ9laRlJf+RmbTPP1bqdLbDC3K+36L003Bmw79rWosZcry/czzmsQdK3jYrF/R0UWkdKfrZHB+PqWF6QGvzA3ox/2Z/PwBQDdra2pjUAAAAVJkaSABckK1ZSj9d2PhvW9tltQQuW9osy9YlpSVp5fHmzvzzj5U6bVYONLQekVzH5QrMbiYLJKVbL2QSAMWckM0lpZ5PbRxZe/5Mrvc3YysWT+mm9GpMahq4vBlfFb79AAAAAABQu6o/AdBlyGGZgKdXLiv99KZe3J7a0tT1R0nNR9UgmRPnrqOyS1pXdtJe5NV9XcY2ARTYg6D1iKRFZZcnFItHu9q4cEqvxrJ9mMsMGs9f0FqhfgEAAAAA2KUq353pgpp8XbJZy/r//UA29182nuI3nP9RLYFbm0/1XWbJvyS5/tgl2+qCkvOSpu/nvk2ga0yHSnoN35SST5ct9zSXBGTtGE9J8l8JaCYdrFUHAAAAAAC8jaqrAHCcnFXLScuBnN34JU1/rtXWH+UKzKpBkrmbv7lZnkuSFp/JdnpWLacl8y0AAxtr91d+OqpDpzf7T8duZjbd2z6mtdufynFpVg2Ze64vPpCad45ne9eUWvxMDSdndaj1pl78NJ8Tmxbvapm3AAAAAAAAysSWTqfT5exwOegrZ3e7Yr4GMC9hgJpQ6Lcw/1D+r+rW86Vdm845vnM8pVybe7xwe+s1H319r/CNdykajepoR0dZ+gIAAABQuxYTiR3bVPkSAAAAAAAAUA4kAAAAAAAAqANVtwfA21j9zlfC2nsAAAAAAOoPFQAAAAAAANQBEgAAAAAAANQBEgAAAAAAANSB/U0A2Mg3oD7Y7I5KhwAAAAAAOfZ3Rt7QzMQI7zyHw6kDTQcrHQYAAAAA5NjftwAkXynV2CI5GyUbiQBsz7bDz9UolVpX8vWqXr9YqnQoAAAAAJBjfxMAqXXZXjExwlbpdIFjW9qkdzhf2rXpnOM7x1PKtbnHi3QK1JFEIqGlpSUlk8lKhwJULafTqcOHD+u9996rdCgAgDqxvwkAAFUmou/9owrLUCDUJ2/OqQn1j4YlT69uDPWoPTKh/lGZ7Sz/rQm/ghrUeJ+32E32MO4sj/quD6mnvcx3qchnq32JREKJREIHGhvV6HJVOhygaqVSKSUSCUkiCQAA2BfsygfUPY88nrDuRXKPRubChZtvIz4zov6RGcXLFFlh5uQ/1ntd46GQ+ee6Tz9fGdHM3t4YJVpaWtKBxkbZ7QwxwHbsdrsONDZqaYnqSADA/uDbGQC53R6F56wZgLiexDwyDM/mIW+fxvOrBCR5+0L7+4Q8/kQxefRJp+Vxf3uPzhlR/Xy/vBmAff9s74hkMsnkHyiR3W5nqQwAYN+wBACA3N0+eUbnFOnzmhP8+H39LJ/OHZtVOJZpZF0CYLl2o0y+e07Dk1FJUQ2PyFw2EJ/RN1cmFc02NrLl9HHNjFxRzG0oHA5Lxhfqi/1VsbMhXcx0Hp8Z0fDDs1sn4O0dcsuc7PdYav69fSF9ZWkWnxnJxKPNZQzZz3FHMhRWOOrRf/0pqv91Wcr84zP65sqsPrk+pI7p3CUARfvMW5JgDG5+DgAAAKBa8IgGgHSkU59YlgHE789Kvk4d2U0f3j7d6PVYJsZxzXw7Kfdgtky/V57wnZwy/XDsmG6EQhrv+5M6fdYqhLjuz0ZldBeaRXt1cdBQdPKK+v1+9fv9+j5v+YIiExqedCuQWSIQcE9qeMLSKBqWzoY0HhrS+f80pPCcNu58f1ZRj0+d+fsJFO0zrpkRy5KE672KjbIcAQAAANWHBAAASe3q9HkUexJXdvLt7njbHfXa1TNkeRL+7OFmJUCGx9ep7F3aO33yZCfi8fv6OWroVLGn6N6+jfX/AUMKj/rV79+cdEfmwvL0ntmoVPCe6d3sW5Jk6dvbLUObyY9nD6MyzvZoy/x/LiwZ3Zt9ZpcHZGI9l61G2KPlCAAAAMDbYgkAAElSe4db0Tv3Fe+UOaH1Snrydn1GJvwKZuviPR55tmvc3qlPPJO6F+mTVw8VtUy2t2NOxDP3+nZGnUOdehKTouEr6p+0tvToSVwF+vTqz70eDc9FdNEr3QsbOtWX3yauJzHJ4ytQE/HsoaIKK+jP2zTReCZtSSMAAAAAlUMCAIDJ2y0jekd/n5aixlmZK/XfQnxGP4Qtr+fLrK0vzqxCmJiL6JTCMrq3zMIz3RbeG+DIMY8UM/vpcEse33V9Vei9gM8K3LnTJ8/knCLdUtjo1sUCsXW4pejDApP6I8fkkaFzBTZIBAAAAKoJSwAAZHh1yogqHC629v5NRBXLTLgj05NblgDkM5cBjCoY9shdZAOCbJtvchbZR/T3yejGkgJvt6Ho5PTmuv6ZEfX7J5S/VYClU33iCSs4GlPfmcKf3dudt1dA9pWHmWt/2Ignou/9/rz4AAAAgMqjAgDABnOSq+Jr73dgPkmf1LD/oQKhPp0zJhUc9SssyRgclBEeNRMCxSrj2zv1iUeKqsAmfBttevRVqEPf+3NL/I3BkL7aXKCvG70jGvb7Mwc86ru+3RN6s/pA2913S5+GAiFzr4CeoUHFrPEYgxovVH0AAAAAVJAtnU6ny9nhctBXzu5QJwr9FuYfyv9V3Xq+tGvTOcd3jqeUa3OPF25vveajr+8VvvEuRaNRHe3oKEtf1SIy4dcPx4qU76MmLCws6OChQ5UOA6gZL1+80IkTJyodBgCgxi0mEju2YQkAgCoS0b2wR58UfQwPAAAA4E1VUQLggpoGZnXo/IUav4fkujSrlktX9/QewDsnMqF+/6hivV+Kh/8AAABA+bEHQFlcVXPgM+kXn1amKx0LUKO8fRoPFd75HwAAAMDbq7MEwJRejU3t+V1Wv/Npdc/vAgAAAABA6ao2AeC6NKsGzSvZ3CWnS5IeaC14X/bAZ3Io+/PnWt1V2wtqGrgsx9ObenF7Ssr8bF6zrPVFydG8oNWxATkuzcqpB1LbcdlW57U6NqC1M7fUcvL4Rozp2E29uC01DWTuc3JWzfIp9cGsGnRXy99dkyQ1nP9RLneLeVG2L0k6c0stJ6X1xeNytFn73PskBQAAAACgvlTRHgAFtJ2QZn1aDt5UcvW4GgKdSgV9Wg7e1bqOy2ldy7+bthkN57+QU/NaDfq0HAxLbS05521tUjLo0/LYgNZ0Vc0njyj5k0/LQZ+Wf3kgm/svcmlKr8bual3SeqElAGduyeV+prVgJjZ1yZWzP8Bx2V/etPT5hZq6yvY3CAAAAACApGpPACyG9WpekqaUXpG0eD9TWr+gdH6N/W7aSpIuyPl+i9JPw+bTeF3TWmw5r8/7llL+a1oJfpq5h9TQeqSkj+D64Lilnym9+vWB1NYp10aLB0pmn/g/Xdzy2jgAAAAAAMqhapcA7L0Tsrmk1PNSy+2tywWk9Ory9s0z19iapfTThTcNEgAAAACAsqjuCoA9ZVYG2FtLfCXgmb/I6XqQKeX36cWvz0q4yKxGsB088VaRAgAAAADwtuo4ATCl5NNl2d431CBJuqoGd8sO1xyRrUuSLqjp4+M7tDWt/tta8p+5LmdpAQAAAAAAe6+OEwDS2u2/mpvyBWbVEuhUOn8PAKvpvym52iLn6Vm1BL6Qfp1XeiMhcE2pRclxclaH8jcbnP5cq7EjagjMqiVw2dx0MPN2AAAAAAAA9ostnU6Xdd+55aCvnN3tq4bzP8p1MLzx+j7sn0K/hfmH8n9Vt54v7dp0zvGd4ynl2tzjhdtbr/no63uFb7xL0WhURzs6ytIXUC7RaFQNBw7Ibq/rHDNQklQqpbXXr+XxeCodCgCgxi0mEju2qetvZ65L1if25hKA9Es27AOAt9Ha2qrXv/2mVCpV6VCAqpZKpfT6t9/0u9/9rtKhAADqRB2/BUBa/ce8Dp2+rJbAZfPA4l0t3y71rQAAgELa2tokSc+fP1cymaxwNED1cjqdOnz48Ma/GQAA9pptcHCQV88DAAAAeCcEAoFKhwBUxAcffLBjm7peAgAAAAAAQL0gAQAAAAAAQB0gAQAAAAAAQB0gAQAAAAAAQB0gAQAAAAAAQB0gAQAAAAAAQB0gAQAAAAAAQB0gAQAAAAAAQB34f0DVwy2RoyYXAAAAAElFTkSuQmCC" height="600" width="800" />
Actual:11-->Expected:11]]>
  </system-out>
</testsuite> <!-- testcases.MyInfoTest -->
