<?xml version="1.0" encoding="UTF-8"?>
<!-- Generated by org.testng.reporters.JUnitReportReporter -->
<testsuite skipped="0" hostname="LAPTOP-JEI8AS0O" name="testcases.DashboardTest" tests="2" failures="0" timestamp="2022-06-26T14:54:56 EDT" time="5.280" errors="0">
  <testcase name="getDashboardQuickLaunchItems_004" time="2.690" classname="testcases.DashboardTest"/>
  <system-out>
    <![CDATA[<img src="data:image/png;base64,iVBORw0KGgoAAAANSUhEUgAABAAAAAKOCAYAAAA4d2sRAAAAAXNSR0IArs4c6QAAIABJREFUeJzs3Xd8VfX9+PHXGXfkZi+SkBBG2HupqITlwrpHXbUoam2/dvkt7a/SIVLbYoejtUvtt1DUqiiiiBasggoOZIsQtmxIbva485zz+f1xby4JJASVIfX97ANL7jnncz7n5pJHPu/P+/P+aEophRBCCCGEEEIIIU5bU6ZM6fAc/ST0QwghhBBCCCGEEKeYBACEEEIIIYQQQogvAQkACCGEEEIIIYQQXwISABBCCCGEEEIIIb4EJAAghBBCCCGEEEJ8CUgAQAghhBBCCCGE+BKQAIAQQgghhBBCCPElIAEAIYQQQgghhBDiS0ACAEIIIYQQQgghxJeABACEEEIIIYQQQogvAQkACCGEEEIIIYQQXwISABBCCCGEEEIIIb4EJAAghBBCCCGEEEJ8CZinugPHS02olt0N+9hZt4u9jfvZ33SA6lANITuEoxxQ8RM1cJTi3IIzuXPwZHRNYiBCCCGEEEIIIf77ndYBgIgdYX1lGUv3vcv6yo3UhGuwiQ32NTQ0TQNA00BTWiwGoEHUiTKi0zAZ/AshhBBCCCGE+NI4bQMAZdVbeXbT86ytWg8KdDQ0XcfEAGKz/LZjk+nJwEHRFG1E0zQsx2JozmCG5Q0+xU8ghBBCCCGEEEKcPKdlAGBz9TZ+/t4viToRDN1E0xQqPuvvKAfLscj2ZjOucDQRJ8K7Bz6Izf4rhQPc3Pd6TP20fHQhhBBCCCGEEOIzOe1GwfXhen6z8iEsJ4KpG6jYyB+lKaKORZorhet6XU3frN4s2/8+i3a9gYNC1zQidoTxhWPpnVlyqh9DCCGEEEIIIYQ4qU67AMArOxZyIFCBz/AmXos6FqZmcnWPy7i85CvUhGp4ZM1f2d2wB1M345kBCpfhZlL/6xO1AYQQQgghhBBCiC+L0yoAUBuq49Wdr+PR3ShAKYWtbEbln8mNfa6lOK2IhZ+8wRMbZgHg0k0UoGkaESvMpL43kePLOaXPIIQQQgghhBBCnAqnVQBgW+0O6iL1eHU3UWWR5cnkjgG3cG7hWYTtMH9e8zhv7F2CoZno6CgUmgaWY9E1rZhLSyae6kcQQgghhBBCCCFOidMqALClZitKOVjKZlxhKV/vdwO5vmwqg9X8duUf2FSzCVNzoWkcqg2gFArFd4d8C58r6VQ/ghBCCCGEEEIIcUqcNgEARzl8VLURQzP49uA7Ob/rWHRNp7ypgt+sfISttdtxGy6UgljJf9CAgBXirkF30De716nsvhBCCCGEEEIIcUqdNgGAoBXErbu4b9RPGJE3BAB/oIr7PniAfY37cesuILbevzkKELTCXF1yOV8pufAU9lwIIYQQQgghhDj1TpsAgK7pfHfoN8mNF/GL2lH+sOav7GncFysKqClQKlEYUNd0buh1DTf1+yqGZpzi3gshhBBCCCGEEKfWaRMASDKTSDJja/iVUvxr0wusqFiFx0wihIWmNNyGm8LkAs7sNIyzC86kV0a3U9xrIYQQQgghhBDii+G0CQC0tKNuN0vKP+TsojF0S8qhW3IBnZLzyE3OI8eXg6bpp7qLQgghhBBCCCHEF8ppGQDokpLP38c+gGZbOE2VmME6VCSKsivAtlDeDDS371R3UwghhBBCCCGE+ML44gQAlIMKN0I0CJ4UNFcStDOT76rbi7PhVZzNi7Fq9hJSKlb8TzdQhhsjqwi9aChmSSlGwSA0T+pJfhghhBBCCCGEEOKLRVNKqVPZAdXkJ7p9Kfb2pdiVOyASBG8aRmYXjIJ+GN3OxsjtDabn0DWhOpy6faiGCpya3dj71mEfLMNp8ENzMAAADT23J+6hV2L2vwTNnXxqHlIIIYQQQgghhDiBpkyZ0uE5py4A4FhEPp5P5P1ZOLX7QNdja/c1HeU4aDgoBZpuYHQeiGvYVZi9zkMzvW02p5qqsP1bsba+RXTT6xBsAF1HAZpSGJ0H4Cn9H4ziM0/ucwohhBBCCCGEECfYFzYAoML1hN96hOjal0E3Yn8AHAeUfeg8TUcjVvVfA4yuI/CMuQujYPBR23dq9xJZ/zLRD59G2VE0w0TZFmga3gnfxz3setC/OKsfhBBCCCGEEEKIz+MLGQBQ0QDBl36ItWM5mukGtNigX4FeOACjywj05CyUbaHq9uH4t2GXb4ktDVAOGC68V/8eV4/RHd7L9m8mtOhXOPs3guECpVB2FM9ZN+MZ+z3QjBP/wEIIIYQQQgghxAn2xQsAKIfgf2YQXT0XzRVf0+9Y6MnZeM77AUbJmCNT/O0oTt1erK1LiKydh6rZB4ZJ0lf/gNnt7I5vGaoj9J8HsMreAMNEAVgRvBf9GPfQ6477IwohhBBCCCGEECfbsQQA2i6zf4JEP34Za9ULLQb/Nlpydmww3+fCttf3Gy70rO64z7qN5Jv/gfusr6Mcm+DL96CCtR3eU/Om4514L2bfCWBF0QDNcBFe9AB21Y7j+4BCCCGEEEIIIcQX1EkLADj1Bwgt+SOY7tgLClAOSVc8gJ7b55ja0JJz8Yz/X3zX/B4VqCHy0UvHdp0rCe+FP0XL6wW2HdteUNMIL34IHOtTP0s4HCYQDOI4zlHPU0oRCoVoCgQIh8Of+j4diUQiNAUChEKfv+1oNEogECAQCBKJRLAsq93nO9akEcu2CQaDBAIBIpHI5+7jqeAoh/KAn6AV+sxtROwoFYFKnFO74YYQQgghhBDiS+6kVcKLrn4WgnWHtvOzQrjOuQ2jcOinbsvsOR7fdY8SeutR3MOvR3MldXiN5k3De+FPCD41GXDAcGPteA/r4AbMzkNanVteXsEHy5eTmZmB7TiUnnsupmlSX1/P3HnzWLRoEfUNjTz6yCOUlPQ44l779u9n6dJlvP32O3yycyehUJDsrCwGDhrEmDGljD7nHDwezxHXtVRTW8v7739ASkoKtbW1jD73HLKyslBKsXbdRyxcuJD1H39MbW0tPl8SJT1KGDt2LOPHjSUpqeP3A6ApEGD1mrUsWbyYNWvX0tTUBJqGoetkZmaQm9uJZJ8Pr9eLz+ejrqGeygo/3/3ud+nfr2+bbUajFmvXreWtt9/mgw+WU11djVKK1NRU+vfrx3nnnccZZ4wkMyOjzeu31Gznw4MrSTGTqQrVMKzTEIbnHb3oI8CHB1ezvWYHHsNDZbiai7ueR5e0IlYdXMMa/3psZZHpziBoh2iKBqiPNGJj4TN95Pk60SezF/2z+5B0WBZKY6SR7y75EWfkDWfKiO+ga58uZqZQ/N/HT7J033s8PPbX5CV3+lTXCyGEEEIIIcTxclICAKqpksj6BbFCfABKgScZ97DPvgbfLBlLki8r1taxXpPfD6PrCOxdq8Ew0TSN6EfzjwgAfLxxAz/84Q9RwKhRZzF+7FgOHDzIt+76Nhs+Xo+hG2i6jvuwQXxjYyOz/vkkf/rzn3C5XAwcOJDi4i5EwmFWr17NqlWrePbZZxkzZgzT77uPzgX57fY1GAzyk5/+lEAggGEYvDL/ZbxeLw/89rc888wzaGiYLhPlKMKRCOvWrePFF1/krFGjeGDGrykqLDzqe7FhYxnTpk1j5cqVdOvenTtuv53hw4dh6AYfrV/PzJkzee+990hNTeOrX/0qlmVT6a+ktq6OcLjt2fDNW7bw0COP8OYbb2AYJjfeeCOjRo0ixedj247tzJs3j2eefZa+/fpy3733cs7ZR9ZwCEdDPL35eVy6iVKKHhldj/oczSqa/Mze9Ayu+Gfs7Pwz6AKs9X/M3O0vk2Qk4eDwtd7X0SW1CxEnzPbaT1i89x3CdghTc9EttZgpI75Ll7RD711FoJKwE+adfe9xRY+L6Z3V65j602xf/X4W7Pw3pmYQtk7PLAghhBBCCCHEf4eTEgCwystQTdVorvjsqh3FHHAxeurnmw01CgZ9ugt0E7P3BOxdKxNf2zveRYXq0LzpidOSfcm4XC6i0Sg9e/YkEAjynW9/h3Vr1pCZnYUViRKOhEn2+RLXBIJB7vzW/7Bq1SoemDGD0tGjycjMwDQMLNumvLyChx95hPnz57NkyWLq6+p4cvY/cbvdbXY12ZdMbm4uu3fvJi0tDbfLzd0/+CFbNm9ixq9/zcCBA8nKzKKquoolS97iz3/5C0o5fPD++3z3e9/nmaefwutto6YCsLFsE9ffcD0N9Q1cf/31TLv35yQnJyeO9+nTm4suvID/9+Op/OfN/9DU2MSPp/8Qj8fT7rKAVavXcOttt9HYUE+fPn159I9/pFfPksTx0aPP5aYbbuD5F+bys5/9jFtuncxjf/srE8aPb9WOrSk8uhtD11FKYWiuo39P49ymG7fhxtAMNDTcRux9NXUTt+5G4ZDmSuGykol4W8zyX1FyCb9b9Ud2NexmR8Mn/GrF73l4zK9JimeV1ITrYkseNJi37VV+dMb3jjkLwFEOT256Dg0NBdRHGo7pOiGEEEIIIYQ4EU5KDQB71wq0FoMmhcLscS6gnYzbt6Jnd0c131fTcRorcRoOtjonJzsby7EBSE5K5vG/P8HBigr+MXMmL734Ii+88Dz33TedaPTQjG5DfQP1dfW8+sorXHXlFeTkZGMasW0GTcOgsHMBv7r/F4wbNw7DMFi5ciXzF7zabj9N0yDJ60HTNEzD4Kc//zket4tX5r/MtddcQ98+fejUKZd+ffty1/98i4cefBClwJuUxJo1a3hz8VttthsMBvnhj35EOBwmJzeXe378/1oN/pulpaXxq1/eT3p6Ov965mme+PvfY++frqPrrT821dXV3PXtbxMOBsnKyuaxv/2t1eC/mdvt5qYbb+Arl1yCY9t866672LlrV6tzUs1kNE1DKXBQZLrT2n2PWvLq7vjHSaFpGimueHBG19A0HQ0NTTcJ2a1n4YtSO/OtQbehlINLc7OvaT/rKzcmjh9sOhgLKOgm7x1czo7aT46pPwAbKzfx7oHluPVYMKIi6D/ma4UQQgghhBDieDs5AYADG0E/lGyg6SZ6RueTcesjaQaa0WJWWYHj397qlLr6OkzDwOPxMO/leSxcuJAXnp/DhHFj6VpcTJ/evbnphuvJy8tLXJOU5OWhh35PzzYGvs08Hg93/c+3sGwH02Uyb948otFom+eaponhcqNpGtU1NWzYuJEZv/4VqampbZ5/0YUXcPPNNxMMBvF43Myd+zyWdWSBw483bGRTWRmgcfnll5OVldVuf7Ozszhvwnm43R7++te/cbC8/IhzlFL88dE/4/dXYDsO3//e9+ha3KXdNjVN4xt33IFhGtiWxZ///JdWRQUtZQEaaKBrOmHV9vtzOJ+ZFFsNommgaURVLICTaiajlIOtFB7dhVs/Mumlc0o+ya4UHBx0dHY17E4cqw834OCA0lAontv8Io46evFHAMuxeHLTc+ia1hyXoCbU8a4VQgghhBBCCHGinJQAgGqqjFXej30Vm4H3tl0E7sR3xokNEokNOjVdx6luPQutiA0+0TQq/H5+9MMfUZDf/np9iM2Y9+7V8frwwsJCMjMy0DSdPXv2EGpndwDDMEj2+XAch3A4zPe+8x1SUlKO2vZ1116buHZj2SaaAoEjzlmxYkV8Bl8xZMiQI44frk/v3ui6TigcYvWaNUccP3DwIM8+9yxebxLJPh8XXnhBh21269aV/Px8XC43Cxcuorq6JnHM0M1DH0oFXuPoxRKbBZwILs2ILxvQ8RmxNP9MdzqWstE1DVPTaSvrxHbs2EeCWNZBliczcawiWAkqnrWimXxYsZodtTs77M/Kg2v4uHojpmaAFru+NlJ/TM8ihBBCCCGEECfCydkGUCmaB9yJAViwpr2zTyxNBytKy4GgCrceKLtcbhQK27IoLCzkzDPOOG6397jdZGdno5SDZVntbg9oGAZJHg+2bWMaBkMGd1wJPys7i8zMTJQDgUATjY2NR5zzyc6dmC4T0EhNOTL1/3ApqamJQov79u4/4vjSpcuIRqPYts3IkSPIzcnpuM3kZEp6lMS2SQyH2LjxUMp9kuGNfVKUQqESA/mOJBleHByUUmhoeOI1AJrsAKZmoGsajmrOMGitIuCnIRJ7rzy6i+GdYjtThO0IB5oOYugGsSF87H9PbZqDHc8waEswGuSfZc9gaiaGFss40DQNf8CPQrYCFEIIIYQQQpwaJycAoBmtv3aiOA2nZj20CtaiWqZwO86h3QnimtfuW7bNgP798bUo9vd5OUoRDAYS9zHNtuswKhVby65pGh6vl+zs9lP1W/Y7OysrPkyFUOjI4EJ2dja2HRsoO3bHqey1tTVouhZbB+9u/T45jsOHK1ZgGAaWZXHWWaMwDKOdllr00zRjgQqlsKwoDS0CFa74Z0VBq2J+HUlxJSWK9WnEMgkA6iONmPEdBdB0zMOWADREGnlq03MoFJZjcXv/SWQmxbJTbMeiMlgFwCXdJuI1PJiawYryVWytbr1spKX3969ge/0n9Moo4cqSS7EcGw2NymAVEfvYljQIIYQQQgghxPF2UnYB0FKycWr3oiUCARr2rg9x9Rp3Mm7fiuPfFq/JHs9J0HUOL+puGAao2EqB5ORkDOPzxUmUUtTW1bFt23ae/tfTVFT40TUd3dBxu9qucq9pGnUNDbjdbnRdQz+GgbXjOEStKLoeK3rn8RyZPj9yxHAe+9vfMEyDXXv2dNjmtq3bE2vre/fu3epYJBJhx44d6LqOYRi8uXgx9fUNVFdXkZqWjsfjwuvx4iiHUDBMKBwiGAzSKTeXlatWYRgGTU0RGhtaZCrEc/G1+H+e3/oSnZJyMHSTBqsRXTPwGl50dIJOCNuJ4jOSOBAoR9P0VkEAAD3eXvN3PGJH8Boe6sMNbKreypNlz/BJwy4yPelM6nsTF3Q7tCtBIBqkLlKP7Vh8pdsFuHUXz26bi6mb/H3DbH4zeno8O+CQYDTI7E3PYGoGX+11JT7Tx3Nb52JoBvWReoLRYCI7QQghhBBCCCFOppMSADA69cLZsxqIDZY0w8Ta9Dpq9Ddbbb93wtlR7F0fQnzQFivO5qBltC5ap2mxEIFSoOsdD7wPV1NTy85dO9m+YwdbNm9hy7atVFfVEImE6N6tO1lZWVRXVWF0kAHQnAWg6zpNbaTzH86JX9P8DKlt1AwYPnw4WVlZ1NXX8eYbb3LLpK/jaqcP9Q0NvP3OW2iaRkFBPgMHDmh1vCkQwO/3xwIOmkZlpZ93lr6DLzmZZJ8Pj8dDOBzGNHTcbjeWZWPZFtt37KBr164UF3dBKUVBwWH1FeIlGnQ0PmnYRXnIj46B23Dj0k1sxyGioqAclHJIMpOoDdcduvaItlR8Bt7Pz977JemuFMqDlVSHqhmSM5jzisdzVsEIClMKWl3qD1ZiYeM2PKS4k7m4+wXM2TYPQzfYVLOFj/wfMyyvdR2FBTsWciBQztCcQYzMG8aOup3o8U7VRhuOqYCgEEIIIYQQQpwIJycAUDCQqHru0AuajtPgJ7plCe7BV56MLgBg1+3D3r+h1Y4EKBs9v1+r82LryON/b2ff+7bs27+fOc8/z5w5c6ipqaVnz55ccMEFTLr563TpUkRhYSGhYJCbbv461dVVmKaLQCCA293xjLCmdbxlYnO1eU3TcLvdhMIh0mm9jV5WZibTp0/n+3d/n5WrVrJgwatcdeUVR7TlKMXjjz9BZVUVhm5w7733HhFQcJkmkXgNg0AgwLSf38vo0ee26quu662CGS0r/jf//fBtBZuL7oHG3UPvokdGtw6ffYO/jJ+8/wuOiAAoUPEgQIY3C9BYV7UBUzMxDZMbel9Nn+y2izfWhGqx7CjZvix0XSfHk835Xcby5t53MDSDf2x8iody+uOKLyGpCdYwZ9tLaBrc0u9GDN0g1ZUK8Z0AonaE+kgDWUmZbd5PCCGEEEIIIU6kkxMA6DwIXF5w7EMp3qaX8FuPYJaci56cezK6QfTjV8COgOklNjJU4E1HP2xA5jhOLI1ciw2Ej8WGjRuZfNttlJdXUNy1K//3f39n5PDhR6Th19fX09TUBMS2BdQOH/zGaZqWKL53rAzDwB0vHOhyudoNGnzl4onU1NzHI488zE9++hPqG+q58IILyMzIQClFhd/PP/4xk1mzZpGVlcVPf/ZTzhs//oh2FGDGlzCYhkEgEGyzBkBzLYPEcx0TDVvZuPW2l0gcKTbLf8SrWqyWgIMiyfRxz4jv8+i6x9hYvQnLtvj9mkf5zbnT2xyUH2g6iIMi05uOJ74bwbW9ruTtfe+hUHxSv4t3933AuOJSAF7ctoC6SB3n5J1Fn6xYUMFtuPAZXkJ2GKUcqkM1dEsvPsZnEkIIIYQQQojj56QUAdTTO6N3OwvltKjArhsQbCC06Neok1AYza7dQ3Tls2C4SexI4NgYhQPRk1tXrndazvofwyC8vr6ByZNvo7q6hs6FnXn6ySc59+yz21yDb0UtLMvCcRQetytRcPBwSimSU5KxLOvIPrVD1w00iO0cYBr4ktouXqjrOl+/+Wv84Q9/RNN0fv3rX3Pz1ydx+ze+weTb7+Drk27h/fff5wdTpvDK/Plce/XVbQ7ck7xeiooKse1YYGff/r0d9rEj6rAU+baq9rfFaq7KrzW3E88uULGsAx0IWQHyUzpx97D/Ic0dy4woD5Tz0Jo/E23jM7i38QA6GunutNi2kEBhamcu6XYRUSeKqZk8uXkOYTtCRZOf+Z+8hkt3c3Pf6xK1ATRNJ9WdFvvEaVAeqPh0b4gQQgghhBBCHCcnJQMAzcAz8noCW99q8aIC0429dSnhN3+D97z/Fx+cH38q0kj49V+jrDBay4r/ysbV76JETYBmscG2BmjHlAHw5uI3qfBX4DJdXHvNtRR3KTrq+Y5j4zgOhmEemf4ep2kapunCikax3W5S2ljPf7hwJEzUiqJpYOgGptl+/YLlH65g+v33M3nybdxw3Vdxu134q6pQSpGTlU1mZgZe79G34HO73QwbNpw1q9eAprGxbHMi1f+zijp2LPsi/rZb9rEFAAJ27LkVsQF/NB5syvFmE3WiuAwXGhC0QuQn5/HzM37Ej979OaZmss6/nlkb/8UdgyYlsghsx+ZgoByFItubnQgAAFzc7Xxe3bUIlKIiUMG/d/yHfU37CdkhLio+j5LMHolzfS4vqa5UygMV2KjEdoNCCCGEEEIIcbKdnG0AAaNwGGbRUDh8QGe6iK6ZR+iN36AigeN+XxUNEnr9V9g7Vxw2+HfAl4nZY/QR1zTPtmsaOM7RAwBKKZYuexePxwuaRlFh4VHPj0QjWJaN2+0mGAq2WhN/eB8ikUh8yYQ6pq0IbcsiGo1iGiYKRTh85DaAAH5/JV+f9HXsaJTvfvsuunQpIi8vj4H9+zNowAAKCvI7HPw3u/yyS1FaLBiwePGbVFR8vu0dm+xg7C9abOvBBuvYPhOWE0FDRwcc5RC0Q0Aso0ARez8NzcClxWJefbJ78Y0BtxB2Irh1Fy/teJVlez9ItBe0QlQE/GjopLtTW92rc2oBF3U5j6iycRsuZm96ljf3vI2pmVzW4+JWARCX7iLF7YvVNFCKmnDtZ39zhBBCCCGEEOJzOGkBAM1w4xn3vbYHvKab6Lr5BF/6AU7ltuN2T6f+AKFXphLd+AYYrdeSKyuKe9QtaG2s/bZsi0Ob0XWcARCJRGjebK6+of6o57pMF01NTYnq/u2xLIumpiZM00ApqK7peOColIqn48dWLkQibS+tmPfSS0SjFjm5Obhcny8JpF/fvpw/4TzC4TCNjY08+dRTn+r6ysrKVp8Jt27gKAcNiA3dj60Ogs/0xpcLxNb7R5zYs1eGanHpBpoWWybQ/DrAJT0uYkLR2EQQ4OE1f2Z7zScAVIdqqIvUo+mQ4c044n6Xl1yMV/fEV4goIk6E8YWllGR0b3WerumkudNQKHRNo7zJj928XEEIIYQQQgghTqKTFgAAMAqH4D77FoiG2jjowt65iqanbiey8mlU42dfK63CjUQ/fpnAv+7A2ras9cw/GjgWenYx7iHXtNOAwlGxAVs4Eml3lh5iqfrDhw0lEolg6DpvL3krsW7/cOFIhIcffhjLsrBt+6hLACzLIhQOJSrnB4Mdz4SHQmFCoTCOo9B1jdTUtpcNhMNhTNOkrGwT8xcswF9ZSSAQwLIsAoEAwWCQcDjc7nO0pOs606bdS1paGoZh8Pf/+z+ee/75Dq9TSvH8C3P562OPt5oxD1sRtHgaf2wrxmPbhaEmVIeBDiiUApcWW/5gqUg8hKARsSPoLXco0HTuGDCJvKROKOVgK5tfrfg9jZEmInaEiBNBUxoZ7rQj7leQks+ELmOJOtFEsciv9r6y1VKBZpnedBQKDZ3yYMUxL2sQQgghhBBCiOPp5NQASNDwjLoNe9cK7P0b0EwPh2Z4FRgmWGHCbz5EZNWzuAZfhtlzPHpGEZor6ehNOzZO3T6sXR9gfTQfu3wzoMVn/lsM4JUNSpF06f1o7uQ2m0pPz8CyLQzdwIp2XKDw4okX89DDj2DbNitWreKvjz3ON26/rVUa/aZNm5n+i18wYMAAevTowa5dO9m9ezfVNTV0Lig4ok3LtolGohAfDLc3m9+SL9lHJBxGKYXjqHYDFxMmjOePjz5KJBLhJ1N/QlZ2Nunp6XjcbhTgdrnweL14PB7y8vLo368f55xzNt27tb0dX0F+Pn9/4gm+9a1vUl1dw7Rp09i7dx833XA9BYc9WyQaZePGMv4x8x+89NJLPPa3x1odD9thHOVg6gaacmiMBjt8bgBTN4gqC7cW+37XRuoppDNhOx7A0WIBAPuwYorp3jR+PPJupiz9KS7dhT/o528f/YO+mb1QSmFoRrs1Da7peRn/2b2YsB1lZKdhdElru/aDx/Cgo6NpGtWhagJWEI95ZIFIIYQQQgghhDiRTnIAADR3MklX/o7A07eh6itig/5WJ2hgulENFYSXPk7k3ZnonXpi5PdHzy1BTy+IbeNnW2AYqIZy7Ord2Ac24Bwsg3B9eIi1AAAgAElEQVQToIHexqMphXIcvBOnYhQMarePBw4cwLYswtEQ0UgkXrCv/YJ6BQX5/O63v+X7d9+NUoo//OER3l22jLNGnYXLdPHR+o9YvWYtU/73f7nh+uvo/UJvfnzPPVRXVXHHN+5kTGkp11xzDb16liTaDAVDlJcfTKzjb2xs6PC9rampIRKNEI1Eqa2pIRAIkpR0ZOCkf79+PPzQQ/zx0UfZs2cPfr+f8vLy2PIBwDB0YmNmDV3T0HQdj8fDjTfewPe/9z18bbQ5fNhQ5jw3h9/+/ne88cabPPrHPzL7n/+kdMwYenTvji85mbraWlasXMH69R/TrVs3/jnrn4wpbV2DwVEOjnJQGCggarddx+CIZw/VxWfftdgSgnjsQ0fHUjYezSDsRKkJ15Lmab2mv3dWTyb3+xozy57GbbhZtv8Dlh9ciVt34+BgtvVZAjol53JB8Xhe2vEqN/a6ps3Zf4BkM5nmbQrDdoTKYDWZbSwrEEIIIYQQQogTSVNHy28/gey6fYSeuwu7dt9hKfptcByIlVED4nvJaxqqeTY3PsOraXq8aF4blEI5Fp6xd+E5azKJ/eLasHXrNua+OI/snGxs22LyLbe0uaXf4dZ99BFPPvUUH3ywnOqqKnTDID09jQnjz2PyrbfQo0dsfbht2yx49TU+/PBDdF1n5MgRjCktJTPzUD2Cg+XlzJ79JDk5uVRUVHDZZZcwoH//o95/67ZtzHvpZXKyc/BXVnLH7ZPJzspq89yGxkYeevhhnnnmGYYMGUrvPr0pyC8gOyuL2tpayivK2bp5K2vWrcWyLAzDIBgMcNNNX2P6tHvbDYhYlsVHH61nwWuv8e6yZew/cADLsjANgySfj3PPPYdLvnIJ55w9qs3ChvsaD1LeVI7LcGE5Fnm+TnROye/wvd9e+wmNkUY0Xce2LbqndyPDm84ntbuoi9Sj6zq2Y9Mvqzde88gCh2E7wurytfjMJFyGm2TTS8SxabKa6J7WlXTPkcsAAOrDDWyv38mQnAHtBgAqAn72NOzDZbiwHZse6d3abU8IIYQQQgghPospU6Z0eM4pCwAAOLW7Cb16H/bedWC6IL6G+2gUrYfuh3/d9o1iM9ue8d/DPeImaGeg1u49P8XWdkopKiur8PsrSPL56JSbS3Jy20sNTpUPli9n6k9+SnZWNvfdN43evXridh+5BWM0GmXLtm088MBv+PDD5bhcbkKhEPNffpn+/fp2eJ+mpgA1tTXU1dWRlJRETnY2aWky8BVCCCGEEEKI4+0LHwAAUKE6wh/8g+iKZ2Iz+YcvCTjWdjg8EBCvI29b6Kmd8H5lGmbXsz5/h09zZZs2c+lll9G7d2+e/dfTpKend3hNfX0Dt952Gxs3biQajTBt2jQm3XzzSeitEEIIcfJUhqr54/q/8UH5CqrDNae6O+IwWZ5MRuWdwfcGfYscb9sZjkII8WV2LAGAk7oLQFs0bzrecf9L0g1/xugyFBwrMWP/qdpp+YUC7Cg4Du5hV+P72t9l8E9sF4J7p91LNBphyg9+cEyDf4C0tFRuuulGotEohm5QWVl1gnsqhBBCnHwPrfsTr+1+XQb/X1DV4Rpe2/06D63706nuihBCnLZOehHA9phdzsC4diD29reIrJuHvWddLBCgGShN6zgFXylo3jJO1zH7X4h72LUYhcNOfOdPE9u372D9R+tJS0uje/e2K/q3p7hLMYZhYFkWXYuLT1APhRBCiFPnvYPLT3UXxDGQ75MQQnx2X5gAAIDmSsLsezFmzwnYBzdg7foQa8e7OP4dscyA+N7wmmODHqv4Hiv6F9s5wOjUG6PbmZi9J2Bkl7RfEPBLqrq6mkg0itvjOaaihq1ogFKYpkmv3r2PeqrjOOzbv59oJEJycjJ5eXkAhMMR/JX+xG4D6WlpZGRkoJSivLyCSCS2ZZ9CYRgGnQsKaGhsxIpGycnJAaCmthbbshJfN4tEIrHdG2ybzMwsMjMPVdlvagrg9/sBRVZWVqIOQXV1NZZl0alTJwBqa2ux4m1XVlURaArEdhRAIyMzg/QW9QuamgJUVFSg6xp5eXl4vV4sy6K8vALLtkDF6kG4PW4K8vMTAaxwOIy/spJOnTrhdrmIRqOUV1SQn5dHNGrhr/TH3gOlSEpKolNubqvgl23blFdUoJSiID8fXddpamrCX1lJVmZm4tksy2Lf/v0U5Ocn6juEQiEqK6vo3LkAXdfj/S0nPz8/UdSxoaGBhsbGI7amtG2H8vJywuEQXq+X/PgzRSIRDpaXx7ZaVLFdHFJTUsjMzORgeTm6piXObWhooLq6huzsLDweD+UVFTi2jVKxz0xKSjI5OTmUl5eTkpJCSkoKAH6/n6SkJGzbprqmBtM00TQNKxrF600iPz/vqJ9HIYQ4Vo1W06nugjgG8n0SQojP7gsVAEgwPRhFwzGKhuM+8xZUYwVOzW6cuv2oYG1scBUNobt9aEnpaJnF6Fld0X1ZIPurt8vldmEaBpFIhNraOooKC4/52t07dxMKhRg6fBh9evVs97xoNMq/F73Ozp2fkJmZSXVNDYMHDmLc2DHU1FTz/Ny5sd0OHEVtXR1fmTiRkpIezJv/MqZhkJKSiuM4JHm9XDzxIj5a9xEr16zhzttvIyUlhRUrVtLQUM81V1+duGckHGb+ggXUNzZi6AbVNdVcfcUVdO3alYMHDzLv5fmYhoHpctHQ0MBVV1xBly5FvL98OdU1NXz9ppsAWLt2LZVV1Vx7zdW89dbb7DtwgMyMdKyoRTAc4vKvXEKX4i5UVlby/IvzcLtMIuEIpsvFjddfB8CcuXPJSE/H6/XgOA5ZGZnkXdgpMcCuqKjghRfn8bWbbqRTbi51dfW8MPdFbvn6zVRWVjL/1VfJiwckqqurGTJ4MKWjR6PrsdU6oVCIl+e/QmNTI3dMnkxmZibvvvc+az9ax7lnn82555wDxHayePHll7lk4kSGDh0CQHl5OXNemMtXJl7EgAEDaGho4PkXX+SOW28lJTUVpRT/XrSInbt28807bk8sEYlEIrz274Xs2beXjLR0/FVVDOzfj/PPO4+q6mqee/4FOseDEY7j0KNHDwYNHMALc1/Etm3uuG0yaWlpvPX225Rt3sKF559HUWERc55/gaysLDweN9GoRY/u3cnIyODfCxfhcru58frrMAyDNxYvpl+fPrjdblauXk1TUxORSJTMjAzy8/PIz7/gmD/HQgghhBBCfJl9MQMALWiuJLTMruiZXU91V057/fv2JSMzg/LyCtasWcPAAUffVrBZKBzmyaefRNM1fjr1J0fNHli7di27d+9m0s03k5qaSnl5Oc/MeZ5ePUvwepNQjuKaK68kJSWFt99ZyjvLllFQkI9lWYwrLaVv3/juAgo0XQMUoVCIpcve5eKJF6HpGtph5R4rq6rYtWcvk752E7m5uXy4YgV19fXYts3C1/9Dj+7dGT9uLLqus3r1al5+5RXuuG0yLtPVui1Ni98TItEIQwcPYuyYMSilePmVV3j/w+UUFhXy74UL6du7F6WjRxOJRFi46HUqq6rIzclBOQ6XXDyR3Nzc2GMolRi8H7qNhtvlar5lYobfcRS+pCSuu/ZaXC4XW7du5ZVXX2PI4MFkZBzKaHC5XLhMF/v3HyAtLY39+/fjcXtwHBVvx2H9hg0U5OWx5qN1DBw4IDZrTmwpzRuLl1BSUtJiK8fY/Wtqaqio8JOensbmLVs584yRAKxZu5YDBw5wS/x7emD/AT5csYJwOIwGGLrONVdf1epzEQgEMIxYlkFVVRVJSUmUl/vxeNyx1Trx2qOXX3pJq+0vHcfB7Xaxc89uNm/eTP/+/XGUwnEU/fr1o0+fPrz77nvs3b+P6665Br2d7SiFEEIIIYQQR/rCBwDE8ZOamsqPfvj/mPLDH/DgQw9xxhkj6dunz1GvCYZC3HvffaxatYp77pmaGBS2RSnFlu3bGTbk0IC1c+fOdCkqZPOWrQwaOABN16mpqSEUCuH3+0lLTcU0TTwuF6vWrmP33r2xtPzcXM4YORLbUXQtLmb7jh3s3r2b1NRU6mvrW903KyuLTrk5PD/3RboWd6FP79706NGDhoYGqqqqmHjhBYk0+AEDBvDe8uVUVPjR9TYGj/E9MUzTpLyigo0by7BtG3+Fn7POPIOGhgYOVlRw8cSJmKaJaZpcfdWVADTUN2AYBkuXvUtKagqWZdGtazcG9O+XaF7TdRSKt5cuxeP2EAgGcOLbTOq6RjQapaysDI/Hw44dn9CpUy4+n6/Fewwu06RXz54cOHiQTp1yMUyT/Px8bNsCYpkDVVWV3Hj99Twz53kOHjxIUVERjnJIz8jA7TJZ9u67jBwxAtMwEhU0P1q/nv59+1JS0oNXFy5k2NAhmKbJ+o83MHzYMNLS0giFQviSfYwdOwbTNFFK4SiHN95cjMvlIhQOM25MKV6vF8MwKelRxJ49e/B6vXi8bpJ8XhzHjj+vztvvLMXn8xGNRunfrx/dunVF1w369OzJW+8spbCwkCRvEpYVRdO0WNAi/v9mPIgihBBCCCGEODYSAPiSufqqK6iuruK3v/sdV119DQ/MmMGYMaVkpKe3Wmve0NjIx+s/5qGHH2bN2rXcd999TL7llg6LMdqWhWm2/lgZukE0Gol/pVjw74WYuk5aenpicG45ipRkH51ycrGsWHo3xJYUdC3uwuCBA3jjzcUUFRViGK1n1L1eL9defTVbt25jy9atvPTKK4w591xKSkoAWs3Aa1osg8BxbHQdPO4Wg0gFerxtXdepq6vn440b2blzJ2NLSxk8eDAVFRWJdg7XPBhOT0sjOzsby7ZITUlu8zyfN4nk+DEVL16paRqWZbNj5y6279hBQX4+X73mmkTwInYORC2L4i5d2LRlM+s/3kDnggLC4TDNI/myTZtISU5GKUV2Viar1qyhqKgIDQ2Py8UF553HC/PmkZKcjNvtRtd1otEoH2/YwKgzz8TtdhNoCnLw4EG6dOlCJBzGFR9sb9myhWXvvUc0anHFZZfi8yWjoZGdlYnH4yEajWIaBkopbNume7dubN22jUg0SnFRF6prquOz/wpHKdLT08jMyCQajZKU5AVidRLOHDmSrdu38dY7S3Ecp1Wwpvmtj71+yjcyEUIIIYQQ4rQhAYAvGcMw+Oad3+CMM85g5qxZ/OxnP8eX7KNv375kZ2XhoKivq+OTT3bSUF/PmHFj+eUv76dPB4X/IDaALezcmY1lmxk+fDgul4vGxkZ2793LReefj67r6JrOFZddSnZWVmLwGQ6HsS2LgQMG0DM+aG+mlCIYCHL2qFFsKCtj3fr19O/Tt9U5mzZvZveePVx4/vkMHjyI999/n/UbNjJw4EDcHg/btm1PFPrbs3sPlmWRm5tLhb+S/QcOJNoJhkMoJzYYj0Qi9O3Tm3POPps3Fy+mbPMmhg4dQmZmbKC7f/9+srOzUUqxcOEievfuRV5eHspRnHnmGYlifIdTjoOm6Zx11pmkpaVRU1PDpi2bY8EDxyEpKYnLL72EPXv28NL8VygvL6dr10PLXxRg2RbpGemYhsnK1au58vLL2LZ1G6bLJBqNsrFsE5qm8cqrr2FZUfbu3UcgEMDlchEMBcntlMuY0aNZ9J//kOzzYZomBw8eJBgMsXHTZso2b8HjcbNm7Vq6dOlCr1692Lx1C0OGDGbw4MHk5xfwr+eeJRKJ4vMp0DTOOuusVoPxhoYGLNsmMzM2uF+3fj1XXnYZFZX++BKA2Pd21Jln4ks+FCSxbRvbcUDTGDN6NH+fOYuoZdGzR/dW74EQQgghhBDi05MAwJfU8GFDGT7sEQ4cPMjOnbvYs2cPtbW1JCV58XqTKC7uQo/u3RNr2Y/VyOHD2bZ9B3Oef4Hu3bpRtnkzudnZ9O7Vk8qqKhSxGXuv15u4RqnYIHLlqlUcPFgeS2VXMHLkCHRdIxwKYxgG50+YwMzZswlHIq3uWZCXz4JXXyMQCNK5IJ/Va9cxZMhgfD4f548fx4LX/k1DYwMu08XqtWspPfdckpOT6d6tK+8sW8b8BQtIT0tjw4aNXHrJV4BYACASDqNpGqPPPZcnZs5k8eIlTJx4ERddcAHzF7yKv7KS2to6tu/YwahRZ6Hiqfxvv7OUjIwMbNsiyZvE8OHDEjPojlIoxyEYDJGWloZlWYnBsOM42LaFbdt069aNwYMGMe/l+dw++VZSU1Ob3yxCwRBej4fCzp3ZtmM72VlZrAsEyMnNZdeuXQSDQe68/XbcHjeWZfHPJ59i3UfrKezcGcuycWybAQP6s2bdOqqqqgiHw3zw4YcMHTqEcWPGoGkalZWVzH76acbU1nLO2aOY/dTTPPPcHEq692D33t1omkZmZgaO46CUw+LFS/B43Fi2TX5eHp07dyYcDuP1esjr1ImD5eVkZWfT1NiE4zjEt0lgydtvk5aWjm1bpKakMGDAAJRjx5caJDNu7BheW7gofk2MbdlY0ein/9ALIYQQQgjxJWfcd999953qTohTJzUlhS5FRQwY0J8RI4YzZPBgBvTvT1FhIcnJR6avd8Tr9dKrZwnBUAh/VRU9undj3NixeLxebNvBNA2Ki4oSA+Jmhm5gmiaRSBjbdohaUYq7dMHjdpOekUFOTg4+n49kn4+cnJxEpfzme/YsKaGqsoqqmmoG9O/PiGHDMAyD3Nxcigo7U+6vJBwJc+7Zoxg0aCCappGcnExxUREVfj/BUIgzzziDvn36oGkajuOQn5dHZmYmpmlS1Lkz1bW1FBUWkpeXR0FePvv278fn8zHxwgvIyclJBADQIBqNEI1a6LpGUWHhoYJ7SmG6XBR36ZJI7dc0ja7FxZimidebRJeiInRdp3PnAizLwufztdqCUNd1OhcUkJqaRkpKCiUlPVAosrOyCEfC9OjencLCzui6jmmaZGTEBti5uTkkJSVRUFCAy+Wic0FBfEu/POobGhgxbBg+nw9d1/H5fGiaRmpKCllZWfTqWUI0GqXC76dTp05MGDuW3NzcRDE/WzlY0SiRqIUvKYm8vE4Yhk73bt1IS0slIyOdbl27JrYvTEtLT2QMRKMRopaFYZgUFRaiGwb5BfmkJCeTnZWNYegUFRYmsiqUUqSnpye2FxRCiOPl8bJZp7oL4hjd2f/WE9a23+9n2bJlLFmyhEWLFrFp0yYqKytJT0//TL8bfV6xOkz3UFxcTOfOnU/6/YX4b/OLX/yChx56iH/961+sW7eO0aNHHzE2OV29/vrrHZ6jqebf4IUQQgghvsRGzh13YhoeMZuV3YpbvbRz5ziuXXXsTdw4ZgFT0rfx4Ct388xx7l6bej7CkiE92bLuUr65DaZd+BaXsZCRrz9wMu7eoZXXvHXc2wwEAjz99NMsXbo08Vp2djZVVVWJr0tLS/na177WqkDvifb444+zbNkySktL+cY3vnHS7ivEf6N77rmH5cuXY9t24rVBgwbxu9/97qT+uz5RpkyZ0uE5sgRACCGEONX8i5k+ZRbFU2czud9nON6BspmTmMFUZn/qi8uYOWkOXR+cxoQOV4SVMXPSDPiMffxvdeOYBUzJreaVueOY3vxiz0dYMuQtliT/ifHvvHAqu9e+bXczftup7sTJs2vXLmbMmEEgEGD06NFcdNFFrWrw7Nq1i0WLFrF06VJWrVrF1KlTWx0/EZYuXcq8efOorKxMfF1WVsZVV11FaWnpCb23EP+tFi9eTENDAwDTp09nxowZLF68GMuyTnHPTh4poS2EEEJ8IZSwe850FvsPf72MmVNmsf1UdEl8TtcyLj2FBv/8Q4N/gG1387i/kdT00dx4qromEgKBADNmzEApxf3338+dd95J165d8fv9bNq0Cb/fT9euXbnzzjuZOnUqSqlEsOBEeeqpp3jiiScSg/9mlZWVPPHEE7z44osn7N4AlM1k0vTF+A9/bdIkZpa1fNHP4umTmH7kD67DmpvEpNYXnnr+xUyfNIlJbf5p62fxsT3rqeRfPP3I71tc2cx2nnVmGafDsx0Py5cvp7q6mrq6Os4++2zOP/98xo4dS1NTE8uXL//SBAEkA0AIIYT4gigtLWbpej8TWk63l33AkvHjGb9kyaHX4hkBh4ICJdzaPEvvX8z0v0Bp8SxmLQHGT2Vqq7v4WTx9CrO2j2fq7Mn0S3zd3NStPDhtArnxGf0lAFMmsWvqbC49MJ0pu65jKjOYEe/O+A6yFtrsYxvHS259kGnNB8tmMmnGoedt9x6niVRvzyNee+adS1uk8t/DC9dMhFbLAtp6DcZd+BZT4nVhiaxttSQglm2Qkji3wd86w6Dd4z0fYcmQLLb4sxiRmxJrtwzubLEEICafxy57ixHNu9M2HLYkoOcjLBkylFTaOf4F9dRTTxEIBLj//vsTs/pPPfVUq7W0ffv25e6776Zfv37cfffdzJgxg6eeeoo777zzuPdn165dHa7jfemllxgxYsSJy0LI6UrJ9qWs909I/Jv1H9hNSUkJSz4oY3K/+D9I/3qWbi+h9K5PVzT6CyF3AtNmT4j93b+Y6VOWUnpM2U6nsfHtZYJ9xoH/afa+LVmyhPPPP5/777+fpKQkAH75y19y4MAB3n77bUpLS4/Yzvy/kWQACCGEEF8Ug0ZRvHR9q1/Fyj5YwvhRow690GI5wOzZs5k9+0FuLdnOrL+0mPXZPoulXR+MHW/1y158sF88ldktBv9LS+Pnzp7N1OJZTJlZBvRj8uypjKeEWx9sMQBfMoM5zW0/eCu7Zxw+I3gsfYxlNRw6PpXiWVNi7ZTNJLaSYHaLe7Q1G3c6eIFv7t8NqRNZec1brLxmAY8dGQs4du6h9A79iZFzxzFy7p9YxVCmXHhP7NiI2YmlBiPnjmPkurWQe2vifrHBP6xa1/L4d3hhRHPjxYzwLosda6/OQOpQsvfHr5+7kJ2pE1ky5trE/VcO6cmW5vbn/olVnomsbO7fF1Rzwb/Ro0e3Ofjv27cvSUlJbNq0iccffxyAfv36MXr0aJYtW4bff/w/mIsWLTqm81rWKjjucgdRWrKdXYkEBD/rl0LpdaWU7D5w6GdN5S62l5Qy6DQY/H1+uUyYNvtQoPK/yn/zs7V20UUXARCNRhN/brnlFjwezynu2cnz3x/iEEIIIU4b/RhVPKfFrFsZHywZz6jJ8EHzKS1nrWIvMKi0BFqNBUoobeM38rKZU5jFrTzYPJovWxD7usUvff0mT2X8pDksvrSdGZ2SW7mr+UDuBK4bP4sZH5S1nqHvoI/+xXNYUnIrDyau6cfk2bOJBSiWMH7qbPq1aOuuW5cyZUEZE07HNIBVkxi56loeu+w7jHCnMGLIW6wcArCbV+ZOar00oCORtTyemNF/gW+WjWbJkNE81hPeSs4Cqg+d22oNf/NShD8dms1veTweJNhZ1cFsfcPCFtkID3Dtzv6s7HY503gBsotbt39Y/775Ba0nsHr1auDQoABihf4qKyu56qqr6Nq1K6tWreIPf/hD4tzm85ctW8bq1atbXXs8HJ72357du3cf1/u2lktBMSw94Id+uUAlu7YXM6rfIEr5S+JnlP/AbigeRfOPirKZkxLZQe3PNh/lvFaZQYdlNk1ZSumtxcyaFbuw5NYHuYu/MCWevtQqi6i9dj4N/2KmT9lF8fglLFkC46c+SNc5sYDptAm5re9RMp7xLGF387FWmVUljB8PS3aXxrOrYqn6zf0+lHVFLAA6B8azhCXbD/W7/ff1yPt8NoeCwdMGrT/suWczmZZZWc39OrQ8bfuU6fDgNP4/e3cfH0V57///NbubkAQCskkICJjFEDRYbAlWQBYVa8We2mrvDKiHQtuj/SJFTtN6ai0HrG3pl4oHWqSnPe0DyreCcNpqq/1VrJVCooAFbGshJYAEiHKXDYZAbnd3fn/M3iabZBMC2WTfz8eD2uzcXTPXzDXXfK5rrhnx0hyWYfVY2xo1b2DRVr27Qnl2mfL3zjvvZP/+/Zw6dYrs7GxsNhtnz56ltraWmTNndtj67/V6aengFQGH3d5nviSgAICIiEgCKZxyFZuDrwGU72TrjCnMIyIAEBLRRR8gv5NBwbYuYxmQP3dCqLJ+5sQxOLyVkjmtP3+XT7sfWbtqBJH1rOy8fCg9wRlGxJg5dhqrjx6Gq+6lbX2tmqOHYeuyOWxtPanbFdtE8CseejFisL/AVwE+8YmVVHRlVP+mk9HzHjqJ54MfImsIbNxexmc+cyef+Myf+QStu/+PJSsVPBc6GnDwPJ7ajjdf19jqKb62hjrGcuXYz8IAyMxcwO7PLGiz3kR29OhRgKiu9Hl5eSxatAiweggEW+SzsrKi5olcvif985//jGu+SxsAgMIpMzi8+W3O3HYbOaGyKAeuOhwqo6qPHmbGFOth9MxrT7Ds2FxWrL+NnMAD5ROvrWjTqtz+fNWhnkFLCgMPySVrGbF+XiAgeJh1R+9l/fp5gQfJEtbMXcH69TmBB+qXKL9tHoURPYyWFGLNG7WertjKsTxrG3CG18J7wWtr1sHcFay3ntCZsyxcDJ95bY0VXF0ffp0qNLF8LSXrruKx9UuwkjeHkrUjwg/1h7fCY+tZH4qJtH9cO9xOzN1ZxpzIwjUy+NDufpezds4x5q5Ybz1kl69lzprXmLDkNuatmMuxiFcAygG2HiNvxXrWBwMXgXlzKGftslbrWRbMM7jU+btu3To++MEPsmPHDt577z0++9nPkpqayh//+Ef27dtHQUEBv/jFL3jggQfa7Q1QfeZM1NcDIg0fPlwBABEREemGwilcFagUsXMrM6bMI1CtCgg/VOcHKp9nXnuCks56A+fPZcV8WFOyhtcmRLSWtFsBvBjdTGNAX3/nv1N75nAD69ntGsutY2Fjj7SOf5/P/tpqwbe6+1sP41YgoCfW3xErwNB6zIG+oLq6muzs7JjTysvLWbVqFfX19WRlZYWCAkFZWVlxt9ZfCgs2m7YAACAASURBVJdyEEIgMA7AUaoBThwjP+8uIBAY2FkNVId6KFmvCBxmxr1LAmVJDrfdO4N1gQBCmDVf/vT54fmWrOc2gPKX2MoMHgtc+zm33cuMdcvYWT6PwmyAfObeVRhOW0RPp5wREZ/ZLN8Z3cOo8C7m5pdY6+lyuRK7N1WbsQ8K72Ju/tZAJ6fW+1jIXXPz2VoaTN5W8ueuIJy8ueSX7KR8XmHgtxlMCaWzo+M6ocPtxNRBr4yO9/sw64K9sArnsX5JR9u4N3R/yc7Lh1CcqpB5EQueOXEMiPw86qXJ3/fee4+XXnqJMWPGkJ2dzfjx4zl9+jTr1oUD39dccw3Z2dnk5+ezdu1aPvKRjzBmzJioHgEOh4PMzExqa2sxTTNqG4MGDeozD/+gAICIiEiCKWTKjGXsLJ8Cocp1hGDlp6sP7VeNICen0OqyH2yRGXEVBCr4ca/r2AnOUBiaP2ZrfidpDPcaKGw1PRtrUrDbcR83aT27XU72RA2kF1BbQx3O9pcdO5wswBP524DhzIZwL4Cxw8niPBWtWu6DAwzOvvklSoa4mU0ZnmYYN/CzQPcf0NsMZjjESSY1vHfoEBSCK8Zgh4kuOzu73Rb30tJS6uvrGT16NI8//nibb4R7PB4Ku/5E2aGu9ig4evTopRsIMGcC0/NLOXHmDCdKiXjYncKMZTspvyuPY/l5WGGB9nrvzKDVdwywioy21/eZE8cgfzqxwzHxa69nU35PlivVRznMVcTYDTraRziDlbwSopOXz4kzxGjB7ui4jmiznagH5R5jjQfDnIjeA3EHEiJFDzibn5/frdR0NX//8pe/MHHiRIYNGwbAzTffzJEjRzhx4gSmaTJs2DCuvvpqbDYb+fn5DBkyhH379nHllVe2eSVg8ODBnL9wAW9LS/hHw2Dw4MHYbH1naD0FAERERBJM4ZQZLFu2DGY8RuvnfyD6ob18rfWOZGevAATXPe8xZsxZxprXJrDkNqvlZNnaKeHKXGgQvna6Ux5ex0vlt1kt9GdeY/PWfOauKCS6l0LHaQy27IXWE/n+6b0zWLcsspdCxLS+NkDVnt+x58oFTPrgepYcin7ff8nVHyKz7uVAYOAQnmaYdOVKZu+xXglYcrU1mn5UACD1Qzx482fZuP1XwGf5SWF4HVarf03EuAKB9/5ry9jIr6B2LpNyrPf1g9N/8okFjKtdzYz34tyfzDv51aTvB8YB+Aa/clnv/T/Br+C9T7LbFTk9VpoST15eHmVlZTEfpD/1qU9RWFjItdde2+bhP9arAz0h3gEAI+e/FF8isOQw4qrD7KyuhsNXMSV0+WWTl3+ME28D0+8KBPGs4N2Me2P33gmXDu0H+boVkIyV6hFXQf70S9CzKUJ2HvmUEvuZs6NApjW2Qn575VmbDiUdHdcznGi1HatV/VIEhKxxWqzOHq/xRMky1k5Zz7yuRGvKX4r4+gyhe01XdTV/33nnHa699lr8fj9+v5+MjAyuu+46rrvuuqj5gl37r7jiCkpLS2N+EtBmszE4M5P3338fv98PwODMTBwOB4ZhdH1neknfCVWIiIgki8IpzIDQu7XR0+bx2IytLAt+w3lzHisemwGHS3k7rgHJC5n32AwOr1vDa2dyuG3JY8zYuiz8Teioh/9Cpsw4zLqSiO9D58+AzYF5S9Zx1WMxBl/qNI2F1rujy4Lfora+TLDkthwonMeKubCuJDytTz78A9a7/7ey4oyTT3zmz4EvAVj/bm1cHfGJvF/x0IsvU5n6IUoC0yd4Xqay9eqa/0pF2oLAOhYwqSn8mb2N2+/ixbqrIrZjTQ92yd+4/a5W6Qg8/Hely37dX/FcGVz+TrIiu/zvmcMNlcdwucL7mOgP/wBFRUVA7AfvLVu28D//8z/tTotcvieUl5dTVlbWpWWCwYtLpXDKDI7t3MmxGVMiAoI5TJgOpaXHuGpETsRv+WzdHP4aSfnaOTG+SW/NdzjiayflawPfoi+cwgy2sjMQLTjz2ma2RnWHjzvRzDi8jpeCUYczr/HEnBhfK7kYga8klAYL3fKXwp9SbbOP5bwUnmi9QrHuJcLJe4I5c9a2DqFGrSv2cQ1sJ7Qu63WBHnfmNZ6YE/EllpwRXEU+ed3qqnGME2cAzvDa5jYjvcSnC/l79uxZDMOgpaWF5ubmuP8ZhkFtbW3M9/0HDRqEzW63/jAMBg0a1Kce/kE9AERERHpfm1Hzg6Pix/67cN561rfqGhCe3Hpdgfmjf4iYP6JlJ4bIbZ15DSCPu5bEmr8raSTGPkdOWkI7k/qkYJf8joXf4Q/ZE/47nnU88cqtHT5st7uOqC8GxP6ts3UDgS8edDZTYsnJyQl90m/69OlRXfrLy60nitaD7QUf1N1uNzk5PReYWrlyZbeWW7ZsGf/93//dY+mIkp0HW9fB3Luifs4ZcRWHD8O9EQ/nObct4bGjcyK6Zs/gsfVWK21kw3ab+fLnsmKJtaJ5K+byRMkc5lgTmLuiOwP3FbZajzUWSc+OK5LDbfPnUloS6Mo/Yy5zIz7GknPbfOaWlgT2cQZzIycWzmPF3CcomRNKXYf72dFxJTBtWaBv/owZMyLeue+pXb2NJY8dZU7JHIIpyJ+7gnk5ABOYnr+OdSVzOPrYeqZ0sJrgu/rrSuawjnzmPjaX/GWl7bz60OGK4s7fs2fPYrfbaYnssh8Hu93OuXPnGDFiBPbgw36AzWZj8ODBvH/2LIP6YOs/gGG2HsVAREREJAZrIL9L3LW2F93w61t7OwkSp92f+XOPrau+vp5///d/xzAMHnvssagR/vfs2cOkSZNCvwUHBjRNk//6r/9q82rAxfjlL3/ZrZH9r7rqKh544IEeS4d0h/Wq0tF2XoE489oTlBy9txvvzcvF+POf/8zBgweZOHFih5/4a+2tt95i1KhRTJ8+nbS0tJjznDlzBqfT2SZA0NtKSko6nUc9AEREREQkaWVkZPDNb36T733veyxevJjp06dzxx13kJeXFxUMeOWVVygtLSU9PZ1vfvObPfrwD8R8iD969CgNDQ2hv9PT0y/doH/SBeWsnbOZvOD358tfYt3hfOYGusWXr53D5rzgq0vWKwD5cy92eEPpqgsXLmCz2fD5fF1qpbfb7dTX14fe84+lJ3v/XG7qASAiIiKCegD0JT3ZAyCovr6eX/7yl1Hv4WdnZ0d96s/tdvPAAw/0+MN/e7Zs2cKzzz4b+vv+++9n5syZl2Xb0jHr2/Thd+6jPl965jWeKFnH4fBEtf73goqKClavXk1TUxMDBgxg4MCBZGZmMnDgQNLS0jAMg8bGRi5cuEBdXR0XLlygsbERgC996Ut86EMf6lOf94P4egAoACAiIiKCAgB9yaUIAASdOXOGvXv3cvToUaqrq8nOziYvL4+ioqLL3upXX1/PT3/6U/bu3UtRUREPPvjgZQs+iEjfo1cARERERES6ICcnJ2Fa2TMyMli0aFFvJ0NE+hF9BlBEREREREQkCSgAICIiIiIiIpIEFAAQERERAQY5BvZ2EiQOyicRke5TAEBEREQEuGn45N5OgsRB+SQi0n0aBFBEREQE+OoHF+CwOdh56i/UNJ3t7eRIK84BQ5mS+2EWTvhybydFRKTPUgBARERE+hzzgoem7avxVu7CrO/sYT34xWOjw7kGAF/vicT1aQa2ISNIv/v/YssZ29uJERGRHqZXAERERKTPady6kpb9L3f68G+aJtaDf8cP/xJk4q99j/rnv9bbCRERkUtAAQARERHpc7xHdsQ1nx77u8esO9XbSRARkUvAceHChd5Og4iIiEjXNMdZfzEUAugu1RFFRPofh9U1TkREREQkTHVEEZH+R68AiIiIiIiIiCQBBQBEREREREREkoACACIiIiIiIiJJQAEAERERERERkSSgAICIiIiIiIhIElAAQERERERERCQJKAAgIiIiIiIikgQUABARERERERFJAgoAiIiIiIiIiCQBBQBEREREREREkoCjtxPQrooNzF9Zhmv2kzw6PavjeT2lLF+8g6lPPkpns/bospeBp3Q5izdWtp3gms2Tj07HSnIFG+avhEVruG9ccJlRLFpzH+PaXWf70y+9CjbMf4HRCXrMLxtPKcsXbyRG7lrci1gz81RCn59dY52nZbEmuRex5r5eOhs3zGcl1vY9pctZfPye3klLxQbmvzA64rq+7Algw/yVVLVb5nY2vaNVb8AqouItcyLOlaiyLkEE7k9tuS+yXE3w/e7DUu59hbTRmW0n1PyeurXf6ZFtpM3bQQrtre9bZJR8HP4xlfotPbK5Lku59xXScg7S+MzDtPTC9tutz7Qq/z2ly1m8Y+olOP89lC5fzPF7rLpS39ezZXZXjnuv3iv7tPbqQS5m94t6nvQVCRoA8FD6Qhlut5uyjVuomH4JH1SzpvPomumXau09I8bDUcWG+SxeTvsFtauKF5aX8sXW0ys2BG7Aoy5deiU+UedeexWTcYl/fnZJrJucdUNcProbD5Y9YNx9a1hz2beawHb8nA25j7Y6Dz2ULrcqLa7LkYaK3ZQl+gNwjPR5SpezeP6G7gcB+sJ+92VtHvaLSX94EZnz6LEggHSiTX3GuvfN3xD+PWv6o/Sr296l1kNlto775dK2HuQpXc7ixRvI7bWGOUk2iRkA8OxnR6Wbex69AcpWsrviPsa1uiIqNswn2ADjcrsjp1ity4umsmNloHXVNZsnH81lSyjqFnHxRfUACCw7exQbNwbjcxfbonNpjJs5G9fi43ignYriVKaO2sF+z/SoQqZidyCwErMZNoG0amFzL4p+MI7M/8AMVuUhVkujp5Tli49zT+C36FaIBI+6Rp6fBPZjEawM7nyol0CwJ0Gr87WT45gYxjFztovFO/bjmR588LEqheFsavVQ1Kr3RKinkKeU5T+HqaM2srEMcC/iydEvtGrViO4xE+wB8OToFwLnxUrmV1nb82yYzwujFzF1x8pAWqzzJXdLRPkT1brSKrofUdm1WkymMrtqY2i/QstG5NPi+cd7tcwZNXUqVbsriCp0PfvZgRu3q4wqiN1zqgut/BUb5vPC6NmM2rgxdKzcUT2YrAO0eP7GwO+tzode7DHSkazp9+De+AKnPDAuCzo7H37O1NAxuOE2F7tfa73frcuryOu7gg3zdzN6dhUbN1aCazZfnbqDp4/fwyJWEi4i1jDzVMQ6oo5dq+NK5Pkcx/2wveswlL7Y+544NtHwTAEZJR8nY+Z3Ai3zVlDAkRaeyzy+kvObN1l/FD3DoBlFGLGmAXAdGSU7sAf+8rVu8b9yI5klgUeyxr2tWuOtXgLBZVuvO23eDlKcEeuKCGikzduB7cJebKOLMKjDu/UOGvZGrq8OX03Xj9Cll8X0RxdxfP5KNtwQcc4HymxaXSexr4vW9/FY515W+FxfOT+iVbyDsqX1/WTCBHh7SNQ1cOl6K8QvrjI7qE3vpfA13fq4t3e/Ch/78L0yi47yJI6ypLN0tXfvDO5uR+dDH6gHZY2fiovjob8jeyYC0fdcT+weaK7ZT/Jo7pb2pyVsRVd6Q0IGADz7d1DpvodxjAM3rNxdwX0RBVvFhvmsrJrNk2umkxUsvHExNTRHJRtfmMqTa9aQFbgRLJ7vYvaTa1iTFVh+SwXTY5YAlWzcEVzWWvfKDTckYMWlc+NvGMXP93uYHlEh213m5oZFJHYAIPQgsca6OXhKWb54OaWBAj06/4PzBysPN+AmOmgUPp8ibnBrHg0v26eirmWs3L2INWvuCxyXlcwvcweOlXW+vlA6M+Khsv3jmLis/dgx9UnWPBp4ZN8wn8UbcgPXYQUbFm9k1KI1PDoO6+/5i9mQu4b7soDKjdayawKhhNL4tpo1/VGeJLpboweo3PgCUyPLjsXzcc0OrL9iA/NXBnsphQMLa8aF92N5acSNt2wjx4PTKzYwf+XPKR3/KNPH3ceaRfTyKwABueOZumMLFVYJDFjXEFPvYfSOQGUyazxTXRvZEVG+VOy2XtmK9zqq3LgjdFw9pctZvHIDN6y5j3HTH2VNbuTrEIEyftQi1jw6jlgthomp8/Mh8hgAfOH66NdAwq9rPRouv6J6GJSx8fgi1qwJBhV2WEHzRWuwiojlLF45nzJ3YB5PKcsXv0DpzEeZntX6uAa3Fzgns6Dj+2EH1+G4OK6FhPEd/DUfxzGkGMB6+K//PXXPWA/W1qsDXyS9aJP1QD2jCH/oof5bZJQsImPmpvBDvjMLc+tU6vYGlv3ARtK2zKYxMNnuhJYVU2nEemhPe/gZeOZhWgIP/7bjK6nbvCm07kH3wvnNm6yH/4y9NK4IBAxmbiTzA5GBC7CPdobWTev1BQIXoYQklHHc4IYXwpGzKK2vk47v41bLd9XsJ1kT8YC/vPRJHn30SYjqaRdH2RJ1P7HO63D9wsP+HZW473k08ctsCNxzqpj95JqIB/OV7ddx27tfxbpXdlq36qAsiSdd7aUli0DP1nA5GbXtPlIP8uzfAbO/GN/9c9x9Vh0wuGzgPnHP9Cygo2kiYTbTNEmsfwfYsrES96QCTNOk4I5ZuMpeYHt1ePruMnDf7cZpmpimE/cXZuGC0DogcnoBk9yA+27cTmt6wSQ3VJ2kOmL+2Ms6KZziipr38v8DaP1bNdt/vpFK9yQKItJN62UKJjFqx75w2g/spsw9iYLQ7L2Xz+1vv5rtL5ThfmR2aN9Mp5svzIKNWw5Y+Tf7GZ75ejCPrP10h/bfyu+y3QdC69u3I3g+HWDLRpj1hchlZ/OIu4wXtlf36vEwTRMzKg9jHytwMeuOgsBxKWSKC1yz7ggcK+t8rTxeHddxTJx8t65515RCK18ObGEjs/iC2xmap2D2I7gD5UD19hcoc83ijoLg8gXMfuYZZheEj9GUQmfE+tteQ1HXC5HTW81LjLIDN3cH01YwCTdVnAymy/1IKB3BsomNWzgQXHdkugsm4aaS49Xtp7M38gfTSeGUKnYfCP5ezb4dWMc0dNwC51qofDnA7rLWxz3yX6syp9VxdRZOwRU4jm2OxYEtbKx088jsgqjjGn1fuNz/YufVgQ0rKXNNodAZ7/lgzRt7vYF7YcQ17HR/gVmucHkFhO6VoeUjzjHruLYuM4LnnBP315/hmdnh5a3547sfdnQddr7vPXi+9gDfhTqMgQVYPQKmRr0O0HLoIO1v6TvUr2jVwl+znYa9kctmYRRFbOsf4WBA49/2YqYV4CiClHtvxt64l6ZQi/93qP9HJcboe0gDGtdOpS6yt8CWffhaJ6dmX/j5fuZ12KnEG1zf3odpOl4X1/GIdDmuG9M0cY4K3rtaz0er66ST+3igvAiV0YHz/OvBv62dirtsib6ftKpfVO9jR6WbSQVdPQ49fA3EVWZbx+mZZ74eKndD9eOY9z+6cL/qvG4FHdSt40lXu2mx6jrhelBwfbMpSNh6UCUbF89n/vzwv8UbKyPOf7NVvSSc123WV72dn2+EWd+O2Md4pulfv/4Xj8TrAVCxhzLXLL4dDINljWeK6zl2BluaPKeowsWUyGBWVm6nb7S7RvXh6FfZKh5u3WLvmsW3Z3cWKxzHpFG/Db0GULGnDPek2cCeS5TQnuChqhLKVj3cdpAUd6s5S3/Afz5X2WbyuEluWLWHitnjGOfZz85KN3ePI3DuVFL2nw/zXKtVu2b17F5cTqNyY53b8R/Hy6uS52Ie/2/z9UCE2nOqCirL+M+H28zFLMBTVQmj7u69FhfXqJjb9lgHvO212rsHvFuyxk+h6pVAl1LPfnYyhS9kwf5W87ieq7JeQ/Kcoso1hTsuQaZ4TlWBa0r0MY+jzL/kKp+LcY66eeQZq/W+4mLPh1j3OrLI7fKOjyJmERGhYuPDrAql08WUeJLXwXXYH66F6O72wQfn79By/GbSPrCDzA/QjQEE6zDPRPy59wT+GUUYOWAfmAn1J6IH5ztTg4kzag2tBzNsEwQIzjckCxoPRk1vqfWQltOF5CaiTu7jMcuLdlfV9bJl3CQ3/PYUHsaR5ami0j0pIXoPxlNmh3hK+cF/PhcegPhiL8ueqlt1K11WXWfU3X2pHuRi1re/Ht0DoWIjD6/6LaV3fL0LPRMq2Pifz8Gsb8dYpqNpIuCIN1JweXgo/W0ZVNK2YlX5ChXuWRSYkVGw6Fmif2s1vU1UJDpS0t6yZmSU82J3rxtME3A/wupZBTEnRqfJSndkmgsmjWLVKxW4Z8GeMjeTZpmYB9tb/vKKlYdB7kdWE3uXTTylT7FkUyXg5pHVX6OAgzy3YBWhfCuYhJtV7KmYhfPkTirdd0f0lHBR/MTXYhaIvXstmBER38ifI85PWp+rbZdp/d+OjmPviD7+B59bwKqycGuNlTbAVcwTX4vVFd4kfPrG2IcY13P713D0sY5eptWcscqOWNM7uFY9caWj98qaMBPTWcjkqrVsr/4a4/fvhMnzrJYbCJelzkImu54LXWdR87S76naOW7vlsAkdlMEdlSGXXHvnaGQ6u30+tHdvithGPPeriAmhsiJiGev6C+zL6ulkeUp5asmuuO6H4aS0W4jHed/qPqPzWeJiH5iJecEqWUIP/o2B7vZFzzBoRng/WjbfEdUFP7Pk4zHGAeh54Qf/SlpW3EFj8KsCl1hP3ivaK1/BChq5RjqJur/Fuv47uY9br3y1V45Gn/8d1e9i33Ox6heVv2VftZvhe8pwT5rVy3UHiLvM9pTy1JJNVGLVDb5WECgDoPPjHrkts1Vedlq38kQtG0hSeP1dSFfH987YRyfx6kExyvWCj1LsWsLOfdW4Iw5i+/dID6VPraLM/QirI+pPlo6miVhsvZ2AKJ797Kp0UfzEalavjvj3RDEuythzEMgazigqeTdyMBvPyehBTiSsYBLusj0cPLjH6v7f2+nplJORLqg66Wlnuof9uypxP7Ka1atntbM/gW56e0qteScF5op17vRbnR3HxFAw6wmKXWWseqqUYEqzho+CyndpL5uc1o6RaHuWqOnqnizGT4Zd+w+yfxdMHh+rCSGL8ZNdgeusvXl6ICWxzoc+UOZf9PkQs7zycLLHdvwge8oC99uYwbaOdbR/feta+BY2J/hrNwX+fx3era2628eyZTZ1K6bSeLwOI+dmUuLaViZGZAt80QhsgV4Bvgt1kDEiej05zkCQoxhHTia+f0ylbsXsuF7jb6n1QJozNKAgBHoFJKSD7CmDUcPjSF8n9/HO7h+dzttp2VLAJHclu/aXWo0qCVOp6rzM9uzfRaX7EVavjv1A3P1NX1zd6uLS1VFdp2/UgyLFdQ0AntK1bKp080iMA9bRNJGghAoAePbvotI1mTblVtZ07nZD2Z6DQAEfLXZR9tvgA4OH0rWb2v+WetIrYJK7jFWrysIPwgkti+l3u6nctJbSUJntofSpBTwV/iGiQA9EOlutpWCSG8o2sanSxchQD8rAubPquVArMhzkuQULeO4g/Ux8x7H3ZTF9XjGuyk0sCWZCwUetoEBkphx8jgULrHzLmn437spN/DE0ueP9sip5u9gfmOwp/W2Mb/D2wJ4E0rU2Ih2e0qdYEBHc6Euyxk+GTavYRIwyOWIeV9mmDue5aG3Oh0CZ7747obs2Xvz50La8Clbs7u6xHY+stB/kuSXx30s7ug77zrVQTPrDH8de8/uI9/gjH9KtQf/CPQ2+RUbJDjJmhpd35GRintnecbAggn3sM4GH/GLSpxZhBMYMaNm8HV9aEQPuLQ5v6wMuzOMvhB74bUOC0wLp7mhDW17A2+jCEVxf0TMMiHh1IHGEWyvje17p5D4eKC9+G3HuHXxuAQti3eS7WbYUTHJTuWlTwjWqxFNmRwbmPKVPRbz6czF6oG7V7XQF6zp/DG/bU8pTC56i1NNX6kHAwT+yqTIcUHKOdEHZntA+HfxjRNl88DmWbILiJ2I0gnU0TSRCAr0CcJBXNlXiKp4bsxvp2KJp8MPfUnp7CW53CQurvsKSBVaXu2nFxbgqd4UHOoGoLpJtui3G6lrZ3rKhyb30CkBE2jqaKzLdrdM8tmgalEHR2MB+RXUr7w0mJpVsWrKA6E6TLoqXluAeW8zS4hUsjZjuKl5KiduJaYJ7bjG7li4hkP1MW7iU4t8tZdPuCorHBoq8sUVMo4zXXZMDgwdZPzsD586qBeG7y7SFP2LW2Pa7j10e7XT3jTw/ifj/Zuxlos6XDo9j75zNra8vAJxuShZW8ZUfruKpkUspcWfhLllI1VdWEc6maSz80SzGmiYmYyleWsyKpQtYEJq8kB+5nYR7GkZsY2wxC6d9hR8GjoOreCHFrh9SFbxeIsoHZ+FkXJtWsaDM2l5kN8jgeq3/tOpSbZqYZjBd4XMTVzFLS6yBj8JJi7Us1jlb+UOWLNhlXQeX/eG2VXqchUx2AZMDgzOGT8bw8WgzT3urjj5ubcvk8Hxtyygn7pKlsGIpC4IZPm0hPyoe23tdG+MqQ7t6PrRdr9NdwlJWsDS84yz8UXHgOojjftWm62xkmTGW4oXT+MqqBaHP4xYvXci0pT9k1/5q3O7O1t/BdWg6O9z3XnsFwGl12Y9khkbdB2vgvevIDL7jTx3erb/HN+Pj2McWw97W07HGAYi7+38d3jNO0kp2kAbWawahMQS+Q/0KyChZRGbJolDagq8WNOy4mUEzwtN8/1iJd+wiHFd+C4g1DkHwE4fBZSrxHq/D0cUxAHr0FQCAsshy3eIqXsqP3FmhbUWeZ5HpCP7V8X3cGbh/tD73xmKaUDjZxaZVCyibtpAfzSrouGxpXS4FBeoXFPViGQR0tcx2uudSvGtpqO7MtIUsLf4dSzftpqJ4bGi0idjHPXpbre+VBR3mScdlSVYX0hX73hmo64Qy0dq222liOhOxHtR+/XdsqOy3jknweE5buJBpZb8D06Rit/Vbm3VMW8hC2p/2I/UIkAjG2bNnEyUCICIifYqHshXrYG5vBCwkeQgr9wAAIABJREFU2dl//rHeTkK/5/viH3o7CQnoIJsW7qXoh8VqZRWRhPPkk092Ok8C9QAQEZE+xVPOLibzeWerFjIR6RdUR4zh4B5ev6mIe3utF6WIyMVJqDEARESkbzi46REe+fYuJn9+Wu99klFE5LLx8PrTj/DIalhQrLZ/Eem7DI/HowCmiIiI9Ckpay/9Z/CSXcu83/d2EkREpAu++93vdjqPegCIiIiIiIiIJAGNASAiIiIibaiOKCLS/ygAICIiIiJtqI4oItL/KAAgIiIiIm2ojigi0v9oDAARERERERGRJKAeACIiIiLShuqIIiL9jwIAIiIiItKG6ogiIv2PXgEQERERERERSQLqASAiIiIibaiOKCLS/xjn/utmle4iIiLSt/iaezsF/Z89tbdTICIiXbD0+A2dzuPAMC5DUkRERESkT1EdUUSk33HgbertNIiIiIhIolEdUUSk39EggCIiIiIiIiJJQAEAERERERERkSSgAICIiIiIiIhIElAAQERERERERCQJKAAgIiIiIiIikgQUABARERERERFJAgoAiIiIiIiIiCQBBQBEREREREREkoACACIiIiIiIiJJQAEAERERERERkSSgAICIiIiIiIhIElAAQERERERERCQJKAAgIiIiIiIikgQUABARERERERFJAgoAiIiIiIiIiCQBBQBEREREREREkoACACIiIiIiIiJJQAEAERERERERkSTgMM3eToKIiIiIiIiIXGoOPf+LiIiIiIiI9H8OU10ARERERERERPo99QAQERERERERSQIaA0BEREREREQkCagHgIiIiIiIiEgS0BgAIiIiIiIiIklAPQBEREREREREkoDGABARERERERFJAgoAiIiIiIiIiCQBjQEgIiIiIiIikgQ0BoCIiIiIiIhIEnD4FQEQERERERER6fccfr0CICIiIiIiItLvaRBAERERERERkSSgMQBEREREREREkoDDr0EARERERERERPo9DQIoIiIiIiIikgT0CoCIiIiIiIhIEtBXAERERERERESSgMMxeFhvp0FERERERERELsb5zmcxTFNdAERERERERET6spKSkk7nsV2GdIiIiIiIiIhIL1MAQERERERERCQJKAAgIiIiIiIikgQUABARERERERFJAgoAiIiIiIiIiCQBBQBEREREREREkoACACIiIiIiIiJJQAEAERERERERkSSgAICIiIiIiIhIElAAQERERERERCQJKAAgIiIiIiIikgQUABARERERERFJAgoAiIiIiIiIiCQBBQBEREREREREkoDjUqy0traWc+fO4fV6L8XqRURERERERPoch8PB4MGDGTJkSO9sv6dXWFtby/nz58nMzMThuCTxBREREREREZE+x+v1cv78eYBeCQL0+BP6uXPnGDJkiB7+RURERERERCKkpqZis9mora3tHwEAr9eL3W7HNM2eXrWIiIiIiIhIn2a323vtdXkNAigiIiIiIiKSBBQAEBEREREREUkCl+RFfXX/FxEREREREUks6gEgIiIiIiIikgTUA0BEREREREQkCagHgIiIiIiIiEgSUABAREREREREJAnoFQARERERERGRJKAeACIiIiIiIiJJICF7ABx87iv88PUYExyZjCyYzEc/81Em5WZc1Dba56FsxVI2UczSEjdZFz1fbwukc+RCfjSroLcTIyIiIiIiIr3kkgQAekY6rslFjIxIYcOpcsoPvsq67+zi7//2DeZdP7j3kiciIiIiIiLShyRwACCXyR+bhbt103r9fp77zo95fe3/UPCtkrbTRURERERERKSNhHwFwAz8r2matFlVeiHF/3YLe5/exu+2HmHaZ1yBCfVU7foNv/nD21TWNOAFHJkjuf5j93OvexShFwbqqyjb/Cx/+Pu71HljzRPcZgv1Fa+wadMfKD/txZE+jOs/MTfmfJ59v2LtL17naAOkD7ueT8y9F/eo6FcU6qt28Zvf/I69h+rw4iBzbBGf/PSnmRw1Xzz74KFsxRNsHvV5vuL4Az/edhoyb2Tu4w9wfQac2/9r1j37OofqvDiGFXH///lEIJ2mBmcUERERERFJYgncA6ADLje3O7fx4qFKPLjIAk798WmWv1jDyBs/zf1FTtLr3uX1P/+BvZufpiF9Kf9n0mDAQ9mPl7O5Ziy3fPrzFDqhZu+r/Gbzcqq8j/OtW3PD23j3dzz941yKPn0/X3Z6KX9xE9s2Pw2D/y9zr0+Jmu/HPxtM4Sfv58uZDex99TdsXn6Qd7+ylOICa776g5v47o9ep2HkjXz680U4vYfY9oc/8+zyciq/8jjFBdajfXz7ELDrWX6cO5niL3+Mlpp0XBlwbs+PWfqLchh5C/ffXwiHtvHij9aReelzRERERERERBJc3wwAkIkzFyg/RQ2QRSV/f72OzGn/h68WF2A9do9nfFEu6/7jZ+w9dAomDQZPObuOwo1fXshnxgdWNb6Q9IZvsfnvB/HcmhsezM/r5GOP/wcfDcQExhekU/cfP2Pv3w8y9/rx4aR4nXzs8W+F55tUQO53vsuLv9vF7SVusqjkDz97nbq8T7Ok5NbA+sczfnIRv/vOcl7d9Ca3futWcuPdh9B2C7n/K8VMCnUgqOTXm8sh714eDw5KOH48E8b+kif++2hPHnwRERERERHpgxLzFQAz/H9iryqdzKEQek2APG5f8n1uDy4TnM1xJWNHwt76eppNk5TMTJwO2PvicxRmfowJowaTQjpFX1pBUWjZwNIjpzFxWMT2g+s6VUO1aZIVnG/s7dwYOR/DmDhtJC8+v4vy2mlMq9nDmw0w8fabcEamjZHccvtYXt3wZ/5+8hZuz41zH4JT8grJS4/Y7qmDvN0AE26/MWo76YW3c7vzTV409QqAiIiIiIhIMuujPQDOcfrdWL+3UO85xbunT3P6YDl/f/ttDp0GqOMckJVyPZ+4fwJHn32DX/zgDXCk43RN4Pbbb2diYS5Rb+07UmJtoK1hTlp/iyBrZB7wFqdqgJYWGnAyKrft+gY7hwGH8JwDQm8fdLIP7aXjnIcanExrs51MnMPi2xURERERERHpv/poAKCGU6eBvFE4A7949v6M1c++TY01ch7OwbnkTbyRCW9t462IJbOKvsSSonNUlb/Nm39+nb2H3mTzf7/Jb/Lu5Ztfndb+A3aXpTM4HWiJf4l496FrUnCkd3thERERERER6ScS8hWA0Hpo5xWAyr282QDDivKt7u7n3mTDL96mYeIc/vO+IpyhRvBTvPrWNt7CjO5WTyYjr72JT117E5+ihVPbVrPs+RfZduQmPuUKf4Ugepm2v5sANeeoN00in7Fr3j0KDGNopolZn0I6NVSdasYcFt06f67mNDCSXKeJWRv/PsRMX6YTZ8zteDh1FLi25/JFRERERERE+h5bbyegyxrK2fzzbTQ4ruXOiYF+86crOQRMuDHywRl4903erAn/2VL+PN9+bDHPV0auMIXBma078XfBP7dFbYOGQ7z66rswtoix6YBrIjemw1uvvkFN1ILvsu3VQ5B5LWOd8e9Du3ILmZjZdjsNh7axLZ7lRUREREREpF9L4FcATvPmy5t5NyKFDaff5u1DdXjJ5KYFn6co+Nw+bCzXOt7gzZ//gPR77+LazAZq3trGS3vfpSVi+ZSxE7jWsY1tq3/AuTtv4caRmdS9+wbbXn4bR97nuMXVjWRm1vDq937Au5/6CBNT3mXby9v4Z0Men7vvxsDYAC7u/OJN7F39PN/7wbt86iMTrc8AvryNf9ZkctOC2xnZhX1o30hu//xNvBmxnfS6N3jpxbep68ZuiYiIiIiISP+SkK8AWEs3cPTNN4j8gJ0jbSh5Ez/OR+66nUJnxHYyJzJnUT3/u/4lXt/wE7Y50hiadyOf/dpDON/4NqveOERV800MTcnnc489zND1z7P95Q28FXjXPv+mB3nsU4UMDXwFINjF3ox6BaD174G/J8xmUf5f+Mn/buDNRkjLm8i/PngfRUPDry+k5X+Ox76Wx/PPv8Tz69/Ei4PM/Jv41wfvpCg3zdqPuPehvfQFt3Ml/7ve2g5pw5hwz78y8S//jz+hrwCIiIiIiIgkM8Ps4afCI0eOMHjwRXSpFxEREREREenHzp07x5gxY3p0nSUlJZ3O0/fGABARERERERGRLlMAQERERERERCQJKAAgIiIiIiIikgQSchBAEREREREREelZ6gEgIiIiIiIikgQUABARERERERFJAgoAiIiIiIiIiCQBBQBEREREREREkoACACIiIiIiIiJJQAEAERERERERkSSgAICIiIiIiIhIElAAQERERERERCQJOHp6hWlpadTV1fX0akVERERERET6hbS0tF7Zbo8HABobGxkxfHhPr1ZERERERESkXzhx8mSvbFevAIiIiIiIiIgkAQUARERERERERJKAAgAiIiIiIiIiSUABABEREREREZEkoACAiIiIiIiISBJQAEBEREREREQkCSgAICIiIiIiIpIEFAAQERERERERSQIKAIiIiIiIiIgkAQUARERERERERJKAAgAiIiIiIiIiSUABABEREREREZEkoACAiIiIiIiISBJQAEBEREREREQkCSgAICIiIiIiIpIEFAAQERERERERSQKO3k5AzznALx96mu2RP425j+994xayu7CW6m3f55sbjjDmvu/y2C2dLRnc5s2U/OR+rul85Sx7fANHupGuy6eL+yQiIiIiIiJ9Qv8IABx4lgef3t729yMb+OZDVV16kM2+5Rv89JYeTZ2IiIiIiIhIr+sHAYBqtj0fePi/+av89P5rwr9//3GePbKdFc/eEPg9Rut2IHgQbPGP1QMg+JtlDPd/9xvE7BwQbOHvaJ5Ote3JcPNXf8IDgd068OxDrNge+Vtg/mCvgoheBveP3sCzgRW17tEQ1z6F9odWx1ZERERERET6mr4/BkD1Pt44gtXdP+oBNZtbvvFVbgbYvpsD3V191IMywBGeffz7bKtuPecBfhl4WL75q919+K9m2/dbvcYAbH/62a6n/0j44d/682ehNMe3T9tZEXz4txLBL7t7EEVERERERKTXJVwPgJY1t3Vp/pSPfNF6SB09PMY79dfw4Zth+/bjnKyGa7r8UH6AlzccIbKFPPjw/Ma+am4JvSpwnN98fztWHOK7odb6rsvmlm/8hPAbCMFeDN1JfzDNwXUc4bgHyI53n8K9DILTjwcS0dU8EhERkcSSMv+13k6CiIj0goQLACSU6pMcBxgzlesCD9/RYwR4Av89wpFAU/no4T0ztF+wq3+3hdKczXVTxxBKYNz7dDMfDgQysoePBiJ7DIiIiIiIiEhfk7ABgLgj09XbGAMcOX6Saq4hO9Bq/sbU7/LYdfv4TScP0dUnj190WgEYM4YxR46w/flt3NntEf6DrfVjuP+7P+Gn9wf/7miRwAP9ZaRWAxERkb5JvfhERJJb3x8DIPs6bhqDNeL/sweAbG750n2w4XEeDL3DPprohnmrSz1Us29HB0/X2cMZjbXul4Pvvx94lgcfeogHn418If5mSr7xDT59c6t5uyo0nkGwdd7D8XaSd9zaAar37eha23zc+yQiIiIiIiL9ScL2AIhfNrd86maefXo7bH+aB2O0+I+5b2bgM4BZjB4DHDnCs48/xLOdrvsa7rxvDNs3HGH70w9FDM43hvtnWl8ViJp75n2M2b6h814ARzbwzYc2tE4k3/tSB9MDskaNAY5wZMPjPBh7lh7dJxEREREREekf+n4PAIBr7uenPwmM+N8hq3fAmNDfN1Py1Y6Xyr7lG3zvvjFRv7U7yn/2LfzbfWO63wsguHx4Q/z0qzcD1gB91ixf4v6oWeLZ79ab6cI+iYiIiIiISL9gmKZp9uQKjxw5wojhw7u9fPDdtJ57z/wAv3zoaQiMaC8iIiKSrHq+niUiIt1x4uRJxowZ0/mMXVBSUtLpPP3gFYDOXMMDP/lJbydCREREREREpFclQQCgY6ZpUl9fT319PX7TZMCAVGw2e28nKya/309TUxOGYTAwI4OMjAwMw+jtZPUo5UdiUX4kFuVHYlF+JBblh4iISOeSOgBgmia1585hmn6G5ebgcKRgvRFh0rMvRlw8q15gYBjg9Xo5e/Z93q+tZcjgwdhs/WMoB+VHYlF+JBblR2JRfiQW5YeIiEh8kjoA0NDQgGn6yMnJwTRNvF4vPTwkQo8zDAObzUZ2dhbV1R4aGhoYOHBgbyerRyg/EovyI7EoPxKL8iOxKD9ERETik9QBgAsXLpAzLBvTNPH5/Pj9iV1ZsJiYplVpuOKKIVSf8fSbCoPyI7EoPxKL8iOxKD8Si/JDREQkPkkdAPD5/aSkpNDS4sXn8yd8a0GQaVrvCTocDvx9JM3xUH4kFuVHYlF+JBblR2JRfoiIiMQnqV82s9vt+P1WRaGvVBaAUHpN08RuT8wBjrpD+ZFYlB+JRfmRWJQfiUX5ISIiEp+k7gEQHHG3r1UYgD6X3ngoPxKL8iOxKD8Si/IjsSg/RERE4pPUPQBEREREREREkkVS9wCA6O53F8vn83LhXC1nTlRx8G+7eeuNrZx+712avT4cqWmMyBvLDdM/woenz2CI09kj6e5vejI/Lqe+mOZ4XIr8CHbTjWQYRuhfT1B+dE7l1cVTeZVYVF6JiIh0LukDABD8TnD3br6maeJraeZE5UH+WvYn9v/tLU6fqaap/jz4/dhsBg4bmC0NHC3/K5UH9vGPvX/hY8X3c3XBtTgc3cuC4PeN+5+u50dTUxPNzc2kpaWRkpLSZrrf76ehoQHgko2wrPzoZC2mCaYPms7gqHmNFM8fcVz4O4avCd/AcbRccQst2R/Dn+ECW+pFV6yVH+0srfKqh6m8Siwqr0RERDqjAAAQrCt0p9Lg9/l4Z99bbNnwU469c5jaBi9e02BgWiotmDQ3+nDYDew2sNtsmPj4246tnD59ijkP/zvjxn+gy9vsqVaHRNVZfpimSVNTEy0tLZimyVtvvcX+/fuZNm0aLperzfwNDQ1s2bKFlJQUPv7xj4d+NwyD1NRUUlMvrgKX7PkR30q82M7tI7Xqp6Se+T2G91xokqPhPRw1O3B4ttI0+sv4sm7BtKd3e1PKj/apvOp5Kq8Si8orERGRjiV9AMA0L67b4PvVp/jTr/8flYcqaPLZaPIZpDjsGEB6ago+n0GD14fP58cwTFLs4LAZHCn/O5vX/oz5//EthmZldSPdJhfZyJGQOssPv9/P6eoqDh7byZmaKrxeL9Xv+Thb4+Mvf/895cfbDmvhbTE5ccqLYcAfSn8c+j0lJZVhWVeRP/rD5DivvKgRmJM1P+JbiR+jvpKUY+tIOfkS+C5gthl+pAVH9U7wQaNjKL4rJoGh/GhN5VViUXmVWFReiYiIdC7pAwBhXb/7mn4/+/5Sxv6/7sWwp3Ch2aTZBwPT7dgddky/yYBUO4YBzYaNFp+PZq+JaTdJG5DC3958g62v/IFPfm5WF7vWWmnt3xWG2DtX7TnJrn3/y/6qX9PQUg02E7t/BLYhORxrOIbZ8n6MVTmwZ4wFTPadPhD62TBsDKzO5WzdZ5j8gXvJGpqLzdadcTGTNz/i4r1AyslXSDn5J2hqxKS9irKJzfM3HJl/xDewAFKHdnODyo+YS6i8uoRUXiUWlVciIiLtSfIAgBn6F2w56Irmpkb+trOUhhY/Pq+f881+Uu02BqWnMDYvm/2HTuH3+62ZDUhNsYNp4vcDhkmqw8YfX/odt9w+E2d2dhe2bES8M9ifag0d50dzczMHjrzBUc/LGCkehg624UgBg9PA6cBcsSprJnAw5nTTPI2n6c+cOD2RKwZnd7M7ZnLmR7yMljrsp16H854OKtMBLU3Yqt/CGFmDP+WKbm1P+RGbyquepvIqsai8EhERiUeSBwAgOGCQafq7HIE/934Np997lyYfNHj92AyTQQPsjM3L4Y5pBWSkpVK2+zCYYABer4nP9OPzmRiGic+0c+zoUaqOVXaxW62Jtcb+WFloPz9qamo437iftAEnyBnmYOAgG45Ug4t5hdI0wfSepPac1T23e91qkzM/4mXzNmDUHsVsia+10qh9F1rOX8Q7vMqPWFReXQoqrxKLyisREZHOKABwES6cq6WluQkMO+kpBiNzh3LDh8YyqTCXXGcGd912HaNGXMHefVVUnXyfhoYWmr3QhA+vD7w+PzZsHK6o4AMfKupSa04ydhesr69nYEYDo9IMnFkO0tJtGDar6tRdJmD6fVyoarqoQaOSMT/iZZpgNoPZEt/DitligP/itynRVF5dXiqv+iaVVyIi0t8lfQDA6irYvUF40gYOwm9PxWGDq/NdfOpzdzNuVCZmXRV+byPpjgHcMqWQKZPGccZTx4lT73Pac47qmvPUnm/g+KlzlB+pjvmd4c7T3T8HDeooP0zTZFB6OkPSs7jC6cDR9gta3WKQQtXJlIsaOCoZ8yPuddgGYA4YDe+fiG/+lCsx7ekX+YCj/GhN5VXPU3mVWFReiYiIdC7pAwAQvvl29QY+aMhQBgzMJGVALR/9xCe58eaP0FR9mIZGDzbDBoadZhPsqQajRg0i76oR4PfR0lgPvib2v3OaR//rFVxX54fSEZ9gG1L/rDF0lB9XZj3ImDHLemAjfmipx2yoxXe+muZzu7Adfx3/oGyMwSMxUwdh2Bxgi6cVKHnzI67lHQPxZt+IceoANF/oeGbDhu+K6/GnDL2ICrXyIxaVV5eGyqvEovJKRESkY0kfAIi8Z3f1Bp46II1xEyYxNHMAk268AcM+AOxp2FIHYdocYNhCr/e1mCYtXh9+n4mv2STFMPH5/YwcPZrRY8Z0o/LQPysLHeVHsMXL7/fT0NBAbW0tDoeDIUOGcO7cOVpaWjAMg6ysLGpqavD7/WRmZjJw4ECqq6vxer0MHz4cs+k8zcf/gq1qF4a3EdtAJ+NyB2OYHnwnD+E95MGXOhhzeBFmzrUwYLCVlx2nvOcPRgK4mOsjyO8YSMvVd2HUHMde+SfwNcee0bDjzxlPS95M/AOGXFSLmvKjLZVXPU/lVWJReSUiItK5pA8AgB/T9HerWyvADdNv5W/eWhyGD8NmwzZgEPa0Ifib7VEVahMTfD7wNuFvaQK/n5o6L5+e/QBXDHV2s0ttf6w0tJ8fkRXq9957j507dzJ48GAmT57MW2+9hcfjISUlhY9+9KO8/vrr1NfXU1RUxDXXXMObb77J2bNnmf3pj9Oy/3ecK/8TWXnXYXMWYBgGxoBBGPYB2IeMItXvxet5h+b9m2kZNBJz3L+AcyzY2r9ckjE/4mUC5sCRGIXF0NyM7d090Hw+orZuQMoA/M4CvIWfw+u8Fr8ZXLJ7lB+xqbzqaSqvEovKKxERkc4oAMDFDcAzynU1TZOmU33mDJlZI7APGIQ9Y0h4htDgviam3Wvd5G12vKaDjOHXMtE9o1ufcjIvssKRyDrKj2BFyeVy4XK5Qr/ffvvtUfN98pOfjFpm5syZ0FyH72/rsZ38B9lXXw+mH8PfAoYNv+cdjPShmDYHhmFgSx1E6qjroXIXLbt/hvmhz8OwwnYr1cmaH3Gvw7DTMmwC5g1fxjHoJWxVezHOnwa/DzNjKOawQrzXfAzviA/hd6T3UJqVH62pvOp5Kq8Si8orERGRjikAENDdCLzDkYKr8Hr850/jbTgPKWnY051ggultBsMI3N1N/L5maG7EMGyYGblcXXQ9aRkZ3Yz89+/KQqz8CLam+Xw+Lly4QHV1NampqTidTjweDy0tLdjtdoYNG0Z1dTUtLS1kZmaSmppK7fs1OE/8nozK35PimoHZUofv7HGw2TFS0jH9Pmg6b1WuTRP/+1XYhlxJyvBr8R94De8/NmFOWQgDc9pL8aU/KL3ooluovI3Y3j+KcfYdzIE5+ApuB8MBGOBvwfA3YTv1dxxn38E3eBR+ZwH+QblxdGVuN8XdT2sfoPIqsai8Siwqr0RERNqX9AGA8IjB3a8wpAxIx+YYTlNLPam2FuxpmYCJv/lCuDnC9ONvtLolGimDwDmOQUNyL2IU555p6Ug0HeVHsELt9/upr6/n9OnTZGRkMHDgQM6ePUt9fT1paWlcccUV1NTU0NDQAEBGRgaN7+4m5eivcKRnQv1RjIwR2IeOxPA3QlMzYGC2nLc+52SYGKnp0HIBwz4AW2YutmOv4xv5YcyCf4k50FYy5kd8K/Bjf7+SlHdexVH1Jrbzp6yHzLQhmAMywbBhNJ+H+hqMxlqwOfCnXYF/6BhaxtxCy9UfxXSkdTPdXU9uolN5lVhUXiUWlVciIiKdUwAgorJwMS0GfnsqDT4fNq+X1LRU7GlXYLOlWq1o+PG3NGOaYDjSMQeOxD9wONbLtt2tUPvpj60GneWHaZr4GhsYcP4so4YMwt7chKO5kdzcXFpaWnA4HDgcDnJzc/F6vaSnp+Ow2xhi/pX0tCZsQ64GswnDX49ps2H6vOA3wDSsrPBbrZ9gYPqawHBgSxsE/maMipfwu26F1EEx0pWc+RHJZrO1mcd+6m0G/GMTNl8j5FyDb9QkjAvV2N7bi626AgMT07BhDhmNr+AOzAwnRmMttrOVDHj7OeyewzRefx/mwGGhdRqGgd/f8Ye3lR8dU3nVM1ReJRaVVyIiIp1L+gBAzzHw2dKoPV/NFYaNtMyh+G128DVjepsxTD82RwpN3kH4MkZg2NMIf/5H4mWaJn6fj6bjlbz/lzJSRrpIGZrF6do6GhoaSEtLIzU1ldOnT9PQ0EB2djaD7ecY0rAPR3oKZloqBjb8vlrAhoEDE5vVkhb4Z/qt5hjTBAw7YGLYHRin/4HhOYA5YlKvHoNE5DPqqPUeIcWWSbojGwMHBuAd4aI5Zz51LUepaTlIs7+WDPtYcqfOIqt0LY5Dr+K95l/wTL2XU017aPBVM8A2AmfKrQxyjMJmT8ewD8A06jHxUu9TLuC+AAAgAElEQVQ9hdfXwCD71djNgb29232YyqvLQeVVYlJ5JSIiyUwBAHqmRc1i0HjhHJXv7GVE4YcZemU+KQb4vY00vX+KmoN/o7nFR8agPGxwUX3+TDPY8tPfWg3az49Ql1rDwLTZ8TdcwNvYgM/np7m5mZaWFgB8Ph/Nzc14vV68Xi/25uOk2OqxO3zABfx+wxrIzHQAdgzThmlaDzd+DPD5MX0EGtZs4G3EAGy+ZvxnyvEPL2qb6iTMj0heGqk8//9xqmEHGfZcUmyDrZYv00ujz0Ojt5oW8wKm6cNmpDJ0wHYmzighp/BuTuYO4m81T3O2qQLTbMEwHKQYA0l3ZJPmyMbAaqlr9tfS4DvNlRm3ck3mXGxmRvupTvL8iI/Kq4un8iqxqLwSERHpTNIHAMzgiNcXUaE2Teu27TXBbjcw6o5T/soBMkYWMnREHs31dbx/bD8DWqoZOPIazrf4SXX4SLEZ2Gzdb1Xrj+8MdpQf/z979x4fVZnn+/6zqipXrmKCgFrpGLox3tqeFgRnuCT07O6exunuQeg5opHsufSG2Vv3IZ6zRY4CepDe+0WY7ZwZ2fb0PsGgnmmQ3T0jznTPtOE2Awhq0ypGbGJMEAgkhHtudVnnj7XqltQtN6qS+r5fr7yUqlXPetZ6qp71PL/nedbKy8vjypUreLs6IX8MWQu/R5bPixM/EyZMIDc3l6ysLBwOBxMmTKCnp4e8vDxyOjtwuPwYznFgdOOkBwdZmIYT03SAw4HfNMDnwIGBaYDfMO2RNSem9xoGXkyHgdFxNub3JNPKI5zTyMNpZNPpbaXT2xo3TZ/ZRVvXUd5t28DcW/47B794hE5fW9g+e+g2e+juuQA9v+3zeZcjDwc5CX+vmVweidJQfTU0VF+lF9VXIiIiiWV8ACA84j6QBrUJdPoNzvc4ON8DN3d5KJp2C/njO2k510TT6UZcOXlMnDiGmyZNpgcX/9ZyhbNeg1vHOXBPzOGGPBfOfjSsjYEvxR0BYpfHDTfcwNmzZ2m7co1JJaVMCXsc2Y29UikoKAj+f5bXicPhxTHxToybvo3/1N9jdLZi+rsB8JOFw755s990gNPAYWJNq/UbGL4rGA4/DpeBL0q+MrU8AgzDwGnkMDF7OpNz78Pjv0qnr5Uu3/m4Kfv83fT4L0c0pqMzyHXeSJ6rkCxjDBOybsNhZFnjZVHylOnlkejTqq+Gkuqr9KL6SkREJBEFAIKjBf5+N6i9QKvXSUOXk1NdLorHuyjwO3CZeRTcPI3xJfdzubsHHAb5eZPI6mnHde0cRTfewN8d6uCzptPMvHkcC6ZP5KvTxjEuJ7niCNzpeHROF4xdHg6Hg2nTpnH27NngaJnT2fcO1330wHiHC64cwyx6BL7yOMbVjzE6ToPPg4ET8/yvMTsvYDrtlrXdqDb9PjCvQjaYXgdm3oQoU30zszwCnIaPnJ4vuL0nh1LnAq45uzid28nHHW9zqacxZsp+0wTTwO+Pf95uyJlOad58pvnyyScHsxs8xim6nDdbI6G9c5zh5RGL6qvhoPoqvai+EhERSUQBACLvHJysbgw+7nHwhT+bi34HHZgUOw1ck27BvOTDl5VHl+sGOk//NQ5fEz1j55Mz7n7yJt1JftaNODnBb89d4vSFq3zUcpE/uKOQP7h9MjfmZyWRXwbUARgp4pXHuHHj8Pv9XLp0iWvXriW8uzLAVb9JgZmLy3Ma/2d/Q8vYpXS6inE5byPb5WGip55c85o13dbpwI+BicMasfF1grMbI8fA78rCN+nLMRrUmVkehmGQ7WtlbNNfknVhD4b3MvnZhUwo/B6eG/+Id85uipmu3+HHNMHniX/evnLDIkrPHyOrdRcOTxumayI9Ny7ELFpDB7E6OJlZHrGovho+qq/Si+orERGR+DI+ABBaM5j8Z7zAu14nn+IiN9tJh2lywWNyoPUajhvG87XCezA6urh6+i2mdf9Pcsdco6PzIJeufY32/G9hji/n3902iWuXCnn38zYa2i7z+vtdeHx+Ft89lQm58YtlNLcTEpWHw+Fg4sSJjBkzhq6uLnw+X8KGUxb5+C+7ofM8xpWPcLaf52LXl/CRz8Sca0zIOYnBFXA4MEwDw2lYN9fye/A7OiEXTJcDf44b38QZMfI8OiXz+8jytOE6XYfp67DuUN51nqyOnbjdv+Bfu/5rzM957dE6T5cvbh5uyf06ruYXwHsJPw7gMq7Of8Z1y3/CNMbHyPPolG711ffvmsINefGDAJlcHqqvri/VVyIiIollfAAAIm8clIzPDBe/drgoyMviYrfJWdOHL8vgks9g+6lrfHzOz/3mWW67UMvE8QaGzyQ36yxjjX/hatf7XLj6Fl/L+S5fmreQ1V3dfH7uIueuXOPnH3zB5LHZfGN6ATkuR5L5Hn2SKY+srCyyshKPPlom0uFYiPPacbId15ic1cI4Zyt+nGQZkI2BYTgAB9ajzkychg+/w4Mj28RwGpguB9emluHPGhfzxGdsefj8+K94gPDyuEaOYyLeOI1lj+EDk7jbAOQY4zEvd2BGpN8Dfj84Y6/1zdjy6GU466sJuS6+c/tk1Veqr9KG6isREZH4FADo52O1LhtO9vmduPKy6MLgpN/LFcNPlgOMHIMesrnY1oLn8lvclPUx/lv+L8zu0zjP7yDHPE12zjnG59Zx/uo7TBj7l5Tdfi+vXOnEd62H5raL/OzoF9w8Ppd7poy1Hv0Ug7UOcTS2GIbyMWeW7u5u2nu+gun9NpO69jB1zCXGuHqwxkYN68/0BU+nYS31xOEE02FgOky6xt9D5+QFmFYLrs8+Mrk8TJ8Ts3MMmN7Qa85cPL4uejpjT3n22lNq420D4PF24++egOHrCr1oZGH6HZiO6PnK5PIIN9z11c+PnuS2Sfmqr1RfpQnVVyIiIokkHrbJEMm03UzgBA4uZbvIczk54/PTYnq54vBzxWFy1ekny3uFSa3HcF/+R/J9XhyN/4Qj7x68t/0/eCdUQFcB2d0+Jo/pYUxeDn6XC3Jc1qOdPF7eO3GO3fXnuNoTf5RhtBvK0ZDf/vZT3vv1h4yd8cdcm/ZnfH65gC5fNlZjGrCfv2zYfxgmhsPEcFqNal/eNK5M/WN8OVOtWzZnoHjl4XHdiGfi7+LvyMHfkY2/I5eem7/HR1/8HE+XP/Zftx/Tb8bfpstP/dlf4ZnyB2Hp5+C5cQEex7iMXTebLvXVB41tqq9QfZVuVF+JiIjEluEzAEJ3CzZNM+ENmroMB58bBo4sJx7DpA0/VxxWs8xlmDj9Xiae+pyprfuYMv483hnPYnSfxnHsv+Oa+BX8U7+Fb+zXoeXHXPa7+ejaXbzZ2AImmH4Tw+/H4+mh/vRFWq9MYUxW9PiMw+EgNMVxNDUo+lceyWo5c4b333+fk198wbe/9U2yJj3E6cs7KRp3FqcR1nGxZtNaj2UCTCMLj2sqlyb9EV15d2AN0vTNUyaXh2EYdGXfiPOrP8SVeytcPk3PDW46p3+D9z58Ou56WV+WH9NPwjW1v25+i9tmPEU+Y8i6eApz4q34ZiyiyzEW0993RC2TyyNc93Wor7wen+or1VdpQvWViIhIMjI8ABCQ3PTNCz64YBjkGA66TJMLfj/XMHE4wGlC/vlzTPjsXb7i/Q35rvHQdBDj5tn4S/4DXHgfR+NPcebk0t2dTVP27/Payctc7uzB9Hrw93jwe72YPoMv2q5w4Wo3X5qUFz23QzjdND0N7fEZhoOOjmuc/uILdu7cydzfe4COrG8z1vE+Ex1fYHq78PkJPqLJ6QRH1gS68u7k6rh5dOXNACP2+t1MLg/TNOnxgW/CDHLm3cWFq59x/OQvqX//KS5cbYo7FOfNtRrr3u74HafTrR/zevd6St2L+Mrv/IAJeW66uz34fNEb4plcHuEu+VVfXR+qr9KL6isREZF4FAAgdM1PdBH2+k16vH66fT56DIOrPpNO08QBuLq6GPfpx0xvOUTx5PO4vrQEspz4P9+HIysX86a78Be4MU/9nNPdU9jHrRw+fRmzoxPflWuY3d3gMzH8Bk4TjDiNGGtW5+htMCRbHsmaOHEiHo+Hnp4ePF4P773/G7761XvIyZlOQXYLDs8lur0GPT4HPT3d+LqukZdbTO4NX8eRNTYyU1GoPMDr9eLwQOPpf+NI/St0dl9MmG7gcVpeT6KRUz8tbce5crWNvOxJ5N08Fa/XG3NrlYfF5/fTY6q+Gm6qr9KL6isREZH4Mj4AYJqhCHyiBtyNho8Z3h6OXnPQlu2iw+unx29aKzPbLzKp8UPu9Tdw49WzOD76FUz/Xcyihfi72zHbTuDoaedKVzYfdt7Nry77uHTxMr4rnZidXeA1cThcFIzJY95XJjN1fG6cUQwj7E7HQ31GUqs/5ZGsW269lRsLCvi8sZH8MWNobm5mwoQJ5OXfQaf/y1y8dJFLly5Zje7uHLq7shg/3keJeYEpU3NxOp0J8qzyADD9BrlZN+Ay8jD9iRvU1o2vos5SjsrlGEOOayKmP37jXuVhmYg57PXVpPxc1Veqr9KG6isREZHEMj4AEIi8J9N4yzXgaw4f4z2dvO9x0uExcfj9XDIM/D1eTJ+J15GD6TdwNL2P2XICY+pX8JfMhkl34v3sFzS2ZfOv3QWcuObB2+Eny28wMT+fiRNc3Dw+l5lFNzD7tgImjc2OnWMzkOehOQPpJfnySNbEiROZPXsOLWfOcPXqVTw9PZw/f57zbW38tr2dz5uauNDejsfjwe/3k52dxU2Tb2LMmDEUFBYm0aBWeQD4fD5umnQXU268g6tdrfj9sUe9+svpyGZawT3cOP4rMafSBqg8LDnXob762q0T+b3phaqvVF+lCdVXIiIiiSgAAPSn0TDWgLvwcYvpY64TPvebfOGDy7l5XJzyZf7+o5O0efP5vbGncHtbMBrfxTzzW8zCm7nsyOHXl+7iytjJzL61kHynkwnZTibnZTNtQg435mdx49hscrOc1v2dYk6pNUb5DYOGtlHtcDi4++578Hq87N5Tx9UrVyksLOTixYu8//57dHd34/P58fm8+P1+rl2zhngcTgdOpzNhPlQeFq/Xy5jsqdw3YzkdXRc41fprzLjnJLnz5TCc3Dr56/zOV5aRnz0Zjyd+Q13lETLc9dWkMdnkZau+AtVX6UP1lYiISDwKAAzgOc4OYJIBk5zgdkCPaeLNzuHa7N/hs4n5vPebX3PoVCNzJ51jwdiTTPacwTzbwGeuu7g0djrf/WoJN9xwA04HuAwDl8Mgy2mEnqNtJmiG2Hc6Hp2G/rnaADk5OXz9vvu45dZbOHeuleIvfYnLVy7T0tJCQ0MDPp8X0zQxDIPJk2/iq/feS8n0L+NwGAnzofII8Xi83DjuTv7drLUc/e3f8UXr+7icuYwfM5WxeZPJzR6Hafq5cOUkF6804/N5yckay/Rbypk49hYMw6Cz5zJXO85y+VoLXn83X5pyP/fctoT87Jvp6fEkzrHKI4Lqq+Gk+iq9qL4SERFJRAGAoIFdgLMMyDIMcMD4CeO4aebXuat0Bh8eq+cXh97lrbM38QdTz/OlMR3svVxM4W1f4ktTbrQf/SOxDX2DKCsri5tvvoVp027GMAwmTJzIQ0uWcu7cOc6fb8Xn8zN27FimTp3KuHHj7am0mfkc7b6SKw/TNPF6TPKctzLvnv8THN04HC6cRg49PV5M0zqjuXnZNJ89Ql7OBL479y/50pQH6O7qAawRsewcJ15/N36/B9OXi9djJnHzrUyi+iq9qL5KL6qvREREYsn4AED4TYOG4jnOhmEwftw4fnf2LO65s5T3fv0bfvmbY2R3mcz4cgl33v4VgEHtyzDCnxs8ugx1ecTej3XucnNzcbvduN3uqNskc45VHn35/X68XjAMJ9a56Yx4v6vLQ+G4r+Ht9nHT+Jlcungt4v3OTuwRZhemmXgULZzKI3mqrwZH9VV6UX0lIiKSWMYHACDUaBhq48aNY8G83+PrX/sqpmkyZsyYhDdoSsZof27wcJXHcFF5xPts7M91d3cP+LOJPqfy6D/VVwOj+iq9qL4SERGJL6MDANYaysBzeIevETd27NiIfQ6etf42uAZ3lLhe5TH0VB7pReUxGKqvkqPfR3pReYiIiCQnoxd2+nx+XC4HTqcDh2PkXHwNw8DhMHC5HMM67fR6U3mkF5VHelF5pBeVR3pReYiIiCQno2cAOB3WTZNycrLweKwb/vj9ftJ14MAwrEdEZWW5yMnJAgycztFThCqP9KLySC8qj/Si8kgvKg8REZHkZPTVZuzYsVy+fI3x4/MxTROXy4PX60vbqYOGYeB0OsjNzSY/P4crVzrJzclNdbaGjMojvag80ovKI72oPNKLykNERCQ5GR0AyM3Npbunh8uXOxk3Lpe8vJywBkO6NRqsNYIul3VTritXugAneXl5qc3WEFJ5pBeVR3pReaQXlUd6UXmIiIgkJ6MDAIZhMG7sWHp6erhw4Rp+vy/t1w76/X6cDid5efnk5eWNqudzqzzSi8ojvag80ovKI72oPERERJKT0QEAAKfTiror8p4eVB7pReWRXlQe6UXlkV5UHiIiIokp3CwiIiIiIiKSARQAEBEREREREckAoyAA0MKOpfnk5eeTt3QHLUOW7mE2DXma1yPt9PfOpnzy8peyI10PvmUHS/Pzydt0OMbbS8nLzyfG2+nt8CbrtxL1bxPvpOq7meCcj172+R6WYx94WY7o7/hwCf/tRJyYsDLM38Q7/UxW5zrsGt7ruhA4N3n5+Szt1wUjPM2+f0t3tKTsvKf99U9EREa9kR8AaNnPjl32/+/awX5dVCXNtOxYmj6N+1lP0tnRQWdHB3ueA1hE7Wcd9mtPcn+q8zcsDrMpXYNth/fxTOD/n93X786jpMjhptD3KbwMZZB20dQc+P8W9gcv7v01hSXb7Xrts1d4EOC5PcG6b/uSKUOS23STVtcaERFJWyM+ANCyfwdvAs8/9xywix1DFgGYxZMdHXRuX8LobCrIQE1Zsp3Ojg6enJV425YdSyl+bKCN2FQYbd/7w2zKX5C2HbR39j0LLOL55xYBz7JfjfeRISzY3NJ0GFjEg4tSmqNR45l9gR9BM0274MFFw3Ni+1OPjwQj71ojIiKpMsIDAIERgueY++Q8ngfe3LG/10hf+PTMvlM0rel4ob9Q9Lz39NnIKYWbNm2KmJYYnE64w57KPNhp1C1h6fSZphjjmOzPhE+V7DPNMWIKeLpOQ+w1fTPmdNvUHHufdHuVVbDcD28KNsieWTBSprdHfu+jfq/zN/FO+LmM+J4PoOwidr8pcj9hb0X8Vnv/tqKWbQs7ltqd/12PURx8PYl8XBeH2f8ssGgJjzyyhAcJ7/yE5XPpJjZFnSKd6P3wpCLrKxjsVOR45dx7+nV4efQqu95LP+LWe+nhweee48FgsNm+Bi2aRbAfqXM9QM/x/HOEZsLYMytmzQqc2Vb7WMN+r4NYOhRRjwfLbEdY3bCUHYd3xKyP4l1PwpcuxFq+sOPxGO/HLZcY34URea0REZFUGdkBgMD0/+fmcT+zmPscfZYBvLNpAc/wHHuCUwGfZUHYRXPBs/D8ng46Oz6jdhE8syB6Z6Blx+NU7AptW3T42ahZeqapiO0dHTS+sgh2PcarA7kOt+xg6W2P8aY9ZbHxlUU8s6BXp2bRKzT2PqYpc1myCN587FX7GAKN01d4ZJZ1vHkLnuXBVz6zp4DvouK2VHV+Ymlhx9LbqNgVVmbPLrAbSOl47C3sePwx3gzkac9zsOsxHt/RArOetL4H2N+bETzUFPG95lkWbCqiMex7/niwfGKVXYLfYsCuWVRFef+dTfkseDawXGEPz+96jOKw33H0sp3Cku17eB5g0Ss0dmxnyZQk83E92B2cB5fMZYr9/Y26DGDXYYr+KlBHRfneJnofYNYj1C4KD5CGgg9z+z3VI1E5h73XsYfn2UXF4ztoYQpzl0TWi9YMrkXUPjIrQb2XRoqKmAW82dRMcJR6yTyKAu/rXA9YUdEi4DDNLYGZFc8xd17g3UKWPPkc4TNlgjMA5w1N3frmDngkUI+zi4oFTVZ9tMfa74KEdQ7QsoPHH9sV9h68+djjvc7tLlgS5f2E1/4Y34VRdK0REZHhN6IDAL0v/vfPi7UM4FkW5OezqXkJ2zv6XhytiHmzvWYw2jrosJkGswCm2A2RvgJ5mVJk/fdwU/9bVL2Pa8rcJWEjTvbaxu1FvJqfT95tj/Fm8JN2oy/QQLIDJA8umcsUQtONl9itUOt8pdm044igDqGO/Y79tKTzsQdGmN1Pjso1pg8WuYHQ9zpwXgP/BhKUXUD832Los1Yny1pr3bsDZQf77M7ywMo2QT6ug8h89/r+hgsed4xtEr1P2HuBAGl48KG/GU9Qzvc/2UFnxyM0L80nr9fyC6suC8x0CATprPzHr/fSydzQ9y8wSm3/Piw61wPlDubjsJ3folBgBWCWNdMv4piC1+UhMKvIKiN3kX3fAPu8B/5tS6bOefOx28hbuoOiJzvotIOPIaHPWkEP694HccslqfpVREQksREcAIhy8bcv0uEXxPsfeSV44X5mQa/pdvZIDQDPLogzbd8a5enTGBlmgfwGOrrWiFNgCuACDr/yWegGR7YpS54MNpACIz5LIoaddlFxm53uAmsWw0CCFMMuUB75t1GxC9jVRFNaHnt4MCiU/mibgTmrqB9dl6hll+C3mIxdj1FsT321is8aKbTfTLpsB52PIdF3VDgQTIlcBhApUWAx3vvhnYneHZgBiVHO1nT326iYtccelQ7PxBKqAp3nXkG6gOj1XnoJjFRXb3qWaB1QnesBsgN/b+7YFDW/EcG/3h3iIfBgRCAnkRh1TuC8Q1id1b/ZZnHLJcZ3QUREJFkjNwAQvPu/NZIXfrGMWAYwxR7hC05fDp+OF+VOwcHpzOHcWEH663uhtZYbhP09OStsFGBPjFHmQANpE4+HjfiEhN/1PY3viBx2x+bgHerT9dj73Fk/9lKSjBCt7CDBbzEJgWUWwb/wUbV+lO1g8zEUAneODwtqBDoR8Z4GYE2Ljh2Qift+cMTwcaoHPCU9TNRyDgQ2XqExxqyKwGhp9ePRgnQx6r00E+jgvxkrMKxzPUCBpXy7eJPo3+PIYxq66f/9F7vOsWZmBJZlAP1cZhS3XGLVryIiIkkasQGAwFS5wDq7zogGfegGTeE3DZqyZLvdQZuFe0qvmwBNWcJ2u/fWt9HRe2ptCzs2Rb8HwFCInLoZ4znR9mOo3nk1fBq8JbAU4s1d8PyTobu5914ikZbPI+69FjraTZ7S6tgjb5p3/5PWvSQCnYKIKfKjXdyyi/9bjK/3/T16nfO4ZWsH74IGk4+hY40K923oW3npNYU/uI47xpTnRO8HBaamW52rAU1Jh+R+o3awtGXHpr5PYLCncb+5axc892QwiJNUvZcuAktUiHUeda4Hqij4g43xPQ4/pqGc/t8PceuciJtAzuJJe3AhmdkFccslwXcho641IiIyKK5UZ2BgAg3dviMawZGZHftpWbKEJds/g6W3sSA/0GFfRO1ndsR8yXYaWUrxgvxgw+nBVz6L+ligKUv+itodu6hYkM8zLKL2ledg1yCDALseozj/sYiXHnzlM7YvWYKV7QXkPds7X0v4q1d28OZj9mcXPcfzi57lmcNNtDDLamQG1kn2bhzNepLOPZC34Dby7N0+v6f32sTrxZo+WRH+0qJXaNwepcyCI1yzru+xPxs6/wHP7+ngkYhXZvFkxx7IXxBWls+xp2NJZH4W5Fs3Lxw1j9eLZkqcsiP+bzGB+5/sYA/5LAh+Z55jT+Bcxi1buyNmf2ee39PBk4PIx9CwR26jdF4Co5vP7DscqocWvULRvnzyFsTIa6L3wwTrxySnpD8TVjdanmNPx5Nxy/nJPc/xzIJn7fee4/nndvHMs1Yn1dpjYKZOr9HbKfHqvXQTOIbAeYy95ELnun+C5y3m1P7QMQ3l9P9+iVfnTOn7Hs/toTOZC23ccolfv2bWtUZERAbDME3THMoEGxsbmTpl4Jcdz0vlAGStrBuqLA0P+y7Az+8ZPc8RFpF0cphN+QviNOYTvR9F4C7j6iAMP53rYWM9FQRdfwdoxLSzRERGuTMtLRQXFw9pmlVVVQm3GbFLAK63wDPIAzcLs9baLqJf9wwSEUmh4NKpgU5Jl6TpXA+X2DNoREREJDEFAJJ0/5PWzXzefOw28vLzKX5sVwqnz4uI9Id174Pix3bBolf4K1Vcw0jnetgc3hR83OHze3TzOxERkYHQEgARERGRDKF2lohIetASABEREREREREZNgoAiIiIiIiIiGQABQBEREREREREMoACACIiIiIiIiIZQAEAERERERERkQygAICIiIiIiIhIBlAAQERERERERCQDKAAgIiIiIiIikgEUABARERERERHJAAoAiIiIiIiIiGQABQBEREREREREMoACACIiIiIiIiIZwJXqDMTieak81VkQERERERERGTU0A0BEREREREQkA6TdDICslXWpzoKIiIiIiIjIqKMZACIiIiIiIiIZQAEAERERERERkQygAICIiIiIiIhIBlAAQERERERERCQDKAAgIiIiIiIikgEUABARERERERHJAAoAiIiIiIiIiGQABQBEREREREREMoACACIiIiIiIiIZQAEAERERERERkQygAICIiIiIiIhIBlAAQERERERERCQDKAAgIiIiIiIikgEUABARERERERHJAAoAiIiIiIiIiGQABQBEREREREREMoACACIiIiIiIiIZQAEAERERERERkQygAICIiIiIiIhIBlAAQERERERERCQDKAAgIiIiIiIikgEUABARERERERHJAAoAiIiIiIiIiGQABQBEREREREREMoACACIiIiIiIiIZQAEAERERERERkQzgSnUGBu84r94IV90AACAASURBVP5wM/tivFv88AZWzy8Ynj2/9kOq98G8VS/zyIxh2cUgxD4vvfPb/+M4zqs/fJeZLy8j9uaB/c+j6uVlzGjby8Y1r9NY/DAvPDWfgZdIG3t/9BP406eYXwBte3/E0683Dms5D9s+Auck8O9+npvrcewQ7fsRWQYyGL1+J6nOTtLsfA/69ywiI1fsdsZwX5cC17/AdWn422MjrK7u3b4INwLr7ba9P+Jv+dNh/U6JZBLNAMhA+zb/kI1724L/nrHsZX78cn86/7EDLiEzeOTll/nxkF4o29j7ozW8FnZFK5j/FD9++eUReFE4zqu9L86Nr/P0j/bSFusjKRL5/ehbBiIiIuEaX18T0c4Ybv1rx2S4xtd5+rXjqc5F0gLBHhEZOqNgBkBAvKhsoNNSzLKHb+W1163uqxWhJqxDE5ZG2Ij1sltf5zW7x5swqn38Nf58c6h7HNo+WvS472uRFV0xyzZEjrIGotyJjznGNnb+Gl//CXvvtNLuEznvdQyhaHF4538f1T/cx7xVL/OtFnsket482LePRopZtuH7nFwTPVp+7LUfRj2ffSP44aOMd3IsWE6NvLbmhxx4eAN/xk/6joL3jnzPW8WPlwVyEDrnyx4+yWuBcx2xTSzHePWHr9vHHyibsO9WsKyivdbL8XetdIL7tfPVeJBjbfOZXxDl+2KXS9/vYLR8BYo73jmdT0ES3/NQGhu49Wd9y2DkBV9GnuTrhbDfXsQoT6/AXfj3Pcm6Lrzumbdq1TAdqYiMPDHaGV+cByKvI323T/KaHH5dL36YqjmROYi81g0gzXmreOGWn0XMKhiQXu2PyHq0bwA9+H6063ugLda7nRA8jUm0W/qM9ttp7HuX48tmRLZ3o+a51/Vn3sMsO/k6rzWGyjBhO2MA5yWQVvi+G19fw58ftNOM2U4VkWRk2AyAxmDnH6Dx9Z+wMaLS2Ud176hoY6hBbP1zDa/GCpz2rpDs7f/8tePADGbOs/ZxJPD5YCfwviidfzu/a14juHnEBdTOb39HjGcso2qelfbJ81Heb9vLxl7HkGy0uHHfPvviPIc7Y9XC/TmfAxFt2tu+zfx5n/O0L9QosLdJlI/G118Pm/kQKJsC7pxTDDRy4Ji9h7ZjHGgk/nm48RaKI/YbmDHR/2n10fPVT33K5Sdcx8EbiSNRvdC290dh9UIjr/3kZ5yMSCHKrJ19m/uOzsX5DkTuA/ZtTmYWkIhIsm2XeNfkXjPmGl+nOqkR4X6kuW8zf3swmaOJI0r7I7yNc/y1vrPngvXsjPuYBzQePBY8L8fftU7avPuidP7tPA96lkWCPHP8tcjrz77X+z8DcADnZd/mH8VugwyinSoilrSbAeB5qbxf22et3GL/nzUiHanvSFkg6mhdkBpp5GFeeDksmniyhTZmhEURQ2kEGuL73j3OIzN6R13b2Pszu7LuHQXd9zP2fvMp5t9njZCfbGmDGQW9Kvc2jh1shCgjvv9r7zdZPf88R/YREeW08vM6vzg+v1/R6htvsTqsgXxEFSOy/MjLq6D3rIWW4MmNGHGMLtnz2VsB85/aAL1G1tv2Rm51/JfWRSYUXQ5Elvuep95rB+Oej4jjC6S5jyPHl/HInXMopjE42tF27KCVhzl3xo5GF9zJA8XQ2GgtybC/CQNbWxgjXwlPaWQivWY02AGiiAOIXgb9/c1KSKj+iiVxvfALu3EWMWIS3piyA419fhOv/5Lj88O/b7G+A8f77KN3sFPfAZHME7/9Feq4Jtt2iXVNbtv7M+sa2edalziPyadptdcGM9E8cO3v0wb82V6+9dR8a5nCstD2gXaoVc9ag0T79oVmAR6xRoiYOYN+1OO9NL7O0z98vc/LxQ9/02q/Jcjz+XfDZ8wWxL+3wADPi52j6DMm5z/FC/S631Gg4RejnarrUWbKWlmX6iyMKGkXABhexTxgD8kGOsHBTpo9ItunUpv3/WCFVDD/+8x7fTP77CBBhOCo78N8K/jWDL71cDH7Xrcr+Bn3MY997Dt4jLb5d9JyEoKVO+c52QjRLqSNX5yHthZrVC9KZZ6w49ofgY7pvs38ebLLHmxxO7wB4ecz0HGOdj4HJHTB/KNgfguY//15vLY5EHgJZsQ+7zDDDswkznoguGGP+jcGgiiBc2ZNqeOLRsK/a9EVMP+pl5kSMTKyj+ofnoy9bKDf+epHIsHZCqE0JB0kWS+E1TvBesrers2qaKzZSBFVx0kifhKxvgNR9hGsy4buQEVkFAl29hK2XYKfiHlNPv+FHYCMcq1LkIt+pBlqrw1UIM1QUN/W+AXh8fRYa9oDeTxwrI35UwIdfrujnqgeT/pyH9nRjp/nNrudGtaeCRu8SFai8xI47tfW/JDXgISDIYNop4qIJW0DAMlHcgIjzcN0Z9Y+MwJiKJjCrUQJIEQIi/AexwoY2NP/E+chtvB1dskIVMa3Ton2GatjOj9sulnEuquk9xJDsucTQg2HpN3IrVGjOEMjdqc60BjZx5Hj92FdteNM/w8TGhEInG9rKcH8+X23DTQAks9XFP0+p4kp6tp3xKH/9dcAJKgXErMDkzcOKhFA3wGRkWzw9dfA2l9W2yUTWJ10fhlaK//jl6MsjQgbJNp76z4SDyRAsB6PtVnv+/0E2xiJ0rXzPBBJtzPs4MWMZfz45WVhgZHQPaaiz25N0E7V9SijaMbHwKRtACBtBG/KRmjK2K1TKAAiL12Bzmf4tLbA1NlibrUb2cFI52Y7+nzfjF6fj3UhPW4FGAZ7o5O2vfyv8GllMVlr0h8JTrULnYdBCT+f9rSw3uczOEUv8H7SCphyK9AYmB5tT5Ozl2ZYAY+BNzgaDx6jbb41/dCalh0KogRmM+zbvBlIPBui7yP8Yo0+BKL7oX32J1/BVAZ8TiW1kqwXwuqdYD1lK7B+FLFHSBI18gLBzTj7EBGJKlB/xGy7JA6CBmZsBqaMFxBaljRQw5lm9I7rcV6NaHsFRtfDBQaJ7HX2YQMJCevxRArms3rVF31uAh0/z3DcqvxDQYPjv4y59CJWOyPRPkJZfIofzye4xCzx8tBhaqeKZIBRFACIvgbNWiM0mCGuxrBpSXaS90WrkEJTzftMcwqb9h45dTa8Ex4aRe59HFalGbowRE6ji3OneSDWeQlMK+sjyo0MrQ/0HtG20i1+eAN/FmvXUcU+n4GLRN8pbjHSmLeKF26JfGfGNx+meN/rfdOIWJoxQH2mMIaVX8S0uMRR++Dyhz7HGvqs1fHre776k6/kz2l/hcog8dMTJLFov1Or05+oXggEjoL1TnFx5HKmQJ0T5TeRXDAxyj5ERJIy0LZLSHBZU4z17AMRLc3i4mTmtseuq2cEBwJ6twFXha39j9FWtQXbMPQaSBh0PY59E+h9VO9r5LWf7OXOp+aHDV5Ey/OM4KBVvDZEonZG/H3cGPN+Dr3b2lb686haBdVJtVNFJJYMewrAABQ/zLJ54f/cEDuCOWMZP141L+Kl4oc39OogBZ4GQJ/p/wXzn+KFh4v7fD6wvxnLXrbv4B8yb1X/7xo/b9XLsSPIUY4B5lH1VOQ6uQGLcz4L5v8py8KSnrdqFZE5sYIscRXMZ/WGh4nI4bxV/HgIli8UP/xwWH6KWbYhfEQ28DQAkrsIRctnRIOogPl/Gv7+PKr6lEvifCU+p/2VRBnIkEpULxTMfyqsXphH1VPf59aIrWfwyMu9yz38N51cHqoifrcPD/J7JCKZYvBtlxk8siHyerhsMO2QKGkWP7yBP5sT9wOJRbuuFz/MC8tmWPtbNS/ydXvbfe+GzYKwBxP6DiQMvh4HmLHMTqPxdf52b1uCPAMzlkVcf4ofXhXRprAOO0E7I+4+rJsL904z8hr3/cj0ErZTRSQRwzRNcygTbGxsZOqUKQP+fGAtR8rXlIY9G3uony3a95mpMhr0ndYvmWLga2gHK3Q37D53adZzkUUkCamrv1IoONsx3vPspa/ANWeY7rsl0k9p028coDMtLdbsoyFUVVWVcJtRtARgpOj1aBcZJQLr75O5aY/IUAnc96Lv3aGTeiqHiEgmCj75qfeUfLXNRGT0UwDgOgp/9Mu8VYqcjhph900ofvhPdQMa4djHHw9JOnfecUfCbWYs28Cyk73WUM5bpVkoIjIgV65eTXUWhl/u1/mPKxqp2nIw7EU3i9d8l2lXr3IlZRlLdx10+QA8dOg8SRrITXUGRigtARARGaTeU2g/XfDXSXXe4zn28ceDTkNEJJHe9VdXxT+kKCciIv2TW/uHwMjtN2oJgIjIKNPx7h8M6HP59/3jEOdERERERERPARARERERERHJCAoAiIiIiIiIiGQABQBEREREREREMoACACIi6aq1jnUVFayra+31Wg31CT+XYJsBZ2k9j9YMR8rx06+v6XUeEqqnpqKCR4N/ic5HK2+vr2DwhxaeTj01Fet5uz/ZFhERERlGugmgiEiaa9i6i/rySkqT/UBbEw3DlJfC8rVsG6a0Y2vldDNQlPwn6ms2Ule2mm2Vpfa/K3hhfRGb15ZTODyZtBWycG2t9b+tZ2gC3MO6PxEREZHkKQAgIpLWSli+HF6oqQ92ZsO11q1n1Varu1+yvJp15W3UbNwNwAs1s3t9ppW311exNRAdKFlud4jrqanYSOAhOuWra6kstTvNu+0X7c50a916VjUtZVtlaej9kjLK2Q1La6ksraemYjuUQd3uBiv/1WtZWIg1M6Fqqx2cKOPpWjuoUV/Doxt3AyWUl/U9A611L1l5bniJt+9ey8LC8PyGpRN2nKeboWRuQfCV0spaO3BhnYP9c6tZV15o7Xt7EZvX3m1teCiQl8B5iL39B+uraHaXUbe77/bNS6txb7eOteGlOu5ZO5VdUc6xiIiIyPWkJQAiIunu7kUsb97edyp5fQ2rtrp5uraWbbWrKdpaRU19KZWry4Aynu7dw2xtY9rKWrbZ25c37OeDVmit226NltfWsm11GXXb62htreOnu8uCaZfv7rX/+hpeCLy/soimiCkHDTQVrWRbbS1PlzWwdVc9UE9N1X7mVlv737y8mRdq7Nc37qZ8dS3balfibu47d6GwfCXLS6Bk+UoWFrby9vqNNC2vDqWzvo7IU1PIwpXLYWuVNf2/z/ux1TUXsTlwHjYmXkZRx2w7HyXWeeuVhxJKWL6yHKKd4yTzJCIiIjJUNANARgzD4cBhGPhN8PpN/IBpWlEsp8uJy2HgcjnxeH30eHx0ebx0e3x09Xjp7PbgnjyBsc5LeNoPY7jGYrjGYDjzwZmLw5kPjhwMRw44ssHfDYYT09eD3zTAkYffNDH9fkzTTPWpkIxTyMKVc1m3q56Fi0Kvtp5phrKl9uh3KbPL4KdnWmFqrGRKKY2YBVDCcqDw7rmUbN3Io7utkeltawFamVuylRcqdluj/7VrrX3aSdUfsl4vBSi8m7kl0By2q6Kp1kT7gqISaMKeDt9AXVUFW4NbHaJ+NtRRxtNWQtwz194+pjaaG0qYu9JK38p7E20QObW/sJx1teVWXmsqWFWx1Z7FUNAnxXAlc++20imdTTnbOZ2gl15SZKVXODX+RP/o51hERETk+lIAQNKTYdDt8WMaBtkuJ3k52bRdvsaJ0xfw+f109dgd/B4vXYE/j/XfWJbOu4P87DNcO1GdVBYcOYU4827BmXcLjjw3zjG34cq/FUd2Aaa3A9PXjR8HJjn4TUOBARleheX8gApqPlw+8DTsqfblq2vZFpiqb6e9rrbcfr/C6pDXVrJwbS0L7eUBgY7rovh7SCDKdP36mkGlmIzSylq2LapjXdUh6isHdwQDFuMcaxWAjCwneKNqCwfnrKD6oelhr7dz4MUNnP5ONREvJ5PiG1VsORjljT77uN6sYzoycw1PPDAphfmI1H7gRTbshMVrnmDQ2Wo/wIsbjjBzzRM8QNj/x0u3Pd526XnORCSSAgCScoY9qt/Z48PpdDIuP4e2yx2cvXCVMxeu0tJ+ldZLHdc9X/7uVvzdrXgu/rrPe87caTjs4ADOceTe9A0cOZPxe67iN3Lx+R0KCAj59/3jkKZXWrmaQxUbacBaKF841Q1bD1FfWUop9RzaDUWrE9zirmQ5i0qB+kPUAcux7iPwN6xkXXkl26qLWFfVZK3Xfwn+Ym05lbXVuNdXRYzwl84ug432vls/ZH9Dgnv0FU6liK38tG4R68oLrXsJ7J/L5rWzKWcjh+orKS1t5YP9DQnumleAu6SB/R+2srC8kNYP99NQMpfIcX0raNG03F63Hzz2IgooBDc0NFlzBuoP7bbPgqVh/4e0lpdTWH+IOtw8XRh/+2RFPcciI9XBtzhQPgQd0IDenf32A7y4YQtv3Nv/gMLo1s4nR2DOHDjySTsPqJMtIgOgAIBcdw6HA8PpxOv1k52dxbWuHk6fv8KZ9iu0tF+l5cI1/GneefZ1ncbXdRrPhcMAdJ18BZz5ZE34KlkTvkbWpFk4cqfh77mM6cjFZ7ow/f4U51qup2MffzwMqZayaHkJdYE59KWVbF6+nlUVFYB9E8BSoLWIErb2vQlg6WzKGzba0+GXs7xkN81tsLB8JXPXV/GonW756lpKC+Ev5q63tgVr+nwptJ4J7fvpsgpriUBJGeUlifNeWb2cdVWB/ZTxdK11R/7K1WX2qHgJ5WXREipkmhsatto3AVy7muaKvunE3ldgu0oKgcLZZbDRntVQFnnXwRJ3E39TUUFD4DwAxNk+rsKpFNHA1pfq2Lw2yjlOPiWRtOJ2w85tB7j9iQcYli7opAf4zpydbDl6goemKwIQdKKOncxkzb2n2bCljhMPPMSgzs6kB3ii+gHr/9uHIoMiMhIY5hAPUzY2NjJ1ypQBf97zkrVmM2tlXYItZSRxOByYDidZTieNLRc4e+Eap+wOf4/Xd13ysHTeHUzN/pzLH/zn67I/HLlWQGDi18i6YRbOfDfezrP4jTH4yb4+eZDrIlBvBWRc/dVax7qq/cwN3O1fREaM3vVXV8U/xNnaWgLAihWwZQunFgemevddAmBNVbfnDbkXsyZGsODEG1Vsoe90/96vx02v/QAvbthpz1JyR0yPj1hiEDbT4MQbVbzFHDh4kOZAeuHpuOcwh4OcCkxnP/EGVcGE3HGm4FvnYmdwytQcVlRbHfWE+4ybrv35aWt44oF2uxzs833iDax/BgICvabiR+Qd3IFyi7cEICJfYecu8JnFN7Nz58HI9KIsAYh1/kWGQm7tHwIjt911pqWF4uLiIU2zqqoq4TaaASDDxjAM/Bg4nC4ud3Tzm8bTfNzUet06/Cnn78Jz4R08F96Bxv8BRhauib9D7pRvk3Pj7+HtOIPpugG/Xw/jkBGoPvS4PLBmH6jzL5IppvPQijlUxRqFPvEGG3bezIrqJ5hudwo3vDE5+c5f+wHeOghzVkyPkp7VqQyld4I3Nuzk5hXVPBHoDG94g8nVDzHpwItsObWYNdUPMMkOXrw4LdQ5bT4IK6qrQ53mbTth8Rqqg51mcM/E2seWUyxeU211jk+8QVWMGRDtB7ax8+YVVD8xnUCH+K0D5TH2GTvvfc/UCY4edDNzzSRgEuWL3WwIzJCYfi9z2MLREw8xfTrQ/glHmt3MfHRS9LwnnD1gnYtgvtoP8OIGe9mHdRTsPDKTNdXVdgBjA29M7rtcoz3i/Fvn4sUDuj+ASKopACBDrstnkuV04fX5+bDxLPUn27jc0Z3qbKWe6cF74R2uXngHcJA9+Rvk3PRNcsaV4uu+jM85UcsERomhmv5/5x13DEk6w6K0km21lanOhYikyvSHWDGnii1v3Ev1Q5EduhNHD8KcFXYHcxIPfGcOO7cc5cRD06N3Og9uoarXjQDdi9cEO5Qnjh7EvXhN8LPTyxfj3mCnd+IoB5nDiuCbD1FdDdDOgSPNuGc+anfSp1ud5iOf0P6APe19zr2h/ER0moHp5Sx2H+RIMEfN7Kw7wQMPTbf28UT00zLpgScI3Wq4ndPNwMywDcL3eeIoB92LWRM6MBa7N4Q68uFOHOXgnO9QbWdv0u0zce8MnNPp3DuH0JKJ9tM0z/kOT0yyjvuhsMy2nzsF3Bw986Gj4IEnwm6Y3H6aPofxHTv4EbFcI/x70M4nR5qZ850n7PNvfw/ess6/QgAiqaMAgAwJ0+HA6wOXy8mJk+eob27lXApu3Ddy+Ok598/0nPtnDNc4sgsXkjv1OzhypuLzevGRo5sIjnCD7bwPzz0ERESGjtUR38Ib965hWvDVds6dAvfMfnTx5vSe6n8z3wmOElvpNR/cQNXO8A+5OdcOk6ydRelQWp3vm7+TZD7aT9PMzYQ2n8TkYD95Og9Vr4CqsEBFrOnsvZYKuOPc1LTdOjA2RB4Y7nPt0KszfeCtg9B8sE+gJDC7IDwowtGDzLn3odBnw5YkuONlKOIwwqbuu9297s3qZlpY9iZNc8PpPkfH6WY4uKWKyCzPoR0UABBJIQUAZMAcTid+HGS7nHxyso2Pms5xsvVyqrM14pjeK3Sf+TndZ36OI+cmsid/g6yJ9+HIK8JHPn7NChixftE8sOUd33KrzEVkBJj0AI8uPsKGt+qYE3qRyTdD8+mBdfMmPfAEK05XseXFafY6fys9d6xHy1k7i9KpnMQ0Nxzp05mOteNpuDlCaHMr8BCKbEznoepqHoI4TymwOup91sTH2qV1YDHvjxBK9hOONM8JW+Nvv3zgxeCMhkmTbmemeydHT9wLB+cQ7P+fqGNn+GftpQ1xtR/grYNh9yOw1/3H3Px0c5RXrfM/ZwCPhhSR4aXFx9JvDqcTZ1Y2p85f45/fa+Avf3aIf3r3hDr/Q8DffZauk69x5cP/nY4T/w2H5yTZrh4cTiPVWRMREelj0gOPspiDHAzrA06/dw4cPMoJIDh6HT71PYHpD61gTvNOth1oD6bXvLPOTs/q+FZVvWH9e/q9zOEgR0Nv8mLVixxon8TtM900H/nEvsH9Cep2NuOeeXv0zvak25nptqb5W+l8wpHm3mkGtp3Mzb1GwcNZwQ/szne8A72XOc07qYvIexVvnIjcrP2TIzRHOX+Tbp+Ju/kIn7QDWMd7cMsWTi0u77XtKc61Q7AsktJM6DB20tzrvdB5su/XcG+f3Fn5eetA8AEDJ96oourFA3rggEiKaQaAJM3hcOA3HLRc7OBf3v+Mi9e6Up2lUc3TfghP+yFc4+8ir6iSnDFfxut34vMrGCAiIukisMY/rGM5/SHWLH6RDYG7UbsXs6Zfw8D2ev2dgZvL9UoPN4vXBEbDp/PQmsW8uKGKwLtzVtg3vLNnEwSn2M9ZYd3gL9ZxPLGC08Fp/nOYMwdOgfW4vBWnqdpQRWCyvnvxGh7qk1TgXNhpzFnBijkH2RJzNkTfvIff+8BiBS6CN0SM2J016h+4N8Gk22fiBmbeHrYv+74COzdUsRM3i1csxr3FnukQ40wE1/Xb0/fnrFjBnINbCB2Gm8XTjlJlTyXom+dAMr3OP3NYUa31/yKppscASmKGgR8n5690Une0kbbLI3Nt/3V/DOAQc+S5yS+qJGvS/Xi9Pnx+Z6qzJLbej9H6dMFfc+cddwxqCcCxjz9O75sAisio0L/HAIqIpA89BrCvZB4DqCUAEpOJQY/p4PzVHn5+8BO27zs2Yjv/o4G/s5mrn6zn4pFl+M7/itzcbFxGT6qzJddDax3rKiqoqY+3yXoejbdBhHpqKtbzduvA0+vf/uy91lSwrq41qf2LiIiIyNDTEgDpwzAMun0GnT0e9n7YpLX9acb0XKCj4UU6PnuJnJsXk3/ro3h8BrpX4OjV+uF+KCuj6VA9lJYOQYqlVNaujbtFYflatsV5v62poZ/7bLUeh1WU3P5FREREZOgpACBBhmHgw0G3x8fuDxppbLmY6ixJPKaH7i/+jp5z/8LYr6wme0wJHn+uHh846rTywX6Yu3IRvPQSb7euZWGh/VZ9DY9u3A2UUF4W2L6emortuJe72brVem959VKaqzZSB5Qsr2ZdeZu1TfVa7vlwPaua3JTv3k0dQNlqtlWW0lq3nlVNS9lWCTUV1mcBylfXUkkNL+wG2EjN7Grc26todpdRt7uZ5dVrWdgWyFfoM4vOvMTWBqDhJd6+eynNVdb+Fxa28vb6Kus9SqzP269Zae4O7XcoYh8iIiIiGUxLAAQAw+nCZzh5+2gj/+8/H1XnfwQxe85z5aMnufbpC2Q5OnE5vKnOkgyl1g/Z717KwsJC7pkL+z8MzJuvp2bjbspX17KtdiXu5vAR+Qa2Ns1mW20tT5c1sLXqELNra9m8vISG/R/SZ+b9bphdW8u26uWU7N4eMTW/tW47dWWr2VZby7bVZdRtr6O1tJKny4Cy1cFOeR2z2VZrBSfqsfa9zd5n3aF6CstXsrwESpavDAUwgPqaKra6A+m72VpVQ2BhQZ2dzublJdZ+h/K8ioiIiGQgBQAynNPlIjsnm8PHz7Bl17t8ekoPZxmpPBeOcPGdP6LnzHZyc7NxOvXzHg1aP9xP0Wyrl11491wIdODrD1FHGdZbhdwztyTic+X2ZwqKSqBsNqVA4VR39J2UFFEAUDjVmqEfpvDuuZTs3sijFRXUUMm2teUURk2iIPj/paWl1uyEigpWbY23VMBaFhDIK6WzKaeZ062RacbMt4iIiIj0i5YAZDCXC9q/2MfV9hPMvPvfc/jTU6nOkgyBrpOv0nXqDcaVPkP2+HvxeB1aFjBi1bNrawN1VBC6v20JH7SWs/B6ZaGwnHW15fZygwrqKOPp2so4H7Cn9LOczbW1ULeeVU3XK7MiIiIiEo8CABnI6XTiynLywb88yfnm/QDcfOf/xty73Oz/qDnFuZMh4e/iyrE1uMbdQX7J45BbhNerIMD19i33IO/MWH+IupLlbA4bdW+tW8+qXfUsrJxNORs5VF9JaWkrH+xvgGEYKG+tW8/fsJJ15ZVsqy5iXVVy3lQdaQAAIABJREFUvfnypeUU0srbcfNVyDQ3bD1UT2VpqT2rwc3ThXB6yI5ARERERAIUAMgwLidcafuAX//jf4h4/b2fL+OBP35TAYBRxnvlYy4f/Q/klzxO9uRv0uMxUp2ljHHs448HnUb9od2UzK2OmHJfePdcSrYeor6yksrVZfaofAnlZSUx0xmMwvKVzF1fxaNbrX+Xr66lFGgtKoGt9k0AIz/BPXNL2Grna/nyMth/hlZKmeaGhq3WTQADSiurWb6+ikcrIHATwFJaFQAQERERGQaGOcRzgxsbG5k6ZcqAP+95qRyArJV1CbaU/nA4HGRlZ/HJ/uc58+mbUbf56re24B17B6++/cF1zt31sXTeHUzN/pzLH/znVGclJVwTvsr4u6vp8Xjx+/TMwKEUqLcCVH+JyEjRu/7qqviHFOVERKR/cmv/EBi57a4zLS0UFxcPaZpVVVUJt9FdwjKA02XQfaWRPTUPxOz8A/zmFyuYPCGPoskTrmPu5HrxXvoN7f/6DYyu35Ll0nIAEREREZFMoyUAo5jhcJDlcvDZuy/R/OG2pD7z6cFNfHdOFX/194eHOXeSKld+85/IveWPybu1gh6voRsEDoOhmP4PcOcddwxJOiIiIiIioADAqOV0gLenjX/bUYmnK/lH+536eDtF9/4J3/jabfzq158NYw4llbq++Dt62vYz/t6X8JGDz6slAUNtsJ33oQoiiIiIiIgEKAAwCjkcPs437+XjvWsH9PlD27/LguX/qgDAKOfvOsXFQ99lbOl6XOO+itefneosjTofLVkyoM/dtWPHEOdERCQ548aOTXUWRESS4kl1BkYo3QNglHEYXr74aNuAO/8Afm8X5z7fx/Lfv3cIcybp6mr9Wjo/+0uys3ypzoqIiIiIiAwjBQBGEZfTx/F/28Dnv/6fg07ro1+t4oax2Xzl5klDkDNJd562vVz96ClyclQliIiIiIiMVmrtjxLZ2S7e3/VntDb+asjSrN+7lm/P/PKQpSfpzXvlGBePLCM3Lw/DMFKdHRERERERGWIKAIxwhgFZWQb7X/0GV9t/O6Rpn234Bd3XzvIdBQEyhtlznvb9ZWQ5u3Godkgb9TUVPFoR+Kuh3n69tW49j9bUA/XUVKzn7dYBJN5ax7qwNCPfWh+23wrW1Q1kB73U1/Do+jqGICURERER6Sc18Ucwh+HH19PG3q2/h89zbVj28c72B7ndXaAvSoa5eOh7OH1ncRq6L0BqtfL2+gpeYDXbamutv9XwQp8OeymVtWtZWDiAXbQ10RB113X8zVZYXm3vt3o5bK2iJlqkoD9KK9m2tpyBZFVEREREBkdPARihDLOHqxeOc/QfVw77vk5/+hZ/8u1v8Lf/9P6w70vSx6X3Khl313/FmTcDn6knBKRE64fsbyjj6bWloddKK9lcXU/kEHo9NRXbcVdbQYD6mgpe2G29U7K8mnXlhbTWrWdVk5vy3bupAyhbzbZKqNlobfhCzWy2VYbtp62JBtz8INBTLyxnXW15KGt161m11Q4dlK22Pltfw6PboZzd1BV+k5JDPfygtpLSwPb757J5aROrthexeW05hfU1PGrvP5gG0fNPax3rqrbawYoSllcPMOAhIiIiksE0sDsC+XsucL757evS+Qf4ZN9a8rMN7im+6brsT9LHlY/+C/4L+3H4L6Y6Kxmp9cP9NJQUUdDr9cLCUgpjdH5b69aHzRhYTdHWl0JLA3bDbHs0v2T3dt5uLaVydRlQxtPhnX+A0kqeLtvNC/b0/4iR//oaqzNfW8u22mqWN28Mvd/QjHtlLdtW/jvmluzmkP16W1MD5UvDR/7rqdm4m/LVkWnEyn/9rq2wvJpttbVsXg5bdw12KoKIiIhI5tEMgBHGMDu5eOYQn/zrC9d1vx+9/X+w8Pf/Ox80nr2u+5XUu3aimvzpT+KaOBsv+anOTkYpnOru92famhpg90Ye3R16reTDVu4BCAQTCqdSlERapZW1bKvEHn2v4FF75P2eM83QsJtVFVtDGx+qp3I2gJtphQCF3DO3hP1nWqG0jUO7y5hdCaEbGJyhiTJ+UGptu3BtLQD1h6Lnf93sMho2VvHoVisP20KTEUREREQkSQoAjCRmN62f/4pPD/y3677r9pP/xrVLTXzvgdv5+YFPrvv+JbU6Tmwiv+Q/4pz0DS0HuJ4KiihpaKINItbM19dU8NOiav4ixseC0+bDtNYNIh/29P/6mgp+GggmhE3ZD2XsUOTH7p4LL31I69Qm6spmU5nk7qLlHyrZVltpLSWoqmBryXJrGcEAD0lEREQkEykAMEIYeLh09r2UdP4Djux8iPI/fZcxuVlc6/KkLB+SGh0Nf80Y10Sc4+9TECBJd+3YMbgECu9mbsnWyPX59TW8sLuMp2sLIUqnvqCohIatu6gvr6SUemoqNsLqWhb1c9fWGn83T9tr+AOKphZSiBu2buftRWtZWNjK2+ur2D+3mnVTo+Sfl/ib7Q2UL+3V/S+cShFbOVRfSWlpKI2/iJH/2YcqODS7lsrytWybat1rQERERET6RwGAEcFH58UTfPT2f0l1Rmg+tp1HFn6Pl996L9VZkRS4dvz/Ztxd/w1n3u34TFUf8Rz7+OMhSKWQhWurYX0Vj1YEXisLdsqjPUqvsHwtTzdV8EKFNYe+ZHk160qh9UyMXRQUUcLWPjcB7J1OeFpQyebl9kg8WLMBygvp+yzBQhYudbN1o9ue6h+ulMrq5fbSAqBkOZvLCykkev4pXc2hCntbSlheXanRfxEREZF+MkzTNIcywcbGRqZOmTLgz3teshZ2Zq0czHzVUcQw8XWd4503Hkp1ToLmVuznwPFzvPvp6VRnpV+WzruDqdmfc/mD/5zqrIx44+/dgj/bjd9vpDoraSFQbwWo/hKRkUL1l4iMVCO933impYXi4uIhTbOqqirhNhrCS2OGAQ66OZBGnX+Ao/+0gnl/WDPiAgAydC4fXcHE+17FY9yAaSoI0NvQjP7DnXfcMSTpiIiIiIiAAgBpLSvLxZ6a3091Nvq40voRl9s+Yem8O9m+71iqsyMpcvHdR7hh9s/p8WUztPOIRofBdt6HKoggIiIiIhKgAECaysnJYm/tglRnI6b3/v5Ryv7kCDeOz+P85c5UZ0dS5MKh73HD7/6S7m5fqrOSlpb+/Q8G9Lnt3/3pEOdERERERAQcqc6A9JXl8nNwx2L83q5UZyWuz4/+T34w785UZ0NS7OLhPyZHDwUQEREREUl7CgCkGcPs4P23VtB15VSqs5JQ43v/A6fZxe/deWuqsyIpZHoucO23m8hy6tGQIiIiIiLpTAGANOJw+Dh74i2utI2ctb/v/UMF999+S6qzISnW01qH98JBXA7dDEBEREREJF3pHgBpwuFw4Ok8w4nDf5XqrPRL5+WTtJ9+n2Vld/Pa7g9TnR1JoWuf/oiJM+/BMG5giJ8umrla61hXtZWGXi+XLK9mXXlhPxOrp6ZiO+7qtSzs70fTIn0RERERGSwFANJEVraLA/9fRaqzMSBH//HPKfuTw9xSMI4v2q6kOjuSQhff+/dMemAXXV09qc7KKFLC8iHpVJdSWbt2KDKUovRFREREZLAUAPj/2bvz+Kjqe//jrzNLEpKwJBAgLAkQRAMCtnVBJUqCu7gL2lpiorZV9D5c0msFrUC9ldoWem0rePVnE0MXxa1XvdqNpDatouAGhSgSICgECRAIJCQzc875/TEJBNmyzMyZSd7Px4M/mDnn+/0kmDHfz/fz/Zwo4DL8rF0+L+qb/h3PZ+/+gmvOvYdf/e97TociTrKa2Lf2QRJPfhB/QB8v4RXccScXysqrOCxRUFnMzAXlQBZ5uVDGDJYWcnCHfsKa+dxXnUFeeTllALmzWVqYHRy1OJ9Hy4MztK00ONrrtWWHxqkuuIPMkr+cYPxals8voqQKyM0lr3yLKgZEREREIkg9ABzmMizqtr7Njs3LnQ6lS7749x8wm/eQd9pIp0MRh/nr3sW/4y+43ToGEBpVlBTlMzP/0J/iykPvVWfOYmlpKXNyqyh5vRKopHhBOXmzS1laOouMLV89QNCiHCaVlrJ0YQFZ5ctYXgu1ZfN5lNksLS1laelsMksWH/f1tuPMy+vXjvEXU0IBi0pLWTqJYHJARERERCJGW3QOMgwDAx9ryx9yOpSQWPnS9ZyXX07ZR5ucDkUc1rjx1/Tt93VszxAsy3I6nBh3/CMAmenBNwZkZkE1ULmCMnKZkw2QxoScltePGDaTAQBp6WS2vLSzugrKFzCzvM1la2oZcozXJ7Qd54Tj17K6ooqsnFmkAWRPIo8t7foOiIiIiEhoKAHgILcrwMo/3up0GCET8O2jtvofFFx4OiV//djpcMRhez+4hX5nvoCPJKdDkQ44WoPByuKjv16rLXwRERGRmKIEgEMMfGz64BkO1HevHbA1f72P8wtXMHpIKhu27XY6HHFY4+anSBx5Nz6zZ542WnbV85GfNHsSeSxgRWUh2dnBXXcy2nfrgMwsqkpepzKvkGwqKc5fALNLmXas1zsUWLAaoaRiDbV5eaRVrqAMKOj4VygiIiIinaQEgAMMw6axbgOf//v3TocSFp/+87+4fPLDPP7Hd50ORRzm2/FXEoZchytuRI87CrB23boQjRTsAVDS9qWsAhbNTT/G9dkUzs5l5oJ8ysgiLzer3TOl5c1lTnU+j+aXt0yzkHnZQPbRX6+t6dhXkpY3i4KKIu7LLwk2AezY7SIiIiLSRYYd4gd2b9q0ifTBgzt9v39x8FdC76zuW1vq9bp5q+Qcp8MIq0k3vE51nYc3Vn7mdCgHzThvLOlxm6lffY/TofQoRlx/Us74PU3NptOhhE3r51ar6Pn8Cnbdr8g5snzfcZXFzFwAc0oLyXY6FpEeLHo/v0REji/W140127czcmRoG6gXFRWd8BpVAESY1RzHzi0mUwpXsO7vD7JjU2x3/z+WFc9PI++2VVGVABBn2L5dHNj6It5B1xDovjmAKBIs0T/4v8KsAhZFyeK/tmw+95UceipB3uxSLf5FREREIkgJgAgyDIPmenjx9v2MnOzl4rkLGHHaRt575UanQwuLms/e5LZL8vh/f/rA6VDEYQc2P0384MsxjHhCXHQUlUJV/j9u7NhO3JVNYWkphSGJILTS8uayVHX/IiIiIo5RAiCCrKY4yn+2H4BN//Tz5IV7mPaT4eTeupKNq56g+uOSE4wQWyrf+iHnF0zl1BFp/Htz7YlvkG5t/7ofkjzuJ/j8htOhRETnFu+HhK6HgIiIiIhIkBIAEeLCTc2nJjX/Dhz2+usPNNB/1AGu/dUdDM2ewdvPXeZQhOGxtuwBLrjg50oACIH6NZh7P8Td+3RMs2c0BHzmsgOduu/WN3qFOBIREREREeiZz+Zygu2l/Of7j/rWro0WT1++l43/6EPebasYc84DEQ4ufHZu+QcH6j/nqrNPdjoUiQL71j2ENy7e6TBERERERHokJQAiIeDhkz8307Dz+Gefy3/WyJILd5My8Gpyvl1OfFLnn6YQTd578TpGD0klIU4FJwL7P/sZHk/37wMgIiIiIhJtlACIgPhkLxW/bGzXtVYASqbX8+Hzbs795utMuHBRmKOLjM/XvcjNF0x0OgyJAr7tb+C2D2AYPaMXgIiIiIhItFACIMysZi///HVDh+9bWdLEE7m7cdlnc/7Nb5My5PQwRBc5n739E+I9JqeflO50KBIFGjYuwePWMwFPqLaMefn5zPzKn+LKWpbPz6e40ukARURERCSWqCY7jAzDAMvF6pebOz3GHwr3ccqlceQWLWbfrnW8/2pBCCOMrNV/+g/Om/Y0qz6rcToUcZivdjmJo2ZhGIk94rGAXZNFwcK5TE37ystzSx2JRkRERERilxIAYRRo9PL3n3d89/+rPnnTxydv+rjm8THk3voe6//1E7Z+8nIIIoysvV9+RP2u9UzPGcsLFXrEWU/XuOkpEkfdjS9w4mvlq2pZPr+ILTNKKaSYmcsgj3LKqoCsAhbNzSMNqCzO59Hy1ntymVNaSHZl+67Pm11KYTZAJcX5CygDjpmMEBEREZGYoCMAYWLgYv+XNpvf8YdszFfu3s8f791P1hkPMGn6KyEbN5Le/+NNDE/rQ2rvBKdDEYf5dvwZA596AZxQFSVFbY4AHK3uv2oLGbNKWVo6m7yqEl6vBKiESaUsLS1laelCCrLKWVF5nOsri3m0PJc5paUsXVhA9YJiKqll+fwFMLtlnNkZlCwuQw/1FBEREYlNqgAIE6vZy7+ePPpj/7pi28cB/ueSPVz0cBp5t62i+uMSqlb+OuTzhFP16me58fybWPz6KqdDEYc1bnqKhJF34g8oCXBsR9t1/+oSPIMhaQADyMiCLQBkk539lV3941xfW7MFcmeQDZCWx7xSgEpWVEHZgvyWCoBgPKtr81QFICIiIhKDlAAIA8Mw8DdDzerw1Tb/5UeN/POJRr75m2+TPuYq3n7+CqxAU9jmC6WNK3/NkFOu55zs4bxd+bnT4YiDmr98g8RRd4DhAfUCCK3aMuYVlUDBQpaWEjwy0KmBVPYvIiIi0l0oARAGZpOb939/IOzzNO6CZ66q59w7EplS8E+2b/gT6/7+UNjnDYUPXi1k0vQXlAAQGjc/TULm97plFcCtb/RyOIJcbshLg9oyKqog8zhXpqVnQMkKKguzya4tY15RBTkLZ5GRVUXJ65VMLcyGymJmLiDYSyBiX4OIiIiIhIoSAGHQq6+Xta/ui9h8/1rSyL+WNDLzD1M5L/98Pvi/77B/1ycRm78zGvduoq7mQ76Veyq/L/+30+GIg5prXiVx5PecDiPk1q5zuNFl2nhyskp4NL8csgooyIWKmlo41pM4swtZVDCf+/LzAcgqWMjUtDSYO5st+QuYWQ6t1QBa/IuIiIjEJsMO8TO4Nm3aRPrgwZ2+3784eErVO6vsBFdGJxce1v/N5K1FjY7MP/H6eM69I5G6mlV89OYdjsTQEVNueY/n/7GObbvCnzCZcd5Y0uM2U7/6nrDPJR0TP/gy4jPuIGC5nQ6lU1o/t1rF6ueXiPQ8+vwSkVgV6+vGmu3bGTlyZEjHLCoqOuE1egpAqFkePnrOubP4H7/YzOKpdZgNE5lSuIKBI6c6Fkt7VK38Jdeee4rTYYjDmrf/CU98ktNhiIiIiIh0azoCEEIul4vdG032brOcDoVl39vPyHO9XDx3AZmnbWTlKzc6HdJRfb7mtwwffzO5E0dQ/vFmp8MRx1j4dr2Nu/cZmKbpdDBdFqry/3Fjx4ZkHBERERERUAIgpAJNbt7/Xfib/7XXpn/5efKiPUx7bDi5t66kauUTbFld4nRYR1j58g3kfPsvSgD0cE1bXyQ5ewJmN/lY6uri3fEeAiIiIiLS7XSP37SjgGEYuAw3m9/xOx3KEV7/QQMpIw5w/a9vZ9jY6bz93OVOh3QYf9Nudm75F/kXfI3Sv33sdDjikMDejzAMG8MwCHFrEse8/bucTt13zk0VIY5EREREREQ9AELG8rn50MGz/ydSt9ni6Wn1bHyrH3m3reKUybOdDukwq/9yN/17x5M1OMXpUMRBTdtexe3Rx5KIiIiISDjoN+0QiU/y8vFL0VP+fyzlP29gyYW76Zt2FefNLCch+VjPBIu8T/+1gGmTTnI6DHFQc82ruA3ne2iIiIiIiHRHSgCEgNvl5pM3mjF9TkfSPlYASq6v5/3fuznnxteYcOEip0MCoObTP+I/sItLTh/tdCjiEMtXi3ngc1wufTSJiIiIiISafssOgUCzi6qKGFn9t7GqtIkncnfjZhLnF7xNypCznA6Jd567jHGZaU6HIQ5q2roMtyv2nwQQErVlzMufz/Lar75WTKVjQbXGkM/Mr/wpdjQoERERETkRJQBCIKG3my0ro6/5X3v9vmA/5T/3cdrFv+b0K591Ohy2b/gLt17yNafDEIf4dvwNtyfB6TDkhLIoWFjK0tLgn0UFWZQtK6P2xDeKiIiIiEP0FIAucrlc1KyO/d3KT//s49M/+7jmv08i99b3WP+vx9j6yUuOxLLu73M4v/AdxmYMYN2WnY7EIM5q/vJN3KkXYpqx/7MVTrVl87mvIodFc/NIo5Li/GVkLJzLhDXzua86h4ItJZRUAbmzWZS5jPuCf2FOaSHZ1LJ8flHwfYCsguA4lcXMXAZ5lFNW1eb1E8SSNj6HrJJqdgJpQGVxPo+Wtw69kHl5acHKgaISglNmUbBwLlPTACopzl9AGbSJL/gas0spzG75WqtnsLQQivOXQS6UlWcwp3Qa2w5+HW3GPGyu1jEPj4vc2SwtzA7Bv4SIiIhIbFAFQBfZAQ/rlzc7HUbIvHLPfl65ez9ZZ/yASdNfcSyOtWUPctE3shybX5zl21mBi+7zc9U1VZQUtSm1P7ioPYHyCphVytKFBWSVL+AJZrG0dDZ5lLOiEqjdyZBZrTv4s8mrqmB16/Z91RYyZrW+XsLr7Sjtr11TQVVWJgMILtYfZfbBsTNLFrO8FipfL4GChS0VA1DyeiVQy/L5C6g++PoWHp1/okqCKqozZ7G0tJABZYspoYBFpaUsnZ1ByeIyaqmkuKiCnIWlh8YsroTaMp4vz2VO69dcvuzw4xUiIiIi3ZwqALrI5XKx+Z3YO/9/PDVrAvzPJXu46OE08m5bRfXHz1K18lcRjWFndRkH9n3BlZPG8OqK9RGdW5zn37MKtzcJv6kkwOE75bTsbFe347YcJqQBpJNJFhnjgwNkZMEWgLTsr1QBZFFw8OYMhqQBDDh0/RGCiYmSw+IMVgpUVldB+QJmlh+6OmtNLfMm5VK1oIiZJcGvaWkeQCVbqrLImRWM71AlwfGfUJKZHrx+Z3UVWTmzghUK2YUsnRv8HlVTRdlh8a2gsnAaOVklPJpfHtz9L517ou+iiIiISLeiBEAXGIZB016bhp2206GExV9+1EjFLxv51rM3kX7Slby97CqsQGPE5n/vhWvJu20VcR4XvoAeDdej2CZm4yZcnmFYlv7tw6KymJkLysmbXcrS7ODxgY45lJhoPYowoc05gYNl/4cpZGlpYfD6onxKsgpYNDdcjyI9VPbfVvbcUqa2HC+YWQ55LUcMRERERHoCJQC6wGW42VgRu83/2uPAHnjmqnrOuaMXUwr+wfYNf2Ld3x+K2PxbK1+m4MLLeerNDyI2p0QHX+1beIfeRCyv/8+5qSKs46elZ0BVy7n7yhWUQZtd/HbIKmBaNtCZe9vGkTeXOdX53FecztLCbAZkZlFV8jqVeYef5Z+0Ip8Vk0opzJvL0vRgr4FglUEVFWtqmZqX1nKUIIcBLdUHFTW1kA2rK6og48i5B2RmUVWxhtq8lv4FC2BO6SQyKeH5smnMy0s71CthFjyxGO6cm0dh6UIy5hcdo7pBREREpHtSAqALzGYXVW8dcDqMiHh7yQHeXnKAmb+fyvk3n88Hr3+XfbvC/8yvT//1KOeddBlfyxrMh1Xbwz6fRA9f3XvED51OrH5MrV23LvyTZE8ijwUtJe255HX03qoF3JdfArkFFGSV05Wem9mFs8nLX8BMZrO0MJgQeDQ/eAYgq2Ah87KB7NmsyM9nZvBVChYWkgZMnTubLflFzCyB4M598CjBhJwsSkqCRwbyco/eE+Rg8iE/WOyfN7uUbCB7YQHzio4c886c+QevJXc2S7X7LyIiIj2IYdt2SOvXN23aRPrgwZ2+3784+Cusd1ZZqEIKG6+nF09etNvpMCJu/LXx5NyZyJ7t7/PhG7eHfb5+g7/B1y5/kkUvr+jSODPOG0t63GbqV98Tosgk3FLO+RPNvugvAWj93GoVC59fIiKgzy8RiV2xtG48mprt2xk5cmRIxywqKjrhNXoKQCe53W4+f797Nf9rrzUvN7N4ah2BfROYUriCgaMuCut8e7a/z77dG7husrbqeppA/ce43G6nwxARERER6RZis7Y2CphNLj77W5PTYThq2e37GXGOl0vmPcLI027l3ZdvCNtcq175Jnm3raJvUjx7G9QZvqfw7fwHCcnjsGIsVxmq8v9xY8eGZBwREREREVACoNO8CW42r+jeDQDbY/Pbfp68aC+XLxhG3q0rqXp/MdUfFYdlrurVpXwr90aWvP5+WMaX6OOvW0XiqNha/Lfq6uI9Ij0ERERERKRHUQKgEwzDoH67ha+hez7+rzP+b3YDKZkHuH7x9xh2ynT+9dxlIZ+j6r1fkn7ytUw6ZSgrPtka8vEl+ljNX2KbBzCMRELcriQinnjjo07dd+dlp4U4EhERERER9QDoFJfLxd5tptNhRJ26aounL6+n6q0+5N22ijHnzg75HB++/h3OGTs85ONK9PLVLsfl0keViIiIiEhX6bfqTrAtF9vXKgFwLOU/b+SJ3N2kDLySnG+Xk9B7aMjGbqj7jD1fruGbU8aFbEyJbmbTdgwj4HQYIiIiIiIxTwmATrD8BruqtCA5kZLr9/HB792cc8P/MuGiX4Rs3A9fv4X01GQGpySFbEyJXmbDJlzo501EREREpKuUAOgEt8fFrk2qAGiPVUubeCJ3Ny77LKYUvE3q0LNDMm7VqsVcn6MO6T2B2bgZlzve6TCcU1nMzPz8Q3+KK090A8X581le2+WJKW6dc34ZRx+u9ZpiDouqtox57Yq17VDFR45zHLVl81vGr2X5/Hw6MpWIiIhIT6UEQCe4vbBvu+V0GDHlDwX7Wf5THxMuepzTr3y2y+Nt+bgEAvs5f3xmCKKTaGb767DtnvrzVknxgnLyZpeytLSUpaWzyStfwLyyLq/uT6i2bBnVBQtZWlrKnIwSXj/mAjuLrKxyVrR5v3ZNBVVhjm9ndesMaUydW0phdpgnFBEREekG9BSADjJcLvZu66mLka5Z/1cf6//q45rHR5N7y3usf+enbK18sdPjrXzlm0z+1pu8taY6hFFKNLKatuHyDMNumNw7AAAgAElEQVSyetjPXm0N1WSRM6D1hWwKS0sPvV9ZzMwF5Qf/mjf7yIVwZXE+j7ZcklWwkHl5acEd+qKSlkV6FgUL5zI17fD70tIzqFq2htq8dFaU5zKp8Nhh5uTkUlFTC9lpQC2rKyAvN4uy48ZZy/L5RWzJyKWsfAsFd2Qc+rLL5nNfCS1xVVKcv6BlrJZYdxa3fE0LKJ60kIxlRWyZUcq0mvncV51BXnl58Prc2SwtzCZYJVBESRWQm0te+RYyjvI1i4iIiHR3qgDoIJdhsKtK5f9d8crdDbx8935GfeM/OXv6Hzs9jq+xll1fvEP+BRNDGJ1EI399JUZPfBJAWh53FkBJUbAU/6s7/5VMaqkMKGVRQRZlKw7fpq8tm8+jzD5YPZBZspjltVD5egm07O4vKoCSo23vZxcyJ6OE+/JXMKm0kONusKdnQsWa4DGB2jVUkMOkNsU5x4uzjEksLZ3L1H6tFxdzX0UOi0rnMjWtluXzF0BrBcTsDEoWl1GbXcicXCB39pE7/+UwqbSUpQsLyCpfxvJaqC1bTAkFLCotZekkDiUmRERERHoYVQB0kGG7+LLS53QYMW/7vwM8deleLvrhAPJuW0X1x6VUrfxlh8f5+E//wZRb3mXEoL5s/nJvGCKVaGA2bMDTfwrgdjqUiEvLm8vSPAiety9iZsmhnf7s7OzDd9dzD793Z3UVlC9g5qHNd7LW1DJvUi5VC4qYWRLcUQ+O31Zw153ZCynYUsTzZdO4k8XcVz2jZUf9KwaMJ4fFrK7NY8KaCsiZxQAqDr59vDizMge0GaicRxdkUbCwkODm/E62VEHZgvw2i/YsVtfmMeRY37CsTAYApKUTzEHUsrqiiqycWcExsyeRx5Zj3S0iIiLSrSkB0EEBn8HOjepIHip/eaSRf/yykW89+03Sx1zBiheuJeDb16Ex1r/9U66cdD+//N/3whSlOM1s3IzLsOiJCYBDguX/08rmc9+KSgqzBwTL2lt2timbz31HOQ1zsOz/MIUsLS0MltoX5VOSVcCiuXm0XtV6/n9edhrMnc2W/CLuA/JmH6sOII0JOfDEmkqogJxZabCm9b3adsUZlMuc2fDo4jImHIzn6EcU1PNPREREpOOUAOggt9fFbj0BIKSa9sJvrt7HOXf04rz8cr6s+hNryx9q9/3bPnmJjNNu5eJvZPHn98PdekycYDZswuVOgEBs/ezdedlpXRugspiZC7YcsQBuu2ueNyOPNGpZXlEFGYffPiAzi6qS16nMKyT74K5+KZNW5LNiUimFeXNZml7MzGWH33fo/H8eaWQzrSCLshLIGMAxpY3PgcXLqKjK4IajnK0/XpyHyS5kTkY+T5SNZ17eADKyqih5vZKpha1VBDCn9DgNCY6MjAk5WZRUtHw9lSsoAwo6MIKIiIhId6EEQCc07radDqFbenvJAd5ecoCZv8/jvJsr+PCN29lXu7Zd97637Gqm3PK2EgDdlB2ox7YDgOF0KO22dt26rg+SXciigpZd+tbXcmeztDC4wp6Qk0XJgnzKyKKgIBcqaqgl/eDtaXlzmVOdz6P5wdL7rIKFzMsGsmezIj+fmcFX25TcH5p3TkY+9+WXHJpzYQ3ziooZcqx+AGnjyaGEktwZBNvuHXzjGHEeO5uQPa0AihazfPxcps6dzZb81mMMwWqAbKA2MwtKWpoAnuDbmJY3i4KKouDXk5vLESceRERERHoIw7btkK5mN23aRPrgwZ2+3784+KuZd1b0tWlyuVy4iOPAHpv9tSb1NRZ7vjDZtdGkdr3J/h09rEN5GJ16TTzn3ZXI3u0f8MEb32vXPePyfkJc2rn85i8fHfX9GeeNJT1uM/Wr7wllqBIhfb/+NAHPcOwofBJA6+dWq2j8/JIWbaoI9ORAEX1+iUjsiuZ1Y3vUbN/OyJEjQzpmUVHRCa9RBUBHGAbbDnzO2vq1pA9IZ/DwdIbn9CHOk4jHEzybbAVs/E3QtNemfnuAfdst6raY7NxgsuOTAL5Gh7+GGPHvV5r59yvNTH/yVKbc8i7r/v4wOzb++bj3rC17gCmFKzhl+AA++XxnhCKVSLHNJgwPqP5GOir4WMFD1UF5s0u1+BcREZEeSQmADjCAL+q/YMn7S476fkpCCqNTR5PZN5OhfYYyNHMYaWMGMDIumXhvIi6XATYE/Db+RpsDe2zqt5vUb7PYvdlk54YAX1bG1hnncHvh9gYyz/Jw6Y9+xMiv3cK7L91w3OvXvfUwl0z5LyUAuiHLtwcjIXaOAEj0OPQkBREREZGeTQmAjjAM9vv2H/PtuqY6Vm5bycptK495TXpyOqNTRpPZL5MhvYeQftJQho9P5WRvIl5PMElgWzamH5r32zTustlbE2Dv1mCSoPazAHWbo68EOpyq3w3w5MV7uXzBUPJuXUnV+0uo/ug3R712x8a/MOIbdzDtrDG8/u76CEcq4WT7d2MYSgCIiIiIiHSWEgAdYAB7mvZ0aYya/TXU7K+h4vOKY14zKmUUWSlZDO8znCG9hzB4whDGnJlCgjcBj9uNYRjYFvibLJr3cXg/giqTHesDNNR2v0Lp/5vdSL/hTUxf8l2GnnI9bz932VGve++Fa8i7bRV/WukiEIXnxaVzTN8u3EoAiIiIiIh0mhIAHWBh0+gP/yH+jXUb2Vi38ZjvJ3gSOCn1JEb0G8Gw3sMYkjaUQcMHMfy8ln4E7rb9CGya9nKwH8Hu6pYkQYz2I9jzucXT0+rJLepN3m2r2PrJy3z6z0ePuG7rJ3+k8OJLePrNDx2IUsLB9tdj2H6nwxARERERiVlKAHRAwA5wIHDA6TBoCjSxZsca1uxYc8xrWvsRjOw3MnjUYHg6aWMGMio+mbjWowZ2MEnga7Q5UGeztybYj6CuOvr7EZQvPED5wgMUvHgFOTMvZNX/5nOg/vOD73/6z//ivJsvYeKoQXy88UsHI5VQsQP1YAfQx5aIiIiISOfoN+kOsG0rIhUAodDefgQnpZ5ERt+MYJJgzBAyJ/TnFG+vw/oRBPzg22/TsMuivsYM9iPYFKD2M5O6amdL7Euu38c3vp3A2be8ws7PK1j9l3sPvrfmr0XkXfprJQCOIX78ayT1A3/VFezbBox5ltRBLU9UD3xEwzv30sx19D77Lryetq9B0jfK8ezLZW8E2yxY/vrITSYiIiIi0g0pAdABFjYH/M5XAIRKaz+C4xmdMpqRKSMP60dw0pn9SPQm4na7DvUjaLZprrfYX2tRX2NR97nJ7o2R6Ufw/m+beP+3TXyz+EymFL7D6r8WsfuLt6nb9i4NdVVcNzmbl/5ZGdYYYs6QX9CrXzLQ2tTyB/QdlIG159fsWQO9z76LXuOvo3nXZNyeLTRXrMOTM5m4IdDML/DGfcSBCPdYtAP1qAWAiIiIiEjnKQHQAQZGVBwBiKQNdRvYULfhmO+39iMY2W8kw/oMIz0tnUEZgxmW04d476F+BGbAJtBk07TXZt92i73bTOo+D/Yj2P5JgEAICiv+UNjAmAu8TH3gv9lf9wmr/pjPypdvJO+2VfTuFdf1CbqN6+ideRoE9h/6BBgyGAOwm18CwPLdhTd5MvG7jrw7Kf007F25NEcs3iA7sA/DpY8sEREREZHO0m/THWEQM0cAIqW9/QhamxYO6T2E9IwhDBqTRtbR+hE02DTWWdRvt6jfFnz04c4NAXZ80r5+BOv/5mf93/Zw9S+yyL3lPda/8zO2/Pt3fHvqDHbV698OIH58AV4+omFXKkmDUoMvbtuOnQVG/HUAuOIATyqeba9iZt5FfE4GNP6JvfyCfg7s/kOwCSDYBJ/HISIiIiIiHaUEQAe4DbcSAJ1Q11THe9ve471t7x3zmqG9h5KVknVkP4K4RLzuNv0IfC1Jgt2wd1uAvV9Y7N58ZD+CP97bwKBsN1ctKiLQXIPH8NG7VzxEb1/DyBjyC3r1A3/VvTQnP0vSwTceY++XY0kddBepOWAFWo8GvMS+d146eFXSN8qxd+XC+NdI7ZcMbKG54mYaIhC6bZtgxAF6EoCIiIiISGcoAdABbpe7xx0BiJSt+7aydd/W414zOmU0WSlZDO87nMHJgxk8YQhjzkyhV5t+BJYFgWYb3z6bfTssqv5hknbSYPqP9NIvDgJ7I/QFRan4/qNxkYwrq5yWvX+8Wa/RmyvYt/5mdrfs7Cd9o5x4NhBoe/OQ1rP/PyAhB/xVv4bMu/COvw7WvES4GS4vBs42nRQRERERiWVKAHSA26UKACe1px/BmNQxjOg3gmF9hjF4wGAGDR9MQnxfAqYLj9uNKzErghFHn+Y1Vxw6uz/mWVIHpbY8BeAH9M25BHfjn9j9PngSwdrzz8PO+R86+/8DEhyIHcND8AiAiIiIiIh0hhIAHeAzffhMn9NhyDE0BZpYvWM1q3esPuK9gtMKuPaUa7F8Ox2ILBa0HgG4hNQcoPFP7G67qz+kbef/x2jaM5mkrLuALTRHYPcfwHDFYdtKAIiIiIiIdJYSAB2Q4E7AZbiwbJUhx5LsAdlce/I1mKbd0t1OAGhT8n/Uv7e17V72bDv018MqCSLF5QXbBFyRnllEREREpFvQb9Id4LN89I7r7XQY0kGPXfAYdiDA7iYlAGKZYXiwdQRARERERKTTlADoANMMkByX7HQY0gEvXL+M3RUVmIaLPT4wXPFOhySd5YoDHQEQEREREek0JQA6wMKmT3wfp8OQdnri0ido+PBjeo8fz8a9Nn7TxnB5nQ5LOskwvNr/FxERERHpAiUAOsC2bB0BiBH3nHUP/X1x1Pz293j69mXdThOfaYPhdjo06SyXB8PpGEREREREYpiaAHaAC4PkeB0BiHY5GTlMGZ7DB1dfQ/bjj7OjIdi00W/aGIZyXjHL8OopACIiIiIiXaDVUAe4DbcqAKKcCxf/ec5/8sHV1wCQlJXFu1sDADSbgPaQY5gBlul0ECIiIiIiMUsJgA7wuDz0je/rdBhyHC9Of4ENP/4xAFn338/+pgCtD230magCIIa5EwZiq4eDiIiIiEinaTXUAbZtk9or1ekw5BiKr/wNu5aXseeddwDod+65rK61Dr7fZFrHulVigCthCBh6ioOIiIiISGcpAdABNpDSK8XpMOQo5p0/l/id+/j8l78CYPD06QQs2NF46My4L+BUdBIK7sQM9QAQEREREekCNQHsCFuPAYxG12Zfy/h+2Xw8fcbB1wZfdx3r9xx9x98V1w/LtydS4UmIuHsNw1QCQERERESk01QB0AG2bZMcp6cARJP05HQKJt582OK/92mn4U5MYv3uYyQAvKriiEWuuP5YSgCIiIiIiHSaEgAdYANJ3iSnw5A2lly+hHX33HvYaxnfu51t+4/eLd62bQyPGjnGHheGJxmUABARERER6TQlADrCtvFbfqejkBa/u+Z31Dz/PI0bNhx60eOh1/BhrKw5RgIAMLxKAMQaV8IgbLPJ6TBERERERGKaEgAdlOBJIC0xzekweryFFy7E3LCZmt/+7rDXT3rwQfY2Hrvbn20rARCLXPGDsS11cRQRERER6QolADooEAgwOnW002H0aLd97TYyPGls+MHsI97r841v8NGOo+/+Q7ACwOVRH4dY40oYhIXb6TBERERERGKaEgAdlOCO5+T+JzsdRo81ceBEpp10OWtu+vYR7w0tKMAXsKhrPvb9pkXwLLnEFHfCEMDrdBgiIiIiIjFNCYAOsi2b8YPGOx1Gj/VI3iN8fJTFP8DAy6fxSd3xm8RZKAEQi1xxKXoCgIiIiIhIFykB0EGWZZHRN8PpMHqkF65/gc1PPIG5b98R76VMnowrPo5Ne47+6L9WpmVjuBPDFaKEiTd1ErZ1/H9bERERERE5PiUAOsGyLAYnD3Y6jB7lycuWsH/l++x8882jvj+ssJAt+068QxywwOXWoxxjieFOwvD0xVYFgIiIiIhIlygB0AkBK8DoFDUCjJTvn/N9+h1wsenHjx71fW///sQPGsSH20/cJT5gG9iuhFCHKGHk6TMWK6BHAIqIiIiIdJUSAJ2Q4IrnlLRTnA6jR8gbkce56ZNYd+t3jnlN1n/+J7sb2veIONMCw6seALHE02cithHvdBgiIiIiIjHP43QAsci2bMaljXM4iiv48bXfYXzTcq584/GW1+5m8Y1TGQbAftZ88C0eXN9yXRzgW8PTLz/Ia8Ddl73KybuuZNa7TsV/YgmeBO6ZdA+rpk077nXJp57KX6qO0/q/jYBlg0c9AGKJN+V0LEvl/yIiIiIiXaUKgE6wLIvMvpkORtBmUX/Ya1MZVr+cK597mjW+ZMaf+mOuGDOJkXFfsPy55XwRN5JJY4AxP+ashDW8GcWLf4A/XPsH1s+de9xrMmfN4kBzgMb2FQDgtwBX3Amvk+jhSR6FpQaAIiIiIiJdpgqATvKbPob2HsrWfVsjPHPr4n8/+33JHCxmHzOJkXHwxdZgNcCDL7/W8vqP+eZXRrh79Hj2bL2S1yIVcic8e2UJO998k/r33z/udf0vvJAPa9u/O+y3wHCpnDxWuBNHYJl+wHA6FBERERGRmKcKgE6yLIvRqU41AvyC5c/9gU1HvL6ffkNf5dUbX+XVG3/Pj8cA61ewyTeMqTdOZVj9uzxI9O/+PzLlETzb6/h8yZPHvW7ApZdiGy4+39f+3WG/aWO4vF0NUSLE03sstu12OgwRERERkW5BFQCdFOeK5+T+J/NW9VsRnvm1lt39K/jxEe8lw56nubKMYJXAqT/mivUPHqoGIHj2f8/WKyHv97w6MJlgMmEWjx8xljNmjJ3B2D6j+fi2G0547dBvfYuNezt2Ntxn2mBoQRkrvKlnYdna/RcRERERCQVVAHSSZVmkJw92Oowj7Gl4DXiNFXv2Q1wKo9q+efDs/91cOhDWfPA0a3zDOCvvCoeiPVxm30xuGn8TH8848eK/14gRePr1Y+1Os0Nz+E0bw9B/9rHC02eczv+LiIiIiISIVkKdZFsWYweOIzUh1elQgtavYJMPhvW/G4BRCcngq2Njm0uCZ/8fjNqz/7+85JesvfPOdl078p57qG3o+MKw2QSdJ48Nhrs34MK29QQAEREREZFQUAKgC8yAyeSMyU6H0eI1Hnx5OV/0mcqrN77K1D5fsPzlNov9wzr/P86bO2D817/D+LgveLfM+ZTAH679A1t/9zuatmxp1/WJo0fzXk07W/+34TNRBUCMiBt0AbZLj2wUEREREQkV9QDoAq/h5aKsi3h1/asOzP7aYWf7gx5n1nPHOM2//kG+tb7N3WXfippKgMcv/m/8n3zG9ueea9f1o77/fRqaAgQ6URneZKqcPFYkDJ6G2bETHiIiIiIichzaCu0C27IYkDiAAYkDnA4lZt3+jdtJpy8b5jzU7ntScnL4eGfnFvK+jhcNiAMMT2/cicN1/l9EREREJISUAOgqyyYnI8fpKGLS6emnc8moi/j3zJvbfc/g667DtGx2NHTtXLgrrl+X7pfwihswBbMzJR4iIiIiInJMSgB0kdt2c+GoC50OIyY9fP7DfHTDjR26Z/D06Xy2t+tzu7wpXR9EwiY+fRo6rSEiIiIiElpKAHSRbdv0T+zPwKSBTocSU16c/iIbFy3Campq9z29J0zAnZTEp7u6djDctm0MT98ujSFh5E7EkzRK5f8iIiIiIiGmBEAomDbnZZ7ndBQx46lpT7H37XfYXVbWofsyb7+dmn1d7wpnA4ZXCYBoFT/gfExTzRpEREREREJNCYAQcNkuHQNop9mTH6D3PpPqx37WsRtdLhIyMnivJgQJAFsJgGgWnz4N0zScDkNEREREpNtRAiAEbNumb3xf0pPTnQ4lql2SdQlnDPw6ld/5XofvHf3gg9QfCM2usA24PMkhGUtCzBWPJ/lklf+LiIiIiISBEgAhYtgG54843+kwolafuD7MOmMWH117fafu73vGGXy4IzQPhTctMJQAiErelDMxfY1OhyEiIiIi0i0pARAiLsvggpEXOB1G1Cq9ppRP58zp1L1D8/MJmDZ17e8XeFwWSgBEq6RRtxOwvU6HISIiIiLSLSkBECK2bdPL04shvYc4HUrUKb26lC9fe419q1d36v6BV1zBJ7tDVxJuWjaGOzFk40loePqcCp4+2LbtdCgiIiIiIt2SEgAhFGfEce0p1zodRlRZkLcA1+dfsvWppzt1f79zzsGIi6dqT+gSAAELXO6kkI0nodEro4CAFed0GCIiIiIi3ZYSACFkmxa5I3Pp5enldChR4abxNzE6cTjr7y3q9BjDb72VL/aHdkc4YBvYroSQjildY8QNwNNnHJYZmj4PIiIiIiJyJCUAQsz0B7hp/E1Oh+G40SmjmTF2Omtu/Fanx/CkpBA/aBAfbA/tM+FNCwyvegBEk17Dv41p6eNIRERERCSc9Bt3qFlwxZgrcBk9+1u76OKFrPluxx/319bo+++nrjG0i3+AgGWDSz0AoknCkCsJBLT7LyIiIiISTj17lRomB3wH+Oap33Q6DMc8f93zfF5cjK+mpkvjJJ96Kqu2h35R6LcAl86aR4uEIdcR8Dc7HYaIiIiISLenBEAYuCyD68d27nn3se5Xl/yKA2vW8uVLL3dpnIzbb6fJZ9LgD1FgbfgtMFzxoR9YOiUh49vo6L+IiIiISPgpARAmPl8z12Vf53QYEXXXGXcxyEpi48PzujzWgIsuZu3u8DwOzm/aGC49az4aeFMnYePVo/9ERERERCJACYAwMSyDG0+90ekwIuacYecwNTOXf+cXdHmsARdfjO1y8Xl96B7915bPtMFwh2Vs6Zj49GswLY/TYYiIiIiI9AhKAISRGTC57KTLnA4jIh6Y/AAfXn1NSMYaetNNbK4PyVBH5TdtjB7epDEaxKWejafPBCwrPIkeERERERE5nFZBYeSyXcwcP9PpMMLu5RkvUfXYYyEZKyEjA29KCmtqQ9/9v1WzCWCEbXxpn6Qx9+MP3z+ziIiIiIh8hRIA4WTb2JbF1JFTnY4kbJ654v+x++//oK6iIiTjjbz3Xmobwrsj7DNRBYDDEoZej2X00tl/EREREZEI0ioozLx4yZ+Y73QYYfHDnIdIrGtiy6JfhGzMpJNO4t2a8G4LN5kqOXda4sjb8fv17yAiIiIiEklKAISZbdu4bBenDznd6VBC6qqTr+K0/uOpvH1WyMYcVVREQ5OfQJjXhT6VnTsqcfTdBAL6RxARERERiTQlACIgnjgeOPcBp8MImf69+nPr127l4+unh3TclJwc1uwM6ZDH5YrrF7nJBADD24/4QZcRCHeWR0REREREjqAEQIT4/X7uPvNup8MIiWeueIbK738/pGMOuvZaTNtge5jP/7fl8qZEbC4JShpzP9r8FxERERFxhhIAEeK2XZw59ExO6X+K06F0ye+u+S3bX3qJhk8+Cem46dOn89neyDWEs20bw9M3YvMJuJPH4OkzEdM0nQ5FRERERKRHUgIgguJsLw+e96DTYXTaTy/4KdamL9j27LMhHTd53Dg8ycl8uityC0MbMLxKAERS8smzCZhup8MQEREREemxlACIoNaGgLd87RanQ+mwgtMKGBU/hM++f3/Ix86cNYua/ZHdFbZtJQAiKX7Q5die/liWzv6LiIiIiDhFCYAI89oeLhx5AcP7DHc6lHYbO2As15x8Nau/+a2wjN8rM5N3t0U4AQC4PMkRnbOnMjx9SBp9NwHT43QoIiIiIiI9mhIADvBYHh7KecjpMNrtJxf8hI9vLgjL2KMfeoh9ByLfFc60wFACICL6THwcn187/yIiIiIiTlMCwAG2bdPH25vrs693OpQTeuH6ZWz5n/8hsHt3WMbve+aZfLgj8k3hLJQAiIReGfngSVPpv4iIiIhIFFACwCFu282McTNITUh1OpRjeuLSJ2j48GN2vPZaWMYf8u1v4w9Y7G4Ky/DHZVo2hjsx8hP3IK5ew0gYegN+Ux8zIiIiIiLRQL+ZO8hlGvzw/B86HcZR3XvWvQzwxbNx/iNhm2PwVVfx6Z7IPfqvrYAFLneSI3P3FH0m/De+gD5iRERERESihX47d5BlWQzsNZBLR1/qdCiHOS/zPM4bPpm1heF7WkG/s8+GuHiq6pwpDQ/YBrYrwZG5e4Kk0fdg2r2wbWcSPCIiIiIiciQlABzmtT1cc8o1eF1ep0MBwIWL75/9fT68+pqwzjP81lv5Yp9z58JNCwyvegCEg6f3WLxpF2JahtOhiIiIiIhIG0oARIG+nr4UX1XsdBgAvDjjRT57JHxl/wCePn2IHzyYD76MfPO/VgHLBpd6AIRD7/E/w+fX4l9EREREJNooARAFDDvYD+CnF/zU0TiKryxm11//xt533w3rPKPuv589jZF/9F9bfgtwxTkaQ3fUe8J/49e5fxERERGRqKTf1KOEx/CQnjiYu8+625H5550/l/id9Xz+q1+Hfa4+Eyeyartzu/8QTAAYrnhHY+huEkffC/FZWJbO/YuIiIiIRCMlAKJIvBHP1wd/natOviqi816bfS3j+2Xzyaz/CPtcw7/3PZp8Jvv9YZ/quPymjRElfRe6g/j0K/GmTsG03U6HIiIiIiIix6AEQJTpRQLXZ1/PxEETIzJfenI6BRNu5uPpMyIyX9rFF7Nut/M7xD7TBkOL1VDw9BlPr8zv4LeUUBERERERiWYepwOQI8XbcczJmcOs/5vFrgO7wjrXksuXsPaee8I6R6v+F1yA7XKzpd7Z8//QUgFgKP/VVYanD30mLKSpyfl/UxERERGRnqyoqOiE12gFFKUMPzx1xVNhneN31/yOmuef50BVVVjnaTV0Zj6b90VkqhNqNgHUqb6r+p35vBb/IiIiIiIxQgmAKBZo9vPk5U+GZexFFy3C/GwTNb/9XVjG/6qE4cOJS01hzY7oWCz6TFQB0EV9T38Wf0BJFBERERGRWKEVUBQzMOjr6cMPz/thSMf97te/y3B3fzY8MENVP+4AABDgSURBVCek4x7PyHvuobYhOhb/AE2m5XQIMa33qT/Dcg3AsvR9FBERERGJFUoARDk3bk5JPYW7zrgrJONNHDiRy0dfypqbZoZkvPZKOvlkVtZEz2LRFz25iJiTdPKDWPEjMC3t/ouIiIiIxBIlAGKA1/YwMW0ihRMLuzzWI3mP8NFN3w5BVO034p57aGwK4Iue9f9Brrh+TocQU5LG/ABX37OwjSSnQxERERERkQ5SAiBG9PX24cIRF3DXmZ2vBHjh+hfY/KtfYe6LbCe+/lOmsHqn84/+OxqXN8XpEGJG0skP4ep7Lqalh4eIiIiIiMQiJQBiiAcPZ6dP4qGchzp875OXP8m+d1ey889/DkNkxzbo6qsxMdjeEH3b/7ZtY3j6Oh1GTEge+wjuvmdh2lr8i4iIiIjEKiUAYowXL+NSx/KzC3/W7nvuP/d++jbA5gU/CWNkR5c+YwZVe6Jz998GDK8SACeSPO4xSP4aAcvtdCgiIiIiItIFSgDEIDduMpMz2/WIwAtHXcjZg8+g8rbvRiCywyVlZ+NOTqZylxnxudvDtpUAOJE+E36BkTQOy9JHhYiIiIhIrNNv9bHKskmNS+W31/z2mJckeBL4jzP/gw+vuS6CgR0y4s47o7L0v5UNuDzJTocRtXpP/DV2/BhMLf5FRERERLoF/WYfyyybeDuOl2a8hNflPeLtP1z7B9bPnetAYEG9Rozg3W3RufsPYFpgKAFwVMljH8VOGIVp61F/IiIiIiLdhRIAMc62bczmAC9Mf4EBvQYcfP3ZK0vY+eab1L//viNxjZ4zh32Nfkfmbi8LJQC+yhWXRso5b0DSRKzozd2IiIiIiEgnKAHQTfiamlkybQlZKVk8MuURPNt38/mSE/cICJd+kybx0c7oLf8HMC0bw53odBhRw9v/PPqeUUqzDyzt/IuIiIiIdDt6plc3YvssHrvgMcx9+1h7282OxTHkppvwmxa7DjgWQrsELEhwJzkdRlRIHDULb9pFNDdH5xMbRERERESk61QB0M1YPhOPO45R99/vWAwDr7qKT+qifyEZsA1sV4LTYTiuz8Rf4R5wMX4zzulQREREREQkjJQA6IZMj4fkM85gQkkJ7t69Izp337POwhWfQFVddJf/Q0sTQG/P7QHgih9IytmvY8WNxLSObCIpIiIiIiLdixIA3ZQF2MnJnFZaSsq550Zs3uG33sbW/dG/+AcIWDa4emYPgLj+OfT9+m9o9ruwbH0MiIiIiIj0BPrNvxuzbZvmQICMu+5ixN13h30+V3IyCUPSeX97bLSP91uAq+eVvSeNvpteWffQ7NePv4iIiIhIT6IVQA9gejz0nTyZ8U89Ra8RI8I2z+gHHmBPYyBs44ea3wLDFe90GBHj6Xc6Kee8gTslF7/Vy+lwREREREQkwpQA6CFMgNRUTvn5z8mYNSssc/SZOJH3v4yN3X8Av2ljuHrG2ffkUx4m+eQHafZBwO55VQ8iIiIiIqIEQI9i2zZ+2yYlL4/TnnuO5OzskI097Dvfodlvss8XsiHDzmfaYLidDiOsvP0nkzr5b9DnDHxmz6l2EBERERGRIykB0AOZto3p8XDSf/0XI4uKQjLmwEsuYd2u6H/0X1t+08YwuuuPgIve435CYtZ9NDX5sKzunegQEREREZET666rHzkB27bxWxZ9Jk/m1Keeon9eXqfHSp06FTwequtjo/t/q2YTwHA6jJCLG3ghqZP/Conj8FsJTocjIiIiIiJRQgmAHs4MBCAlhYxZs5jwzDMkjx3b4TGGzZzJ5vrY2v0H8Jl0qwoAT+9xJI97lIQRd9DU1Ixpa9dfREREREQO8TgdgEQHv21j9OvHST/6EQc2bKDqscfw19Wd8L74IUOI6z+A1eubIxBlaDWZsVWxcCzupCwSR83C1SsT004gYHWfpIaIiIiIiISOEgBykG1Z+IG4MWMY/5vfsKu8nOpf/vK494y89152NsTOo//a8sVm2Ae5EoaQOGoW3t5j8Vtx+LXwFxERERGR41ACQI5gmSY+IGXKFFLOOYe6igo+f+YZrKamI65Nzs7mH5/F3u5/W664fli+PU6H0W6GN5XEUXcQl3oWgYBBs6lSfxEREREROTElAOSYAqYJbjcpU6cy4KKL2P3WW3xRXHzwaMCIu++msSmAL8Yr6V3elNhIALjiSRx1J/EDp+IPWDT7tfAXEREREZH2UwJATihgmgRMkz6TJzP+3HPZu3IlX5SWkjoll5U7Yq/5X1u2bWN4+jodxnG5k8eQMORavCmnY1oemn0GoMW/iIiIiIh0jBIA0m6maWICyWeeybgzzsCywYjxp+jZgOGNzgRA/ODLSRg6HcPTh4Adh8/UGX8REREREek8JQCkw1oTAS4XTEjzcMYQL1v2mlTvMdndFFsVAbYdXQkAd1IWCUOuJn7wNAIHagkYvbHN2PqeioiIiIhIdFICQDrNsiywfDQHID3Rw+AkLxgGG+sCbNlrciAGuuzbgMuT7HQYxA28mIRh03F7++O3PTQdOAAkBzMUIiIiIiIiIaAEgISEFQgAAQzDYFQfDyelxrPfZ7GxzmRLffR2CTQtMJxIALji8KaeTXz/yXj7n4Ppb8Q0ehMwo/d7JSIiIiIisU0JAAkp27bB9BMw/SS6XIwb4OHr6V627bOo3hNgd5ONP4rWuBaRqwBwJQwNLvoH5uJOHoPZvBubxJamfklgR9E3RkREeqT8gkKnQxARaZdnznQ6gtikBICETesRgaYApMW7SR3kxutx0WxCbaPFjgaLnY0WzaZzMZqWjdudGLbxPX2/RnzaeXj752C44jEtG8uOI9DkB3qHbV4REREREZGvUgJAIsI0TcDEb4LbMEhPdDMo0YXH7SVg2exosKhttNh1wKLRH7m4AhYkuJNCMpbhTcWTfBKe3qfgTswkbsB5WIFGTBLwm2abZn7a6RcRERERkchTAkAizrZt7ECwQ2AgAIZhMLiXi4GJHtxuD5YNOxttavaZNJvQ6Ldp9NuEox1ewDawXQkdvs+VkI47aTTevhPw9DkVd2ImhuHGNP3YRhyWadHU5CP4IxYD3RBFRERERKTbUwJAHGfbNnZLhYAZAAyDgfEu+sW5cLlcuF0GcW6DpoDNfp99MCHQGDiUHGj0dy49YFpgeA/vAWC44jHiUnG1/vGmYnhTcfcahDtpDK5eQwELy7Sw8WJZFgGfBcGHI6IFv4iIiIiIRCMlACT62DamaeLGBCtYMN9EsFKgj9ugl2HQN84FGLhdLrxug3iPQVMA9jRbxLtai+wNLMvGCg6JTUuyoc3fg08uHEif05a0LPb7guHGNpuxLH+wqSFucMVh2y5M28Z/sGmBgRb7IiIiIiISK5QAkJhh2za2beOGYHIAwAo2z29q6RvQz/WVm776968ywY8XPJnBrEGzRcuzAYD4Q9dZdvBiERERERGRGHWi5ZGIiIiIiIiIdANKAIiIiIiIiIj0AEoAiIiIiIiIiPQASgCIiIiIiIiI9ABqAigiIiIi4XPHQpZNGdrylwbWltzK/DcdjeiQOxaybAr8/YYiFh/rmksfpng6vHDLj3jjeOOctIEZ9y0JT5zSPVz6MMUFY0k66psh+tm49GGKCzLZ3Jmx2sbXsI6S4/03zx384vnRfHa0n50OjSORpgoAEREREQmPSx+meEo/1pbcyIwbbqRkLYwrWMgsB0Oateg5li26o51XX8rc6ZlsfuEEC5glRfyd8/lFe4eVnunNH1F4Q/BnYUbJOhpoOPizMeOG4y/YO/bfbWdcytzpY2Hts8y44VnWMpbpD196nMvT6Newl81dHUciTgkAEREREQmPN39EYZuFzRsrq2mgH2mxsh644wLG7VnVrp3UxX9dR78zHuay8EclEnqXnsGIpAY2r3wTeJP5K7eSNOKMY/73fNkZmbB55ZGJsQ6OI5GnIwAiIiIiEhGXnZFJUkM1K4+2oG4px1+7th/jxgWLpLf+/UY+O+k5Wk8QbP37jdzbWmV/WDl1m/LplhLoPVth6NCWYuutbzHjviVc9vAzLWOdz7JFMOOz4NtpDz/DspY5G9Y++//bu3+YNs88DuDfStfJQ7xEauXhHOlYzmvoCqrawZnb3BhyncjGZQ8Ke5QtnvLnbgLSGQ+tKroeXclCpJDBuUoszuCpQzrYENtnG4cAhryfzwjmeR9Lz/uK5/f+fr8nt9e6E7wzV0lr7+7QHMeUMzQP0l66nvl6snVRShy4ZJbzcGMhhyvscL3/37r9V2NoLQ6u2/HDP8jm/NvRKfnVKymlnYP+IUpXUh05UD3z1WT/+YjrfdA4zIIMAAAAzlb9Xp5urGepVkprZ1I6fSXV/NgrF+iksrieub1uivR2K6kcvWFfzsOlv6e9Pa60oJRKfnufal3ppudvrf2Q7VaOAgLD17y53Uqp9l1W691rzFU6aR/lOC/nYV85w83tdmrf97/xb2SvVUp1/rKkN3Cx1LP6ZCHl3X8frcXK4uOs1ket2+G12Eqp9s3xpTWNu7k5qR6/P6V//206Yweqplwa2uSfaBxmQQAAAICzdVj7/OxFyovrE2rlW9npvcXcOmgnaWWvt0/fb/dtI5b/lkrf77bWfksrlcwdjdvJ7k+9XzYP0p44uffXHNis1K+mPPwmM6XUvu1dZMxmqlT2rpMTGEidT9L4ObudcQGlRlb6SmtuXC2f2zSTdO+/1svxjTO50JQAAABwPppr2fl2PYtzy0lO3jH/xtVy0nk9ogHZWWpk5R/Jw42FbG4sdH80kEnQC1Kc816MT8So1Pmx6ll9ciu9qpV0Oqf0jr0/Vb96ZcxpBd37r9OecPdNOQ6zIQMAAIBzUs/VciZvHqawddCeUV1xIyv9Xdwrg53/q2VbHU5o/+30DTKXv0mt1Mp2by3e3pmc4zL99YeM6fI/X837TIUTj8OsCAAAAHA26vfydONxr6Y+vY1LZ/zmYVqNlwMp/zfuXR8oCTgVzYO0+zdkw9+leZB2+nsEdH1scIOCau5kvz/l/9h75XBt1rM6XxnzmQ+9fiXz9+pHY3bGdfnPmEaeHzIOMyMAAADA2Wiu5fZ2O7Wl9WxurGdzsZLW9uTzzqfTyEqvn8DmxnqWasnus7tT1SQ/2msllYVsPjnuyL5uU7+jkv7h77KxkPLuj33fpds08KODGxRUM/f/+WvatVsj75WBddvrD9Bdi98lOy+myx5YfjBh3Tdz//mLpHYrmxu3UsuLPB91qkD1Skrtgwkb+inHYWY+e/fu3bvTHPDVq1f58osvTvz3fzz6Okny+Z1fTmtKAGfq8Ll1yPMLuCyGn18//PevM5rJBbX8IJtzLwfq/Cd+dtwRa8Cpe/zV6ySX9/+u//3+e65du3aqY7558+bYz8gAAACAURo/Z7d8/X3a/wR35irHHHEIMHsCAAAAMFIz95+/TvX7Y8oFlh9kMb9m5TR7EACcAccAAgDAOM213D6uhLlxNzfPZTIAH0cGAAAAABSAAAAAAAAUgAAAAAAAFIAAAAAAABSAAAAAAAAUgAAAAAAAFIAAAAAAABSAAAAAAAAUgAAAAAAAFMBfZj0BAAAuhv88ezrrKQBM5Y9HX896CpeSDAAAAAAoAAEAAAAAKAABAAAAACgAAQAAAAAoAAEAAAAAKIALewqAro7AZeX5BVxWnl8AnzYZAAAAAFAAFy4D4PM7v8x6CgAAAPDJkQEAAAAABSAAAAAAAAUgAAAAAAAFIAAAAAAABSAAAAAAAAUgAAAAAAAFIAAAAAAABfAnO2411e+qejoAAAAASUVORK5CYII=" height="600" width="800" />
Actual:[Assign Leave, Leave List, Timesheets, Apply Leave, My Leave, My Timesheet]-->Expected:[Assign Leave, Leave List, Timesheets, Apply Leave, My Leave, My Timesheet]]]>
  </system-out>
  <testcase name="getDashboardQuickLaunchItemsCount_006" time="2.590" classname="testcases.DashboardTest"/>
  <system-out>
    <![CDATA[<img src="data:image/png;base64,iVBORw0KGgoAAAANSUhEUgAABAAAAAKOCAYAAAA4d2sRAAAAAXNSR0IArs4c6QAAIABJREFUeJzs3Xd8VfX9+PHXGXfkZi+SkBBG2HupqITlwrpHXbUoam2/dvkt7a/SIVLbYoejtUvtt1DUqiiiiBasggoOZIsQtmxIbva485zz+f1xby4JJASVIfX97ANL7jnncz7n5pJHPu/P+/P+aEophRBCCCGEEEIIIU5bU6ZM6fAc/ST0QwghhBBCCCGEEKeYBACEEEIIIYQQQogvAQkACCGEEEIIIYQQXwISABBCCCGEEEIIIb4EJAAghBBCCCGEEEJ8CUgAQAghhBBCCCGE+BKQAIAQQgghhBBCCPElIAEAIYQQQgghhBDiS0ACAEIIIYQQQgghxJeABACEEEIIIYQQQogvAQkACCGEEEIIIYQQXwISABBCCCGEEEIIIb4EJAAghBBCCCGEEEJ8CZinugPHS02olt0N+9hZt4u9jfvZ33SA6lANITuEoxxQ8RM1cJTi3IIzuXPwZHRNYiBCCCGEEEIIIf77ndYBgIgdYX1lGUv3vcv6yo3UhGuwiQ32NTQ0TQNA00BTWiwGoEHUiTKi0zAZ/AshhBBCCCGE+NI4bQMAZdVbeXbT86ytWg8KdDQ0XcfEAGKz/LZjk+nJwEHRFG1E0zQsx2JozmCG5Q0+xU8ghBBCCCGEEEKcPKdlAGBz9TZ+/t4viToRDN1E0xQqPuvvKAfLscj2ZjOucDQRJ8K7Bz6Izf4rhQPc3Pd6TP20fHQhhBBCCCGEEOIzOe1GwfXhen6z8iEsJ4KpG6jYyB+lKaKORZorhet6XU3frN4s2/8+i3a9gYNC1zQidoTxhWPpnVlyqh9DCCGEEEIIIYQ4qU67AMArOxZyIFCBz/AmXos6FqZmcnWPy7i85CvUhGp4ZM1f2d2wB1M345kBCpfhZlL/6xO1AYQQQgghhBBCiC+L0yoAUBuq49Wdr+PR3ShAKYWtbEbln8mNfa6lOK2IhZ+8wRMbZgHg0k0UoGkaESvMpL43kePLOaXPIIQQQgghhBBCnAqnVQBgW+0O6iL1eHU3UWWR5cnkjgG3cG7hWYTtMH9e8zhv7F2CoZno6CgUmgaWY9E1rZhLSyae6kcQQgghhBBCCCFOidMqALClZitKOVjKZlxhKV/vdwO5vmwqg9X8duUf2FSzCVNzoWkcqg2gFArFd4d8C58r6VQ/ghBCCCGEEEIIcUqcNgEARzl8VLURQzP49uA7Ob/rWHRNp7ypgt+sfISttdtxGy6UgljJf9CAgBXirkF30De716nsvhBCCCGEEEIIcUqdNgGAoBXErbu4b9RPGJE3BAB/oIr7PniAfY37cesuILbevzkKELTCXF1yOV8pufAU9lwIIYQQQgghhDj1TpsAgK7pfHfoN8mNF/GL2lH+sOav7GncFysKqClQKlEYUNd0buh1DTf1+yqGZpzi3gshhBBCCCGEEKfWaRMASDKTSDJja/iVUvxr0wusqFiFx0wihIWmNNyGm8LkAs7sNIyzC86kV0a3U9xrIYQQQgghhBDii+G0CQC0tKNuN0vKP+TsojF0S8qhW3IBnZLzyE3OI8eXg6bpp7qLQgghhBBCCCHEF8ppGQDokpLP38c+gGZbOE2VmME6VCSKsivAtlDeDDS371R3UwghhBBCCCGE+ML44gQAlIMKN0I0CJ4UNFcStDOT76rbi7PhVZzNi7Fq9hJSKlb8TzdQhhsjqwi9aChmSSlGwSA0T+pJfhghhBBCCCGEEOKLRVNKqVPZAdXkJ7p9Kfb2pdiVOyASBG8aRmYXjIJ+GN3OxsjtDabn0DWhOpy6faiGCpya3dj71mEfLMNp8ENzMAAADT23J+6hV2L2vwTNnXxqHlIIIYQQQgghhDiBpkyZ0uE5py4A4FhEPp5P5P1ZOLX7QNdja/c1HeU4aDgoBZpuYHQeiGvYVZi9zkMzvW02p5qqsP1bsba+RXTT6xBsAF1HAZpSGJ0H4Cn9H4ziM0/ucwohhBBCCCGEECfYFzYAoML1hN96hOjal0E3Yn8AHAeUfeg8TUcjVvVfA4yuI/CMuQujYPBR23dq9xJZ/zLRD59G2VE0w0TZFmga3gnfxz3setC/OKsfhBBCCCGEEEKIz+MLGQBQ0QDBl36ItWM5mukGtNigX4FeOACjywj05CyUbaHq9uH4t2GXb4ktDVAOGC68V/8eV4/RHd7L9m8mtOhXOPs3guECpVB2FM9ZN+MZ+z3QjBP/wEIIIYQQQgghxAn2xQsAKIfgf2YQXT0XzRVf0+9Y6MnZeM77AUbJmCNT/O0oTt1erK1LiKydh6rZB4ZJ0lf/gNnt7I5vGaoj9J8HsMreAMNEAVgRvBf9GPfQ6477IwohhBBCCCGEECfbsQQA2i6zf4JEP34Za9ULLQb/Nlpydmww3+fCttf3Gy70rO64z7qN5Jv/gfusr6Mcm+DL96CCtR3eU/Om4514L2bfCWBF0QDNcBFe9AB21Y7j+4BCCCGEEEIIIcQX1EkLADj1Bwgt+SOY7tgLClAOSVc8gJ7b55ja0JJz8Yz/X3zX/B4VqCHy0UvHdp0rCe+FP0XL6wW2HdteUNMIL34IHOtTP0s4HCYQDOI4zlHPU0oRCoVoCgQIh8Of+j4diUQiNAUChEKfv+1oNEogECAQCBKJRLAsq93nO9akEcu2CQaDBAIBIpHI5+7jqeAoh/KAn6AV+sxtROwoFYFKnFO74YYQQgghhBDiS+6kVcKLrn4WgnWHtvOzQrjOuQ2jcOinbsvsOR7fdY8SeutR3MOvR3MldXiN5k3De+FPCD41GXDAcGPteA/r4AbMzkNanVteXsEHy5eTmZmB7TiUnnsupmlSX1/P3HnzWLRoEfUNjTz6yCOUlPQ44l779u9n6dJlvP32O3yycyehUJDsrCwGDhrEmDGljD7nHDwezxHXtVRTW8v7739ASkoKtbW1jD73HLKyslBKsXbdRyxcuJD1H39MbW0tPl8SJT1KGDt2LOPHjSUpqeP3A6ApEGD1mrUsWbyYNWvX0tTUBJqGoetkZmaQm9uJZJ8Pr9eLz+ejrqGeygo/3/3ud+nfr2+bbUajFmvXreWtt9/mgw+WU11djVKK1NRU+vfrx3nnnccZZ4wkMyOjzeu31Gznw4MrSTGTqQrVMKzTEIbnHb3oI8CHB1ezvWYHHsNDZbiai7ueR5e0IlYdXMMa/3psZZHpziBoh2iKBqiPNGJj4TN95Pk60SezF/2z+5B0WBZKY6SR7y75EWfkDWfKiO+ga58uZqZQ/N/HT7J033s8PPbX5CV3+lTXCyGEEEIIIcTxclICAKqpksj6BbFCfABKgScZ97DPvgbfLBlLki8r1taxXpPfD6PrCOxdq8Ew0TSN6EfzjwgAfLxxAz/84Q9RwKhRZzF+7FgOHDzIt+76Nhs+Xo+hG2i6jvuwQXxjYyOz/vkkf/rzn3C5XAwcOJDi4i5EwmFWr17NqlWrePbZZxkzZgzT77uPzgX57fY1GAzyk5/+lEAggGEYvDL/ZbxeLw/89rc888wzaGiYLhPlKMKRCOvWrePFF1/krFGjeGDGrykqLDzqe7FhYxnTpk1j5cqVdOvenTtuv53hw4dh6AYfrV/PzJkzee+990hNTeOrX/0qlmVT6a+ktq6OcLjt2fDNW7bw0COP8OYbb2AYJjfeeCOjRo0ixedj247tzJs3j2eefZa+/fpy3733cs7ZR9ZwCEdDPL35eVy6iVKKHhldj/oczSqa/Mze9Ayu+Gfs7Pwz6AKs9X/M3O0vk2Qk4eDwtd7X0SW1CxEnzPbaT1i89x3CdghTc9EttZgpI75Ll7RD711FoJKwE+adfe9xRY+L6Z3V65j602xf/X4W7Pw3pmYQtk7PLAghhBBCCCHEf4eTEgCwystQTdVorvjsqh3FHHAxeurnmw01CgZ9ugt0E7P3BOxdKxNf2zveRYXq0LzpidOSfcm4XC6i0Sg9e/YkEAjynW9/h3Vr1pCZnYUViRKOhEn2+RLXBIJB7vzW/7Bq1SoemDGD0tGjycjMwDQMLNumvLyChx95hPnz57NkyWLq6+p4cvY/cbvdbXY12ZdMbm4uu3fvJi0tDbfLzd0/+CFbNm9ixq9/zcCBA8nKzKKquoolS97iz3/5C0o5fPD++3z3e9/nmaefwutto6YCsLFsE9ffcD0N9Q1cf/31TLv35yQnJyeO9+nTm4suvID/9+Op/OfN/9DU2MSPp/8Qj8fT7rKAVavXcOttt9HYUE+fPn159I9/pFfPksTx0aPP5aYbbuD5F+bys5/9jFtuncxjf/srE8aPb9WOrSk8uhtD11FKYWiuo39P49ymG7fhxtAMNDTcRux9NXUTt+5G4ZDmSuGykol4W8zyX1FyCb9b9Ud2NexmR8Mn/GrF73l4zK9JimeV1ITrYkseNJi37VV+dMb3jjkLwFEOT256Dg0NBdRHGo7pOiGEEEIIIYQ4EU5KDQB71wq0FoMmhcLscS6gnYzbt6Jnd0c131fTcRorcRoOtjonJzsby7EBSE5K5vG/P8HBigr+MXMmL734Ii+88Dz33TedaPTQjG5DfQP1dfW8+sorXHXlFeTkZGMasW0GTcOgsHMBv7r/F4wbNw7DMFi5ciXzF7zabj9N0yDJ60HTNEzD4Kc//zket4tX5r/MtddcQ98+fejUKZd+ffty1/98i4cefBClwJuUxJo1a3hz8VttthsMBvnhj35EOBwmJzeXe378/1oN/pulpaXxq1/eT3p6Ov965mme+PvfY++frqPrrT821dXV3PXtbxMOBsnKyuaxv/2t1eC/mdvt5qYbb+Arl1yCY9t866672LlrV6tzUs1kNE1DKXBQZLrT2n2PWvLq7vjHSaFpGimueHBG19A0HQ0NTTcJ2a1n4YtSO/OtQbehlINLc7OvaT/rKzcmjh9sOhgLKOgm7x1czo7aT46pPwAbKzfx7oHluPVYMKIi6D/ma4UQQgghhBDieDs5AYADG0E/lGyg6SZ6RueTcesjaQaa0WJWWYHj397qlLr6OkzDwOPxMO/leSxcuJAXnp/DhHFj6VpcTJ/evbnphuvJy8tLXJOU5OWhh35PzzYGvs08Hg93/c+3sGwH02Uyb948otFom+eaponhcqNpGtU1NWzYuJEZv/4VqampbZ5/0YUXcPPNNxMMBvF43Myd+zyWdWSBw483bGRTWRmgcfnll5OVldVuf7Ozszhvwnm43R7++te/cbC8/IhzlFL88dE/4/dXYDsO3//e9+ha3KXdNjVN4xt33IFhGtiWxZ///JdWRQUtZQEaaKBrOmHV9vtzOJ+ZFFsNommgaURVLICTaiajlIOtFB7dhVs/Mumlc0o+ya4UHBx0dHY17E4cqw834OCA0lAontv8Io46evFHAMuxeHLTc+ia1hyXoCbU8a4VQgghhBBCCHGinJQAgGqqjFXej30Vm4H3tl0E7sR3xokNEokNOjVdx6luPQutiA0+0TQq/H5+9MMfUZDf/np9iM2Y9+7V8frwwsJCMjMy0DSdPXv2EGpndwDDMEj2+XAch3A4zPe+8x1SUlKO2vZ1116buHZj2SaaAoEjzlmxYkV8Bl8xZMiQI44frk/v3ui6TigcYvWaNUccP3DwIM8+9yxebxLJPh8XXnhBh21269aV/Px8XC43Cxcuorq6JnHM0M1DH0oFXuPoxRKbBZwILs2ILxvQ8RmxNP9MdzqWstE1DVPTaSvrxHbs2EeCWNZBliczcawiWAkqnrWimXxYsZodtTs77M/Kg2v4uHojpmaAFru+NlJ/TM8ihBBCCCGEECfCydkGUCmaB9yJAViwpr2zTyxNBytKy4GgCrceKLtcbhQK27IoLCzkzDPOOG6397jdZGdno5SDZVntbg9oGAZJHg+2bWMaBkMGd1wJPys7i8zMTJQDgUATjY2NR5zzyc6dmC4T0EhNOTL1/3ApqamJQov79u4/4vjSpcuIRqPYts3IkSPIzcnpuM3kZEp6lMS2SQyH2LjxUMp9kuGNfVKUQqESA/mOJBleHByUUmhoeOI1AJrsAKZmoGsajmrOMGitIuCnIRJ7rzy6i+GdYjtThO0IB5oOYugGsSF87H9PbZqDHc8waEswGuSfZc9gaiaGFss40DQNf8CPQrYCFEIIIYQQQpwaJycAoBmtv3aiOA2nZj20CtaiWqZwO86h3QnimtfuW7bNgP798bUo9vd5OUoRDAYS9zHNtuswKhVby65pGh6vl+zs9lP1W/Y7OysrPkyFUOjI4EJ2dja2HRsoO3bHqey1tTVouhZbB+9u/T45jsOHK1ZgGAaWZXHWWaMwDKOdllr00zRjgQqlsKwoDS0CFa74Z0VBq2J+HUlxJSWK9WnEMgkA6iONmPEdBdB0zMOWADREGnlq03MoFJZjcXv/SWQmxbJTbMeiMlgFwCXdJuI1PJiawYryVWytbr1spKX3969ge/0n9Moo4cqSS7EcGw2NymAVEfvYljQIIYQQQgghxPF2UnYB0FKycWr3oiUCARr2rg9x9Rp3Mm7fiuPfFq/JHs9J0HUOL+puGAao2EqB5ORkDOPzxUmUUtTW1bFt23ae/tfTVFT40TUd3dBxu9qucq9pGnUNDbjdbnRdQz+GgbXjOEStKLoeK3rn8RyZPj9yxHAe+9vfMEyDXXv2dNjmtq3bE2vre/fu3epYJBJhx44d6LqOYRi8uXgx9fUNVFdXkZqWjsfjwuvx4iiHUDBMKBwiGAzSKTeXlatWYRgGTU0RGhtaZCrEc/G1+H+e3/oSnZJyMHSTBqsRXTPwGl50dIJOCNuJ4jOSOBAoR9P0VkEAAD3eXvN3PGJH8Boe6sMNbKreypNlz/BJwy4yPelM6nsTF3Q7tCtBIBqkLlKP7Vh8pdsFuHUXz26bi6mb/H3DbH4zeno8O+CQYDTI7E3PYGoGX+11JT7Tx3Nb52JoBvWReoLRYCI7QQghhBBCCCFOppMSADA69cLZsxqIDZY0w8Ta9Dpq9Ddbbb93wtlR7F0fQnzQFivO5qBltC5ap2mxEIFSoOsdD7wPV1NTy85dO9m+YwdbNm9hy7atVFfVEImE6N6tO1lZWVRXVWF0kAHQnAWg6zpNbaTzH86JX9P8DKlt1AwYPnw4WVlZ1NXX8eYbb3LLpK/jaqcP9Q0NvP3OW2iaRkFBPgMHDmh1vCkQwO/3xwIOmkZlpZ93lr6DLzmZZJ8Pj8dDOBzGNHTcbjeWZWPZFtt37KBr164UF3dBKUVBwWH1FeIlGnQ0PmnYRXnIj46B23Dj0k1sxyGioqAclHJIMpOoDdcduvaItlR8Bt7Pz977JemuFMqDlVSHqhmSM5jzisdzVsEIClMKWl3qD1ZiYeM2PKS4k7m4+wXM2TYPQzfYVLOFj/wfMyyvdR2FBTsWciBQztCcQYzMG8aOup3o8U7VRhuOqYCgEEIIIYQQQpwIJycAUDCQqHru0AuajtPgJ7plCe7BV56MLgBg1+3D3r+h1Y4EKBs9v1+r82LryON/b2ff+7bs27+fOc8/z5w5c6ipqaVnz55ccMEFTLr563TpUkRhYSGhYJCbbv461dVVmKaLQCCA293xjLCmdbxlYnO1eU3TcLvdhMIh0mm9jV5WZibTp0/n+3d/n5WrVrJgwatcdeUVR7TlKMXjjz9BZVUVhm5w7733HhFQcJkmkXgNg0AgwLSf38vo0ee26quu662CGS0r/jf//fBtBZuL7oHG3UPvokdGtw6ffYO/jJ+8/wuOiAAoUPEgQIY3C9BYV7UBUzMxDZMbel9Nn+y2izfWhGqx7CjZvix0XSfHk835Xcby5t53MDSDf2x8iody+uOKLyGpCdYwZ9tLaBrc0u9GDN0g1ZUK8Z0AonaE+kgDWUmZbd5PCCGEEEIIIU6kkxMA6DwIXF5w7EMp3qaX8FuPYJaci56cezK6QfTjV8COgOklNjJU4E1HP2xA5jhOLI1ciw2Ej8WGjRuZfNttlJdXUNy1K//3f39n5PDhR6Th19fX09TUBMS2BdQOH/zGaZqWKL53rAzDwB0vHOhyudoNGnzl4onU1NzHI488zE9++hPqG+q58IILyMzIQClFhd/PP/4xk1mzZpGVlcVPf/ZTzhs//oh2FGDGlzCYhkEgEGyzBkBzLYPEcx0TDVvZuPW2l0gcKTbLf8SrWqyWgIMiyfRxz4jv8+i6x9hYvQnLtvj9mkf5zbnT2xyUH2g6iIMi05uOJ74bwbW9ruTtfe+hUHxSv4t3933AuOJSAF7ctoC6SB3n5J1Fn6xYUMFtuPAZXkJ2GKUcqkM1dEsvPsZnEkIIIYQQQojj56QUAdTTO6N3OwvltKjArhsQbCC06Neok1AYza7dQ3Tls2C4SexI4NgYhQPRk1tXrndazvofwyC8vr6ByZNvo7q6hs6FnXn6ySc59+yz21yDb0UtLMvCcRQetytRcPBwSimSU5KxLOvIPrVD1w00iO0cYBr4ktouXqjrOl+/+Wv84Q9/RNN0fv3rX3Pz1ydx+ze+weTb7+Drk27h/fff5wdTpvDK/Plce/XVbQ7ck7xeiooKse1YYGff/r0d9rEj6rAU+baq9rfFaq7KrzW3E88uULGsAx0IWQHyUzpx97D/Ic0dy4woD5Tz0Jo/E23jM7i38QA6GunutNi2kEBhamcu6XYRUSeKqZk8uXkOYTtCRZOf+Z+8hkt3c3Pf6xK1ATRNJ9WdFvvEaVAeqPh0b4gQQgghhBBCHCcnJQMAzcAz8noCW99q8aIC0429dSnhN3+D97z/Fx+cH38q0kj49V+jrDBay4r/ysbV76JETYBmscG2BmjHlAHw5uI3qfBX4DJdXHvNtRR3KTrq+Y5j4zgOhmEemf4ep2kapunCikax3W5S2ljPf7hwJEzUiqJpYOgGptl+/YLlH65g+v33M3nybdxw3Vdxu134q6pQSpGTlU1mZgZe79G34HO73QwbNpw1q9eAprGxbHMi1f+zijp2LPsi/rZb9rEFAAJ27LkVsQF/NB5syvFmE3WiuAwXGhC0QuQn5/HzM37Ej979OaZmss6/nlkb/8UdgyYlsghsx+ZgoByFItubnQgAAFzc7Xxe3bUIlKIiUMG/d/yHfU37CdkhLio+j5LMHolzfS4vqa5UygMV2KjEdoNCCCGEEEIIcbKdnG0AAaNwGGbRUDh8QGe6iK6ZR+iN36AigeN+XxUNEnr9V9g7Vxw2+HfAl4nZY/QR1zTPtmsaOM7RAwBKKZYuexePxwuaRlFh4VHPj0QjWJaN2+0mGAq2WhN/eB8ikUh8yYQ6pq0IbcsiGo1iGiYKRTh85DaAAH5/JV+f9HXsaJTvfvsuunQpIi8vj4H9+zNowAAKCvI7HPw3u/yyS1FaLBiwePGbVFR8vu0dm+xg7C9abOvBBuvYPhOWE0FDRwcc5RC0Q0Aso0ARez8NzcClxWJefbJ78Y0BtxB2Irh1Fy/teJVlez9ItBe0QlQE/GjopLtTW92rc2oBF3U5j6iycRsuZm96ljf3vI2pmVzW4+JWARCX7iLF7YvVNFCKmnDtZ39zhBBCCCGEEOJzOGkBAM1w4xn3vbYHvKab6Lr5BF/6AU7ltuN2T6f+AKFXphLd+AYYrdeSKyuKe9QtaG2s/bZsi0Ob0XWcARCJRGjebK6+of6o57pMF01NTYnq/u2xLIumpiZM00ApqK7peOColIqn48dWLkQibS+tmPfSS0SjFjm5Obhcny8JpF/fvpw/4TzC4TCNjY08+dRTn+r6ysrKVp8Jt27gKAcNiA3dj60Ogs/0xpcLxNb7R5zYs1eGanHpBpoWWybQ/DrAJT0uYkLR2EQQ4OE1f2Z7zScAVIdqqIvUo+mQ4c044n6Xl1yMV/fEV4goIk6E8YWllGR0b3WerumkudNQKHRNo7zJj928XEEIIYQQQgghTqKTFgAAMAqH4D77FoiG2jjowt65iqanbiey8mlU42dfK63CjUQ/fpnAv+7A2ras9cw/GjgWenYx7iHXtNOAwlGxAVs4Eml3lh5iqfrDhw0lEolg6DpvL3krsW7/cOFIhIcffhjLsrBt+6hLACzLIhQOJSrnB4Mdz4SHQmFCoTCOo9B1jdTUtpcNhMNhTNOkrGwT8xcswF9ZSSAQwLIsAoEAwWCQcDjc7nO0pOs606bdS1paGoZh8Pf/+z+ee/75Dq9TSvH8C3P562OPt5oxD1sRtHgaf2wrxmPbhaEmVIeBDiiUApcWW/5gqUg8hKARsSPoLXco0HTuGDCJvKROKOVgK5tfrfg9jZEmInaEiBNBUxoZ7rQj7leQks+ELmOJOtFEsciv9r6y1VKBZpnedBQKDZ3yYMUxL2sQQgghhBBCiOPp5NQASNDwjLoNe9cK7P0b0EwPh2Z4FRgmWGHCbz5EZNWzuAZfhtlzPHpGEZor6ehNOzZO3T6sXR9gfTQfu3wzoMVn/lsM4JUNSpF06f1o7uQ2m0pPz8CyLQzdwIp2XKDw4okX89DDj2DbNitWreKvjz3ON26/rVUa/aZNm5n+i18wYMAAevTowa5dO9m9ezfVNTV0Lig4ok3LtolGohAfDLc3m9+SL9lHJBxGKYXjqHYDFxMmjOePjz5KJBLhJ1N/QlZ2Nunp6XjcbhTgdrnweL14PB7y8vLo368f55xzNt27tb0dX0F+Pn9/4gm+9a1vUl1dw7Rp09i7dx833XA9BYc9WyQaZePGMv4x8x+89NJLPPa3x1odD9thHOVg6gaacmiMBjt8bgBTN4gqC7cW+37XRuoppDNhOx7A0WIBAPuwYorp3jR+PPJupiz9KS7dhT/o528f/YO+mb1QSmFoRrs1Da7peRn/2b2YsB1lZKdhdElru/aDx/Cgo6NpGtWhagJWEI95ZIFIIYQQQgghhDiRTnIAADR3MklX/o7A07eh6itig/5WJ2hgulENFYSXPk7k3ZnonXpi5PdHzy1BTy+IbeNnW2AYqIZy7Ord2Ac24Bwsg3B9eIi1AAAgAElEQVQToIHexqMphXIcvBOnYhQMarePBw4cwLYswtEQ0UgkXrCv/YJ6BQX5/O63v+X7d9+NUoo//OER3l22jLNGnYXLdPHR+o9YvWYtU/73f7nh+uvo/UJvfnzPPVRXVXHHN+5kTGkp11xzDb16liTaDAVDlJcfTKzjb2xs6PC9rampIRKNEI1Eqa2pIRAIkpR0ZOCkf79+PPzQQ/zx0UfZs2cPfr+f8vLy2PIBwDB0YmNmDV3T0HQdj8fDjTfewPe/9z18bbQ5fNhQ5jw3h9/+/ne88cabPPrHPzL7n/+kdMwYenTvji85mbraWlasXMH69R/TrVs3/jnrn4wpbV2DwVEOjnJQGCggarddx+CIZw/VxWfftdgSgnjsQ0fHUjYezSDsRKkJ15Lmab2mv3dWTyb3+xozy57GbbhZtv8Dlh9ciVt34+BgtvVZAjol53JB8Xhe2vEqN/a6ps3Zf4BkM5nmbQrDdoTKYDWZbSwrEEIIIYQQQogTSVNHy28/gey6fYSeuwu7dt9hKfptcByIlVED4nvJaxqqeTY3PsOraXq8aF4blEI5Fp6xd+E5azKJ/eLasHXrNua+OI/snGxs22LyLbe0uaXf4dZ99BFPPvUUH3ywnOqqKnTDID09jQnjz2PyrbfQo0dsfbht2yx49TU+/PBDdF1n5MgRjCktJTPzUD2Cg+XlzJ79JDk5uVRUVHDZZZcwoH//o95/67ZtzHvpZXKyc/BXVnLH7ZPJzspq89yGxkYeevhhnnnmGYYMGUrvPr0pyC8gOyuL2tpayivK2bp5K2vWrcWyLAzDIBgMcNNNX2P6tHvbDYhYlsVHH61nwWuv8e6yZew/cADLsjANgySfj3PPPYdLvnIJ55w9qs3ChvsaD1LeVI7LcGE5Fnm+TnROye/wvd9e+wmNkUY0Xce2LbqndyPDm84ntbuoi9Sj6zq2Y9Mvqzde88gCh2E7wurytfjMJFyGm2TTS8SxabKa6J7WlXTPkcsAAOrDDWyv38mQnAHtBgAqAn72NOzDZbiwHZse6d3abU8IIYQQQgghPospU6Z0eM4pCwAAOLW7Cb16H/bedWC6IL6G+2gUrYfuh3/d9o1iM9ue8d/DPeImaGeg1u49P8XWdkopKiur8PsrSPL56JSbS3Jy20sNTpUPli9n6k9+SnZWNvfdN43evXridh+5BWM0GmXLtm088MBv+PDD5bhcbkKhEPNffpn+/fp2eJ+mpgA1tTXU1dWRlJRETnY2aWky8BVCCCGEEEKI4+0LHwAAUKE6wh/8g+iKZ2Iz+YcvCTjWdjg8EBCvI29b6Kmd8H5lGmbXsz5/h09zZZs2c+lll9G7d2+e/dfTpKend3hNfX0Dt952Gxs3biQajTBt2jQm3XzzSeitEEIIcfJUhqr54/q/8UH5CqrDNae6O+IwWZ5MRuWdwfcGfYscb9sZjkII8WV2LAGAk7oLQFs0bzrecf9L0g1/xugyFBwrMWP/qdpp+YUC7Cg4Du5hV+P72t9l8E9sF4J7p91LNBphyg9+cEyDf4C0tFRuuulGotEohm5QWVl1gnsqhBBCnHwPrfsTr+1+XQb/X1DV4Rpe2/06D63706nuihBCnLZOehHA9phdzsC4diD29reIrJuHvWddLBCgGShN6zgFXylo3jJO1zH7X4h72LUYhcNOfOdPE9u372D9R+tJS0uje/e2K/q3p7hLMYZhYFkWXYuLT1APhRBCiFPnvYPLT3UXxDGQ75MQQnx2X5gAAIDmSsLsezFmzwnYBzdg7foQa8e7OP4dscyA+N7wmmODHqv4Hiv6F9s5wOjUG6PbmZi9J2Bkl7RfEPBLqrq6mkg0itvjOaaihq1ogFKYpkmv3r2PeqrjOOzbv59oJEJycjJ5eXkAhMMR/JX+xG4D6WlpZGRkoJSivLyCSCS2ZZ9CYRgGnQsKaGhsxIpGycnJAaCmthbbshJfN4tEIrHdG2ybzMwsMjMPVdlvagrg9/sBRVZWVqIOQXV1NZZl0alTJwBqa2ux4m1XVlURaArEdhRAIyMzg/QW9QuamgJUVFSg6xp5eXl4vV4sy6K8vALLtkDF6kG4PW4K8vMTAaxwOIy/spJOnTrhdrmIRqOUV1SQn5dHNGrhr/TH3gOlSEpKolNubqvgl23blFdUoJSiID8fXddpamrCX1lJVmZm4tksy2Lf/v0U5Ocn6juEQiEqK6vo3LkAXdfj/S0nPz8/UdSxoaGBhsbGI7amtG2H8vJywuEQXq+X/PgzRSIRDpaXx7ZaVLFdHFJTUsjMzORgeTm6piXObWhooLq6huzsLDweD+UVFTi2jVKxz0xKSjI5OTmUl5eTkpJCSkoKAH6/n6SkJGzbprqmBtM00TQNKxrF600iPz/vqJ9HIYQ4Vo1W06nugjgG8n0SQojP7gsVAEgwPRhFwzGKhuM+8xZUYwVOzW6cuv2oYG1scBUNobt9aEnpaJnF6Fld0X1ZIPurt8vldmEaBpFIhNraOooKC4/52t07dxMKhRg6fBh9evVs97xoNMq/F73Ozp2fkJmZSXVNDYMHDmLc2DHU1FTz/Ny5sd0OHEVtXR1fmTiRkpIezJv/MqZhkJKSiuM4JHm9XDzxIj5a9xEr16zhzttvIyUlhRUrVtLQUM81V1+duGckHGb+ggXUNzZi6AbVNdVcfcUVdO3alYMHDzLv5fmYhoHpctHQ0MBVV1xBly5FvL98OdU1NXz9ppsAWLt2LZVV1Vx7zdW89dbb7DtwgMyMdKyoRTAc4vKvXEKX4i5UVlby/IvzcLtMIuEIpsvFjddfB8CcuXPJSE/H6/XgOA5ZGZnkXdgpMcCuqKjghRfn8bWbbqRTbi51dfW8MPdFbvn6zVRWVjL/1VfJiwckqqurGTJ4MKWjR6PrsdU6oVCIl+e/QmNTI3dMnkxmZibvvvc+az9ax7lnn82555wDxHayePHll7lk4kSGDh0CQHl5OXNemMtXJl7EgAEDaGho4PkXX+SOW28lJTUVpRT/XrSInbt28807bk8sEYlEIrz274Xs2beXjLR0/FVVDOzfj/PPO4+q6mqee/4FOseDEY7j0KNHDwYNHMALc1/Etm3uuG0yaWlpvPX225Rt3sKF559HUWERc55/gaysLDweN9GoRY/u3cnIyODfCxfhcru58frrMAyDNxYvpl+fPrjdblauXk1TUxORSJTMjAzy8/PIz7/gmD/HQgghhBBCfJl9MQMALWiuJLTMruiZXU91V057/fv2JSMzg/LyCtasWcPAAUffVrBZKBzmyaefRNM1fjr1J0fNHli7di27d+9m0s03k5qaSnl5Oc/MeZ5ePUvwepNQjuKaK68kJSWFt99ZyjvLllFQkI9lWYwrLaVv3/juAgo0XQMUoVCIpcve5eKJF6HpGtph5R4rq6rYtWcvk752E7m5uXy4YgV19fXYts3C1/9Dj+7dGT9uLLqus3r1al5+5RXuuG0yLtPVui1Ni98TItEIQwcPYuyYMSilePmVV3j/w+UUFhXy74UL6du7F6WjRxOJRFi46HUqq6rIzclBOQ6XXDyR3Nzc2GMolRi8H7qNhtvlar5lYobfcRS+pCSuu/ZaXC4XW7du5ZVXX2PI4MFkZBzKaHC5XLhMF/v3HyAtLY39+/fjcXtwHBVvx2H9hg0U5OWx5qN1DBw4IDZrTmwpzRuLl1BSUtJiK8fY/Wtqaqio8JOensbmLVs584yRAKxZu5YDBw5wS/x7emD/AT5csYJwOIwGGLrONVdf1epzEQgEMIxYlkFVVRVJSUmUl/vxeNyx1Trx2qOXX3pJq+0vHcfB7Xaxc89uNm/eTP/+/XGUwnEU/fr1o0+fPrz77nvs3b+P6665Br2d7SiFEEIIIYQQR/rCBwDE8ZOamsqPfvj/mPLDH/DgQw9xxhkj6dunz1GvCYZC3HvffaxatYp77pmaGBS2RSnFlu3bGTbk0IC1c+fOdCkqZPOWrQwaOABN16mpqSEUCuH3+0lLTcU0TTwuF6vWrmP33r2xtPzcXM4YORLbUXQtLmb7jh3s3r2b1NRU6mvrW903KyuLTrk5PD/3RboWd6FP79706NGDhoYGqqqqmHjhBYk0+AEDBvDe8uVUVPjR9TYGj/E9MUzTpLyigo0by7BtG3+Fn7POPIOGhgYOVlRw8cSJmKaJaZpcfdWVADTUN2AYBkuXvUtKagqWZdGtazcG9O+XaF7TdRSKt5cuxeP2EAgGcOLbTOq6RjQapaysDI/Hw44dn9CpUy4+n6/Fewwu06RXz54cOHiQTp1yMUyT/Px8bNsCYpkDVVWV3Hj99Twz53kOHjxIUVERjnJIz8jA7TJZ9u67jBwxAtMwEhU0P1q/nv59+1JS0oNXFy5k2NAhmKbJ+o83MHzYMNLS0giFQviSfYwdOwbTNFFK4SiHN95cjMvlIhQOM25MKV6vF8MwKelRxJ49e/B6vXi8bpJ8XhzHjj+vztvvLMXn8xGNRunfrx/dunVF1w369OzJW+8spbCwkCRvEpYVRdO0WNAi/v9mPIgihBBCCCGEODYSAPiSufqqK6iuruK3v/sdV119DQ/MmMGYMaVkpKe3Wmve0NjIx+s/5qGHH2bN2rXcd999TL7llg6LMdqWhWm2/lgZukE0Gol/pVjw74WYuk5aenpicG45ipRkH51ycrGsWHo3xJYUdC3uwuCBA3jjzcUUFRViGK1n1L1eL9defTVbt25jy9atvPTKK4w591xKSkoAWs3Aa1osg8BxbHQdPO4Wg0gFerxtXdepq6vn440b2blzJ2NLSxk8eDAVFRWJdg7XPBhOT0sjOzsby7ZITUlu8zyfN4nk+DEVL16paRqWZbNj5y6279hBQX4+X73mmkTwInYORC2L4i5d2LRlM+s/3kDnggLC4TDNI/myTZtISU5GKUV2Viar1qyhqKgIDQ2Py8UF553HC/PmkZKcjNvtRtd1otEoH2/YwKgzz8TtdhNoCnLw4EG6dOlCJBzGFR9sb9myhWXvvUc0anHFZZfi8yWjoZGdlYnH4yEajWIaBkopbNume7dubN22jUg0SnFRF6prquOz/wpHKdLT08jMyCQajZKU5AVidRLOHDmSrdu38dY7S3Ecp1Wwpvmtj71+yjcyEUIIIYQQ4rQhAYAvGcMw+Oad3+CMM85g5qxZ/OxnP8eX7KNv375kZ2XhoKivq+OTT3bSUF/PmHFj+eUv76dPB4X/IDaALezcmY1lmxk+fDgul4vGxkZ2793LReefj67r6JrOFZddSnZWVmLwGQ6HsS2LgQMG0DM+aG+mlCIYCHL2qFFsKCtj3fr19O/Tt9U5mzZvZveePVx4/vkMHjyI999/n/UbNjJw4EDcHg/btm1PFPrbs3sPlmWRm5tLhb+S/QcOJNoJhkMoJzYYj0Qi9O3Tm3POPps3Fy+mbPMmhg4dQmZmbKC7f/9+srOzUUqxcOEievfuRV5eHspRnHnmGYlifIdTjoOm6Zx11pmkpaVRU1PDpi2bY8EDxyEpKYnLL72EPXv28NL8VygvL6dr10PLXxRg2RbpGemYhsnK1au58vLL2LZ1G6bLJBqNsrFsE5qm8cqrr2FZUfbu3UcgEMDlchEMBcntlMuY0aNZ9J//kOzzYZomBw8eJBgMsXHTZso2b8HjcbNm7Vq6dOlCr1692Lx1C0OGDGbw4MHk5xfwr+eeJRKJ4vMp0DTOOuusVoPxhoYGLNsmMzM2uF+3fj1XXnYZFZX++BKA2Pd21Jln4ks+FCSxbRvbcUDTGDN6NH+fOYuoZdGzR/dW74EQQgghhBDi05MAwJfU8GFDGT7sEQ4cPMjOnbvYs2cPtbW1JCV58XqTKC7uQo/u3RNr2Y/VyOHD2bZ9B3Oef4Hu3bpRtnkzudnZ9O7Vk8qqKhSxGXuv15u4RqnYIHLlqlUcPFgeS2VXMHLkCHRdIxwKYxgG50+YwMzZswlHIq3uWZCXz4JXXyMQCNK5IJ/Va9cxZMhgfD4f548fx4LX/k1DYwMu08XqtWspPfdckpOT6d6tK+8sW8b8BQtIT0tjw4aNXHrJV4BYACASDqNpGqPPPZcnZs5k8eIlTJx4ERddcAHzF7yKv7KS2to6tu/YwahRZ6Hiqfxvv7OUjIwMbNsiyZvE8OHDEjPojlIoxyEYDJGWloZlWYnBsOM42LaFbdt069aNwYMGMe/l+dw++VZSU1Ob3yxCwRBej4fCzp3ZtmM72VlZrAsEyMnNZdeuXQSDQe68/XbcHjeWZfHPJ59i3UfrKezcGcuycWybAQP6s2bdOqqqqgiHw3zw4YcMHTqEcWPGoGkalZWVzH76acbU1nLO2aOY/dTTPPPcHEq692D33t1omkZmZgaO46CUw+LFS/B43Fi2TX5eHp07dyYcDuP1esjr1ImD5eVkZWfT1NiE4zjEt0lgydtvk5aWjm1bpKakMGDAAJRjx5caJDNu7BheW7gofk2MbdlY0ein/9ALIYQQQgjxJWfcd999953qTohTJzUlhS5FRQwY0J8RI4YzZPBgBvTvT1FhIcnJR6avd8Tr9dKrZwnBUAh/VRU9undj3NixeLxebNvBNA2Ki4oSA+Jmhm5gmiaRSBjbdohaUYq7dMHjdpOekUFOTg4+n49kn4+cnJxEpfzme/YsKaGqsoqqmmoG9O/PiGHDMAyD3Nxcigo7U+6vJBwJc+7Zoxg0aCCappGcnExxUREVfj/BUIgzzziDvn36oGkajuOQn5dHZmYmpmlS1Lkz1bW1FBUWkpeXR0FePvv278fn8zHxwgvIyclJBADQIBqNEI1a6LpGUWHhoYJ7SmG6XBR36ZJI7dc0ja7FxZimidebRJeiInRdp3PnAizLwufztdqCUNd1OhcUkJqaRkpKCiUlPVAosrOyCEfC9OjencLCzui6jmmaZGTEBti5uTkkJSVRUFCAy+Wic0FBfEu/POobGhgxbBg+nw9d1/H5fGiaRmpKCllZWfTqWUI0GqXC76dTp05MGDuW3NzcRDE/WzlY0SiRqIUvKYm8vE4Yhk73bt1IS0slIyOdbl27JrYvTEtLT2QMRKMRopaFYZgUFRaiGwb5BfmkJCeTnZWNYegUFRYmsiqUUqSnpye2FxRCiOPl8bJZp7oL4hjd2f/WE9a23+9n2bJlLFmyhEWLFrFp0yYqKytJT0//TL8bfV6xOkz3UFxcTOfOnU/6/YX4b/OLX/yChx56iH/961+sW7eO0aNHHzE2OV29/vrrHZ6jqebf4IUQQgghvsRGzh13YhoeMZuV3YpbvbRz5ziuXXXsTdw4ZgFT0rfx4Ct388xx7l6bej7CkiE92bLuUr65DaZd+BaXsZCRrz9wMu7eoZXXvHXc2wwEAjz99NMsXbo08Vp2djZVVVWJr0tLS/na177WqkDvifb444+zbNkySktL+cY3vnHS7ivEf6N77rmH5cuXY9t24rVBgwbxu9/97qT+uz5RpkyZ0uE5sgRACCGEONX8i5k+ZRbFU2czud9nON6BspmTmMFUZn/qi8uYOWkOXR+cxoQOV4SVMXPSDPiMffxvdeOYBUzJreaVueOY3vxiz0dYMuQtliT/ifHvvHAqu9e+bXczftup7sTJs2vXLmbMmEEgEGD06NFcdNFFrWrw7Nq1i0WLFrF06VJWrVrF1KlTWx0/EZYuXcq8efOorKxMfF1WVsZVV11FaWnpCb23EP+tFi9eTENDAwDTp09nxowZLF68GMuyTnHPTh4poS2EEEJ8IZSwe850FvsPf72MmVNmsf1UdEl8TtcyLj2FBv/8Q4N/gG1387i/kdT00dx4qromEgKBADNmzEApxf3338+dd95J165d8fv9bNq0Cb/fT9euXbnzzjuZOnUqSqlEsOBEeeqpp3jiiScSg/9mlZWVPPHEE7z44osn7N4AlM1k0vTF+A9/bdIkZpa1fNHP4umTmH7kD67DmpvEpNYXnnr+xUyfNIlJbf5p62fxsT3rqeRfPP3I71tc2cx2nnVmGafDsx0Py5cvp7q6mrq6Os4++2zOP/98xo4dS1NTE8uXL//SBAEkA0AIIYT4gigtLWbpej8TWk63l33AkvHjGb9kyaHX4hkBh4ICJdzaPEvvX8z0v0Bp8SxmLQHGT2Vqq7v4WTx9CrO2j2fq7Mn0S3zd3NStPDhtArnxGf0lAFMmsWvqbC49MJ0pu65jKjOYEe/O+A6yFtrsYxvHS259kGnNB8tmMmnGoedt9x6niVRvzyNee+adS1uk8t/DC9dMhFbLAtp6DcZd+BZT4nVhiaxttSQglm2Qkji3wd86w6Dd4z0fYcmQLLb4sxiRmxJrtwzubLEEICafxy57ixHNu9M2HLYkoOcjLBkylFTaOf4F9dRTTxEIBLj//vsTs/pPPfVUq7W0ffv25e6776Zfv37cfffdzJgxg6eeeoo777zzuPdn165dHa7jfemllxgxYsSJy0LI6UrJ9qWs909I/Jv1H9hNSUkJSz4oY3K/+D9I/3qWbi+h9K5PVzT6CyF3AtNmT4j93b+Y6VOWUnpM2U6nsfHtZYJ9xoH/afa+LVmyhPPPP5/777+fpKQkAH75y19y4MAB3n77bUpLS4/Yzvy/kWQACCGEEF8Ug0ZRvHR9q1/Fyj5YwvhRow690GI5wOzZs5k9+0FuLdnOrL+0mPXZPoulXR+MHW/1y158sF88ldktBv9LS+Pnzp7N1OJZTJlZBvRj8uypjKeEWx9sMQBfMoM5zW0/eCu7Zxw+I3gsfYxlNRw6PpXiWVNi7ZTNJLaSYHaLe7Q1G3c6eIFv7t8NqRNZec1brLxmAY8dGQs4du6h9A79iZFzxzFy7p9YxVCmXHhP7NiI2YmlBiPnjmPkurWQe2vifrHBP6xa1/L4d3hhRHPjxYzwLosda6/OQOpQsvfHr5+7kJ2pE1ky5trE/VcO6cmW5vbn/olVnomsbO7fF1Rzwb/Ro0e3Ofjv27cvSUlJbNq0iccffxyAfv36MXr0aJYtW4bff/w/mIsWLTqm81rWKjjucgdRWrKdXYkEBD/rl0LpdaWU7D5w6GdN5S62l5Qy6DQY/H1+uUyYNvtQoPK/yn/zs7V20UUXARCNRhN/brnlFjwezynu2cnz3x/iEEIIIU4b/RhVPKfFrFsZHywZz6jJ8EHzKS1nrWIvMKi0BFqNBUoobeM38rKZU5jFrTzYPJovWxD7usUvff0mT2X8pDksvrSdGZ2SW7mr+UDuBK4bP4sZH5S1nqHvoI/+xXNYUnIrDyau6cfk2bOJBSiWMH7qbPq1aOuuW5cyZUEZE07HNIBVkxi56loeu+w7jHCnMGLIW6wcArCbV+ZOar00oCORtTyemNF/gW+WjWbJkNE81hPeSs4Cqg+d22oNf/NShD8dms1veTweJNhZ1cFsfcPCFtkID3Dtzv6s7HY503gBsotbt39Y/775Ba0nsHr1auDQoABihf4qKyu56qqr6Nq1K6tWreIPf/hD4tzm85ctW8bq1atbXXs8HJ72357du3cf1/u2lktBMSw94Id+uUAlu7YXM6rfIEr5S+JnlP/AbigeRfOPirKZkxLZQe3PNh/lvFaZQYdlNk1ZSumtxcyaFbuw5NYHuYu/MCWevtQqi6i9dj4N/2KmT9lF8fglLFkC46c+SNc5sYDptAm5re9RMp7xLGF387FWmVUljB8PS3aXxrOrYqn6zf0+lHVFLAA6B8azhCXbD/W7/ff1yPt8NoeCwdMGrT/suWczmZZZWc39OrQ8bfuU6fDgNP4/e3cfH0V57///NbubkAQCskkICJjFEDRYbAlWQBYVa8We2mrvDKiHQtuj/SJFTtN6ai0HrG3pl4oHWqSnPe0DyreCcNpqq/1VrJVCooAFbGshJYAEiHKXDYZAbnd3fn/M3iabZBMC2WTfz8eD2uzcXTPXzDXXfK5rrhnx0hyWYfVY2xo1b2DRVr27Qnl2mfL3zjvvZP/+/Zw6dYrs7GxsNhtnz56ltraWmTNndtj67/V6aengFQGH3d5nviSgAICIiEgCKZxyFZuDrwGU72TrjCnMIyIAEBLRRR8gv5NBwbYuYxmQP3dCqLJ+5sQxOLyVkjmtP3+XT7sfWbtqBJH1rOy8fCg9wRlGxJg5dhqrjx6Gq+6lbX2tmqOHYeuyOWxtPanbFdtE8CseejFisL/AVwE+8YmVVHRlVP+mk9HzHjqJ54MfImsIbNxexmc+cyef+Myf+QStu/+PJSsVPBc6GnDwPJ7ajjdf19jqKb62hjrGcuXYz8IAyMxcwO7PLGiz3kR29OhRgKiu9Hl5eSxatAiweggEW+SzsrKi5olcvif985//jGu+SxsAgMIpMzi8+W3O3HYbOaGyKAeuOhwqo6qPHmbGFOth9MxrT7Ds2FxWrL+NnMAD5ROvrWjTqtz+fNWhnkFLCgMPySVrGbF+XiAgeJh1R+9l/fp5gQfJEtbMXcH69TmBB+qXKL9tHoURPYyWFGLNG7WertjKsTxrG3CG18J7wWtr1sHcFay3ntCZsyxcDJ95bY0VXF0ffp0qNLF8LSXrruKx9UuwkjeHkrUjwg/1h7fCY+tZH4qJtH9cO9xOzN1ZxpzIwjUy+NDufpezds4x5q5Ybz1kl69lzprXmLDkNuatmMuxiFcAygG2HiNvxXrWBwMXgXlzKGftslbrWRbMM7jU+btu3To++MEPsmPHDt577z0++9nPkpqayh//+Ef27dtHQUEBv/jFL3jggQfa7Q1QfeZM1NcDIg0fPlwBABEREemGwilcFagUsXMrM6bMI1CtCgg/VOcHKp9nXnuCks56A+fPZcV8WFOyhtcmRLSWtFsBvBjdTGNAX3/nv1N75nAD69ntGsutY2Fjj7SOf5/P/tpqwbe6+1sP41YgoCfW3xErwNB6zIG+oLq6muzs7JjTysvLWbVqFfX19WRlZYWCAkFZWVlxt9ZfCgs2m7YAACAASURBVJdyEEIgMA7AUaoBThwjP+8uIBAY2FkNVId6KFmvCBxmxr1LAmVJDrfdO4N1gQBCmDVf/vT54fmWrOc2gPKX2MoMHgtc+zm33cuMdcvYWT6PwmyAfObeVRhOW0RPp5wREZ/ZLN8Z3cOo8C7m5pdY6+lyuRK7N1WbsQ8K72Ju/tZAJ6fW+1jIXXPz2VoaTN5W8ueuIJy8ueSX7KR8XmHgtxlMCaWzo+M6ocPtxNRBr4yO9/sw64K9sArnsX5JR9u4N3R/yc7Lh1CcqpB5EQueOXEMiPw86qXJ3/fee4+XXnqJMWPGkJ2dzfjx4zl9+jTr1oUD39dccw3Z2dnk5+ezdu1aPvKRjzBmzJioHgEOh4PMzExqa2sxTTNqG4MGDeozD/+gAICIiEiCKWTKjGXsLJ8Cocp1hGDlp6sP7VeNICen0OqyH2yRGXEVBCr4ca/r2AnOUBiaP2ZrfidpDPcaKGw1PRtrUrDbcR83aT27XU72RA2kF1BbQx3O9pcdO5wswBP524DhzIZwL4Cxw8niPBWtWu6DAwzOvvklSoa4mU0ZnmYYN/CzQPcf0NsMZjjESSY1vHfoEBSCK8Zgh4kuOzu73Rb30tJS6uvrGT16NI8//nibb4R7PB4Ku/5E2aGu9ig4evTopRsIMGcC0/NLOXHmDCdKiXjYncKMZTspvyuPY/l5WGGB9nrvzKDVdwywioy21/eZE8cgfzqxwzHxa69nU35PlivVRznMVcTYDTraRziDlbwSopOXz4kzxGjB7ui4jmiznagH5R5jjQfDnIjeA3EHEiJFDzibn5/frdR0NX//8pe/MHHiRIYNGwbAzTffzJEjRzhx4gSmaTJs2DCuvvpqbDYb+fn5DBkyhH379nHllVe2eSVg8ODBnL9wAW9LS/hHw2Dw4MHYbH1naD0FAERERBJM4ZQZLFu2DGY8RuvnfyD6ob18rfWOZGevAATXPe8xZsxZxprXJrDkNqvlZNnaKeHKXGgQvna6Ux5ex0vlt1kt9GdeY/PWfOauKCS6l0LHaQy27IXWE/n+6b0zWLcsspdCxLS+NkDVnt+x58oFTPrgepYcin7ff8nVHyKz7uVAYOAQnmaYdOVKZu+xXglYcrU1mn5UACD1Qzx482fZuP1XwGf5SWF4HVarf03EuAKB9/5ry9jIr6B2LpNyrPf1g9N/8okFjKtdzYz34tyfzDv51aTvB8YB+Aa/clnv/T/Br+C9T7LbFTk9VpoST15eHmVlZTEfpD/1qU9RWFjItdde2+bhP9arAz0h3gEAI+e/FF8isOQw4qrD7KyuhsNXMSV0+WWTl3+ME28D0+8KBPGs4N2Me2P33gmXDu0H+boVkIyV6hFXQf70S9CzKUJ2HvmUEvuZs6NApjW2Qn575VmbDiUdHdcznGi1HatV/VIEhKxxWqzOHq/xRMky1k5Zz7yuRGvKX4r4+gyhe01XdTV/33nnHa699lr8fj9+v5+MjAyuu+46rrvuuqj5gl37r7jiCkpLS2N+EtBmszE4M5P3338fv98PwODMTBwOB4ZhdH1neknfCVWIiIgki8IpzIDQu7XR0+bx2IytLAt+w3lzHisemwGHS3k7rgHJC5n32AwOr1vDa2dyuG3JY8zYuiz8Teioh/9Cpsw4zLqSiO9D58+AzYF5S9Zx1WMxBl/qNI2F1rujy4Lfora+TLDkthwonMeKubCuJDytTz78A9a7/7ey4oyTT3zmz4EvAVj/bm1cHfGJvF/x0IsvU5n6IUoC0yd4Xqay9eqa/0pF2oLAOhYwqSn8mb2N2+/ixbqrIrZjTQ92yd+4/a5W6Qg8/Hely37dX/FcGVz+TrIiu/zvmcMNlcdwucL7mOgP/wBFRUVA7AfvLVu28D//8z/tTotcvieUl5dTVlbWpWWCwYtLpXDKDI7t3MmxGVMiAoI5TJgOpaXHuGpETsRv+WzdHP4aSfnaOTG+SW/NdzjiayflawPfoi+cwgy2sjMQLTjz2ma2RnWHjzvRzDi8jpeCUYczr/HEnBhfK7kYga8klAYL3fKXwp9SbbOP5bwUnmi9QrHuJcLJe4I5c9a2DqFGrSv2cQ1sJ7Qu63WBHnfmNZ6YE/EllpwRXEU+ed3qqnGME2cAzvDa5jYjvcSnC/l79uxZDMOgpaWF5ubmuP8ZhkFtbW3M9/0HDRqEzW63/jAMBg0a1Kce/kE9AERERHpfm1Hzg6Pix/67cN561rfqGhCe3Hpdgfmjf4iYP6JlJ4bIbZ15DSCPu5bEmr8raSTGPkdOWkI7k/qkYJf8joXf4Q/ZE/47nnU88cqtHT5st7uOqC8GxP6ts3UDgS8edDZTYsnJyQl90m/69OlRXfrLy60nitaD7QUf1N1uNzk5PReYWrlyZbeWW7ZsGf/93//dY+mIkp0HW9fB3Luifs4ZcRWHD8O9EQ/nObct4bGjcyK6Zs/gsfVWK21kw3ab+fLnsmKJtaJ5K+byRMkc5lgTmLuiOwP3FbZajzUWSc+OK5LDbfPnUloS6Mo/Yy5zIz7GknPbfOaWlgT2cQZzIycWzmPF3CcomRNKXYf72dFxJTBtWaBv/owZMyLeue+pXb2NJY8dZU7JHIIpyJ+7gnk5ABOYnr+OdSVzOPrYeqZ0sJrgu/rrSuawjnzmPjaX/GWl7bz60OGK4s7fs2fPYrfbaYnssh8Hu93OuXPnGDFiBPbgw36AzWZj8ODBvH/2LIP6YOs/gGG2HsVAREREJAZrIL9L3LW2F93w61t7OwkSp92f+XOPrau+vp5///d/xzAMHnvssagR/vfs2cOkSZNCvwUHBjRNk//6r/9q82rAxfjlL3/ZrZH9r7rqKh544IEeS4d0h/Wq0tF2XoE489oTlBy9txvvzcvF+POf/8zBgweZOHFih5/4a+2tt95i1KhRTJ8+nbS0tJjznDlzBqfT2SZA0NtKSko6nUc9AEREREQkaWVkZPDNb36T733veyxevJjp06dzxx13kJeXFxUMeOWVVygtLSU9PZ1vfvObPfrwD8R8iD969CgNDQ2hv9PT0y/doH/SBeWsnbOZvOD358tfYt3hfOYGusWXr53D5rzgq0vWKwD5cy92eEPpqgsXLmCz2fD5fF1qpbfb7dTX14fe84+lJ3v/XG7qASAiIiKCegD0JT3ZAyCovr6eX/7yl1Hv4WdnZ0d96s/tdvPAAw/0+MN/e7Zs2cKzzz4b+vv+++9n5syZl2Xb0jHr2/Thd+6jPl965jWeKFnH4fBEtf73goqKClavXk1TUxMDBgxg4MCBZGZmMnDgQNLS0jAMg8bGRi5cuEBdXR0XLlygsbERgC996Ut86EMf6lOf94P4egAoACAiIiKCAgB9yaUIAASdOXOGvXv3cvToUaqrq8nOziYvL4+ioqLL3upXX1/PT3/6U/bu3UtRUREPPvjgZQs+iEjfo1cARERERES6ICcnJ2Fa2TMyMli0aFFvJ0NE+hF9BlBEREREREQkCSgAICIiIiIiIpIEFAAQERERAQY5BvZ2EiQOyicRke5TAEBEREQEuGn45N5OgsRB+SQi0n0aBFBEREQE+OoHF+CwOdh56i/UNJ3t7eRIK84BQ5mS+2EWTvhybydFRKTPUgBARERE+hzzgoem7avxVu7CrO/sYT34xWOjw7kGAF/vicT1aQa2ISNIv/v/YssZ29uJERGRHqZXAERERKTPady6kpb9L3f68G+aJtaDf8cP/xJk4q99j/rnv9bbCRERkUtAAQARERHpc7xHdsQ1nx77u8esO9XbSRARkUvAceHChd5Og4iIiEjXNMdZfzEUAugu1RFFRPofh9U1TkREREQkTHVEEZH+R68AiIiIiIiIiCQBBQBEREREREREkoACACIiIiIiIiJJQAEAERERERERkSSgAICIiIiIiIhIElAAQERERERERCQJKAAgIiIiIiIikgQUABARERERERFJAgoAiIiIiIiIiCQBBQBEREREREREkoCjtxPQrooNzF9Zhmv2kzw6PavjeT2lLF+8g6lPPkpns/bospeBp3Q5izdWtp3gms2Tj07HSnIFG+avhEVruG9ccJlRLFpzH+PaXWf70y+9CjbMf4HRCXrMLxtPKcsXbyRG7lrci1gz81RCn59dY52nZbEmuRex5r5eOhs3zGcl1vY9pctZfPye3klLxQbmvzA64rq+7Algw/yVVLVb5nY2vaNVb8AqouItcyLOlaiyLkEE7k9tuS+yXE3w/e7DUu59hbTRmW0n1PyeurXf6ZFtpM3bQQrtre9bZJR8HP4xlfotPbK5Lku59xXScg7S+MzDtPTC9tutz7Qq/z2ly1m8Y+olOP89lC5fzPF7rLpS39ezZXZXjnuv3iv7tPbqQS5m94t6nvQVCRoA8FD6Qhlut5uyjVuomH4JH1SzpvPomumXau09I8bDUcWG+SxeTvsFtauKF5aX8sXW0ys2BG7Aoy5deiU+UedeexWTcYl/fnZJrJucdUNcProbD5Y9YNx9a1hz2beawHb8nA25j7Y6Dz2ULrcqLa7LkYaK3ZQl+gNwjPR5SpezeP6G7gcB+sJ+92VtHvaLSX94EZnz6LEggHSiTX3GuvfN3xD+PWv6o/Sr296l1kNlto775dK2HuQpXc7ixRvI7bWGOUk2iRkA8OxnR6Wbex69AcpWsrviPsa1uiIqNswn2ADjcrsjp1ity4umsmNloHXVNZsnH81lSyjqFnHxRfUACCw7exQbNwbjcxfbonNpjJs5G9fi43ignYriVKaO2sF+z/SoQqZidyCwErMZNoG0amFzL4p+MI7M/8AMVuUhVkujp5Tli49zT+C36FaIBI+6Rp6fBPZjEawM7nyol0CwJ0Gr87WT45gYxjFztovFO/bjmR588LEqheFsavVQ1Kr3RKinkKeU5T+HqaM2srEMcC/iydEvtGrViO4xE+wB8OToFwLnxUrmV1nb82yYzwujFzF1x8pAWqzzJXdLRPkT1brSKrofUdm1WkymMrtqY2i/QstG5NPi+cd7tcwZNXUqVbsriCp0PfvZgRu3q4wqiN1zqgut/BUb5vPC6NmM2rgxdKzcUT2YrAO0eP7GwO+tzode7DHSkazp9+De+AKnPDAuCzo7H37O1NAxuOE2F7tfa73frcuryOu7gg3zdzN6dhUbN1aCazZfnbqDp4/fwyJWEi4i1jDzVMQ6oo5dq+NK5Pkcx/2wveswlL7Y+544NtHwTAEZJR8nY+Z3Ai3zVlDAkRaeyzy+kvObN1l/FD3DoBlFGLGmAXAdGSU7sAf+8rVu8b9yI5klgUeyxr2tWuOtXgLBZVuvO23eDlKcEeuKCGikzduB7cJebKOLMKjDu/UOGvZGrq8OX03Xj9Cll8X0RxdxfP5KNtwQcc4HymxaXSexr4vW9/FY515W+FxfOT+iVbyDsqX1/WTCBHh7SNQ1cOl6K8QvrjI7qE3vpfA13fq4t3e/Ch/78L0yi47yJI6ypLN0tXfvDO5uR+dDH6gHZY2fiovjob8jeyYC0fdcT+weaK7ZT/Jo7pb2pyVsRVd6Q0IGADz7d1DpvodxjAM3rNxdwX0RBVvFhvmsrJrNk2umkxUsvHExNTRHJRtfmMqTa9aQFbgRLJ7vYvaTa1iTFVh+SwXTY5YAlWzcEVzWWvfKDTckYMWlc+NvGMXP93uYHlEh213m5oZFJHYAIPQgsca6OXhKWb54OaWBAj06/4PzBysPN+AmOmgUPp8ibnBrHg0v26eirmWs3L2INWvuCxyXlcwvcweOlXW+vlA6M+Khsv3jmLis/dgx9UnWPBp4ZN8wn8UbcgPXYQUbFm9k1KI1PDoO6+/5i9mQu4b7soDKjdayawKhhNL4tpo1/VGeJLpboweo3PgCUyPLjsXzcc0OrL9iA/NXBnsphQMLa8aF92N5acSNt2wjx4PTKzYwf+XPKR3/KNPH3ceaRfTyKwABueOZumMLFVYJDFjXEFPvYfSOQGUyazxTXRvZEVG+VOy2XtmK9zqq3LgjdFw9pctZvHIDN6y5j3HTH2VNbuTrEIEyftQi1jw6jlgthomp8/Mh8hgAfOH66NdAwq9rPRouv6J6GJSx8fgi1qwJBhV2WEHzRWuwiojlLF45nzJ3YB5PKcsXv0DpzEeZntX6uAa3Fzgns6Dj+2EH1+G4OK6FhPEd/DUfxzGkGMB6+K//PXXPWA/W1qsDXyS9aJP1QD2jCH/oof5bZJQsImPmpvBDvjMLc+tU6vYGlv3ARtK2zKYxMNnuhJYVU2nEemhPe/gZeOZhWgIP/7bjK6nbvCm07kH3wvnNm6yH/4y9NK4IBAxmbiTzA5GBC7CPdobWTev1BQIXoYQklHHc4IYXwpGzKK2vk47v41bLd9XsJ1kT8YC/vPRJHn30SYjqaRdH2RJ1P7HO63D9wsP+HZW473k08ctsCNxzqpj95JqIB/OV7ddx27tfxbpXdlq36qAsiSdd7aUli0DP1nA5GbXtPlIP8uzfAbO/GN/9c9x9Vh0wuGzgPnHP9Cygo2kiYTbTNEmsfwfYsrES96QCTNOk4I5ZuMpeYHt1ePruMnDf7cZpmpimE/cXZuGC0DogcnoBk9yA+27cTmt6wSQ3VJ2kOmL+2Ms6KZziipr38v8DaP1bNdt/vpFK9yQKItJN62UKJjFqx75w2g/spsw9iYLQ7L2Xz+1vv5rtL5ThfmR2aN9Mp5svzIKNWw5Y+Tf7GZ75ejCPrP10h/bfyu+y3QdC69u3I3g+HWDLRpj1hchlZ/OIu4wXtlf36vEwTRMzKg9jHytwMeuOgsBxKWSKC1yz7ggcK+t8rTxeHddxTJx8t65515RCK18ObGEjs/iC2xmap2D2I7gD5UD19hcoc83ijoLg8gXMfuYZZheEj9GUQmfE+tteQ1HXC5HTW81LjLIDN3cH01YwCTdVnAymy/1IKB3BsomNWzgQXHdkugsm4aaS49Xtp7M38gfTSeGUKnYfCP5ezb4dWMc0dNwC51qofDnA7rLWxz3yX6syp9VxdRZOwRU4jm2OxYEtbKx088jsgqjjGn1fuNz/YufVgQ0rKXNNodAZ7/lgzRt7vYF7YcQ17HR/gVmucHkFhO6VoeUjzjHruLYuM4LnnBP315/hmdnh5a3547sfdnQddr7vPXi+9gDfhTqMgQVYPQKmRr0O0HLoIO1v6TvUr2jVwl+znYa9kctmYRRFbOsf4WBA49/2YqYV4CiClHtvxt64l6ZQi/93qP9HJcboe0gDGtdOpS6yt8CWffhaJ6dmX/j5fuZ12KnEG1zf3odpOl4X1/GIdDmuG9M0cY4K3rtaz0er66ST+3igvAiV0YHz/OvBv62dirtsib6ftKpfVO9jR6WbSQVdPQ49fA3EVWZbx+mZZ74eKndD9eOY9z+6cL/qvG4FHdSt40lXu2mx6jrhelBwfbMpSNh6UCUbF89n/vzwv8UbKyPOf7NVvSSc123WV72dn2+EWd+O2Md4pulfv/4Xj8TrAVCxhzLXLL4dDINljWeK6zl2BluaPKeowsWUyGBWVm6nb7S7RvXh6FfZKh5u3WLvmsW3Z3cWKxzHpFG/Db0GULGnDPek2cCeS5TQnuChqhLKVj3cdpAUd6s5S3/Afz5X2WbyuEluWLWHitnjGOfZz85KN3ePI3DuVFL2nw/zXKtVu2b17F5cTqNyY53b8R/Hy6uS52Ie/2/z9UCE2nOqCirL+M+H28zFLMBTVQmj7u69FhfXqJjb9lgHvO212rsHvFuyxk+h6pVAl1LPfnYyhS9kwf5W87ieq7JeQ/Kcoso1hTsuQaZ4TlWBa0r0MY+jzL/kKp+LcY66eeQZq/W+4mLPh1j3OrLI7fKOjyJmERGhYuPDrAql08WUeJLXwXXYH66F6O72wQfn79By/GbSPrCDzA/QjQEE6zDPRPy59wT+GUUYOWAfmAn1J6IH5ztTg4kzag2tBzNsEwQIzjckCxoPRk1vqfWQltOF5CaiTu7jMcuLdlfV9bJl3CQ3/PYUHsaR5ami0j0pIXoPxlNmh3hK+cF/PhcegPhiL8ueqlt1K11WXWfU3X2pHuRi1re/Ht0DoWIjD6/6LaV3fL0LPRMq2Pifz8Gsb8dYpqNpIuCIN1JweXgo/W0ZVNK2YlX5ChXuWRSYkVGw6Fmif2s1vU1UJDpS0t6yZmSU82J3rxtME3A/wupZBTEnRqfJSndkmgsmjWLVKxW4Z8GeMjeTZpmYB9tb/vKKlYdB7kdWE3uXTTylT7FkUyXg5pHVX6OAgzy3YBWhfCuYhJtV7KmYhfPkTirdd0f0lHBR/MTXYhaIvXstmBER38ifI85PWp+rbZdp/d+OjmPviD7+B59bwKqycGuNlTbAVcwTX4vVFd4kfPrG2IcY13P713D0sY5eptWcscqOWNM7uFY9caWj98qaMBPTWcjkqrVsr/4a4/fvhMnzrJYbCJelzkImu54LXWdR87S76naOW7vlsAkdlMEdlSGXXHvnaGQ6u30+tHdvithGPPeriAmhsiJiGev6C+zL6ulkeUp5asmuuO6H4aS0W4jHed/qPqPzWeJiH5iJecEqWUIP/o2B7vZFzzBoRng/WjbfEdUFP7Pk4zHGAeh54Qf/SlpW3EFj8KsCl1hP3ivaK1/BChq5RjqJur/Fuv47uY9br3y1V45Gn/8d1e9i33Ox6heVv2VftZvhe8pwT5rVy3UHiLvM9pTy1JJNVGLVDb5WECgDoPPjHrkts1Vedlq38kQtG0hSeP1dSFfH987YRyfx6kExyvWCj1LsWsLOfdW4Iw5i+/dID6VPraLM/QirI+pPlo6miVhsvZ2AKJ797Kp0UfzEalavjvj3RDEuythzEMgazigqeTdyMBvPyehBTiSsYBLusj0cPLjH6v7f2+nplJORLqg66Wlnuof9uypxP7Ka1atntbM/gW56e0qteScF5op17vRbnR3HxFAw6wmKXWWseqqUYEqzho+CyndpL5uc1o6RaHuWqOnqnizGT4Zd+w+yfxdMHh+rCSGL8ZNdgeusvXl6ICWxzoc+UOZf9PkQs7zycLLHdvwge8oC99uYwbaOdbR/feta+BY2J/hrNwX+fx3era2628eyZTZ1K6bSeLwOI+dmUuLaViZGZAt80QhsgV4Bvgt1kDEiej05zkCQoxhHTia+f0ylbsXsuF7jb6n1QJozNKAgBHoFJKSD7CmDUcPjSF8n9/HO7h+dzttp2VLAJHclu/aXWo0qCVOp6rzM9uzfRaX7EVavjv1A3P1NX1zd6uLS1VFdp2/UgyLFdQ0AntK1bKp080iMA9bRNJGghAoAePbvotI1mTblVtZ07nZD2Z6DQAEfLXZR9tvgA4OH0rWb2v+WetIrYJK7jFWrysIPwgkti+l3u6nctJbSUJntofSpBTwV/iGiQA9EOlutpWCSG8o2sanSxchQD8rAubPquVArMhzkuQULeO4g/Ux8x7H3ZTF9XjGuyk0sCWZCwUetoEBkphx8jgULrHzLmn437spN/DE0ueP9sip5u9gfmOwp/W2Mb/D2wJ4E0rU2Ih2e0qdYEBHc6Euyxk+GTavYRIwyOWIeV9mmDue5aG3Oh0CZ7747obs2Xvz50La8Clbs7u6xHY+stB/kuSXx30s7ug77zrVQTPrDH8de8/uI9/gjH9KtQf/CPQ2+RUbJDjJmhpd35GRintnecbAggn3sM4GH/GLSpxZhBMYMaNm8HV9aEQPuLQ5v6wMuzOMvhB74bUOC0wLp7mhDW17A2+jCEVxf0TMMiHh1IHGEWyvje17p5D4eKC9+G3HuHXxuAQti3eS7WbYUTHJTuWlTwjWqxFNmRwbmPKVPRbz6czF6oG7V7XQF6zp/DG/bU8pTC56i1NNX6kHAwT+yqTIcUHKOdEHZntA+HfxjRNl88DmWbILiJ2I0gnU0TSRCAr0CcJBXNlXiKp4bsxvp2KJp8MPfUnp7CW53CQurvsKSBVaXu2nFxbgqd4UHOoGoLpJtui3G6lrZ3rKhyb30CkBE2jqaKzLdrdM8tmgalEHR2MB+RXUr7w0mJpVsWrKA6E6TLoqXluAeW8zS4hUsjZjuKl5KiduJaYJ7bjG7li4hkP1MW7iU4t8tZdPuCorHBoq8sUVMo4zXXZMDgwdZPzsD586qBeG7y7SFP2LW2Pa7j10e7XT3jTw/ifj/Zuxlos6XDo9j75zNra8vAJxuShZW8ZUfruKpkUspcWfhLllI1VdWEc6maSz80SzGmiYmYyleWsyKpQtYEJq8kB+5nYR7GkZsY2wxC6d9hR8GjoOreCHFrh9SFbxeIsoHZ+FkXJtWsaDM2l5kN8jgeq3/tOpSbZqYZjBd4XMTVzFLS6yBj8JJi7Us1jlb+UOWLNhlXQeX/eG2VXqchUx2AZMDgzOGT8bw8WgzT3urjj5ubcvk8Hxtyygn7pKlsGIpC4IZPm0hPyoe23tdG+MqQ7t6PrRdr9NdwlJWsDS84yz8UXHgOojjftWm62xkmTGW4oXT+MqqBaHP4xYvXci0pT9k1/5q3O7O1t/BdWg6O9z3XnsFwGl12Y9khkbdB2vgvevIDL7jTx3erb/HN+Pj2McWw97W07HGAYi7+38d3jNO0kp2kAbWawahMQS+Q/0KyChZRGbJolDagq8WNOy4mUEzwtN8/1iJd+wiHFd+C4g1DkHwE4fBZSrxHq/D0cUxAHr0FQCAsshy3eIqXsqP3FmhbUWeZ5HpCP7V8X3cGbh/tD73xmKaUDjZxaZVCyibtpAfzSrouGxpXS4FBeoXFPViGQR0tcx2uudSvGtpqO7MtIUsLf4dSzftpqJ4bGi0idjHPXpbre+VBR3mScdlSVYX0hX73hmo64Qy0dq222liOhOxHtR+/XdsqOy3jknweE5buJBpZb8D06Rit/Vbm3VMW8hC2p/2I/UIkAjG2bNnEyUCICIifYqHshXrYG5vBCwkeQgr9wAAIABJREFU2dl//rHeTkK/5/viH3o7CQnoIJsW7qXoh8VqZRWRhPPkk092Ok8C9QAQEZE+xVPOLibzeWerFjIR6RdUR4zh4B5ev6mIe3utF6WIyMVJqDEARESkbzi46REe+fYuJn9+Wu99klFE5LLx8PrTj/DIalhQrLZ/Eem7DI/HowCmiIiI9Ckpay/9Z/CSXcu83/d2EkREpAu++93vdjqPegCIiIiIiIiIJAGNASAiIiIibaiOKCLS/ygAICIiIiJtqI4oItL/KAAgIiIiIm2ojigi0v9oDAARERERERGRJKAeACIiIiLShuqIIiL9jwIAIiIiItKG6ogiIv2PXgEQERERERERSQLqASAiIiIibaiOKCLS/xjn/utmle4iIiLSt/iaezsF/Z89tbdTICIiXbD0+A2dzuPAMC5DUkRERESkT1EdUUSk33HgbertNIiIiIhIolEdUUSk39EggCIiIiIiIiJJQAEAERERERERkSSgAICIiIiIiIhIElAAQERERERERCQJKAAgIiIiIiIikgQUABARERERERFJAgoAiIiIiIiIiCQBBQBEREREREREkoACACIiIiIiIiJJQAEAERERERERkSSgAICIiIiIiIhIElAAQERERERERCQJKAAgIiIiIiIikgQUABARERERERFJAgoAiIiIiIiIiCQBBQBEREREREREkoACACIiIiIiIiJJQAEAERERERERkSTgMM3eToKIiIiIiIiIXGoOPf+LiIiIiIiI9H8OU10ARERERERERPo99QAQERERERERSQIaA0BEREREREQkCagHgIiIiIiIiEgS0BgAIiIiIiIiIklAPQBEREREREREkoDGABARERERERFJAgoAiIiIiIiIiCQBjQEgIiIiIiIikgQ0BoCIiIiIiIhIEnD4FQEQERERERER6fccfr0CICIiIiIiItLvaRBAERERERERkSSgMQBEREREREREkoDDr0EARERERERERPo9DQIoIiIiIiIikgT0CoCIiIiIiIhIEtBXAERERERERESSgMMxeFhvp0FERERERERELsb5zmcxTFNdAERERERERET6spKSkk7nsV2GdIiIiIiIiIhIL1MAQERERERERCQJKAAgIiIiIiIikgQUABARERERERFJAgoAiIiIiIiIiCQBBQBEREREREREkoACACIiIiIiIiJJQAEAERERERERkSSgAICIiIiIiIhIElAAQERERERERCQJKAAgIiIiIiIikgQUABARERERERFJAgoAiIiIiIiIiCQBBQBEREREREREkoDjUqy0traWc+fO4fV6L8XqRURERERERPoch8PB4MGDGTJkSO9sv6dXWFtby/nz58nMzMThuCTxBREREREREZE+x+v1cv78eYBeCQL0+BP6uXPnGDJkiB7+RURERERERCKkpqZis9mora3tHwEAr9eL3W7HNM2eXrWIiIiIiIhIn2a323vtdXkNAigiIiIiIiKSBBQAEBEREREREUkCl+RFfXX/FxEREREREUks6gEgIiIiIiIikgTUA0BEREREREQkCagHgIiIiIiIiEgSUABAREREREREJAnoFQARERERERGRJKAeACIiIiIiIiJJICF7ABx87iv88PUYExyZjCyYzEc/81Em5WZc1Dba56FsxVI2UczSEjdZFz1fbwukc+RCfjSroLcTIyIiIiIiIr3kkgQAekY6rslFjIxIYcOpcsoPvsq67+zi7//2DeZdP7j3kiciIiIiIiLShyRwACCXyR+bhbt103r9fp77zo95fe3/UPCtkrbTRURERERERKSNhHwFwAz8r2matFlVeiHF/3YLe5/exu+2HmHaZ1yBCfVU7foNv/nD21TWNOAFHJkjuf5j93OvexShFwbqqyjb/Cx/+Pu71HljzRPcZgv1Fa+wadMfKD/txZE+jOs/MTfmfJ59v2LtL17naAOkD7ueT8y9F/eo6FcU6qt28Zvf/I69h+rw4iBzbBGf/PSnmRw1Xzz74KFsxRNsHvV5vuL4Az/edhoyb2Tu4w9wfQac2/9r1j37OofqvDiGFXH///lEIJ2mBmcUERERERFJYgncA6ADLje3O7fx4qFKPLjIAk798WmWv1jDyBs/zf1FTtLr3uX1P/+BvZufpiF9Kf9n0mDAQ9mPl7O5Ziy3fPrzFDqhZu+r/Gbzcqq8j/OtW3PD23j3dzz941yKPn0/X3Z6KX9xE9s2Pw2D/y9zr0+Jmu/HPxtM4Sfv58uZDex99TdsXn6Qd7+ylOICa776g5v47o9ep2HkjXz680U4vYfY9oc/8+zyciq/8jjFBdajfXz7ELDrWX6cO5niL3+Mlpp0XBlwbs+PWfqLchh5C/ffXwiHtvHij9aReelzRERERERERBJc3wwAkIkzFyg/RQ2QRSV/f72OzGn/h68WF2A9do9nfFEu6/7jZ+w9dAomDQZPObuOwo1fXshnxgdWNb6Q9IZvsfnvB/HcmhsezM/r5GOP/wcfDcQExhekU/cfP2Pv3w8y9/rx4aR4nXzs8W+F55tUQO53vsuLv9vF7SVusqjkDz97nbq8T7Ok5NbA+sczfnIRv/vOcl7d9Ca3futWcuPdh9B2C7n/K8VMCnUgqOTXm8sh714eDw5KOH48E8b+kif++2hPHnwRERERERHpgxLzFQAz/H9iryqdzKEQek2APG5f8n1uDy4TnM1xJWNHwt76eppNk5TMTJwO2PvicxRmfowJowaTQjpFX1pBUWjZwNIjpzFxWMT2g+s6VUO1aZIVnG/s7dwYOR/DmDhtJC8+v4vy2mlMq9nDmw0w8fabcEamjZHccvtYXt3wZ/5+8hZuz41zH4JT8grJS4/Y7qmDvN0AE26/MWo76YW3c7vzTV409QqAiIiIiIhIMuujPQDOcfrdWL+3UO85xbunT3P6YDl/f/ttDp0GqOMckJVyPZ+4fwJHn32DX/zgDXCk43RN4Pbbb2diYS5Rb+07UmJtoK1hTlp/iyBrZB7wFqdqgJYWGnAyKrft+gY7hwGH8JwDQm8fdLIP7aXjnIcanExrs51MnMPi2xURERERERHpv/poAKCGU6eBvFE4A7949v6M1c++TY01ch7OwbnkTbyRCW9t462IJbOKvsSSonNUlb/Nm39+nb2H3mTzf7/Jb/Lu5Ztfndb+A3aXpTM4HWiJf4l496FrUnCkd3thERERERER6ScS8hWA0Hpo5xWAyr282QDDivKt7u7n3mTDL96mYeIc/vO+IpyhRvBTvPrWNt7CjO5WTyYjr72JT117E5+ihVPbVrPs+RfZduQmPuUKf4Ugepm2v5sANeeoN00in7Fr3j0KDGNopolZn0I6NVSdasYcFt06f67mNDCSXKeJWRv/PsRMX6YTZ8zteDh1FLi25/JFRERERERE+h5bbyegyxrK2fzzbTQ4ruXOiYF+86crOQRMuDHywRl4903erAn/2VL+PN9+bDHPV0auMIXBma078XfBP7dFbYOGQ7z66rswtoix6YBrIjemw1uvvkFN1ILvsu3VQ5B5LWOd8e9Du3ILmZjZdjsNh7axLZ7lRUREREREpF9L4FcATvPmy5t5NyKFDaff5u1DdXjJ5KYFn6co+Nw+bCzXOt7gzZ//gPR77+LazAZq3trGS3vfpSVi+ZSxE7jWsY1tq3/AuTtv4caRmdS9+wbbXn4bR97nuMXVjWRm1vDq937Au5/6CBNT3mXby9v4Z0Men7vvxsDYAC7u/OJN7F39PN/7wbt86iMTrc8AvryNf9ZkctOC2xnZhX1o30hu//xNvBmxnfS6N3jpxbep68ZuiYiIiIiISP+SkK8AWEs3cPTNN4j8gJ0jbSh5Ez/OR+66nUJnxHYyJzJnUT3/u/4lXt/wE7Y50hiadyOf/dpDON/4NqveOERV800MTcnnc489zND1z7P95Q28FXjXPv+mB3nsU4UMDXwFINjF3ox6BaD174G/J8xmUf5f+Mn/buDNRkjLm8i/PngfRUPDry+k5X+Ox76Wx/PPv8Tz69/Ei4PM/Jv41wfvpCg3zdqPuPehvfQFt3Ml/7ve2g5pw5hwz78y8S//jz+hrwCIiIiIiIgkM8Ps4afCI0eOMHjwRXSpFxEREREREenHzp07x5gxY3p0nSUlJZ3O0/fGABARERERERGRLlMAQERERERERCQJKAAgIiIiIiIikgQSchBAEREREREREelZ6gEgIiIiIiIikgQUABARERERERFJAgoAiIiIiIiIiCQBBQBEREREREREkoACACIiIiIiIiJJQAEAERERERERkSSgAICIiIiIiIhIElAAQERERERERCQJOHp6hWlpadTV1fX0akVERERERET6hbS0tF7Zbo8HABobGxkxfHhPr1ZERERERESkXzhx8mSvbFevAIiIiIiIiIgkAQUARERERERERJKAAgAiIiIiIiIiSUABABEREREREZEkoACAiIiIiIiISBJQAEBEREREREQkCSgAICIiIiIiIpIEFAAQERERERERSQIKAIiIiIiIiIgkAQUARERERERERJKAAgAiIiIiIiIiSUABABEREREREZEkoACAiIiIiIiISBJQAEBEREREREQkCSgAICIiIiIiIpIEFAAQERERERERSQKO3k5AzznALx96mu2RP425j+994xayu7CW6m3f55sbjjDmvu/y2C2dLRnc5s2U/OR+rul85Sx7fANHupGuy6eL+yQiIiIiIiJ9Qv8IABx4lgef3t729yMb+OZDVV16kM2+5Rv89JYeTZ2IiIiIiIhIr+sHAYBqtj0fePi/+av89P5rwr9//3GePbKdFc/eEPg9Rut2IHgQbPGP1QMg+JtlDPd/9xvE7BwQbOHvaJ5Ote3JcPNXf8IDgd068OxDrNge+Vtg/mCvgoheBveP3sCzgRW17tEQ1z6F9odWx1ZERERERET6mr4/BkD1Pt44gtXdP+oBNZtbvvFVbgbYvpsD3V191IMywBGeffz7bKtuPecBfhl4WL75q919+K9m2/dbvcYAbH/62a6n/0j44d/682ehNMe3T9tZEXz4txLBL7t7EEVERERERKTXJVwPgJY1t3Vp/pSPfNF6SB09PMY79dfw4Zth+/bjnKyGa7r8UH6AlzccIbKFPPjw/Ma+am4JvSpwnN98fztWHOK7odb6rsvmlm/8hPAbCMFeDN1JfzDNwXUc4bgHyI53n8K9DILTjwcS0dU8EhERkcSSMv+13k6CiIj0goQLACSU6pMcBxgzlesCD9/RYwR4Av89wpFAU/no4T0ztF+wq3+3hdKczXVTxxBKYNz7dDMfDgQysoePBiJ7DIiIiIiIiEhfk7ABgLgj09XbGAMcOX6Saq4hO9Bq/sbU7/LYdfv4TScP0dUnj190WgEYM4YxR46w/flt3NntEf6DrfVjuP+7P+Gn9wf/7miRwAP9ZaRWAxERkb5JvfhERJJb3x8DIPs6bhqDNeL/sweAbG750n2w4XEeDL3DPprohnmrSz1Us29HB0/X2cMZjbXul4Pvvx94lgcfeogHn418If5mSr7xDT59c6t5uyo0nkGwdd7D8XaSd9zaAar37eha23zc+yQiIiIiIiL9ScL2AIhfNrd86maefXo7bH+aB2O0+I+5b2bgM4BZjB4DHDnCs48/xLOdrvsa7rxvDNs3HGH70w9FDM43hvtnWl8ViJp75n2M2b6h814ARzbwzYc2tE4k3/tSB9MDskaNAY5wZMPjPBh7lh7dJxEREREREekf+n4PAIBr7uenPwmM+N8hq3fAmNDfN1Py1Y6Xyr7lG3zvvjFRv7U7yn/2LfzbfWO63wsguHx4Q/z0qzcD1gB91ixf4v6oWeLZ79ab6cI+iYiIiIiISL9gmKZp9uQKjxw5wojhw7u9fPDdtJ57z/wAv3zoaQiMaC8iIiKSrHq+niUiIt1x4uRJxowZ0/mMXVBSUtLpPP3gFYDOXMMDP/lJbydCREREREREpFclQQCgY6ZpUl9fT319PX7TZMCAVGw2e28nKya/309TUxOGYTAwI4OMjAwMw+jtZPUo5UdiUX4kFuVHYlF+JBblh4iISOeSOgBgmia1585hmn6G5ebgcKRgvRFh0rMvRlw8q15gYBjg9Xo5e/Z93q+tZcjgwdhs/WMoB+VHYlF+JBblR2JRfiQW5YeIiEh8kjoA0NDQgGn6yMnJwTRNvF4vPTwkQo8zDAObzUZ2dhbV1R4aGhoYOHBgbyerRyg/EovyI7EoPxKL8iOxKD9ERETik9QBgAsXLpAzLBvTNPH5/Pj9iV1ZsJiYplVpuOKKIVSf8fSbCoPyI7EoPxKL8iOxKD8Si/JDREQkPkkdAPD5/aSkpNDS4sXn8yd8a0GQaVrvCTocDvx9JM3xUH4kFuVHYlF+JBblR2JRfoiIiMQnqV82s9vt+P1WRaGvVBaAUHpN08RuT8wBjrpD+ZFYlB+JRfmRWJQfiUX5ISIiEp+k7gEQHHG3r1UYgD6X3ngoPxKL8iOxKD8Si/IjsSg/RERE4pPUPQBEREREREREkkVS9wCA6O53F8vn83LhXC1nTlRx8G+7eeuNrZx+712avT4cqWmMyBvLDdM/woenz2CI09kj6e5vejI/Lqe+mOZ4XIr8CHbTjWQYRuhfT1B+dE7l1cVTeZVYVF6JiIh0LukDABD8TnD3br6maeJraeZE5UH+WvYn9v/tLU6fqaap/jz4/dhsBg4bmC0NHC3/K5UH9vGPvX/hY8X3c3XBtTgc3cuC4PeN+5+u50dTUxPNzc2kpaWRkpLSZrrf76ehoQHgko2wrPzoZC2mCaYPms7gqHmNFM8fcVz4O4avCd/AcbRccQst2R/Dn+ECW+pFV6yVH+0srfKqh6m8Siwqr0RERDqjAAAQrCt0p9Lg9/l4Z99bbNnwU469c5jaBi9e02BgWiotmDQ3+nDYDew2sNtsmPj4246tnD59ijkP/zvjxn+gy9vsqVaHRNVZfpimSVNTEy0tLZimyVtvvcX+/fuZNm0aLperzfwNDQ1s2bKFlJQUPv7xj4d+NwyD1NRUUlMvrgKX7PkR30q82M7tI7Xqp6Se+T2G91xokqPhPRw1O3B4ttI0+sv4sm7BtKd3e1PKj/apvOp5Kq8Si8orERGRjiV9AMA0L67b4PvVp/jTr/8flYcqaPLZaPIZpDjsGEB6ago+n0GD14fP58cwTFLs4LAZHCn/O5vX/oz5//EthmZldSPdJhfZyJGQOssPv9/P6eoqDh7byZmaKrxeL9Xv+Thb4+Mvf/895cfbDmvhbTE5ccqLYcAfSn8c+j0lJZVhWVeRP/rD5DivvKgRmJM1P+JbiR+jvpKUY+tIOfkS+C5gthl+pAVH9U7wQaNjKL4rJoGh/GhN5VViUXmVWFReiYiIdC7pAwBhXb/7mn4/+/5Sxv6/7sWwp3Ch2aTZBwPT7dgddky/yYBUO4YBzYaNFp+PZq+JaTdJG5DC3958g62v/IFPfm5WF7vWWmnt3xWG2DtX7TnJrn3/y/6qX9PQUg02E7t/BLYhORxrOIbZ8n6MVTmwZ4wFTPadPhD62TBsDKzO5WzdZ5j8gXvJGpqLzdadcTGTNz/i4r1AyslXSDn5J2hqxKS9irKJzfM3HJl/xDewAFKHdnODyo+YS6i8uoRUXiUWlVciIiLtSfIAgBn6F2w56Irmpkb+trOUhhY/Pq+f881+Uu02BqWnMDYvm/2HTuH3+62ZDUhNsYNp4vcDhkmqw8YfX/odt9w+E2d2dhe2bES8M9ifag0d50dzczMHjrzBUc/LGCkehg624UgBg9PA6cBcsSprJnAw5nTTPI2n6c+cOD2RKwZnd7M7ZnLmR7yMljrsp16H854OKtMBLU3Yqt/CGFmDP+WKbm1P+RGbyquepvIqsai8EhERiUeSBwAgOGCQafq7HIE/934Np997lyYfNHj92AyTQQPsjM3L4Y5pBWSkpVK2+zCYYABer4nP9OPzmRiGic+0c+zoUaqOVXaxW62Jtcb+WFloPz9qamo437iftAEnyBnmYOAgG45Ug4t5hdI0wfSepPac1T23e91qkzM/4mXzNmDUHsVsia+10qh9F1rOX8Q7vMqPWFReXQoqrxKLyisREZHOKABwES6cq6WluQkMO+kpBiNzh3LDh8YyqTCXXGcGd912HaNGXMHefVVUnXyfhoYWmr3QhA+vD7w+PzZsHK6o4AMfKupSa04ydhesr69nYEYDo9IMnFkO0tJtGDar6tRdJmD6fVyoarqoQaOSMT/iZZpgNoPZEt/DitligP/itynRVF5dXiqv+iaVVyIi0t8lfQDA6irYvUF40gYOwm9PxWGDq/NdfOpzdzNuVCZmXRV+byPpjgHcMqWQKZPGccZTx4lT73Pac47qmvPUnm/g+KlzlB+pjvmd4c7T3T8HDeooP0zTZFB6OkPSs7jC6cDR9gta3WKQQtXJlIsaOCoZ8yPuddgGYA4YDe+fiG/+lCsx7ekX+YCj/GhN5VXPU3mVWFReiYiIdC7pAwAQvvl29QY+aMhQBgzMJGVALR/9xCe58eaP0FR9mIZGDzbDBoadZhPsqQajRg0i76oR4PfR0lgPvib2v3OaR//rFVxX54fSEZ9gG1L/rDF0lB9XZj3ImDHLemAjfmipx2yoxXe+muZzu7Adfx3/oGyMwSMxUwdh2Bxgi6cVKHnzI67lHQPxZt+IceoANF/oeGbDhu+K6/GnDL2ICrXyIxaVV5eGyqvEovJKRESkY0kfAIi8Z3f1Bp46II1xEyYxNHMAk268AcM+AOxp2FIHYdocYNhCr/e1mCYtXh9+n4mv2STFMPH5/YwcPZrRY8Z0o/LQPysLHeVHsMXL7/fT0NBAbW0tDoeDIUOGcO7cOVpaWjAMg6ysLGpqavD7/WRmZjJw4ECqq6vxer0MHz4cs+k8zcf/gq1qF4a3EdtAJ+NyB2OYHnwnD+E95MGXOhhzeBFmzrUwYLCVlx2nvOcPRgK4mOsjyO8YSMvVd2HUHMde+SfwNcee0bDjzxlPS95M/AOGXFSLmvKjLZVXPU/lVWJReSUiItK5pA8AgB/T9HerWyvADdNv5W/eWhyGD8NmwzZgEPa0Ifib7VEVahMTfD7wNuFvaQK/n5o6L5+e/QBXDHV2s0ttf6w0tJ8fkRXq9957j507dzJ48GAmT57MW2+9hcfjISUlhY9+9KO8/vrr1NfXU1RUxDXXXMObb77J2bNnmf3pj9Oy/3ecK/8TWXnXYXMWYBgGxoBBGPYB2IeMItXvxet5h+b9m2kZNBJz3L+AcyzY2r9ckjE/4mUC5sCRGIXF0NyM7d090Hw+orZuQMoA/M4CvIWfw+u8Fr8ZXLJ7lB+xqbzqaSqvEovKKxERkc4oAMDFDcAzynU1TZOmU33mDJlZI7APGIQ9Y0h4htDgviam3Wvd5G12vKaDjOHXMtE9o1ufcjIvssKRyDrKj2BFyeVy4XK5Qr/ffvvtUfN98pOfjFpm5syZ0FyH72/rsZ38B9lXXw+mH8PfAoYNv+cdjPShmDYHhmFgSx1E6qjroXIXLbt/hvmhz8OwwnYr1cmaH3Gvw7DTMmwC5g1fxjHoJWxVezHOnwa/DzNjKOawQrzXfAzviA/hd6T3UJqVH62pvOp5Kq8Si8orERGRjikAENDdCLzDkYKr8Hr850/jbTgPKWnY051ggultBsMI3N1N/L5maG7EMGyYGblcXXQ9aRkZ3Yz89+/KQqz8CLam+Xw+Lly4QHV1NampqTidTjweDy0tLdjtdoYNG0Z1dTUtLS1kZmaSmppK7fs1OE/8nozK35PimoHZUofv7HGw2TFS0jH9Pmg6b1WuTRP/+1XYhlxJyvBr8R94De8/NmFOWQgDc9pL8aU/KL3ooluovI3Y3j+KcfYdzIE5+ApuB8MBGOBvwfA3YTv1dxxn38E3eBR+ZwH+QblxdGVuN8XdT2sfoPIqsai8Siwqr0RERNqX9AGA8IjB3a8wpAxIx+YYTlNLPam2FuxpmYCJv/lCuDnC9ONvtLolGimDwDmOQUNyL2IU555p6Ug0HeVHsELt9/upr6/n9OnTZGRkMHDgQM6ePUt9fT1paWlcccUV1NTU0NDQAEBGRgaN7+4m5eivcKRnQv1RjIwR2IeOxPA3QlMzYGC2nLc+52SYGKnp0HIBwz4AW2YutmOv4xv5YcyCf4k50FYy5kd8K/Bjf7+SlHdexVH1Jrbzp6yHzLQhmAMywbBhNJ+H+hqMxlqwOfCnXYF/6BhaxtxCy9UfxXSkdTPdXU9uolN5lVhUXiUWlVciIiKdUwAgorJwMS0GfnsqDT4fNq+X1LRU7GlXYLOlWq1o+PG3NGOaYDjSMQeOxD9wONbLtt2tUPvpj60GneWHaZr4GhsYcP4so4YMwt7chKO5kdzcXFpaWnA4HDgcDnJzc/F6vaSnp+Ow2xhi/pX0tCZsQ64GswnDX49ps2H6vOA3wDSsrPBbrZ9gYPqawHBgSxsE/maMipfwu26F1EEx0pWc+RHJZrO1mcd+6m0G/GMTNl8j5FyDb9QkjAvV2N7bi626AgMT07BhDhmNr+AOzAwnRmMttrOVDHj7OeyewzRefx/mwGGhdRqGgd/f8Ye3lR8dU3nVM1ReJRaVVyIiIp1L+gBAzzHw2dKoPV/NFYaNtMyh+G128DVjepsxTD82RwpN3kH4MkZg2NMIf/5H4mWaJn6fj6bjlbz/lzJSRrpIGZrF6do6GhoaSEtLIzU1ldOnT9PQ0EB2djaD7ecY0rAPR3oKZloqBjb8vlrAhoEDE5vVkhb4Z/qt5hjTBAw7YGLYHRin/4HhOYA5YlKvHoNE5DPqqPUeIcWWSbojGwMHBuAd4aI5Zz51LUepaTlIs7+WDPtYcqfOIqt0LY5Dr+K95l/wTL2XU017aPBVM8A2AmfKrQxyjMJmT8ewD8A06jHxUu9TLuC+AAAgAElEQVQ9hdfXwCD71djNgb29232YyqvLQeVVYlJ5JSIiyUwBAHqmRc1i0HjhHJXv7GVE4YcZemU+KQb4vY00vX+KmoN/o7nFR8agPGxwUX3+TDPY8tPfWg3az49Ql1rDwLTZ8TdcwNvYgM/np7m5mZaWFgB8Ph/Nzc14vV68Xi/25uOk2OqxO3zABfx+wxrIzHQAdgzThmlaDzd+DPD5MX0EGtZs4G3EAGy+ZvxnyvEPL2qb6iTMj0heGqk8//9xqmEHGfZcUmyDrZYv00ujz0Ojt5oW8wKm6cNmpDJ0wHYmzighp/BuTuYO4m81T3O2qQLTbMEwHKQYA0l3ZJPmyMbAaqlr9tfS4DvNlRm3ck3mXGxmRvupTvL8iI/Kq4un8iqxqLwSERHpTNIHAMzgiNcXUaE2Teu27TXBbjcw6o5T/soBMkYWMnREHs31dbx/bD8DWqoZOPIazrf4SXX4SLEZ2Gzdb1Xrj+8MdpQf/z979x4fVZnn+/6zqipXrmKCgFrpGLox3tqeFgRnuCT07O6exunuQeg5opHsufSG2Vv3IZ6zRY4CepDe+0WY7ZwZ2fb0PsGgnmmQ3T0jznTPtOE2Awhq0ypGbGJMEAgkhHtudVnnj7XqltQtN6qS+r5fr7yUqlXPetZ6qp71PL/nedbKy8vjypUreLs6IX8MWQu/R5bPixM/EyZMIDc3l6ysLBwOBxMmTKCnp4e8vDxyOjtwuPwYznFgdOOkBwdZmIYT03SAw4HfNMDnwIGBaYDfMO2RNSem9xoGXkyHgdFxNub3JNPKI5zTyMNpZNPpbaXT2xo3TZ/ZRVvXUd5t28DcW/47B794hE5fW9g+e+g2e+juuQA9v+3zeZcjDwc5CX+vmVweidJQfTU0VF+lF9VXIiIiiWV8ACA84j6QBrUJdPoNzvc4ON8DN3d5KJp2C/njO2k510TT6UZcOXlMnDiGmyZNpgcX/9ZyhbNeg1vHOXBPzOGGPBfOfjSsjYEvxR0BYpfHDTfcwNmzZ2m7co1JJaVMCXsc2Y29UikoKAj+f5bXicPhxTHxToybvo3/1N9jdLZi+rsB8JOFw755s990gNPAYWJNq/UbGL4rGA4/DpeBL0q+MrU8AgzDwGnkMDF7OpNz78Pjv0qnr5Uu3/m4Kfv83fT4L0c0pqMzyHXeSJ6rkCxjDBOybsNhZFnjZVHylOnlkejTqq+Gkuqr9KL6SkREJBEFAIKjBf5+N6i9QKvXSUOXk1NdLorHuyjwO3CZeRTcPI3xJfdzubsHHAb5eZPI6mnHde0cRTfewN8d6uCzptPMvHkcC6ZP5KvTxjEuJ7niCNzpeHROF4xdHg6Hg2nTpnH27NngaJnT2fcO1330wHiHC64cwyx6BL7yOMbVjzE6ToPPg4ET8/yvMTsvYDrtlrXdqDb9PjCvQjaYXgdm3oQoU30zszwCnIaPnJ4vuL0nh1LnAq45uzid28nHHW9zqacxZsp+0wTTwO+Pf95uyJlOad58pvnyyScHsxs8xim6nDdbI6G9c5zh5RGL6qvhoPoqvai+EhERSUQBACLvHJysbgw+7nHwhT+bi34HHZgUOw1ck27BvOTDl5VHl+sGOk//NQ5fEz1j55Mz7n7yJt1JftaNODnBb89d4vSFq3zUcpE/uKOQP7h9MjfmZyWRXwbUARgp4pXHuHHj8Pv9XLp0iWvXriW8uzLAVb9JgZmLy3Ma/2d/Q8vYpXS6inE5byPb5WGip55c85o13dbpwI+BicMasfF1grMbI8fA78rCN+nLMRrUmVkehmGQ7WtlbNNfknVhD4b3MvnZhUwo/B6eG/+Id85uipmu3+HHNMHniX/evnLDIkrPHyOrdRcOTxumayI9Ny7ELFpDB7E6OJlZHrGovho+qq/Si+orERGR+DI+ABBaM5j8Z7zAu14nn+IiN9tJh2lywWNyoPUajhvG87XCezA6urh6+i2mdf9Pcsdco6PzIJeufY32/G9hji/n3902iWuXCnn38zYa2i7z+vtdeHx+Ft89lQm58YtlNLcTEpWHw+Fg4sSJjBkzhq6uLnw+X8KGUxb5+C+7ofM8xpWPcLaf52LXl/CRz8Sca0zIOYnBFXA4MEwDw2lYN9fye/A7OiEXTJcDf44b38QZMfI8OiXz+8jytOE6XYfp67DuUN51nqyOnbjdv+Bfu/5rzM957dE6T5cvbh5uyf06ruYXwHsJPw7gMq7Of8Z1y3/CNMbHyPPolG711ffvmsINefGDAJlcHqqvri/VVyIiIollfAAAIm8clIzPDBe/drgoyMviYrfJWdOHL8vgks9g+6lrfHzOz/3mWW67UMvE8QaGzyQ36yxjjX/hatf7XLj6Fl/L+S5fmreQ1V3dfH7uIueuXOPnH3zB5LHZfGN6ATkuR5L5Hn2SKY+srCyyshKPPlom0uFYiPPacbId15ic1cI4Zyt+nGQZkI2BYTgAB9ajzkychg+/w4Mj28RwGpguB9emluHPGhfzxGdsefj8+K94gPDyuEaOYyLeOI1lj+EDk7jbAOQY4zEvd2BGpN8Dfj84Y6/1zdjy6GU466sJuS6+c/tk1Veqr9KG6isREZH4FADo52O1LhtO9vmduPKy6MLgpN/LFcNPlgOMHIMesrnY1oLn8lvclPUx/lv+L8zu0zjP7yDHPE12zjnG59Zx/uo7TBj7l5Tdfi+vXOnEd62H5raL/OzoF9w8Ppd7poy1Hv0Ug7UOcTS2GIbyMWeW7u5u2nu+gun9NpO69jB1zCXGuHqwxkYN68/0BU+nYS31xOEE02FgOky6xt9D5+QFmFYLrs8+Mrk8TJ8Ts3MMmN7Qa85cPL4uejpjT3n22lNq420D4PF24++egOHrCr1oZGH6HZiO6PnK5PIIN9z11c+PnuS2Sfmqr1RfpQnVVyIiIokkHrbJEMm03UzgBA4uZbvIczk54/PTYnq54vBzxWFy1ekny3uFSa3HcF/+R/J9XhyN/4Qj7x68t/0/eCdUQFcB2d0+Jo/pYUxeDn6XC3Jc1qOdPF7eO3GO3fXnuNoTf5RhtBvK0ZDf/vZT3vv1h4yd8cdcm/ZnfH65gC5fNlZjGrCfv2zYfxgmhsPEcFqNal/eNK5M/WN8OVOtWzZnoHjl4XHdiGfi7+LvyMHfkY2/I5eem7/HR1/8HE+XP/Zftx/Tb8bfpstP/dlf4ZnyB2Hp5+C5cQEex7iMXTebLvXVB41tqq9QfZVuVF+JiIjEluEzAEJ3CzZNM+ENmroMB58bBo4sJx7DpA0/VxxWs8xlmDj9Xiae+pyprfuYMv483hnPYnSfxnHsv+Oa+BX8U7+Fb+zXoeXHXPa7+ejaXbzZ2AImmH4Tw+/H4+mh/vRFWq9MYUxW9PiMw+EgNMVxNDUo+lceyWo5c4b333+fk198wbe/9U2yJj3E6cs7KRp3FqcR1nGxZtNaj2UCTCMLj2sqlyb9EV15d2AN0vTNUyaXh2EYdGXfiPOrP8SVeytcPk3PDW46p3+D9z58Ou56WV+WH9NPwjW1v25+i9tmPEU+Y8i6eApz4q34ZiyiyzEW0993RC2TyyNc93Wor7wen+or1VdpQvWViIhIMjI8ABCQ3PTNCz64YBjkGA66TJMLfj/XMHE4wGlC/vlzTPjsXb7i/Q35rvHQdBDj5tn4S/4DXHgfR+NPcebk0t2dTVP27/Payctc7uzB9Hrw93jwe72YPoMv2q5w4Wo3X5qUFz23QzjdND0N7fEZhoOOjmuc/uILdu7cydzfe4COrG8z1vE+Ex1fYHq78PkJPqLJ6QRH1gS68u7k6rh5dOXNACP2+t1MLg/TNOnxgW/CDHLm3cWFq59x/OQvqX//KS5cbYo7FOfNtRrr3u74HafTrR/zevd6St2L+Mrv/IAJeW66uz34fNEb4plcHuEu+VVfXR+qr9KL6isREZF4FAAgdM1PdBH2+k16vH66fT56DIOrPpNO08QBuLq6GPfpx0xvOUTx5PO4vrQEspz4P9+HIysX86a78Be4MU/9nNPdU9jHrRw+fRmzoxPflWuY3d3gMzH8Bk4TjDiNGGtW5+htMCRbHsmaOHEiHo+Hnp4ePF4P773/G7761XvIyZlOQXYLDs8lur0GPT4HPT3d+LqukZdbTO4NX8eRNTYyU1GoPMDr9eLwQOPpf+NI/St0dl9MmG7gcVpeT6KRUz8tbce5crWNvOxJ5N08Fa/XG3NrlYfF5/fTY6q+Gm6qr9KL6isREZH4Mj4AYJqhCHyiBtyNho8Z3h6OXnPQlu2iw+unx29aKzPbLzKp8UPu9Tdw49WzOD76FUz/Xcyihfi72zHbTuDoaedKVzYfdt7Nry77uHTxMr4rnZidXeA1cThcFIzJY95XJjN1fG6cUQwj7E7HQ31GUqs/5ZGsW269lRsLCvi8sZH8MWNobm5mwoQJ5OXfQaf/y1y8dJFLly5Zje7uHLq7shg/3keJeYEpU3NxOp0J8qzyADD9BrlZN+Ay8jD9iRvU1o2vos5SjsrlGEOOayKmP37jXuVhmYg57PXVpPxc1Veqr9KG6isREZHEMj4AEIi8J9N4yzXgaw4f4z2dvO9x0uExcfj9XDIM/D1eTJ+J15GD6TdwNL2P2XICY+pX8JfMhkl34v3sFzS2ZfOv3QWcuObB2+Eny28wMT+fiRNc3Dw+l5lFNzD7tgImjc2OnWMzkOehOQPpJfnySNbEiROZPXsOLWfOcPXqVTw9PZw/f57zbW38tr2dz5uauNDejsfjwe/3k52dxU2Tb2LMmDEUFBYm0aBWeQD4fD5umnQXU268g6tdrfj9sUe9+svpyGZawT3cOP4rMafSBqg8LDnXob762q0T+b3phaqvVF+lCdVXIiIiiSgAAPSn0TDWgLvwcYvpY64TPvebfOGDy7l5XJzyZf7+o5O0efP5vbGncHtbMBrfxTzzW8zCm7nsyOHXl+7iytjJzL61kHynkwnZTibnZTNtQg435mdx49hscrOc1v2dYk6pNUb5DYOGtlHtcDi4++578Hq87N5Tx9UrVyksLOTixYu8//57dHd34/P58fm8+P1+rl2zhngcTgdOpzNhPlQeFq/Xy5jsqdw3YzkdXRc41fprzLjnJLnz5TCc3Dr56/zOV5aRnz0Zjyd+Q13lETLc9dWkMdnkZau+AtVX6UP1lYiISDwKAAzgOc4OYJIBk5zgdkCPaeLNzuHa7N/hs4n5vPebX3PoVCNzJ51jwdiTTPacwTzbwGeuu7g0djrf/WoJN9xwA04HuAwDl8Mgy2mEnqNtJmiG2Hc6Hp2G/rnaADk5OXz9vvu45dZbOHeuleIvfYnLVy7T0tJCQ0MDPp8X0zQxDIPJk2/iq/feS8n0L+NwGAnzofII8Xi83DjuTv7drLUc/e3f8UXr+7icuYwfM5WxeZPJzR6Hafq5cOUkF6804/N5yckay/Rbypk49hYMw6Cz5zJXO85y+VoLXn83X5pyP/fctoT87Jvp6fEkzrHKI4Lqq+Gk+iq9qL4SERFJRAGAoIFdgLMMyDIMcMD4CeO4aebXuat0Bh8eq+cXh97lrbM38QdTz/OlMR3svVxM4W1f4ktTbrQf/SOxDX2DKCsri5tvvoVp027GMAwmTJzIQ0uWcu7cOc6fb8Xn8zN27FimTp3KuHHj7am0mfkc7b6SKw/TNPF6TPKctzLvnv8THN04HC6cRg49PV5M0zqjuXnZNJ89Ql7OBL479y/50pQH6O7qAawRsewcJ15/N36/B9OXi9djJnHzrUyi+iq9qL5KL6qvREREYsn4AED4TYOG4jnOhmEwftw4fnf2LO65s5T3fv0bfvmbY2R3mcz4cgl33v4VgEHtyzDCnxs8ugx1ecTej3XucnNzcbvduN3uqNskc45VHn35/X68XjAMJ9a56Yx4v6vLQ+G4r+Ht9nHT+Jlcungt4v3OTuwRZhemmXgULZzKI3mqrwZH9VV6UX0lIiKSWMYHACDUaBhq48aNY8G83+PrX/sqpmkyZsyYhDdoSsZof27wcJXHcFF5xPts7M91d3cP+LOJPqfy6D/VVwOj+iq9qL4SERGJL6MDANYaysBzeIevETd27NiIfQ6etf42uAZ3lLhe5TH0VB7pReUxGKqvkqPfR3pReYiIiCQnoxd2+nx+XC4HTqcDh2PkXHwNw8DhMHC5HMM67fR6U3mkF5VHelF5pBeVR3pReYiIiCQno2cAOB3WTZNycrLweKwb/vj9ftJ14MAwrEdEZWW5yMnJAgycztFThCqP9KLySC8qj/Si8kgvKg8REZHkZPTVZuzYsVy+fI3x4/MxTROXy4PX60vbqYOGYeB0OsjNzSY/P4crVzrJzclNdbaGjMojvag80ovKI72oPNKLykNERCQ5GR0AyM3Npbunh8uXOxk3Lpe8vJywBkO6NRqsNYIul3VTritXugAneXl5qc3WEFJ5pBeVR3pReaQXlUd6UXmIiIgkJ6MDAIZhMG7sWHp6erhw4Rp+vy/t1w76/X6cDid5efnk5eWNqudzqzzSi8ojvag80ovKI72oPERERJKT0QEAAKfTiror8p4eVB7pReWRXlQe6UXlkV5UHiIiIokp3CwiIiIiIiKSARQAEBEREREREckAoyAA0MKOpfnk5eeTt3QHLUOW7mE2DXma1yPt9PfOpnzy8peyI10PvmUHS/Pzydt0OMbbS8nLzyfG2+nt8CbrtxL1bxPvpOq7meCcj172+R6WYx94WY7o7/hwCf/tRJyYsDLM38Q7/UxW5zrsGt7ruhA4N3n5+Szt1wUjPM2+f0t3tKTsvKf99U9EREa9kR8AaNnPjl32/+/awX5dVCXNtOxYmj6N+1lP0tnRQWdHB3ueA1hE7Wcd9mtPcn+q8zcsDrMpXYNth/fxTOD/n93X786jpMjhptD3KbwMZZB20dQc+P8W9gcv7v01hSXb7Xrts1d4EOC5PcG6b/uSKUOS23STVtcaERFJWyM+ANCyfwdvAs8/9xywix1DFgGYxZMdHXRuX8LobCrIQE1Zsp3Ojg6enJV425YdSyl+bKCN2FQYbd/7w2zKX5C2HbR39j0LLOL55xYBz7JfjfeRISzY3NJ0GFjEg4tSmqNR45l9gR9BM0274MFFw3Ni+1OPjwQj71ojIiKpMsIDAIERgueY++Q8ngfe3LG/10hf+PTMvlM0rel4ob9Q9Lz39NnIKYWbNm2KmJYYnE64w57KPNhp1C1h6fSZphjjmOzPhE+V7DPNMWIKeLpOQ+w1fTPmdNvUHHufdHuVVbDcD28KNsieWTBSprdHfu+jfq/zN/FO+LmM+J4PoOwidr8pcj9hb0X8Vnv/tqKWbQs7ltqd/12PURx8PYl8XBeH2f8ssGgJjzyyhAcJ7/yE5XPpJjZFnSKd6P3wpCLrKxjsVOR45dx7+nV4efQqu95LP+LWe+nhweee48FgsNm+Bi2aRbAfqXM9QM/x/HOEZsLYMytmzQqc2Vb7WMN+r4NYOhRRjwfLbEdY3bCUHYd3xKyP4l1PwpcuxFq+sOPxGO/HLZcY34URea0REZFUGdkBgMD0/+fmcT+zmPscfZYBvLNpAc/wHHuCUwGfZUHYRXPBs/D8ng46Oz6jdhE8syB6Z6Blx+NU7AptW3T42ahZeqapiO0dHTS+sgh2PcarA7kOt+xg6W2P8aY9ZbHxlUU8s6BXp2bRKzT2PqYpc1myCN587FX7GAKN01d4ZJZ1vHkLnuXBVz6zp4DvouK2VHV+Ymlhx9LbqNgVVmbPLrAbSOl47C3sePwx3gzkac9zsOsxHt/RArOetL4H2N+bETzUFPG95lkWbCqiMex7/niwfGKVXYLfYsCuWVRFef+dTfkseDawXGEPz+96jOKw33H0sp3Cku17eB5g0Ss0dmxnyZQk83E92B2cB5fMZYr9/Y26DGDXYYr+KlBHRfneJnofYNYj1C4KD5CGgg9z+z3VI1E5h73XsYfn2UXF4ztoYQpzl0TWi9YMrkXUPjIrQb2XRoqKmAW82dRMcJR6yTyKAu/rXA9YUdEi4DDNLYGZFc8xd17g3UKWPPkc4TNlgjMA5w1N3frmDngkUI+zi4oFTVZ9tMfa74KEdQ7QsoPHH9sV9h68+djjvc7tLlgS5f2E1/4Y34VRdK0REZHhN6IDAL0v/vfPi7UM4FkW5OezqXkJ2zv6XhytiHmzvWYw2jrosJkGswCm2A2RvgJ5mVJk/fdwU/9bVL2Pa8rcJWEjTvbaxu1FvJqfT95tj/Fm8JN2oy/QQLIDJA8umcsUQtONl9itUOt8pdm044igDqGO/Y79tKTzsQdGmN1Pjso1pg8WuYHQ9zpwXgP/BhKUXUD832Los1Yny1pr3bsDZQf77M7ywMo2QT6ug8h89/r+hgsed4xtEr1P2HuBAGl48KG/GU9Qzvc/2UFnxyM0L80nr9fyC6suC8x0CATprPzHr/fSydzQ9y8wSm3/Piw61wPlDubjsJ3folBgBWCWNdMv4piC1+UhMKvIKiN3kX3fAPu8B/5tS6bOefOx28hbuoOiJzvotIOPIaHPWkEP694HccslqfpVREQksREcAIhy8bcv0uEXxPsfeSV44X5mQa/pdvZIDQDPLogzbd8a5enTGBlmgfwGOrrWiFNgCuACDr/yWegGR7YpS54MNpACIz5LIoaddlFxm53uAmsWw0CCFMMuUB75t1GxC9jVRFNaHnt4MCiU/mibgTmrqB9dl6hll+C3mIxdj1FsT321is8aKbTfTLpsB52PIdF3VDgQTIlcBhApUWAx3vvhnYneHZgBiVHO1nT326iYtccelQ7PxBKqAp3nXkG6gOj1XnoJjFRXb3qWaB1QnesBsgN/b+7YFDW/EcG/3h3iIfBgRCAnkRh1TuC8Q1id1b/ZZnHLJcZ3QUREJFkjNwAQvPu/NZIXfrGMWAYwxR7hC05fDp+OF+VOwcHpzOHcWEH663uhtZYbhP09OStsFGBPjFHmQANpE4+HjfiEhN/1PY3viBx2x+bgHerT9dj73Fk/9lKSjBCt7CDBbzEJgWUWwb/wUbV+lO1g8zEUAneODwtqBDoR8Z4GYE2Ljh2Qift+cMTwcaoHPCU9TNRyDgQ2XqExxqyKwGhp9ePRgnQx6r00E+jgvxkrMKxzPUCBpXy7eJPo3+PIYxq66f/9F7vOsWZmBJZlAP1cZhS3XGLVryIiIkkasQGAwFS5wDq7zogGfegGTeE3DZqyZLvdQZuFe0qvmwBNWcJ2u/fWt9HRe2ptCzs2Rb8HwFCInLoZ4znR9mOo3nk1fBq8JbAU4s1d8PyTobu5914ikZbPI+69FjraTZ7S6tgjb5p3/5PWvSQCnYKIKfKjXdyyi/9bjK/3/T16nfO4ZWsH74IGk4+hY40K923oW3npNYU/uI47xpTnRO8HBaamW52rAU1Jh+R+o3awtGXHpr5PYLCncb+5axc892QwiJNUvZcuAktUiHUeda4Hqij4g43xPQ4/pqGc/t8PceuciJtAzuJJe3AhmdkFccslwXcho641IiIyKK5UZ2BgAg3dviMawZGZHftpWbKEJds/g6W3sSA/0GFfRO1ndsR8yXYaWUrxgvxgw+nBVz6L+ligKUv+itodu6hYkM8zLKL2ledg1yCDALseozj/sYiXHnzlM7YvWYKV7QXkPds7X0v4q1d28OZj9mcXPcfzi57lmcNNtDDLamQG1kn2bhzNepLOPZC34Dby7N0+v6f32sTrxZo+WRH+0qJXaNwepcyCI1yzru+xPxs6/wHP7+ngkYhXZvFkxx7IXxBWls+xp2NJZH4W5Fs3Lxw1j9eLZkqcsiP+bzGB+5/sYA/5LAh+Z55jT+Bcxi1buyNmf2ee39PBk4PIx9CwR26jdF4Co5vP7DscqocWvULRvnzyFsTIa6L3wwTrxySnpD8TVjdanmNPx5Nxy/nJPc/xzIJn7fee4/nndvHMs1Yn1dpjYKZOr9HbKfHqvXQTOIbAeYy95ELnun+C5y3m1P7QMQ3l9P9+iVfnTOn7Hs/toTOZC23ccolfv2bWtUZERAbDME3THMoEGxsbmTpl4Jcdz0vlAGStrBuqLA0P+y7Az+8ZPc8RFpF0cphN+QviNOYTvR9F4C7j6iAMP53rYWM9FQRdfwdoxLSzRERGuTMtLRQXFw9pmlVVVQm3GbFLAK63wDPIAzcLs9baLqJf9wwSEUmh4NKpgU5Jl6TpXA+X2DNoREREJDEFAJJ0/5PWzXzefOw28vLzKX5sVwqnz4uI9Id174Pix3bBolf4K1Vcw0jnetgc3hR83OHze3TzOxERkYHQEgARERGRDKF2lohIetASABEREREREREZNgoAiIiIiIiIiGQABQBEREREREREMoACACIiIiIiIiIZQAEAERERERERkQygAICIiIiIiIhIBlAAQERERERERCQDKAAgIiIiIiIikgEUABARERERERHJAAoAiIiIiIiIiGQABQBEREREREREMoACACIiIiIiIiIZwJXqDMTieak81VkQERERERERGTU0A0BEREREREQkA6TdDICslXWpzoKIiIiIiIjIqKMZACIiIiIiIiIZQAEAERERERERkQygAICIiIiIiIhIBlAAQERERERERCQDKAAgIiIiIiIikgEUABARERERERHJAAoAiIiIiIiIiGQABQBEREREREREMoACACIiIiIiIiIZQAEAERERERERkQygAICIiIiIiIhIBlAAQERERERERCQDKAAgIiIiIiIikgEUABARERERERHJAAoAiIiIiIiIiGQABQBEREREREREMoACACIiIiIiIiIZQAEAERERERERkQygAICIiIiIiIhIBlAAQERERERERCQDKAAgIiIiIiIikgEUABARERERERHJAAoAiIiIiIiIiGQABQBEREREREREMoACACIiIiIiIiIZQAEAERERERERkQzgSnUGBu84r94IV90AACAASURBVP5wM/tivFv88AZWzy8Ynj2/9kOq98G8VS/zyIxh2cUgxD4vvfPb/+M4zqs/fJeZLy8j9uaB/c+j6uVlzGjby8Y1r9NY/DAvPDWfgZdIG3t/9BP406eYXwBte3/E0683Dms5D9s+Auck8O9+npvrcewQ7fsRWQYyGL1+J6nOTtLsfA/69ywiI1fsdsZwX5cC17/AdWn422MjrK7u3b4INwLr7ba9P+Jv+dNh/U6JZBLNAMhA+zb/kI1724L/nrHsZX78cn86/7EDLiEzeOTll/nxkF4o29j7ozW8FnZFK5j/FD9++eUReFE4zqu9L86Nr/P0j/bSFusjKRL5/ehbBiIiIuEaX18T0c4Ybv1rx2S4xtd5+rXjqc5F0gLBHhEZOqNgBkBAvKhsoNNSzLKHb+W1163uqxWhJqxDE5ZG2Ij1sltf5zW7x5swqn38Nf58c6h7HNo+WvS472uRFV0xyzZEjrIGotyJjznGNnb+Gl//CXvvtNLuEznvdQyhaHF4538f1T/cx7xVL/OtFnsket482LePRopZtuH7nFwTPVp+7LUfRj2ffSP44aOMd3IsWE6NvLbmhxx4eAN/xk/6joL3jnzPW8WPlwVyEDrnyx4+yWuBcx2xTSzHePWHr9vHHyibsO9WsKyivdbL8XetdIL7tfPVeJBjbfOZXxDl+2KXS9/vYLR8BYo73jmdT0ES3/NQGhu49Wd9y2DkBV9GnuTrhbDfXsQoT6/AXfj3Pcm6Lrzumbdq1TAdqYiMPDHaGV+cByKvI323T/KaHH5dL36YqjmROYi81g0gzXmreOGWn0XMKhiQXu2PyHq0bwA9+H6063ugLda7nRA8jUm0W/qM9ttp7HuX48tmRLZ3o+a51/Vn3sMsO/k6rzWGyjBhO2MA5yWQVvi+G19fw58ftNOM2U4VkWRk2AyAxmDnH6Dx9Z+wMaLS2Ud176hoY6hBbP1zDa/GCpz2rpDs7f/8tePADGbOs/ZxJPD5YCfwviidfzu/a14juHnEBdTOb39HjGcso2qelfbJ81Heb9vLxl7HkGy0uHHfPvviPIc7Y9XC/TmfAxFt2tu+zfx5n/O0L9QosLdJlI/G118Pm/kQKJsC7pxTDDRy4Ji9h7ZjHGgk/nm48RaKI/YbmDHR/2n10fPVT33K5Sdcx8EbiSNRvdC290dh9UIjr/3kZ5yMSCHKrJ19m/uOzsX5DkTuA/ZtTmYWkIhIsm2XeNfkXjPmGl+nOqkR4X6kuW8zf3swmaOJI0r7I7yNc/y1vrPngvXsjPuYBzQePBY8L8fftU7avPuidP7tPA96lkWCPHP8tcjrz77X+z8DcADnZd/mH8VugwyinSoilrSbAeB5qbxf22et3GL/nzUiHanvSFkg6mhdkBpp5GFeeDksmniyhTZmhEURQ2kEGuL73j3OIzN6R13b2Pszu7LuHQXd9zP2fvMp5t9njZCfbGmDGQW9Kvc2jh1shCgjvv9r7zdZPf88R/YREeW08vM6vzg+v1/R6htvsTqsgXxEFSOy/MjLq6D3rIWW4MmNGHGMLtnz2VsB85/aAL1G1tv2Rm51/JfWRSYUXQ5Elvuep95rB+Oej4jjC6S5jyPHl/HInXMopjE42tF27KCVhzl3xo5GF9zJA8XQ2GgtybC/CQNbWxgjXwlPaWQivWY02AGiiAOIXgb9/c1KSKj+iiVxvfALu3EWMWIS3piyA419fhOv/5Lj88O/b7G+A8f77KN3sFPfAZHME7/9Feq4Jtt2iXVNbtv7M+sa2edalziPyadptdcGM9E8cO3v0wb82V6+9dR8a5nCstD2gXaoVc9ag0T79oVmAR6xRoiYOYN+1OO9NL7O0z98vc/LxQ9/02q/Jcjz+XfDZ8wWxL+3wADPi52j6DMm5z/FC/S631Gg4RejnarrUWbKWlmX6iyMKGkXABhexTxgD8kGOsHBTpo9ItunUpv3/WCFVDD/+8x7fTP77CBBhOCo78N8K/jWDL71cDH7Xrcr+Bn3MY997Dt4jLb5d9JyEoKVO+c52QjRLqSNX5yHthZrVC9KZZ6w49ofgY7pvs38ebLLHmxxO7wB4ecz0HGOdj4HJHTB/KNgfguY//15vLY5EHgJZsQ+7zDDDswkznoguGGP+jcGgiiBc2ZNqeOLRsK/a9EVMP+pl5kSMTKyj+ofnoy9bKDf+epHIsHZCqE0JB0kWS+E1TvBesrers2qaKzZSBFVx0kifhKxvgNR9hGsy4buQEVkFAl29hK2XYKfiHlNPv+FHYCMcq1LkIt+pBlqrw1UIM1QUN/W+AXh8fRYa9oDeTxwrI35UwIdfrujnqgeT/pyH9nRjp/nNrudGtaeCRu8SFai8xI47tfW/JDXgISDIYNop4qIJW0DAMlHcgIjzcN0Z9Y+MwJiKJjCrUQJIEQIi/AexwoY2NP/E+chtvB1dskIVMa3Ton2GatjOj9sulnEuquk9xJDsucTQg2HpN3IrVGjOEMjdqc60BjZx5Hj92FdteNM/w8TGhEInG9rKcH8+X23DTQAks9XFP0+p4kp6tp3xKH/9dcAJKgXErMDkzcOKhFA3wGRkWzw9dfA2l9W2yUTWJ10fhlaK//jl6MsjQgbJNp76z4SDyRAsB6PtVnv+/0E2xiJ0rXzPBBJtzPs4MWMZfz45WVhgZHQPaaiz25N0E7V9SijaMbHwKRtACBtBG/KRmjK2K1TKAAiL12Bzmf4tLbA1NlibrUb2cFI52Y7+nzfjF6fj3UhPW4FGAZ7o5O2vfyv8GllMVlr0h8JTrULnYdBCT+f9rSw3uczOEUv8H7SCphyK9AYmB5tT5Ozl2ZYAY+BNzgaDx6jbb41/dCalh0KogRmM+zbvBlIPBui7yP8Yo0+BKL7oX32J1/BVAZ8TiW1kqwXwuqdYD1lK7B+FLFHSBI18gLBzTj7EBGJKlB/xGy7JA6CBmZsBqaMFxBaljRQw5lm9I7rcV6NaHsFRtfDBQaJ7HX2YQMJCevxRArms3rVF31uAh0/z3DcqvxDQYPjv4y59CJWOyPRPkJZfIofzye4xCzx8tBhaqeKZIBRFACIvgbNWiM0mCGuxrBpSXaS90WrkEJTzftMcwqb9h45dTa8Ex4aRe59HFalGbowRE6ji3OneSDWeQlMK+sjyo0MrQ/0HtG20i1+eAN/FmvXUcU+n4GLRN8pbjHSmLeKF26JfGfGNx+meN/rfdOIWJoxQH2mMIaVX8S0uMRR++Dyhz7HGvqs1fHre776k6/kz2l/hcog8dMTJLFov1Or05+oXggEjoL1TnFx5HKmQJ0T5TeRXDAxyj5ERJIy0LZLSHBZU4z17AMRLc3i4mTmtseuq2cEBwJ6twFXha39j9FWtQXbMPQaSBh0PY59E+h9VO9r5LWf7OXOp+aHDV5Ey/OM4KBVvDZEonZG/H3cGPN+Dr3b2lb686haBdVJtVNFJJYMewrAABQ/zLJ54f/cEDuCOWMZP141L+Kl4oc39OogBZ4GQJ/p/wXzn+KFh4v7fD6wvxnLXrbv4B8yb1X/7xo/b9XLsSPIUY4B5lH1VOQ6uQGLcz4L5v8py8KSnrdqFZE5sYIscRXMZ/WGh4nI4bxV/HgIli8UP/xwWH6KWbYhfEQ28DQAkrsIRctnRIOogPl/Gv7+PKr6lEvifCU+p/2VRBnIkEpULxTMfyqsXphH1VPf59aIrWfwyMu9yz38N51cHqoifrcPD/J7JCKZYvBtlxk8siHyerhsMO2QKGkWP7yBP5sT9wOJRbuuFz/MC8tmWPtbNS/ydXvbfe+GzYKwBxP6DiQMvh4HmLHMTqPxdf52b1uCPAMzlkVcf4ofXhXRprAOO0E7I+4+rJsL904z8hr3/cj0ErZTRSQRwzRNcygTbGxsZOqUKQP+fGAtR8rXlIY9G3uony3a95mpMhr0ndYvmWLga2gHK3Q37D53adZzkUUkCamrv1IoONsx3vPspa/ANWeY7rsl0k9p028coDMtLdbsoyFUVVWVcJtRtARgpOj1aBcZJQLr75O5aY/IUAnc96Lv3aGTeiqHiEgmCj75qfeUfLXNRGT0UwDgOgp/9Mu8VYqcjhph900ofvhPdQMa4djHHw9JOnfecUfCbWYs28Cyk73WUM5bpVkoIjIgV65eTXUWhl/u1/mPKxqp2nIw7EU3i9d8l2lXr3IlZRlLdx10+QA8dOg8SRrITXUGRigtARARGaTeU2g/XfDXSXXe4zn28ceDTkNEJJHe9VdXxT+kKCciIv2TW/uHwMjtN2oJgIjIKNPx7h8M6HP59/3jEOdERERERERPARARERERERHJCAoAiIiIiIiIiGQABQBEREREREREMoACACIi6aq1jnUVFayra+31Wg31CT+XYJsBZ2k9j9YMR8rx06+v6XUeEqqnpqKCR4N/ic5HK2+vr2DwhxaeTj01Fet5uz/ZFhERERlGugmgiEiaa9i6i/rySkqT/UBbEw3DlJfC8rVsG6a0Y2vldDNQlPwn6ms2Ule2mm2Vpfa/K3hhfRGb15ZTODyZtBWycG2t9b+tZ2gC3MO6PxEREZHkKQAgIpLWSli+HF6oqQ92ZsO11q1n1Varu1+yvJp15W3UbNwNwAs1s3t9ppW311exNRAdKFlud4jrqanYSOAhOuWra6kstTvNu+0X7c50a916VjUtZVtlaej9kjLK2Q1La6ksraemYjuUQd3uBiv/1WtZWIg1M6Fqqx2cKOPpWjuoUV/Doxt3AyWUl/U9A611L1l5bniJt+9ey8LC8PyGpRN2nKeboWRuQfCV0spaO3BhnYP9c6tZV15o7Xt7EZvX3m1teCiQl8B5iL39B+uraHaXUbe77/bNS6txb7eOteGlOu5ZO5VdUc6xiIiIyPWkJQAiIunu7kUsb97edyp5fQ2rtrp5uraWbbWrKdpaRU19KZWry4Aynu7dw2xtY9rKWrbZ25c37OeDVmit226NltfWsm11GXXb62htreOnu8uCaZfv7rX/+hpeCLy/soimiCkHDTQVrWRbbS1PlzWwdVc9UE9N1X7mVlv737y8mRdq7Nc37qZ8dS3balfibu47d6GwfCXLS6Bk+UoWFrby9vqNNC2vDqWzvo7IU1PIwpXLYWuVNf2/z/ux1TUXsTlwHjYmXkZRx2w7HyXWeeuVhxJKWL6yHKKd4yTzJCIiIjJUNANARgzD4cBhGPhN8PpN/IBpWlEsp8uJy2HgcjnxeH30eHx0ebx0e3x09Xjp7PbgnjyBsc5LeNoPY7jGYrjGYDjzwZmLw5kPjhwMRw44ssHfDYYT09eD3zTAkYffNDH9fkzTTPWpkIxTyMKVc1m3q56Fi0Kvtp5phrKl9uh3KbPL4KdnWmFqrGRKKY2YBVDCcqDw7rmUbN3Io7utkeltawFamVuylRcqdluj/7VrrX3aSdUfsl4vBSi8m7kl0By2q6Kp1kT7gqISaMKeDt9AXVUFW4NbHaJ+NtRRxtNWQtwz194+pjaaG0qYu9JK38p7E20QObW/sJx1teVWXmsqWFWx1Z7FUNAnxXAlc++20imdTTnbOZ2gl15SZKVXODX+RP/o51hERETk+lIAQNKTYdDt8WMaBtkuJ3k52bRdvsaJ0xfw+f109dgd/B4vXYE/j/XfWJbOu4P87DNcO1GdVBYcOYU4827BmXcLjjw3zjG34cq/FUd2Aaa3A9PXjR8HJjn4TUOBARleheX8gApqPlw+8DTsqfblq2vZFpiqb6e9rrbcfr/C6pDXVrJwbS0L7eUBgY7rovh7SCDKdP36mkGlmIzSylq2LapjXdUh6isHdwQDFuMcaxWAjCwneKNqCwfnrKD6oelhr7dz4MUNnP5ONREvJ5PiG1VsORjljT77uN6sYzoycw1PPDAphfmI1H7gRTbshMVrnmDQ2Wo/wIsbjjBzzRM8QNj/x0u3Pd526XnORCSSAgCScoY9qt/Z48PpdDIuP4e2yx2cvXCVMxeu0tJ+ldZLHdc9X/7uVvzdrXgu/rrPe87caTjs4ADOceTe9A0cOZPxe67iN3Lx+R0KCAj59/3jkKZXWrmaQxUbacBaKF841Q1bD1FfWUop9RzaDUWrE9zirmQ5i0qB+kPUAcux7iPwN6xkXXkl26qLWFfVZK3Xfwn+Ym05lbXVuNdXRYzwl84ug432vls/ZH9Dgnv0FU6liK38tG4R68oLrXsJ7J/L5rWzKWcjh+orKS1t5YP9DQnumleAu6SB/R+2srC8kNYP99NQMpfIcX0raNG03F63Hzz2IgooBDc0NFlzBuoP7bbPgqVh/4e0lpdTWH+IOtw8XRh/+2RFPcciI9XBtzhQPgQd0IDenf32A7y4YQtv3Nv/gMLo1s4nR2DOHDjySTsPqJMtIgOgAIBcdw6HA8PpxOv1k52dxbWuHk6fv8KZ9iu0tF+l5cI1/GneefZ1ncbXdRrPhcMAdJ18BZz5ZE34KlkTvkbWpFk4cqfh77mM6cjFZ7ow/f4U51qup2MffzwMqZayaHkJdYE59KWVbF6+nlUVFYB9E8BSoLWIErb2vQlg6WzKGzba0+GXs7xkN81tsLB8JXPXV/GonW756lpKC+Ev5q63tgVr+nwptJ4J7fvpsgpriUBJGeUlifNeWb2cdVWB/ZTxdK11R/7K1WX2qHgJ5WXREipkmhsatto3AVy7muaKvunE3ldgu0oKgcLZZbDRntVQFnnXwRJ3E39TUUFD4DwAxNk+rsKpFNHA1pfq2Lw2yjlOPiWRtOJ2w85tB7j9iQcYli7opAf4zpydbDl6goemKwIQdKKOncxkzb2n2bCljhMPPMSgzs6kB3ii+gHr/9uHIoMiMhIY5hAPUzY2NjJ1ypQBf97zkrVmM2tlXYItZSRxOByYDidZTieNLRc4e+Eap+wOf4/Xd13ysHTeHUzN/pzLH/zn67I/HLlWQGDi18i6YRbOfDfezrP4jTH4yb4+eZDrIlBvBWRc/dVax7qq/cwN3O1fREaM3vVXV8U/xNnaWgLAihWwZQunFgemevddAmBNVbfnDbkXsyZGsODEG1Vsoe90/96vx02v/QAvbthpz1JyR0yPj1hiEDbT4MQbVbzFHDh4kOZAeuHpuOcwh4OcCkxnP/EGVcGE3HGm4FvnYmdwytQcVlRbHfWE+4ybrv35aWt44oF2uxzs833iDax/BgICvabiR+Qd3IFyi7cEICJfYecu8JnFN7Nz58HI9KIsAYh1/kWGQm7tHwIjt911pqWF4uLiIU2zqqoq4TaaASDDxjAM/Bg4nC4ud3Tzm8bTfNzUet06/Cnn78Jz4R08F96Bxv8BRhauib9D7pRvk3Pj7+HtOIPpugG/Xw/jkBGoPvS4PLBmH6jzL5IppvPQijlUxRqFPvEGG3bezIrqJ5hudwo3vDE5+c5f+wHeOghzVkyPkp7VqQyld4I3Nuzk5hXVPBHoDG94g8nVDzHpwItsObWYNdUPMMkOXrw4LdQ5bT4IK6qrQ53mbTth8Rqqg51mcM/E2seWUyxeU211jk+8QVWMGRDtB7ax8+YVVD8xnUCH+K0D5TH2GTvvfc/UCY4edDNzzSRgEuWL3WwIzJCYfi9z2MLREw8xfTrQ/glHmt3MfHRS9LwnnD1gnYtgvtoP8OIGe9mHdRTsPDKTNdXVdgBjA29M7rtcoz3i/Fvn4sUDuj+ASKopACBDrstnkuV04fX5+bDxLPUn27jc0Z3qbKWe6cF74R2uXngHcJA9+Rvk3PRNcsaV4uu+jM85UcsERomhmv5/5x13DEk6w6K0km21lanOhYikyvSHWDGnii1v3Ev1Q5EduhNHD8KcFXYHcxIPfGcOO7cc5cRD06N3Og9uoarXjQDdi9cEO5Qnjh7EvXhN8LPTyxfj3mCnd+IoB5nDiuCbD1FdDdDOgSPNuGc+anfSp1ud5iOf0P6APe19zr2h/ER0moHp5Sx2H+RIMEfN7Kw7wQMPTbf28UT00zLpgScI3Wq4ndPNwMywDcL3eeIoB92LWRM6MBa7N4Q68uFOHOXgnO9QbWdv0u0zce8MnNPp3DuH0JKJ9tM0z/kOT0yyjvuhsMy2nzsF3Bw986Gj4IEnwm6Y3H6aPofxHTv4EbFcI/x70M4nR5qZ850n7PNvfw/ess6/QgAiqaMAgAwJ0+HA6wOXy8mJk+eob27lXApu3Ddy+Ok598/0nPtnDNc4sgsXkjv1OzhypuLzevGRo5sIjnCD7bwPzz0ERESGjtUR38Ib965hWvDVds6dAvfMfnTx5vSe6n8z3wmOElvpNR/cQNXO8A+5OdcOk6ydRelQWp3vm7+TZD7aT9PMzYQ2n8TkYD95Og9Vr4CqsEBFrOnsvZYKuOPc1LTdOjA2RB4Y7nPt0KszfeCtg9B8sE+gJDC7IDwowtGDzLn3odBnw5YkuONlKOIwwqbuu9297s3qZlpY9iZNc8PpPkfH6WY4uKWKyCzPoR0UABBJIQUAZMAcTid+HGS7nHxyso2Pms5xsvVyqrM14pjeK3Sf+TndZ36OI+cmsid/g6yJ9+HIK8JHPn7NChixftE8sOUd33KrzEVkBJj0AI8uPsKGt+qYE3qRyTdD8+mBdfMmPfAEK05XseXFafY6fys9d6xHy1k7i9KpnMQ0Nxzp05mOteNpuDlCaHMr8BCKbEznoepqHoI4TymwOup91sTH2qV1YDHvjxBK9hOONM8JW+Nvv3zgxeCMhkmTbmemeydHT9wLB+cQ7P+fqGNn+GftpQ1xtR/grYNh9yOw1/3H3Px0c5RXrfM/ZwCPhhSR4aXFx9JvDqcTZ1Y2p85f45/fa+Avf3aIf3r3hDr/Q8DffZauk69x5cP/nY4T/w2H5yTZrh4cTiPVWRMREelj0gOPspiDHAzrA06/dw4cPMoJIDh6HT71PYHpD61gTvNOth1oD6bXvLPOTs/q+FZVvWH9e/q9zOEgR0Nv8mLVixxon8TtM900H/nEvsH9Cep2NuOeeXv0zvak25nptqb5W+l8wpHm3mkGtp3Mzb1GwcNZwQ/szne8A72XOc07qYvIexVvnIjcrP2TIzRHOX+Tbp+Ju/kIn7QDWMd7cMsWTi0u77XtKc61Q7AsktJM6DB20tzrvdB5su/XcG+f3Fn5eetA8AEDJ96oourFA3rggEiKaQaAJM3hcOA3HLRc7OBf3v+Mi9e6Up2lUc3TfghP+yFc4+8ir6iSnDFfxut34vMrGCAiIukisMY/rGM5/SHWLH6RDYG7UbsXs6Zfw8D2ev2dgZvL9UoPN4vXBEbDp/PQmsW8uKGKwLtzVtg3vLNnEwSn2M9ZYd3gL9ZxPLGC08Fp/nOYMwdOgfW4vBWnqdpQRWCyvnvxGh7qk1TgXNhpzFnBijkH2RJzNkTfvIff+8BiBS6CN0SM2J016h+4N8Gk22fiBmbeHrYv+74COzdUsRM3i1csxr3FnukQ40wE1/Xb0/fnrFjBnINbCB2Gm8XTjlJlTyXom+dAMr3OP3NYUa31/yKppscASmKGgR8n5690Une0kbbLI3Nt/3V/DOAQc+S5yS+qJGvS/Xi9Pnx+Z6qzJLbej9H6dMFfc+cddwxqCcCxjz9O75sAisio0L/HAIqIpA89BrCvZB4DqCUAEpOJQY/p4PzVHn5+8BO27zs2Yjv/o4G/s5mrn6zn4pFl+M7/itzcbFxGT6qzJddDax3rKiqoqY+3yXoejbdBhHpqKtbzduvA0+vf/uy91lSwrq41qf2LiIiIyNDTEgDpwzAMun0GnT0e9n7YpLX9acb0XKCj4UU6PnuJnJsXk3/ro3h8BrpX4OjV+uF+KCuj6VA9lJYOQYqlVNaujbtFYflatsV5v62poZ/7bLUeh1WU3P5FREREZOgpACBBhmHgw0G3x8fuDxppbLmY6ixJPKaH7i/+jp5z/8LYr6wme0wJHn+uHh846rTywX6Yu3IRvPQSb7euZWGh/VZ9DY9u3A2UUF4W2L6emortuJe72brVem959VKaqzZSB5Qsr2ZdeZu1TfVa7vlwPaua3JTv3k0dQNlqtlWW0lq3nlVNS9lWCTUV1mcBylfXUkkNL+wG2EjN7Grc26todpdRt7uZ5dVrWdgWyFfoM4vOvMTWBqDhJd6+eynNVdb+Fxa28vb6Kus9SqzP269Zae4O7XcoYh8iIiIiGUxLAAQAw+nCZzh5+2gj/+8/H1XnfwQxe85z5aMnufbpC2Q5OnE5vKnOkgyl1g/Z717KwsJC7pkL+z8MzJuvp2bjbspX17KtdiXu5vAR+Qa2Ns1mW20tT5c1sLXqELNra9m8vISG/R/SZ+b9bphdW8u26uWU7N4eMTW/tW47dWWr2VZby7bVZdRtr6O1tJKny4Cy1cFOeR2z2VZrBSfqsfa9zd5n3aF6CstXsrwESpavDAUwgPqaKra6A+m72VpVQ2BhQZ2dzublJdZ+h/K8ioiIiGQgBQAynNPlIjsnm8PHz7Bl17t8ekoPZxmpPBeOcPGdP6LnzHZyc7NxOvXzHg1aP9xP0Wyrl11491wIdODrD1FHGdZbhdwztyTic+X2ZwqKSqBsNqVA4VR39J2UFFEAUDjVmqEfpvDuuZTs3sijFRXUUMm2teUURk2iIPj/paWl1uyEigpWbY23VMBaFhDIK6WzKaeZ062RacbMt4iIiIj0i5YAZDCXC9q/2MfV9hPMvPvfc/jTU6nOkgyBrpOv0nXqDcaVPkP2+HvxeB1aFjBi1bNrawN1VBC6v20JH7SWs/B6ZaGwnHW15fZygwrqKOPp2so4H7Cn9LOczbW1ULeeVU3XK7MiIiIiEo8CABnI6XTiynLywb88yfnm/QDcfOf/xty73Oz/qDnFuZMh4e/iyrE1uMbdQX7J45BbhNerIMD19i33IO/MWH+IupLlbA4bdW+tW8+qXfUsrJxNORs5VF9JaWkrH+xvgGEYKG+tW8/fsJJ15ZVsqy5iXVVy3lQdaQAAIABJREFUvfnypeUU0srbcfNVyDQ3bD1UT2VpqT2rwc3ThXB6yI5ARERERAIUAMgwLidcafuAX//jf4h4/b2fL+OBP35TAYBRxnvlYy4f/Q/klzxO9uRv0uMxUp2ljHHs448HnUb9od2UzK2OmHJfePdcSrYeor6yksrVZfaofAnlZSUx0xmMwvKVzF1fxaNbrX+Xr66lFGgtKoGt9k0AIz/BPXNL2Grna/nyMth/hlZKmeaGhq3WTQADSiurWb6+ikcrIHATwFJaFQAQERERGQaGOcRzgxsbG5k6ZcqAP+95qRyArJV1CbaU/nA4HGRlZ/HJ/uc58+mbUbf56re24B17B6++/cF1zt31sXTeHUzN/pzLH/znVGclJVwTvsr4u6vp8Xjx+/TMwKEUqLcCVH+JyEjRu/7qqviHFOVERKR/cmv/EBi57a4zLS0UFxcPaZpVVVUJt9FdwjKA02XQfaWRPTUPxOz8A/zmFyuYPCGPoskTrmPu5HrxXvoN7f/6DYyu35Ll0nIAEREREZFMoyUAo5jhcJDlcvDZuy/R/OG2pD7z6cFNfHdOFX/194eHOXeSKld+85/IveWPybu1gh6voRsEDoOhmP4PcOcddwxJOiIiIiIioADAqOV0gLenjX/bUYmnK/lH+536eDtF9/4J3/jabfzq158NYw4llbq++Dt62vYz/t6X8JGDz6slAUNtsJ33oQoiiIiIiIgEKAAwCjkcPs437+XjvWsH9PlD27/LguX/qgDAKOfvOsXFQ99lbOl6XOO+itefneosjTofLVkyoM/dtWPHEOdERCQ548aOTXUWRESS4kl1BkYo3QNglHEYXr74aNuAO/8Afm8X5z7fx/Lfv3cIcybp6mr9Wjo/+0uys3ypzoqIiIiIiAwjBQBGEZfTx/F/28Dnv/6fg07ro1+t4oax2Xzl5klDkDNJd562vVz96ClyclQliIiIiIiMVmrtjxLZ2S7e3/VntDb+asjSrN+7lm/P/PKQpSfpzXvlGBePLCM3Lw/DMFKdHRERERERGWIKAIxwhgFZWQb7X/0GV9t/O6Rpn234Bd3XzvIdBQEyhtlznvb9ZWQ5u3Godkgb9TUVPFoR+Kuh3n69tW49j9bUA/XUVKzn7dYBJN5ax7qwNCPfWh+23wrW1Q1kB73U1/Do+jqGICURERER6Sc18Ucwh+HH19PG3q2/h89zbVj28c72B7ndXaAvSoa5eOh7OH1ncRq6L0BqtfL2+gpeYDXbamutv9XwQp8OeymVtWtZWDiAXbQ10RB113X8zVZYXm3vt3o5bK2iJlqkoD9KK9m2tpyBZFVEREREBkdPARihDLOHqxeOc/QfVw77vk5/+hZ/8u1v8Lf/9P6w70vSx6X3Khl313/FmTcDn6knBKRE64fsbyjj6bWloddKK9lcXU/kEHo9NRXbcVdbQYD6mgpe2G29U7K8mnXlhbTWrWdVk5vy3bupAyhbzbZKqNlobfhCzWy2VYbtp62JBtz8INBTLyxnXW15KGt161m11Q4dlK22Pltfw6PboZzd1BV+k5JDPfygtpLSwPb757J5aROrthexeW05hfU1PGrvP5gG0fNPax3rqrbawYoSllcPMOAhIiIiksE0sDsC+XsucL757evS+Qf4ZN9a8rMN7im+6brsT9LHlY/+C/4L+3H4L6Y6Kxmp9cP9NJQUUdDr9cLCUgpjdH5b69aHzRhYTdHWl0JLA3bDbHs0v2T3dt5uLaVydRlQxtPhnX+A0kqeLtvNC/b0/4iR//oaqzNfW8u22mqWN28Mvd/QjHtlLdtW/jvmluzmkP16W1MD5UvDR/7rqdm4m/LVkWnEyn/9rq2wvJpttbVsXg5bdw12KoKIiIhI5tEMgBHGMDu5eOYQn/zrC9d1vx+9/X+w8Pf/Ox80nr2u+5XUu3aimvzpT+KaOBsv+anOTkYpnOru92famhpg90Ye3R16reTDVu4BCAQTCqdSlERapZW1bKvEHn2v4FF75P2eM83QsJtVFVtDGx+qp3I2gJtphQCF3DO3hP1nWqG0jUO7y5hdCaEbGJyhiTJ+UGptu3BtLQD1h6Lnf93sMho2VvHoVisP20KTEUREREQkSQoAjCRmN62f/4pPD/y3677r9pP/xrVLTXzvgdv5+YFPrvv+JbU6Tmwiv+Q/4pz0DS0HuJ4KiihpaKINItbM19dU8NOiav4ixseC0+bDtNYNIh/29P/6mgp+GggmhE3ZD2XsUOTH7p4LL31I69Qm6spmU5nk7qLlHyrZVltpLSWoqmBryXJrGcEAD0lEREQkEykAMEIYeLh09r2UdP4Djux8iPI/fZcxuVlc6/KkLB+SGh0Nf80Y10Sc4+9TECBJd+3YMbgECu9mbsnWyPX59TW8sLuMp2sLIUqnvqCohIatu6gvr6SUemoqNsLqWhb1c9fWGn83T9tr+AOKphZSiBu2buftRWtZWNjK2+ur2D+3mnVTo+Sfl/ib7Q2UL+3V/S+cShFbOVRfSWlpKI2/iJH/2YcqODS7lsrytWybat1rQERERET6RwGAEcFH58UTfPT2f0l1Rmg+tp1HFn6Pl996L9VZkRS4dvz/Ztxd/w1n3u34TFUf8Rz7+OMhSKWQhWurYX0Vj1YEXisLdsqjPUqvsHwtTzdV8EKFNYe+ZHk160qh9UyMXRQUUcLWPjcB7J1OeFpQyebl9kg8WLMBygvp+yzBQhYudbN1o9ue6h+ulMrq5fbSAqBkOZvLCykkev4pXc2hCntbSlheXanRfxEREZF+MkzTNIcywcbGRqZOmTLgz3teshZ2Zq0czHzVUcQw8XWd4503Hkp1ToLmVuznwPFzvPvp6VRnpV+WzruDqdmfc/mD/5zqrIx44+/dgj/bjd9vpDoraSFQbwWo/hKRkUL1l4iMVCO933impYXi4uIhTbOqqirhNhrCS2OGAQ66OZBGnX+Ao/+0gnl/WDPiAgAydC4fXcHE+17FY9yAaSoI0NvQjP7DnXfcMSTpiIiIiIiAAgBpLSvLxZ6a3091Nvq40voRl9s+Yem8O9m+71iqsyMpcvHdR7hh9s/p8WUztPOIRofBdt6HKoggIiIiIhKgAECaysnJYm/tglRnI6b3/v5Ryv7kCDeOz+P85c5UZ0dS5MKh73HD7/6S7m5fqrOSlpb+/Q8G9Lnt3/3pEOdERERERAQcqc6A9JXl8nNwx2L83q5UZyWuz4/+T34w785UZ0NS7OLhPyZHDwUQEREREUl7CgCkGcPs4P23VtB15VSqs5JQ43v/A6fZxe/deWuqsyIpZHoucO23m8hy6tGQIiIiIiLpTAGANOJw+Dh74i2utI2ctb/v/UMF999+S6qzISnW01qH98JBXA7dDEBEREREJF3pHgBpwuFw4Ok8w4nDf5XqrPRL5+WTtJ9+n2Vld/Pa7g9TnR1JoWuf/oiJM+/BMG5giJ8umrla61hXtZWGXi+XLK9mXXlhPxOrp6ZiO+7qtSzs70fTIn0RERERGSwFANJEVraLA/9fRaqzMSBH//HPKfuTw9xSMI4v2q6kOjuSQhff+/dMemAXXV09qc7KKFLC8iHpVJdSWbt2KDKUovRFREREZLAUAPj/2bvz+Kjqe//jrzNLEpKwJBAgLAkQRAMCtnVBJUqCu7gL2lpiorZV9D5c0msFrUC9ldoWem0rePVnE0MXxa1XvdqNpDatouAGhSgSICgECRAIJCQzc875/TEJBNmyzMyZSd7Px4M/mDnn+/0kmDHfz/fz/Zwo4DL8rF0+L+qb/h3PZ+/+gmvOvYdf/e97TociTrKa2Lf2QRJPfhB/QB8v4RXccScXysqrOCxRUFnMzAXlQBZ5uVDGDJYWcnCHfsKa+dxXnUFeeTllALmzWVqYHRy1OJ9Hy4MztK00ONrrtWWHxqkuuIPMkr+cYPxals8voqQKyM0lr3yLKgZEREREIkg9ABzmMizqtr7Njs3LnQ6lS7749x8wm/eQd9pIp0MRh/nr3sW/4y+43ToGEBpVlBTlMzP/0J/iykPvVWfOYmlpKXNyqyh5vRKopHhBOXmzS1laOouMLV89QNCiHCaVlrJ0YQFZ5ctYXgu1ZfN5lNksLS1laelsMksWH/f1tuPMy+vXjvEXU0IBi0pLWTqJYHJARERERCJGW3QOMgwDAx9ryx9yOpSQWPnS9ZyXX07ZR5ucDkUc1rjx1/Tt93VszxAsy3I6nBh3/CMAmenBNwZkZkE1ULmCMnKZkw2QxoScltePGDaTAQBp6WS2vLSzugrKFzCzvM1la2oZcozXJ7Qd54Tj17K6ooqsnFmkAWRPIo8t7foOiIiIiEhoKAHgILcrwMo/3up0GCET8O2jtvofFFx4OiV//djpcMRhez+4hX5nvoCPJKdDkQ44WoPByuKjv16rLXwRERGRmKIEgEMMfGz64BkO1HevHbA1f72P8wtXMHpIKhu27XY6HHFY4+anSBx5Nz6zZ542WnbV85GfNHsSeSxgRWUh2dnBXXcy2nfrgMwsqkpepzKvkGwqKc5fALNLmXas1zsUWLAaoaRiDbV5eaRVrqAMKOj4VygiIiIinaQEgAMMw6axbgOf//v3TocSFp/+87+4fPLDPP7Hd50ORRzm2/FXEoZchytuRI87CrB23boQjRTsAVDS9qWsAhbNTT/G9dkUzs5l5oJ8ysgiLzer3TOl5c1lTnU+j+aXt0yzkHnZQPbRX6+t6dhXkpY3i4KKIu7LLwk2AezY7SIiIiLSRYYd4gd2b9q0ifTBgzt9v39x8FdC76zuW1vq9bp5q+Qcp8MIq0k3vE51nYc3Vn7mdCgHzThvLOlxm6lffY/TofQoRlx/Us74PU3NptOhhE3r51ar6Pn8Cnbdr8g5snzfcZXFzFwAc0oLyXY6FpEeLHo/v0REji/W140127czcmRoG6gXFRWd8BpVAESY1RzHzi0mUwpXsO7vD7JjU2x3/z+WFc9PI++2VVGVABBn2L5dHNj6It5B1xDovjmAKBIs0T/4v8KsAhZFyeK/tmw+95UceipB3uxSLf5FREREIkgJgAgyDIPmenjx9v2MnOzl4rkLGHHaRt575UanQwuLms/e5LZL8vh/f/rA6VDEYQc2P0384MsxjHhCXHQUlUJV/j9u7NhO3JVNYWkphSGJILTS8uayVHX/IiIiIo5RAiCCrKY4yn+2H4BN//Tz5IV7mPaT4eTeupKNq56g+uOSE4wQWyrf+iHnF0zl1BFp/Htz7YlvkG5t/7ofkjzuJ/j8htOhRETnFu+HhK6HgIiIiIhIkBIAEeLCTc2nJjX/Dhz2+usPNNB/1AGu/dUdDM2ewdvPXeZQhOGxtuwBLrjg50oACIH6NZh7P8Td+3RMs2c0BHzmsgOduu/WN3qFOBIREREREeiZz+Zygu2l/Of7j/rWro0WT1++l43/6EPebasYc84DEQ4ufHZu+QcH6j/nqrNPdjoUiQL71j2ENy7e6TBERERERHokJQAiIeDhkz8307Dz+Gefy3/WyJILd5My8Gpyvl1OfFLnn6YQTd578TpGD0klIU4FJwL7P/sZHk/37wMgIiIiIhJtlACIgPhkLxW/bGzXtVYASqbX8+Hzbs795utMuHBRmKOLjM/XvcjNF0x0OgyJAr7tb+C2D2AYPaMXgIiIiIhItFACIMysZi///HVDh+9bWdLEE7m7cdlnc/7Nb5My5PQwRBc5n739E+I9JqeflO50KBIFGjYuwePWMwFPqLaMefn5zPzKn+LKWpbPz6e40ukARURERCSWqCY7jAzDAMvF6pebOz3GHwr3ccqlceQWLWbfrnW8/2pBCCOMrNV/+g/Om/Y0qz6rcToUcZivdjmJo2ZhGIk94rGAXZNFwcK5TE37ystzSx2JRkRERERilxIAYRRo9PL3n3d89/+rPnnTxydv+rjm8THk3voe6//1E7Z+8nIIIoysvV9+RP2u9UzPGcsLFXrEWU/XuOkpEkfdjS9w4mvlq2pZPr+ILTNKKaSYmcsgj3LKqoCsAhbNzSMNqCzO59Hy1ntymVNaSHZl+67Pm11KYTZAJcX5CygDjpmMEBEREZGYoCMAYWLgYv+XNpvf8YdszFfu3s8f791P1hkPMGn6KyEbN5Le/+NNDE/rQ2rvBKdDEYf5dvwZA596AZxQFSVFbY4AHK3uv2oLGbNKWVo6m7yqEl6vBKiESaUsLS1laelCCrLKWVF5nOsri3m0PJc5paUsXVhA9YJiKqll+fwFMLtlnNkZlCwuQw/1FBEREYlNqgAIE6vZy7+ePPpj/7pi28cB/ueSPVz0cBp5t62i+uMSqlb+OuTzhFP16me58fybWPz6KqdDEYc1bnqKhJF34g8oCXBsR9t1/+oSPIMhaQADyMiCLQBkk539lV3941xfW7MFcmeQDZCWx7xSgEpWVEHZgvyWCoBgPKtr81QFICIiIhKDlAAIA8Mw8DdDzerw1Tb/5UeN/POJRr75m2+TPuYq3n7+CqxAU9jmC6WNK3/NkFOu55zs4bxd+bnT4YiDmr98g8RRd4DhAfUCCK3aMuYVlUDBQpaWEjwy0KmBVPYvIiIi0l0oARAGZpOb939/IOzzNO6CZ66q59w7EplS8E+2b/gT6/7+UNjnDYUPXi1k0vQXlAAQGjc/TULm97plFcCtb/RyOIJcbshLg9oyKqog8zhXpqVnQMkKKguzya4tY15RBTkLZ5GRVUXJ65VMLcyGymJmLiDYSyBiX4OIiIiIhIoSAGHQq6+Xta/ui9h8/1rSyL+WNDLzD1M5L/98Pvi/77B/1ycRm78zGvduoq7mQ76Veyq/L/+30+GIg5prXiVx5PecDiPk1q5zuNFl2nhyskp4NL8csgooyIWKmlo41pM4swtZVDCf+/LzAcgqWMjUtDSYO5st+QuYWQ6t1QBa/IuIiIjEJsMO8TO4Nm3aRPrgwZ2+3784eErVO6vsBFdGJxce1v/N5K1FjY7MP/H6eM69I5G6mlV89OYdjsTQEVNueY/n/7GObbvCnzCZcd5Y0uM2U7/6nrDPJR0TP/gy4jPuIGC5nQ6lU1o/t1rF6ueXiPQ8+vwSkVgV6+vGmu3bGTlyZEjHLCoqOuE1egpAqFkePnrOubP4H7/YzOKpdZgNE5lSuIKBI6c6Fkt7VK38Jdeee4rTYYjDmrf/CU98ktNhiIiIiIh0azoCEEIul4vdG032brOcDoVl39vPyHO9XDx3AZmnbWTlKzc6HdJRfb7mtwwffzO5E0dQ/vFmp8MRx1j4dr2Nu/cZmKbpdDBdFqry/3Fjx4ZkHBERERERUAIgpAJNbt7/Xfib/7XXpn/5efKiPUx7bDi5t66kauUTbFld4nRYR1j58g3kfPsvSgD0cE1bXyQ5ewJmN/lY6uri3fEeAiIiIiLS7XSP37SjgGEYuAw3m9/xOx3KEV7/QQMpIw5w/a9vZ9jY6bz93OVOh3QYf9Nudm75F/kXfI3Sv33sdDjikMDejzAMG8MwCHFrEse8/bucTt13zk0VIY5EREREREQ9AELG8rn50MGz/ydSt9ni6Wn1bHyrH3m3reKUybOdDukwq/9yN/17x5M1OMXpUMRBTdtexe3Rx5KIiIiISDjoN+0QiU/y8vFL0VP+fyzlP29gyYW76Zt2FefNLCch+VjPBIu8T/+1gGmTTnI6DHFQc82ruA3ne2iIiIiIiHRHSgCEgNvl5pM3mjF9TkfSPlYASq6v5/3fuznnxteYcOEip0MCoObTP+I/sItLTh/tdCjiEMtXi3ngc1wufTSJiIiIiISafssOgUCzi6qKGFn9t7GqtIkncnfjZhLnF7xNypCznA6Jd567jHGZaU6HIQ5q2roMtyv2nwQQErVlzMufz/Lar75WTKVjQbXGkM/Mr/wpdjQoERERETkRJQBCIKG3my0ro6/5X3v9vmA/5T/3cdrFv+b0K591Ohy2b/gLt17yNafDEIf4dvwNtyfB6TDkhLIoWFjK0tLgn0UFWZQtK6P2xDeKiIiIiEP0FIAucrlc1KyO/d3KT//s49M/+7jmv08i99b3WP+vx9j6yUuOxLLu73M4v/AdxmYMYN2WnY7EIM5q/vJN3KkXYpqx/7MVTrVl87mvIodFc/NIo5Li/GVkLJzLhDXzua86h4ItJZRUAbmzWZS5jPuCf2FOaSHZ1LJ8flHwfYCsguA4lcXMXAZ5lFNW1eb1E8SSNj6HrJJqdgJpQGVxPo+Wtw69kHl5acHKgaISglNmUbBwLlPTACopzl9AGbSJL/gas0spzG75WqtnsLQQivOXQS6UlWcwp3Qa2w5+HW3GPGyu1jEPj4vc2SwtzA7Bv4SIiIhIbFAFQBfZAQ/rlzc7HUbIvHLPfl65ez9ZZ/yASdNfcSyOtWUPctE3shybX5zl21mBi+7zc9U1VZQUtSm1P7ioPYHyCphVytKFBWSVL+AJZrG0dDZ5lLOiEqjdyZBZrTv4s8mrqmB16/Z91RYyZrW+XsLr7Sjtr11TQVVWJgMILtYfZfbBsTNLFrO8FipfL4GChS0VA1DyeiVQy/L5C6g++PoWHp1/okqCKqozZ7G0tJABZYspoYBFpaUsnZ1ByeIyaqmkuKiCnIWlh8YsroTaMp4vz2VO69dcvuzw4xUiIiIi3ZwqALrI5XKx+Z3YO/9/PDVrAvzPJXu46OE08m5bRfXHz1K18lcRjWFndRkH9n3BlZPG8OqK9RGdW5zn37MKtzcJv6kkwOE75bTsbFe347YcJqQBpJNJFhnjgwNkZMEWgLTsr1QBZFFw8OYMhqQBDDh0/RGCiYmSw+IMVgpUVldB+QJmlh+6OmtNLfMm5VK1oIiZJcGvaWkeQCVbqrLImRWM71AlwfGfUJKZHrx+Z3UVWTmzghUK2YUsnRv8HlVTRdlh8a2gsnAaOVklPJpfHtz9L517ou+iiIiISLeiBEAXGIZB016bhp2206GExV9+1EjFLxv51rM3kX7Slby97CqsQGPE5n/vhWvJu20VcR4XvoAeDdej2CZm4yZcnmFYlv7tw6KymJkLysmbXcrS7ODxgY45lJhoPYowoc05gYNl/4cpZGlpYfD6onxKsgpYNDdcjyI9VPbfVvbcUqa2HC+YWQ55LUcMRERERHoCJQC6wGW42VgRu83/2uPAHnjmqnrOuaMXUwr+wfYNf2Ld3x+K2PxbK1+m4MLLeerNDyI2p0QHX+1beIfeRCyv/8+5qSKs46elZ0BVy7n7yhWUQZtd/HbIKmBaNtCZe9vGkTeXOdX53FecztLCbAZkZlFV8jqVeYef5Z+0Ip8Vk0opzJvL0vRgr4FglUEVFWtqmZqX1nKUIIcBLdUHFTW1kA2rK6og48i5B2RmUVWxhtq8lv4FC2BO6SQyKeH5smnMy0s71CthFjyxGO6cm0dh6UIy5hcdo7pBREREpHtSAqALzGYXVW8dcDqMiHh7yQHeXnKAmb+fyvk3n88Hr3+XfbvC/8yvT//1KOeddBlfyxrMh1Xbwz6fRA9f3XvED51OrH5MrV23LvyTZE8ijwUtJe255HX03qoF3JdfArkFFGSV05Wem9mFs8nLX8BMZrO0MJgQeDQ/eAYgq2Ah87KB7NmsyM9nZvBVChYWkgZMnTubLflFzCyB4M598CjBhJwsSkqCRwbyco/eE+Rg8iE/WOyfN7uUbCB7YQHzio4c886c+QevJXc2S7X7LyIiIj2IYdt2SOvXN23aRPrgwZ2+3784+Cusd1ZZqEIKG6+nF09etNvpMCJu/LXx5NyZyJ7t7/PhG7eHfb5+g7/B1y5/kkUvr+jSODPOG0t63GbqV98Tosgk3FLO+RPNvugvAWj93GoVC59fIiKgzy8RiV2xtG48mprt2xk5cmRIxywqKjrhNXoKQCe53W4+f797Nf9rrzUvN7N4ah2BfROYUriCgaMuCut8e7a/z77dG7husrbqeppA/ce43G6nwxARERER6RZis7Y2CphNLj77W5PTYThq2e37GXGOl0vmPcLI027l3ZdvCNtcq175Jnm3raJvUjx7G9QZvqfw7fwHCcnjsGIsVxmq8v9xY8eGZBwREREREVACoNO8CW42r+jeDQDbY/Pbfp68aC+XLxhG3q0rqXp/MdUfFYdlrurVpXwr90aWvP5+WMaX6OOvW0XiqNha/Lfq6uI9Ij0ERERERKRHUQKgEwzDoH67ha+hez7+rzP+b3YDKZkHuH7x9xh2ynT+9dxlIZ+j6r1fkn7ytUw6ZSgrPtka8vEl+ljNX2KbBzCMRELcriQinnjjo07dd+dlp4U4EhERERER9QDoFJfLxd5tptNhRJ26aounL6+n6q0+5N22ijHnzg75HB++/h3OGTs85ONK9PLVLsfl0keViIiIiEhX6bfqTrAtF9vXKgFwLOU/b+SJ3N2kDLySnG+Xk9B7aMjGbqj7jD1fruGbU8aFbEyJbmbTdgwj4HQYIiIiIiIxTwmATrD8BruqtCA5kZLr9/HB792cc8P/MuGiX4Rs3A9fv4X01GQGpySFbEyJXmbDJlzo501EREREpKuUAOgEt8fFrk2qAGiPVUubeCJ3Ny77LKYUvE3q0LNDMm7VqsVcn6MO6T2B2bgZlzve6TCcU1nMzPz8Q3+KK090A8X581le2+WJKW6dc34ZRx+u9ZpiDouqtox57Yq17VDFR45zHLVl81vGr2X5/Hw6MpWIiIhIT6UEQCe4vbBvu+V0GDHlDwX7Wf5THxMuepzTr3y2y+Nt+bgEAvs5f3xmCKKTaGb767DtnvrzVknxgnLyZpeytLSUpaWzyStfwLyyLq/uT6i2bBnVBQtZWlrKnIwSXj/mAjuLrKxyVrR5v3ZNBVVhjm9ndesMaUydW0phdpgnFBEREekG9BSADjJcLvZu66mLka5Z/1cf6//q45rHR5N7y3usf+enbK18sdPjrXzlm0z+1pu8taY6hFFKNLKatuHyDMNumNw7AAAgAElEQVSyetjPXm0N1WSRM6D1hWwKS0sPvV9ZzMwF5Qf/mjf7yIVwZXE+j7ZcklWwkHl5acEd+qKSlkV6FgUL5zI17fD70tIzqFq2htq8dFaU5zKp8Nhh5uTkUlFTC9lpQC2rKyAvN4uy48ZZy/L5RWzJyKWsfAsFd2Qc+rLL5nNfCS1xVVKcv6BlrJZYdxa3fE0LKJ60kIxlRWyZUcq0mvncV51BXnl58Prc2SwtzCZYJVBESRWQm0te+RYyjvI1i4iIiHR3qgDoIJdhsKtK5f9d8crdDbx8935GfeM/OXv6Hzs9jq+xll1fvEP+BRNDGJ1EI399JUZPfBJAWh53FkBJUbAU/6s7/5VMaqkMKGVRQRZlKw7fpq8tm8+jzD5YPZBZspjltVD5egm07O4vKoCSo23vZxcyJ6OE+/JXMKm0kONusKdnQsWa4DGB2jVUkMOkNsU5x4uzjEksLZ3L1H6tFxdzX0UOi0rnMjWtluXzF0BrBcTsDEoWl1GbXcicXCB39pE7/+UwqbSUpQsLyCpfxvJaqC1bTAkFLCotZekkDiUmRERERHoYVQB0kGG7+LLS53QYMW/7vwM8deleLvrhAPJuW0X1x6VUrfxlh8f5+E//wZRb3mXEoL5s/nJvGCKVaGA2bMDTfwrgdjqUiEvLm8vSPAiety9iZsmhnf7s7OzDd9dzD793Z3UVlC9g5qHNd7LW1DJvUi5VC4qYWRLcUQ+O31Zw153ZCynYUsTzZdO4k8XcVz2jZUf9KwaMJ4fFrK7NY8KaCsiZxQAqDr59vDizMge0GaicRxdkUbCwkODm/E62VEHZgvw2i/YsVtfmMeRY37CsTAYApKUTzEHUsrqiiqycWcExsyeRx5Zj3S0iIiLSrSkB0EEBn8HOjepIHip/eaSRf/yykW89+03Sx1zBiheuJeDb16Ex1r/9U66cdD+//N/3whSlOM1s3IzLsOiJCYBDguX/08rmc9+KSgqzBwTL2lt2timbz31HOQ1zsOz/MIUsLS0MltoX5VOSVcCiuXm0XtV6/n9edhrMnc2W/CLuA/JmH6sOII0JOfDEmkqogJxZabCm9b3adsUZlMuc2fDo4jImHIzn6EcU1PNPREREpOOUAOggt9fFbj0BIKSa9sJvrt7HOXf04rz8cr6s+hNryx9q9/3bPnmJjNNu5eJvZPHn98PdekycYDZswuVOgEBs/ezdedlpXRugspiZC7YcsQBuu2ueNyOPNGpZXlEFGYffPiAzi6qS16nMKyT74K5+KZNW5LNiUimFeXNZml7MzGWH33fo/H8eaWQzrSCLshLIGMAxpY3PgcXLqKjK4IajnK0/XpyHyS5kTkY+T5SNZ17eADKyqih5vZKpha1VBDCn9DgNCY6MjAk5WZRUtHw9lSsoAwo6MIKIiIhId6EEQCc07radDqFbenvJAd5ecoCZv8/jvJsr+PCN29lXu7Zd97637Gqm3PK2EgDdlB2ox7YDgOF0KO22dt26rg+SXciigpZd+tbXcmeztDC4wp6Qk0XJgnzKyKKgIBcqaqgl/eDtaXlzmVOdz6P5wdL7rIKFzMsGsmezIj+fmcFX25TcH5p3TkY+9+WXHJpzYQ3ziooZcqx+AGnjyaGEktwZBNvuHXzjGHEeO5uQPa0AihazfPxcps6dzZb81mMMwWqAbKA2MwtKWpoAnuDbmJY3i4KKouDXk5vLESceRERERHoIw7btkK5mN23aRPrgwZ2+3784+KuZd1b0tWlyuVy4iOPAHpv9tSb1NRZ7vjDZtdGkdr3J/h09rEN5GJ16TTzn3ZXI3u0f8MEb32vXPePyfkJc2rn85i8fHfX9GeeNJT1uM/Wr7wllqBIhfb/+NAHPcOwofBJA6+dWq2j8/JIWbaoI9ORAEX1+iUjsiuZ1Y3vUbN/OyJEjQzpmUVHRCa9RBUBHGAbbDnzO2vq1pA9IZ/DwdIbn9CHOk4jHEzybbAVs/E3QtNemfnuAfdst6raY7NxgsuOTAL5Gh7+GGPHvV5r59yvNTH/yVKbc8i7r/v4wOzb++bj3rC17gCmFKzhl+AA++XxnhCKVSLHNJgwPqP5GOir4WMFD1UF5s0u1+BcREZEeSQmADjCAL+q/YMn7S476fkpCCqNTR5PZN5OhfYYyNHMYaWMGMDIumXhvIi6XATYE/Db+RpsDe2zqt5vUb7PYvdlk54YAX1bG1hnncHvh9gYyz/Jw6Y9+xMiv3cK7L91w3OvXvfUwl0z5LyUAuiHLtwcjIXaOAEj0OPQkBREREZGeTQmAjjAM9vv2H/PtuqY6Vm5bycptK495TXpyOqNTRpPZL5MhvYeQftJQho9P5WRvIl5PMElgWzamH5r32zTustlbE2Dv1mCSoPazAHWbo68EOpyq3w3w5MV7uXzBUPJuXUnV+0uo/ug3R712x8a/MOIbdzDtrDG8/u76CEcq4WT7d2MYSgCIiIiIiHSWEgAdYAB7mvZ0aYya/TXU7K+h4vOKY14zKmUUWSlZDO8znCG9hzB4whDGnJlCgjcBj9uNYRjYFvibLJr3cXg/giqTHesDNNR2v0Lp/5vdSL/hTUxf8l2GnnI9bz932VGve++Fa8i7bRV/WukiEIXnxaVzTN8u3EoAiIiIiIh0mhIAHWBh0+gP/yH+jXUb2Vi38ZjvJ3gSOCn1JEb0G8Gw3sMYkjaUQcMHMfy8ln4E7rb9CGya9nKwH8Hu6pYkQYz2I9jzucXT0+rJLepN3m2r2PrJy3z6z0ePuG7rJ3+k8OJLePrNDx2IUsLB9tdj2H6nwxARERERiVlKAHRAwA5wIHDA6TBoCjSxZsca1uxYc8xrWvsRjOw3MnjUYHg6aWMGMio+mbjWowZ2MEnga7Q5UGeztybYj6CuOvr7EZQvPED5wgMUvHgFOTMvZNX/5nOg/vOD73/6z//ivJsvYeKoQXy88UsHI5VQsQP1YAfQx5aIiIiISOfoN+kOsG0rIhUAodDefgQnpZ5ERt+MYJJgzBAyJ/TnFG+vw/oRBPzg22/TsMuivsYM9iPYFKD2M5O6amdL7Euu38c3vp3A2be8ws7PK1j9l3sPvrfmr0XkXfprJQCOIX78ayT1A3/VFezbBox5ltRBLU9UD3xEwzv30sx19D77Lryetq9B0jfK8ezLZW8E2yxY/vrITSYiIiIi0g0pAdABFjYH/M5XAIRKaz+C4xmdMpqRKSMP60dw0pn9SPQm4na7DvUjaLZprrfYX2tRX2NR97nJ7o2R6Ufw/m+beP+3TXyz+EymFL7D6r8WsfuLt6nb9i4NdVVcNzmbl/5ZGdYYYs6QX9CrXzLQ2tTyB/QdlIG159fsWQO9z76LXuOvo3nXZNyeLTRXrMOTM5m4IdDML/DGfcSBCPdYtAP1qAWAiIiIiEjnKQHQAQZGVBwBiKQNdRvYULfhmO+39iMY2W8kw/oMIz0tnUEZgxmW04d476F+BGbAJtBk07TXZt92i73bTOo+D/Yj2P5JgEAICiv+UNjAmAu8TH3gv9lf9wmr/pjPypdvJO+2VfTuFdf1CbqN6+ideRoE9h/6BBgyGAOwm18CwPLdhTd5MvG7jrw7Kf007F25NEcs3iA7sA/DpY8sEREREZHO0m/THWEQM0cAIqW9/QhamxYO6T2E9IwhDBqTRtbR+hE02DTWWdRvt6jfFnz04c4NAXZ80r5+BOv/5mf93/Zw9S+yyL3lPda/8zO2/Pt3fHvqDHbV698OIH58AV4+omFXKkmDUoMvbtuOnQVG/HUAuOIATyqeba9iZt5FfE4GNP6JvfyCfg7s/kOwCSDYBJ/HISIiIiIiHaUEQAe4DbcSAJ1Q11THe9ve471t7x3zmqG9h5KVknVkP4K4RLzuNv0IfC1Jgt2wd1uAvV9Y7N58ZD+CP97bwKBsN1ctKiLQXIPH8NG7VzxEb1/DyBjyC3r1A3/VvTQnP0vSwTceY++XY0kddBepOWAFWo8GvMS+d146eFXSN8qxd+XC+NdI7ZcMbKG54mYaIhC6bZtgxAF6EoCIiIiISGcoAdABbpe7xx0BiJSt+7aydd/W414zOmU0WSlZDO87nMHJgxk8YQhjzkyhV5t+BJYFgWYb3z6bfTssqv5hknbSYPqP9NIvDgJ7I/QFRan4/qNxkYwrq5yWvX+8Wa/RmyvYt/5mdrfs7Cd9o5x4NhBoe/OQ1rP/PyAhB/xVv4bMu/COvw7WvES4GS4vBs42nRQRERERiWVKAHSA26UKACe1px/BmNQxjOg3gmF9hjF4wGAGDR9MQnxfAqYLj9uNKzErghFHn+Y1Vxw6uz/mWVIHpbY8BeAH9M25BHfjn9j9PngSwdrzz8PO+R86+/8DEhyIHcND8AiAiIiIiIh0hhIAHeAzffhMn9NhyDE0BZpYvWM1q3esPuK9gtMKuPaUa7F8Ox2ILBa0HgG4hNQcoPFP7G67qz+kbef/x2jaM5mkrLuALTRHYPcfwHDFYdtKAIiIiIiIdJYSAB2Q4E7AZbiwbJUhx5LsAdlce/I1mKbd0t1OAGhT8n/Uv7e17V72bDv018MqCSLF5QXbBFyRnllEREREpFvQb9Id4LN89I7r7XQY0kGPXfAYdiDA7iYlAGKZYXiwdQRARERERKTTlADoANMMkByX7HQY0gEvXL+M3RUVmIaLPT4wXPFOhySd5YoDHQEQEREREek0JQA6wMKmT3wfp8OQdnri0ido+PBjeo8fz8a9Nn7TxnB5nQ5LOskwvNr/FxERERHpAiUAOsC2bB0BiBH3nHUP/X1x1Pz293j69mXdThOfaYPhdjo06SyXB8PpGEREREREYpiaAHaAC4PkeB0BiHY5GTlMGZ7DB1dfQ/bjj7OjIdi00W/aGIZyXjHL8OopACIiIiIiXaDVUAe4DbcqAKKcCxf/ec5/8sHV1wCQlJXFu1sDADSbgPaQY5gBlul0ECIiIiIiMUsJgA7wuDz0je/rdBhyHC9Of4ENP/4xAFn338/+pgCtD230magCIIa5EwZiq4eDiIiIiEinaTXUAbZtk9or1ekw5BiKr/wNu5aXseeddwDod+65rK61Dr7fZFrHulVigCthCBh6ioOIiIiISGcpAdABNpDSK8XpMOQo5p0/l/id+/j8l78CYPD06QQs2NF46My4L+BUdBIK7sQM9QAQEREREekCNQHsCFuPAYxG12Zfy/h+2Xw8fcbB1wZfdx3r9xx9x98V1w/LtydS4UmIuHsNw1QCQERERESk01QB0AG2bZMcp6cARJP05HQKJt582OK/92mn4U5MYv3uYyQAvKriiEWuuP5YSgCIiIiIiHSaEgAdYANJ3iSnw5A2lly+hHX33HvYaxnfu51t+4/eLd62bQyPGjnGHheGJxmUABARERER6TQlADrCtvFbfqejkBa/u+Z31Dz/PI0bNhx60eOh1/BhrKw5RgIAMLxKAMQaV8IgbLPJ6TBERERERGKaEgAdlOBJIC0xzekweryFFy7E3LCZmt/+7rDXT3rwQfY2Hrvbn20rARCLXPGDsS11cRQRERER6QolADooEAgwOnW002H0aLd97TYyPGls+MHsI97r841v8NGOo+/+Q7ACwOVRH4dY40oYhIXb6TBERERERGKaEgAdlOCO5+T+JzsdRo81ceBEpp10OWtu+vYR7w0tKMAXsKhrPvb9pkXwLLnEFHfCEMDrdBgiIiIiIjFNCYAOsi2b8YPGOx1Gj/VI3iN8fJTFP8DAy6fxSd3xm8RZKAEQi1xxKXoCgIiIiIhIFykB0EGWZZHRN8PpMHqkF65/gc1PPIG5b98R76VMnowrPo5Ne47+6L9WpmVjuBPDFaKEiTd1ErZ1/H9bERERERE5PiUAOsGyLAYnD3Y6jB7lycuWsH/l++x8882jvj+ssJAt+068QxywwOXWoxxjieFOwvD0xVYFgIiIiIhIlygB0AkBK8DoFDUCjJTvn/N9+h1wsenHjx71fW///sQPGsSH20/cJT5gG9iuhFCHKGHk6TMWK6BHAIqIiIiIdJUSAJ2Q4IrnlLRTnA6jR8gbkce56ZNYd+t3jnlN1n/+J7sb2veIONMCw6seALHE02cithHvdBgiIiIiIjHP43QAsci2bMaljXM4iiv48bXfYXzTcq584/GW1+5m8Y1TGQbAftZ88C0eXN9yXRzgW8PTLz/Ia8Ddl73KybuuZNa7TsV/YgmeBO6ZdA+rpk077nXJp57KX6qO0/q/jYBlg0c9AGKJN+V0LEvl/yIiIiIiXaUKgE6wLIvMvpkORtBmUX/Ya1MZVr+cK597mjW+ZMaf+mOuGDOJkXFfsPy55XwRN5JJY4AxP+ashDW8GcWLf4A/XPsH1s+de9xrMmfN4kBzgMb2FQDgtwBX3Amvk+jhSR6FpQaAIiIiIiJdpgqATvKbPob2HsrWfVsjPHPr4n8/+33JHCxmHzOJkXHwxdZgNcCDL7/W8vqP+eZXRrh79Hj2bL2S1yIVcic8e2UJO998k/r33z/udf0vvJAPa9u/O+y3wHCpnDxWuBNHYJl+wHA6FBERERGRmKcKgE6yLIvRqU41AvyC5c/9gU1HvL6ffkNf5dUbX+XVG3/Pj8cA61ewyTeMqTdOZVj9uzxI9O/+PzLlETzb6/h8yZPHvW7ApZdiGy4+39f+3WG/aWO4vF0NUSLE03sstu12OgwRERERkW5BFQCdFOeK5+T+J/NW9VsRnvm1lt39K/jxEe8lw56nubKMYJXAqT/mivUPHqoGIHj2f8/WKyHv97w6MJlgMmEWjx8xljNmjJ3B2D6j+fi2G0547dBvfYuNezt2Ntxn2mBoQRkrvKlnYdna/RcRERERCQVVAHSSZVmkJw92Oowj7Gl4DXiNFXv2Q1wKo9q+efDs/91cOhDWfPA0a3zDOCvvCoeiPVxm30xuGn8TH8848eK/14gRePr1Y+1Os0Nz+E0bw9B/9rHC02eczv+LiIiIiISIVkKdZFsWYweOIzUh1elQgtavYJMPhvW/G4BRCcngq2Njm0uCZ/8fjNqz/7+85JesvfPOdl078p57qG3o+MKw2QSdJ48Nhrs34MK29QQAEREREZFQUAKgC8yAyeSMyU6H0eI1Hnx5OV/0mcqrN77K1D5fsPzlNov9wzr/P86bO2D817/D+LgveLfM+ZTAH679A1t/9zuatmxp1/WJo0fzXk07W/+34TNRBUCMiBt0AbZLj2wUEREREQkV9QDoAq/h5aKsi3h1/asOzP7aYWf7gx5n1nPHOM2//kG+tb7N3WXfippKgMcv/m/8n3zG9ueea9f1o77/fRqaAgQ6URneZKqcPFYkDJ6G2bETHiIiIiIichzaCu0C27IYkDiAAYkDnA4lZt3+jdtJpy8b5jzU7ntScnL4eGfnFvK+jhcNiAMMT2/cicN1/l9EREREJISUAOgqyyYnI8fpKGLS6emnc8moi/j3zJvbfc/g667DtGx2NHTtXLgrrl+X7pfwihswBbMzJR4iIiIiInJMSgB0kdt2c+GoC50OIyY9fP7DfHTDjR26Z/D06Xy2t+tzu7wpXR9EwiY+fRo6rSEiIiIiElpKAHSRbdv0T+zPwKSBTocSU16c/iIbFy3Campq9z29J0zAnZTEp7u6djDctm0MT98ujSFh5E7EkzRK5f8iIiIiIiGmBEAomDbnZZ7ndBQx46lpT7H37XfYXVbWofsyb7+dmn1d7wpnA4ZXCYBoFT/gfExTzRpEREREREJNCYAQcNkuHQNop9mTH6D3PpPqx37WsRtdLhIyMnivJgQJAFsJgGgWnz4N0zScDkNEREREpNtRAiAEbNumb3xf0pPTnQ4lql2SdQlnDPw6ld/5XofvHf3gg9QfCM2usA24PMkhGUtCzBWPJ/lklf+LiIiIiISBEgAhYtgG54843+kwolafuD7MOmMWH117fafu73vGGXy4IzQPhTctMJQAiErelDMxfY1OhyEiIiIi0i0pARAiLsvggpEXOB1G1Cq9ppRP58zp1L1D8/MJmDZ17e8XeFwWSgBEq6RRtxOwvU6HISIiIiLSLSkBECK2bdPL04shvYc4HUrUKb26lC9fe419q1d36v6BV1zBJ7tDVxJuWjaGOzFk40loePqcCp4+2LbtdCgiIiIiIt2SEgAhFGfEce0p1zodRlRZkLcA1+dfsvWppzt1f79zzsGIi6dqT+gSAAELXO6kkI0nodEro4CAFed0GCIiIiIi3ZYSACFkmxa5I3Pp5enldChR4abxNzE6cTjr7y3q9BjDb72VL/aHdkc4YBvYroSQjildY8QNwNNnHJYZmj4PIiIiIiJyJCUAQsz0B7hp/E1Oh+G40SmjmTF2Omtu/Fanx/CkpBA/aBAfbA/tM+FNCwyvegBEk17Dv41p6eNIRERERCSc9Bt3qFlwxZgrcBk9+1u76OKFrPluxx/319bo+++nrjG0i3+AgGWDSz0AoknCkCsJBLT7LyIiIiISTj17lRomB3wH+Oap33Q6DMc8f93zfF5cjK+mpkvjJJ96Kqu2h35R6LcAl86aR4uEIdcR8Dc7HYaIiIiISLenBEAYuCyD68d27nn3se5Xl/yKA2vW8uVLL3dpnIzbb6fJZ9LgD1FgbfgtMFzxoR9YOiUh49vo6L+IiIiISPgpARAmPl8z12Vf53QYEXXXGXcxyEpi48PzujzWgIsuZu3u8DwOzm/aGC49az4aeFMnYePVo/9ERERERCJACYAwMSyDG0+90ekwIuacYecwNTOXf+cXdHmsARdfjO1y8Xl96B7915bPtMFwh2Vs6Zj49GswLY/TYYiIiIiI9AhKAISRGTC57KTLnA4jIh6Y/AAfXn1NSMYaetNNbK4PyVBH5TdtjB7epDEaxKWejafPBCwrPIkeERERERE5nFZBYeSyXcwcP9PpMMLu5RkvUfXYYyEZKyEjA29KCmtqQ9/9v1WzCWCEbXxpn6Qx9+MP3z+ziIiIiIh8hRIA4WTb2JbF1JFTnY4kbJ654v+x++//oK6iIiTjjbz3Xmobwrsj7DNRBYDDEoZej2X00tl/EREREZEI0ioozLx4yZ+Y73QYYfHDnIdIrGtiy6JfhGzMpJNO4t2a8G4LN5kqOXda4sjb8fv17yAiIiIiEklKAISZbdu4bBenDznd6VBC6qqTr+K0/uOpvH1WyMYcVVREQ5OfQJjXhT6VnTsqcfTdBAL6RxARERERiTQlACIgnjgeOPcBp8MImf69+nPr127l4+unh3TclJwc1uwM6ZDH5YrrF7nJBADD24/4QZcRCHeWR0REREREjqAEQIT4/X7uPvNup8MIiWeueIbK738/pGMOuvZaTNtge5jP/7fl8qZEbC4JShpzP9r8FxERERFxhhIAEeK2XZw59ExO6X+K06F0ye+u+S3bX3qJhk8+Cem46dOn89neyDWEs20bw9M3YvMJuJPH4OkzEdM0nQ5FRERERKRHUgIgguJsLw+e96DTYXTaTy/4KdamL9j27LMhHTd53Dg8ycl8uityC0MbMLxKAERS8smzCZhup8MQEREREemxlACIoNaGgLd87RanQ+mwgtMKGBU/hM++f3/Ix86cNYua/ZHdFbZtJQAiKX7Q5die/liWzv6LiIiIiDhFCYAI89oeLhx5AcP7DHc6lHYbO2As15x8Nau/+a2wjN8rM5N3t0U4AQC4PMkRnbOnMjx9SBp9NwHT43QoIiIiIiI9mhIADvBYHh7KecjpMNrtJxf8hI9vLgjL2KMfeoh9ByLfFc60wFACICL6THwcn187/yIiIiIiTlMCwAG2bdPH25vrs693OpQTeuH6ZWz5n/8hsHt3WMbve+aZfLgj8k3hLJQAiIReGfngSVPpv4iIiIhIFFACwCFu282McTNITUh1OpRjeuLSJ2j48GN2vPZaWMYf8u1v4w9Y7G4Ky/DHZVo2hjsx8hP3IK5ew0gYegN+Ux8zIiIiIiLRQL+ZO8hlGvzw/B86HcZR3XvWvQzwxbNx/iNhm2PwVVfx6Z7IPfqvrYAFLneSI3P3FH0m/De+gD5iRERERESihX47d5BlWQzsNZBLR1/qdCiHOS/zPM4bPpm1heF7WkG/s8+GuHiq6pwpDQ/YBrYrwZG5e4Kk0fdg2r2wbWcSPCIiIiIiciQlABzmtT1cc8o1eF1ep0MBwIWL75/9fT68+pqwzjP81lv5Yp9z58JNCwyvegCEg6f3WLxpF2JahtOhiIiIiIhIG0oARIG+nr4UX1XsdBgAvDjjRT57JHxl/wCePn2IHzyYD76MfPO/VgHLBpd6AIRD7/E/w+fX4l9EREREJNooARAFDDvYD+CnF/zU0TiKryxm11//xt533w3rPKPuv589jZF/9F9bfgtwxTkaQ3fUe8J/49e5fxERERGRqKTf1KOEx/CQnjiYu8+625H5550/l/id9Xz+q1+Hfa4+Eyeyartzu/8QTAAYrnhHY+huEkffC/FZWJbO/YuIiIiIRCMlAKJIvBHP1wd/natOviqi816bfS3j+2Xzyaz/CPtcw7/3PZp8Jvv9YZ/quPymjRElfRe6g/j0K/GmTsG03U6HIiIiIiIix6AEQJTpRQLXZ1/PxEETIzJfenI6BRNu5uPpMyIyX9rFF7Nut/M7xD7TBkOL1VDw9BlPr8zv4LeUUBERERERiWYepwOQI8XbcczJmcOs/5vFrgO7wjrXksuXsPaee8I6R6v+F1yA7XKzpd7Z8//QUgFgKP/VVYanD30mLKSpyfl/UxERERGRnqyoqOiE12gFFKUMPzx1xVNhneN31/yOmuef50BVVVjnaTV0Zj6b90VkqhNqNgHUqb6r+p35vBb/IiIiIiIxQgmAKBZo9vPk5U+GZexFFy3C/GwTNb/9XVjG/6qE4cOJS01hzY7oWCz6TFQB0EV9T38Wf0BJFBERERGRWKEVUBQzMOjr6cMPz/thSMf97te/y3B3fzY8MENVP+4AABDgSURBVCek4x7PyHvuobYhOhb/AE2m5XQIMa33qT/Dcg3AsvR9FBERERGJFUoARDk3bk5JPYW7zrgrJONNHDiRy0dfypqbZoZkvPZKOvlkVtZEz2LRFz25iJiTdPKDWPEjMC3t/ouIiIiIxBIlAGKA1/YwMW0ihRMLuzzWI3mP8NFN3w5BVO034p57aGwK4Iue9f9Brrh+TocQU5LG/ABX37OwjSSnQxERERERkQ5SAiBG9PX24cIRF3DXmZ2vBHjh+hfY/KtfYe6LbCe+/lOmsHqn84/+OxqXN8XpEGJG0skP4ep7Lqalh4eIiIiIiMQiJQBiiAcPZ6dP4qGchzp875OXP8m+d1ey889/DkNkxzbo6qsxMdjeEH3b/7ZtY3j6Oh1GTEge+wjuvmdh2lr8i4iIiIjEKiUAYowXL+NSx/KzC3/W7nvuP/d++jbA5gU/CWNkR5c+YwZVe6Jz998GDK8SACeSPO4xSP4aAcvtdCgiIiIiItIFSgDEIDduMpMz2/WIwAtHXcjZg8+g8rbvRiCywyVlZ+NOTqZylxnxudvDtpUAOJE+E36BkTQOy9JHhYiIiIhIrNNv9bHKskmNS+W31/z2mJckeBL4jzP/gw+vuS6CgR0y4s47o7L0v5UNuDzJTocRtXpP/DV2/BhMLf5FRERERLoF/WYfyyybeDuOl2a8hNflPeLtP1z7B9bPnetAYEG9Rozg3W3RufsPYFpgKAFwVMljH8VOGIVp61F/IiIiIiLdhRIAMc62bczmAC9Mf4EBvQYcfP3ZK0vY+eab1L//viNxjZ4zh32Nfkfmbi8LJQC+yhWXRso5b0DSRKzozd2IiIiIiEgnKAHQTfiamlkybQlZKVk8MuURPNt38/mSE/cICJd+kybx0c7oLf8HMC0bw53odBhRw9v/PPqeUUqzDyzt/IuIiIiIdDt6plc3YvssHrvgMcx9+1h7282OxTHkppvwmxa7DjgWQrsELEhwJzkdRlRIHDULb9pFNDdH5xMbRERERESk61QB0M1YPhOPO45R99/vWAwDr7qKT+qifyEZsA1sV4LTYTiuz8Rf4R5wMX4zzulQREREREQkjJQA6IZMj4fkM85gQkkJ7t69Izp337POwhWfQFVddJf/Q0sTQG/P7QHgih9IytmvY8WNxLSObCIpIiIiIiLdixIA3ZQF2MnJnFZaSsq550Zs3uG33sbW/dG/+AcIWDa4emYPgLj+OfT9+m9o9ruwbH0MiIiIiIj0BPrNvxuzbZvmQICMu+5ixN13h30+V3IyCUPSeX97bLSP91uAq+eVvSeNvpteWffQ7NePv4iIiIhIT6IVQA9gejz0nTyZ8U89Ra8RI8I2z+gHHmBPYyBs44ea3wLDFe90GBHj6Xc6Kee8gTslF7/Vy+lwREREREQkwpQA6CFMgNRUTvn5z8mYNSssc/SZOJH3v4yN3X8Av2ljuHrG2ffkUx4m+eQHafZBwO55VQ8iIiIiIqIEQI9i2zZ+2yYlL4/TnnuO5OzskI097Dvfodlvss8XsiHDzmfaYLidDiOsvP0nkzr5b9DnDHxmz6l2EBERERGRIykB0AOZto3p8XDSf/0XI4uKQjLmwEsuYd2u6H/0X1t+08YwuuuPgIve435CYtZ9NDX5sKzunegQEREREZET666rHzkB27bxWxZ9Jk/m1Keeon9eXqfHSp06FTwequtjo/t/q2YTwHA6jJCLG3ghqZP/Conj8FsJTocjIiIiIiJRQgmAHs4MBCAlhYxZs5jwzDMkjx3b4TGGzZzJ5vrY2v0H8Jl0qwoAT+9xJI97lIQRd9DU1Ixpa9dfREREREQO8TgdgEQHv21j9OvHST/6EQc2bKDqscfw19Wd8L74IUOI6z+A1eubIxBlaDWZsVWxcCzupCwSR83C1SsT004gYHWfpIaIiIiIiISOEgBykG1Z+IG4MWMY/5vfsKu8nOpf/vK494y89152NsTOo//a8sVm2Ae5EoaQOGoW3t5j8Vtx+LXwFxERERGR41ACQI5gmSY+IGXKFFLOOYe6igo+f+YZrKamI65Nzs7mH5/F3u5/W664fli+PU6H0W6GN5XEUXcQl3oWgYBBs6lSfxEREREROTElAOSYAqYJbjcpU6cy4KKL2P3WW3xRXHzwaMCIu++msSmAL8Yr6V3elNhIALjiSRx1J/EDp+IPWDT7tfAXEREREZH2UwJATihgmgRMkz6TJzP+3HPZu3IlX5SWkjoll5U7Yq/5X1u2bWN4+jodxnG5k8eQMORavCmnY1oemn0GoMW/iIiIiIh0jBIA0m6maWICyWeeybgzzsCywYjxp+jZgOGNzgRA/ODLSRg6HcPTh4Adh8/UGX8REREREek8JQCkw1oTAS4XTEjzcMYQL1v2mlTvMdndFFsVAbYdXQkAd1IWCUOuJn7wNAIHagkYvbHN2PqeioiIiIhIdFICQDrNsiywfDQHID3Rw+AkLxgGG+sCbNlrciAGuuzbgMuT7HQYxA28mIRh03F7++O3PTQdOAAkBzMUIiIiIiIiIaAEgISEFQgAAQzDYFQfDyelxrPfZ7GxzmRLffR2CTQtMJxIALji8KaeTXz/yXj7n4Ppb8Q0ehMwo/d7JSIiIiIisU0JAAkp27bB9BMw/SS6XIwb4OHr6V627bOo3hNgd5ONP4rWuBaRqwBwJQwNLvoH5uJOHoPZvBubxJamfklgR9E3RkREeqT8gkKnQxARaZdnznQ6gtikBICETesRgaYApMW7SR3kxutx0WxCbaPFjgaLnY0WzaZzMZqWjdudGLbxPX2/RnzaeXj752C44jEtG8uOI9DkB3qHbV4REREREZGvUgJAIsI0TcDEb4LbMEhPdDMo0YXH7SVg2exosKhttNh1wKLRH7m4AhYkuJNCMpbhTcWTfBKe3qfgTswkbsB5WIFGTBLwm2abZn7a6RcRERERkchTAkAizrZt7ECwQ2AgAIZhMLiXi4GJHtxuD5YNOxttavaZNJvQ6Ldp9NuEox1ewDawXQkdvs+VkI47aTTevhPw9DkVd2ImhuHGNP3YRhyWadHU5CP4IxYD3RBFRERERKTbUwJAHGfbNnZLhYAZAAyDgfEu+sW5cLlcuF0GcW6DpoDNfp99MCHQGDiUHGj0dy49YFpgeA/vAWC44jHiUnG1/vGmYnhTcfcahDtpDK5eQwELy7Sw8WJZFgGfBcGHI6IFv4iIiIiIRCMlACT62DamaeLGBCtYMN9EsFKgj9ugl2HQN84FGLhdLrxug3iPQVMA9jRbxLtai+wNLMvGCg6JTUuyoc3fg08uHEif05a0LPb7guHGNpuxLH+wqSFucMVh2y5M28Z/sGmBgRb7IiIiIiISK5QAkJhh2za2beOGYHIAwAo2z29q6RvQz/WVm776968ywY8XPJnBrEGzRcuzAYD4Q9dZdvBiERERERGRGHWi5ZGIiIiIiIiIdANKAIiIiIiIiIj0AEoAiIiIiIiIiPQASgCIiIiIiIiI9ABqAigiIiIi4XPHQpZNGdrylwbWltzK/DcdjeiQOxaybAr8/YYiFh/rmksfpng6vHDLj3jjeOOctIEZ9y0JT5zSPVz6MMUFY0k66psh+tm49GGKCzLZ3Jmx2sbXsI6S4/03zx384vnRfHa0n50OjSORpgoAEREREQmPSx+meEo/1pbcyIwbbqRkLYwrWMgsB0Oateg5li26o51XX8rc6ZlsfuEEC5glRfyd8/lFe4eVnunNH1F4Q/BnYUbJOhpoOPizMeOG4y/YO/bfbWdcytzpY2Hts8y44VnWMpbpD196nMvT6Newl81dHUciTgkAEREREQmPN39EYZuFzRsrq2mgH2mxsh644wLG7VnVrp3UxX9dR78zHuay8EclEnqXnsGIpAY2r3wTeJP5K7eSNOKMY/73fNkZmbB55ZGJsQ6OI5GnIwAiIiIiEhGXnZFJUkM1K4+2oG4px1+7th/jxgWLpLf+/UY+O+k5Wk8QbP37jdzbWmV/WDl1m/LplhLoPVth6NCWYuutbzHjviVc9vAzLWOdz7JFMOOz4NtpDz/DspY5G9Y++//bu3+YNs88DuDfStfJQ7xEauXhHOlYzmvoCqrawZnb3BhyncjGZQ8Ke5QtnvLnbgLSGQ+tKroeXclCpJDBuUoszuCpQzrYENtnG4cAhryfzwjmeR9Lz/uK5/f+fr8nt9e6E7wzV0lr7+7QHMeUMzQP0l66nvl6snVRShy4ZJbzcGMhhyvscL3/37r9V2NoLQ6u2/HDP8jm/NvRKfnVKymlnYP+IUpXUh05UD3z1WT/+YjrfdA4zIIMAAAAzlb9Xp5urGepVkprZ1I6fSXV/NgrF+iksrieub1uivR2K6kcvWFfzsOlv6e9Pa60oJRKfnufal3ppudvrf2Q7VaOAgLD17y53Uqp9l1W691rzFU6aR/lOC/nYV85w83tdmrf97/xb2SvVUp1/rKkN3Cx1LP6ZCHl3X8frcXK4uOs1ket2+G12Eqp9s3xpTWNu7k5qR6/P6V//206Yweqplwa2uSfaBxmQQAAAICzdVj7/OxFyovrE2rlW9npvcXcOmgnaWWvt0/fb/dtI5b/lkrf77bWfksrlcwdjdvJ7k+9XzYP0p44uffXHNis1K+mPPwmM6XUvu1dZMxmqlT2rpMTGEidT9L4ObudcQGlRlb6SmtuXC2f2zSTdO+/1svxjTO50JQAAABwPppr2fl2PYtzy0lO3jH/xtVy0nk9ogHZWWpk5R/Jw42FbG4sdH80kEnQC1Kc816MT8So1Pmx6ll9ciu9qpV0Oqf0jr0/Vb96ZcxpBd37r9OecPdNOQ6zIQMAAIBzUs/VciZvHqawddCeUV1xIyv9Xdwrg53/q2VbHU5o/+30DTKXv0mt1Mp2by3e3pmc4zL99YeM6fI/X837TIUTj8OsCAAAAHA26vfydONxr6Y+vY1LZ/zmYVqNlwMp/zfuXR8oCTgVzYO0+zdkw9+leZB2+nsEdH1scIOCau5kvz/l/9h75XBt1rM6XxnzmQ+9fiXz9+pHY3bGdfnPmEaeHzIOMyMAAADA2Wiu5fZ2O7Wl9WxurGdzsZLW9uTzzqfTyEqvn8DmxnqWasnus7tT1SQ/2msllYVsPjnuyL5uU7+jkv7h77KxkPLuj33fpds08KODGxRUM/f/+WvatVsj75WBddvrD9Bdi98lOy+myx5YfjBh3Tdz//mLpHYrmxu3UsuLPB91qkD1Skrtgwkb+inHYWY+e/fu3bvTHPDVq1f58osvTvz3fzz6Okny+Z1fTmtKAGfq8Ll1yPMLuCyGn18//PevM5rJBbX8IJtzLwfq/Cd+dtwRa8Cpe/zV6ySX9/+u//3+e65du3aqY7558+bYz8gAAACAURo/Z7d8/X3a/wR35irHHHEIMHsCAAAAMFIz95+/TvX7Y8oFlh9kMb9m5TR7EACcAccAAgDAOM213D6uhLlxNzfPZTIAH0cGAAAAABSAAAAAAAAUgAAAAAAAFIAAAAAAABSAAAAAAAAUgAAAAAAAFIAAAAAAABSAAAAAAAAUgAAAAAAAFMBfZj0BAAAuhv88ezrrKQBM5Y9HX896CpeSDAAAAAAoAAEAAAAAKAABAAAAACgAAQAAAAAoAAEAAAAAKIALewqAro7AZeX5BVxWnl8AnzYZAAAAAFAAFy4D4PM7v8x6CgAAAPDJkQEAAAAABSAAAAAAAAUgAAAAAAAFIAAAAAAABSAAAAAAAAUgAAAAAAAFIAAAAAAABfAnO2411e+qejoAAAAASUVORK5CYII=" height="600" width="800" />
Actual:6-->Expected:6]]>
  </system-out>
</testsuite> <!-- testcases.DashboardTest -->
